[21-53-17] [ENTRY]: [Nathan]
[21-53-17] [SYSTEM_IO]: System data pared in IOUtil's static block
[21-53-17] [SYSTEM_IO]: Suggestions pared in IOUtil's static block
[21-53-17] [SYSTEM_IO]: Exit conditions pared in IOUtil's static block
[21-53-17] [SYSTEM_IO]: DebugHashes pared in IOUtil's static block
[21-53-19] [LOGIN]: [AUTOCYPHER ATTEMPT]
[21-53-19] [JAVA ARGS]: [LOCATION] [La casa de Nathan]
[21-53-19] [LOGIN]: [[AUTOCYPHER PASS]: e5a50641-21d1-3654-b738-c0e4b2dc61b1]
[21-53-19] [SYSTEM_IO]: Userdata requested: RandomBackground
[21-53-19] [SYSTEM_IO]: Userdata requested: FullScreen
[21-53-19] [SYSTEM_IO]: Userdata requested: fullscreen
[21-53-19] [SYSTEM_IO]: Userdata requested: FullScreen [2x]
[21-53-20] [SYSTEM_IO]: Userdata requested: OutputBorder
[21-53-20] [SYSTEM_IO]: Userdata requested: FullScreen
[21-53-20] [SYSTEM_IO]: Userdata requested: InputBorder
[21-53-20] [SYSTEM_IO]: Userdata requested: OutputFill
[21-53-20] [SYSTEM_IO]: Userdata requested: InputFill
[21-53-20] [ACTION]: CyderFrame disposed with fastclose: true, CyderFrame: Component name = [cyder.ui.CyderFrame], bounds = [(980, 396, 600, 600)], hash = [2124290954], parentFrame = [Object itself is the top level frame], associated text = [No getText() method found], tooltip text = [No getTooltipText() method found], title = [Cyder Splash]
[21-53-20] [ACTION]: Console loaded in 2782ms
[21-53-20] [SYSTEM_IO]: Userdata requested: DebugWindows
[21-53-20] [ENTRY]: [TESTING MODE]
[21-53-20] [SYSTEM_IO]: Userdata requested: laststart
[21-53-20] [ACTION]: [Stellar Cyder [Nathan]] [NOTIFICATION] Console loaded in 2782ms
[21-53-20] [SYSTEM_IO]: Userdata requested: persistentnotifications
[21-54-24] [SYSTEM_IO]: Userdata requested: Background [7x]
[21-54-28] [SYSTEM_IO]: Userdata requested: minimizeonclose
[21-54-28] [ACTION]: CyderFrame disposed with fastclose: false, CyderFrame: Component name = [cyder.ui.ConsoleFrame], bounds = [(1136, 303, 996, 655)], hash = [707157673], parentFrame = [Object itself is the top level frame], associated text = [No getText() method found], tooltip text = [No getTooltipText() method found], title = [Stellar Cyder [Nathan]]
[21-54-28] [SYSTEM_IO]: Userdata requested: closeanimation
[21-54-28] [EXIT]: [RUNTIME] 1m 11s
[21-54-28] [EOL]: Log completed, exiting Cyder with exit code: 25 [Genesis Controlled Exit], exceptions thrown: 0
