[22-05-23] [ENTRY]: [Nathan]
[22-05-23] [SYSTEM_IO]: System data pared in IOUtil's static block
[22-05-23] [SYSTEM_IO]: Suggestions pared in IOUtil's static block
[22-05-23] [SYSTEM_IO]: Exit conditions pared in IOUtil's static block
[22-05-23] [SYSTEM_IO]: DebugHashes pared in IOUtil's static block
[22-05-25] [LOGIN]: [AUTOCYPHER ATTEMPT]
[22-05-25] [JAVA ARGS]: [LOCATION] [La casa de Nathan]
[22-05-25] [LOGIN]: [[AUTOCYPHER PASS]: e5a50641-21d1-3654-b738-c0e4b2dc61b1]
[22-05-25] [SYSTEM_IO]: Userdata requested: RandomBackground
[22-05-25] [SYSTEM_IO]: Userdata requested: FullScreen
[22-05-25] [SYSTEM_IO]: Userdata requested: fullscreen
[22-05-26] [SYSTEM_IO]: Userdata requested: FullScreen [2x]
[22-05-26] [SYSTEM_IO]: Userdata requested: OutputBorder
[22-05-26] [SYSTEM_IO]: Userdata requested: FullScreen
[22-05-26] [SYSTEM_IO]: Userdata requested: InputBorder
[22-05-26] [SYSTEM_IO]: Userdata requested: OutputFill
[22-05-26] [SYSTEM_IO]: Userdata requested: InputFill
[22-05-26] [ACTION]: CyderFrame disposed with fastclose: true, CyderFrame: Component name = [cyder.ui.CyderFrame], bounds = [(980, 396, 600, 600)], hash = [1190134102], parentFrame = [Object itself is the top level frame], associated text = [No getText() method found], tooltip text = [No getTooltipText() method found], title = [Cyder Splash]
[22-05-26] [ACTION]: Console loaded in 2939ms
[22-05-26] [SYSTEM_IO]: Userdata requested: DebugWindows
[22-05-26] [ENTRY]: [TESTING MODE]
[22-05-26] [SYSTEM_IO]: Userdata requested: laststart
[22-05-26] [ACTION]: [Stellar Cyder [Nathan]] [NOTIFICATION] Console loaded in 2939ms
[22-05-26] [SYSTEM_IO]: Userdata requested: persistentnotifications
[22-05-30] [THREAD STARTED]: Background Switcher [2x]
[22-06-06] [EOL]: Log completed, Cyder crashed unexpectedly: exit code: -200 [External Stop], exceptions thrown: 0
