[22-16-38] [ENTRY]: [Nathan]
[22-16-39] [SYSTEM_IO]: Suggestions pared in IOUtil's static block
[22-16-39] [SYSTEM_IO]: Exit conditions pared in IOUtil's static block
[22-16-39] [SYSTEM_IO]: DebugHashes pared in IOUtil's static block
[22-16-39] [JAVA ARGS]: [LOCATION] [La casa de Nathan]
[22-16-39] [LOGIN]: [AUTOCYPHER ATTEMPT]
[22-16-39] [LOGIN]: [[AUTOCYPHER PASS]: e5a50641-21d1-3654-b738-c0e4b2dc61b1]
[22-16-40] [SYSTEM_IO]: Userdata requested: RandomBackground
[22-16-40] [SYSTEM_IO]: Userdata requested: FullScreen
[22-16-40] [SYSTEM_IO]: Userdata requested: fullscreen
[22-16-40] [SYSTEM_IO]: Userdata requested: FullScreen
[22-16-40] [SYSTEM_IO]: Userdata requested: FullScreen
[22-16-40] [SYSTEM_IO]: Userdata requested: OutputBorder
[22-16-40] [SYSTEM_IO]: Userdata requested: FullScreen
[22-16-40] [SYSTEM_IO]: Userdata requested: InputBorder
[22-16-40] [SYSTEM_IO]: Userdata requested: OutputFill
[22-16-40] [SYSTEM_IO]: Userdata requested: InputFill
[22-16-40] [THREAD STARTED]: High Ping Checker
[22-16-40] [THREAD STARTED]: Hourly Chime Checker
[22-16-40] [THREAD STARTED]: Console Clock Updater
[22-16-40] [THREAD STARTED]: Cyder Busy Checker
[22-16-40] [THREAD STARTED]: Json Data Saver
[22-16-40] [ACTION]: Console loaded in 2346ms
[22-16-40] [SYSTEM_IO]: Userdata requested: DebugWindows
[22-16-40] [ENTRY]: [TESTING MODE]
[22-16-40] [SYSTEM_IO]: Userdata requested: laststart
[22-16-40] [ACTION]: CyderFrame disposed with fastclose: true, CyderFrame: Component name = [cyder.ui.CyderFrame], bounds = [(980, 396, 600, 600)], hash = [1688652010], parentFrame = [Object itself is the top level frame], associated text = [No getText() method found], tooltip text = [No getTooltipText() method found], title = [Cyder Splash]
[22-16-40] [ACTION]: [Insomnia Cyder [Nathan]] [NOTIFICATION] Console loaded in 2346ms
[22-16-41] [SYSTEM_IO]: Userdata requested: persistentnotifications
[22-16-42] [CLIENT]: pizza
[22-16-42] [SYSTEM_IO]: Userdata requested: filterchat
[22-16-43] [WIDGET OPENED]: PIZZA
[22-16-43] [HANDLE]: PRIMARY HANDLE
[22-16-43] [CONSOLE_OUT]: [STRING] Opening widget: cyder.widgets.PizzaWidget
[22-16-45] [ACTION]: Component name = [cyder.ui.CyderCheckbox], bounds = [(185, 135, 50, 50)], hash = [698906328], parentFrame = [Pizza], associated text = [No getText() method found], tooltip text = [No getTooltipText() method found], title = [No getTitle() method found]
[22-16-50] [ACTION]: Component name = [cyder.ui.CyderCheckbox], bounds = [(315, 505, 50, 50)], hash = [1110648619], parentFrame = [Pizza], associated text = [No getText() method found], tooltip text = [No getTooltipText() method found], title = [No getTitle() method found]
[22-16-50] [ACTION]: Component name = [cyder.ui.CyderCheckbox], bounds = [(165, 505, 50, 50)], hash = [675780355], parentFrame = [Pizza], associated text = [No getText() method found], tooltip text = [No getTooltipText() method found], title = [No getTitle() method found]
[22-16-51] [ACTION]: Component name = [cyder.ui.CyderCheckbox], bounds = [(445, 505, 50, 50)], hash = [636845172], parentFrame = [Pizza], associated text = [No getText() method found], tooltip text = [No getTooltipText() method found], title = [No getTitle() method found]
[22-16-56] [ACTION]: Component name = [cyder.ui.CyderButton], bounds = [(80, 740, 200, 40)], hash = [2058253301], parentFrame = [Pizza], associated text = [Place Order], tooltip text = [No getTooltipText() method found], title = [No getTitle() method found]
[22-16-56] [ACTION]: [Pizza] [NOTIFICATION] Sorry, but you must enter a name.
[22-16-56] [SYSTEM_IO]: Userdata requested: persistentnotifications
[22-16-58] [ACTION]: Component name = [cyder.ui.CyderTextField], bounds = [(140, 40, 400, 40)], hash = [1683902130], parentFrame = [Pizza], associated text = [No getText() method found], tooltip text = [No getTooltipText() method found], title = [No getTitle() method found]
[22-16-59] [ACTION]: Component name = [cyder.ui.CyderButton], bounds = [(80, 740, 200, 40)], hash = [2058253301], parentFrame = [Pizza], associated text = [Place Order], tooltip text = [No getTooltipText() method found], title = [No getTitle() method found]
[22-17-05] [ACTION]: Component name = [cyder.ui.DragLabel], bounds = [(2, 2, 149, 28)], hash = [1800987111], parentFrame = [], associated text = [No getText() method found], tooltip text = [No getTooltipText() method found], title = [No getTitle() method found]
[22-17-05] [ACTION]: CyderFrame disposed with fastclose: false, CyderFrame: Component name = [cyder.ui.CyderFrame], bounds = [(1803, 261, 153, 656)], hash = [1085404462], parentFrame = [Object itself is the top level frame], associated text = [No getText() method found], tooltip text = [No getTooltipText() method found], title = [No getTitle() method found]
[22-17-05] [SYSTEM_IO]: Userdata requested: closeanimation
[22-17-06] [ACTION]: Component name = [cyder.ui.DragLabel], bounds = [(2, 2, 596, 28)], hash = [890426336], parentFrame = [Pizza], associated text = [No getText() method found], tooltip text = [No getTooltipText() method found], title = [No getTitle() method found]
[22-17-07] [ACTION]: Component name = [cyder.ui.DragLabel], bounds = [(2, 2, 596, 28)], hash = [890426336], parentFrame = [Pizza], associated text = [No getText() method found], tooltip text = [No getTooltipText() method found], title = [No getTitle() method found]
[22-17-13] [ACTION]: Component name = [cyder.ui.DragLabel], bounds = [(2, 2, 596, 28)], hash = [890426336], parentFrame = [Pizza], associated text = [No getText() method found], tooltip text = [No getTooltipText() method found], title = [No getTitle() method found]
[22-17-13] [ACTION]: CyderFrame disposed with fastclose: false, CyderFrame: Component name = [cyder.ui.CyderFrame], bounds = [(1196, 291, 600, 800)], hash = [65244031], parentFrame = [Object itself is the top level frame], associated text = [No getText() method found], tooltip text = [No getTooltipText() method found], title = [Pizza]
[22-17-13] [SYSTEM_IO]: Userdata requested: closeanimation
[22-17-15] [SYSTEM_IO]: Userdata requested: minimizeonclose
[22-17-15] [ACTION]: CyderFrame disposed with fastclose: false, CyderFrame: Component name = [cyder.ui.ConsoleFrame], bounds = [(1419, 275, 996, 655)], hash = [1991371192], parentFrame = [Object itself is the top level frame], associated text = [No getText() method found], tooltip text = [No getTooltipText() method found], title = [Insomnia Cyder [Nathan]]
[22-17-15] [SYSTEM_IO]: Userdata requested: closeanimation
[22-17-15] [EXIT]: [RUNTIME] 36s
[22-17-15] [EOL]: Log completed, exiting Cyder with exit code: 25 [Genesis Controlled Exit], exceptions thrown: 0
