          _____                _____                    _____                    _____                    _____
         /\    \              |\    \                  /\    \                  /\    \                  /\    \
        /::\    \             |:\____\                /::\    \                /::\    \                /::\    \
       /::::\    \            |::|   |               /::::\    \              /::::\    \              /::::\    \
      /::::::\    \           |::|   |              /::::::\    \            /::::::\    \            /::::::\    \
     /:::/\:::\    \          |::|   |             /:::/\:::\    \          /:::/\:::\    \          /:::/\:::\    \
    /:::/  \:::\    \         |::|   |            /:::/  \:::\    \        /:::/__\:::\    \        /:::/__\:::\    \
   /:::/    \:::\    \        |::|   |           /:::/    \:::\    \      /::::\   \:::\    \      /::::\   \:::\    \
  /:::/    / \:::\    \       |::|___|______    /:::/    / \:::\    \    /::::::\   \:::\    \    /::::::\   \:::\    \
 /:::/    /   \:::\    \      /::::::::\    \  /:::/    /   \:::\ ___\  /:::/\:::\   \:::\    \  /:::/\:::\   \:::\____\
/:::/____/     \:::\____\    /::::::::::\____\/:::/____/     \:::|    |/:::/__\:::\   \:::\____\/:::/  \:::\   \:::|    |
\:::\    \      \::/    /   /:::/~~~~/~~      \:::\    \     /:::|____|\:::\   \:::\   \::/    /\::/   |::::\  /:::|____|
 \:::\    \      \/____/   /:::/    /          \:::\    \   /:::/    /  \:::\   \:::\   \/____/  \/____|:::::\/:::/    /
  \:::\    \              /:::/    /            \:::\    \ /:::/    /    \:::\   \:::\    \            |:::::::::/    /
   \:::\    \            /:::/    /              \:::\    /:::/    /      \:::\   \:::\____\           |::|\::::/    /
    \:::\    \           \::/    /                \:::\  /:::/    /        \:::\   \::/    /           |::| \::/____/
     \:::\    \           \/____/                  \:::\/:::/    /          \:::\   \/____/            |::|  ~|
      \:::\    \                                    \::::::/    /            \:::\    \                |::|   |
       \:::\____\                                    \::::/    /              \:::\____\               \::|   |
        \::/    /                                     \::/____/                \::/    /                \:|   |
         \/____/                                       ~~                       \/____/                  \|___|


[13-13-07.815] [ENTRY]: Nathan
[13-13-07.690] [DEBUG]: Found prop file: props\propkeys.ini
[13-13-07.713] [DEBUG]: Found prop file: props\props.ini
[13-13-07.730] [PROP LOADED]: [key = map_quest_api_key]
[13-13-07.730] [PROP LOADED]: [key = youtube_api_3_key]
[13-13-07.730] [PROP LOADED]: [key = ip_key]
[13-13-07.730] [PROP LOADED]: [key = weather_key]
[13-13-07.731] [PROP LOADED]: [key = debug_hash_name, value = Nathan]
[13-13-07.731] [PROP LOADED]: [key = debug_hash_password, value = 571b100a3b69f7b09828c0b61d325b15e52c512c14fdcf6d248f7c
               a733d0a7f6]
[13-13-07.732] [PROP LOADED]: [key = default_weather_location, value = Austin,Tx,USA]
[13-13-07.733] [PROP LOADED]: [key = ignore_data, value = typinganimation,showseconds,roundedwindows,windowcolor,audiole
               ngth,capsmode,typingsound,showbusyicon,clockonconsole,consoleclockformat]
[13-13-07.733] [PROP LOADED]: [key = font_metric, value = 1]
[13-13-07.733] [PROP LOADED]: [key = max_font_size, value = 50]
[13-13-07.733] [PROP LOADED]: [key = min_font_size, value = 25]
[13-13-07.733] [PROP LOADED]: [key = released, value = false]
[13-13-07.733] [PROP LOADED]: [key = version, value = Liminal]
[13-13-07.733] [PROP LOADED]: [key = release_date, value = 22.7.4]
[13-13-07.734] [PROP LOADED]: [key = components_relocatable, value = false]
[13-13-07.734] [PROP LOADED]: [key = testing_mode, value = true]
[13-13-07.734] [PROP LOADED]: [key = autocypher, value = true]
[13-13-07.734] [PROP LOADED]: [key = dispose_splash, value = true]
[13-13-07.734] [PROP LOADED]: [key = wipe_logs_on_start, value = true]
[13-13-07.734] [PROP LOADED]: [key = activate_watchdog, value = false]
[13-13-07.734] [PROP LOADED]: [key = ffmpeg_audio_output_format, value = mp3]
[13-13-07.734] [PROP LOADED]: [key = printing_animation_char_timeout, value = 8]
[13-13-07.735] [PROP LOADED]: [key = printing_animation_line_timeout, value = 100]
[13-13-07.735] [PROP LOADED]: [key = ui_scale, value = 1]
[13-13-07.735] [PROP LOADED]: [key = auto_trigger_similar_commands, value = true]
[13-13-07.735] [PROP LOADED]: [key = auto_trigger_similar_command_tolerance, value = 0.95]
[13-13-07.750] [DEBUG]: Jar mode set as: FALSE
[13-13-07.798] [DEBUG]: Loaded 131 static resources
[13-13-07.808] [DEBUG]: Loaded 16 static folders
[13-13-07.875] [THREAD STARTED]: Object Creation Logger
[13-13-08.037] [DEBUG]: Watchdog skipped
[13-13-08.045] [LOADING MESSAGE]: Registering fonts
[13-13-08.434] [FONT LOADED]: agency-fb
[13-13-08.437] [FONT LOADED]: arial-black
[13-13-08.439] [FONT LOADED]: beyno
[13-13-08.440] [FONT LOADED]: condiment-regular
[13-13-08.441] [FONT LOADED]: prompt-bold
[13-13-08.443] [FONT LOADED]: segoe-ui-black
[13-13-08.445] [FONT LOADED]: tahoma
[13-13-08.446] [LOADING MESSAGE]: Ensuring singular instance
[13-13-08.448] [THREAD STARTED]: Singular Cyder Instance Ensurer
[13-13-08.449] [DEBUG]: Starting instance socket on port 5150
[13-13-08.949] [LOADING MESSAGE]: Ensuring OS is supported
[13-13-08.951] [LOADING MESSAGE]: Creating dynamics
[13-13-08.952] [SYSTEM IO]: Requested deletion of: C:\Users\Nathan\Documents\IntelliJava\Cyder\dynamic\tmp
[13-13-08.975] [LOADING MESSAGE]: Validating users
[13-13-09.117] [USER GET]: key = name, value = Nathan
[13-13-09.118] [USER GET]: key = intromusic, value = 0
[13-13-09.119] [USER GET]: key = fontsize, value = 27
[13-13-09.119] [USER GET]: key = outputfill, value = 0
[13-13-09.120] [USER GET]: key = filterchat, value = 1
[13-13-09.121] [USER GET]: key = outputborder, value = 0
[13-13-09.121] [USER GET]: key = laststart, value = 1661100480995
[13-13-09.122] [USER GET]: key = minimizeonclose, value = 0
[13-13-09.123] [USER GET]: key = debugwindows, value = 0
[13-13-09.123] [USER GET]: key = silenceerrors, value = 1
[13-13-09.125] [USER GET]: key = inputborder, value = 0
[13-13-09.125] [USER GET]: key = fullscreen, value = 0
[13-13-09.126] [USER GET]: key = pass, value = 1b0a051deaadc2e793bfe185cd81a74b9c56f75bd713f28507d1abd99332a28
[13-13-09.127] [USER GET]: key = hourlychimes, value = 1
[13-13-09.128] [USER GET]: key = inputfill, value = 0
[13-13-09.129] [USER GET]: key = wrapshell, value = 0
[13-13-09.130] [USER GET]: key = doanimations, value = 1
[13-13-09.130] [USER GET]: key = youtubeuuid, value = aaaaaaaaaiI
[13-13-09.131] [USER GET]: key = darkmode, value = 0
[13-13-09.132] [USER GET]: key = compacttextmode, value = 0
[13-13-09.133] [USER GET]: key = mappedexecutable, value = []
[13-13-09.327] [USER GET]: key = screenstat, value = ScreenStat, hash = 1364767791, reflection data = class = ScreenStat
               , getConsoleHeight = 914, getMonitor = 0, getConsoleY = 411, getConsoleX = 277, getConsoleWidth = 718, getConsoleDirecti
               on = TOP, getClass = class cyder.user.ScreenSt
[13-13-09.328] [USER GET]: key = loggedin, value = 0
[13-13-09.329] [USER GET]: key = randombackground, value = 0
[13-13-09.330] [USER GET]: key = persistentnotifications, value = 0
[13-13-09.331] [USER GET]: key = foreground, value = f0f0f0
[13-13-09.332] [USER GET]: key = Font, value = Agency FB
[13-13-09.333] [USER GET]: key = background, value = f0f0f0
[13-13-09.333] [USER GET]: key = mappedexecutable, value = []
[13-13-09.334] [USER GET]: key = screenstat, value = ScreenStat, hash = 1364767791, reflection data = class = ScreenStat
               , getConsoleHeight = 914, getMonitor = 0, getConsoleY = 411, getConsoleX = 277, getConsoleWidth = 718, getConsoleDirecti
               on = TOP, getClass = class cyder.user.ScreenSt
[13-13-09.349] [USER GET]: key = name, value = Nathan
[13-13-09.350] [LOADING MESSAGE]: Cleaning users
[13-13-09.354] [LOADING MESSAGE]: Validating props
[13-13-09.355] [LOADING MESSAGE]: Validating Widgets
[13-13-09.752] [LOADING MESSAGE]: Validating Tests
[13-13-09.757] [LOADING MESSAGE]: Validating Vanilla annotations
[13-13-09.769] [LOADING MESSAGE]: Validating Handles
[13-13-09.782] [THREAD STARTED]: Splash Loader
[13-13-09.784] [THREAD STARTED]: Sufficient Subroutine Executor
[13-13-09.785] [LOADING MESSAGE]: Logging JVM args
[13-13-09.787] [THREAD STARTED]: JVM Args Logger
[13-13-09.803] [LOADING MESSAGE]: Checking for an AutoCypher
[13-13-09.805] [LOGIN]: AutoCypher Attempt
[13-13-09.806] [LOADING MESSAGE]: Auto Cyphering
[13-13-09.808] [USER GET]: key = name, value = Nathan
[13-13-09.810] [USER GET]: key = name, value = Nathan
[13-13-09.845] [USER GET]: key = pass, value = 1b0a051deaadc2e793bfe185cd81a74b9c56f75bd713f28507d1abd99332a28
[13-13-10.005] [USER GET]: key = darkmode, value = 0
[13-13-10.015] [USER GET]: key = darkmode, value = 0
[13-13-10.083] [THREAD STARTED]: Splash Animation
[13-13-10.357] [UNIQUE OBJECT CREATED]: Console singleton constructed
[13-13-10.361] [USER GET]: key = name, value = Nathan
[13-13-10.559] [DEBUG]: Cyder Entry = AutoCypher
[13-13-10.878] [OBJECT CREATION]: Objects created since last delta (5000ms): 87
[13-13-10.934] [USER GET]: key = name, value = Nathan
[13-13-10.936] [USER GET]: key = randombackground, value = 0
[13-13-10.936] [USER GET]: key = fullscreen, value = 0
[13-13-11.068] [USER GET]: key = fullscreen, value = 0
[13-13-11.069] [USER GET]: key = fullscreen, value = 0
[13-13-11.070] [USER GET]: key = name, value = Nathan
[13-13-11.142] [USER GET]: key = foreground, value = f0f0f0
[13-13-11.143] [USER GET]: key = foreground, value = f0f0f0
[13-13-11.147] [USER GET]: key = foreground, value = f0f0f0
[13-13-11.148] [USER GET]: key = Font, value = Agency FB
[13-13-11.149] [USER GET]: key = fontsize, value = 27
[13-13-11.166] [USER GET]: key = outputborder, value = 0
[13-13-11.167] [USER GET]: key = outputfill, value = 0
[13-13-11.188] [USER GET]: key = inputborder, value = 0
[13-13-11.191] [USER GET]: key = foreground, value = f0f0f0
[13-13-11.192] [USER GET]: key = foreground, value = f0f0f0
[13-13-11.193] [USER GET]: key = foreground, value = f0f0f0
[13-13-11.194] [USER GET]: key = Font, value = Agency FB
[13-13-11.195] [USER GET]: key = fontsize, value = 27
[13-13-11.197] [USER GET]: key = inputfill, value = 0
[13-13-11.199] [THREAD STARTED]: Console Printing Animation
[13-13-11.204] [USER GET]: key = screenstat, value = ScreenStat, hash = 1340644388, reflection data = class = ScreenStat
               , getConsoleHeight = 914, getMonitor = 0, getConsoleY = 411, getConsoleX = 277, getConsoleWidth = 718, getConsoleDirecti
               on = TOP, getClass = class cyder.user.ScreenSt
[13-13-11.288] [THREAD STARTED]: Hourly Chime Checker
[13-13-11.291] [THREAD STARTED]: Console Clock Updater
[13-13-11.293] [THREAD STARTED]: Cyder Busy Checker
[13-13-11.297] [THREAD STARTED]: [Cyder Splash] dispose() animation thread
[13-13-11.298] [THREAD STARTED]: [Cyder Splash] dispose() animation thread
[13-13-11.300] [USER GET]: key = fullscreen, value = 0
[13-13-11.301] [USER GET]: key = screenstat, value = ScreenStat, hash = 1340644388, reflection data = class = ScreenStat
               , getConsoleHeight = 914, getMonitor = 0, getConsoleY = 411, getConsoleX = 277, getConsoleWidth = 718, getConsoleDirecti
               on = TOP, getClass = class cyder.user.ScreenSt
[13-13-11.306] [UI]: CyderFrame disposed with fastclose=true, getTitle=Cyder Splash
[13-13-11.552] [THREAD STARTED]: High Ping Checker
[13-13-11.596] [DEBUG]: Latency of Google found to be 41ms
[13-13-11.615] [USER GET]: key = fullscreen, value = 0
[13-13-11.728] [CONSOLE OUT]: [STRING]: Console loaded in 4085ms
[13-13-11.745] [USER GET]: key = debugwindows, value = 0
[13-13-11.746] [CONSOLE LOADED]: [Nathan] [TESTING MODE]
[13-13-11.747] [THREAD STARTED]: Manual Tests Thread
[13-13-11.748] [USER GET]: key = laststart, value = 1661100480995
[13-13-11.749] [USER GET]: key = intromusic, value = 0
[13-13-12.620] [THREAD STARTED]: Splash Loading Label Updater
[13-13-12.806] [CLIENT]: calc
[13-13-12.807] [USER GET]: key = filterchat, value = 1
[13-13-12.848] [CONSOLE OUT]: [STRING]: Opening widget: CalculatorWidget
[13-13-12.889] [THREAD STARTED]: CyderFrame finalizeAndShow Thread, frame = Calculator
[13-13-12.891] [WIDGET]: CalculatorWidget, trigger = calc
[13-13-15.880] [OBJECT CREATION]: Objects created since last delta (5000ms): 59
[13-13-16.914] [THREAD STARTED]: Calculator Results Field Animator
