          _____                _____                    _____                    _____                    _____
         /\    \              |\    \                  /\    \                  /\    \                  /\    \
        /::\    \             |:\____\                /::\    \                /::\    \                /::\    \
       /::::\    \            |::|   |               /::::\    \              /::::\    \              /::::\    \
      /::::::\    \           |::|   |              /::::::\    \            /::::::\    \            /::::::\    \
     /:::/\:::\    \          |::|   |             /:::/\:::\    \          /:::/\:::\    \          /:::/\:::\    \
    /:::/  \:::\    \         |::|   |            /:::/  \:::\    \        /:::/__\:::\    \        /:::/__\:::\    \
   /:::/    \:::\    \        |::|   |           /:::/    \:::\    \      /::::\   \:::\    \      /::::\   \:::\    \
  /:::/    / \:::\    \       |::|___|______    /:::/    / \:::\    \    /::::::\   \:::\    \    /::::::\   \:::\    \
 /:::/    /   \:::\    \      /::::::::\    \  /:::/    /   \:::\ ___\  /:::/\:::\   \:::\    \  /:::/\:::\   \:::\____\
/:::/____/     \:::\____\    /::::::::::\____\/:::/____/     \:::|    |/:::/__\:::\   \:::\____\/:::/  \:::\   \:::|    |
\:::\    \      \::/    /   /:::/~~~~/~~      \:::\    \     /:::|____|\:::\   \:::\   \::/    /\::/   |::::\  /:::|____|
 \:::\    \      \/____/   /:::/    /          \:::\    \   /:::/    /  \:::\   \:::\   \/____/  \/____|:::::\/:::/    /
  \:::\    \              /:::/    /            \:::\    \ /:::/    /    \:::\   \:::\    \            |:::::::::/    /
   \:::\    \            /:::/    /              \:::\    /:::/    /      \:::\   \:::\____\           |::|\::::/    /
    \:::\    \           \::/    /                \:::\  /:::/    /        \:::\   \::/    /           |::| \::/____/
     \:::\    \           \/____/                  \:::\/:::/    /          \:::\   \/____/            |::|  ~|
      \:::\    \                                    \::::::/    /            \:::\    \                |::|   |
       \:::\____\                                    \::::/    /              \:::\____\               \::|   |
        \::/    /                                     \::/____/                \::/    /                \:|   |
         \/____/                                       ~~                       \/____/                  \|___|


[17-42-30.346] [ENTRY]: Nathan
[17-42-30.253] [DEBUG]: Found prop file: props\propkeys.ini
[17-42-30.261] [DEBUG]: Found prop file: props\props.ini
[17-42-30.274] [PROP LOADED]: [key = map_quest_api_key]
[17-42-30.274] [PROP LOADED]: [key = youtube_api_3_key]
[17-42-30.274] [PROP LOADED]: [key = ip_key]
[17-42-30.274] [PROP LOADED]: [key = weather_key]
[17-42-30.274] [PROP LOADED]: [key = debug_hash_name, value = Nathan]
[17-42-30.275] [PROP LOADED]: [key = debug_hash_password, value = 571b100a3b69f7b09828c0b61d325b15e52c512c14fdcf6d248f7c
               a733d0a7f6]
[17-42-30.276] [PROP LOADED]: [key = default_weather_location, value = Austin,Tx,USA]
[17-42-30.276] [PROP LOADED]: [key = ignore_data, value = typinganimation,showseconds,roundedwindows,windowcolor,audiole
               ngth,capsmode,typingsound,showbusyicon,clockonconsole,consoleclockformat]
[17-42-30.276] [PROP LOADED]: [key = font_metric, value = 1]
[17-42-30.277] [PROP LOADED]: [key = max_font_size, value = 50]
[17-42-30.277] [PROP LOADED]: [key = min_font_size, value = 25]
[17-42-30.277] [PROP LOADED]: [key = released, value = false]
[17-42-30.277] [PROP LOADED]: [key = version, value = Liminal]
[17-42-30.277] [PROP LOADED]: [key = release_date, value = 22.7.4]
[17-42-30.277] [PROP LOADED]: [key = components_relocatable, value = false]
[17-42-30.277] [PROP LOADED]: [key = testing_mode, value = true]
[17-42-30.277] [PROP LOADED]: [key = autocypher, value = true]
[17-42-30.277] [PROP LOADED]: [key = dispose_splash, value = true]
[17-42-30.277] [PROP LOADED]: [key = wipe_logs_on_start, value = true]
[17-42-30.277] [PROP LOADED]: [key = activate_watchdog, value = false]
[17-42-30.278] [PROP LOADED]: [key = ffmpeg_audio_output_format, value = mp3]
[17-42-30.278] [PROP LOADED]: [key = printing_animation_char_timeout, value = 8]
[17-42-30.278] [PROP LOADED]: [key = printing_animation_line_timeout, value = 100]
[17-42-30.278] [PROP LOADED]: [key = ui_scale, value = 1]
[17-42-30.278] [PROP LOADED]: [key = auto_trigger_similar_commands, value = true]
[17-42-30.278] [PROP LOADED]: [key = auto_trigger_similar_command_tolerance, value = 0.95]
[17-42-30.295] [DEBUG]: Jar mode set as: FALSE
[17-42-30.332] [DEBUG]: Loaded 131 static resources
[17-42-30.341] [DEBUG]: Loaded 16 static folders
[17-42-30.388] [THREAD STARTED]: Object Creation Logger
[17-42-30.504] [DEBUG]: Watchdog skipped
[17-42-30.509] [LOADING MESSAGE]: Registering fonts
[17-42-30.798] [FONT LOADED]: agency-fb
[17-42-30.800] [FONT LOADED]: arial-black
[17-42-30.801] [FONT LOADED]: beyno
[17-42-30.802] [FONT LOADED]: condiment-regular
[17-42-30.803] [FONT LOADED]: prompt-bold
[17-42-30.804] [FONT LOADED]: segoe-ui-black
[17-42-30.805] [FONT LOADED]: tahoma
[17-42-30.806] [LOADING MESSAGE]: Ensuring singular instance
[17-42-30.807] [THREAD STARTED]: Singular Cyder Instance Ensurer
[17-42-30.808] [DEBUG]: Starting instance socket on port 5150
[17-42-31.317] [LOADING MESSAGE]: Ensuring OS is supported
[17-42-31.317] [LOADING MESSAGE]: Creating dynamics
[17-42-31.318] [SYSTEM IO]: Requested deletion of: C:\Users\Nathan\Documents\IntelliJava\Cyder\dynamic\tmp
[17-42-31.332] [LOADING MESSAGE]: Validating users
[17-42-31.433] [USER GET]: key = name, value = Nathan
[17-42-31.434] [USER GET]: key = foreground, value = f0f0f0
[17-42-31.434] [USER GET]: key = Font, value = Agency FB
[17-42-31.435] [USER GET]: key = background, value = f0f0f0
[17-42-31.435] [USER GET]: key = randombackground, value = 0
[17-42-31.436] [USER GET]: key = persistentnotifications, value = 0
[17-42-31.436] [USER GET]: key = loggedin, value = 1
[17-42-31.437] [USER GET]: key = mappedexecutable, value = []
[17-42-31.572] [USER GET]: key = screenstat, value = ScreenStat, hash = 1364767791, reflection data = class = ScreenStat
               , getConsoleDirection = BOTTOM, getConsoleY = 283, getConsoleX = 1462, getConsoleWidth = 718, getMonitor = 0, getConsole
               Height = 914, getClass = class cyder.user.ScreenSt
[17-42-31.574] [USER GET]: key = inputborder, value = 0
[17-42-31.575] [USER GET]: key = fontsize, value = 27
[17-42-31.575] [USER GET]: key = silenceerrors, value = 1
[17-42-31.576] [USER GET]: key = hourlychimes, value = 1
[17-42-31.577] [USER GET]: key = inputfill, value = 0
[17-42-31.577] [USER GET]: key = filterchat, value = 1
[17-42-31.578] [USER GET]: key = laststart, value = 1661121664877
[17-42-31.579] [USER GET]: key = pass, value = 1b0a051deaadc2e793bfe185cd81a74b9c56f75bd713f28507d1abd99332a28
[17-42-31.579] [USER GET]: key = debugwindows, value = 0
[17-42-31.580] [USER GET]: key = youtubeuuid, value = aaaaaaaaaiI
[17-42-31.581] [USER GET]: key = outputfill, value = 0
[17-42-31.581] [USER GET]: key = outputborder, value = 0
[17-42-31.582] [USER GET]: key = doanimations, value = 1
[17-42-31.584] [USER GET]: key = intromusic, value = 0
[17-42-31.584] [USER GET]: key = minimizeonclose, value = 0
[17-42-31.586] [USER GET]: key = compacttextmode, value = 0
[17-42-31.587] [USER GET]: key = fullscreen, value = 0
[17-42-31.588] [USER GET]: key = wrapshell, value = 0
[17-42-31.589] [USER GET]: key = darkmode, value = 0
[17-42-31.590] [USER GET]: key = mappedexecutable, value = []
[17-42-31.591] [USER GET]: key = screenstat, value = ScreenStat, hash = 1364767791, reflection data = class = ScreenStat
               , getConsoleDirection = BOTTOM, getConsoleY = 283, getConsoleX = 1462, getConsoleWidth = 718, getMonitor = 0, getConsole
               Height = 914, getClass = class cyder.user.ScreenSt
[17-42-31.600] [USER GET]: key = name, value = Nathan
[17-42-31.601] [LOADING MESSAGE]: Cleaning users
[17-42-31.605] [LOADING MESSAGE]: Validating props
[17-42-31.607] [LOADING MESSAGE]: Validating Widgets
[17-42-31.838] [LOADING MESSAGE]: Validating Tests
[17-42-31.842] [LOADING MESSAGE]: Validating Vanilla annotations
[17-42-31.850] [LOADING MESSAGE]: Validating Handles
[17-42-31.860] [THREAD STARTED]: Splash Loader
[17-42-31.861] [THREAD STARTED]: Sufficient Subroutine Executor
[17-42-31.862] [LOADING MESSAGE]: Logging JVM args
[17-42-31.864] [THREAD STARTED]: JVM Args Logger
[17-42-31.877] [LOADING MESSAGE]: Checking for an AutoCypher
[17-42-31.878] [LOGIN]: AutoCypher Attempt
[17-42-31.879] [LOADING MESSAGE]: Auto Cyphering
[17-42-31.880] [USER GET]: key = name, value = Nathan
[17-42-31.883] [USER GET]: key = name, value = Nathan
[17-42-31.915] [USER GET]: key = pass, value = 1b0a051deaadc2e793bfe185cd81a74b9c56f75bd713f28507d1abd99332a28
[17-42-32.074] [USER GET]: key = darkmode, value = 0
[17-42-32.089] [USER GET]: key = darkmode, value = 0
[17-42-32.172] [THREAD STARTED]: Splash Animation
[17-42-32.360] [UNIQUE OBJECT CREATED]: Console singleton constructed
[17-42-32.362] [USER GET]: key = name, value = Nathan
[17-42-32.542] [DEBUG]: Cyder Entry = AutoCypher
[17-42-32.544] [THREAD STARTED]: High Ping Checker
[17-42-32.593] [DEBUG]: Latency of Google found to be 47ms
[17-42-32.816] [USER GET]: key = name, value = Nathan
[17-42-32.818] [USER GET]: key = randombackground, value = 0
[17-42-32.819] [USER GET]: key = fullscreen, value = 0
[17-42-32.921] [USER GET]: key = fullscreen, value = 0
[17-42-32.922] [USER GET]: key = fullscreen, value = 0
[17-42-32.923] [USER GET]: key = name, value = Nathan
[17-42-32.973] [USER GET]: key = foreground, value = f0f0f0
[17-42-32.974] [USER GET]: key = foreground, value = f0f0f0
[17-42-32.976] [USER GET]: key = foreground, value = f0f0f0
[17-42-32.977] [USER GET]: key = Font, value = Agency FB
[17-42-32.978] [USER GET]: key = fontsize, value = 27
[17-42-32.991] [USER GET]: key = outputborder, value = 0
[17-42-32.992] [USER GET]: key = outputfill, value = 0
[17-42-33.003] [USER GET]: key = inputborder, value = 0
[17-42-33.004] [USER GET]: key = foreground, value = f0f0f0
[17-42-33.005] [USER GET]: key = foreground, value = f0f0f0
[17-42-33.005] [USER GET]: key = foreground, value = f0f0f0
[17-42-33.005] [USER GET]: key = Font, value = Agency FB
[17-42-33.006] [USER GET]: key = fontsize, value = 27
[17-42-33.007] [USER GET]: key = inputfill, value = 0
[17-42-33.008] [THREAD STARTED]: Console Printing Animation
[17-42-33.012] [USER GET]: key = screenstat, value = ScreenStat, hash = 1060042118, reflection data = class = ScreenStat
               , getConsoleDirection = BOTTOM, getConsoleY = 283, getConsoleX = 1462, getConsoleWidth = 718, getMonitor = 0, getConsole
               Height = 914, getClass = class cyder.user.ScreenSt
[17-42-33.069] [THREAD STARTED]: Hourly Chime Checker
[17-42-33.072] [THREAD STARTED]: Console Clock Updater
[17-42-33.073] [THREAD STARTED]: Cyder Busy Checker
[17-42-33.077] [THREAD STARTED]: [Cyder Splash] dispose() animation thread
[17-42-33.077] [THREAD STARTED]: [Cyder Splash] dispose() animation thread
[17-42-33.078] [USER GET]: key = fullscreen, value = 0
[17-42-33.080] [USER GET]: key = screenstat, value = ScreenStat, hash = 1060042118, reflection data = class = ScreenStat
               , getConsoleDirection = BOTTOM, getConsoleY = 283, getConsoleX = 1462, getConsoleWidth = 718, getMonitor = 0, getConsole
               Height = 914, getClass = class cyder.user.ScreenSt
[17-42-33.082] [UI]: CyderFrame disposed with fastclose=true, getTitle=Cyder Splash
[17-42-33.308] [USER GET]: key = fullscreen, value = 0
[17-42-33.393] [OBJECT CREATION]: Objects created since last delta (5000ms): 122
[17-42-33.400] [USER GET]: key = debugwindows, value = 0
[17-42-33.401] [CONSOLE LOADED]: [Nathan] [TESTING MODE]
[17-42-33.404] [THREAD STARTED]: Manual Tests Thread
[17-42-33.409] [USER GET]: key = laststart, value = 1661121664877
[17-42-33.410] [USER GET]: key = intromusic, value = 0
[17-42-33.448] [CONSOLE OUT]: [STRING]: Console loaded in 3169ms
[17-42-34.568] [THREAD STARTED]: Splash Loading Label Updater
[17-42-35.545] [THREAD STARTED]: Liminal Cyder [Nathan] Opacity Decrement Animator
[17-42-36.884] [USER GET]: key = screenstat, value = ScreenStat, hash = 1060042118, reflection data = class = ScreenStat
               , getConsoleDirection = BOTTOM, getConsoleY = 283, getConsoleX = 1462, getConsoleWidth = 718, getMonitor = 0, getConsole
               Height = 914, getClass = class cyder.user.ScreenSt
[17-42-36.891] [SYSTEM IO]: [JSON WRITE] [Levenshtein = 13] User was written to file: 7d7ebb00-81fe-329f-8a78-62f463d0b7
               da\Userdata.json
[17-42-36.896] [USER GET]: key = name, value = Nathan
[17-42-36.896] [USER GET]: key = foreground, value = f0f0f0
[17-42-36.896] [USER GET]: key = Font, value = Agency FB
[17-42-36.897] [USER GET]: key = background, value = f0f0f0
[17-42-36.897] [USER GET]: key = randombackground, value = 0
[17-42-36.898] [USER GET]: key = persistentnotifications, value = 0
[17-42-36.898] [USER GET]: key = loggedin, value = 1
[17-42-36.899] [USER GET]: key = mappedexecutable, value = []
[17-42-36.899] [USER GET]: key = screenstat, value = ScreenStat, hash = 595859202, reflection data = class = ScreenStat,
               getConsoleDirection = BOTTOM, getConsoleY = 174, getConsoleX = 1577, getConsoleWidth = 718, getMonitor = 0, getConsoleHe
               ight = 914, getClass = class cyder.user.ScreenSt
[17-42-36.899] [USER GET]: key = inputborder, value = 0
[17-42-36.900] [USER GET]: key = fontsize, value = 27
[17-42-36.900] [USER GET]: key = silenceerrors, value = 1
[17-42-36.901] [USER GET]: key = hourlychimes, value = 1
[17-42-36.902] [USER GET]: key = inputfill, value = 0
[17-42-36.902] [USER GET]: key = filterchat, value = 1
[17-42-36.903] [USER GET]: key = laststart, value = 1661121753410
[17-42-36.903] [USER GET]: key = pass, value = 1b0a051deaadc2e793bfe185cd81a74b9c56f75bd713f28507d1abd99332a28
[17-42-36.904] [USER GET]: key = debugwindows, value = 0
[17-42-36.905] [USER GET]: key = youtubeuuid, value = aaaaaaaaaiI
[17-42-36.905] [USER GET]: key = outputfill, value = 0
[17-42-36.906] [USER GET]: key = outputborder, value = 0
[17-42-36.906] [USER GET]: key = doanimations, value = 1
[17-42-36.907] [USER GET]: key = intromusic, value = 0
[17-42-36.907] [USER GET]: key = minimizeonclose, value = 0
[17-42-36.907] [USER GET]: key = compacttextmode, value = 0
[17-42-36.908] [USER GET]: key = fullscreen, value = 0
[17-42-36.908] [USER GET]: key = wrapshell, value = 0
[17-42-36.909] [USER GET]: key = darkmode, value = 0
[17-42-36.909] [USER GET]: key = mappedexecutable, value = []
[17-42-36.910] [USER GET]: key = screenstat, value = ScreenStat, hash = 595859202, reflection data = class = ScreenStat,
               getConsoleDirection = BOTTOM, getConsoleY = 174, getConsoleX = 1577, getConsoleWidth = 718, getMonitor = 0, getConsoleHe
               ight = 914, getClass = class cyder.user.ScreenSt
[17-42-36.915] [SYSTEM IO]: Requested deletion of: C:\Users\Nathan\Documents\IntelliJava\Cyder\dynamic\backup\7d7ebb00-8
               1fe-329f-8a78-62f463d0b7da_1661121743693.json
[17-42-36.916] [THREAD STARTED]: Liminal Cyder [Nathan] Opacity Increment Animator
[17-42-38.395] [OBJECT CREATION]: Objects created since last delta (5000ms): 5
[17-43-12.992] [THREAD STARTED]: Liminal Cyder [Nathan] Opacity Decrement Animator
[17-43-13.384] [USER GET]: key = screenstat, value = ScreenStat, hash = 1060042118, reflection data = class = ScreenStat
               , getConsoleDirection = BOTTOM, getConsoleY = 174, getConsoleX = 1577, getConsoleWidth = 718, getMonitor = 0, getConsole
               Height = 914, getClass = class cyder.user.ScreenSt
[17-43-13.393] [SYSTEM IO]: [JSON WRITE] [Levenshtein = 4] User was written to file: 7d7ebb00-81fe-329f-8a78-62f463d0b7d
               a\Userdata.json
[17-43-13.399] [USER GET]: key = name, value = Nathan
[17-43-13.399] [USER GET]: key = foreground, value = f0f0f0
[17-43-13.400] [USER GET]: key = Font, value = Agency FB
[17-43-13.401] [USER GET]: key = background, value = f0f0f0
[17-43-13.403] [USER GET]: key = randombackground, value = 0
[17-43-13.404] [USER GET]: key = persistentnotifications, value = 0
[17-43-13.404] [USER GET]: key = loggedin, value = 1
[17-43-13.405] [USER GET]: key = mappedexecutable, value = []
[17-43-13.405] [USER GET]: key = screenstat, value = ScreenStat, hash = 1605893054, reflection data = class = ScreenStat
               , getConsoleDirection = BOTTOM, getConsoleY = 177, getConsoleX = 674, getConsoleWidth = 718, getMonitor = 0, getConsoleH
               eight = 914, getClass = class cyder.user.ScreenSt
[17-43-13.406] [USER GET]: key = inputborder, value = 0
[17-43-13.406] [USER GET]: key = fontsize, value = 27
[17-43-13.407] [USER GET]: key = silenceerrors, value = 1
[17-43-13.407] [USER GET]: key = hourlychimes, value = 1
[17-43-13.407] [USER GET]: key = inputfill, value = 0
[17-43-13.408] [USER GET]: key = filterchat, value = 1
[17-43-13.408] [USER GET]: key = laststart, value = 1661121753410
[17-43-13.409] [USER GET]: key = pass, value = 1b0a051deaadc2e793bfe185cd81a74b9c56f75bd713f28507d1abd99332a28
[17-43-13.409] [USER GET]: key = debugwindows, value = 0
[17-43-13.409] [USER GET]: key = youtubeuuid, value = aaaaaaaaaiI
[17-43-13.410] [USER GET]: key = outputfill, value = 0
[17-43-13.410] [USER GET]: key = outputborder, value = 0
[17-43-13.411] [USER GET]: key = doanimations, value = 1
[17-43-13.411] [USER GET]: key = intromusic, value = 0
[17-43-13.412] [USER GET]: key = minimizeonclose, value = 0
[17-43-13.412] [USER GET]: key = compacttextmode, value = 0
[17-43-13.413] [USER GET]: key = fullscreen, value = 0
[17-43-13.413] [USER GET]: key = wrapshell, value = 0
[17-43-13.414] [USER GET]: key = darkmode, value = 0
[17-43-13.414] [USER GET]: key = mappedexecutable, value = []
[17-43-13.414] [USER GET]: key = screenstat, value = ScreenStat, hash = 1605893054, reflection data = class = ScreenStat
               , getConsoleDirection = BOTTOM, getConsoleY = 177, getConsoleX = 674, getConsoleWidth = 718, getMonitor = 0, getConsoleH
               eight = 914, getClass = class cyder.user.ScreenSt
[17-43-13.418] [SYSTEM IO]: Requested deletion of: C:\Users\Nathan\Documents\IntelliJava\Cyder\dynamic\backup\7d7ebb00-8
               1fe-329f-8a78-62f463d0b7da_1661121756911.json
[17-43-13.419] [THREAD STARTED]: Liminal Cyder [Nathan] Opacity Increment Animator
[17-43-13.428] [OBJECT CREATION]: Objects created since last delta (5000ms): 3
[17-43-14.612] [CLIENT]: threads
[17-43-14.613] [USER GET]: key = filterchat, value = 1
[17-43-14.692] [CONSOLE OUT]: [STRING]: Object Creation Logger
[17-43-15.004] [CONSOLE OUT]: [STRING]: Singular Cyder Instance Ensurer
[17-43-15.410] [CONSOLE OUT]: [STRING]: AWT-EventQueue-0
[17-43-15.674] [CONSOLE OUT]: [STRING]: High Ping Checker
[17-43-15.940] [CONSOLE OUT]: [STRING]: Console Printing Animation
[17-43-16.300] [CONSOLE OUT]: [STRING]: Hourly Chime Checker
[17-43-16.597] [CONSOLE OUT]: [STRING]: Console Clock Updater
[17-43-16.910] [CONSOLE OUT]: [STRING]: Cyder Busy Checker
[17-43-17.191] [CONSOLE OUT]: [STRING]: DestroyJavaVM
[17-43-19.064] [THREAD STARTED]: Liminal Cyder [Nathan] Opacity Decrement Animator
[17-43-19.636] [USER GET]: key = screenstat, value = ScreenStat, hash = 1060042118, reflection data = class = ScreenStat
               , getConsoleDirection = BOTTOM, getConsoleY = 177, getConsoleX = 674, getConsoleWidth = 718, getMonitor = 0, getConsoleH
               eight = 914, getClass = class cyder.user.ScreenSt
[17-43-19.641] [SYSTEM IO]: [JSON WRITE] [Levenshtein = 4] User was written to file: 7d7ebb00-81fe-329f-8a78-62f463d0b7d
               a\Userdata.json
[17-43-19.646] [USER GET]: key = name, value = Nathan
[17-43-19.647] [USER GET]: key = foreground, value = f0f0f0
[17-43-19.647] [USER GET]: key = Font, value = Agency FB
[17-43-19.648] [USER GET]: key = background, value = f0f0f0
[17-43-19.648] [USER GET]: key = randombackground, value = 0
[17-43-19.649] [USER GET]: key = persistentnotifications, value = 0
[17-43-19.650] [USER GET]: key = loggedin, value = 1
[17-43-19.650] [USER GET]: key = mappedexecutable, value = []
[17-43-19.650] [USER GET]: key = screenstat, value = ScreenStat, hash = 1789036813, reflection data = class = ScreenStat
               , getConsoleDirection = BOTTOM, getConsoleY = 173, getConsoleX = 1612, getConsoleWidth = 718, getMonitor = 0, getConsole
               Height = 914, getClass = class cyder.user.ScreenSt
[17-43-19.651] [USER GET]: key = inputborder, value = 0
[17-43-19.651] [USER GET]: key = fontsize, value = 27
[17-43-19.652] [USER GET]: key = silenceerrors, value = 1
[17-43-19.652] [USER GET]: key = hourlychimes, value = 1
[17-43-19.652] [USER GET]: key = inputfill, value = 0
[17-43-19.653] [USER GET]: key = filterchat, value = 1
[17-43-19.653] [USER GET]: key = laststart, value = 1661121753410
[17-43-19.654] [USER GET]: key = pass, value = 1b0a051deaadc2e793bfe185cd81a74b9c56f75bd713f28507d1abd99332a28
[17-43-19.654] [USER GET]: key = debugwindows, value = 0
[17-43-19.655] [USER GET]: key = youtubeuuid, value = aaaaaaaaaiI
[17-43-19.655] [USER GET]: key = outputfill, value = 0
[17-43-19.656] [USER GET]: key = outputborder, value = 0
[17-43-19.656] [USER GET]: key = doanimations, value = 1
[17-43-19.656] [USER GET]: key = intromusic, value = 0
[17-43-19.657] [USER GET]: key = minimizeonclose, value = 0
[17-43-19.657] [USER GET]: key = compacttextmode, value = 0
[17-43-19.658] [USER GET]: key = fullscreen, value = 0
[17-43-19.658] [USER GET]: key = wrapshell, value = 0
[17-43-19.659] [USER GET]: key = darkmode, value = 0
[17-43-19.659] [USER GET]: key = mappedexecutable, value = []
[17-43-19.660] [USER GET]: key = screenstat, value = ScreenStat, hash = 1789036813, reflection data = class = ScreenStat
               , getConsoleDirection = BOTTOM, getConsoleY = 173, getConsoleX = 1612, getConsoleWidth = 718, getMonitor = 0, getConsole
               Height = 914, getClass = class cyder.user.ScreenSt
[17-43-19.664] [SYSTEM IO]: Requested deletion of: C:\Users\Nathan\Documents\IntelliJava\Cyder\dynamic\backup\7d7ebb00-8
               1fe-329f-8a78-62f463d0b7da_1661121793416.json
[17-43-19.666] [THREAD STARTED]: Liminal Cyder [Nathan] Opacity Increment Animator
[17-43-20.711] [USER GET]: key = minimizeonclose, value = 0
[17-43-20.712] [USER GET]: key = screenstat, value = ScreenStat, hash = 1060042118, reflection data = class = ScreenStat
               , getConsoleDirection = BOTTOM, getConsoleY = 173, getConsoleX = 1612, getConsoleWidth = 718, getMonitor = 0, getConsole
               Height = 914, getClass = class cyder.user.ScreenSt
[17-43-20.717] [USER GET]: key = fullscreen, value = 0
[17-43-20.718] [THREAD STARTED]: [Liminal Cyder [Nathan]] dispose() animation thread
[17-43-20.718] [UI]: CyderFrame disposed with fastclose=false, getTitle=Liminal Cyder [Nathan]
[17-43-20.719] [USER GET]: key = doanimations, value = 1
[17-43-20.959] [EXIT]: [RUNTIME] 50s 708ms
[17-43-20.961] [EOL]: Log completed, exiting Cyder with exit code: 0 [Genesis Controlled Exit], no exceptions thrown,
               total objects created: 130
