[21-44-56] [ENTRY]: [Nathan]
[21-44-57] [SYSTEM_IO]: System data pared in IOUtil's static block
[21-44-58] [LOGIN]: [AUTOCYPHER ATTEMPT]
[21-44-58] [JAVA ARGS]: [LOCATION] [La casa de Nathan]
[21-44-59] [LOGIN]: [AUTOCYPHER PASS, e5a50641-21d1-3654-b738-c0e4b2dc61b1]
[21-44-59] [SYSTEM_IO]: Userdata requested: Name
[21-45-00] [SYSTEM_IO]: Userdata requested: RandomBackground
[21-45-00] [SYSTEM_IO]: Userdata requested: FullScreen
[21-45-00] [SYSTEM_IO]: Userdata requested: Name
[21-45-00] [SYSTEM_IO]: Userdata requested: Foreground
[21-45-00] [SYSTEM_IO]: Userdata requested: Foreground
[21-45-00] [SYSTEM_IO]: Userdata requested: FullScreen
[21-45-00] [SYSTEM_IO]: Userdata requested: FullScreen
[21-45-00] [SYSTEM_IO]: Userdata requested: Foreground
[21-45-00] [SYSTEM_IO]: Userdata requested: Font
[21-45-00] [SYSTEM_IO]: Userdata requested: OutputBorder
[21-45-00] [SYSTEM_IO]: Userdata requested: FullScreen
[21-45-00] [SYSTEM_IO]: Userdata requested: InputBorder
[21-45-00] [SYSTEM_IO]: Userdata requested: Foreground
[21-45-00] [SYSTEM_IO]: Userdata requested: Foreground
[21-45-00] [SYSTEM_IO]: Userdata requested: Foreground
[21-45-00] [SYSTEM_IO]: Userdata requested: Font
[21-45-00] [SYSTEM_IO]: Userdata requested: OutputFill
[21-45-00] [SYSTEM_IO]: Userdata requested: InputFill
[21-45-00] [SYSTEM_IO]: Userdata requested: consolepinned
[21-45-00] [SYSTEM_IO]: Userdata requested: consolepinned
[21-45-00] [ACTION]: CyderFrame disposed with fastclose: true, CyderFrame: Component name = [cyder.ui.CyderFrame], bounds = [(980, 378, 600, 600)], hash = [1756483140], parentFrame = [Object itself is the top level frame], associated text = [No getText() method found], tooltip text = [No getTooltipText() method found], title = [Cyder Splash]
[21-45-01] [ACTION]: Console loaded in 4482ms
[21-45-01] [SYSTEM_IO]: Userdata requested: windowlocx
[21-45-01] [SYSTEM_IO]: Userdata requested: windowlocy
[21-45-01] [SYSTEM_IO]: Userdata requested: DebugWindows
[21-45-01] [ENTRY]: [TESTING MODE]
[21-45-01] [SYSTEM_IO]: Userdata requested: laststart
[21-45-01] [SYSTEM_IO]: Userdata requested: IntroMusic
[21-45-01] [ACTION]: [Stellar Cyder [Nathan]] [NOTIFICATION] Console loaded in 4482ms
[21-45-01] [SYSTEM_IO]: Userdata requested: persistentnotifications
[21-45-01] [CLIENT]: mp3
[21-45-01] [ACTION]: AUDIO PLAYER
[21-45-03] [ACTION]: [AUDIO PLAYER] Jake Hill - Stay (Prod. CXDY).mp3
[21-45-06] [CLIENT]: mp3
[21-45-06] [ACTION]: AUDIO PLAYER
[21-45-06] [ACTION]: [AUDIO PLAYER] Jake Hill - Stay (Prod. CXDY).mp3
[21-45-10] [CLIENT]: mp3
[21-45-10] [ACTION]: AUDIO PLAYER
[21-45-10] [ACTION]: [AUDIO PLAYER] Jake Hill - Stay (Prod. CXDY).mp3
[21-45-13] [ACTION]: [AUDIO PLAYER] Euphoria - Sacred.mp3
[21-45-13] [ACTION]: [AUDIO PLAYER] Fabled - Spirit.mp3
[21-45-14] [ACTION]: [AUDIO PLAYER] Future - Solitaires (Audio) ft. Travis Scott.mp3
[21-45-16] [CLIENT]: mp3
[21-45-16] [ACTION]: AUDIO PLAYER
[21-45-16] [ACTION]: [AUDIO PLAYER] Future - Solitaires (Audio) ft. Travis Scott.mp3
[21-45-20] [ACTION]: Component name = [cyder.ui.CyderLabel], bounds = [(55, 190, 385, 25)], hash = [1792642738], parentFrame = [Flash Player], associated text = [<html><div style='text-align: center;'>3s played, 3m 28s total</html>], tooltip text = [No getTooltipText() method found], title = [No getTitle() method found]
[21-45-20] [ACTION]: [AUDIO PLAYER] Future - Solitaires (Audio) ft. Travis Scott.mp3
[21-45-22] [CLIENT]: mp3
[21-45-22] [ACTION]: AUDIO PLAYER
[21-45-22] [ACTION]: [AUDIO PLAYER] Future - Solitaires (Audio) ft. Travis Scott.mp3
[21-45-24] [ACTION]: [AUDIO PLAYER] Jake Hill - Stay (Prod. CXDY).mp3
[21-45-25] [ACTION]: [AUDIO PLAYER] Euphoria - Sacred.mp3
[21-45-28] [CLIENT]: mp3
[21-45-28] [ACTION]: AUDIO PLAYER
[21-45-28] [ACTION]: [AUDIO PLAYER] Euphoria - Sacred.mp3
[21-45-31] [CLIENT]: mp3
[21-45-31] [ACTION]: AUDIO PLAYER
[21-45-31] [ACTION]: [AUDIO PLAYER] Euphoria - Sacred.mp3
[21-45-36] [ACTION]: Component name = [cyder.ui.DragLabel], bounds = [(2, 2, 496, 28)], hash = [943054530], parentFrame = [Flash Player], associated text = [No getText() method found], tooltip text = [No getTooltipText() method found], title = [No getTitle() method found]
[21-45-36] [ACTION]: CyderFrame disposed with fastclose: false, CyderFrame: Component name = [cyder.ui.CyderFrame], bounds = [(658, 547, 500, 225)], hash = [954583174], parentFrame = [Object itself is the top level frame], associated text = [No getText() method found], tooltip text = [No getTooltipText() method found], title = [Flash Player]
[21-45-36] [SYSTEM_IO]: Userdata requested: closeanimation
[21-45-37] [CLIENT]: mp3
[21-45-37] [ACTION]: AUDIO PLAYER
[21-45-37] [ACTION]: [AUDIO PLAYER] Jake Hill - Stay (Prod. CXDY).mp3
[21-45-40] [ACTION]: Component name = [cyder.ui.DragLabel], bounds = [(2, 2, 496, 28)], hash = [1775195429], parentFrame = [Flash Player], associated text = [No getText() method found], tooltip text = [No getTooltipText() method found], title = [No getTitle() method found]
[21-45-40] [ACTION]: CyderFrame disposed with fastclose: false, CyderFrame: Component name = [cyder.ui.CyderFrame], bounds = [(1644, 597, 500, 225)], hash = [1250623133], parentFrame = [Object itself is the top level frame], associated text = [No getText() method found], tooltip text = [No getTooltipText() method found], title = [Flash Player]
[21-45-40] [SYSTEM_IO]: Userdata requested: closeanimation
[21-45-41] [SYSTEM_IO]: Userdata requested: minimizeonclose
[21-45-41] [SYSTEM_IO]: Userdata requested: Name
[21-45-41] [LOGOUT]: [Nathan]
[21-45-41] [ACTION]: CyderFrame disposed with fastclose: false, CyderFrame: Component name = [cyder.ui.ConsoleFrame], bounds = [(1494, 185, 800, 1053)], hash = [11249189], parentFrame = [Object itself is the top level frame], associated text = [No getText() method found], tooltip text = [No getTooltipText() method found], title = [Stellar Cyder [Nathan]]
[21-45-41] [SYSTEM_IO]: Userdata requested: closeanimation
[21-45-41] [SYSTEM_IO]: Userdata requested: Background
[21-45-41] [EXIT]: [RUNTIME] 45s
[21-45-41] [EOL]: Log completed, exiting Cyder with exit code: 25 [Genesis Controlled Exit], exceptions thrown: 0
