[16-32-02] [ENTRY]: [Nathan]
[16-32-02] [THREAD STARTED]: Singular Cyder Instance Ensurer
[16-32-03] [THREAD STARTED]: Splash Loader
[16-32-03] [THREAD STARTED]: Splash Animation
[16-32-03] [DEBUG]: Method annotated with @Widget is not named showGUI(); name: FathersDay2021
[16-32-03] [DEBUG]: Method annotated with @Widget is not named showGUI(); name: Birthday2021
[16-32-03] [DEBUG]: Method annotated with @Widget is not named showGUI(); name: Christmas2021
[16-32-03] [DEBUG]: Method annotated with @Widget is not named showGUI(); name: Christmas2020
[16-32-03] [DEBUG]: Method annotated with @ManualTest does not end with test; name: launchTests
[16-32-03] [THREAD STARTED]: Cyder Start Secondary Subroutines
[16-32-03] [LOGIN]: [AUTOCYPHER ATTEMPT]
[16-32-03] [JAVA ARGS]: [LOCATION] [La casa de Nathan]
[16-32-03] [ACTION]: Requested deletion of: C:\Users\Nathan\Documents\IntelliJava\Cyder\dynamic\tmp
[16-32-03] [ACTION]: [DELETION FAILED] C:\Users\Nathan\Documents\IntelliJava\Cyder\dynamic\tmp
[16-32-03] [SYSTEM_IO]: [User Write] User was written to file: 7d7ebb00-81fe-329f-8a78-62f463d0b7da\Userdata.json [4x]
[16-32-04] [LOGIN]: [[AUTOCYPHER PASS]: 7d7ebb00-81fe-329f-8a78-62f463d0b7da]
[16-32-04] [SYSTEM_IO]: [User Write] User was written to file: 7d7ebb00-81fe-329f-8a78-62f463d0b7da\Userdata.json
[16-32-04] [SYSTEM_IO]: Userdata requested: RandomBackground
[16-32-04] [SYSTEM_IO]: Userdata requested: FullScreen
[16-32-04] [SYSTEM_IO]: Userdata requested: fullscreen
[16-32-04] [SYSTEM_IO]: Userdata requested: FullScreen [2x]
[16-32-04] [THREAD STARTED]: Console Printing Animation
[16-32-04] [SYSTEM_IO]: Userdata requested: OutputBorder
[16-32-04] [SYSTEM_IO]: Userdata requested: FullScreen
[16-32-04] [SYSTEM_IO]: Userdata requested: InputBorder
[16-32-04] [THREAD STARTED]: Console Input Caret Position Updater
[16-32-04] [SYSTEM_IO]: Userdata requested: OutputFill
[16-32-04] [SYSTEM_IO]: Userdata requested: InputFill
[16-32-04] [THREAD STARTED]: High Ping Checker
[16-32-04] [THREAD STARTED]: Hourly Chime Checker
[16-32-04] [THREAD STARTED]: Console Clock Updater
[16-32-04] [THREAD STARTED]: Cyder Busy Checker
[16-32-04] [THREAD STARTED]: ConsoleFrame Data Saver
[16-32-04] [ACTION]: Console loaded in 3001ms
[16-32-04] [SYSTEM_IO]: Userdata requested: DebugWindows
[16-32-04] [ENTRY]: [TESTING MODE]
[16-32-04] [THREAD STARTED]: Component name = [cyder.ui.ConsoleFrame], bounds = [(656, 401, 842, 638)], hash = [472991420], parentFrame = [Object itself is the top level frame], associated text = [No getText() method found], tooltip text = [No getTooltipText() method found], title = [Insomnia Cyder [Nathan]] notification queue checker
[16-32-04] [ACTION]: CyderFrame disposed with fastclose: true, CyderFrame: Component name = [cyder.ui.CyderFrame], bounds = [(980, 396, 600, 600)], hash = [2068146984], parentFrame = [Object itself is the top level frame], associated text = [No getText() method found], tooltip text = [No getTooltipText() method found], title = [Cyder Splash]
[16-32-04] [THREAD STARTED]: Cyder Splash CyderFrame dispose thread
[16-32-04] [ACTION]: [Insomnia Cyder [Nathan]] [NOTIFICATION] Console loaded in 3001ms
[16-32-04] [THREAD STARTED]: notification appear animation
[16-32-04] [SYSTEM_IO]: Userdata requested: laststart
[16-32-04] [SYSTEM_IO]: [User Write] User was written to file: 7d7ebb00-81fe-329f-8a78-62f463d0b7da\Userdata.json
[16-32-05] [SYSTEM_IO]: Userdata requested: persistentnotifications
[16-32-05] [THREAD STARTED]: Notificaiton vanish animater -1037092812
[16-32-11] [SYSTEM_IO]: [User Write] User was written to file: 7d7ebb00-81fe-329f-8a78-62f463d0b7da\Userdata.json [2x]
[16-32-14] [ACTION]: Component name = [cyder.ui.DragLabel], bounds = [(2, 2, 646, 28)], hash = [-14443363], parentFrame = [Controls], associated text = [No getText() method found], tooltip text = [No getTooltipText() method found], title = [No getTitle() method found]
[16-32-18] [SYSTEM_IO]: [User Write] User was written to file: 7d7ebb00-81fe-329f-8a78-62f463d0b7da\Userdata.json [2x]
[16-32-19] [ACTION]: Component name = [cyder.ui.CyderButton], bounds = [(410, 90, 45, 45)], hash = [1543448907], parentFrame = [Controls], associated text = [<html><b>?</b></html>], tooltip text = [No getTooltipText() method found], title = [No getTitle() method found]
[16-32-22] [SYSTEM_IO]: [User Write] User was written to file: 7d7ebb00-81fe-329f-8a78-62f463d0b7da\Userdata.json
[16-32-23] [ACTION]: Component name = [cyder.ui.CyderButton], bounds = [(545, 90, 80, 45)], hash = [2017376669], parentFrame = [Controls], associated text = [Cut], tooltip text = [No getTooltipText() method found], title = [No getTitle() method found]
[16-32-25] [ACTION]: Component name = [cyder.ui.CyderButton], bounds = [(320, 100, 30, 35)], hash = [1281977921], parentFrame = [Controls], associated text = [<], tooltip text = [No getTooltipText() method found], title = [No getTitle() method found]
[16-32-26] [SYSTEM_IO]: [User Write] User was written to file: 7d7ebb00-81fe-329f-8a78-62f463d0b7da\Userdata.json
[16-32-27] [ACTION]: Component name = [cyder.ui.CyderButton], bounds = [(460, 90, 80, 45)], hash = [2073994589], parentFrame = [Controls], associated text = [Crop], tooltip text = [No getTooltipText() method found], title = [No getTitle() method found]
[16-32-29] [ACTION]: Component name = [cyder.ui.CyderButton], bounds = [(320, 100, 30, 35)], hash = [1281977921], parentFrame = [Controls], associated text = [<], tooltip text = [No getTooltipText() method found], title = [No getTitle() method found]
[16-32-30] [SYSTEM_IO]: [User Write] User was written to file: 7d7ebb00-81fe-329f-8a78-62f463d0b7da\Userdata.json
[16-32-30] [ACTION]: Component name = [cyder.ui.CyderButton], bounds = [(355, 100, 30, 35)], hash = [1100404159], parentFrame = [Controls], associated text = [>], tooltip text = [No getTooltipText() method found], title = [No getTitle() method found]
[16-32-31] [ACTION]: Component name = [cyder.ui.CyderButton], bounds = [(320, 100, 30, 35)], hash = [1281977921], parentFrame = [Controls], associated text = [<], tooltip text = [No getTooltipText() method found], title = [No getTitle() method found]
[16-32-32] [ACTION]: Component name = [cyder.ui.CyderButton], bounds = [(410, 90, 45, 45)], hash = [1543448907], parentFrame = [Controls], associated text = [<html><b>?</b></html>], tooltip text = [No getTooltipText() method found], title = [No getTitle() method found]
[16-32-34] [SYSTEM_IO]: [User Write] User was written to file: 7d7ebb00-81fe-329f-8a78-62f463d0b7da\Userdata.json
[16-32-36] [ACTION]: Component name = [cyder.ui.CyderButton], bounds = [(410, 90, 45, 45)], hash = [1543448907], parentFrame = [Controls], associated text = [<html><b>?</b></html>], tooltip text = [No getTooltipText() method found], title = [No getTitle() method found]
[16-32-37] [SYSTEM_IO]: [User Write] User was written to file: 7d7ebb00-81fe-329f-8a78-62f463d0b7da\Userdata.json
[16-32-40] [ACTION]: Component name = [cyder.ui.CyderButton], bounds = [(545, 90, 80, 45)], hash = [2017376669], parentFrame = [Controls], associated text = [Cut], tooltip text = [No getTooltipText() method found], title = [No getTitle() method found]
[16-32-45] [SYSTEM_IO]: [User Write] User was written to file: 7d7ebb00-81fe-329f-8a78-62f463d0b7da\Userdata.json [2x]
[16-32-45] [ACTION]: Component name = [cyder.ui.CyderButton], bounds = [(320, 100, 30, 35)], hash = [1281977921], parentFrame = [Controls], associated text = [<], tooltip text = [No getTooltipText() method found], title = [No getTitle() method found]
[16-32-48] [ACTION]: Component name = [cyder.ui.CyderButton], bounds = [(460, 90, 80, 45)], hash = [2073994589], parentFrame = [Controls], associated text = [Crop], tooltip text = [No getTooltipText() method found], title = [No getTitle() method found] [2x]
[16-32-49] [SYSTEM_IO]: [User Write] User was written to file: 7d7ebb00-81fe-329f-8a78-62f463d0b7da\Userdata.json
[16-32-49] [ACTION]: Component name = [cyder.ui.CyderButton], bounds = [(320, 100, 30, 35)], hash = [1281977921], parentFrame = [Controls], associated text = [<], tooltip text = [No getTooltipText() method found], title = [No getTitle() method found]
[16-32-52] [ACTION]: Component name = [cyder.ui.CyderButton], bounds = [(410, 90, 45, 45)], hash = [1543448907], parentFrame = [Controls], associated text = [<html><b>?</b></html>], tooltip text = [No getTooltipText() method found], title = [No getTitle() method found] [2x]
[16-32-52] [SYSTEM_IO]: [User Write] User was written to file: 7d7ebb00-81fe-329f-8a78-62f463d0b7da\Userdata.json
[16-32-54] [ACTION]: Component name = [cyder.ui.CyderButton], bounds = [(545, 90, 80, 45)], hash = [2017376669], parentFrame = [Controls], associated text = [Cut], tooltip text = [No getTooltipText() method found], title = [No getTitle() method found]
[16-32-56] [SYSTEM_IO]: [User Write] User was written to file: 7d7ebb00-81fe-329f-8a78-62f463d0b7da\Userdata.json
[16-32-57] [ACTION]: Component name = [cyder.ui.DragLabel], bounds = [(2, 2, 646, 28)], hash = [-14443363], parentFrame = [Controls], associated text = [No getText() method found], tooltip text = [No getTooltipText() method found], title = [No getTitle() method found]
[16-32-57] [ACTION]: CyderFrame disposed with fastclose: false, CyderFrame: Component name = [cyder.ui.CyderFrame], bounds = [(1540, 546, 650, 150)], hash = [203606628], parentFrame = [Object itself is the top level frame], associated text = [No getText() method found], tooltip text = [No getTooltipText() method found], title = [Controls]
[16-32-57] [THREAD STARTED]: Controls CyderFrame dispose thread
[16-32-57] [SYSTEM_IO]: Userdata requested: closeanimation
[16-33-00] [SYSTEM_IO]: [User Write] User was written to file: 7d7ebb00-81fe-329f-8a78-62f463d0b7da\Userdata.json
[16-33-23] [EOL]: Log completed, Cyder crashed unexpectedly: exit code: -9 External Stop, exceptions thrown: 0
