[16-48-22] [ENTRY]: [Nathan]
[16-48-22] [THREAD STARTED]: Singular Cyder Instance Ensurer
[16-48-23] [THREAD STARTED]: Splash Loader
[16-48-23] [THREAD STARTED]: Splash Animation
[16-48-24] [DEBUG]: Method annotated with @Widget is not named showGUI(); name: FathersDay2021
[16-48-24] [DEBUG]: Method annotated with @Widget is not named showGUI(); name: Birthday2021
[16-48-24] [DEBUG]: Method annotated with @Widget is not named showGUI(); name: Christmas2021
[16-48-24] [DEBUG]: Method annotated with @Widget is not named showGUI(); name: Christmas2020
[16-48-24] [DEBUG]: Method annotated with @ManualTest does not end with test; name: launchTests
[16-48-24] [THREAD STARTED]: Cyder Start Secondary Subroutines
[16-48-24] [LOGIN]: [AUTOCYPHER ATTEMPT]
[16-48-24] [JAVA ARGS]: [LOCATION] [La casa de Nathan]
[16-48-24] [ACTION]: Requested deletion of: C:\Users\Nathan\Documents\IntelliJava\Cyder\dynamic\tmp
[16-48-24] [ACTION]: [DELETION FAILED] C:\Users\Nathan\Documents\IntelliJava\Cyder\dynamic\tmp
[16-48-24] [SYSTEM_IO]: [User Write] User was written to file: 7d7ebb00-81fe-329f-8a78-62f463d0b7da\Userdata.json [4x]
[16-48-24] [LOGIN]: [[AUTOCYPHER PASS]: 7d7ebb00-81fe-329f-8a78-62f463d0b7da]
[16-48-24] [SYSTEM_IO]: [User Write] User was written to file: 7d7ebb00-81fe-329f-8a78-62f463d0b7da\Userdata.json
[16-48-24] [SYSTEM_IO]: Userdata requested: RandomBackground
[16-48-24] [SYSTEM_IO]: Userdata requested: FullScreen
[16-48-24] [SYSTEM_IO]: Userdata requested: fullscreen
[16-48-24] [SYSTEM_IO]: Userdata requested: FullScreen [2x]
[16-48-25] [THREAD STARTED]: Console Printing Animation
[16-48-25] [SYSTEM_IO]: Userdata requested: OutputBorder
[16-48-25] [SYSTEM_IO]: Userdata requested: FullScreen
[16-48-25] [SYSTEM_IO]: Userdata requested: InputBorder
[16-48-25] [THREAD STARTED]: Console Input Caret Position Updater
[16-48-25] [SYSTEM_IO]: Userdata requested: OutputFill
[16-48-25] [SYSTEM_IO]: Userdata requested: InputFill
[16-48-25] [THREAD STARTED]: High Ping Checker
[16-48-25] [THREAD STARTED]: Hourly Chime Checker
[16-48-25] [THREAD STARTED]: Console Clock Updater
[16-48-25] [THREAD STARTED]: Cyder Busy Checker
[16-48-25] [THREAD STARTED]: ConsoleFrame Data Saver
[16-48-25] [ACTION]: Console loaded in 3052ms
[16-48-25] [THREAD STARTED]: Component name = [cyder.ui.ConsoleFrame], bounds = [(1306, 514, 842, 638)], hash = [1455855843], parentFrame = [Object itself is the top level frame], associated text = [No getText() method found], tooltip text = [No getTooltipText() method found], title = [Insomnia Cyder [Nathan]] notification queue checker
[16-48-25] [ACTION]: CyderFrame disposed with fastclose: true, CyderFrame: Component name = [cyder.ui.CyderFrame], bounds = [(980, 396, 600, 600)], hash = [184488480], parentFrame = [Object itself is the top level frame], associated text = [No getText() method found], tooltip text = [No getTooltipText() method found], title = [Cyder Splash]
[16-48-25] [THREAD STARTED]: Cyder Splash CyderFrame dispose thread
[16-48-25] [SYSTEM_IO]: Userdata requested: DebugWindows
[16-48-25] [ENTRY]: [TESTING MODE]
[16-48-25] [ACTION]: [Insomnia Cyder [Nathan]] [NOTIFICATION] Console loaded in 3052ms
[16-48-25] [THREAD STARTED]: notification appear animation
[16-48-25] [SYSTEM_IO]: Userdata requested: laststart
[16-48-25] [SYSTEM_IO]: [User Write] User was written to file: 7d7ebb00-81fe-329f-8a78-62f463d0b7da\Userdata.json
[16-48-25] [SYSTEM_IO]: Userdata requested: persistentnotifications
[16-48-25] [THREAD STARTED]: Notificaiton vanish animater -785436071
[16-48-28] [SYSTEM_IO]: [User Write] User was written to file: 7d7ebb00-81fe-329f-8a78-62f463d0b7da\Userdata.json
[16-48-29] [ACTION]: Component name = [cyder.ui.CyderButton], bounds = [(410, 90, 45, 45)], hash = [49541508], parentFrame = [Controls], associated text = [<html><b>?</b></html>], tooltip text = [No getTooltipText() method found], title = [No getTitle() method found]
[16-48-31] [ACTION]: Component name = [cyder.ui.CyderButton], bounds = [(460, 90, 80, 45)], hash = [1784203882], parentFrame = [Controls], associated text = [Crop], tooltip text = [No getTooltipText() method found], title = [No getTitle() method found]
[16-48-31] [SYSTEM_IO]: [User Write] User was written to file: 7d7ebb00-81fe-329f-8a78-62f463d0b7da\Userdata.json
[16-48-32] [ACTION]: Component name = [cyder.ui.CyderButton], bounds = [(320, 100, 30, 35)], hash = [1906404701], parentFrame = [Controls], associated text = [<], tooltip text = [No getTooltipText() method found], title = [No getTitle() method found]
[16-48-34] [ACTION]: Component name = [cyder.ui.CyderButton], bounds = [(545, 90, 80, 45)], hash = [26706343], parentFrame = [Controls], associated text = [Cut], tooltip text = [No getTooltipText() method found], title = [No getTitle() method found]
[16-48-35] [SYSTEM_IO]: [User Write] User was written to file: 7d7ebb00-81fe-329f-8a78-62f463d0b7da\Userdata.json
[16-48-36] [ACTION]: Component name = [cyder.ui.CyderButton], bounds = [(320, 100, 30, 35)], hash = [1906404701], parentFrame = [Controls], associated text = [<], tooltip text = [No getTooltipText() method found], title = [No getTitle() method found]
[16-48-38] [ACTION]: Component name = [cyder.ui.CyderButton], bounds = [(545, 90, 80, 45)], hash = [26706343], parentFrame = [Controls], associated text = [Cut], tooltip text = [No getTooltipText() method found], title = [No getTitle() method found]
[16-48-39] [SYSTEM_IO]: [User Write] User was written to file: 7d7ebb00-81fe-329f-8a78-62f463d0b7da\Userdata.json
[16-48-41] [ACTION]: Component name = [cyder.ui.CyderButton], bounds = [(410, 90, 45, 45)], hash = [49541508], parentFrame = [Controls], associated text = [<html><b>?</b></html>], tooltip text = [No getTooltipText() method found], title = [No getTitle() method found]
[16-48-47] [SYSTEM_IO]: [User Write] User was written to file: 7d7ebb00-81fe-329f-8a78-62f463d0b7da\Userdata.json [2x]
[16-48-47] [ACTION]: Component name = [cyder.ui.CyderButton], bounds = [(410, 90, 45, 45)], hash = [49541508], parentFrame = [Controls], associated text = [<html><b>?</b></html>], tooltip text = [No getTooltipText() method found], title = [No getTitle() method found]
[16-48-49] [ACTION]: Component name = [cyder.ui.CyderButton], bounds = [(545, 90, 80, 45)], hash = [26706343], parentFrame = [Controls], associated text = [Cut], tooltip text = [No getTooltipText() method found], title = [No getTitle() method found]
[16-48-50] [SYSTEM_IO]: [User Write] User was written to file: 7d7ebb00-81fe-329f-8a78-62f463d0b7da\Userdata.json
[16-48-52] [ACTION]: Component name = [cyder.ui.CyderButton], bounds = [(545, 90, 80, 45)], hash = [26706343], parentFrame = [Controls], associated text = [Cut], tooltip text = [No getTooltipText() method found], title = [No getTitle() method found]
[16-48-54] [SYSTEM_IO]: [User Write] User was written to file: 7d7ebb00-81fe-329f-8a78-62f463d0b7da\Userdata.json
[16-48-55] [ACTION]: Component name = [cyder.ui.CyderButton], bounds = [(545, 90, 80, 45)], hash = [26706343], parentFrame = [Controls], associated text = [Cut], tooltip text = [No getTooltipText() method found], title = [No getTitle() method found]
[16-48-56] [ACTION]: Component name = [cyder.ui.DragLabel], bounds = [(2, 2, 646, 28)], hash = [-14443363], parentFrame = [Controls], associated text = [No getText() method found], tooltip text = [No getTooltipText() method found], title = [No getTitle() method found]
[16-48-56] [ACTION]: CyderFrame disposed with fastclose: false, CyderFrame: Component name = [cyder.ui.CyderFrame], bounds = [(1722, 149, 650, 150)], hash = [1837363660], parentFrame = [Object itself is the top level frame], associated text = [No getText() method found], tooltip text = [No getTooltipText() method found], title = [Controls]
[16-48-56] [THREAD STARTED]: Controls CyderFrame dispose thread
[16-48-56] [SYSTEM_IO]: Userdata requested: closeanimation
[16-48-57] [ACTION]: Component name = [cyder.ui.DragLabel], bounds = [(2, 2, 796, 28)], hash = [-14299213], parentFrame = [Paint], associated text = [No getText() method found], tooltip text = [No getTooltipText() method found], title = [No getTitle() method found]
[16-48-57] [ACTION]: CyderFrame disposed with fastclose: false, CyderFrame: Component name = [cyder.ui.CyderFrame], bounds = [(1327, 418, 800, 830)], hash = [761477817], parentFrame = [Object itself is the top level frame], associated text = [No getText() method found], tooltip text = [No getTooltipText() method found], title = [Paint]
[16-48-57] [THREAD STARTED]: Paint CyderFrame dispose thread
[16-48-57] [SYSTEM_IO]: Userdata requested: closeanimation
[16-48-57] [ACTION]: CyderFrame disposed with fastclose: true, CyderFrame: Component name = [cyder.ui.CyderFrame], bounds = [(1722, 149, 650, 150)], hash = [1837363660], parentFrame = [Object itself is the top level frame], associated text = [No getText() method found], tooltip text = [No getTooltipText() method found], title = [Controls]
[16-48-57] [THREAD STARTED]: Controls CyderFrame dispose thread
[16-48-58] [SYSTEM_IO]: [User Write] User was written to file: 7d7ebb00-81fe-329f-8a78-62f463d0b7da\Userdata.json
[16-48-58] [SYSTEM_IO]: Userdata requested: minimizeonclose
[16-48-58] [SYSTEM_IO]: [User Write] User was written to file: 7d7ebb00-81fe-329f-8a78-62f463d0b7da\Userdata.json
[16-48-58] [ACTION]: CyderFrame disposed with fastclose: false, CyderFrame: Component name = [cyder.ui.ConsoleFrame], bounds = [(1306, 514, 842, 638)], hash = [1455855843], parentFrame = [Object itself is the top level frame], associated text = [No getText() method found], tooltip text = [No getTooltipText() method found], title = [Insomnia Cyder [Nathan]]
[16-48-58] [THREAD STARTED]: Insomnia Cyder [Nathan] CyderFrame dispose thread
[16-48-58] [SYSTEM_IO]: Userdata requested: closeanimation
[16-48-58] [EXIT]: [RUNTIME] 36s
[16-48-58] [EOL]: Log completed, exiting Cyder with exit code: 0 [Genesis Controlled Exit], exceptions thrown: 0
