[17-15-58] [ENTRY]: [Nathan]
[17-15-59] [THREAD STARTED]: Singular Cyder Instance Ensurer
[17-15-59] [THREAD STARTED]: Splash Loader
[17-16-00] [THREAD STARTED]: Splash Animation
[17-16-00] [DEBUG]: Method annotated with @Widget is not named showGUI(); name: Birthday2021
[17-16-00] [DEBUG]: Method annotated with @Widget is not named showGUI(); name: Christmas2020
[17-16-00] [DEBUG]: Method annotated with @Widget is not named showGUI(); name: Christmas2021
[17-16-00] [DEBUG]: Method annotated with @Widget is not named showGUI(); name: FathersDay2021
[17-16-00] [DEBUG]: Method annotated with @ManualTest does not end with test; name: launchTests
[17-16-00] [THREAD STARTED]: Cyder Start Secondary Subroutines
[17-16-00] [LOGIN]: [AUTOCYPHER ATTEMPT]
[17-16-00] [JAVA ARGS]: [LOCATION] [La casa de Nathan]
[17-16-00] [ACTION]: Requested deletion of: C:\Users\Nathan\Documents\IntelliJava\Cyder\dynamic\tmp
[17-16-00] [ACTION]: [DELETION FAILED] C:\Users\Nathan\Documents\IntelliJava\Cyder\dynamic\tmp
[17-16-00] [SYSTEM_IO]: [User Write] User was written to file: 7d7ebb00-81fe-329f-8a78-62f463d0b7da\Userdata.json [4x]
[17-16-00] [LOGIN]: [[AUTOCYPHER PASS]: 7d7ebb00-81fe-329f-8a78-62f463d0b7da]
[17-16-00] [SYSTEM_IO]: [User Write] User was written to file: 7d7ebb00-81fe-329f-8a78-62f463d0b7da\Userdata.json
[17-16-00] [SYSTEM_IO]: Userdata requested: RandomBackground
[17-16-00] [SYSTEM_IO]: Userdata requested: FullScreen
[17-16-01] [SYSTEM_IO]: Userdata requested: fullscreen
[17-16-01] [SYSTEM_IO]: Userdata requested: FullScreen [2x]
[17-16-01] [THREAD STARTED]: Console Printing Animation
[17-16-01] [SYSTEM_IO]: Userdata requested: OutputBorder
[17-16-01] [SYSTEM_IO]: Userdata requested: FullScreen
[17-16-01] [SYSTEM_IO]: Userdata requested: InputBorder
[17-16-01] [THREAD STARTED]: Console Input Caret Position Updater
[17-16-01] [SYSTEM_IO]: Userdata requested: OutputFill
[17-16-01] [SYSTEM_IO]: Userdata requested: InputFill
[17-16-01] [THREAD STARTED]: High Ping Checker
[17-16-01] [THREAD STARTED]: Hourly Chime Checker
[17-16-01] [THREAD STARTED]: Console Clock Updater
[17-16-01] [THREAD STARTED]: Cyder Busy Checker
[17-16-01] [THREAD STARTED]: ConsoleFrame Data Saver
[17-16-01] [ACTION]: Console loaded in 2775ms
[17-16-01] [THREAD STARTED]: Component name = [cyder.ui.ConsoleFrame], bounds = [(1306, 514, 842, 638)], hash = [472991420], parentFrame = [Object itself is the top level frame], associated text = [No getText() method found], tooltip text = [No getTooltipText() method found], title = [Insomnia Cyder [Nathan]] notification queue checker
[17-16-01] [SYSTEM_IO]: Userdata requested: DebugWindows
[17-16-01] [ACTION]: CyderFrame disposed with fastclose: true, CyderFrame: Component name = [cyder.ui.CyderFrame], bounds = [(980, 396, 600, 600)], hash = [1875356640], parentFrame = [Object itself is the top level frame], associated text = [No getText() method found], tooltip text = [No getTooltipText() method found], title = [Cyder Splash]
[17-16-01] [ENTRY]: [TESTING MODE]
[17-16-01] [THREAD STARTED]: Cyder Splash CyderFrame dispose thread
[17-16-01] [ACTION]: [Insomnia Cyder [Nathan]] [NOTIFICATION] Console loaded in 2775ms
[17-16-01] [THREAD STARTED]: notification appear animation
[17-16-01] [SYSTEM_IO]: Userdata requested: laststart
[17-16-01] [SYSTEM_IO]: [User Write] User was written to file: 7d7ebb00-81fe-329f-8a78-62f463d0b7da\Userdata.json
[17-16-01] [SYSTEM_IO]: Userdata requested: persistentnotifications
[17-16-01] [THREAD STARTED]: Notificaiton vanish animater -377817478
[17-16-04] [SYSTEM_IO]: [User Write] User was written to file: 7d7ebb00-81fe-329f-8a78-62f463d0b7da\Userdata.json
[17-16-05] [ACTION]: Component name = [cyder.ui.CyderButton], bounds = [(410, 90, 45, 45)], hash = [1047076236], parentFrame = [Controls], associated text = [<html><b>?</b></html>], tooltip text = [No getTooltipText() method found], title = [No getTitle() method found]
[17-16-08] [SYSTEM_IO]: [User Write] User was written to file: 7d7ebb00-81fe-329f-8a78-62f463d0b7da\Userdata.json
[17-16-08] [ACTION]: Component name = [cyder.ui.CyderButton], bounds = [(460, 90, 80, 45)], hash = [464541606], parentFrame = [Controls], associated text = [Crop], tooltip text = [No getTooltipText() method found], title = [No getTitle() method found]
[17-16-23] [SYSTEM_IO]: [User Write] User was written to file: 7d7ebb00-81fe-329f-8a78-62f463d0b7da\Userdata.json [4x]
[17-16-44] [EOL]: Log completed, Cyder crashed unexpectedly: exit code: -9 External Stop, exceptions thrown: 0
