[19-45-25] [ENTRY]: [Nathan]
[19-45-26] [THREAD STARTED]: Singular Cyder Instance Ensurer
[19-45-26] [THREAD STARTED]: Splash Loader
[19-45-27] [THREAD STARTED]: Splash Animation
[19-45-27] [DEBUG]: Method annotated with @Widget is not named showGUI(); name: Birthday2021
[19-45-27] [DEBUG]: Method annotated with @Widget is not named showGUI(); name: Christmas2021
[19-45-27] [DEBUG]: Method annotated with @Widget is not named showGUI(); name: FathersDay2021
[19-45-27] [DEBUG]: Method annotated with @Widget is not named showGUI(); name: Christmas2020
[19-45-27] [DEBUG]: Method annotated with @ManualTest does not end with test; name: launchTests
[19-45-27] [THREAD STARTED]: Cyder Start Secondary Subroutines
[19-45-27] [LOGIN]: [AUTOCYPHER ATTEMPT]
[19-45-27] [JAVA ARGS]: [LOCATION] [La casa de Nathan]
[19-45-27] [ACTION]: Requested deletion of: C:\Users\Nathan\Documents\IntelliJava\Cyder\dynamic\tmp
[19-45-27] [ACTION]: [DELETION FAILED] C:\Users\Nathan\Documents\IntelliJava\Cyder\dynamic\tmp
[19-45-27] [SYSTEM_IO]: [User Write] User was written to file: 7d7ebb00-81fe-329f-8a78-62f463d0b7da\Userdata.json [4x]
[19-45-27] [LOGIN]: [[AUTOCYPHER PASS]: 7d7ebb00-81fe-329f-8a78-62f463d0b7da]
[19-45-27] [SYSTEM_IO]: [User Write] User was written to file: 7d7ebb00-81fe-329f-8a78-62f463d0b7da\Userdata.json
[19-45-27] [SYSTEM_IO]: Userdata requested: RandomBackground
[19-45-27] [SYSTEM_IO]: Userdata requested: FullScreen
[19-45-28] [SYSTEM_IO]: Userdata requested: fullscreen
[19-45-28] [SYSTEM_IO]: Userdata requested: FullScreen [2x]
[19-45-28] [THREAD STARTED]: Console Printing Animation
[19-45-28] [SYSTEM_IO]: Userdata requested: OutputBorder
[19-45-28] [SYSTEM_IO]: Userdata requested: FullScreen
[19-45-28] [SYSTEM_IO]: Userdata requested: InputBorder
[19-45-28] [THREAD STARTED]: Console Input Caret Position Updater
[19-45-28] [SYSTEM_IO]: Userdata requested: OutputFill
[19-45-28] [SYSTEM_IO]: Userdata requested: InputFill
[19-45-28] [THREAD STARTED]: High Ping Checker
[19-45-28] [THREAD STARTED]: Hourly Chime Checker
[19-45-28] [THREAD STARTED]: Console Clock Updater
[19-45-28] [THREAD STARTED]: Cyder Busy Checker
[19-45-28] [THREAD STARTED]: ConsoleFrame Data Saver
[19-45-28] [ACTION]: Console loaded in 2636ms
[19-45-28] [SYSTEM_IO]: Userdata requested: DebugWindows
[19-45-28] [ENTRY]: [TESTING MODE]
[19-45-28] [THREAD STARTED]: Component name = [cyder.ui.ConsoleFrame], bounds = [(1498, 115, 934, 628)], hash = [256346753], parentFrame = [Object itself is the top level frame], associated text = [No getText() method found], tooltip text = [No getTooltipText() method found], title = [Insomnia Cyder [Nathan]] notification queue checker
[19-45-28] [ACTION]: CyderFrame disposed with fastclose: true, CyderFrame: Component name = [cyder.ui.CyderFrame], bounds = [(980, 396, 600, 600)], hash = [388027030], parentFrame = [Object itself is the top level frame], associated text = [No getText() method found], tooltip text = [No getTooltipText() method found], title = [Cyder Splash]
[19-45-28] [THREAD STARTED]: Cyder Splash CyderFrame dispose thread
[19-45-28] [SYSTEM_IO]: Userdata requested: laststart
[19-45-28] [SYSTEM_IO]: [User Write] User was written to file: 7d7ebb00-81fe-329f-8a78-62f463d0b7da\Userdata.json
[19-45-28] [ACTION]: [Insomnia Cyder [Nathan]] [NOTIFICATION] Console loaded in 2636ms
[19-45-28] [THREAD STARTED]: notification appear animation
[19-45-28] [SYSTEM_IO]: Userdata requested: persistentnotifications
[19-45-28] [THREAD STARTED]: Notificaiton vanish animater 1456171713
[19-46-01] [SYSTEM_IO]: [User Write] User was written to file: 7d7ebb00-81fe-329f-8a78-62f463d0b7da\Userdata.json [9x]
[19-46-23] [EOL]: Log completed, Cyder crashed unexpectedly: exit code: -9 External Stop, exceptions thrown: 0
