[22-20-47] [ENTRY]: [Nathan]
[22-20-47] [THREAD STARTED]: Singular Cyder Instance Ensurer
[22-20-48] [THREAD STARTED]: Splash Loader
[22-20-48] [THREAD STARTED]: Splash Animation
[22-20-48] [DEBUG]: Method annotated with @Widget is not named showGUI(); name: Birthday2021
[22-20-48] [DEBUG]: Method annotated with @Widget is not named showGUI(); name: Christmas2021
[22-20-48] [DEBUG]: Method annotated with @Widget is not named showGUI(); name: FathersDay2021
[22-20-48] [DEBUG]: Method annotated with @Widget is not named showGUI(); name: Christmas2020
[22-20-48] [DEBUG]: Method annotated with @ManualTest does not end with test; name: launchTests
[22-20-48] [THREAD STARTED]: Cyder Start Secondary Subroutines
[22-20-48] [LOGIN]: [AUTOCYPHER ATTEMPT]
[22-20-48] [JAVA ARGS]: [LOCATION] [La casa de Nathan]
[22-20-48] [ACTION]: Requested deletion of: C:\Users\Nathan\Documents\IntelliJava\Cyder\dynamic\tmp
[22-20-48] [ACTION]: [DELETION FAILED] C:\Users\Nathan\Documents\IntelliJava\Cyder\dynamic\tmp
[22-20-49] [SYSTEM_IO]: [User Write] User was written to file: 7d7ebb00-81fe-329f-8a78-62f463d0b7da\Userdata.json [4x]
[22-20-49] [LOGIN]: [[AUTOCYPHER PASS]: 7d7ebb00-81fe-329f-8a78-62f463d0b7da]
[22-20-49] [SYSTEM_IO]: [User Write] User was written to file: 7d7ebb00-81fe-329f-8a78-62f463d0b7da\Userdata.json
[22-20-49] [SYSTEM_IO]: Userdata requested: RandomBackground
[22-20-49] [SYSTEM_IO]: Userdata requested: FullScreen
[22-20-49] [SYSTEM_IO]: Userdata requested: fullscreen
[22-20-49] [SYSTEM_IO]: Userdata requested: FullScreen [2x]
[22-20-49] [THREAD STARTED]: Console Printing Animation
[22-20-49] [SYSTEM_IO]: Userdata requested: OutputBorder
[22-20-49] [SYSTEM_IO]: Userdata requested: FullScreen
[22-20-49] [SYSTEM_IO]: Userdata requested: InputBorder
[22-20-49] [THREAD STARTED]: Console Input Caret Position Updater
[22-20-49] [SYSTEM_IO]: Userdata requested: OutputFill
[22-20-49] [SYSTEM_IO]: Userdata requested: InputFill
[22-20-49] [THREAD STARTED]: High Ping Checker
[22-20-49] [THREAD STARTED]: Hourly Chime Checker
[22-20-49] [THREAD STARTED]: Console Clock Updater
[22-20-49] [THREAD STARTED]: Cyder Busy Checker
[22-20-49] [THREAD STARTED]: ConsoleFrame Data Saver
[22-20-49] [ACTION]: Console loaded in 2728ms
[22-20-49] [THREAD STARTED]: Component name = [cyder.ui.ConsoleFrame], bounds = [(1498, 115, 934, 628)], hash = [256346753], parentFrame = [Object itself is the top level frame], associated text = [No getText() method found], tooltip text = [No getTooltipText() method found], title = [Insomnia Cyder [Nathan]] notification queue checker
[22-20-49] [ACTION]: CyderFrame disposed with fastclose: true, CyderFrame: Component name = [cyder.ui.CyderFrame], bounds = [(980, 396, 600, 600)], hash = [1257256215], parentFrame = [Object itself is the top level frame], associated text = [No getText() method found], tooltip text = [No getTooltipText() method found], title = [Cyder Splash]
[22-20-49] [THREAD STARTED]: Cyder Splash CyderFrame dispose thread
[22-20-49] [SYSTEM_IO]: Userdata requested: DebugWindows
[22-20-49] [ENTRY]: [TESTING MODE]
[22-20-50] [ACTION]: [Insomnia Cyder [Nathan]] [NOTIFICATION] Console loaded in 2728ms
[22-20-50] [THREAD STARTED]: notification appear animation
[22-20-50] [SYSTEM_IO]: Userdata requested: laststart
[22-20-50] [SYSTEM_IO]: [User Write] User was written to file: 7d7ebb00-81fe-329f-8a78-62f463d0b7da\Userdata.json
[22-20-50] [SYSTEM_IO]: Userdata requested: persistentnotifications
[22-20-50] [THREAD STARTED]: Notificaiton vanish animater -1739562191
[22-21-31] [SYSTEM_IO]: [User Write] User was written to file: 7d7ebb00-81fe-329f-8a78-62f463d0b7da\Userdata.json [11x]
[22-21-53] [EOL]: Log completed, Cyder crashed unexpectedly: exit code: -9 External Stop, exceptions thrown: 0
