[11-26-57] [ENTRY]: [Nathan]
[11-26-57] [SYSTEM_IO]: System data pared in IOUtil's static block
[11-26-57] [SYSTEM_IO]: Suggestions pared in IOUtil's static block
[11-26-57] [SYSTEM_IO]: Exit conditions pared in IOUtil's static block
[11-26-57] [SYSTEM_IO]: DebugHashes pared in IOUtil's static block
[11-26-58] [EXCEPTION]: 
Exception origin: cyder.utilities.IOUtil.fixLogs(IOUtil.java:705)
From line: 705
Trace: java.lang.NullPointerException
	at cyder.utilities.IOUtil.fixLogs(IOUtil.java:705)
	at cyder.genesis.Cyder.main(Cyder.java:94)
[11-26-59] [LOGIN]: [AUTOCYPHER ATTEMPT]
[11-26-59] [JAVA ARGS]: [LOCATION] [La casa de Nathan]
[11-26-59] [LOGIN]: [AUTOCYPHER PASS, e5a50641-21d1-3654-b738-c0e4b2dc61b1]
[11-26-59] [SYSTEM_IO]: Userdata requested: Name
[11-26-59] [SYSTEM_IO]: Userdata requested: RandomBackground
[11-26-59] [SYSTEM_IO]: Userdata requested: FullScreen
[11-26-59] [SYSTEM_IO]: Userdata requested: Name
[11-26-59] [SYSTEM_IO]: Userdata requested: Foreground
[11-26-59] [SYSTEM_IO]: Userdata requested: Foreground
[11-26-59] [SYSTEM_IO]: Userdata requested: FullScreen
[11-26-59] [SYSTEM_IO]: Userdata requested: FullScreen
[11-26-59] [SYSTEM_IO]: Userdata requested: Foreground
[11-26-59] [SYSTEM_IO]: Userdata requested: Font
[11-26-59] [SYSTEM_IO]: Userdata requested: OutputBorder
[11-26-59] [SYSTEM_IO]: Userdata requested: FullScreen
[11-26-59] [SYSTEM_IO]: Userdata requested: InputBorder
[11-26-59] [SYSTEM_IO]: Userdata requested: Foreground
[11-26-59] [SYSTEM_IO]: Userdata requested: Foreground
[11-26-59] [SYSTEM_IO]: Userdata requested: Foreground
[11-26-59] [SYSTEM_IO]: Userdata requested: Font
[11-26-59] [SYSTEM_IO]: Userdata requested: OutputFill
[11-26-59] [SYSTEM_IO]: Userdata requested: InputFill
[11-26-59] [ACTION]: CyderFrame disposed with fastclose: true, CyderFrame: Component name = [cyder.ui.CyderFrame], bounds = [(980, 396, 600, 600)], hash = [1307058492], parentFrame = [Object itself is the top level frame], associated text = [No getText() method found], tooltip text = [No getTooltipText() method found], title = [Cyder Splash]
[11-27-00] [ACTION]: Console loaded in 2749ms
[11-27-00] [SYSTEM_IO]: Userdata requested: DebugWindows
[11-27-00] [ENTRY]: [TESTING MODE]
[11-27-00] [SYSTEM_IO]: Userdata requested: laststart
[11-27-00] [ACTION]: [Stellar Cyder [Nathan]] [NOTIFICATION] Console loaded in 2749ms
[11-27-00] [SYSTEM_IO]: Userdata requested: persistentnotifications
[11-27-02] [SYSTEM_IO]: Userdata requested: minimizeanimation
[11-27-02] [SYSTEM_IO]: Userdata requested: Background
[11-27-04] [SYSTEM_IO]: Userdata requested: Background
[11-27-07] [SYSTEM_IO]: Userdata requested: Background
[11-27-10] [SYSTEM_IO]: Userdata requested: Background
[11-27-13] [SYSTEM_IO]: Userdata requested: minimizeonclose
[11-27-13] [SYSTEM_IO]: Userdata requested: Name
[11-27-13] [LOGOUT]: [Nathan]
[11-27-13] [ACTION]: CyderFrame disposed with fastclose: false, CyderFrame: Component name = [cyder.ui.ConsoleFrame], bounds = [(-1419, 183, 743, 708)], hash = [1807015220], parentFrame = [Object itself is the top level frame], associated text = [No getText() method found], tooltip text = [No getTooltipText() method found], title = [Stellar Cyder [Nathan]]
[11-27-13] [SYSTEM_IO]: Userdata requested: closeanimation
[11-27-13] [EXIT]: [RUNTIME] 16s
[11-27-13] [EOL]: Log completed, exiting Cyder with exit code: 25 [Genesis Controlled Exit], exceptions thrown: 1
