[12-40-13] [ENTRY]: [Nathan]
[12-40-13] [SYSTEM_IO]: System data pared in IOUtil's static block
[12-40-13] [SYSTEM_IO]: Suggestions pared in IOUtil's static block
[12-40-13] [SYSTEM_IO]: Exit conditions pared in IOUtil's static block
[12-40-13] [SYSTEM_IO]: DebugHashes pared in IOUtil's static block
[12-40-15] [EXCEPTION]: 
Exception origin: cyder.utilities.IOUtil.fixLogs(IOUtil.java:705)
From line: 705
Trace: java.lang.NullPointerException
	at cyder.utilities.IOUtil.fixLogs(IOUtil.java:705)
	at cyder.genesis.Cyder.main(Cyder.java:94)
[12-40-15] [LOGIN]: [AUTOCYPHER ATTEMPT]
[12-40-15] [JAVA ARGS]: [LOCATION] [La casa de Nathan]
[12-40-15] [LOGIN]: [AUTOCYPHER PASS, e5a50641-21d1-3654-b738-c0e4b2dc61b1]
[12-40-15] [SYSTEM_IO]: Userdata requested: Name
[12-40-15] [SYSTEM_IO]: Userdata requested: RandomBackground
[12-40-15] [SYSTEM_IO]: Userdata requested: FullScreen
[12-40-16] [SYSTEM_IO]: Userdata requested: Name
[12-40-16] [SYSTEM_IO]: Userdata requested: Foreground
[12-40-16] [SYSTEM_IO]: Userdata requested: Foreground
[12-40-16] [SYSTEM_IO]: Userdata requested: FullScreen
[12-40-16] [SYSTEM_IO]: Userdata requested: FullScreen
[12-40-16] [SYSTEM_IO]: Userdata requested: Foreground
[12-40-16] [SYSTEM_IO]: Userdata requested: Font
[12-40-16] [SYSTEM_IO]: Userdata requested: OutputBorder
[12-40-16] [SYSTEM_IO]: Userdata requested: FullScreen
[12-40-16] [SYSTEM_IO]: Userdata requested: InputBorder
[12-40-16] [SYSTEM_IO]: Userdata requested: Foreground
[12-40-16] [SYSTEM_IO]: Userdata requested: Foreground
[12-40-16] [SYSTEM_IO]: Userdata requested: Foreground
[12-40-16] [SYSTEM_IO]: Userdata requested: Font
[12-40-16] [SYSTEM_IO]: Userdata requested: OutputFill
[12-40-16] [SYSTEM_IO]: Userdata requested: InputFill
[12-40-16] [ACTION]: CyderFrame disposed with fastclose: true, CyderFrame: Component name = [cyder.ui.CyderFrame], bounds = [(980, 396, 600, 600)], hash = [837969368], parentFrame = [Object itself is the top level frame], associated text = [No getText() method found], tooltip text = [No getTooltipText() method found], title = [Cyder Splash]
[12-40-16] [ACTION]: Console loaded in 3009ms
[12-40-16] [SYSTEM_IO]: Userdata requested: DebugWindows
[12-40-16] [ENTRY]: [TESTING MODE]
[12-40-16] [SYSTEM_IO]: Userdata requested: laststart
[12-40-16] [ACTION]: [Stellar Cyder [Nathan]] [NOTIFICATION] Console loaded in 3009ms
[12-40-16] [SYSTEM_IO]: Userdata requested: persistentnotifications
[12-40-41] [SYSTEM_IO]: Userdata requested: minimizeanimation
[12-40-41] [SYSTEM_IO]: Userdata requested: Background
[12-40-42] [SYSTEM_IO]: Userdata requested: Background
[12-40-46] [SYSTEM_IO]: Userdata requested: minimizeonclose
[12-40-46] [SYSTEM_IO]: Userdata requested: Name
[12-40-46] [LOGOUT]: [Nathan]
[12-40-46] [ACTION]: CyderFrame disposed with fastclose: false, CyderFrame: Component name = [cyder.ui.ConsoleFrame], bounds = [(-1459, 379, 743, 708)], hash = [271095942], parentFrame = [Object itself is the top level frame], associated text = [No getText() method found], tooltip text = [No getTooltipText() method found], title = [Stellar Cyder [Nathan]]
[12-40-46] [SYSTEM_IO]: Userdata requested: closeanimation
[12-40-46] [EXIT]: [RUNTIME] 32s
[12-40-46] [EOL]: Log completed, exiting Cyder with exit code: 25 [Genesis Controlled Exit], exceptions thrown: 1
