[17-52-39] [ENTRY]: [Nathan]
[17-52-39] [SYSTEM_IO]: System data pared in IOUtil's static block
[17-52-39] [SYSTEM_IO]: Suggestions pared in IOUtil's static block
[17-52-39] [SYSTEM_IO]: Exit conditions pared in IOUtil's static block
[17-52-39] [SYSTEM_IO]: DebugHashes pared in IOUtil's static block
[17-52-40] [WIDGET OPENED]: LOGIN
[17-52-40] [JAVA ARGS]: [LOCATION] [La casa de Nathan]
[17-52-41] [ACTION]: CyderFrame disposed with fastclose: true, CyderFrame: Component name = [cyder.ui.CyderFrame], bounds = [(980, 396, 600, 600)], hash = [1582141558], parentFrame = [Object itself is the top level frame], associated text = [No getText() method found], tooltip text = [No getTooltipText() method found], title = [Cyder Splash]
[17-52-47] [CLIENT_IO]: [LOGIN FRAME] login
[17-52-48] [CLIENT_IO]: [LOGIN FRAME] nathan
[17-52-49] [LOGIN]: [LOGIN FAIL]
[17-52-51] [CLIENT_IO]: [LOGIN FRAME] login
[17-52-52] [CLIENT_IO]: [LOGIN FRAME] karla
[17-52-53] [EXCEPTION]:
Exception origin: cyder.utilities.UserUtil.fixUser(UserUtil.java:283)
From line: 283
Trace: java.lang.NullPointerException
at cyder.utilities.UserUtil.fixUser(UserUtil.java:283)
at cyder.ui.ConsoleFrame.setUUID(ConsoleFrame.java:1728)
at cyder.utilities.UserUtil.checkPassword(UserUtil.java:646)
at cyder.handlers.internal.LoginHandler.recognize(LoginHandler.java:395)
at cyder.handlers.internal.LoginHandler$3.keyTyped(LoginHandler.java:269)
at java.desktop/java.awt.Component.processKeyEvent(Component.java:6533)
at java.desktop/javax.swing.JComponent.processKeyEvent(JComponent.java:2850)
at java.desktop/java.awt.Component.processEvent(Component.java:6355)
at java.desktop/java.awt.Container.processEvent(Container.java:2259)
at java.desktop/java.awt.Component.dispatchEventImpl(Component.java:4961)
at java.desktop/java.awt.Container.dispatchEventImpl(Container.java:2317)
at java.desktop/java.awt.Component.dispatchEvent(Component.java:4793)
at java.desktop/java.awt.KeyboardFocusManager.redispatchEvent(KeyboardFocusManager.java:1955)
at java.desktop/java.awt.DefaultKeyboardFocusManager.dispatchKeyEvent(DefaultKeyboardFocusManager.java:827)
at java.desktop/java.awt.DefaultKeyboardFocusManager.preDispatchKeyEvent(DefaultKeyboardFocusManager.java:1096)
at java.desktop/java.awt.DefaultKeyboardFocusManager.typeAheadAssertions(DefaultKeyboardFocusManager.java:966)
at java.desktop/java.awt.DefaultKeyboardFocusManager.dispatchEvent(DefaultKeyboardFocusManager.java:792)
at java.desktop/java.awt.Component.dispatchEventImpl(Component.java:4842)
at java.desktop/java.awt.Container.dispatchEventImpl(Container.java:2317)
at java.desktop/java.awt.Window.dispatchEventImpl(Window.java:2758)
at java.desktop/java.awt.Component.dispatchEvent(Component.java:4793)
at java.desktop/java.awt.EventQueue.dispatchEventImpl(EventQueue.java:766)
at java.desktop/java.awt.EventQueue.access$500(EventQueue.java:97)
at java.desktop/java.awt.EventQueue$3.run(EventQueue.java:717)
at java.desktop/java.awt.EventQueue$3.run(EventQueue.java:711)
at java.base/java.security.AccessController.doPrivileged(Native Method)
at java.base/java.security.ProtectionDomain$JavaSecurityAccessImpl.doIntersectionPrivilege(ProtectionDomain.java:89)
at java.base/java.security.ProtectionDomain$JavaSecurityAccessImpl.doIntersectionPrivilege(ProtectionDomain.java:99)
at java.desktop/java.awt.EventQueue$4.run(EventQueue.java:739)
at java.desktop/java.awt.EventQueue$4.run(EventQueue.java:737)
at java.base/java.security.AccessController.doPrivileged(Native Method)
at java.base/java.security.ProtectionDomain$JavaSecurityAccessImpl.doIntersectionPrivilege(ProtectionDomain.java:89)
at java.desktop/java.awt.EventQueue.dispatchEvent(EventQueue.java:736)
at java.desktop/java.awt.EventDispatchThread.pumpOneEventForFilters(EventDispatchThread.java:199)
at java.desktop/java.awt.EventDispatchThread.pumpEventsForFilter(EventDispatchThread.java:124)
at java.desktop/java.awt.EventDispatchThread.pumpEventsForHierarchy(EventDispatchThread.java:113)
at java.desktop/java.awt.EventDispatchThread.pumpEvents(EventDispatchThread.java:109)
at java.desktop/java.awt.EventDispatchThread.pumpEvents(EventDispatchThread.java:101)
at java.desktop/java.awt.EventDispatchThread.run(EventDispatchThread.java:90)
[17-52-54] [LOGIN]: [STD LOGIN, 2a932b71-81a7-3e89-b550-17e6b912697b]
[17-52-54] [SYSTEM_IO]: Userdata requested: Name
[17-52-54] [SYSTEM_IO]: Userdata requested: RandomBackground
[17-52-54] [SYSTEM_IO]: Userdata requested: FullScreen
[17-52-54] [SYSTEM_IO]: Userdata requested: Name
[17-52-54] [SYSTEM_IO]: Userdata requested: Foreground [2x]
[17-52-54] [SYSTEM_IO]: Userdata requested: FullScreen [2x]
[17-52-54] [SYSTEM_IO]: Userdata requested: Foreground
[17-52-54] [SYSTEM_IO]: Userdata requested: Font
[17-52-54] [SYSTEM_IO]: Userdata requested: OutputBorder
[17-52-54] [SYSTEM_IO]: Userdata requested: FullScreen
[17-52-54] [SYSTEM_IO]: Userdata requested: InputBorder
[17-52-54] [SYSTEM_IO]: Userdata requested: Foreground [3x]
[17-52-54] [SYSTEM_IO]: Userdata requested: Font
[17-52-54] [SYSTEM_IO]: Userdata requested: OutputFill
[17-52-54] [SYSTEM_IO]: Userdata requested: InputFill
[17-52-54] [ACTION]: CyderFrame disposed with fastclose: true, CyderFrame: Component name = [cyder.ui.CyderFrame], bounds = [(980, 396, 600, 600)], hash = [1582141558], parentFrame = [Object itself is the top level frame], associated text = [No getText() method found], tooltip text = [No getTooltipText() method found], title = [Cyder Splash]
[17-52-54] [ACTION]: CyderFrame disposed with fastclose: true, CyderFrame: Component name = [cyder.handlers.internal.LoginHandler], bounds = [(1483, 523, 600, 400)], hash = [1314838582], parentFrame = [Object itself is the top level frame], associated text = [No getText() method found], tooltip text = [No getTooltipText() method found], title = [Cyder Login [Stellar Build]]
[17-52-54] [ACTION]: Console loaded in 15261ms
[17-52-54] [ACTION]: CyderFrame disposed with fastclose: true, CyderFrame: Component name = [cyder.handlers.internal.LoginHandler], bounds = [(1483, 523, 600, 400)], hash = [1314838582], parentFrame = [Object itself is the top level frame], associated text = [No getText() method found], tooltip text = [No getTooltipText() method found], title = [Cyder Login [Stellar Build]]
[17-52-54] [SYSTEM_IO]: Userdata requested: DebugWindows
[17-52-54] [ENTRY]: [TESTING MODE]
[17-52-54] [SYSTEM_IO]: Userdata requested: laststart
[17-52-54] [ACTION]: [Stellar Cyder [karla]] [NOTIFICATION] Console loaded in 15261ms
[17-52-54] [SYSTEM_IO]: Userdata requested: persistentnotifications
[17-54-00] [EOL]: Log completed, Cyder crashed unexpectedly: exit code: -200 [External Stop], exceptions thrown: 1
