[18-26-10] [ENTRY]: [Nathan]
[18-26-10] [SYSTEM_IO]: System data pared in IOUtil's static block
[18-26-10] [SYSTEM_IO]: Suggestions pared in IOUtil's static block
[18-26-10] [SYSTEM_IO]: Exit conditions pared in IOUtil's static block
[18-26-10] [SYSTEM_IO]: DebugHashes pared in IOUtil's static block
[18-26-11] [WIDGET OPENED]: LOGIN
[18-26-11] [JAVA ARGS]: [LOCATION] [La casa de Nathan]
[18-26-11] [ACTION]: CyderFrame disposed with fastclose: true, CyderFrame: Component name = [cyder.ui.CyderFrame], bounds = [(980, 396, 600, 600)], hash = [1199850537], parentFrame = [Object itself is the top level frame], associated text = [No getText() method found], tooltip text = [No getTooltipText() method found], title = [Cyder Splash]
[18-26-14] [CLIENT_IO]: [LOGIN FRAME] create
[18-26-14] [WIDGET OPENED]: USER CREATED
[18-26-21] [ACTION]: Component name = [cyder.ui.CyderButton], bounds = [(60, 390, 240, 40)], hash = [1991063524], parentFrame = [Create User], associated text = [Create User], tooltip text = [No getTooltipText() method found], title = [No getTitle() method found]
[18-26-21] [SYSTEM_IO]: Userdata requested: name
[18-26-21] [ACTION]: CyderFrame disposed with fastclose: false, CyderFrame: Component name = [cyder.ui.CyderFrame], bounds = [(-1134, 313, 356, 473)], hash = [227252161], parentFrame = [Object itself is the top level frame], associated text = [No getText() method found], tooltip text = [No getTooltipText() method found], title = [Create User]
[18-26-23] [ACTION]: Component name = [cyder.ui.DragLabel], bounds = [(2, 2, 414, 28)], hash = [1709620385], parentFrame = [], associated text = [No getText() method found], tooltip text = [No getTooltipText() method found], title = [No getTitle() method found]
[18-26-23] [ACTION]: CyderFrame disposed with fastclose: false, CyderFrame: Component name = [cyder.ui.CyderFrame], bounds = [(536, 619, 418, 100)], hash = [515459486], parentFrame = [Object itself is the top level frame], associated text = [No getText() method found], tooltip text = [No getTooltipText() method found], title = [No getTitle() method found]
[18-26-25] [CLIENT_IO]: [LOGIN FRAME] login
[18-26-26] [CLIENT_IO]: [LOGIN FRAME] karla
[18-26-28] [EXCEPTION]:
Exception origin: cyder.utilities.UserUtil.fixUser(UserUtil.java:283)
From line: 283
Trace: java.lang.NullPointerException
at cyder.utilities.UserUtil.fixUser(UserUtil.java:283)
at cyder.ui.ConsoleFrame.setUUID(ConsoleFrame.java:1732)
at cyder.utilities.UserUtil.checkPassword(UserUtil.java:646)
at cyder.handlers.internal.LoginHandler.recognize(LoginHandler.java:395)
at cyder.handlers.internal.LoginHandler$3.keyTyped(LoginHandler.java:269)
at java.desktop/java.awt.Component.processKeyEvent(Component.java:6533)
at java.desktop/javax.swing.JComponent.processKeyEvent(JComponent.java:2850)
at java.desktop/java.awt.Component.processEvent(Component.java:6355)
at java.desktop/java.awt.Container.processEvent(Container.java:2259)
at java.desktop/java.awt.Component.dispatchEventImpl(Component.java:4961)
at java.desktop/java.awt.Container.dispatchEventImpl(Container.java:2317)
at java.desktop/java.awt.Component.dispatchEvent(Component.java:4793)
at java.desktop/java.awt.KeyboardFocusManager.redispatchEvent(KeyboardFocusManager.java:1955)
at java.desktop/java.awt.DefaultKeyboardFocusManager.dispatchKeyEvent(DefaultKeyboardFocusManager.java:827)
at java.desktop/java.awt.DefaultKeyboardFocusManager.preDispatchKeyEvent(DefaultKeyboardFocusManager.java:1096)
at java.desktop/java.awt.DefaultKeyboardFocusManager.typeAheadAssertions(DefaultKeyboardFocusManager.java:966)
at java.desktop/java.awt.DefaultKeyboardFocusManager.dispatchEvent(DefaultKeyboardFocusManager.java:792)
at java.desktop/java.awt.Component.dispatchEventImpl(Component.java:4842)
at java.desktop/java.awt.Container.dispatchEventImpl(Container.java:2317)
at java.desktop/java.awt.Window.dispatchEventImpl(Window.java:2758)
at java.desktop/java.awt.Component.dispatchEvent(Component.java:4793)
at java.desktop/java.awt.EventQueue.dispatchEventImpl(EventQueue.java:766)
at java.desktop/java.awt.EventQueue.access$500(EventQueue.java:97)
at java.desktop/java.awt.EventQueue$3.run(EventQueue.java:717)
at java.desktop/java.awt.EventQueue$3.run(EventQueue.java:711)
at java.base/java.security.AccessController.doPrivileged(Native Method)
at java.base/java.security.ProtectionDomain$JavaSecurityAccessImpl.doIntersectionPrivilege(ProtectionDomain.java:89)
at java.base/java.security.ProtectionDomain$JavaSecurityAccessImpl.doIntersectionPrivilege(ProtectionDomain.java:99)
at java.desktop/java.awt.EventQueue$4.run(EventQueue.java:739)
at java.desktop/java.awt.EventQueue$4.run(EventQueue.java:737)
at java.base/java.security.AccessController.doPrivileged(Native Method)
at java.base/java.security.ProtectionDomain$JavaSecurityAccessImpl.doIntersectionPrivilege(ProtectionDomain.java:89)
at java.desktop/java.awt.EventQueue.dispatchEvent(EventQueue.java:736)
at java.desktop/java.awt.EventDispatchThread.pumpOneEventForFilters(EventDispatchThread.java:199)
at java.desktop/java.awt.EventDispatchThread.pumpEventsForFilter(EventDispatchThread.java:124)
at java.desktop/java.awt.EventDispatchThread.pumpEventsForHierarchy(EventDispatchThread.java:113)
at java.desktop/java.awt.EventDispatchThread.pumpEvents(EventDispatchThread.java:109)
at java.desktop/java.awt.EventDispatchThread.pumpEvents(EventDispatchThread.java:101)
at java.desktop/java.awt.EventDispatchThread.run(EventDispatchThread.java:90)
[18-26-28] [LOGIN]: [STD LOGIN, d6b7060b-3468-39f8-bf8c-6f5187f41612]
[18-26-28] [SYSTEM_IO]: Userdata requested: Name
[18-26-28] [SYSTEM_IO]: Userdata requested: RandomBackground
[18-26-28] [SYSTEM_IO]: Userdata requested: FullScreen
[18-26-28] [SYSTEM_IO]: Userdata requested: Name
[18-26-28] [SYSTEM_IO]: Userdata requested: Foreground [2x]
[18-26-28] [SYSTEM_IO]: Userdata requested: FullScreen [2x]
[18-26-28] [SYSTEM_IO]: Userdata requested: Foreground
[18-26-28] [SYSTEM_IO]: Userdata requested: Font
[18-26-28] [SYSTEM_IO]: Userdata requested: OutputBorder
[18-26-28] [SYSTEM_IO]: Userdata requested: FullScreen
[18-26-28] [SYSTEM_IO]: Userdata requested: InputBorder
[18-26-28] [SYSTEM_IO]: Userdata requested: Foreground [3x]
[18-26-28] [SYSTEM_IO]: Userdata requested: Font
[18-26-28] [SYSTEM_IO]: Userdata requested: OutputFill
[18-26-28] [SYSTEM_IO]: Userdata requested: InputFill
[18-26-28] [ACTION]: CyderFrame disposed with fastclose: true, CyderFrame: Component name = [cyder.ui.CyderFrame], bounds = [(980, 396, 600, 600)], hash = [1199850537], parentFrame = [Object itself is the top level frame], associated text = [No getText() method found], tooltip text = [No getTooltipText() method found], title = [Cyder Splash]
[18-26-28] [ACTION]: CyderFrame disposed with fastclose: true, CyderFrame: Component name = [cyder.handlers.internal.LoginHandler], bounds = [(445, 469, 600, 400)], hash = [1924949331], parentFrame = [Object itself is the top level frame], associated text = [No getText() method found], tooltip text = [No getTooltipText() method found], title = [Cyder Login [Stellar Build]]
[18-26-28] [ACTION]: CyderFrame disposed with fastclose: true, CyderFrame: Component name = [cyder.ui.CyderFrame], bounds = [(-1134, -467, 356, 473)], hash = [227252161], parentFrame = [Object itself is the top level frame], associated text = [No getText() method found], tooltip text = [No getTooltipText() method found], title = [Create User]
[18-26-28] [ACTION]: CyderFrame disposed with fastclose: true, CyderFrame: Component name = [cyder.ui.CyderFrame], bounds = [(536, -86, 418, 100)], hash = [515459486], parentFrame = [Object itself is the top level frame], associated text = [No getText() method found], tooltip text = [No getTooltipText() method found], title = [No getTitle() method found]
[18-26-28] [ACTION]: Console loaded in 18776ms
[18-26-28] [ACTION]: CyderFrame disposed with fastclose: true, CyderFrame: Component name = [cyder.handlers.internal.LoginHandler], bounds = [(445, 469, 600, 400)], hash = [1924949331], parentFrame = [Object itself is the top level frame], associated text = [No getText() method found], tooltip text = [No getTooltipText() method found], title = [Cyder Login [Stellar Build]]
[18-26-28] [SYSTEM_IO]: Userdata requested: DebugWindows
[18-26-28] [ENTRY]: [TESTING MODE]
[18-26-28] [ACTION]: [Stellar Cyder [karla]] [NOTIFICATION] Console loaded in 18776ms
[18-26-28] [SYSTEM_IO]: Userdata requested: laststart
[18-26-28] [SYSTEM_IO]: Userdata requested: persistentnotifications
[18-26-33] [CLIENT]: logout
[18-26-33] [SYSTEM_IO]: Userdata requested: filterchat
[18-26-33] [SYSTEM_IO]: Userdata requested: Name
[18-26-33] [LOGOUT]: [karla]
[18-26-33] [ACTION]: CyderFrame disposed with fastclose: false, CyderFrame: Component name = [cyder.ui.ConsoleFrame], bounds = [(-929, 660, 1000, 1000)], hash = [838478699], parentFrame = [Object itself is the top level frame], associated text = [No getText() method found], tooltip text = [No getTooltipText() method found], title = [Stellar Cyder [karla]]
[18-26-33] [ACTION]: CyderFrame disposed with fastclose: false, CyderFrame: Component name = [cyder.ui.CyderFrame], bounds = [(980, 396, 600, 600)], hash = [1199850537], parentFrame = [Object itself is the top level frame], associated text = [No getText() method found], tooltip text = [No getTooltipText() method found], title = [Cyder Splash]
[18-26-33] [ACTION]: CyderFrame disposed with fastclose: false, CyderFrame: Component name = [cyder.handlers.internal.LoginHandler], bounds = [(445, 469, 600, 400)], hash = [1924949331], parentFrame = [Object itself is the top level frame], associated text = [No getText() method found], tooltip text = [No getTooltipText() method found], title = [Cyder Login [Stellar Build]]
[18-26-33] [SYSTEM_IO]: Userdata requested: closeanimation
[18-26-33] [ACTION]: CyderFrame disposed with fastclose: false, CyderFrame: Component name = [cyder.ui.CyderFrame], bounds = [(-1134, -467, 356, 473)], hash = [227252161], parentFrame = [Object itself is the top level frame], associated text = [No getText() method found], tooltip text = [No getTooltipText() method found], title = [Create User] [2x]
[18-26-33] [ACTION]: CyderFrame disposed with fastclose: false, CyderFrame: Component name = [cyder.ui.CyderFrame], bounds = [(536, -86, 418, 100)], hash = [515459486], parentFrame = [Object itself is the top level frame], associated text = [No getText() method found], tooltip text = [No getTooltipText() method found], title = [No getTitle() method found]
[18-26-33] [ACTION]: CyderFrame disposed with fastclose: false, CyderFrame: Component name = [cyder.ui.ConsoleFrame], bounds = [(-929, 660, 1000, 1000)], hash = [838478699], parentFrame = [Object itself is the top level frame], associated text = [No getText() method found], tooltip text = [No getTooltipText() method found], title = [Stellar Cyder [karla]]
[18-26-33] [WIDGET OPENED]: LOGIN
[18-26-33] [ACTION]: CyderFrame disposed with fastclose: true, CyderFrame: Component name = [cyder.handlers.internal.LoginHandler], bounds = [(445, 469, 600, 400)], hash = [1924949331], parentFrame = [Object itself is the top level frame], associated text = [No getText() method found], tooltip text = [No getTooltipText() method found], title = [Cyder Login [Stellar Build]]
[18-26-33] [SYSTEM_IO]: Userdata requested: closeanimation
[18-26-33] [ACTION]: CyderFrame disposed with fastclose: false, CyderFrame: Component name = [cyder.ui.CyderFrame], bounds = [(-1134, -467, 356, 473)], hash = [227252161], parentFrame = [Object itself is the top level frame], associated text = [No getText() method found], tooltip text = [No getTooltipText() method found], title = [Create User]
[18-26-33] [ACTION]: CyderFrame disposed with fastclose: true, CyderFrame: Component name = [cyder.ui.CyderFrame], bounds = [(980, 396, 600, 600)], hash = [1199850537], parentFrame = [Object itself is the top level frame], associated text = [No getText() method found], tooltip text = [No getTooltipText() method found], title = [Cyder Splash]
[18-26-33] [HANDLE]: GENERAL COMMAND HANDLED
[18-26-33] [HANDLE]: PRIMARY HANDLE
[18-26-34] [CLIENT_IO]: [LOGIN FRAME] login
[18-26-35] [CLIENT_IO]: [LOGIN FRAME] karla
[18-26-37] [EXCEPTION]:
Exception origin: cyder.utilities.UserUtil.fixUser(UserUtil.java:283)
From line: 283
Trace: java.lang.NullPointerException
at cyder.utilities.UserUtil.fixUser(UserUtil.java:283)
at cyder.ui.ConsoleFrame.setUUID(ConsoleFrame.java:1732)
at cyder.utilities.UserUtil.checkPassword(UserUtil.java:646)
at cyder.handlers.internal.LoginHandler.recognize(LoginHandler.java:395)
at cyder.handlers.internal.LoginHandler$3.keyTyped(LoginHandler.java:269)
at java.desktop/java.awt.Component.processKeyEvent(Component.java:6533)
at java.desktop/javax.swing.JComponent.processKeyEvent(JComponent.java:2850)
at java.desktop/java.awt.Component.processEvent(Component.java:6355)
at java.desktop/java.awt.Container.processEvent(Container.java:2259)
at java.desktop/java.awt.Component.dispatchEventImpl(Component.java:4961)
at java.desktop/java.awt.Container.dispatchEventImpl(Container.java:2317)
at java.desktop/java.awt.Component.dispatchEvent(Component.java:4793)
at java.desktop/java.awt.KeyboardFocusManager.redispatchEvent(KeyboardFocusManager.java:1955)
at java.desktop/java.awt.DefaultKeyboardFocusManager.dispatchKeyEvent(DefaultKeyboardFocusManager.java:827)
at java.desktop/java.awt.DefaultKeyboardFocusManager.preDispatchKeyEvent(DefaultKeyboardFocusManager.java:1096)
at java.desktop/java.awt.DefaultKeyboardFocusManager.typeAheadAssertions(DefaultKeyboardFocusManager.java:966)
at java.desktop/java.awt.DefaultKeyboardFocusManager.dispatchEvent(DefaultKeyboardFocusManager.java:792)
at java.desktop/java.awt.Component.dispatchEventImpl(Component.java:4842)
at java.desktop/java.awt.Container.dispatchEventImpl(Container.java:2317)
at java.desktop/java.awt.Window.dispatchEventImpl(Window.java:2758)
at java.desktop/java.awt.Component.dispatchEvent(Component.java:4793)
at java.desktop/java.awt.EventQueue.dispatchEventImpl(EventQueue.java:766)
at java.desktop/java.awt.EventQueue.access$500(EventQueue.java:97)
at java.desktop/java.awt.EventQueue$3.run(EventQueue.java:717)
at java.desktop/java.awt.EventQueue$3.run(EventQueue.java:711)
at java.base/java.security.AccessController.doPrivileged(Native Method)
at java.base/java.security.ProtectionDomain$JavaSecurityAccessImpl.doIntersectionPrivilege(ProtectionDomain.java:89)
at java.base/java.security.ProtectionDomain$JavaSecurityAccessImpl.doIntersectionPrivilege(ProtectionDomain.java:99)
at java.desktop/java.awt.EventQueue$4.run(EventQueue.java:739)
at java.desktop/java.awt.EventQueue$4.run(EventQueue.java:737)
at java.base/java.security.AccessController.doPrivileged(Native Method)
at java.base/java.security.ProtectionDomain$JavaSecurityAccessImpl.doIntersectionPrivilege(ProtectionDomain.java:89)
at java.desktop/java.awt.EventQueue.dispatchEvent(EventQueue.java:736)
at java.desktop/java.awt.EventDispatchThread.pumpOneEventForFilters(EventDispatchThread.java:199)
at java.desktop/java.awt.EventDispatchThread.pumpEventsForFilter(EventDispatchThread.java:124)
at java.desktop/java.awt.EventDispatchThread.pumpEventsForHierarchy(EventDispatchThread.java:113)
at java.desktop/java.awt.EventDispatchThread.pumpEvents(EventDispatchThread.java:109)
at java.desktop/java.awt.EventDispatchThread.pumpEvents(EventDispatchThread.java:101)
at java.desktop/java.awt.EventDispatchThread.run(EventDispatchThread.java:90)
[18-26-37] [LOGIN]: [STD LOGIN, d6b7060b-3468-39f8-bf8c-6f5187f41612]
[18-26-37] [ACTION]: CyderFrame disposed with fastclose: false, CyderFrame: Component name = [cyder.ui.ConsoleFrame], bounds = [(-929, -990, 1000, 1000)], hash = [838478699], parentFrame = [Object itself is the top level frame], associated text = [No getText() method found], tooltip text = [No getTooltipText() method found], title = [Stellar Cyder [karla]]
[18-26-37] [SYSTEM_IO]: Userdata requested: Name
[18-26-37] [SYSTEM_IO]: Userdata requested: RandomBackground
[18-26-37] [SYSTEM_IO]: Userdata requested: FullScreen
[18-26-37] [SYSTEM_IO]: Userdata requested: Name
[18-26-37] [SYSTEM_IO]: Userdata requested: Foreground [2x]
[18-26-37] [SYSTEM_IO]: Userdata requested: FullScreen [2x]
[18-26-37] [SYSTEM_IO]: Userdata requested: Foreground
[18-26-37] [SYSTEM_IO]: Userdata requested: Font
[18-26-37] [SYSTEM_IO]: Userdata requested: OutputBorder
[18-26-37] [SYSTEM_IO]: Userdata requested: FullScreen
[18-26-37] [SYSTEM_IO]: Userdata requested: InputBorder
[18-26-37] [SYSTEM_IO]: Userdata requested: Foreground [3x]
[18-26-37] [SYSTEM_IO]: Userdata requested: Font
[18-26-37] [SYSTEM_IO]: Userdata requested: OutputFill
[18-26-37] [SYSTEM_IO]: Userdata requested: InputFill
[18-26-37] [ACTION]: CyderFrame disposed with fastclose: true, CyderFrame: Component name = [cyder.ui.CyderFrame], bounds = [(980, 396, 600, 600)], hash = [1199850537], parentFrame = [Object itself is the top level frame], associated text = [No getText() method found], tooltip text = [No getTooltipText() method found], title = [Cyder Splash]
[18-26-37] [ACTION]: CyderFrame disposed with fastclose: true, CyderFrame: Component name = [cyder.handlers.internal.LoginHandler], bounds = [(445, 469, 600, 400)], hash = [1924949331], parentFrame = [Object itself is the top level frame], associated text = [No getText() method found], tooltip text = [No getTooltipText() method found], title = [Cyder Login [Stellar Build]]
[18-26-37] [ACTION]: CyderFrame disposed with fastclose: true, CyderFrame: Component name = [cyder.ui.CyderFrame], bounds = [(-1134, -467, 356, 473)], hash = [227252161], parentFrame = [Object itself is the top level frame], associated text = [No getText() method found], tooltip text = [No getTooltipText() method found], title = [Create User]
[18-26-37] [ACTION]: CyderFrame disposed with fastclose: true, CyderFrame: Component name = [cyder.ui.CyderFrame], bounds = [(536, -86, 418, 100)], hash = [515459486], parentFrame = [Object itself is the top level frame], associated text = [No getText() method found], tooltip text = [No getTooltipText() method found], title = [No getTitle() method found]
[18-26-37] [ACTION]: CyderFrame disposed with fastclose: true, CyderFrame: Component name = [cyder.ui.ConsoleFrame], bounds = [(-929, -990, 1000, 1000)], hash = [838478699], parentFrame = [Object itself is the top level frame], associated text = [No getText() method found], tooltip text = [No getTooltipText() method found], title = [Stellar Cyder [karla]]
[18-26-37] [ACTION]: CyderFrame disposed with fastclose: true, CyderFrame: Component name = [cyder.handlers.internal.LoginHandler], bounds = [(980, 496, 600, 400)], hash = [1262782214], parentFrame = [Object itself is the top level frame], associated text = [No getText() method found], tooltip text = [No getTooltipText() method found], title = [Cyder Login [Stellar Build]]
[18-26-37] [ACTION]: Console loaded in 18776ms
[18-26-37] [ACTION]: CyderFrame disposed with fastclose: true, CyderFrame: Component name = [cyder.handlers.internal.LoginHandler], bounds = [(980, 496, 600, 400)], hash = [1262782214], parentFrame = [Object itself is the top level frame], associated text = [No getText() method found], tooltip text = [No getTooltipText() method found], title = [Cyder Login [Stellar Build]]
[18-26-37] [ACTION]: [Stellar Cyder [karla]] [NOTIFICATION] Console loaded in 18776ms
[18-26-37] [SYSTEM_IO]: Userdata requested: DebugWindows
[18-26-37] [ENTRY]: [TESTING MODE]
[18-26-37] [SYSTEM_IO]: Userdata requested: laststart
[18-26-37] [SYSTEM_IO]: Userdata requested: persistentnotifications
[18-26-51] [SYSTEM_IO]: Userdata requested: minimizeonclose
[18-26-51] [SYSTEM_IO]: Userdata requested: Name
[18-26-51] [LOGOUT]: [karla]
[18-26-51] [ACTION]: CyderFrame disposed with fastclose: false, CyderFrame: Component name = [cyder.ui.ConsoleFrame], bounds = [(-1000, 0, 1000, 1000)], hash = [70591201], parentFrame = [Object itself is the top level frame], associated text = [No getText() method found], tooltip text = [No getTooltipText() method found], title = [Stellar Cyder [karla]]
[18-26-51] [SYSTEM_IO]: Userdata requested: closeanimation
[18-26-52] [EXIT]: [RUNTIME] 42s
[18-26-52] [EOL]: Log completed, exiting Cyder with exit code: 25 [Genesis Controlled Exit], exceptions thrown: 2
