[20-15-48] [ENTRY]: [Nathan]
[20-15-48] [SYSTEM_IO]: System data pared in IOUtil's static block
[20-15-48] [SYSTEM_IO]: Suggestions pared in IOUtil's static block
[20-15-48] [SYSTEM_IO]: Exit conditions pared in IOUtil's static block
[20-15-48] [SYSTEM_IO]: DebugHashes pared in IOUtil's static block
[20-15-50] [JAVA ARGS]: [LOCATION] [La casa de Nathan]
[20-15-50] [LOGIN]: [AUTOCYPHER ATTEMPT]
[20-15-50] [LOGIN]: [AUTOCYPHER PASS, e5a50641-21d1-3654-b738-c0e4b2dc61b1]
[20-15-50] [SYSTEM_IO]: Userdata requested: Name
[20-15-50] [SYSTEM_IO]: Userdata requested: RandomBackground
[20-15-50] [SYSTEM_IO]: Userdata requested: FullScreen
[20-15-51] [SYSTEM_IO]: Userdata requested: Name
[20-15-51] [SYSTEM_IO]: Userdata requested: Foreground [2x]
[20-15-51] [SYSTEM_IO]: Userdata requested: FullScreen [2x]
[20-15-51] [SYSTEM_IO]: Userdata requested: Foreground
[20-15-51] [SYSTEM_IO]: Userdata requested: Font
[20-15-51] [SYSTEM_IO]: Userdata requested: OutputBorder
[20-15-51] [SYSTEM_IO]: Userdata requested: FullScreen
[20-15-51] [SYSTEM_IO]: Userdata requested: InputBorder
[20-15-51] [SYSTEM_IO]: Userdata requested: Foreground [3x]
[20-15-51] [SYSTEM_IO]: Userdata requested: Font
[20-15-51] [SYSTEM_IO]: Userdata requested: OutputFill
[20-15-51] [SYSTEM_IO]: Userdata requested: InputFill
[20-15-51] [ACTION]: CyderFrame disposed with fastclose: true, CyderFrame: Component name = [cyder.ui.CyderFrame], bounds = [(980, 396, 600, 600)], hash = [506892493], parentFrame = [Object itself is the top level frame], associated text = [No getText() method found], tooltip text = [No getTooltipText() method found], title = [Cyder Splash]
[20-15-51] [ACTION]: Console loaded in 3193ms
[20-15-51] [SYSTEM_IO]: Userdata requested: DebugWindows
[20-15-51] [ENTRY]: [TESTING MODE]
[20-15-51] [SYSTEM_IO]: Userdata requested: laststart
[20-15-51] [ACTION]: [Stellar Cyder [Nathan]] [NOTIFICATION] Console loaded in 3193ms
[20-15-51] [SYSTEM_IO]: Userdata requested: persistentnotifications
[20-15-55] [SYSTEM_IO]: Userdata requested: Background
[20-15-56] [CLIENT]: logout
[20-15-56] [SYSTEM_IO]: Userdata requested: filterchat
[20-15-56] [SYSTEM_IO]: Userdata requested: Name
[20-15-56] [LOGOUT]: [Nathan]
[20-15-56] [ACTION]: CyderFrame disposed with fastclose: false, CyderFrame: Component name = [cyder.ui.ConsoleFrame], bounds = [(1974, 851, 743, 708)], hash = [1930240356], parentFrame = [Object itself is the top level frame], associated text = [No getText() method found], tooltip text = [No getTooltipText() method found], title = [Stellar Cyder [Nathan]]
[20-15-56] [ACTION]: CyderFrame disposed with fastclose: false, CyderFrame: Component name = [cyder.ui.CyderFrame], bounds = [(980, 396, 600, 600)], hash = [506892493], parentFrame = [Object itself is the top level frame], associated text = [No getText() method found], tooltip text = [No getTooltipText() method found], title = [Cyder Splash]
[20-15-56] [ACTION]: CyderFrame disposed with fastclose: false, CyderFrame: Component name = [cyder.ui.ConsoleFrame], bounds = [(1974, 851, 743, 708)], hash = [1930240356], parentFrame = [Object itself is the top level frame], associated text = [No getText() method found], tooltip text = [No getTooltipText() method found], title = [Stellar Cyder [Nathan]]
[20-15-56] [WIDGET OPENED]: LOGIN
[20-15-56] [SYSTEM_IO]: Userdata requested: closeanimation [2x]
[20-15-57] [ACTION]: CyderFrame disposed with fastclose: true, CyderFrame: Component name = [cyder.ui.CyderFrame], bounds = [(980, 396, 600, 600)], hash = [506892493], parentFrame = [Object itself is the top level frame], associated text = [No getText() method found], tooltip text = [No getTooltipText() method found], title = [Cyder Splash]
[20-15-57] [HANDLE]: GENERAL COMMAND HANDLED
[20-15-57] [HANDLE]: PRIMARY HANDLE
[20-16-05] [EOL]: Log completed, Cyder crashed unexpectedly: exit code: -200 [External Stop], exceptions thrown: 0
