[21-19-32] [ENTRY]: [Nathan]
[21-19-32] [SYSTEM_IO]: System data pared in IOUtil's static block
[21-19-32] [SYSTEM_IO]: Suggestions pared in IOUtil's static block
[21-19-32] [SYSTEM_IO]: Exit conditions pared in IOUtil's static block
[21-19-32] [SYSTEM_IO]: DebugHashes pared in IOUtil's static block
[21-19-34] [LOGIN]: [AUTOCYPHER ATTEMPT]
[21-19-34] [JAVA ARGS]: [LOCATION] [La casa de Nathan]
[21-19-34] [LOGIN]: [AUTOCYPHER PASS, e5a50641-21d1-3654-b738-c0e4b2dc61b1]
[21-19-34] [SYSTEM_IO]: Userdata requested: Name
[21-19-34] [SYSTEM_IO]: Userdata requested: RandomBackground
[21-19-34] [SYSTEM_IO]: Userdata requested: FullScreen
[21-19-35] [SYSTEM_IO]: Userdata requested: Name
[21-19-35] [SYSTEM_IO]: Userdata requested: Foreground
[21-19-35] [SYSTEM_IO]: Userdata requested: Foreground
[21-19-35] [SYSTEM_IO]: Userdata requested: FullScreen
[21-19-35] [SYSTEM_IO]: Userdata requested: FullScreen
[21-19-35] [SYSTEM_IO]: Userdata requested: Foreground
[21-19-35] [SYSTEM_IO]: Userdata requested: Font
[21-19-35] [SYSTEM_IO]: Userdata requested: OutputBorder
[21-19-35] [SYSTEM_IO]: Userdata requested: FullScreen
[21-19-35] [SYSTEM_IO]: Userdata requested: InputBorder
[21-19-35] [SYSTEM_IO]: Userdata requested: Foreground
[21-19-35] [SYSTEM_IO]: Userdata requested: Foreground
[21-19-35] [SYSTEM_IO]: Userdata requested: Foreground
[21-19-35] [SYSTEM_IO]: Userdata requested: Font
[21-19-35] [SYSTEM_IO]: Userdata requested: OutputFill
[21-19-35] [SYSTEM_IO]: Userdata requested: InputFill
[21-19-35] [ACTION]: CyderFrame disposed with fastclose: true, CyderFrame: Component name = [cyder.ui.CyderFrame], bounds = [(980, 396, 600, 600)], hash = [1172687335], parentFrame = [Object itself is the top level frame], associated text = [No getText() method found], tooltip text = [No getTooltipText() method found], title = [Cyder Splash]
[21-19-35] [ACTION]: Console loaded in 3307ms
[21-19-35] [SYSTEM_IO]: Userdata requested: DebugWindows
[21-19-35] [ENTRY]: [TESTING MODE]
[21-19-35] [SYSTEM_IO]: Userdata requested: laststart
[21-19-35] [ACTION]: [Stellar Cyder [Nathan]] [NOTIFICATION] Console loaded in 3307ms
[21-19-35] [SYSTEM_IO]: Userdata requested: persistentnotifications
[21-19-39] [CLIENT]: logout
[21-19-39] [SYSTEM_IO]: Userdata requested: filterchat
[21-19-39] [SYSTEM_IO]: Userdata requested: Name
[21-19-39] [LOGOUT]: [Nathan]
[21-19-39] [ACTION]: CyderFrame disposed with fastclose: false, CyderFrame: Component name = [cyder.ui.ConsoleFrame], bounds = [(922, 327, 743, 708)], hash = [105579928], parentFrame = [Object itself is the top level frame], associated text = [No getText() method found], tooltip text = [No getTooltipText() method found], title = [Stellar Cyder [Nathan]]
[21-19-39] [ACTION]: CyderFrame disposed with fastclose: false, CyderFrame: Component name = [cyder.ui.CyderFrame], bounds = [(980, 396, 600, 600)], hash = [1172687335], parentFrame = [Object itself is the top level frame], associated text = [No getText() method found], tooltip text = [No getTooltipText() method found], title = [Cyder Splash]
[21-19-39] [ACTION]: CyderFrame disposed with fastclose: false, CyderFrame: Component name = [cyder.ui.ConsoleFrame], bounds = [(922, 327, 743, 708)], hash = [105579928], parentFrame = [Object itself is the top level frame], associated text = [No getText() method found], tooltip text = [No getTooltipText() method found], title = [Stellar Cyder [Nathan]]
[21-19-39] [SYSTEM_IO]: Userdata requested: closeanimation
[21-19-39] [SYSTEM_IO]: Userdata requested: closeanimation
[21-19-39] [ACTION]: CyderFrame disposed with fastclose: true, CyderFrame: Component name = [cyder.ui.CyderFrame], bounds = [(980, 396, 600, 600)], hash = [1172687335], parentFrame = [Object itself is the top level frame], associated text = [No getText() method found], tooltip text = [No getTooltipText() method found], title = [Cyder Splash]
[21-19-39] [HANDLE]: GENERAL COMMAND HANDLED
[21-19-39] [HANDLE]: PRIMARY HANDLE
[21-19-40] [CLIENT_IO]: [LOGIN FRAME] Nathan@CypherLenovo:~$ ogin
[21-19-41] [CLIENT_IO]: [LOGIN FRAME] Nathan@CypherLenovo:~$ login
[21-19-41] [CLIENT_IO]: [LOGIN FRAME] Username: nathan
[21-19-42] [LOGIN]: [STD LOGIN, e5a50641-21d1-3654-b738-c0e4b2dc61b1]
[21-19-42] [ACTION]: CyderFrame disposed with fastclose: false, CyderFrame: Component name = [cyder.ui.ConsoleFrame], bounds = [(922, -708, 743, 708)], hash = [105579928], parentFrame = [Object itself is the top level frame], associated text = [No getText() method found], tooltip text = [No getTooltipText() method found], title = [Stellar Cyder [Nathan]]
[21-19-42] [SYSTEM_IO]: Userdata requested: Name
[21-19-42] [SYSTEM_IO]: Userdata requested: RandomBackground
[21-19-42] [SYSTEM_IO]: Userdata requested: FullScreen
[21-19-42] [SYSTEM_IO]: Userdata requested: Name
[21-19-42] [SYSTEM_IO]: Userdata requested: Foreground
[21-19-42] [SYSTEM_IO]: Userdata requested: Foreground
[21-19-42] [SYSTEM_IO]: Userdata requested: FullScreen
[21-19-42] [SYSTEM_IO]: Userdata requested: FullScreen
[21-19-42] [SYSTEM_IO]: Userdata requested: Foreground
[21-19-42] [SYSTEM_IO]: Userdata requested: Font
[21-19-42] [SYSTEM_IO]: Userdata requested: OutputBorder
[21-19-42] [SYSTEM_IO]: Userdata requested: FullScreen
[21-19-42] [SYSTEM_IO]: Userdata requested: InputBorder
[21-19-42] [SYSTEM_IO]: Userdata requested: Foreground
[21-19-42] [SYSTEM_IO]: Userdata requested: Foreground
[21-19-42] [SYSTEM_IO]: Userdata requested: Foreground
[21-19-42] [SYSTEM_IO]: Userdata requested: Font
[21-19-42] [SYSTEM_IO]: Userdata requested: OutputFill
[21-19-42] [SYSTEM_IO]: Userdata requested: InputFill
[21-19-42] [ACTION]: CyderFrame disposed with fastclose: true, CyderFrame: Component name = [cyder.ui.CyderFrame], bounds = [(980, 396, 600, 600)], hash = [1172687335], parentFrame = [Object itself is the top level frame], associated text = [No getText() method found], tooltip text = [No getTooltipText() method found], title = [Cyder Splash]
[21-19-42] [ACTION]: CyderFrame disposed with fastclose: true, CyderFrame: Component name = [cyder.ui.ConsoleFrame], bounds = [(922, -708, 743, 708)], hash = [105579928], parentFrame = [Object itself is the top level frame], associated text = [No getText() method found], tooltip text = [No getTooltipText() method found], title = [Stellar Cyder [Nathan]]
[21-19-42] [ACTION]: CyderFrame disposed with fastclose: true, CyderFrame: Component name = [cyder.ui.CyderFrame], bounds = [(980, 496, 600, 400)], hash = [872963047], parentFrame = [Object itself is the top level frame], associated text = [No getText() method found], tooltip text = [No getTooltipText() method found], title = [Cyder Login [Stellar Build]]
[21-19-43] [ACTION]: Console loaded in 3307ms
[21-19-43] [ACTION]: CyderFrame disposed with fastclose: true, CyderFrame: Component name = [cyder.ui.CyderFrame], bounds = [(980, 496, 600, 400)], hash = [872963047], parentFrame = [Object itself is the top level frame], associated text = [No getText() method found], tooltip text = [No getTooltipText() method found], title = [Cyder Login [Stellar Build]]
[21-19-43] [ACTION]: [Stellar Cyder [Nathan]] [NOTIFICATION] Console loaded in 3307ms
[21-19-43] [SYSTEM_IO]: Userdata requested: DebugWindows
[21-19-43] [ENTRY]: [TESTING MODE]
[21-19-43] [SYSTEM_IO]: Userdata requested: laststart
[21-19-43] [SYSTEM_IO]: Userdata requested: persistentnotifications
[21-20-12] [SYSTEM_IO]: Userdata requested: minimizeonclose
[21-20-12] [SYSTEM_IO]: Userdata requested: Name
[21-20-12] [LOGOUT]: [Nathan]
[21-20-12] [ACTION]: CyderFrame disposed with fastclose: false, CyderFrame: Component name = [cyder.ui.ConsoleFrame], bounds = [(372, 346, 743, 708)], hash = [741635363], parentFrame = [Object itself is the top level frame], associated text = [No getText() method found], tooltip text = [No getTooltipText() method found], title = [Stellar Cyder [Nathan]]
[21-20-12] [SYSTEM_IO]: Userdata requested: closeanimation
[21-20-13] [EXIT]: [RUNTIME] 40s
[21-20-13] [EOL]: Log completed, exiting Cyder with exit code: 25 [Genesis Controlled Exit], exceptions thrown: 0
