[21-14-02] [ENTRY]: [Nathan]
[21-14-02] [SYSTEM_IO]: System data pared in IOUtil's static block
[21-14-02] [SYSTEM_IO]: Suggestions pared in IOUtil's static block
[21-14-02] [SYSTEM_IO]: Exit conditions pared in IOUtil's static block
[21-14-02] [SYSTEM_IO]: DebugHashes pared in IOUtil's static block
[21-14-03] [LOGIN]: [AUTOCYPHER ATTEMPT]
[21-14-03] [JAVA ARGS]: [LOCATION] [La casa de Nathan]
[21-14-04] [LOGIN]: [AUTOCYPHER PASS, e5a50641-21d1-3654-b738-c0e4b2dc61b1]
[21-14-04] [SYSTEM_IO]: Userdata requested: Name
[21-14-04] [SYSTEM_IO]: Userdata requested: RandomBackground
[21-14-04] [SYSTEM_IO]: Userdata requested: FullScreen
[21-14-04] [SYSTEM_IO]: Userdata requested: Name
[21-14-04] [SYSTEM_IO]: Userdata requested: Foreground [2x]
[21-14-04] [SYSTEM_IO]: Userdata requested: FullScreen [2x]
[21-14-04] [SYSTEM_IO]: Userdata requested: Foreground
[21-14-04] [SYSTEM_IO]: Userdata requested: Font
[21-14-04] [SYSTEM_IO]: Userdata requested: OutputBorder
[21-14-04] [SYSTEM_IO]: Userdata requested: FullScreen
[21-14-04] [SYSTEM_IO]: Userdata requested: InputBorder
[21-14-04] [SYSTEM_IO]: Userdata requested: Foreground [3x]
[21-14-04] [SYSTEM_IO]: Userdata requested: Font
[21-14-04] [SYSTEM_IO]: Userdata requested: OutputFill
[21-14-04] [SYSTEM_IO]: Userdata requested: InputFill
[21-14-04] [ACTION]: CyderFrame disposed with fastclose: true, CyderFrame: Component name = [cyder.ui.CyderFrame], bounds = [(980, 396, 600, 600)], hash = [269889459], parentFrame = [Object itself is the top level frame], associated text = [No getText() method found], tooltip text = [No getTooltipText() method found], title = [Cyder Splash]
[21-14-04] [ACTION]: Console loaded in 3126ms
[21-14-04] [SYSTEM_IO]: Userdata requested: DebugWindows
[21-14-04] [ENTRY]: [TESTING MODE]
[21-14-04] [SYSTEM_IO]: Userdata requested: laststart
[21-14-05] [ACTION]: [Stellar Cyder [Nathan]] [NOTIFICATION] Console loaded in 3126ms
[21-14-05] [SYSTEM_IO]: Userdata requested: persistentnotifications
[21-14-11] [SYSTEM_IO]: Userdata requested: minimizeonclose
[21-14-11] [SYSTEM_IO]: Userdata requested: Name
[21-14-11] [LOGOUT]: [Nathan]
[21-14-11] [ACTION]: CyderFrame disposed with fastclose: false, CyderFrame: Component name = [cyder.ui.ConsoleFrame], bounds = [(1093, 556, 743, 708)], hash = [613784740], parentFrame = [Object itself is the top level frame], associated text = [No getText() method found], tooltip text = [No getTooltipText() method found], title = [Stellar Cyder [Nathan]]
[21-14-11] [SYSTEM_IO]: Userdata requested: closeanimation
[21-14-11] [EXIT]: [RUNTIME] 9s
[21-14-11] [EOL]: Log completed, exiting Cyder with exit code: 25 [Genesis Controlled Exit], exceptions thrown: 0
