          _____                _____                    _____                    _____                    _____
         /\    \              |\    \                  /\    \                  /\    \                  /\    \
        /::\    \             |:\____\                /::\    \                /::\    \                /::\    \
       /::::\    \            |::|   |               /::::\    \              /::::\    \              /::::\    \
      /::::::\    \           |::|   |              /::::::\    \            /::::::\    \            /::::::\    \
     /:::/\:::\    \          |::|   |             /:::/\:::\    \          /:::/\:::\    \          /:::/\:::\    \
    /:::/  \:::\    \         |::|   |            /:::/  \:::\    \        /:::/__\:::\    \        /:::/__\:::\    \
   /:::/    \:::\    \        |::|   |           /:::/    \:::\    \      /::::\   \:::\    \      /::::\   \:::\    \
  /:::/    / \:::\    \       |::|___|______    /:::/    / \:::\    \    /::::::\   \:::\    \    /::::::\   \:::\    \
 /:::/    /   \:::\    \      /::::::::\    \  /:::/    /   \:::\ ___\  /:::/\:::\   \:::\    \  /:::/\:::\   \:::\____\
/:::/____/     \:::\____\    /::::::::::\____\/:::/____/     \:::|    |/:::/__\:::\   \:::\____\/:::/  \:::\   \:::|    |
\:::\    \      \::/    /   /:::/~~~~/~~      \:::\    \     /:::|____|\:::\   \:::\   \::/    /\::/   |::::\  /:::|____|
 \:::\    \      \/____/   /:::/    /          \:::\    \   /:::/    /  \:::\   \:::\   \/____/  \/____|:::::\/:::/    /
  \:::\    \              /:::/    /            \:::\    \ /:::/    /    \:::\   \:::\    \            |:::::::::/    /
   \:::\    \            /:::/    /              \:::\    /:::/    /      \:::\   \:::\____\           |::|\::::/    /
    \:::\    \           \::/    /                \:::\  /:::/    /        \:::\   \::/    /           |::| \::/____/
     \:::\    \           \/____/                  \:::\/:::/    /          \:::\   \/____/            |::|  ~|
      \:::\    \                                    \::::::/    /            \:::\    \                |::|   |
       \:::\____\                                    \::::/    /              \:::\____\               \::|   |
        \::/    /                                     \::/____/                \::/    /                \:|   |
         \/____/                                       ~~                       \/____/                  \|___|


[11-08-25] [ENTRY]: Nathan
[11-08-25] [PROP LOADED]: [key = map_quest_api_key]
[11-08-25] [PROP LOADED]: [key = youtube_api_3_key]
[11-08-25] [PROP LOADED]: [key = ip_key]
[11-08-25] [PROP LOADED]: [key = weather_key]
[11-08-25] [PROP LOADED]: [key = debug_hash_name]
[11-08-25] [PROP LOADED]: [key = debug_hash_password]
[11-08-25] [PROP LOADED]: [key = default_weather_location, value = Austin,Tx,USA]
[11-08-25] [PROP LOADED]: [key = ignore_data, value = typinganimation,showseconds,roundedwindows,windowcolor,audiolength
           ,capsmode,typingsound,showbusyicon]
[11-08-25] [PROP LOADED]: [key = font_metric, value = 1]
[11-08-25] [PROP LOADED]: [key = released, value = false]
[11-08-25] [PROP LOADED]: [key = fast_test, value = false]
[11-08-25] [PROP LOADED]: [key = version, value = Liminal]
[11-08-25] [PROP LOADED]: [key = release_date, value = 22.6.2]
[11-08-25] [PROP LOADED]: [key = components_relocatable, value = false]
[11-08-25] [PROP LOADED]: [key = testing_mode, value = true]
[11-08-25] [PROP LOADED]: [key = autocypher, value = true]
[11-08-25] [PROP LOADED]: [key = dispose_splash, value = true]
[11-08-25] [PROP LOADED]: [key = wipe_logs_on_start, value = false]
[11-08-25] [PROP LOADED]: [key = activate_watchdog, value = false]
[11-08-25] [PROP LOADED]: [key = ffmpeg_audio_output_format, value = mp3]
[11-08-25] [PROP LOADED]: [key = printing_animation_char_timeout, value = 8]
[11-08-25] [PROP LOADED]: [key = printing_animation_line_timeout, value = 100]
[11-08-25] [PROP LOADED]: [key = ui_scale, value = 1.0]
[11-08-25] [THREAD STARTED]: Object Creation Logger
[11-08-26] [DEBUG]: Watchdog skipped
[11-08-26] [THREAD STARTED]: Singular Cyder Instance Ensurer
[11-08-26] [FONT LOADED]: agency-fb
[11-08-26] [FONT LOADED]: arial-black
[11-08-26] [FONT LOADED]: beyno
[11-08-26] [FONT LOADED]: condiment-regular
[11-08-26] [FONT LOADED]: prompt-bold
[11-08-26] [FONT LOADED]: segoe-ui-black
[11-08-26] [FONT LOADED]: tahoma
[11-08-26] [THREAD STARTED]: Splash Loader
[11-08-26] [SYSTEM IO]: Requested deletion of: C:\Users\Nathan\Documents\IntelliJava\Cyder\dynamic\tmp
[11-08-27] [THREAD STARTED]: Splash Animation
[11-08-27] [UNIQUE OBJECT CREATED]: ConsoleFrame singleton constructed
[11-08-27] [DEBUG]: Primary handler found with empty trigger: class = FileHandler
[11-08-27] [DEBUG]: Final handler found containing triggers: class = FrameMovementHandler
[11-08-27] [THREAD STARTED]: Secondary Subroutines Runner
[11-08-27] [LOGIN]: AUTOCYPHER ATTEMPT
[11-08-27] [THREAD STARTED]: JVM Args Logger
[11-08-28] [DEBUG]: Cyder Entry = AutoCypher
[11-08-28] [OBJECT CREATION]: Objects created since last delta (5s): 84
[11-08-28] [THREAD STARTED]: Console Printing Animation
[11-08-28] [THREAD STARTED]: High Ping Checker
[11-08-29] [THREAD STARTED]: Hourly Chime Checker
[11-08-29] [THREAD STARTED]: Console Clock Updater
[11-08-29] [THREAD STARTED]: Cyder Busy Checker
[11-08-29] [THREAD STARTED]: ConsoleFrame Stat Saver
[11-08-29] [THREAD STARTED]: [Cyder Splash] dispose() animation thread
[11-08-29] [UI]: CyderFrame disposed with fastclose: true, Component = CyderFrame, hash = 303990548, bounds = (980, 396,
           600, 600), parent frame = Component itself is a CyderFrame, getTitle() = Cyder Splash
[11-08-29] [BACKEND CRUD]: [PUT] Put of JVM args failed
[11-08-29] [CONSOLE LOADED]: [Nathan] [TESTING MODE]
[11-08-29] [THREAD STARTED]: Manual Tests Thread
[11-08-29] [CONSOLE OUT]: [STRING]: Console loaded in 3671ms
[11-08-29] [THREAD STARTED]: Taki taki - DJ Snake ft. Selena Gomez Progress Label Thread
[11-08-29] [THREAD STARTED]: Audio Progress Label Animator
[11-08-29] [DEBUG]: Attempted to log a new or empty line
[11-08-29] [THREAD STARTED]: [Taki taki - dj snake ft. selena gomez] finalizeAndShow()
[11-08-29] [THREAD STARTED]: Splash Loading Label Updater
[11-08-32] [SYSTEM IO]: [JSON WRITE] [Levenshtein = 5] User was written to file: 7d7ebb00-81fe-329f-8a78-62f463d0b7da
           \Userdata.json
[11-08-32] [SYSTEM IO]: Requested deletion of: C:\Users\Nathan\Documents\IntelliJava\Cyder\dynamic\backup\7d7ebb00-81fe-
           329f-8a78-62f463d0b7da_1653840406337.json
[11-08-32] [THREAD STARTED]: Taki taki - dj snake ft. selena gomez Menu Label Animator
[11-08-33] [OBJECT CREATION]: Objects created since last delta (5s): 37
[11-08-34] [UI]: Component = CyderLabel, hash = 1272276348, bounds = (0, 0, 450, 40), parent frame = Taki taki - dj
           snake ft. selena gomez, getText() = <html><div style='text-align: center;'>0s played, 3m 33s remaining</html>
[11-08-35] [THREAD STARTED]: AudioPlayer Play Audio Thread [Taki taki - DJ Snake ft. Selena Gomez]
[11-08-36] [THREAD STARTED]: Taki taki - DJ Snake ft. Selena Gomez Progress Label Thread
[11-08-36] [THREAD STARTED]: AudioPlayer Play Audio Thread [Taki taki - DJ Snake ft. Selena Gomez]
[11-08-37] [THREAD STARTED]: Taki taki - DJ Snake ft. Selena Gomez Progress Label Thread
[11-08-37] [THREAD STARTED]: AudioPlayer Play Audio Thread [Taki taki - DJ Snake ft. Selena Gomez]
[11-08-38] [THREAD STARTED]: Taki taki - DJ Snake ft. Selena Gomez Progress Label Thread
[11-08-38] [THREAD STARTED]: AudioPlayer Play Audio Thread [Taki taki - DJ Snake ft. Selena Gomez]
[11-08-38] [OBJECT CREATION]: Objects created since last delta (5s): 6
[11-08-40] [THREAD STARTED]: Taki taki - DJ Snake ft. Selena Gomez Progress Label Thread
[11-08-40] [THREAD STARTED]: AudioPlayer Play Audio Thread [Taki taki - DJ Snake ft. Selena Gomez]
[11-08-40] [THREAD STARTED]: Taki taki - DJ Snake ft. Selena Gomez Progress Label Thread
[11-08-40] [THREAD STARTED]: AudioPlayer Play Audio Thread [Taki taki - DJ Snake ft. Selena Gomez]
[11-08-41] [THREAD STARTED]: Katana Progress Label Thread
[11-08-41] [THREAD STARTED]: AudioPlayer Play Audio Thread [Katana]
[11-08-43] [THREAD STARTED]: Katana Progress Label Thread
[11-08-43] [THREAD STARTED]: AudioPlayer Play Audio Thread [Katana]
[11-08-43] [OBJECT CREATION]: Objects created since last delta (5s): 8
[11-08-44] [THREAD STARTED]: Katana Progress Label Thread
[11-08-44] [THREAD STARTED]: AudioPlayer Play Audio Thread [Katana]
[11-08-45] [THREAD STARTED]: Katana Progress Label Thread
[11-08-45] [THREAD STARTED]: AudioPlayer Play Audio Thread [Katana]
[11-08-46] [THREAD STARTED]: Katana Progress Label Thread
[11-08-46] [THREAD STARTED]: AudioPlayer Play Audio Thread [Katana]
[11-08-46] [THREAD STARTED]: Katana Progress Label Thread
[11-08-46] [THREAD STARTED]: AudioPlayer Play Audio Thread [Katana]
[11-08-48] [OBJECT CREATION]: Objects created since last delta (5s): 8
[11-08-48] [THREAD STARTED]: Timeflies Tuesday - Burnin It Down_Dreamy Progress Label Thread
[11-08-48] [THREAD STARTED]: AudioPlayer Play Audio Thread [Timeflies Tuesday - Burnin It Down_Dreamy]
[11-08-51] [THREAD STARTED]: Timeflies Tuesday - Burnin It Down_Dreamy Progress Label Thread
[11-08-51] [THREAD STARTED]: AudioPlayer Play Audio Thread [Timeflies Tuesday - Burnin It Down_Dreamy]
[11-08-53] [THREAD STARTED]: Katana Progress Label Thread
[11-08-53] [THREAD STARTED]: AudioPlayer Play Audio Thread [Katana]
[11-08-53] [OBJECT CREATION]: Objects created since last delta (5s): 6
[11-08-55] [THREAD STARTED]: Katana Progress Label Thread
[11-08-55] [THREAD STARTED]: AudioPlayer Play Audio Thread [Katana]
[11-08-58] [THREAD STARTED]: Katana Progress Label Thread
[11-08-58] [THREAD STARTED]: AudioPlayer Play Audio Thread [Katana]
[11-08-58] [OBJECT CREATION]: Objects created since last delta (5s): 4
[11-09-00] [THREAD STARTED]: Katana Progress Label Thread
[11-09-00] [THREAD STARTED]: AudioPlayer Play Audio Thread [Katana]
[11-09-01] [THREAD STARTED]: [Liminal Cyder [Nathan]] dispose() animation thread
[11-09-01] [UI]: CyderFrame disposed with fastclose: false, Component = ConsoleFrame (inner), hash = 1573751930, bounds
           = (1527, 280, 781, 767), parent frame = Component itself is a CyderFrame, getTitle() = Liminal Cyder [Nathan]
[11-09-02] [EXIT]: [RUNTIME] 36s
[11-09-02] [EOL]: Log completed, exiting Cyder with exit code: 0 [Genesis Controlled Exit], exceptions thrown: no
           exceptions thrown
