          _____                _____                    _____                    _____                    _____
         /\    \              |\    \                  /\    \                  /\    \                  /\    \
        /::\    \             |:\____\                /::\    \                /::\    \                /::\    \
       /::::\    \            |::|   |               /::::\    \              /::::\    \              /::::\    \
      /::::::\    \           |::|   |              /::::::\    \            /::::::\    \            /::::::\    \
     /:::/\:::\    \          |::|   |             /:::/\:::\    \          /:::/\:::\    \          /:::/\:::\    \
    /:::/  \:::\    \         |::|   |            /:::/  \:::\    \        /:::/__\:::\    \        /:::/__\:::\    \
   /:::/    \:::\    \        |::|   |           /:::/    \:::\    \      /::::\   \:::\    \      /::::\   \:::\    \
  /:::/    / \:::\    \       |::|___|______    /:::/    / \:::\    \    /::::::\   \:::\    \    /::::::\   \:::\    \
 /:::/    /   \:::\    \      /::::::::\    \  /:::/    /   \:::\ ___\  /:::/\:::\   \:::\    \  /:::/\:::\   \:::\____\
/:::/____/     \:::\____\    /::::::::::\____\/:::/____/     \:::|    |/:::/__\:::\   \:::\____\/:::/  \:::\   \:::|    |
\:::\    \      \::/    /   /:::/~~~~/~~      \:::\    \     /:::|____|\:::\   \:::\   \::/    /\::/   |::::\  /:::|____|
 \:::\    \      \/____/   /:::/    /          \:::\    \   /:::/    /  \:::\   \:::\   \/____/  \/____|:::::\/:::/    /
  \:::\    \              /:::/    /            \:::\    \ /:::/    /    \:::\   \:::\    \            |:::::::::/    /
   \:::\    \            /:::/    /              \:::\    /:::/    /      \:::\   \:::\____\           |::|\::::/    /
    \:::\    \           \::/    /                \:::\  /:::/    /        \:::\   \::/    /           |::| \::/____/
     \:::\    \           \/____/                  \:::\/:::/    /          \:::\   \/____/            |::|  ~|
      \:::\    \                                    \::::::/    /            \:::\    \                |::|   |
       \:::\____\                                    \::::/    /              \:::\____\               \::|   |
        \::/    /                                     \::/____/                \::/    /                \:|   |
         \/____/                                       ~~                       \/____/                  \|___|


[11-06-40] [ENTRY]: Nathan
[11-06-40] [PROP LOADED]: [key = map_quest_api_key]
[11-06-40] [PROP LOADED]: [key = youtube_api_3_key]
[11-06-40] [PROP LOADED]: [key = ip_key]
[11-06-40] [PROP LOADED]: [key = weather_key]
[11-06-40] [PROP LOADED]: [key = debug_hash_name]
[11-06-40] [PROP LOADED]: [key = debug_hash_password]
[11-06-40] [PROP LOADED]: [key = default_weather_location, value = Austin,Tx,USA]
[11-06-40] [PROP LOADED]: [key = ignore_data, value = typinganimation,showseconds,roundedwindows,windowcolor,audiolength
           ,capsmode,typingsound,showbusyicon]
[11-06-40] [PROP LOADED]: [key = font_metric, value = 1]
[11-06-40] [PROP LOADED]: [key = released, value = false]
[11-06-40] [PROP LOADED]: [key = fast_test, value = false]
[11-06-40] [PROP LOADED]: [key = version, value = Liminal]
[11-06-40] [PROP LOADED]: [key = release_date, value = 22.6.2]
[11-06-40] [PROP LOADED]: [key = components_relocatable, value = false]
[11-06-40] [PROP LOADED]: [key = testing_mode, value = true]
[11-06-40] [PROP LOADED]: [key = autocypher, value = true]
[11-06-40] [PROP LOADED]: [key = dispose_splash, value = true]
[11-06-40] [PROP LOADED]: [key = wipe_logs_on_start, value = false]
[11-06-40] [PROP LOADED]: [key = activate_watchdog, value = false]
[11-06-40] [PROP LOADED]: [key = ffmpeg_audio_output_format, value = mp3]
[11-06-40] [PROP LOADED]: [key = printing_animation_char_timeout, value = 8]
[11-06-40] [PROP LOADED]: [key = printing_animation_line_timeout, value = 100]
[11-06-40] [PROP LOADED]: [key = ui_scale, value = 1.0]
[11-06-40] [THREAD STARTED]: Object Creation Logger
[11-06-40] [DEBUG]: Watchdog skipped
[11-06-40] [THREAD STARTED]: Singular Cyder Instance Ensurer
[11-06-41] [FONT LOADED]: agency-fb
[11-06-41] [FONT LOADED]: arial-black
[11-06-41] [FONT LOADED]: beyno
[11-06-41] [FONT LOADED]: condiment-regular
[11-06-41] [FONT LOADED]: prompt-bold
[11-06-41] [FONT LOADED]: segoe-ui-black
[11-06-41] [FONT LOADED]: tahoma
[11-06-41] [THREAD STARTED]: Splash Loader
[11-06-41] [SYSTEM IO]: Requested deletion of: C:\Users\Nathan\Documents\IntelliJava\Cyder\dynamic\tmp
[11-06-41] [THREAD STARTED]: Splash Animation
[11-06-41] [UNIQUE OBJECT CREATED]: ConsoleFrame singleton constructed
[11-06-42] [DEBUG]: Primary handler found with empty trigger: class = FileHandler
[11-06-42] [DEBUG]: Final handler found containing triggers: class = FrameMovementHandler
[11-06-42] [THREAD STARTED]: Secondary Subroutines Runner
[11-06-42] [LOGIN]: AUTOCYPHER ATTEMPT
[11-06-42] [THREAD STARTED]: JVM Args Logger
[11-06-42] [DEBUG]: Cyder Entry = AutoCypher
[11-06-43] [THREAD STARTED]: Console Printing Animation
[11-06-43] [THREAD STARTED]: Hourly Chime Checker
[11-06-43] [THREAD STARTED]: Console Clock Updater
[11-06-43] [THREAD STARTED]: Cyder Busy Checker
[11-06-43] [THREAD STARTED]: ConsoleFrame Stat Saver
[11-06-43] [THREAD STARTED]: High Ping Checker
[11-06-43] [OBJECT CREATION]: Objects created since last delta (5s): 97
[11-06-43] [THREAD STARTED]: [Cyder Splash] dispose() animation thread
[11-06-43] [UI]: CyderFrame disposed with fastclose: true, Component = CyderFrame, hash = 17954741, bounds = (980, 396,
           600, 600), parent frame = Component itself is a CyderFrame, getTitle() = Cyder Splash
[11-06-43] [CONSOLE LOADED]: [Nathan] [TESTING MODE]
[11-06-43] [THREAD STARTED]: Manual Tests Thread
[11-06-43] [THREAD STARTED]: Timeflies Tuesday - Burnin It Down_Dreamy Progress Label Thread
[11-06-43] [THREAD STARTED]: Audio Progress Label Animator
[11-06-43] [BACKEND CRUD]: [PUT] Put of JVM args failed
[11-06-43] [CONSOLE OUT]: [STRING]: Console loaded in 3400ms
[11-06-43] [THREAD STARTED]: [Timeflies tuesday - burnin it down_d...] finalizeAndShow()
[11-06-44] [DEBUG]: Attempted to log a new or empty line
[11-06-44] [THREAD STARTED]: Splash Loading Label Updater
[11-06-46] [SYSTEM IO]: [JSON WRITE] [Levenshtein = 6] User was written to file: 7d7ebb00-81fe-329f-8a78-62f463d0b7da
           \Userdata.json
[11-06-46] [SYSTEM IO]: Requested deletion of: C:\Users\Nathan\Documents\IntelliJava\Cyder\dynamic\backup\7d7ebb00-81fe-
           329f-8a78-62f463d0b7da_1653840344147.json
[11-06-47] [UI]: Component = CyderLabel, hash = 733783698, bounds = (0, 0, 450, 40), parent frame = Timeflies tuesday -
           burnin it down_d..., getText() = <html><div style='text-align: center;'>0s played, 6m 1s remaining</html>
[11-06-48] [THREAD STARTED]: AudioPlayer Play Audio Thread [Timeflies Tuesday - Burnin It Down_Dreamy]
[11-06-48] [OBJECT CREATION]: Objects created since last delta (5s): 20
[11-06-48] [THREAD STARTED]: Timeflies tuesday - burnin it down_d... Menu Label Animator
[11-06-50] [THREAD STARTED]: Timeflies Tuesday - Burnin It Down Progress Label Thread
[11-06-50] [THREAD STARTED]: AudioPlayer Play Audio Thread [Timeflies Tuesday - Burnin It Down]
[11-06-53] [OBJECT CREATION]: Objects created since last delta (5s): 8
[11-06-55] [THREAD STARTED]: Timeflies Tuesday - Burnin It Down_Dreamy Progress Label Thread
[11-06-56] [THREAD STARTED]: AudioPlayer Play Audio Thread [Timeflies Tuesday - Burnin It Down_Dreamy]
[11-06-58] [OBJECT CREATION]: Objects created since last delta (5s): 4
[11-07-11] [THREAD STARTED]: [Liminal Cyder [Nathan]] dispose() animation thread
[11-07-11] [UI]: CyderFrame disposed with fastclose: false, Component = ConsoleFrame (inner), hash = 1307950260, bounds
           = (1527, 280, 781, 767), parent frame = Component itself is a CyderFrame, getTitle() = Liminal Cyder [Nathan]
[11-07-11] [EXIT]: [RUNTIME] 31s
[11-07-11] [EOL]: Log completed, exiting Cyder with exit code: 0 [Genesis Controlled Exit], exceptions thrown: no
           exceptions thrown
