          _____                _____                    _____                    _____                    _____
         /\    \              |\    \                  /\    \                  /\    \                  /\    \
        /::\    \             |:\____\                /::\    \                /::\    \                /::\    \
       /::::\    \            |::|   |               /::::\    \              /::::\    \              /::::\    \
      /::::::\    \           |::|   |              /::::::\    \            /::::::\    \            /::::::\    \
     /:::/\:::\    \          |::|   |             /:::/\:::\    \          /:::/\:::\    \          /:::/\:::\    \
    /:::/  \:::\    \         |::|   |            /:::/  \:::\    \        /:::/__\:::\    \        /:::/__\:::\    \
   /:::/    \:::\    \        |::|   |           /:::/    \:::\    \      /::::\   \:::\    \      /::::\   \:::\    \
  /:::/    / \:::\    \       |::|___|______    /:::/    / \:::\    \    /::::::\   \:::\    \    /::::::\   \:::\    \
 /:::/    /   \:::\    \      /::::::::\    \  /:::/    /   \:::\ ___\  /:::/\:::\   \:::\    \  /:::/\:::\   \:::\____\
/:::/____/     \:::\____\    /::::::::::\____\/:::/____/     \:::|    |/:::/__\:::\   \:::\____\/:::/  \:::\   \:::|    |
\:::\    \      \::/    /   /:::/~~~~/~~      \:::\    \     /:::|____|\:::\   \:::\   \::/    /\::/   |::::\  /:::|____|
 \:::\    \      \/____/   /:::/    /          \:::\    \   /:::/    /  \:::\   \:::\   \/____/  \/____|:::::\/:::/    /
  \:::\    \              /:::/    /            \:::\    \ /:::/    /    \:::\   \:::\    \            |:::::::::/    /
   \:::\    \            /:::/    /              \:::\    /:::/    /      \:::\   \:::\____\           |::|\::::/    /
    \:::\    \           \::/    /                \:::\  /:::/    /        \:::\   \::/    /           |::| \::/____/
     \:::\    \           \/____/                  \:::\/:::/    /          \:::\   \/____/            |::|  ~|
      \:::\    \                                    \::::::/    /            \:::\    \                |::|   |
       \:::\____\                                    \::::/    /              \:::\____\               \::|   |
        \::/    /                                     \::/____/                \::/    /                \:|   |
         \/____/                                       ~~                       \/____/                  \|___|


[13-31-04] [ENTRY]: Nathan
[13-31-04] [PROP LOADED]: [key = map_quest_api_key]
[13-31-04] [PROP LOADED]: [key = youtube_api_3_key]
[13-31-04] [PROP LOADED]: [key = ip_key]
[13-31-04] [PROP LOADED]: [key = weather_key]
[13-31-04] [PROP LOADED]: [key = debug_hash_name]
[13-31-04] [PROP LOADED]: [key = debug_hash_password]
[13-31-04] [PROP LOADED]: [key = default_weather_location, value = Austin,Tx,USA]
[13-31-04] [PROP LOADED]: [key = ignore_data, value = typinganimation,showseconds,roundedwindows,windowcolor,audiolength
           ,capsmode,typingsound,showbusyicon]
[13-31-04] [PROP LOADED]: [key = font_metric, value = 1]
[13-31-04] [PROP LOADED]: [key = released, value = false]
[13-31-04] [PROP LOADED]: [key = fast_test, value = false]
[13-31-04] [PROP LOADED]: [key = version, value = Liminal]
[13-31-04] [PROP LOADED]: [key = release_date, value = 22.6.2]
[13-31-04] [PROP LOADED]: [key = components_relocatable, value = false]
[13-31-04] [PROP LOADED]: [key = testing_mode, value = true]
[13-31-04] [PROP LOADED]: [key = autocypher, value = true]
[13-31-04] [PROP LOADED]: [key = dispose_splash, value = true]
[13-31-04] [PROP LOADED]: [key = wipe_logs_on_start, value = false]
[13-31-04] [PROP LOADED]: [key = activate_watchdog, value = false]
[13-31-04] [PROP LOADED]: [key = ffmpeg_audio_output_format, value = mp3]
[13-31-04] [PROP LOADED]: [key = printing_animation_char_timeout, value = 8]
[13-31-04] [PROP LOADED]: [key = printing_animation_line_timeout, value = 100]
[13-31-04] [PROP LOADED]: [key = ui_scale, value = 1.0]
[13-31-04] [THREAD STARTED]: Object Creation Logger
[13-31-05] [DEBUG]: Watchdog skipped
[13-31-05] [THREAD STARTED]: Singular Cyder Instance Ensurer
[13-31-06] [FONT LOADED]: agency-fb
[13-31-06] [FONT LOADED]: arial-black
[13-31-06] [FONT LOADED]: beyno
[13-31-06] [FONT LOADED]: condiment-regular
[13-31-06] [FONT LOADED]: prompt-bold
[13-31-06] [FONT LOADED]: segoe-ui-black
[13-31-06] [FONT LOADED]: tahoma
[13-31-06] [THREAD STARTED]: Splash Loader
[13-31-06] [SYSTEM IO]: Requested deletion of: C:\Users\Nathan\Documents\IntelliJava\Cyder\dynamic\tmp
[13-31-06] [THREAD STARTED]: Splash Animation
[13-31-06] [UNIQUE OBJECT CREATED]: ConsoleFrame singleton constructed
[13-31-07] [THREAD STARTED]: Secondary Subroutines Runner
[13-31-07] [LOGIN]: AUTOCYPHER ATTEMPT
[13-31-07] [THREAD STARTED]: JVM Args Logger
[13-31-07] [DEBUG]: Cyder Entry = AutoCypher
[13-31-07] [OBJECT CREATION]: Objects created since last delta (5s): 64
[13-31-08] [THREAD STARTED]: Console Printing Animation
[13-31-08] [THREAD STARTED]: Hourly Chime Checker
[13-31-08] [THREAD STARTED]: Console Clock Updater
[13-31-08] [THREAD STARTED]: Cyder Busy Checker
[13-31-08] [THREAD STARTED]: ConsoleFrame Stat Saver
[13-31-08] [THREAD STARTED]: High Ping Checker
[13-31-08] [THREAD STARTED]: [Cyder Splash] dispose() animation thread
[13-31-08] [UI]: CyderFrame disposed with fastclose: true, Component = CyderFrame, hash = 1436565159, bounds = (980,
           396, 600, 600), parent frame = Component itself is a CyderFrame, getTitle() = Cyder Splash
[13-31-08] [CONSOLE LOADED]: [Nathan] [TESTING MODE]
[13-31-08] [THREAD STARTED]: Manual Tests Thread
[13-31-08] [THREAD STARTED]: [Test] finalizeAndShow()
[13-31-08] [CONSOLE OUT]: [STRING]: Console loaded in 3741ms
[13-31-08] [BACKEND CRUD]: [PUT] Put of JVM args failed
[13-31-08] [DEBUG]: Attempted to log a new or empty line
[13-31-08] [THREAD STARTED]: Splash Loading Label Updater
[13-31-09] [THREAD STARTED]: [Liminal Cyder [Nathan]] dispose() animation thread
[13-31-09] [UI]: CyderFrame disposed with fastclose: false, Component = ConsoleFrame (inner), hash = 524223214, bounds =
           (751, 625, 781, 767), parent frame = Component itself is a CyderFrame, getTitle() = Liminal Cyder [Nathan]
[13-31-09] [EXIT]: [RUNTIME] 5s
[13-31-09] [EOL]: Log completed, exiting Cyder with exit code: 0 [Genesis Controlled Exit], exceptions thrown: no
           exceptions thrown
