          _____                _____                    _____                    _____                    _____
         /\    \              |\    \                  /\    \                  /\    \                  /\    \
        /::\    \             |:\____\                /::\    \                /::\    \                /::\    \
       /::::\    \            |::|   |               /::::\    \              /::::\    \              /::::\    \
      /::::::\    \           |::|   |              /::::::\    \            /::::::\    \            /::::::\    \
     /:::/\:::\    \          |::|   |             /:::/\:::\    \          /:::/\:::\    \          /:::/\:::\    \
    /:::/  \:::\    \         |::|   |            /:::/  \:::\    \        /:::/__\:::\    \        /:::/__\:::\    \
   /:::/    \:::\    \        |::|   |           /:::/    \:::\    \      /::::\   \:::\    \      /::::\   \:::\    \
  /:::/    / \:::\    \       |::|___|______    /:::/    / \:::\    \    /::::::\   \:::\    \    /::::::\   \:::\    \
 /:::/    /   \:::\    \      /::::::::\    \  /:::/    /   \:::\ ___\  /:::/\:::\   \:::\    \  /:::/\:::\   \:::\____\
/:::/____/     \:::\____\    /::::::::::\____\/:::/____/     \:::|    |/:::/__\:::\   \:::\____\/:::/  \:::\   \:::|    |
\:::\    \      \::/    /   /:::/~~~~/~~      \:::\    \     /:::|____|\:::\   \:::\   \::/    /\::/   |::::\  /:::|____|
 \:::\    \      \/____/   /:::/    /          \:::\    \   /:::/    /  \:::\   \:::\   \/____/  \/____|:::::\/:::/    /
  \:::\    \              /:::/    /            \:::\    \ /:::/    /    \:::\   \:::\    \            |:::::::::/    /
   \:::\    \            /:::/    /              \:::\    /:::/    /      \:::\   \:::\____\           |::|\::::/    /
    \:::\    \           \::/    /                \:::\  /:::/    /        \:::\   \::/    /           |::| \::/____/
     \:::\    \           \/____/                  \:::\/:::/    /          \:::\   \/____/            |::|  ~|
      \:::\    \                                    \::::::/    /            \:::\    \                |::|   |
       \:::\____\                                    \::::/    /              \:::\____\               \::|   |
        \::/    /                                     \::/____/                \::/    /                \:|   |
         \/____/                                       ~~                       \/____/                  \|___|


[15-17-17] [ENTRY]: Nathan
[15-17-17] [PROP LOADED]: [key = map_quest_api_key]
[15-17-17] [PROP LOADED]: [key = youtube_api_3_key]
[15-17-17] [PROP LOADED]: [key = ip_key]
[15-17-17] [PROP LOADED]: [key = weather_key]
[15-17-17] [PROP LOADED]: [key = debug_hash_name]
[15-17-17] [PROP LOADED]: [key = debug_hash_password]
[15-17-17] [PROP LOADED]: [key = default_weather_location, value = Austin,Tx,USA]
[15-17-17] [PROP LOADED]: [key = ignore_data, value = typinganimation,showseconds,roundedwindows,windowcolor,audiolength
           ,capsmode,typingsound,showbusyicon]
[15-17-17] [PROP LOADED]: [key = font_metric, value = 1]
[15-17-17] [PROP LOADED]: [key = released, value = false]
[15-17-17] [PROP LOADED]: [key = fast_test, value = false]
[15-17-17] [PROP LOADED]: [key = version, value = Liminal]
[15-17-17] [PROP LOADED]: [key = release_date, value = 22.6.2]
[15-17-17] [PROP LOADED]: [key = components_relocatable, value = false]
[15-17-17] [PROP LOADED]: [key = testing_mode, value = true]
[15-17-17] [PROP LOADED]: [key = autocypher, value = true]
[15-17-17] [PROP LOADED]: [key = dispose_splash, value = true]
[15-17-17] [PROP LOADED]: [key = wipe_logs_on_start, value = false]
[15-17-17] [PROP LOADED]: [key = activate_watchdog, value = false]
[15-17-17] [PROP LOADED]: [key = ffmpeg_audio_output_format, value = mp3]
[15-17-17] [PROP LOADED]: [key = printing_animation_char_timeout, value = 8]
[15-17-17] [PROP LOADED]: [key = printing_animation_line_timeout, value = 100]
[15-17-17] [PROP LOADED]: [key = ui_scale, value = 1.0]
[15-17-17] [THREAD STARTED]: Object Creation Logger
[15-17-17] [DEBUG]: Watchdog skipped
[15-17-17] [THREAD STARTED]: Singular Cyder Instance Ensurer
[15-17-18] [FONT LOADED]: agency-fb
[15-17-18] [FONT LOADED]: arial-black
[15-17-18] [FONT LOADED]: beyno
[15-17-18] [FONT LOADED]: condiment-regular
[15-17-18] [FONT LOADED]: prompt-bold
[15-17-18] [FONT LOADED]: segoe-ui-black
[15-17-18] [FONT LOADED]: tahoma
[15-17-18] [THREAD STARTED]: Splash Loader
[15-17-18] [SYSTEM IO]: Requested deletion of: C:\Users\Nathan\Documents\IntelliJava\Cyder\dynamic\tmp
[15-17-19] [THREAD STARTED]: Splash Animation
[15-17-19] [UNIQUE OBJECT CREATED]: ConsoleFrame singleton constructed
[15-17-19] [THREAD STARTED]: Secondary Subroutines Runner
[15-17-19] [LOGIN]: AUTOCYPHER ATTEMPT
[15-17-19] [THREAD STARTED]: JVM Args Logger
[15-17-20] [OBJECT CREATION]: Objects created since last delta (5s): 61
[15-17-20] [DEBUG]: Cyder Entry = AutoCypher
[15-17-21] [THREAD STARTED]: Console Printing Animation
[15-17-21] [THREAD STARTED]: High Ping Checker
[15-17-21] [THREAD STARTED]: Hourly Chime Checker
[15-17-21] [THREAD STARTED]: Console Clock Updater
[15-17-21] [THREAD STARTED]: Cyder Busy Checker
[15-17-21] [THREAD STARTED]: ConsoleFrame Stat Saver
[15-17-21] [THREAD STARTED]: [Cyder Splash] dispose() animation thread
[15-17-21] [UI]: CyderFrame disposed with fastclose: true, Component = CyderFrame, hash = 51053360, bounds = (980, 396,
           600, 600), parent frame = Component itself is a CyderFrame, getTitle() = Cyder Splash
[15-17-21] [THREAD STARTED]: Splash Loading Label Updater
[15-17-21] [CONSOLE LOADED]: [Nathan] [TESTING MODE]
[15-17-21] [THREAD STARTED]: Manual Tests Thread
[15-17-21] [CONSOLE OUT]: [STRING]: Console loaded in 4894ms
[15-17-22] [DEBUG]: Attempted to log a new or empty line
[15-17-24] [SYSTEM IO]: [JSON WRITE] [Levenshtein = 6] User was written to file: 7d7ebb00-81fe-329f-8a78-62f463d0b7da
           \Userdata.json
[15-17-24] [SYSTEM IO]: Requested deletion of: C:\Users\Nathan\Documents\IntelliJava\Cyder\dynamic\backup\7d7ebb00-81fe-
           329f-8a78-62f463d0b7da_1653855238866.json
[15-17-25] [CLIENT]: prefs
[15-17-25] [CONSOLE OUT]: [STRING]: Opening widget: UserEditor
[15-17-25] [THREAD STARTED]: [Preferences] finalizeAndShow()
[15-17-25] [WIDGET]: UserEditor, trigger = prefs
[15-17-25] [OBJECT CREATION]: Objects created since last delta (5s): 74
[15-17-25] [DEBUG]: Attempted to log a new or empty line
[15-17-26] [UI]: Component = CyderDragLabel, hash = -14366483, bounds = (2, 2, 726, 28), parent frame = Preferences
[15-17-27] [UI]: Component = CyderDragLabel, hash = -14366483, bounds = (2, 2, 726, 28), parent frame = Preferences
[15-17-27] [THREAD STARTED]: Liminal Cyder [Nathan] Opacity Decrement Animator
[15-17-28] [SYSTEM IO]: [JSON WRITE] [Levenshtein = 6] User was written to file: 7d7ebb00-81fe-329f-8a78-62f463d0b7da
           \Userdata.json
[15-17-28] [SYSTEM IO]: Requested deletion of: C:\Users\Nathan\Documents\IntelliJava\Cyder\dynamic\backup\7d7ebb00-81fe-
           329f-8a78-62f463d0b7da_1653855444553.json
[15-17-29] [THREAD STARTED]: Liminal Cyder [Nathan] Opacity Increment Animator
[15-17-30] [OBJECT CREATION]: Objects created since last delta (5s): 39
[15-17-31] [SYSTEM IO]: [JSON WRITE] [Levenshtein = 6] User was written to file: 7d7ebb00-81fe-329f-8a78-62f463d0b7da
           \Userdata.json
[15-17-31] [SYSTEM IO]: Requested deletion of: C:\Users\Nathan\Documents\IntelliJava\Cyder\dynamic\backup\7d7ebb00-81fe-
           329f-8a78-62f463d0b7da_1653855448268.json
[15-17-32] [CLIENT]: consolidate windows top left
[15-17-34] [CLIENT]: top left
[15-17-35] [OBJECT CREATION]: Objects created since last delta (5s): 3
[15-17-35] [SYSTEM IO]: [JSON WRITE] [Levenshtein = 7] User was written to file: 7d7ebb00-81fe-329f-8a78-62f463d0b7da
           \Userdata.json
[15-17-35] [SYSTEM IO]: Requested deletion of: C:\Users\Nathan\Documents\IntelliJava\Cyder\dynamic\backup\7d7ebb00-81fe-
           329f-8a78-62f463d0b7da_1653855451991.json
[15-17-36] [CLIENT]: button right
[15-17-36] [THREAD STARTED]: Unknown Input Handler
[15-17-36] [DEBUG]: Similar command to "button" found with tol of 0.0, command = "wipe"
[15-17-36] [CONSOLE OUT]: [STRING]: Unknown command
[15-17-36] [DEBUG]: Attempted to log a new or empty line
[15-17-37] [BACKEND CRUD]: [PUT] Put of JVM args failed
[15-17-40] [CLIENT]: bottom left
[15-17-40] [OBJECT CREATION]: Objects created since last delta (5s): 1
[15-17-42] [THREAD STARTED]: [Liminal Cyder [Nathan]] dispose() animation thread
[15-17-42] [UI]: CyderFrame disposed with fastclose: false, Component = ConsoleFrame (inner), hash = 2099051403, bounds
           = (0, 673, 781, 767), parent frame = Component itself is a CyderFrame, getTitle() = Liminal Cyder [Nathan]
[15-17-42] [EXIT]: [RUNTIME] 25s
[15-17-42] [EOL]: Log completed, exiting Cyder with exit code: 0 [Genesis Controlled Exit], exceptions thrown: no
           exceptions thrown
