          _____                _____                    _____                    _____                    _____
         /\    \              |\    \                  /\    \                  /\    \                  /\    \
        /::\    \             |:\____\                /::\    \                /::\    \                /::\    \
       /::::\    \            |::|   |               /::::\    \              /::::\    \              /::::\    \
      /::::::\    \           |::|   |              /::::::\    \            /::::::\    \            /::::::\    \
     /:::/\:::\    \          |::|   |             /:::/\:::\    \          /:::/\:::\    \          /:::/\:::\    \
    /:::/  \:::\    \         |::|   |            /:::/  \:::\    \        /:::/__\:::\    \        /:::/__\:::\    \
   /:::/    \:::\    \        |::|   |           /:::/    \:::\    \      /::::\   \:::\    \      /::::\   \:::\    \
  /:::/    / \:::\    \       |::|___|______    /:::/    / \:::\    \    /::::::\   \:::\    \    /::::::\   \:::\    \
 /:::/    /   \:::\    \      /::::::::\    \  /:::/    /   \:::\ ___\  /:::/\:::\   \:::\    \  /:::/\:::\   \:::\____\
/:::/____/     \:::\____\    /::::::::::\____\/:::/____/     \:::|    |/:::/__\:::\   \:::\____\/:::/  \:::\   \:::|    |
\:::\    \      \::/    /   /:::/~~~~/~~      \:::\    \     /:::|____|\:::\   \:::\   \::/    /\::/   |::::\  /:::|____|
 \:::\    \      \/____/   /:::/    /          \:::\    \   /:::/    /  \:::\   \:::\   \/____/  \/____|:::::\/:::/    /
  \:::\    \              /:::/    /            \:::\    \ /:::/    /    \:::\   \:::\    \            |:::::::::/    /
   \:::\    \            /:::/    /              \:::\    /:::/    /      \:::\   \:::\____\           |::|\::::/    /
    \:::\    \           \::/    /                \:::\  /:::/    /        \:::\   \::/    /           |::| \::/____/
     \:::\    \           \/____/                  \:::\/:::/    /          \:::\   \/____/            |::|  ~|
      \:::\    \                                    \::::::/    /            \:::\    \                |::|   |
       \:::\____\                                    \::::/    /              \:::\____\               \::|   |
        \::/    /                                     \::/____/                \::/    /                \:|   |
         \/____/                                       ~~                       \/____/                  \|___|


[21-55-19.315] [ENTRY]: Nathan
[21-55-19.273] [DEBUG]: Loaded 131 static resources
[21-55-19.286] [DEBUG]: Loaded 16 static folders
[21-55-19.297] [DEBUG]: Found prop file: props\propkeys.ini
[21-55-19.298] [DEBUG]: Found prop file: props\props.ini
[21-55-19.306] [PROP LOADED]: [key = map_quest_api_key]
[21-55-19.306] [PROP LOADED]: [key = youtube_api_3_key]
[21-55-19.307] [PROP LOADED]: [key = ip_key]
[21-55-19.307] [PROP LOADED]: [key = weather_key]
[21-55-19.307] [PROP LOADED]: [key = debug_hash_name, value = Nathan]
[21-55-19.307] [PROP LOADED]: [key = debug_hash_password, value = 571b100a3b69f7b09828c0b61d325b15e52c512c14fdcf6d248f7c
               a733d0a7f6]
[21-55-19.308] [PROP LOADED]: [key = default_weather_location, value = Austin,Tx,USA]
[21-55-19.308] [PROP LOADED]: [key = ignore_data, value = typinganimation,showseconds,roundedwindows,windowcolor
               ,audiolength,capsmode,typingsound,showbusyicon,clockonconsole,consoleclockformat]
[21-55-19.308] [PROP LOADED]: [key = font_metric, value = 1]
[21-55-19.308] [PROP LOADED]: [key = max_font_size, value = 50]
[21-55-19.308] [PROP LOADED]: [key = min_font_size, value = 25]
[21-55-19.308] [PROP LOADED]: [key = released, value = false]
[21-55-19.308] [PROP LOADED]: [key = version, value = Liminal]
[21-55-19.308] [PROP LOADED]: [key = release_date, value = 22.7.4]
[21-55-19.308] [PROP LOADED]: [key = components_relocatable, value = false]
[21-55-19.308] [PROP LOADED]: [key = testing_mode, value = true]
[21-55-19.308] [PROP LOADED]: [key = autocypher, value = true]
[21-55-19.308] [PROP LOADED]: [key = dispose_splash, value = true]
[21-55-19.308] [PROP LOADED]: [key = wipe_logs_on_start, value = false]
[21-55-19.308] [PROP LOADED]: [key = activate_watchdog, value = false]
[21-55-19.309] [PROP LOADED]: [key = ffmpeg_audio_output_format, value = mp3]
[21-55-19.309] [PROP LOADED]: [key = printing_animation_char_timeout, value = 8]
[21-55-19.309] [PROP LOADED]: [key = printing_animation_line_timeout, value = 100]
[21-55-19.309] [PROP LOADED]: [key = ui_scale, value = 1]
[21-55-19.309] [PROP LOADED]: [key = auto_trigger_similar_commands, value = true]
[21-55-19.309] [PROP LOADED]: [key = auto_trigger_similar_command_tolerance, value = 0.95]
[21-55-19.309] [PROP LOADED]: [key = latency_ip, value = 172.217.4.78]
[21-55-19.309] [PROP LOADED]: [key = latency_port, value = 80]
[21-55-19.309] [PROP LOADED]: [key = latency_name, value = Google]
[21-55-19.309] [PROP LOADED]: [key = props_reloadable, value = false]
[21-55-19.313] [DEBUG]: Jar mode set as: FALSE
[21-55-19.354] [THREAD STARTED]: Object Creation Logger
[21-55-19.728] [DEBUG]: Watchdog skipped
[21-55-19.736] [LOADING MESSAGE]: Registering fonts
[21-55-20.030] [FONT LOADED]: agency-fb
[21-55-20.031] [FONT LOADED]: arial-black
[21-55-20.032] [FONT LOADED]: beyno
[21-55-20.033] [FONT LOADED]: condiment-regular
[21-55-20.034] [FONT LOADED]: prompt-bold
[21-55-20.036] [FONT LOADED]: segoe-ui-black
[21-55-20.037] [FONT LOADED]: tahoma
[21-55-20.038] [LOADING MESSAGE]: Ensuring singular instance
[21-55-20.040] [THREAD STARTED]: Singular Cyder Instance Ensurer
[21-55-20.041] [DEBUG]: Starting instance socket on port 5150
[21-55-20.555] [LOADING MESSAGE]: Ensuring OS is supported
[21-55-20.556] [LOADING MESSAGE]: Creating dynamics
[21-55-20.557] [SYSTEM IO]: Requested deletion of: C:\Users\Nathan\Documents\IntelliJava\Cyder\dynamic\tmp
[21-55-20.567] [LOADING MESSAGE]: Validating users
[21-55-20.686] [USER GET]: key = name, value = Nathan
[21-55-20.699] [USER GET]: key = screenstat, value = ScreenStat{consoleX=1294, consoleY=279, consoleWidth=1046,
               consoleHeight=800, monitor=0, consoleOnTop=true, consoleDirection=RIGHT}
[21-55-20.713] [USER GET]: key = mappedexecutable, value = []
[21-55-20.714] [USER GET]: key = loggedin, value = 0
[21-55-20.714] [USER GET]: key = debugwindows, value = 0
[21-55-20.715] [USER GET]: key = outputborder, value = 0
[21-55-20.715] [USER GET]: key = inputborder, value = 0
[21-55-20.715] [USER GET]: key = outputfill, value = 0
[21-55-20.716] [USER GET]: key = intromusic, value = 0
[21-55-20.716] [USER GET]: key = hourlychimes, value = 1
[21-55-20.716] [USER GET]: key = inputfill, value = 0
[21-55-20.717] [USER GET]: key = silenceerrors, value = 1
[21-55-20.717] [USER GET]: key = pass, value = 1b0a051deaadc2e793bfe185cd81a74b9c56f75bd713f28507d1abd99332a28
[21-55-20.717] [USER GET]: key = fontsize, value = 27
[21-55-20.718] [USER GET]: key = fullscreen, value = 0
[21-55-20.718] [USER GET]: key = filterchat, value = 1
[21-55-20.719] [USER GET]: key = darkmode, value = 0
[21-55-20.719] [USER GET]: key = doanimations, value = 1
[21-55-20.720] [USER GET]: key = compacttextmode, value = 0
[21-55-20.720] [USER GET]: key = laststart, value = 1661741106651
[21-55-20.720] [USER GET]: key = wrapshell, value = 1
[21-55-20.721] [USER GET]: key = youtubeuuid, value = aaaaaaaaaiI
[21-55-20.721] [USER GET]: key = minimizeonclose, value = 0
[21-55-20.722] [USER GET]: key = randombackground, value = 0
[21-55-20.722] [USER GET]: key = persistentnotifications, value = 0
[21-55-20.722] [USER GET]: key = foreground, value = f0f0f0
[21-55-20.723] [USER GET]: key = Font, value = Agency FB
[21-55-20.723] [USER GET]: key = background, value = 0f0f0f
[21-55-20.725] [USER GET]: key = mappedexecutable, value = []
[21-55-20.725] [USER GET]: key = screenstat, value = ScreenStat{consoleX=1294, consoleY=279, consoleWidth=1046,
               consoleHeight=800, monitor=0, consoleOnTop=true, consoleDirection=RIGHT}
[21-55-20.733] [USER GET]: key = name, value = Nathan
[21-55-20.733] [LOADING MESSAGE]: Cleaning users
[21-55-20.735] [LOADING MESSAGE]: Validating props
[21-55-20.845] [LOADING MESSAGE]: Validating Widgets
[21-55-21.100] [LOADING MESSAGE]: Validating Tests
[21-55-21.103] [LOADING MESSAGE]: Validating Vanilla annotations
[21-55-21.113] [LOADING MESSAGE]: Validating Handles
[21-55-21.125] [THREAD STARTED]: Splash Loader
[21-55-21.126] [THREAD STARTED]: Sufficient Subroutine Executor
[21-55-21.127] [LOADING MESSAGE]: Logging JVM args
[21-55-21.129] [THREAD STARTED]: JVM Args Logger
[21-55-21.133] [DEBUG]: Set latency ip as 172.217.4.78
[21-55-21.134] [DEBUG]: Set latency port as 80
[21-55-21.135] [DEBUG]: Set latency host name as Google
[21-55-21.141] [LOADING MESSAGE]: Checking for an AutoCypher
[21-55-21.142] [LOGIN]: AutoCypher Attempt
[21-55-21.142] [LOADING MESSAGE]: Auto Cyphering
[21-55-21.145] [USER GET]: key = name, value = Nathan [2x]
[21-55-21.179] [USER GET]: key = pass, value = 1b0a051deaadc2e793bfe185cd81a74b9c56f75bd713f28507d1abd99332a28
[21-55-21.305] [USER GET]: key = darkmode, value = 0 [2x]
[21-55-21.519] [UNIQUE OBJECT CREATED]: Console singleton constructed
[21-55-21.521] [USER GET]: key = name, value = Nathan
[21-55-21.530] [THREAD STARTED]: Splash Animation
[21-55-21.595] [DEBUG]: Cyder Entry = AutoCypher
[21-55-21.596] [THREAD STARTED]: High Ping Checker
[21-55-21.661] [DEBUG]: Latency of Google found to be 62ms
[21-55-21.788] [USER GET]: key = name, value = Nathan
[21-55-21.789] [USER GET]: key = randombackground, value = 0
[21-55-21.873] [USER GET]: key = fullscreen, value = 0 [3x]
[21-55-21.874] [USER GET]: key = name, value = Nathan
[21-55-21.937] [USER GET]: key = foreground, value = f0f0f0 [3x]
[21-55-21.938] [USER GET]: key = Font, value = Agency FB
[21-55-21.939] [USER GET]: key = fontsize, value = 27
[21-55-21.956] [USER GET]: key = outputborder, value = 0
[21-55-21.956] [USER GET]: key = outputfill, value = 0
[21-55-21.970] [USER GET]: key = inputborder, value = 0
[21-55-21.973] [USER GET]: key = foreground, value = f0f0f0 [3x]
[21-55-21.974] [USER GET]: key = Font, value = Agency FB
[21-55-21.974] [USER GET]: key = fontsize, value = 27
[21-55-21.976] [USER GET]: key = inputfill, value = 0
[21-55-22.049] [THREAD STARTED]: Hourly Chime Checker
[21-55-22.050] [THREAD STARTED]: Console Clock Updater
[21-55-22.053] [THREAD STARTED]: Cyder Busy Checker
[21-55-22.056] [THREAD STARTED]: [Cyder Splash] dispose() animation thread
[21-55-22.057] [USER GET]: key = fullscreen, value = 0
[21-55-22.058] [USER GET]: key = screenstat, value = ScreenStat{consoleX=1294, consoleY=279, consoleWidth=1046,
               consoleHeight=800, monitor=0, consoleOnTop=true, consoleDirection=RIGHT}
[21-56-23.714] [OBJECT CREATION]: Objects created since last delta (5000ms): 116
[21-56-26.185] [UI]: CyderFrame disposed with fastclose=true, getTitle=Cyder Splash
[21-56-30.064] [EXCEPTION]:
               Exception origin: org.jsoup.internal.ConstrainableInputStream.read(ConstrainableInputStream.java:58)
               From line: 58
               Trace: java.net.SocketTimeoutException: Read timeout
               at org.jsoup.internal.ConstrainableInputStream.read(ConstrainableInputStream.java:58)
               at org.jsoup.internal.ConstrainableInputStream.readToByteBuffer(ConstrainableInputStream.java:85)
               at org.jsoup.helper.DataUtil.readToByteBuffer(DataUtil.java:252)
               at org.jsoup.helper.DataUtil.parseInputStream(DataUtil.java:149)
               at org.jsoup.helper.HttpConnection$Response.parse(HttpConnection.java:962)
               at org.jsoup.helper.HttpConnection.get(HttpConnection.java:355)
               at cyder.utils.NetworkUtil.getIspAndNetworkDetails(NetworkUtil.java:426)
               at cyder.utils.IOUtil.lambda$logArgs$0(IOUtil.java:142)
               at java.base/java.lang.Thread.run(Thread.java:833)
[21-56-30.065] [USER GET]: key = silenceerrors, value = 1
[21-56-30.065] [EXCEPTION]:
               Exception origin: cyder.utils.NetworkUtil.getIspAndNetworkDetails(NetworkUtil.java:432)
               From line: 432
               Trace: cyder.exceptions.FatalException: Could not obtain document from isp query url
               at cyder.utils.NetworkUtil.getIspAndNetworkDetails(NetworkUtil.java:432)
               at cyder.utils.IOUtil.lambda$logArgs$0(IOUtil.java:142)
               at java.base/java.lang.Thread.run(Thread.java:833)
[21-56-30.066] [USER GET]: key = silenceerrors, value = 1
[21-56-53.635] [THREAD STARTED]: Console Printing Animation
[21-56-55.676] [CONSOLE OUT]: [STRING]: Console loaded in 1m 33s 50ms
[21-57-01.745] [USER GET]: key = debugwindows, value = 0
[21-57-01.747] [CONSOLE LOADED]: [Nathan] [TESTING MODE]
[21-57-01.748] [THREAD STARTED]: Manual Tests Thread
[21-57-01.750] [USER GET]: key = laststart, value = 1661741106651
[21-57-01.751] [USER GET]: key = intromusic, value = 0
[21-57-03.039] [OBJECT CREATION]: Objects created since last delta (5000ms): 1
[21-57-03.380] [THREAD STARTED]: Splash Loading Label Updater
[21-57-08.040] [OBJECT CREATION]: Objects created since last delta (5000ms): 1
[21-58-29.134] [DEBUG]: Latency of Google found to be 64ms
[22-00-00.014] [USER GET]: key = hourlychimes, value = 1
[22-00-00.394] [AUDIO]: [SYSTEM AUDIO] C:\Users\Nathan\Documents\IntelliJava\Cyder\static\audio\chime.mp3
[22-00-00.396] [THREAD STARTED]: System Audio Player
[22-00-29.356] [DEBUG]: Latency of Google found to be 62ms
[22-02-29.701] [DEBUG]: Latency of Google found to be 87ms
[22-03-05.386] [USER GET]: key = fullscreen, value = 0 [2x]
[22-03-08.338] [USER GET]: key = minimizeonclose, value = 0
[22-03-08.339] [USER GET]: key = screenstat, value = ScreenStat{consoleX=1294, consoleY=279, consoleWidth=1046,
               consoleHeight=800, monitor=0, consoleOnTop=true, consoleDirection=RIGHT}
[22-03-08.354] [USER GET]: key = fullscreen, value = 0
[22-03-08.354] [THREAD STARTED]: [Liminal Cyder [Nathan]] dispose() animation thread
[22-03-08.355] [UI]: CyderFrame disposed with fastclose=false, getTitle=Liminal Cyder [Nathan]
[22-03-08.356] [USER GET]: key = doanimations, value = 1
[22-03-08.673] [EXIT]: [RUNTIME] 7m 49s 445ms
[22-03-08.678] [EOL]: Log completed, exiting Cyder with exit code: 0 [Genesis Controlled Exit], exceptions thrown:
               2, total objects created: 118
