[00-43-40] [ENTRY]: [Nathan]
[00-43-40] [THREAD STARTED]: Singular Cyder Instance Ensurer
[00-43-41] [THREAD STARTED]: Splash Loader
[00-43-41] [THREAD STARTED]: Splash Animation
[00-43-42] [OBJECT CREATED] Instance of cyder.threads.CyderThreadFactory created
[00-43-42] [THREAD STARTED]: Cyder Start Secondary Subroutines
[00-43-42] [LOGIN]: [AUTOCYPHER ATTEMPT]
[00-43-42] [THREAD STARTED]: JVM Logger
[00-43-42] [SYSTEM_IO]: Requested deletion of: C:\Users\Nathan\Documents\IntelliJava\Cyder\dynamic\tmp
[00-43-42] [SYSTEM_IO]: [DELETION FAILED] C:\Users\Nathan\Documents\IntelliJava\Cyder\dynamic\tmp
[00-43-42] [SYSTEM_IO]: [JSON Saved] User was written to file: 7d7ebb00-81fe-329f-8a78-62f463d0b7da\Userdata.json
[00-43-42] [SYSTEM_IO]: Requested deletion of: C:\Users\Nathan\Documents\IntelliJava\Cyder\dynamic\backup\7d7ebb00-81fe-329f-8a78-62f463d0b7da_1647067202711.json
[00-43-42] [LOGIN]: [[AUTOCYPHER PASS]: 7d7ebb00-81fe-329f-8a78-62f463d0b7da]
[00-43-42] [SYSTEM_IO]: [JSON Saved] User was written to file: 7d7ebb00-81fe-329f-8a78-62f463d0b7da\Userdata.json
[00-43-42] [SYSTEM_IO]: Requested deletion of: C:\Users\Nathan\Documents\IntelliJava\Cyder\dynamic\backup\7d7ebb00-81fe-329f-8a78-62f463d0b7da_1647067422245.json
[00-43-42] [SYSTEM_IO]: Userdata requested: RandomBackground
[00-43-42] [SYSTEM_IO]: Userdata requested: FullScreen
[00-43-42] [SYSTEM_IO]: Userdata requested: fullscreen
[00-43-42] [SYSTEM_IO]: Userdata requested: FullScreen [2x]
[00-43-42] [OBJECT CREATED] Instance of cyder.handlers.internal.InputHandler created
[00-43-42] [THREAD STARTED]: Console Printing Animation
[00-43-42] [SYSTEM_IO]: Userdata requested: OutputBorder
[00-43-42] [SYSTEM_IO]: Userdata requested: FullScreen
[00-43-42] [SYSTEM_IO]: Userdata requested: InputBorder
[00-43-42] [THREAD STARTED]: Console Input Caret Position Updater
[00-43-42] [SYSTEM_IO]: Userdata requested: OutputFill
[00-43-42] [SYSTEM_IO]: Userdata requested: InputFill
[00-43-42] [THREAD STARTED]: High Ping Checker
[00-43-42] [THREAD STARTED]: Hourly Chime Checker
[00-43-42] [THREAD STARTED]: Console Clock Updater
[00-43-42] [THREAD STARTED]: Cyder Busy Checker
[00-43-42] [THREAD STARTED]: ConsoleFrame Stat Saver
[00-43-42] [UI ACTION] Console loaded in 2186ms
[00-43-42] [SYSTEM_IO]: Userdata requested: DebugWindows
[00-43-42] [ENTRY]: [TESTING MODE]
[00-43-42] [SYSTEM_IO]: Userdata requested: laststart
[00-43-42] [SYSTEM_IO]: [JSON Saved] User was written to file: 7d7ebb00-81fe-329f-8a78-62f463d0b7da\Userdata.json
[00-43-42] [THREAD STARTED]: Component name = [cyder.ui.ConsoleFrame], bounds = [(548, 235, 707, 744)], hash = [1358857082], parentFrame = [Object itself is the top level frame], associated text = [No getText() method found], tooltip text = [No getTooltipText() method found], title = [Insomnia Cyder [Nathan]] notification queue checker
[00-43-42] [THREAD STARTED]: Cyder Splash CyderFrame dispose thread
[00-43-42] [SYSTEM_IO]: Requested deletion of: C:\Users\Nathan\Documents\IntelliJava\Cyder\dynamic\backup\7d7ebb00-81fe-329f-8a78-62f463d0b7da_1647067422628.json
[00-43-42] [UI ACTION] CyderFrame disposed with fastclose: true, CyderFrame: Component name = [cyder.ui.CyderFrame], bounds = [(980, 396, 600, 600)], hash = [623759733], parentFrame = [Object itself is the top level frame], associated text = [No getText() method found], tooltip text = [No getTooltipText() method found], title = [Cyder Splash]
[00-43-43] [UI ACTION] [Insomnia Cyder [Nathan]] [NOTIFICATION] w = 285, h = 29, text = <html>Console loaded in 2186ms</html>
[00-43-43] [THREAD STARTED]: notification appear animation
[00-43-43] [SYSTEM_IO]: Userdata requested: persistentnotifications
[00-43-43] [THREAD STARTED]: Notificaiton Vanish Animator
[00-43-45] [SYSTEM_IO]: [JSON Saved] User was written to file: 7d7ebb00-81fe-329f-8a78-62f463d0b7da\Userdata.json
[00-43-45] [SYSTEM_IO]: Requested deletion of: C:\Users\Nathan\Documents\IntelliJava\Cyder\dynamic\backup\7d7ebb00-81fe-329f-8a78-62f463d0b7da_1647067422879.json
[00-43-49] [SYSTEM_IO]: [JSON Saved] User was written to file: 7d7ebb00-81fe-329f-8a78-62f463d0b7da\Userdata.json
[00-43-49] [SYSTEM_IO]: Requested deletion of: C:\Users\Nathan\Documents\IntelliJava\Cyder\dynamic\backup\7d7ebb00-81fe-329f-8a78-62f463d0b7da_1647067425788.json
[00-43-51] [CLIENT]: randomyoutube
[00-43-51] [SYSTEM_IO]: Userdata requested: filterchat
[00-43-51] [THREAD STARTED]: Random youtube thread #0
[00-43-51] [THREAD STARTED]: Component name = [cyder.ui.ConsoleFrame], bounds = [(901, 410, 707, 744)], hash = [1358857082], parentFrame = [Object itself is the top level frame], associated text = [No getText() method found], tooltip text = [No getTooltipText() method found], title = [Insomnia Cyder [Nathan]] notification queue checker
[00-43-51] [HANDLE]: PRINT IMAGE COMMAND HANDLED
[00-43-51] [HANDLE]: PRIMARY HANDLE
[00-43-51] [UI ACTION] [Insomnia Cyder [Nathan]] [NOTIFICATION] w = 360, h = 58, text = <html>Type "stopscript" or press ctrl +<br/>c to stop the YouTube thread.</html>
[00-43-51] [THREAD STARTED]: notification appear animation
[00-43-52] [SYSTEM_IO]: Userdata requested: persistentnotifications
[00-43-52] [THREAD STARTED]: Notificaiton Vanish Animator
[00-43-53] [SYSTEM_IO]: [JSON Saved] User was written to file: 7d7ebb00-81fe-329f-8a78-62f463d0b7da\Userdata.json
[00-43-53] [SYSTEM_IO]: Requested deletion of: C:\Users\Nathan\Documents\IntelliJava\Cyder\dynamic\backup\7d7ebb00-81fe-329f-8a78-62f463d0b7da_1647067429519.json
[00-43-56] [CLIENT]: bletchy
[00-43-56] [SYSTEM_IO]: Userdata requested: filterchat
[00-43-56] [HANDLE]: PRINT IMAGE COMMAND HANDLED
[00-43-56] [HANDLE]: PRIMARY HANDLE
[00-43-56] [SYSTEM_IO]: [JSON Saved] User was written to file: 7d7ebb00-81fe-329f-8a78-62f463d0b7da\Userdata.json
[00-43-56] [SYSTEM_IO]: Requested deletion of: C:\Users\Nathan\Documents\IntelliJava\Cyder\dynamic\backup\7d7ebb00-81fe-329f-8a78-62f463d0b7da_1647067433232.json
[00-43-57] [UI ACTION] [Insomnia Cyder [Nathan]] [NOTIFICATION] w = 481, h = 29, text = <html>Time left: 33365210y 6mo 19d 9h 57m 34.5s</html>
[00-43-57] [THREAD STARTED]: notification appear animation
[00-43-57] [SYSTEM_IO]: Userdata requested: persistentnotifications
[00-43-57] [THREAD STARTED]: Notificaiton Vanish Animator
[00-44-00] [SYSTEM_IO]: [JSON Saved] User was written to file: 7d7ebb00-81fe-329f-8a78-62f463d0b7da\Userdata.json
[00-44-00] [SYSTEM_IO]: Requested deletion of: C:\Users\Nathan\Documents\IntelliJava\Cyder\dynamic\backup\7d7ebb00-81fe-329f-8a78-62f463d0b7da_1647067436933.json
[00-44-02] [UI ACTION] [Insomnia Cyder [Nathan]] [NOTIFICATION] w = 433, h = 58, text = <html>Cannot start bletchy/youtube thread at<br/>the same time as another instance.</html>
[00-44-02] [THREAD STARTED]: notification appear animation
[00-44-02] [SYSTEM_IO]: Userdata requested: persistentnotifications
[00-44-02] [THREAD STARTED]: Notificaiton Vanish Animator
[00-44-04] [SYSTEM_IO]: [JSON Saved] User was written to file: 7d7ebb00-81fe-329f-8a78-62f463d0b7da\Userdata.json
[00-44-04] [SYSTEM_IO]: Requested deletion of: C:\Users\Nathan\Documents\IntelliJava\Cyder\dynamic\backup\7d7ebb00-81fe-329f-8a78-62f463d0b7da_1647067440601.json
[00-44-07] [SYSTEM_IO]: [JSON Saved] User was written to file: 7d7ebb00-81fe-329f-8a78-62f463d0b7da\Userdata.json
[00-44-07] [SYSTEM_IO]: Requested deletion of: C:\Users\Nathan\Documents\IntelliJava\Cyder\dynamic\backup\7d7ebb00-81fe-329f-8a78-62f463d0b7da_1647067444253.json
[00-44-11] [SYSTEM_IO]: [JSON Saved] User was written to file: 7d7ebb00-81fe-329f-8a78-62f463d0b7da\Userdata.json
[00-44-11] [SYSTEM_IO]: Requested deletion of: C:\Users\Nathan\Documents\IntelliJava\Cyder\dynamic\backup\7d7ebb00-81fe-329f-8a78-62f463d0b7da_1647067447939.json
[00-44-15] [SYSTEM_IO]: [JSON Saved] User was written to file: 7d7ebb00-81fe-329f-8a78-62f463d0b7da\Userdata.json
[00-44-15] [SYSTEM_IO]: Requested deletion of: C:\Users\Nathan\Documents\IntelliJava\Cyder\dynamic\backup\7d7ebb00-81fe-329f-8a78-62f463d0b7da_1647067451677.json
[00-44-16] [SYSTEM_IO]: [JSON Saved] User was written to file: 7d7ebb00-81fe-329f-8a78-62f463d0b7da\Userdata.json
[00-44-16] [SYSTEM_IO]: Requested deletion of: C:\Users\Nathan\Documents\IntelliJava\Cyder\dynamic\backup\7d7ebb00-81fe-329f-8a78-62f463d0b7da_1647067455390.json
[00-44-16] [CONSOLE_OUT]: [STRING] Escaped
[00-44-17] [CLIENT]: clear
[00-44-17] [SYSTEM_IO]: Userdata requested: filterchat
[00-44-17] [HANDLE]: GENERAL COMMAND HANDLED
[00-44-17] [HANDLE]: PRIMARY HANDLE
[00-44-19] [SYSTEM_IO]: [JSON Saved] User was written to file: 7d7ebb00-81fe-329f-8a78-62f463d0b7da\Userdata.json
[00-44-19] [SYSTEM_IO]: Requested deletion of: C:\Users\Nathan\Documents\IntelliJava\Cyder\dynamic\backup\7d7ebb00-81fe-329f-8a78-62f463d0b7da_1647067456184.json
[00-44-22] [SYSTEM_IO]: [JSON Saved] User was written to file: 7d7ebb00-81fe-329f-8a78-62f463d0b7da\Userdata.json
[00-44-22] [SYSTEM_IO]: Requested deletion of: C:\Users\Nathan\Documents\IntelliJava\Cyder\dynamic\backup\7d7ebb00-81fe-329f-8a78-62f463d0b7da_1647067459112.json
[00-44-26] [SYSTEM_IO]: [JSON Saved] User was written to file: 7d7ebb00-81fe-329f-8a78-62f463d0b7da\Userdata.json
[00-44-26] [SYSTEM_IO]: Requested deletion of: C:\Users\Nathan\Documents\IntelliJava\Cyder\dynamic\backup\7d7ebb00-81fe-329f-8a78-62f463d0b7da_1647067462840.json
[00-44-29] [CLIENT]: randomyoutube
[00-44-29] [SYSTEM_IO]: Userdata requested: filterchat
[00-44-29] [THREAD STARTED]: Random youtube thread #0
[00-44-29] [THREAD STARTED]: Component name = [cyder.ui.ConsoleFrame], bounds = [(901, 410, 707, 744)], hash = [1358857082], parentFrame = [Object itself is the top level frame], associated text = [No getText() method found], tooltip text = [No getTooltipText() method found], title = [Insomnia Cyder [Nathan]] notification queue checker
[00-44-29] [HANDLE]: PRINT IMAGE COMMAND HANDLED
[00-44-29] [HANDLE]: PRIMARY HANDLE
[00-44-29] [UI ACTION] [Insomnia Cyder [Nathan]] [NOTIFICATION] w = 360, h = 58, text = <html>Type "stopscript" or press ctrl +<br/>c to stop the YouTube thread.</html>
[00-44-29] [THREAD STARTED]: notification appear animation
[00-44-29] [SYSTEM_IO]: Userdata requested: persistentnotifications
[00-44-29] [THREAD STARTED]: Notificaiton Vanish Animator
[00-44-30] [SYSTEM_IO]: [JSON Saved] User was written to file: 7d7ebb00-81fe-329f-8a78-62f463d0b7da\Userdata.json
[00-44-30] [SYSTEM_IO]: Requested deletion of: C:\Users\Nathan\Documents\IntelliJava\Cyder\dynamic\backup\7d7ebb00-81fe-329f-8a78-62f463d0b7da_1647067466566.json
[00-44-30] [SYSTEM_IO]: [JSON Saved] User was written to file: 7d7ebb00-81fe-329f-8a78-62f463d0b7da\Userdata.json
[00-44-30] [SYSTEM_IO]: Requested deletion of: C:\Users\Nathan\Documents\IntelliJava\Cyder\dynamic\backup\7d7ebb00-81fe-329f-8a78-62f463d0b7da_1647067470263.json
[00-44-30] [SYSTEM_IO]: [JSON Saved] User was written to file: 7d7ebb00-81fe-329f-8a78-62f463d0b7da\Userdata.json
[00-44-30] [SYSTEM_IO]: Requested deletion of: C:\Users\Nathan\Documents\IntelliJava\Cyder\dynamic\backup\7d7ebb00-81fe-329f-8a78-62f463d0b7da_1647067470678.json
[00-44-30] [CONSOLE_OUT]: [STRING] Escaped
[00-44-32] [CLIENT]: randomyoutube
[00-44-32] [SYSTEM_IO]: Userdata requested: filterchat
[00-44-32] [THREAD STARTED]: Random youtube thread #0
[00-44-32] [HANDLE]: PRINT IMAGE COMMAND HANDLED
[00-44-32] [HANDLE]: PRIMARY HANDLE
[00-44-33] [SYSTEM_IO]: [JSON Saved] User was written to file: 7d7ebb00-81fe-329f-8a78-62f463d0b7da\Userdata.json
[00-44-33] [SYSTEM_IO]: Requested deletion of: C:\Users\Nathan\Documents\IntelliJava\Cyder\dynamic\backup\7d7ebb00-81fe-329f-8a78-62f463d0b7da_1647067470684.json
[00-44-33] [SYSTEM_IO]: [JSON Saved] User was written to file: 7d7ebb00-81fe-329f-8a78-62f463d0b7da\Userdata.json
[00-44-33] [SYSTEM_IO]: Requested deletion of: C:\Users\Nathan\Documents\IntelliJava\Cyder\dynamic\backup\7d7ebb00-81fe-329f-8a78-62f463d0b7da_1647067473178.json
[00-44-33] [SYSTEM_IO]: [JSON Saved] User was written to file: 7d7ebb00-81fe-329f-8a78-62f463d0b7da\Userdata.json
[00-44-33] [SYSTEM_IO]: Requested deletion of: C:\Users\Nathan\Documents\IntelliJava\Cyder\dynamic\backup\7d7ebb00-81fe-329f-8a78-62f463d0b7da_1647067473184.json
[00-44-33] [CONSOLE_OUT]: [STRING] Escaped
[00-44-33] [SYSTEM_IO]: [JSON Saved] User was written to file: 7d7ebb00-81fe-329f-8a78-62f463d0b7da\Userdata.json
[00-44-33] [SYSTEM_IO]: Requested deletion of: C:\Users\Nathan\Documents\IntelliJava\Cyder\dynamic\backup\7d7ebb00-81fe-329f-8a78-62f463d0b7da_1647067473191.json
[00-44-33] [SYSTEM_IO]: [JSON Saved] User was written to file: 7d7ebb00-81fe-329f-8a78-62f463d0b7da\Userdata.json
[00-44-33] [SYSTEM_IO]: Requested deletion of: C:\Users\Nathan\Documents\IntelliJava\Cyder\dynamic\backup\7d7ebb00-81fe-329f-8a78-62f463d0b7da_1647067473944.json
[00-44-33] [SYSTEM_IO]: [JSON Saved] User was written to file: 7d7ebb00-81fe-329f-8a78-62f463d0b7da\Userdata.json
[00-44-33] [SYSTEM_IO]: Requested deletion of: C:\Users\Nathan\Documents\IntelliJava\Cyder\dynamic\backup\7d7ebb00-81fe-329f-8a78-62f463d0b7da_1647067473950.json
[00-44-33] [SYSTEM_IO]: [JSON Saved] User was written to file: 7d7ebb00-81fe-329f-8a78-62f463d0b7da\Userdata.json
[00-44-33] [SYSTEM_IO]: Requested deletion of: C:\Users\Nathan\Documents\IntelliJava\Cyder\dynamic\backup\7d7ebb00-81fe-329f-8a78-62f463d0b7da_1647067473958.json
[00-44-34] [CONSOLE_OUT]: [STRING] Escaped
[00-44-34] [UI ACTION] [Insomnia Cyder [Nathan]] [NOTIFICATION] w = 508, h = 29, text = <html>Time left: 33696966y 10mo 27d 4h 38m 17.25s</html>
[00-44-34] [THREAD STARTED]: notification appear animation
[00-44-34] [SYSTEM_IO]: Userdata requested: persistentnotifications
[00-44-34] [THREAD STARTED]: Notificaiton Vanish Animator
[00-44-35] [CLIENT]: randomyoutube
[00-44-35] [SYSTEM_IO]: Userdata requested: filterchat
[00-44-35] [THREAD STARTED]: Random youtube thread #0
[00-44-35] [HANDLE]: PRINT IMAGE COMMAND HANDLED
[00-44-35] [HANDLE]: PRIMARY HANDLE
[00-44-35] [SYSTEM_IO]: [JSON Saved] User was written to file: 7d7ebb00-81fe-329f-8a78-62f463d0b7da\Userdata.json
[00-44-35] [SYSTEM_IO]: Requested deletion of: C:\Users\Nathan\Documents\IntelliJava\Cyder\dynamic\backup\7d7ebb00-81fe-329f-8a78-62f463d0b7da_1647067473996.json
[00-44-35] [SYSTEM_IO]: [JSON Saved] User was written to file: 7d7ebb00-81fe-329f-8a78-62f463d0b7da\Userdata.json
[00-44-35] [SYSTEM_IO]: Requested deletion of: C:\Users\Nathan\Documents\IntelliJava\Cyder\dynamic\backup\7d7ebb00-81fe-329f-8a78-62f463d0b7da_1647067475332.json
[00-44-35] [SYSTEM_IO]: [JSON Saved] User was written to file: 7d7ebb00-81fe-329f-8a78-62f463d0b7da\Userdata.json
[00-44-35] [SYSTEM_IO]: Requested deletion of: C:\Users\Nathan\Documents\IntelliJava\Cyder\dynamic\backup\7d7ebb00-81fe-329f-8a78-62f463d0b7da_1647067475338.json
[00-44-35] [SYSTEM_IO]: [JSON Saved] User was written to file: 7d7ebb00-81fe-329f-8a78-62f463d0b7da\Userdata.json
[00-44-35] [SYSTEM_IO]: Requested deletion of: C:\Users\Nathan\Documents\IntelliJava\Cyder\dynamic\backup\7d7ebb00-81fe-329f-8a78-62f463d0b7da_1647067475344.json
[00-44-35] [CONSOLE_OUT]: [STRING] Escaped
[00-44-37] [SYSTEM_IO]: [JSON Saved] User was written to file: 7d7ebb00-81fe-329f-8a78-62f463d0b7da\Userdata.json
[00-44-37] [SYSTEM_IO]: Requested deletion of: C:\Users\Nathan\Documents\IntelliJava\Cyder\dynamic\backup\7d7ebb00-81fe-329f-8a78-62f463d0b7da_1647067475350.json
[00-44-40] [UI ACTION] [Insomnia Cyder [Nathan]] [NOTIFICATION] w = 360, h = 58, text = <html>Type "stopscript" or press ctrl +<br/>c to stop the YouTube thread.</html>
[00-44-40] [THREAD STARTED]: notification appear animation
[00-44-40] [SYSTEM_IO]: Userdata requested: minimizeonclose
[00-44-40] [SYSTEM_IO]: [JSON Saved] User was written to file: 7d7ebb00-81fe-329f-8a78-62f463d0b7da\Userdata.json
[00-44-40] [SYSTEM_IO]: Requested deletion of: C:\Users\Nathan\Documents\IntelliJava\Cyder\dynamic\backup\7d7ebb00-81fe-329f-8a78-62f463d0b7da_1647067477689.json
[00-44-40] [SYSTEM_IO]: [JSON Saved] User was written to file: 7d7ebb00-81fe-329f-8a78-62f463d0b7da\Userdata.json
[00-44-40] [SYSTEM_IO]: Requested deletion of: C:\Users\Nathan\Documents\IntelliJava\Cyder\dynamic\backup\7d7ebb00-81fe-329f-8a78-62f463d0b7da_1647067480081.json
[00-44-40] [SYSTEM_IO]: [JSON Saved] User was written to file: 7d7ebb00-81fe-329f-8a78-62f463d0b7da\Userdata.json
[00-44-40] [SYSTEM_IO]: Requested deletion of: C:\Users\Nathan\Documents\IntelliJava\Cyder\dynamic\backup\7d7ebb00-81fe-329f-8a78-62f463d0b7da_1647067480087.json
[00-44-40] [SYSTEM_IO]: [JSON Saved] User was written to file: 7d7ebb00-81fe-329f-8a78-62f463d0b7da\Userdata.json
[00-44-40] [SYSTEM_IO]: Requested deletion of: C:\Users\Nathan\Documents\IntelliJava\Cyder\dynamic\backup\7d7ebb00-81fe-329f-8a78-62f463d0b7da_1647067480093.json
[00-44-40] [THREAD STARTED]: Insomnia Cyder [Nathan] CyderFrame dispose thread
[00-44-40] [UI ACTION] CyderFrame disposed with fastclose: false, CyderFrame: Component name = [cyder.ui.ConsoleFrame], bounds = [(901, 410, 707, 744)], hash = [1358857082], parentFrame = [Object itself is the top level frame], associated text = [No getText() method found], tooltip text = [No getTooltipText() method found], title = [Insomnia Cyder [Nathan]]
[00-44-40] [SYSTEM_IO]: Userdata requested: closeanimation
[00-44-40] [SYSTEM_IO]: Userdata requested: persistentnotifications
[00-44-40] [THREAD STARTED]: Notificaiton Vanish Animator
[00-44-40] [UI ACTION] [Insomnia Cyder [Nathan]] [NOTIFICATION] w = 459, h = 29, text = <html>Time left: 41765254y 9mo 3d 16h 54m 13s</html>
[00-44-40] [THREAD STARTED]: notification appear animation
[00-44-40] [SYSTEM_IO]: Userdata requested: persistentnotifications
[00-44-40] [THREAD STARTED]: Notificaiton Vanish Animator
[00-44-40] [EXIT]: [RUNTIME] 59s
[00-44-40] [EOL]: Log completed, exiting Cyder with exit code: 0 [Genesis Controlled Exit], exceptions thrown: 0
