[12-11-17] [ENTRY]: [Nathan]
[12-11-17] [THREAD STARTED]: Singular Cyder Instance Ensurer
[12-11-18] [THREAD STARTED]: Splash Loader
[12-11-18] [OBJECT CREATED] Instance of cyder.user.User created
[12-11-18] [OBJECT CREATED] Instance of cyder.user.objects.Preference created [42x]
[12-11-18] [OBJECT CREATED] Instance of cyder.ui.CyderIconButton created [3x]
[12-11-18] [OBJECT CREATED] Instance of cyder.ui.CyderDragLabel created
[12-11-18] [OBJECT CREATED] Instance of cyder.ui.CyderFrame created
[12-11-18] [THREAD STARTED]: Splash Animation
[12-11-19] [OBJECT CREATED] Instance of cyder.ui.ConsoleFrame created
[12-11-19] [OBJECT CREATED] Instance of cyder.threads.CyderThreadFactory created
[12-11-19] [THREAD STARTED]: Cyder Start Secondary Subroutines
[12-11-19] [LOGIN]: [AUTOCYPHER ATTEMPT]
[12-11-19] [THREAD STARTED]: JVM Logger
[12-11-19] [SYSTEM_IO]: Requested deletion of: C:\Users\Nathan\Documents\IntelliJava\Cyder\dynamic\tmp
[12-11-19] [OBJECT CREATED] Instance of cyder.user.User created [2x]
[12-11-19] [SYSTEM_IO]: [DELETION FAILED] C:\Users\Nathan\Documents\IntelliJava\Cyder\dynamic\tmp
[12-11-19] [OBJECT CREATED] Instance of cyder.user.User created [2x]
[12-11-19] [SYSTEM_IO]: [JSON Saved] User was written to file: 7d7ebb00-81fe-329f-8a78-62f463d0b7da\Userdata.json
[12-11-19] [OBJECT CREATED] Instance of cyder.user.User created
[12-11-19] [SYSTEM_IO]: Requested deletion of: C:\Users\Nathan\Documents\IntelliJava\Cyder\dynamic\backup\7d7ebb00-81fe-329f-8a78-62f463d0b7da_1647106741387.json
[12-11-19] [LOGIN]: [[AUTOCYPHER PASS]: 7d7ebb00-81fe-329f-8a78-62f463d0b7da]
[12-11-19] [OBJECT CREATED] Instance of cyder.ui.objects.CyderBackground created [2x]
[12-11-19] [SYSTEM_IO]: [JSON Saved] User was written to file: 7d7ebb00-81fe-329f-8a78-62f463d0b7da\Userdata.json
[12-11-19] [OBJECT CREATED] Instance of cyder.user.User created
[12-11-19] [SYSTEM_IO]: Requested deletion of: C:\Users\Nathan\Documents\IntelliJava\Cyder\dynamic\backup\7d7ebb00-81fe-329f-8a78-62f463d0b7da_1647108679379.json
[12-11-19] [SYSTEM_IO]: Userdata requested: RandomBackground
[12-11-19] [SYSTEM_IO]: Userdata requested: FullScreen
[12-11-19] [OBJECT CREATED] Instance of cyder.ui.CyderIconButton created [3x]
[12-11-19] [OBJECT CREATED] Instance of cyder.ui.CyderDragLabel created
[12-11-19] [OBJECT CREATED] Instance of cyder.ui.CyderIconButton created [3x]
[12-11-19] [OBJECT CREATED] Instance of cyder.ui.CyderDragLabel created
[12-11-19] [OBJECT CREATED] Instance of cyder.ui.CyderIconButton created [3x]
[12-11-19] [OBJECT CREATED] Instance of cyder.ui.CyderDragLabel created
[12-11-19] [OBJECT CREATED] Instance of cyder.ui.CyderIconButton created [3x]
[12-11-19] [OBJECT CREATED] Instance of cyder.ui.CyderDragLabel created
[12-11-19] [OBJECT CREATED] Instance of cyder.ui.ConsoleFrame$1 created
[12-11-19] [SYSTEM_IO]: Userdata requested: fullscreen
[12-11-19] [OBJECT CREATED] Instance of cyder.ui.CyderComponentResizer created
[12-11-19] [OBJECT CREATED] Instance of cyder.ui.CyderCaret created
[12-11-19] [SYSTEM_IO]: Userdata requested: FullScreen [2x]
[12-11-19] [OBJECT CREATED] Instance of cyder.ui.CyderOutputPane created [2x]
[12-11-19] [OBJECT CREATED] Instance of cyder.handlers.internal.InputHandler created
[12-11-19] [THREAD STARTED]: Console Printing Animation
[12-11-19] [SYSTEM_IO]: Userdata requested: OutputBorder
[12-11-19] [SYSTEM_IO]: Userdata requested: FullScreen
[12-11-19] [SYSTEM_IO]: Userdata requested: InputBorder
[12-11-19] [THREAD STARTED]: Console Input Caret Position Updater
[12-11-19] [OBJECT CREATED] Instance of cyder.ui.CyderCaret created
[12-11-19] [SYSTEM_IO]: Userdata requested: OutputFill
[12-11-19] [SYSTEM_IO]: Userdata requested: InputFill
[12-11-19] [OBJECT CREATED] Instance of cyder.ui.CyderIconButton created [7x]
[12-11-19] [THREAD STARTED]: High Ping Checker
[12-11-19] [THREAD STARTED]: Hourly Chime Checker
[12-11-19] [THREAD STARTED]: Console Clock Updater
[12-11-19] [THREAD STARTED]: Cyder Busy Checker
[12-11-19] [THREAD STARTED]: ConsoleFrame Stat Saver
[12-11-20] [UI ACTION] Console loaded in 2718ms
[12-11-20] [OBJECT CREATED] Instance of cyder.ui.objects.NotificationBuilder created
[12-11-20] [OBJECT CREATED] Instance of cyder.utilities.objects.TaggedString created
[12-11-20] [OBJECT CREATED] Instance of cyder.ui.objects.QueuedNotification created
[12-11-20] [THREAD STARTED]: Component name = [cyder.ui.ConsoleFrame], bounds = [(571, 264, 707, 744)], hash = [2056234595], parentFrame = [Object itself is the top level frame], associated text = [No getText() method found], tooltip text = [No getTooltipText() method found], title = [Insomnia Cyder [Nathan]] notification queue checker
[12-11-20] [THREAD STARTED]: Cyder Splash CyderFrame dispose thread
[12-11-20] [OBJECT CREATED] Instance of cyder.ui.CyderNotification created
[12-11-20] [UI ACTION] CyderFrame disposed with fastclose: true, CyderFrame: Component name = [cyder.ui.CyderFrame], bounds = [(980, 396, 600, 600)], hash = [645098035], parentFrame = [Object itself is the top level frame], associated text = [No getText() method found], tooltip text = [No getTooltipText() method found], title = [Cyder Splash]
[12-11-20] [SYSTEM_IO]: Userdata requested: DebugWindows
[12-11-20] [ENTRY]: [TESTING MODE]
[12-11-20] [SYSTEM_IO]: Userdata requested: laststart
[12-11-20] [SYSTEM_IO]: [JSON Saved] User was written to file: 7d7ebb00-81fe-329f-8a78-62f463d0b7da\Userdata.json
[12-11-20] [OBJECT CREATED] Instance of cyder.user.User created
[12-11-20] [OBJECT CREATED] Instance of cyder.utilities.objects.BoundsString created
[12-11-20] [SYSTEM_IO]: Requested deletion of: C:\Users\Nathan\Documents\IntelliJava\Cyder\dynamic\backup\7d7ebb00-81fe-329f-8a78-62f463d0b7da_1647108679731.json
[12-11-20] [UI ACTION] [Insomnia Cyder [Nathan]] [NOTIFICATION] w = 285, h = 29, text = <html>Console loaded in 2718ms</html>
[12-11-20] [THREAD STARTED]: notification appear animation
[12-11-20] [SYSTEM_IO]: Userdata requested: persistentnotifications
[12-11-20] [THREAD STARTED]: Notificaiton Vanish Animator
[12-11-21] [OBJECT CREATED] Instance of cyder.ui.CyderLabel created [3x]
[12-11-22] [SYSTEM_IO]: [JSON Saved] User was written to file: 7d7ebb00-81fe-329f-8a78-62f463d0b7da\Userdata.json
[12-11-22] [OBJECT CREATED] Instance of cyder.user.User created
[12-11-22] [SYSTEM_IO]: Requested deletion of: C:\Users\Nathan\Documents\IntelliJava\Cyder\dynamic\backup\7d7ebb00-81fe-329f-8a78-62f463d0b7da_1647108680144.json
[12-11-23] [CLIENT]: paint
[12-11-23] [SYSTEM_IO]: Userdata requested: filterchat
[12-11-23] [OBJECT CREATED] Instance of cyder.ui.CyderIconButton created [3x]
[12-11-23] [OBJECT CREATED] Instance of cyder.ui.CyderDragLabel created
[12-11-23] [OBJECT CREATED] Instance of cyder.ui.CyderIconButton created [3x]
[12-11-23] [OBJECT CREATED] Instance of cyder.ui.CyderDragLabel created
[12-11-23] [OBJECT CREATED] Instance of cyder.ui.CyderIconButton created [3x]
[12-11-23] [OBJECT CREATED] Instance of cyder.ui.CyderDragLabel created
[12-11-23] [OBJECT CREATED] Instance of cyder.ui.CyderIconButton created [3x]
[12-11-23] [OBJECT CREATED] Instance of cyder.ui.CyderDragLabel created
[12-11-23] [OBJECT CREATED] Instance of cyder.ui.CyderFrame created
[12-11-23] [OBJECT CREATED] Instance of cyder.ui.CyderGrid created
[12-11-24] [OBJECT CREATED] Instance of cyder.ui.CyderIconButton created [3x]
[12-11-24] [OBJECT CREATED] Instance of cyder.ui.CyderDragLabel created
[12-11-24] [OBJECT CREATED] Instance of cyder.ui.CyderIconButton created [3x]
[12-11-24] [OBJECT CREATED] Instance of cyder.ui.CyderDragLabel created
[12-11-24] [OBJECT CREATED] Instance of cyder.ui.CyderIconButton created [3x]
[12-11-24] [OBJECT CREATED] Instance of cyder.ui.CyderDragLabel created
[12-11-24] [OBJECT CREATED] Instance of cyder.ui.CyderIconButton created [3x]
[12-11-24] [OBJECT CREATED] Instance of cyder.ui.CyderDragLabel created
[12-11-24] [OBJECT CREATED] Instance of cyder.ui.CyderFrame created
[12-11-24] [OBJECT CREATED] Instance of cyder.ui.CyderPanel created [2x]
[12-11-24] [OBJECT CREATED] Instance of cyder.ui.CyderCaret created
[12-11-24] [OBJECT CREATED] Instance of cyder.ui.CyderTextField created
[12-11-24] [OBJECT CREATED] Instance of cyder.ui.CyderLabel created [2x]
[12-11-24] [OBJECT CREATED] Instance of cyder.ui.CyderIconButton created [2x]
[12-11-24] [OBJECT CREATED] Instance of cyder.ui.CyderCheckboxGroup created
[12-11-24] [OBJECT CREATED] Instance of cyder.ui.CyderLabel created
[12-11-24] [OBJECT CREATED] Instance of cyder.ui.CyderDraggableComponent created
[12-11-24] [OBJECT CREATED] Instance of cyder.ui.CyderCheckbox created
[12-11-24] [OBJECT CREATED] Instance of cyder.ui.CyderLabel created
[12-11-24] [OBJECT CREATED] Instance of cyder.ui.CyderDraggableComponent created
[12-11-24] [OBJECT CREATED] Instance of cyder.ui.CyderCheckbox created
[12-11-24] [OBJECT CREATED] Instance of cyder.ui.CyderLabel created
[12-11-24] [OBJECT CREATED] Instance of cyder.ui.CyderSliderUI created
[12-11-24] [OBJECT CREATED] Instance of cyder.ui.CyderIconButton created [4x]
[12-11-24] [CONSOLE_OUT]: [STRING] Opening widget: PaintWidget
[12-11-24] [OBJECT CREATED] Instance of cyder.ui.CyderIconButton created [2x]
[12-11-24] [OBJECT CREATED] Instance of cyder.ui.CyderPanel created
[12-11-24] [OBJECT CREATED] Instance of cyder.ui.CyderComponentResizer created
[12-11-24] [WIDGET OPENED]: PaintWidget, trigger = paint, triggers = [paint, draw, ]
[12-11-24] [HANDLE]: PRIMARY HANDLE
[12-11-26] [SYSTEM_IO]: [JSON Saved] User was written to file: 7d7ebb00-81fe-329f-8a78-62f463d0b7da\Userdata.json
[12-11-26] [OBJECT CREATED] Instance of cyder.user.User created
[12-11-26] [SYSTEM_IO]: Requested deletion of: C:\Users\Nathan\Documents\IntelliJava\Cyder\dynamic\backup\7d7ebb00-81fe-329f-8a78-62f463d0b7da_1647108682925.json
[12-11-28] [OBJECT CREATED] Instance of cyder.ui.objects.GridNode created [1150x]
[12-11-29] [OBJECT CREATED] Instance of cyder.ui.CyderOutputPane created
[12-11-29] [THREAD STARTED]: Paint menu label animator
[12-11-30] [SYSTEM_IO]: [JSON Saved] User was written to file: 7d7ebb00-81fe-329f-8a78-62f463d0b7da\Userdata.json
[12-11-30] [OBJECT CREATED] Instance of cyder.user.User created
[12-11-30] [SYSTEM_IO]: Requested deletion of: C:\Users\Nathan\Documents\IntelliJava\Cyder\dynamic\backup\7d7ebb00-81fe-329f-8a78-62f463d0b7da_1647108686560.json
[12-11-31] [THREAD STARTED]: Paint Grid Scaler
[12-11-31] [OBJECT CREATED] Instance of cyder.utilities.objects.GetterBuilder created
[12-11-31] [OBJECT CREATED] Instance of cyder.utilities.GetterUtil created
[12-11-31] [THREAD STARTED]: getString() thread, title = [Enter length]
[12-11-31] [OBJECT CREATED] Instance of cyder.ui.CyderIconButton created [3x]
[12-11-31] [OBJECT CREATED] Instance of cyder.ui.CyderDragLabel created
[12-11-31] [OBJECT CREATED] Instance of cyder.ui.CyderIconButton created [3x]
[12-11-31] [OBJECT CREATED] Instance of cyder.ui.CyderDragLabel created
[12-11-31] [OBJECT CREATED] Instance of cyder.ui.CyderIconButton created [3x]
[12-11-31] [OBJECT CREATED] Instance of cyder.ui.CyderDragLabel created
[12-11-31] [OBJECT CREATED] Instance of cyder.ui.CyderIconButton created [3x]
[12-11-31] [OBJECT CREATED] Instance of cyder.ui.CyderDragLabel created
[12-11-31] [OBJECT CREATED] Instance of cyder.ui.CyderFrame created
[12-11-31] [OBJECT CREATED] Instance of cyder.ui.CyderCaret created
[12-11-31] [OBJECT CREATED] Instance of cyder.ui.CyderTextField created
[12-11-31] [OBJECT CREATED] Instance of cyder.ui.CyderDraggableComponent created
[12-11-31] [OBJECT CREATED] Instance of cyder.ui.CyderButton created
[12-11-32] [THREAD STARTED]: Enter length CyderFrame dispose thread
[12-11-32] [UI ACTION] Component name = [cyder.ui.CyderButton], bounds = [(40, 100, 320, 40)], hash = [1793024602], parentFrame = [Enter length], associated text = [Scale grid], tooltip text = [No getTooltipText() method found], title = [No getTitle() method found]
[12-11-32] [UI ACTION] CyderFrame disposed with fastclose: false, CyderFrame: Component name = [cyder.ui.CyderFrame], bounds = [(1390, 555, 400, 170)], hash = [846425284], parentFrame = [Object itself is the top level frame], associated text = [No getText() method found], tooltip text = [No getTooltipText() method found], title = [Enter length]
[12-11-32] [OBJECT CREATED] Instance of cyder.ui.CyderIconButton created [3x]
[12-11-32] [OBJECT CREATED] Instance of cyder.ui.CyderDragLabel created
[12-11-32] [OBJECT CREATED] Instance of cyder.ui.CyderIconButton created [3x]
[12-11-32] [OBJECT CREATED] Instance of cyder.ui.CyderDragLabel created
[12-11-32] [OBJECT CREATED] Instance of cyder.ui.CyderIconButton created [3x]
[12-11-32] [OBJECT CREATED] Instance of cyder.ui.CyderDragLabel created
[12-11-32] [OBJECT CREATED] Instance of cyder.ui.CyderIconButton created [3x]
[12-11-32] [OBJECT CREATED] Instance of cyder.ui.CyderDragLabel created
[12-11-32] [OBJECT CREATED] Instance of cyder.ui.CyderFrame created
[12-11-32] [THREAD STARTED]: Enter length CyderFrame dispose thread
[12-11-32] [UI ACTION] Component name = [cyder.ui.CyderButton], bounds = [(40, 100, 320, 40)], hash = [1793024602], parentFrame = [Enter length], associated text = [Scale grid], tooltip text = [No getTooltipText() method found], title = [No getTitle() method found]
[12-11-32] [SYSTEM_IO]: Userdata requested: closeanimation
[12-11-34] [SYSTEM_IO]: [JSON Saved] User was written to file: 7d7ebb00-81fe-329f-8a78-62f463d0b7da\Userdata.json
[12-11-34] [OBJECT CREATED] Instance of cyder.user.User created
[12-11-34] [SYSTEM_IO]: Requested deletion of: C:\Users\Nathan\Documents\IntelliJava\Cyder\dynamic\backup\7d7ebb00-81fe-329f-8a78-62f463d0b7da_1647108690281.json
[12-11-34] [UI ACTION] Component name = [cyder.ui.CyderDragLabel], bounds = [(2, 2, 206, 28)], hash = [-14866203], parentFrame = [], associated text = [No getText() method found], tooltip text = [No getTooltipText() method found], title = [No getTitle() method found]
[12-11-34] [THREAD STARTED]:  CyderFrame dispose thread
[12-11-34] [UI ACTION] CyderFrame disposed with fastclose: false, CyderFrame: Component name = [cyder.ui.CyderFrame], bounds = [(1484, 522, 210, 235)], hash = [198227972], parentFrame = [Object itself is the top level frame], associated text = [No getText() method found], tooltip text = [No getTooltipText() method found], title = [No getTitle() method found]
[12-11-34] [SYSTEM_IO]: Userdata requested: closeanimation
[12-11-35] [THREAD STARTED]: Paint Grid Scaler
[12-11-35] [OBJECT CREATED] Instance of cyder.utilities.objects.GetterBuilder created
[12-11-35] [OBJECT CREATED] Instance of cyder.utilities.GetterUtil created
[12-11-35] [THREAD STARTED]: getString() thread, title = [Enter length]
[12-11-35] [OBJECT CREATED] Instance of cyder.ui.CyderIconButton created [3x]
[12-11-35] [OBJECT CREATED] Instance of cyder.ui.CyderDragLabel created
[12-11-35] [OBJECT CREATED] Instance of cyder.ui.CyderIconButton created [3x]
[12-11-35] [OBJECT CREATED] Instance of cyder.ui.CyderDragLabel created
[12-11-35] [OBJECT CREATED] Instance of cyder.ui.CyderIconButton created [3x]
[12-11-35] [OBJECT CREATED] Instance of cyder.ui.CyderDragLabel created
[12-11-35] [OBJECT CREATED] Instance of cyder.ui.CyderIconButton created [3x]
[12-11-35] [OBJECT CREATED] Instance of cyder.ui.CyderDragLabel created
[12-11-35] [OBJECT CREATED] Instance of cyder.ui.CyderFrame created
[12-11-35] [OBJECT CREATED] Instance of cyder.ui.CyderCaret created
[12-11-35] [OBJECT CREATED] Instance of cyder.ui.CyderTextField created
[12-11-35] [OBJECT CREATED] Instance of cyder.ui.CyderDraggableComponent created
[12-11-35] [OBJECT CREATED] Instance of cyder.ui.CyderButton created
[12-11-36] [UI ACTION] Component name = [cyder.ui.CyderTextField], bounds = [(40, 40, 320, 40)], hash = [236989103], parentFrame = [Enter length], associated text = [200], tooltip text = [No getTooltipText() method found], title = [No getTitle() method found] [2x]
[12-11-37] [SYSTEM_IO]: [JSON Saved] User was written to file: 7d7ebb00-81fe-329f-8a78-62f463d0b7da\Userdata.json
[12-11-37] [OBJECT CREATED] Instance of cyder.user.User created
[12-11-37] [SYSTEM_IO]: Requested deletion of: C:\Users\Nathan\Documents\IntelliJava\Cyder\dynamic\backup\7d7ebb00-81fe-329f-8a78-62f463d0b7da_1647108694057.json
[12-11-40] [THREAD STARTED]: Enter length CyderFrame dispose thread
[12-11-40] [UI ACTION] Component name = [cyder.ui.CyderButton], bounds = [(40, 100, 320, 40)], hash = [890170733], parentFrame = [Enter length], associated text = [Scale grid], tooltip text = [No getTooltipText() method found], title = [No getTitle() method found]
[12-11-40] [UI ACTION] CyderFrame disposed with fastclose: false, CyderFrame: Component name = [cyder.ui.CyderFrame], bounds = [(1390, 555, 400, 170)], hash = [488212350], parentFrame = [Object itself is the top level frame], associated text = [No getText() method found], tooltip text = [No getTooltipText() method found], title = [Enter length]
[12-11-40] [OBJECT CREATED] Instance of cyder.ui.CyderIconButton created [3x]
[12-11-40] [OBJECT CREATED] Instance of cyder.ui.CyderDragLabel created
[12-11-40] [OBJECT CREATED] Instance of cyder.ui.CyderIconButton created [3x]
[12-11-40] [OBJECT CREATED] Instance of cyder.ui.CyderDragLabel created
[12-11-40] [OBJECT CREATED] Instance of cyder.ui.CyderIconButton created [3x]
[12-11-40] [OBJECT CREATED] Instance of cyder.ui.CyderDragLabel created
[12-11-40] [OBJECT CREATED] Instance of cyder.ui.CyderIconButton created [3x]
[12-11-40] [OBJECT CREATED] Instance of cyder.ui.CyderDragLabel created
[12-11-40] [OBJECT CREATED] Instance of cyder.ui.CyderFrame created
[12-11-40] [THREAD STARTED]: Enter length CyderFrame dispose thread
[12-11-40] [UI ACTION] Component name = [cyder.ui.CyderButton], bounds = [(40, 100, 320, 40)], hash = [890170733], parentFrame = [Enter length], associated text = [Scale grid], tooltip text = [No getTooltipText() method found], title = [No getTitle() method found]
[12-11-40] [SYSTEM_IO]: Userdata requested: closeanimation
[12-11-41] [SYSTEM_IO]: [JSON Saved] User was written to file: 7d7ebb00-81fe-329f-8a78-62f463d0b7da\Userdata.json
[12-11-41] [OBJECT CREATED] Instance of cyder.user.User created
[12-11-41] [SYSTEM_IO]: Requested deletion of: C:\Users\Nathan\Documents\IntelliJava\Cyder\dynamic\backup\7d7ebb00-81fe-329f-8a78-62f463d0b7da_1647108697830.json
[12-11-43] [UI ACTION] Component name = [cyder.ui.CyderDragLabel], bounds = [(2, 2, 206, 28)], hash = [-14866203], parentFrame = [], associated text = [No getText() method found], tooltip text = [No getTooltipText() method found], title = [No getTitle() method found]
[12-11-43] [THREAD STARTED]:  CyderFrame dispose thread
[12-11-43] [UI ACTION] CyderFrame disposed with fastclose: false, CyderFrame: Component name = [cyder.ui.CyderFrame], bounds = [(1484, 522, 210, 235)], hash = [1189003527], parentFrame = [Object itself is the top level frame], associated text = [No getText() method found], tooltip text = [No getTooltipText() method found], title = [No getTitle() method found]
[12-11-43] [SYSTEM_IO]: Userdata requested: closeanimation
[12-11-45] [SYSTEM_IO]: [JSON Saved] User was written to file: 7d7ebb00-81fe-329f-8a78-62f463d0b7da\Userdata.json
[12-11-45] [OBJECT CREATED] Instance of cyder.user.User created
[12-11-45] [SYSTEM_IO]: Requested deletion of: C:\Users\Nathan\Documents\IntelliJava\Cyder\dynamic\backup\7d7ebb00-81fe-329f-8a78-62f463d0b7da_1647108701585.json
[12-11-49] [SYSTEM_IO]: [JSON Saved] User was written to file: 7d7ebb00-81fe-329f-8a78-62f463d0b7da\Userdata.json
[12-11-49] [OBJECT CREATED] Instance of cyder.user.User created
[12-11-49] [SYSTEM_IO]: Requested deletion of: C:\Users\Nathan\Documents\IntelliJava\Cyder\dynamic\backup\7d7ebb00-81fe-329f-8a78-62f463d0b7da_1647108705370.json
[12-11-52] [SYSTEM_IO]: [JSON Saved] User was written to file: 7d7ebb00-81fe-329f-8a78-62f463d0b7da\Userdata.json
[12-11-52] [OBJECT CREATED] Instance of cyder.user.User created
[12-11-52] [SYSTEM_IO]: Requested deletion of: C:\Users\Nathan\Documents\IntelliJava\Cyder\dynamic\backup\7d7ebb00-81fe-329f-8a78-62f463d0b7da_1647108709169.json
[12-11-56] [SYSTEM_IO]: [JSON Saved] User was written to file: 7d7ebb00-81fe-329f-8a78-62f463d0b7da\Userdata.json
[12-11-56] [OBJECT CREATED] Instance of cyder.user.User created
[12-11-56] [SYSTEM_IO]: Requested deletion of: C:\Users\Nathan\Documents\IntelliJava\Cyder\dynamic\backup\7d7ebb00-81fe-329f-8a78-62f463d0b7da_1647108712942.json
[12-12-00] [SYSTEM_IO]: [JSON Saved] User was written to file: 7d7ebb00-81fe-329f-8a78-62f463d0b7da\Userdata.json
[12-12-00] [OBJECT CREATED] Instance of cyder.user.User created
[12-12-00] [SYSTEM_IO]: Requested deletion of: C:\Users\Nathan\Documents\IntelliJava\Cyder\dynamic\backup\7d7ebb00-81fe-329f-8a78-62f463d0b7da_1647108716772.json
[12-12-23] [EOL]: Log completed, Cyder crashed unexpectedly: exit code: -9 External Stop, exceptions thrown: 0
