[21-04-31] [ENTRY]: [Nathan]
[21-04-31] [THREAD STARTED]: Singular Cyder Instance Ensurer
[21-04-31] [THREAD STARTED]: Splash Loader
[21-04-31] [OBJECT CREATED] Instance of cyder.user.User created
[21-04-32] [OBJECT CREATED] Instance of cyder.user.objects.Preference created [42x]
[21-04-32] [OBJECT CREATED] Instance of cyder.ui.CyderIconButton created [3x]
[21-04-32] [OBJECT CREATED] Instance of cyder.ui.CyderDragLabel created
[21-04-32] [OBJECT CREATED] Instance of cyder.ui.CyderFrame created
[21-04-32] [THREAD STARTED]: Splash Animation
[21-04-32] [OBJECT CREATED] Instance of cyder.ui.ConsoleFrame created
[21-04-32] [OBJECT CREATED] Instance of cyder.threads.CyderThreadFactory created
[21-04-32] [THREAD STARTED]: Cyder Start Secondary Subroutines
[21-04-32] [LOGIN]: [AUTOCYPHER ATTEMPT]
[21-04-32] [THREAD STARTED]: JVM Logger
[21-04-32] [SYSTEM_IO]: Requested deletion of: C:\Users\Nathan\Documents\IntelliJava\Cyder\dynamic\tmp
[21-04-32] [OBJECT CREATED] Instance of cyder.user.User created
[21-04-32] [SYSTEM_IO]: [DELETION FAILED] C:\Users\Nathan\Documents\IntelliJava\Cyder\dynamic\tmp
[21-04-32] [OBJECT CREATED] Instance of cyder.user.User created [3x]
[21-04-32] [SYSTEM_IO]: [JSON Saved] User was written to file: 7d7ebb00-81fe-329f-8a78-62f463d0b7da\Userdata.json
[21-04-32] [OBJECT CREATED] Instance of cyder.user.User created
[21-04-32] [SYSTEM_IO]: Requested deletion of: C:\Users\Nathan\Documents\IntelliJava\Cyder\dynamic\backup\7d7ebb00-81fe-329f-8a78-62f463d0b7da_1647140646671.json
[21-04-32] [LOGIN]: [[AUTOCYPHER PASS]: 7d7ebb00-81fe-329f-8a78-62f463d0b7da]
[21-04-32] [OBJECT CREATED] Instance of cyder.ui.objects.CyderBackground created [2x]
[21-04-32] [SYSTEM_IO]: [JSON Saved] User was written to file: 7d7ebb00-81fe-329f-8a78-62f463d0b7da\Userdata.json
[21-04-32] [OBJECT CREATED] Instance of cyder.user.User created
[21-04-32] [SYSTEM_IO]: Requested deletion of: C:\Users\Nathan\Documents\IntelliJava\Cyder\dynamic\backup\7d7ebb00-81fe-329f-8a78-62f463d0b7da_1647140672431.json
[21-04-32] [SYSTEM_IO]: Userdata requested: RandomBackground
[21-04-32] [SYSTEM_IO]: Userdata requested: FullScreen
[21-04-32] [OBJECT CREATED] Instance of cyder.ui.CyderIconButton created [3x]
[21-04-32] [OBJECT CREATED] Instance of cyder.ui.CyderDragLabel created
[21-04-32] [OBJECT CREATED] Instance of cyder.ui.CyderIconButton created [3x]
[21-04-32] [OBJECT CREATED] Instance of cyder.ui.CyderDragLabel created
[21-04-32] [OBJECT CREATED] Instance of cyder.ui.CyderIconButton created [3x]
[21-04-32] [OBJECT CREATED] Instance of cyder.ui.CyderDragLabel created
[21-04-32] [OBJECT CREATED] Instance of cyder.ui.CyderIconButton created [3x]
[21-04-32] [OBJECT CREATED] Instance of cyder.ui.CyderDragLabel created
[21-04-32] [OBJECT CREATED] Instance of cyder.ui.ConsoleFrame$1 created
[21-04-32] [SYSTEM_IO]: Userdata requested: fullscreen
[21-04-32] [OBJECT CREATED] Instance of cyder.ui.CyderComponentResizer created
[21-04-32] [OBJECT CREATED] Instance of cyder.ui.CyderCaret created
[21-04-32] [SYSTEM_IO]: Userdata requested: FullScreen [2x]
[21-04-32] [OBJECT CREATED] Instance of cyder.ui.CyderOutputPane created [2x]
[21-04-32] [OBJECT CREATED] Instance of cyder.handlers.internal.InputHandler created
[21-04-32] [THREAD STARTED]: Console Printing Animation
[21-04-32] [SYSTEM_IO]: Userdata requested: OutputBorder
[21-04-32] [SYSTEM_IO]: Userdata requested: FullScreen
[21-04-32] [SYSTEM_IO]: Userdata requested: InputBorder
[21-04-32] [THREAD STARTED]: Console Input Caret Position Updater
[21-04-32] [OBJECT CREATED] Instance of cyder.ui.CyderCaret created
[21-04-32] [SYSTEM_IO]: Userdata requested: OutputFill
[21-04-32] [SYSTEM_IO]: Userdata requested: InputFill
[21-04-32] [OBJECT CREATED] Instance of cyder.ui.CyderIconButton created [7x]
[21-04-32] [THREAD STARTED]: High Ping Checker
[21-04-32] [THREAD STARTED]: Hourly Chime Checker
[21-04-32] [THREAD STARTED]: Console Clock Updater
[21-04-32] [THREAD STARTED]: Cyder Busy Checker
[21-04-32] [THREAD STARTED]: ConsoleFrame Stat Saver
[21-04-32] [UI ACTION] Console loaded in 2279ms
[21-04-32] [OBJECT CREATED] Instance of cyder.ui.objects.NotificationBuilder created
[21-04-32] [OBJECT CREATED] Instance of cyder.utilities.objects.TaggedString created
[21-04-32] [OBJECT CREATED] Instance of cyder.ui.objects.QueuedNotification created
[21-04-33] [THREAD STARTED]: Component name = [cyder.ui.ConsoleFrame], bounds = [(522, 433, 707, 744)], hash = [648315947], parentFrame = [Object itself is the top level frame], associated text = [No getText() method found], tooltip text = [No getTooltipText() method found], title = [Insomnia Cyder [Nathan]] notification queue checker
[21-04-33] [THREAD STARTED]: Cyder Splash CyderFrame dispose thread
[21-04-33] [OBJECT CREATED] Instance of cyder.ui.CyderNotification created
[21-04-33] [UI ACTION] CyderFrame disposed with fastclose: true, CyderFrame: Component name = [cyder.ui.CyderFrame], bounds = [(980, 396, 600, 600)], hash = [1624370540], parentFrame = [Object itself is the top level frame], associated text = [No getText() method found], tooltip text = [No getTooltipText() method found], title = [Cyder Splash]
[21-04-33] [OBJECT CREATED] Instance of cyder.utilities.objects.BoundsString created
[21-04-33] [SYSTEM_IO]: Userdata requested: DebugWindows
[21-04-33] [ENTRY]: [TESTING MODE]
[21-04-33] [SYSTEM_IO]: Userdata requested: laststart
[21-04-33] [SYSTEM_IO]: [JSON Saved] User was written to file: 7d7ebb00-81fe-329f-8a78-62f463d0b7da\Userdata.json
[21-04-33] [OBJECT CREATED] Instance of cyder.user.User created
[21-04-33] [SYSTEM_IO]: Requested deletion of: C:\Users\Nathan\Documents\IntelliJava\Cyder\dynamic\backup\7d7ebb00-81fe-329f-8a78-62f463d0b7da_1647140672740.json
[21-04-33] [UI ACTION] [Insomnia Cyder [Nathan]] [NOTIFICATION] w = 287, h = 29, text = <html>Console loaded in 2279ms</html>
[21-04-33] [THREAD STARTED]: notification appear animation
[21-04-33] [OBJECT CREATED] Instance of cyder.ui.CyderLabel created
[21-04-33] [SYSTEM_IO]: Userdata requested: persistentnotifications
[21-04-33] [THREAD STARTED]: Notificaiton Vanish Animator
[21-04-34] [OBJECT CREATED] Instance of cyder.ui.CyderLabel created [2x]
[21-04-34] [CLIENT]: paint
[21-04-34] [SYSTEM_IO]: Userdata requested: filterchat
[21-04-34] [OBJECT CREATED] Instance of cyder.ui.CyderIconButton created [3x]
[21-04-34] [OBJECT CREATED] Instance of cyder.ui.CyderDragLabel created
[21-04-34] [OBJECT CREATED] Instance of cyder.ui.CyderIconButton created [3x]
[21-04-34] [OBJECT CREATED] Instance of cyder.ui.CyderDragLabel created
[21-04-34] [OBJECT CREATED] Instance of cyder.ui.CyderIconButton created [3x]
[21-04-34] [OBJECT CREATED] Instance of cyder.ui.CyderDragLabel created
[21-04-34] [OBJECT CREATED] Instance of cyder.ui.CyderIconButton created [3x]
[21-04-34] [OBJECT CREATED] Instance of cyder.ui.CyderDragLabel created
[21-04-34] [OBJECT CREATED] Instance of cyder.ui.CyderFrame created
[21-04-34] [OBJECT CREATED] Instance of cyder.ui.CyderGrid created
[21-04-34] [OBJECT CREATED] Instance of cyder.ui.CyderIconButton created [3x]
[21-04-34] [OBJECT CREATED] Instance of cyder.ui.CyderDragLabel created
[21-04-34] [OBJECT CREATED] Instance of cyder.ui.CyderIconButton created [3x]
[21-04-34] [OBJECT CREATED] Instance of cyder.ui.CyderDragLabel created
[21-04-34] [OBJECT CREATED] Instance of cyder.ui.CyderIconButton created [3x]
[21-04-34] [OBJECT CREATED] Instance of cyder.ui.CyderDragLabel created
[21-04-34] [OBJECT CREATED] Instance of cyder.ui.CyderIconButton created [3x]
[21-04-34] [OBJECT CREATED] Instance of cyder.ui.CyderDragLabel created
[21-04-34] [OBJECT CREATED] Instance of cyder.ui.CyderFrame created
[21-04-34] [OBJECT CREATED] Instance of cyder.ui.CyderPanel created [2x]
[21-04-34] [OBJECT CREATED] Instance of cyder.ui.CyderCaret created
[21-04-34] [OBJECT CREATED] Instance of cyder.ui.CyderTextField created
[21-04-34] [OBJECT CREATED] Instance of cyder.ui.CyderLabel created [2x]
[21-04-34] [OBJECT CREATED] Instance of cyder.ui.CyderIconButton created [2x]
[21-04-34] [OBJECT CREATED] Instance of cyder.ui.CyderCheckboxGroup created
[21-04-34] [OBJECT CREATED] Instance of cyder.ui.CyderLabel created
[21-04-34] [OBJECT CREATED] Instance of cyder.ui.CyderDraggableComponent created
[21-04-34] [OBJECT CREATED] Instance of cyder.ui.CyderCheckbox created
[21-04-34] [OBJECT CREATED] Instance of cyder.ui.CyderLabel created
[21-04-34] [OBJECT CREATED] Instance of cyder.ui.CyderDraggableComponent created
[21-04-34] [OBJECT CREATED] Instance of cyder.ui.CyderCheckbox created
[21-04-34] [CONSOLE_OUT]: [STRING] Opening widget: PaintWidget
[21-04-34] [OBJECT CREATED] Instance of cyder.ui.CyderLabel created
[21-04-34] [OBJECT CREATED] Instance of cyder.ui.CyderSliderUI created
[21-04-34] [OBJECT CREATED] Instance of cyder.ui.CyderIconButton created [6x]
[21-04-34] [OBJECT CREATED] Instance of cyder.ui.CyderPanel created
[21-04-34] [OBJECT CREATED] Instance of cyder.ui.CyderComponentResizer created
[21-04-34] [WIDGET OPENED]: PaintWidget, trigger = paint, triggers = [paint, draw, ]
[21-04-34] [HANDLE]: PRIMARY HANDLE
[21-04-35] [SYSTEM_IO]: [JSON Saved] User was written to file: 7d7ebb00-81fe-329f-8a78-62f463d0b7da\Userdata.json
[21-04-35] [OBJECT CREATED] Instance of cyder.user.User created
[21-04-35] [SYSTEM_IO]: Requested deletion of: C:\Users\Nathan\Documents\IntelliJava\Cyder\dynamic\backup\7d7ebb00-81fe-329f-8a78-62f463d0b7da_1647140673092.json
[21-04-36] [OBJECT CREATED] Instance of cyder.ui.CyderOutputPane created
[21-04-36] [THREAD STARTED]: Paint menu label animator
[21-04-39] [SYSTEM_IO]: [JSON Saved] User was written to file: 7d7ebb00-81fe-329f-8a78-62f463d0b7da\Userdata.json
[21-04-39] [OBJECT CREATED] Instance of cyder.user.User created
[21-04-39] [SYSTEM_IO]: Requested deletion of: C:\Users\Nathan\Documents\IntelliJava\Cyder\dynamic\backup\7d7ebb00-81fe-329f-8a78-62f463d0b7da_1647140675938.json
[21-04-43] [SYSTEM_IO]: [JSON Saved] User was written to file: 7d7ebb00-81fe-329f-8a78-62f463d0b7da\Userdata.json
[21-04-43] [OBJECT CREATED] Instance of cyder.user.User created
[21-04-43] [SYSTEM_IO]: Requested deletion of: C:\Users\Nathan\Documents\IntelliJava\Cyder\dynamic\backup\7d7ebb00-81fe-329f-8a78-62f463d0b7da_1647140679633.json
[21-04-47] [SYSTEM_IO]: [JSON Saved] User was written to file: 7d7ebb00-81fe-329f-8a78-62f463d0b7da\Userdata.json
[21-04-47] [OBJECT CREATED] Instance of cyder.user.User created
[21-04-47] [SYSTEM_IO]: Requested deletion of: C:\Users\Nathan\Documents\IntelliJava\Cyder\dynamic\backup\7d7ebb00-81fe-329f-8a78-62f463d0b7da_1647140683408.json
[21-04-51] [SYSTEM_IO]: [JSON Saved] User was written to file: 7d7ebb00-81fe-329f-8a78-62f463d0b7da\Userdata.json
[21-04-51] [OBJECT CREATED] Instance of cyder.user.User created
[21-04-51] [SYSTEM_IO]: Requested deletion of: C:\Users\Nathan\Documents\IntelliJava\Cyder\dynamic\backup\7d7ebb00-81fe-329f-8a78-62f463d0b7da_1647140687242.json
[21-04-55] [SYSTEM_IO]: [JSON Saved] User was written to file: 7d7ebb00-81fe-329f-8a78-62f463d0b7da\Userdata.json
[21-04-55] [OBJECT CREATED] Instance of cyder.user.User created
[21-04-55] [SYSTEM_IO]: Requested deletion of: C:\Users\Nathan\Documents\IntelliJava\Cyder\dynamic\backup\7d7ebb00-81fe-329f-8a78-62f463d0b7da_1647140691165.json
[21-04-58] [SYSTEM_IO]: [JSON Saved] User was written to file: 7d7ebb00-81fe-329f-8a78-62f463d0b7da\Userdata.json
[21-04-58] [OBJECT CREATED] Instance of cyder.user.User created
[21-04-58] [SYSTEM_IO]: Requested deletion of: C:\Users\Nathan\Documents\IntelliJava\Cyder\dynamic\backup\7d7ebb00-81fe-329f-8a78-62f463d0b7da_1647140695119.json
[21-05-02] [SYSTEM_IO]: [JSON Saved] User was written to file: 7d7ebb00-81fe-329f-8a78-62f463d0b7da\Userdata.json
[21-05-02] [OBJECT CREATED] Instance of cyder.user.User created
[21-05-02] [SYSTEM_IO]: Requested deletion of: C:\Users\Nathan\Documents\IntelliJava\Cyder\dynamic\backup\7d7ebb00-81fe-329f-8a78-62f463d0b7da_1647140698891.json
[21-05-06] [SYSTEM_IO]: [JSON Saved] User was written to file: 7d7ebb00-81fe-329f-8a78-62f463d0b7da\Userdata.json
[21-05-06] [OBJECT CREATED] Instance of cyder.user.User created
[21-05-06] [SYSTEM_IO]: Requested deletion of: C:\Users\Nathan\Documents\IntelliJava\Cyder\dynamic\backup\7d7ebb00-81fe-329f-8a78-62f463d0b7da_1647140702774.json
[21-05-11] [SYSTEM_IO]: [JSON Saved] User was written to file: 7d7ebb00-81fe-329f-8a78-62f463d0b7da\Userdata.json
[21-05-11] [OBJECT CREATED] Instance of cyder.user.User created
[21-05-11] [SYSTEM_IO]: Requested deletion of: C:\Users\Nathan\Documents\IntelliJava\Cyder\dynamic\backup\7d7ebb00-81fe-329f-8a78-62f463d0b7da_1647140706965.json
[21-05-14] [SYSTEM_IO]: [JSON Saved] User was written to file: 7d7ebb00-81fe-329f-8a78-62f463d0b7da\Userdata.json
[21-05-14] [OBJECT CREATED] Instance of cyder.user.User created
[21-05-14] [SYSTEM_IO]: Requested deletion of: C:\Users\Nathan\Documents\IntelliJava\Cyder\dynamic\backup\7d7ebb00-81fe-329f-8a78-62f463d0b7da_1647140711122.json
[21-05-18] [SYSTEM_IO]: [JSON Saved] User was written to file: 7d7ebb00-81fe-329f-8a78-62f463d0b7da\Userdata.json
[21-05-18] [OBJECT CREATED] Instance of cyder.user.User created
[21-05-18] [SYSTEM_IO]: Requested deletion of: C:\Users\Nathan\Documents\IntelliJava\Cyder\dynamic\backup\7d7ebb00-81fe-329f-8a78-62f463d0b7da_1647140714892.json
[21-05-22] [SYSTEM_IO]: [JSON Saved] User was written to file: 7d7ebb00-81fe-329f-8a78-62f463d0b7da\Userdata.json
[21-05-22] [OBJECT CREATED] Instance of cyder.user.User created
[21-05-22] [SYSTEM_IO]: Requested deletion of: C:\Users\Nathan\Documents\IntelliJava\Cyder\dynamic\backup\7d7ebb00-81fe-329f-8a78-62f463d0b7da_1647140718684.json
[21-05-26] [SYSTEM_IO]: [JSON Saved] User was written to file: 7d7ebb00-81fe-329f-8a78-62f463d0b7da\Userdata.json
[21-05-26] [OBJECT CREATED] Instance of cyder.user.User created
[21-05-26] [SYSTEM_IO]: Requested deletion of: C:\Users\Nathan\Documents\IntelliJava\Cyder\dynamic\backup\7d7ebb00-81fe-329f-8a78-62f463d0b7da_1647140722453.json
[21-05-30] [SYSTEM_IO]: [JSON Saved] User was written to file: 7d7ebb00-81fe-329f-8a78-62f463d0b7da\Userdata.json
[21-05-30] [OBJECT CREATED] Instance of cyder.user.User created
[21-05-30] [SYSTEM_IO]: Requested deletion of: C:\Users\Nathan\Documents\IntelliJava\Cyder\dynamic\backup\7d7ebb00-81fe-329f-8a78-62f463d0b7da_1647140726462.json
[21-05-34] [SYSTEM_IO]: [JSON Saved] User was written to file: 7d7ebb00-81fe-329f-8a78-62f463d0b7da\Userdata.json
[21-05-34] [OBJECT CREATED] Instance of cyder.user.User created
[21-05-34] [SYSTEM_IO]: Requested deletion of: C:\Users\Nathan\Documents\IntelliJava\Cyder\dynamic\backup\7d7ebb00-81fe-329f-8a78-62f463d0b7da_1647140730266.json
[21-05-38] [SYSTEM_IO]: [JSON Saved] User was written to file: 7d7ebb00-81fe-329f-8a78-62f463d0b7da\Userdata.json
[21-05-38] [OBJECT CREATED] Instance of cyder.user.User created
[21-05-38] [SYSTEM_IO]: Requested deletion of: C:\Users\Nathan\Documents\IntelliJava\Cyder\dynamic\backup\7d7ebb00-81fe-329f-8a78-62f463d0b7da_1647140734304.json
[21-05-41] [SYSTEM_IO]: [JSON Saved] User was written to file: 7d7ebb00-81fe-329f-8a78-62f463d0b7da\Userdata.json
[21-05-41] [OBJECT CREATED] Instance of cyder.user.User created
[21-05-41] [SYSTEM_IO]: Requested deletion of: C:\Users\Nathan\Documents\IntelliJava\Cyder\dynamic\backup\7d7ebb00-81fe-329f-8a78-62f463d0b7da_1647140738086.json
[21-05-45] [SYSTEM_IO]: [JSON Saved] User was written to file: 7d7ebb00-81fe-329f-8a78-62f463d0b7da\Userdata.json
[21-05-45] [OBJECT CREATED] Instance of cyder.user.User created
[21-05-45] [SYSTEM_IO]: Requested deletion of: C:\Users\Nathan\Documents\IntelliJava\Cyder\dynamic\backup\7d7ebb00-81fe-329f-8a78-62f463d0b7da_1647140741852.json
[21-05-49] [SYSTEM_IO]: [JSON Saved] User was written to file: 7d7ebb00-81fe-329f-8a78-62f463d0b7da\Userdata.json
[21-05-49] [OBJECT CREATED] Instance of cyder.user.User created
[21-05-49] [SYSTEM_IO]: Requested deletion of: C:\Users\Nathan\Documents\IntelliJava\Cyder\dynamic\backup\7d7ebb00-81fe-329f-8a78-62f463d0b7da_1647140745639.json
[21-05-53] [SYSTEM_IO]: [JSON Saved] User was written to file: 7d7ebb00-81fe-329f-8a78-62f463d0b7da\Userdata.json
[21-05-53] [OBJECT CREATED] Instance of cyder.user.User created
[21-05-53] [SYSTEM_IO]: Requested deletion of: C:\Users\Nathan\Documents\IntelliJava\Cyder\dynamic\backup\7d7ebb00-81fe-329f-8a78-62f463d0b7da_1647140749567.json
[21-05-57] [SYSTEM_IO]: [JSON Saved] User was written to file: 7d7ebb00-81fe-329f-8a78-62f463d0b7da\Userdata.json
[21-05-57] [OBJECT CREATED] Instance of cyder.user.User created
[21-05-57] [SYSTEM_IO]: Requested deletion of: C:\Users\Nathan\Documents\IntelliJava\Cyder\dynamic\backup\7d7ebb00-81fe-329f-8a78-62f463d0b7da_1647140753344.json
[21-06-00] [SYSTEM_IO]: [JSON Saved] User was written to file: 7d7ebb00-81fe-329f-8a78-62f463d0b7da\Userdata.json
[21-06-00] [OBJECT CREATED] Instance of cyder.user.User created
[21-06-00] [SYSTEM_IO]: Requested deletion of: C:\Users\Nathan\Documents\IntelliJava\Cyder\dynamic\backup\7d7ebb00-81fe-329f-8a78-62f463d0b7da_1647140757204.json
[21-06-04] [SYSTEM_IO]: [JSON Saved] User was written to file: 7d7ebb00-81fe-329f-8a78-62f463d0b7da\Userdata.json
[21-06-04] [OBJECT CREATED] Instance of cyder.user.User created
[21-06-04] [SYSTEM_IO]: Requested deletion of: C:\Users\Nathan\Documents\IntelliJava\Cyder\dynamic\backup\7d7ebb00-81fe-329f-8a78-62f463d0b7da_1647140760971.json
[21-06-08] [SYSTEM_IO]: [JSON Saved] User was written to file: 7d7ebb00-81fe-329f-8a78-62f463d0b7da\Userdata.json
[21-06-08] [OBJECT CREATED] Instance of cyder.user.User created
[21-06-08] [SYSTEM_IO]: Requested deletion of: C:\Users\Nathan\Documents\IntelliJava\Cyder\dynamic\backup\7d7ebb00-81fe-329f-8a78-62f463d0b7da_1647140764914.json
[21-06-12] [SYSTEM_IO]: [JSON Saved] User was written to file: 7d7ebb00-81fe-329f-8a78-62f463d0b7da\Userdata.json
[21-06-12] [OBJECT CREATED] Instance of cyder.user.User created
[21-06-12] [SYSTEM_IO]: Requested deletion of: C:\Users\Nathan\Documents\IntelliJava\Cyder\dynamic\backup\7d7ebb00-81fe-329f-8a78-62f463d0b7da_1647140768673.json
[21-06-16] [SYSTEM_IO]: [JSON Saved] User was written to file: 7d7ebb00-81fe-329f-8a78-62f463d0b7da\Userdata.json
[21-06-16] [OBJECT CREATED] Instance of cyder.user.User created
[21-06-16] [SYSTEM_IO]: Requested deletion of: C:\Users\Nathan\Documents\IntelliJava\Cyder\dynamic\backup\7d7ebb00-81fe-329f-8a78-62f463d0b7da_1647140772461.json
[21-06-20] [SYSTEM_IO]: [JSON Saved] User was written to file: 7d7ebb00-81fe-329f-8a78-62f463d0b7da\Userdata.json
[21-06-20] [OBJECT CREATED] Instance of cyder.user.User created
[21-06-20] [SYSTEM_IO]: Requested deletion of: C:\Users\Nathan\Documents\IntelliJava\Cyder\dynamic\backup\7d7ebb00-81fe-329f-8a78-62f463d0b7da_1647140776285.json
[21-06-23] [SYSTEM_IO]: [JSON Saved] User was written to file: 7d7ebb00-81fe-329f-8a78-62f463d0b7da\Userdata.json
[21-06-23] [OBJECT CREATED] Instance of cyder.user.User created
[21-06-23] [SYSTEM_IO]: Requested deletion of: C:\Users\Nathan\Documents\IntelliJava\Cyder\dynamic\backup\7d7ebb00-81fe-329f-8a78-62f463d0b7da_1647140780050.json
[21-06-27] [SYSTEM_IO]: [JSON Saved] User was written to file: 7d7ebb00-81fe-329f-8a78-62f463d0b7da\Userdata.json
[21-06-27] [OBJECT CREATED] Instance of cyder.user.User created
[21-06-27] [SYSTEM_IO]: Requested deletion of: C:\Users\Nathan\Documents\IntelliJava\Cyder\dynamic\backup\7d7ebb00-81fe-329f-8a78-62f463d0b7da_1647140783823.json
[21-06-31] [SYSTEM_IO]: [JSON Saved] User was written to file: 7d7ebb00-81fe-329f-8a78-62f463d0b7da\Userdata.json
[21-06-31] [OBJECT CREATED] Instance of cyder.user.User created
[21-06-31] [SYSTEM_IO]: Requested deletion of: C:\Users\Nathan\Documents\IntelliJava\Cyder\dynamic\backup\7d7ebb00-81fe-329f-8a78-62f463d0b7da_1647140787600.json
[21-06-35] [SYSTEM_IO]: [JSON Saved] User was written to file: 7d7ebb00-81fe-329f-8a78-62f463d0b7da\Userdata.json
[21-06-35] [OBJECT CREATED] Instance of cyder.user.User created
[21-06-35] [SYSTEM_IO]: Requested deletion of: C:\Users\Nathan\Documents\IntelliJava\Cyder\dynamic\backup\7d7ebb00-81fe-329f-8a78-62f463d0b7da_1647140791379.json
[21-06-38] [SYSTEM_IO]: [JSON Saved] User was written to file: 7d7ebb00-81fe-329f-8a78-62f463d0b7da\Userdata.json
[21-06-38] [OBJECT CREATED] Instance of cyder.user.User created
[21-06-38] [SYSTEM_IO]: Requested deletion of: C:\Users\Nathan\Documents\IntelliJava\Cyder\dynamic\backup\7d7ebb00-81fe-329f-8a78-62f463d0b7da_1647140795150.json
[21-06-42] [SYSTEM_IO]: [JSON Saved] User was written to file: 7d7ebb00-81fe-329f-8a78-62f463d0b7da\Userdata.json
[21-06-42] [OBJECT CREATED] Instance of cyder.user.User created
[21-06-42] [SYSTEM_IO]: Requested deletion of: C:\Users\Nathan\Documents\IntelliJava\Cyder\dynamic\backup\7d7ebb00-81fe-329f-8a78-62f463d0b7da_1647140798930.json
[21-06-46] [SYSTEM_IO]: [JSON Saved] User was written to file: 7d7ebb00-81fe-329f-8a78-62f463d0b7da\Userdata.json
[21-06-46] [OBJECT CREATED] Instance of cyder.user.User created
[21-06-46] [SYSTEM_IO]: Requested deletion of: C:\Users\Nathan\Documents\IntelliJava\Cyder\dynamic\backup\7d7ebb00-81fe-329f-8a78-62f463d0b7da_1647140802701.json
[21-06-50] [SYSTEM_IO]: [JSON Saved] User was written to file: 7d7ebb00-81fe-329f-8a78-62f463d0b7da\Userdata.json
[21-06-50] [OBJECT CREATED] Instance of cyder.user.User created
[21-06-50] [SYSTEM_IO]: Requested deletion of: C:\Users\Nathan\Documents\IntelliJava\Cyder\dynamic\backup\7d7ebb00-81fe-329f-8a78-62f463d0b7da_1647140806481.json
[21-06-54] [SYSTEM_IO]: [JSON Saved] User was written to file: 7d7ebb00-81fe-329f-8a78-62f463d0b7da\Userdata.json
[21-06-54] [OBJECT CREATED] Instance of cyder.user.User created
[21-06-54] [SYSTEM_IO]: Requested deletion of: C:\Users\Nathan\Documents\IntelliJava\Cyder\dynamic\backup\7d7ebb00-81fe-329f-8a78-62f463d0b7da_1647140810253.json
[21-06-57] [SYSTEM_IO]: [JSON Saved] User was written to file: 7d7ebb00-81fe-329f-8a78-62f463d0b7da\Userdata.json
[21-06-57] [OBJECT CREATED] Instance of cyder.user.User created
[21-06-57] [SYSTEM_IO]: Requested deletion of: C:\Users\Nathan\Documents\IntelliJava\Cyder\dynamic\backup\7d7ebb00-81fe-329f-8a78-62f463d0b7da_1647140814028.json
[21-07-01] [SYSTEM_IO]: [JSON Saved] User was written to file: 7d7ebb00-81fe-329f-8a78-62f463d0b7da\Userdata.json
[21-07-01] [OBJECT CREATED] Instance of cyder.user.User created
[21-07-01] [SYSTEM_IO]: Requested deletion of: C:\Users\Nathan\Documents\IntelliJava\Cyder\dynamic\backup\7d7ebb00-81fe-329f-8a78-62f463d0b7da_1647140817803.json
[21-07-05] [SYSTEM_IO]: [JSON Saved] User was written to file: 7d7ebb00-81fe-329f-8a78-62f463d0b7da\Userdata.json
[21-07-05] [OBJECT CREATED] Instance of cyder.user.User created
[21-07-05] [SYSTEM_IO]: Requested deletion of: C:\Users\Nathan\Documents\IntelliJava\Cyder\dynamic\backup\7d7ebb00-81fe-329f-8a78-62f463d0b7da_1647140821577.json
[21-07-09] [SYSTEM_IO]: [JSON Saved] User was written to file: 7d7ebb00-81fe-329f-8a78-62f463d0b7da\Userdata.json
[21-07-09] [OBJECT CREATED] Instance of cyder.user.User created
[21-07-09] [SYSTEM_IO]: Requested deletion of: C:\Users\Nathan\Documents\IntelliJava\Cyder\dynamic\backup\7d7ebb00-81fe-329f-8a78-62f463d0b7da_1647140825335.json
[21-07-12] [SYSTEM_IO]: [JSON Saved] User was written to file: 7d7ebb00-81fe-329f-8a78-62f463d0b7da\Userdata.json
[21-07-12] [OBJECT CREATED] Instance of cyder.user.User created
[21-07-12] [SYSTEM_IO]: Requested deletion of: C:\Users\Nathan\Documents\IntelliJava\Cyder\dynamic\backup\7d7ebb00-81fe-329f-8a78-62f463d0b7da_1647140829101.json
[21-07-16] [SYSTEM_IO]: [JSON Saved] User was written to file: 7d7ebb00-81fe-329f-8a78-62f463d0b7da\Userdata.json
[21-07-16] [OBJECT CREATED] Instance of cyder.user.User created
[21-07-16] [SYSTEM_IO]: Requested deletion of: C:\Users\Nathan\Documents\IntelliJava\Cyder\dynamic\backup\7d7ebb00-81fe-329f-8a78-62f463d0b7da_1647140832886.json
[21-07-18] [UI ACTION] Component name = [cyder.ui.CyderDragLabel], bounds = [(2, 2, 796, 28)], hash = [-14299213], parentFrame = [Paint Controls], associated text = [No getText() method found], tooltip text = [No getTooltipText() method found], title = [No getTitle() method found]
[21-07-20] [SYSTEM_IO]: [JSON Saved] User was written to file: 7d7ebb00-81fe-329f-8a78-62f463d0b7da\Userdata.json
[21-07-20] [OBJECT CREATED] Instance of cyder.user.User created
[21-07-20] [SYSTEM_IO]: Requested deletion of: C:\Users\Nathan\Documents\IntelliJava\Cyder\dynamic\backup\7d7ebb00-81fe-329f-8a78-62f463d0b7da_1647140836666.json
[21-07-23] [UI ACTION] Component name = [cyder.ui.CyderDragLabel], bounds = [(2, 2, 796, 28)], hash = [-14299213], parentFrame = [Paint Controls], associated text = [No getText() method found], tooltip text = [No getTooltipText() method found], title = [No getTitle() method found] [2x]
[21-07-24] [SYSTEM_IO]: [JSON Saved] User was written to file: 7d7ebb00-81fe-329f-8a78-62f463d0b7da\Userdata.json
[21-07-24] [OBJECT CREATED] Instance of cyder.user.User created
[21-07-24] [SYSTEM_IO]: Requested deletion of: C:\Users\Nathan\Documents\IntelliJava\Cyder\dynamic\backup\7d7ebb00-81fe-329f-8a78-62f463d0b7da_1647140840430.json
[21-07-27] [SYSTEM_IO]: [JSON Saved] User was written to file: 7d7ebb00-81fe-329f-8a78-62f463d0b7da\Userdata.json
[21-07-28] [OBJECT CREATED] Instance of cyder.user.User created
[21-07-28] [SYSTEM_IO]: Requested deletion of: C:\Users\Nathan\Documents\IntelliJava\Cyder\dynamic\backup\7d7ebb00-81fe-329f-8a78-62f463d0b7da_1647140844203.json
[21-07-31] [SYSTEM_IO]: [JSON Saved] User was written to file: 7d7ebb00-81fe-329f-8a78-62f463d0b7da\Userdata.json
[21-07-31] [OBJECT CREATED] Instance of cyder.user.User created
[21-07-31] [SYSTEM_IO]: Requested deletion of: C:\Users\Nathan\Documents\IntelliJava\Cyder\dynamic\backup\7d7ebb00-81fe-329f-8a78-62f463d0b7da_1647140848006.json
[21-07-35] [SYSTEM_IO]: [JSON Saved] User was written to file: 7d7ebb00-81fe-329f-8a78-62f463d0b7da\Userdata.json
[21-07-35] [OBJECT CREATED] Instance of cyder.user.User created
[21-07-35] [SYSTEM_IO]: Requested deletion of: C:\Users\Nathan\Documents\IntelliJava\Cyder\dynamic\backup\7d7ebb00-81fe-329f-8a78-62f463d0b7da_1647140851827.json
[21-07-39] [SYSTEM_IO]: [JSON Saved] User was written to file: 7d7ebb00-81fe-329f-8a78-62f463d0b7da\Userdata.json
[21-07-39] [OBJECT CREATED] Instance of cyder.user.User created
[21-07-39] [SYSTEM_IO]: Requested deletion of: C:\Users\Nathan\Documents\IntelliJava\Cyder\dynamic\backup\7d7ebb00-81fe-329f-8a78-62f463d0b7da_1647140855651.json
[21-07-43] [SYSTEM_IO]: [JSON Saved] User was written to file: 7d7ebb00-81fe-329f-8a78-62f463d0b7da\Userdata.json
[21-07-43] [OBJECT CREATED] Instance of cyder.user.User created
[21-07-43] [SYSTEM_IO]: Requested deletion of: C:\Users\Nathan\Documents\IntelliJava\Cyder\dynamic\backup\7d7ebb00-81fe-329f-8a78-62f463d0b7da_1647140859425.json
[21-07-46] [SYSTEM_IO]: [JSON Saved] User was written to file: 7d7ebb00-81fe-329f-8a78-62f463d0b7da\Userdata.json
[21-07-46] [OBJECT CREATED] Instance of cyder.user.User created
[21-07-46] [SYSTEM_IO]: Requested deletion of: C:\Users\Nathan\Documents\IntelliJava\Cyder\dynamic\backup\7d7ebb00-81fe-329f-8a78-62f463d0b7da_1647140863198.json
[21-07-50] [UI ACTION] Component name = [cyder.ui.CyderDragLabel], bounds = [(2, 2, 796, 28)], hash = [-14299213], parentFrame = [Paint], associated text = [No getText() method found], tooltip text = [No getTooltipText() method found], title = [No getTitle() method found]
[21-07-50] [THREAD STARTED]: Paint CyderFrame dispose thread
[21-07-50] [UI ACTION] CyderFrame disposed with fastclose: false, CyderFrame: Component name = [cyder.ui.CyderFrame], bounds = [(476, 390, 800, 830)], hash = [803529025], parentFrame = [Object itself is the top level frame], associated text = [No getText() method found], tooltip text = [No getTooltipText() method found], title = [Paint]
[21-07-50] [SYSTEM_IO]: Userdata requested: closeanimation
[21-07-50] [THREAD STARTED]: Paint Controls CyderFrame dispose thread
[21-07-50] [UI ACTION] CyderFrame disposed with fastclose: true, CyderFrame: Component name = [cyder.ui.CyderFrame], bounds = [(470, 1211, 800, 230)], hash = [1286436812], parentFrame = [Object itself is the top level frame], associated text = [No getText() method found], tooltip text = [No getTooltipText() method found], title = [Paint Controls]
[21-07-51] [SYSTEM_IO]: [JSON Saved] User was written to file: 7d7ebb00-81fe-329f-8a78-62f463d0b7da\Userdata.json
[21-07-51] [OBJECT CREATED] Instance of cyder.user.User created
[21-07-51] [SYSTEM_IO]: Requested deletion of: C:\Users\Nathan\Documents\IntelliJava\Cyder\dynamic\backup\7d7ebb00-81fe-329f-8a78-62f463d0b7da_1647140866984.json
[21-07-55] [SYSTEM_IO]: [JSON Saved] User was written to file: 7d7ebb00-81fe-329f-8a78-62f463d0b7da\Userdata.json
[21-07-55] [OBJECT CREATED] Instance of cyder.user.User created
[21-07-55] [SYSTEM_IO]: Requested deletion of: C:\Users\Nathan\Documents\IntelliJava\Cyder\dynamic\backup\7d7ebb00-81fe-329f-8a78-62f463d0b7da_1647140871282.json
[21-07-59] [SYSTEM_IO]: [JSON Saved] User was written to file: 7d7ebb00-81fe-329f-8a78-62f463d0b7da\Userdata.json
[21-07-59] [OBJECT CREATED] Instance of cyder.user.User created
[21-07-59] [SYSTEM_IO]: Requested deletion of: C:\Users\Nathan\Documents\IntelliJava\Cyder\dynamic\backup\7d7ebb00-81fe-329f-8a78-62f463d0b7da_1647140875296.json
[21-08-03] [SYSTEM_IO]: [JSON Saved] User was written to file: 7d7ebb00-81fe-329f-8a78-62f463d0b7da\Userdata.json
[21-08-03] [OBJECT CREATED] Instance of cyder.user.User created
[21-08-03] [SYSTEM_IO]: Requested deletion of: C:\Users\Nathan\Documents\IntelliJava\Cyder\dynamic\backup\7d7ebb00-81fe-329f-8a78-62f463d0b7da_1647140879537.json
[21-08-07] [SYSTEM_IO]: [JSON Saved] User was written to file: 7d7ebb00-81fe-329f-8a78-62f463d0b7da\Userdata.json
[21-08-07] [OBJECT CREATED] Instance of cyder.user.User created
[21-08-07] [SYSTEM_IO]: Requested deletion of: C:\Users\Nathan\Documents\IntelliJava\Cyder\dynamic\backup\7d7ebb00-81fe-329f-8a78-62f463d0b7da_1647140883290.json
[21-08-10] [SYSTEM_IO]: [JSON Saved] User was written to file: 7d7ebb00-81fe-329f-8a78-62f463d0b7da\Userdata.json
[21-08-10] [OBJECT CREATED] Instance of cyder.user.User created
[21-08-10] [SYSTEM_IO]: Requested deletion of: C:\Users\Nathan\Documents\IntelliJava\Cyder\dynamic\backup\7d7ebb00-81fe-329f-8a78-62f463d0b7da_1647140887014.json
[21-08-14] [SYSTEM_IO]: [JSON Saved] User was written to file: 7d7ebb00-81fe-329f-8a78-62f463d0b7da\Userdata.json
[21-08-14] [OBJECT CREATED] Instance of cyder.user.User created
[21-08-14] [SYSTEM_IO]: Requested deletion of: C:\Users\Nathan\Documents\IntelliJava\Cyder\dynamic\backup\7d7ebb00-81fe-329f-8a78-62f463d0b7da_1647140890758.json
[21-08-18] [SYSTEM_IO]: [JSON Saved] User was written to file: 7d7ebb00-81fe-329f-8a78-62f463d0b7da\Userdata.json
[21-08-18] [OBJECT CREATED] Instance of cyder.user.User created
[21-08-18] [SYSTEM_IO]: Requested deletion of: C:\Users\Nathan\Documents\IntelliJava\Cyder\dynamic\backup\7d7ebb00-81fe-329f-8a78-62f463d0b7da_1647140894510.json
[21-08-22] [SYSTEM_IO]: [JSON Saved] User was written to file: 7d7ebb00-81fe-329f-8a78-62f463d0b7da\Userdata.json
[21-08-22] [OBJECT CREATED] Instance of cyder.user.User created
[21-08-22] [SYSTEM_IO]: Requested deletion of: C:\Users\Nathan\Documents\IntelliJava\Cyder\dynamic\backup\7d7ebb00-81fe-329f-8a78-62f463d0b7da_1647140898408.json
[21-08-26] [SYSTEM_IO]: [JSON Saved] User was written to file: 7d7ebb00-81fe-329f-8a78-62f463d0b7da\Userdata.json
[21-08-26] [OBJECT CREATED] Instance of cyder.user.User created
[21-08-26] [SYSTEM_IO]: Requested deletion of: C:\Users\Nathan\Documents\IntelliJava\Cyder\dynamic\backup\7d7ebb00-81fe-329f-8a78-62f463d0b7da_1647140902531.json
[21-08-30] [SYSTEM_IO]: [JSON Saved] User was written to file: 7d7ebb00-81fe-329f-8a78-62f463d0b7da\Userdata.json
[21-08-30] [OBJECT CREATED] Instance of cyder.user.User created
[21-08-30] [SYSTEM_IO]: Requested deletion of: C:\Users\Nathan\Documents\IntelliJava\Cyder\dynamic\backup\7d7ebb00-81fe-329f-8a78-62f463d0b7da_1647140906302.json
[21-08-33] [SYSTEM_IO]: [JSON Saved] User was written to file: 7d7ebb00-81fe-329f-8a78-62f463d0b7da\Userdata.json
[21-08-33] [OBJECT CREATED] Instance of cyder.user.User created
[21-08-33] [SYSTEM_IO]: Requested deletion of: C:\Users\Nathan\Documents\IntelliJava\Cyder\dynamic\backup\7d7ebb00-81fe-329f-8a78-62f463d0b7da_1647140910033.json
[21-08-37] [SYSTEM_IO]: [JSON Saved] User was written to file: 7d7ebb00-81fe-329f-8a78-62f463d0b7da\Userdata.json
[21-08-37] [OBJECT CREATED] Instance of cyder.user.User created
[21-08-37] [SYSTEM_IO]: Requested deletion of: C:\Users\Nathan\Documents\IntelliJava\Cyder\dynamic\backup\7d7ebb00-81fe-329f-8a78-62f463d0b7da_1647140913804.json
[21-08-41] [SYSTEM_IO]: [JSON Saved] User was written to file: 7d7ebb00-81fe-329f-8a78-62f463d0b7da\Userdata.json
[21-08-41] [OBJECT CREATED] Instance of cyder.user.User created
[21-08-41] [SYSTEM_IO]: Requested deletion of: C:\Users\Nathan\Documents\IntelliJava\Cyder\dynamic\backup\7d7ebb00-81fe-329f-8a78-62f463d0b7da_1647140917559.json
[21-08-45] [SYSTEM_IO]: [JSON Saved] User was written to file: 7d7ebb00-81fe-329f-8a78-62f463d0b7da\Userdata.json
[21-08-45] [OBJECT CREATED] Instance of cyder.user.User created
[21-08-45] [SYSTEM_IO]: Requested deletion of: C:\Users\Nathan\Documents\IntelliJava\Cyder\dynamic\backup\7d7ebb00-81fe-329f-8a78-62f463d0b7da_1647140921298.json
[21-08-48] [SYSTEM_IO]: [JSON Saved] User was written to file: 7d7ebb00-81fe-329f-8a78-62f463d0b7da\Userdata.json
[21-08-48] [OBJECT CREATED] Instance of cyder.user.User created
[21-08-48] [SYSTEM_IO]: Requested deletion of: C:\Users\Nathan\Documents\IntelliJava\Cyder\dynamic\backup\7d7ebb00-81fe-329f-8a78-62f463d0b7da_1647140925046.json
[21-08-52] [SYSTEM_IO]: [JSON Saved] User was written to file: 7d7ebb00-81fe-329f-8a78-62f463d0b7da\Userdata.json
[21-08-52] [OBJECT CREATED] Instance of cyder.user.User created
[21-08-52] [SYSTEM_IO]: Requested deletion of: C:\Users\Nathan\Documents\IntelliJava\Cyder\dynamic\backup\7d7ebb00-81fe-329f-8a78-62f463d0b7da_1647140928904.json
[21-08-56] [SYSTEM_IO]: [JSON Saved] User was written to file: 7d7ebb00-81fe-329f-8a78-62f463d0b7da\Userdata.json
[21-08-56] [OBJECT CREATED] Instance of cyder.user.User created
[21-08-56] [SYSTEM_IO]: Requested deletion of: C:\Users\Nathan\Documents\IntelliJava\Cyder\dynamic\backup\7d7ebb00-81fe-329f-8a78-62f463d0b7da_1647140932717.json
[21-09-00] [SYSTEM_IO]: [JSON Saved] User was written to file: 7d7ebb00-81fe-329f-8a78-62f463d0b7da\Userdata.json
[21-09-00] [OBJECT CREATED] Instance of cyder.user.User created
[21-09-00] [SYSTEM_IO]: Requested deletion of: C:\Users\Nathan\Documents\IntelliJava\Cyder\dynamic\backup\7d7ebb00-81fe-329f-8a78-62f463d0b7da_1647140936457.json
[21-09-03] [SYSTEM_IO]: [JSON Saved] User was written to file: 7d7ebb00-81fe-329f-8a78-62f463d0b7da\Userdata.json
[21-09-03] [OBJECT CREATED] Instance of cyder.user.User created
[21-09-03] [SYSTEM_IO]: Requested deletion of: C:\Users\Nathan\Documents\IntelliJava\Cyder\dynamic\backup\7d7ebb00-81fe-329f-8a78-62f463d0b7da_1647140940208.json
[21-09-07] [SYSTEM_IO]: [JSON Saved] User was written to file: 7d7ebb00-81fe-329f-8a78-62f463d0b7da\Userdata.json
[21-09-07] [OBJECT CREATED] Instance of cyder.user.User created
[21-09-07] [SYSTEM_IO]: Requested deletion of: C:\Users\Nathan\Documents\IntelliJava\Cyder\dynamic\backup\7d7ebb00-81fe-329f-8a78-62f463d0b7da_1647140943968.json
[21-09-11] [SYSTEM_IO]: [JSON Saved] User was written to file: 7d7ebb00-81fe-329f-8a78-62f463d0b7da\Userdata.json
[21-09-11] [OBJECT CREATED] Instance of cyder.user.User created
[21-09-11] [SYSTEM_IO]: Requested deletion of: C:\Users\Nathan\Documents\IntelliJava\Cyder\dynamic\backup\7d7ebb00-81fe-329f-8a78-62f463d0b7da_1647140947719.json
[21-09-15] [SYSTEM_IO]: [JSON Saved] User was written to file: 7d7ebb00-81fe-329f-8a78-62f463d0b7da\Userdata.json
[21-09-15] [OBJECT CREATED] Instance of cyder.user.User created
[21-09-15] [SYSTEM_IO]: Requested deletion of: C:\Users\Nathan\Documents\IntelliJava\Cyder\dynamic\backup\7d7ebb00-81fe-329f-8a78-62f463d0b7da_1647140951460.json
[21-09-18] [SYSTEM_IO]: [JSON Saved] User was written to file: 7d7ebb00-81fe-329f-8a78-62f463d0b7da\Userdata.json
[21-09-18] [OBJECT CREATED] Instance of cyder.user.User created
[21-09-18] [SYSTEM_IO]: Requested deletion of: C:\Users\Nathan\Documents\IntelliJava\Cyder\dynamic\backup\7d7ebb00-81fe-329f-8a78-62f463d0b7da_1647140955192.json
[21-09-22] [SYSTEM_IO]: [JSON Saved] User was written to file: 7d7ebb00-81fe-329f-8a78-62f463d0b7da\Userdata.json
[21-09-22] [OBJECT CREATED] Instance of cyder.user.User created
[21-09-22] [SYSTEM_IO]: Requested deletion of: C:\Users\Nathan\Documents\IntelliJava\Cyder\dynamic\backup\7d7ebb00-81fe-329f-8a78-62f463d0b7da_1647140958939.json
[21-09-26] [SYSTEM_IO]: [JSON Saved] User was written to file: 7d7ebb00-81fe-329f-8a78-62f463d0b7da\Userdata.json
[21-09-26] [OBJECT CREATED] Instance of cyder.user.User created
[21-09-26] [SYSTEM_IO]: Requested deletion of: C:\Users\Nathan\Documents\IntelliJava\Cyder\dynamic\backup\7d7ebb00-81fe-329f-8a78-62f463d0b7da_1647140962680.json
[21-09-30] [SYSTEM_IO]: [JSON Saved] User was written to file: 7d7ebb00-81fe-329f-8a78-62f463d0b7da\Userdata.json
[21-09-30] [OBJECT CREATED] Instance of cyder.user.User created
[21-09-30] [SYSTEM_IO]: Requested deletion of: C:\Users\Nathan\Documents\IntelliJava\Cyder\dynamic\backup\7d7ebb00-81fe-329f-8a78-62f463d0b7da_1647140966430.json
[21-09-33] [SYSTEM_IO]: [JSON Saved] User was written to file: 7d7ebb00-81fe-329f-8a78-62f463d0b7da\Userdata.json
[21-09-33] [OBJECT CREATED] Instance of cyder.user.User created
[21-09-33] [SYSTEM_IO]: Requested deletion of: C:\Users\Nathan\Documents\IntelliJava\Cyder\dynamic\backup\7d7ebb00-81fe-329f-8a78-62f463d0b7da_1647140970170.json
[21-09-37] [SYSTEM_IO]: [JSON Saved] User was written to file: 7d7ebb00-81fe-329f-8a78-62f463d0b7da\Userdata.json
[21-09-37] [OBJECT CREATED] Instance of cyder.user.User created
[21-09-37] [SYSTEM_IO]: Requested deletion of: C:\Users\Nathan\Documents\IntelliJava\Cyder\dynamic\backup\7d7ebb00-81fe-329f-8a78-62f463d0b7da_1647140973903.json
[21-09-41] [SYSTEM_IO]: [JSON Saved] User was written to file: 7d7ebb00-81fe-329f-8a78-62f463d0b7da\Userdata.json
[21-09-41] [OBJECT CREATED] Instance of cyder.user.User created
[21-09-41] [SYSTEM_IO]: Requested deletion of: C:\Users\Nathan\Documents\IntelliJava\Cyder\dynamic\backup\7d7ebb00-81fe-329f-8a78-62f463d0b7da_1647140977643.json
[21-09-45] [SYSTEM_IO]: [JSON Saved] User was written to file: 7d7ebb00-81fe-329f-8a78-62f463d0b7da\Userdata.json
[21-09-45] [OBJECT CREATED] Instance of cyder.user.User created
[21-09-45] [SYSTEM_IO]: Requested deletion of: C:\Users\Nathan\Documents\IntelliJava\Cyder\dynamic\backup\7d7ebb00-81fe-329f-8a78-62f463d0b7da_1647140981390.json
[21-09-48] [SYSTEM_IO]: [JSON Saved] User was written to file: 7d7ebb00-81fe-329f-8a78-62f463d0b7da\Userdata.json
[21-09-48] [OBJECT CREATED] Instance of cyder.user.User created
[21-09-48] [SYSTEM_IO]: Requested deletion of: C:\Users\Nathan\Documents\IntelliJava\Cyder\dynamic\backup\7d7ebb00-81fe-329f-8a78-62f463d0b7da_1647140985134.json
[21-09-52] [SYSTEM_IO]: [JSON Saved] User was written to file: 7d7ebb00-81fe-329f-8a78-62f463d0b7da\Userdata.json
[21-09-52] [OBJECT CREATED] Instance of cyder.user.User created
[21-09-52] [SYSTEM_IO]: Requested deletion of: C:\Users\Nathan\Documents\IntelliJava\Cyder\dynamic\backup\7d7ebb00-81fe-329f-8a78-62f463d0b7da_1647140988887.json
[21-09-56] [SYSTEM_IO]: [JSON Saved] User was written to file: 7d7ebb00-81fe-329f-8a78-62f463d0b7da\Userdata.json
[21-09-56] [OBJECT CREATED] Instance of cyder.user.User created
[21-09-56] [SYSTEM_IO]: Requested deletion of: C:\Users\Nathan\Documents\IntelliJava\Cyder\dynamic\backup\7d7ebb00-81fe-329f-8a78-62f463d0b7da_1647140992629.json
[21-10-00] [SYSTEM_IO]: [JSON Saved] User was written to file: 7d7ebb00-81fe-329f-8a78-62f463d0b7da\Userdata.json
[21-10-00] [OBJECT CREATED] Instance of cyder.user.User created
[21-10-00] [SYSTEM_IO]: Requested deletion of: C:\Users\Nathan\Documents\IntelliJava\Cyder\dynamic\backup\7d7ebb00-81fe-329f-8a78-62f463d0b7da_1647140996390.json
[21-10-03] [SYSTEM_IO]: [JSON Saved] User was written to file: 7d7ebb00-81fe-329f-8a78-62f463d0b7da\Userdata.json
[21-10-03] [OBJECT CREATED] Instance of cyder.user.User created
[21-10-03] [SYSTEM_IO]: Requested deletion of: C:\Users\Nathan\Documents\IntelliJava\Cyder\dynamic\backup\7d7ebb00-81fe-329f-8a78-62f463d0b7da_1647141000139.json
[21-10-07] [SYSTEM_IO]: [JSON Saved] User was written to file: 7d7ebb00-81fe-329f-8a78-62f463d0b7da\Userdata.json
[21-10-07] [OBJECT CREATED] Instance of cyder.user.User created
[21-10-07] [SYSTEM_IO]: Requested deletion of: C:\Users\Nathan\Documents\IntelliJava\Cyder\dynamic\backup\7d7ebb00-81fe-329f-8a78-62f463d0b7da_1647141003883.json
[21-10-11] [SYSTEM_IO]: [JSON Saved] User was written to file: 7d7ebb00-81fe-329f-8a78-62f463d0b7da\Userdata.json
[21-10-11] [OBJECT CREATED] Instance of cyder.user.User created
[21-10-11] [SYSTEM_IO]: Requested deletion of: C:\Users\Nathan\Documents\IntelliJava\Cyder\dynamic\backup\7d7ebb00-81fe-329f-8a78-62f463d0b7da_1647141007645.json
[21-10-15] [SYSTEM_IO]: [JSON Saved] User was written to file: 7d7ebb00-81fe-329f-8a78-62f463d0b7da\Userdata.json
[21-10-15] [OBJECT CREATED] Instance of cyder.user.User created
[21-10-15] [SYSTEM_IO]: Requested deletion of: C:\Users\Nathan\Documents\IntelliJava\Cyder\dynamic\backup\7d7ebb00-81fe-329f-8a78-62f463d0b7da_1647141011389.json
[21-10-18] [SYSTEM_IO]: [JSON Saved] User was written to file: 7d7ebb00-81fe-329f-8a78-62f463d0b7da\Userdata.json
[21-10-18] [OBJECT CREATED] Instance of cyder.user.User created
[21-10-18] [SYSTEM_IO]: Requested deletion of: C:\Users\Nathan\Documents\IntelliJava\Cyder\dynamic\backup\7d7ebb00-81fe-329f-8a78-62f463d0b7da_1647141015146.json
[21-10-22] [SYSTEM_IO]: [JSON Saved] User was written to file: 7d7ebb00-81fe-329f-8a78-62f463d0b7da\Userdata.json
[21-10-22] [OBJECT CREATED] Instance of cyder.user.User created
[21-10-22] [SYSTEM_IO]: Requested deletion of: C:\Users\Nathan\Documents\IntelliJava\Cyder\dynamic\backup\7d7ebb00-81fe-329f-8a78-62f463d0b7da_1647141018893.json
[21-10-26] [SYSTEM_IO]: [JSON Saved] User was written to file: 7d7ebb00-81fe-329f-8a78-62f463d0b7da\Userdata.json
[21-10-26] [OBJECT CREATED] Instance of cyder.user.User created
[21-10-26] [SYSTEM_IO]: Requested deletion of: C:\Users\Nathan\Documents\IntelliJava\Cyder\dynamic\backup\7d7ebb00-81fe-329f-8a78-62f463d0b7da_1647141022632.json
[21-10-30] [SYSTEM_IO]: [JSON Saved] User was written to file: 7d7ebb00-81fe-329f-8a78-62f463d0b7da\Userdata.json
[21-10-30] [OBJECT CREATED] Instance of cyder.user.User created
[21-10-30] [SYSTEM_IO]: Requested deletion of: C:\Users\Nathan\Documents\IntelliJava\Cyder\dynamic\backup\7d7ebb00-81fe-329f-8a78-62f463d0b7da_1647141026387.json
[21-10-33] [SYSTEM_IO]: [JSON Saved] User was written to file: 7d7ebb00-81fe-329f-8a78-62f463d0b7da\Userdata.json
[21-10-33] [OBJECT CREATED] Instance of cyder.user.User created
[21-10-33] [SYSTEM_IO]: Requested deletion of: C:\Users\Nathan\Documents\IntelliJava\Cyder\dynamic\backup\7d7ebb00-81fe-329f-8a78-62f463d0b7da_1647141030187.json
[21-10-37] [SYSTEM_IO]: [JSON Saved] User was written to file: 7d7ebb00-81fe-329f-8a78-62f463d0b7da\Userdata.json
[21-10-37] [OBJECT CREATED] Instance of cyder.user.User created
[21-10-37] [SYSTEM_IO]: Requested deletion of: C:\Users\Nathan\Documents\IntelliJava\Cyder\dynamic\backup\7d7ebb00-81fe-329f-8a78-62f463d0b7da_1647141033929.json
[21-10-41] [SYSTEM_IO]: [JSON Saved] User was written to file: 7d7ebb00-81fe-329f-8a78-62f463d0b7da\Userdata.json
[21-10-41] [OBJECT CREATED] Instance of cyder.user.User created
[21-10-41] [SYSTEM_IO]: Requested deletion of: C:\Users\Nathan\Documents\IntelliJava\Cyder\dynamic\backup\7d7ebb00-81fe-329f-8a78-62f463d0b7da_1647141037677.json
[21-10-45] [SYSTEM_IO]: [JSON Saved] User was written to file: 7d7ebb00-81fe-329f-8a78-62f463d0b7da\Userdata.json
[21-10-45] [OBJECT CREATED] Instance of cyder.user.User created
[21-10-45] [SYSTEM_IO]: Requested deletion of: C:\Users\Nathan\Documents\IntelliJava\Cyder\dynamic\backup\7d7ebb00-81fe-329f-8a78-62f463d0b7da_1647141041655.json
[21-10-49] [SYSTEM_IO]: [JSON Saved] User was written to file: 7d7ebb00-81fe-329f-8a78-62f463d0b7da\Userdata.json
[21-10-49] [OBJECT CREATED] Instance of cyder.user.User created
[21-10-49] [SYSTEM_IO]: Requested deletion of: C:\Users\Nathan\Documents\IntelliJava\Cyder\dynamic\backup\7d7ebb00-81fe-329f-8a78-62f463d0b7da_1647141045388.json
[21-10-52] [SYSTEM_IO]: [JSON Saved] User was written to file: 7d7ebb00-81fe-329f-8a78-62f463d0b7da\Userdata.json
[21-10-52] [OBJECT CREATED] Instance of cyder.user.User created
[21-10-52] [SYSTEM_IO]: Requested deletion of: C:\Users\Nathan\Documents\IntelliJava\Cyder\dynamic\backup\7d7ebb00-81fe-329f-8a78-62f463d0b7da_1647141049136.json
[21-10-56] [SYSTEM_IO]: [JSON Saved] User was written to file: 7d7ebb00-81fe-329f-8a78-62f463d0b7da\Userdata.json
[21-10-56] [OBJECT CREATED] Instance of cyder.user.User created
[21-10-56] [SYSTEM_IO]: Requested deletion of: C:\Users\Nathan\Documents\IntelliJava\Cyder\dynamic\backup\7d7ebb00-81fe-329f-8a78-62f463d0b7da_1647141052877.json
[21-11-00] [SYSTEM_IO]: [JSON Saved] User was written to file: 7d7ebb00-81fe-329f-8a78-62f463d0b7da\Userdata.json
[21-11-00] [OBJECT CREATED] Instance of cyder.user.User created
[21-11-00] [SYSTEM_IO]: Requested deletion of: C:\Users\Nathan\Documents\IntelliJava\Cyder\dynamic\backup\7d7ebb00-81fe-329f-8a78-62f463d0b7da_1647141056729.json
[21-11-04] [SYSTEM_IO]: [JSON Saved] User was written to file: 7d7ebb00-81fe-329f-8a78-62f463d0b7da\Userdata.json
[21-11-04] [OBJECT CREATED] Instance of cyder.user.User created
[21-11-04] [SYSTEM_IO]: Requested deletion of: C:\Users\Nathan\Documents\IntelliJava\Cyder\dynamic\backup\7d7ebb00-81fe-329f-8a78-62f463d0b7da_1647141060467.json
[21-11-07] [SYSTEM_IO]: [JSON Saved] User was written to file: 7d7ebb00-81fe-329f-8a78-62f463d0b7da\Userdata.json
[21-11-07] [OBJECT CREATED] Instance of cyder.user.User created
[21-11-07] [SYSTEM_IO]: Requested deletion of: C:\Users\Nathan\Documents\IntelliJava\Cyder\dynamic\backup\7d7ebb00-81fe-329f-8a78-62f463d0b7da_1647141064203.json
[21-11-11] [SYSTEM_IO]: [JSON Saved] User was written to file: 7d7ebb00-81fe-329f-8a78-62f463d0b7da\Userdata.json
[21-11-11] [OBJECT CREATED] Instance of cyder.user.User created
[21-11-11] [SYSTEM_IO]: Requested deletion of: C:\Users\Nathan\Documents\IntelliJava\Cyder\dynamic\backup\7d7ebb00-81fe-329f-8a78-62f463d0b7da_1647141067955.json
[21-11-15] [SYSTEM_IO]: [JSON Saved] User was written to file: 7d7ebb00-81fe-329f-8a78-62f463d0b7da\Userdata.json
[21-11-15] [OBJECT CREATED] Instance of cyder.user.User created
[21-11-15] [SYSTEM_IO]: Requested deletion of: C:\Users\Nathan\Documents\IntelliJava\Cyder\dynamic\backup\7d7ebb00-81fe-329f-8a78-62f463d0b7da_1647141071694.json
[21-11-19] [SYSTEM_IO]: [JSON Saved] User was written to file: 7d7ebb00-81fe-329f-8a78-62f463d0b7da\Userdata.json
[21-11-19] [OBJECT CREATED] Instance of cyder.user.User created
[21-11-19] [SYSTEM_IO]: Requested deletion of: C:\Users\Nathan\Documents\IntelliJava\Cyder\dynamic\backup\7d7ebb00-81fe-329f-8a78-62f463d0b7da_1647141075451.json
[21-11-22] [SYSTEM_IO]: [JSON Saved] User was written to file: 7d7ebb00-81fe-329f-8a78-62f463d0b7da\Userdata.json
[21-11-22] [OBJECT CREATED] Instance of cyder.user.User created
[21-11-22] [SYSTEM_IO]: Requested deletion of: C:\Users\Nathan\Documents\IntelliJava\Cyder\dynamic\backup\7d7ebb00-81fe-329f-8a78-62f463d0b7da_1647141079213.json
[21-11-26] [SYSTEM_IO]: [JSON Saved] User was written to file: 7d7ebb00-81fe-329f-8a78-62f463d0b7da\Userdata.json
[21-11-26] [OBJECT CREATED] Instance of cyder.user.User created
[21-11-26] [SYSTEM_IO]: Requested deletion of: C:\Users\Nathan\Documents\IntelliJava\Cyder\dynamic\backup\7d7ebb00-81fe-329f-8a78-62f463d0b7da_1647141082951.json
[21-11-30] [SYSTEM_IO]: [JSON Saved] User was written to file: 7d7ebb00-81fe-329f-8a78-62f463d0b7da\Userdata.json
[21-11-30] [OBJECT CREATED] Instance of cyder.user.User created
[21-11-30] [SYSTEM_IO]: Requested deletion of: C:\Users\Nathan\Documents\IntelliJava\Cyder\dynamic\backup\7d7ebb00-81fe-329f-8a78-62f463d0b7da_1647141086687.json
[21-11-34] [SYSTEM_IO]: [JSON Saved] User was written to file: 7d7ebb00-81fe-329f-8a78-62f463d0b7da\Userdata.json
[21-11-34] [OBJECT CREATED] Instance of cyder.user.User created
[21-11-34] [SYSTEM_IO]: Requested deletion of: C:\Users\Nathan\Documents\IntelliJava\Cyder\dynamic\backup\7d7ebb00-81fe-329f-8a78-62f463d0b7da_1647141090454.json
[21-11-37] [SYSTEM_IO]: [JSON Saved] User was written to file: 7d7ebb00-81fe-329f-8a78-62f463d0b7da\Userdata.json
[21-11-37] [OBJECT CREATED] Instance of cyder.user.User created
[21-11-37] [SYSTEM_IO]: Requested deletion of: C:\Users\Nathan\Documents\IntelliJava\Cyder\dynamic\backup\7d7ebb00-81fe-329f-8a78-62f463d0b7da_1647141094208.json
[21-11-41] [SYSTEM_IO]: [JSON Saved] User was written to file: 7d7ebb00-81fe-329f-8a78-62f463d0b7da\Userdata.json
[21-11-41] [OBJECT CREATED] Instance of cyder.user.User created
[21-11-41] [SYSTEM_IO]: Requested deletion of: C:\Users\Nathan\Documents\IntelliJava\Cyder\dynamic\backup\7d7ebb00-81fe-329f-8a78-62f463d0b7da_1647141097951.json
[21-11-45] [SYSTEM_IO]: [JSON Saved] User was written to file: 7d7ebb00-81fe-329f-8a78-62f463d0b7da\Userdata.json
[21-11-45] [OBJECT CREATED] Instance of cyder.user.User created
[21-11-45] [SYSTEM_IO]: Requested deletion of: C:\Users\Nathan\Documents\IntelliJava\Cyder\dynamic\backup\7d7ebb00-81fe-329f-8a78-62f463d0b7da_1647141101687.json
[21-11-49] [SYSTEM_IO]: [JSON Saved] User was written to file: 7d7ebb00-81fe-329f-8a78-62f463d0b7da\Userdata.json
[21-11-49] [OBJECT CREATED] Instance of cyder.user.User created
[21-11-49] [SYSTEM_IO]: Requested deletion of: C:\Users\Nathan\Documents\IntelliJava\Cyder\dynamic\backup\7d7ebb00-81fe-329f-8a78-62f463d0b7da_1647141105438.json
[21-11-52] [SYSTEM_IO]: [JSON Saved] User was written to file: 7d7ebb00-81fe-329f-8a78-62f463d0b7da\Userdata.json
[21-11-52] [OBJECT CREATED] Instance of cyder.user.User created
[21-11-52] [SYSTEM_IO]: Requested deletion of: C:\Users\Nathan\Documents\IntelliJava\Cyder\dynamic\backup\7d7ebb00-81fe-329f-8a78-62f463d0b7da_1647141109192.json
[21-11-56] [SYSTEM_IO]: [JSON Saved] User was written to file: 7d7ebb00-81fe-329f-8a78-62f463d0b7da\Userdata.json
[21-11-56] [OBJECT CREATED] Instance of cyder.user.User created
[21-11-56] [SYSTEM_IO]: Requested deletion of: C:\Users\Nathan\Documents\IntelliJava\Cyder\dynamic\backup\7d7ebb00-81fe-329f-8a78-62f463d0b7da_1647141112935.json
[21-12-00] [SYSTEM_IO]: [JSON Saved] User was written to file: 7d7ebb00-81fe-329f-8a78-62f463d0b7da\Userdata.json
[21-12-00] [OBJECT CREATED] Instance of cyder.user.User created
[21-12-00] [SYSTEM_IO]: Requested deletion of: C:\Users\Nathan\Documents\IntelliJava\Cyder\dynamic\backup\7d7ebb00-81fe-329f-8a78-62f463d0b7da_1647141116680.json
[21-12-04] [SYSTEM_IO]: [JSON Saved] User was written to file: 7d7ebb00-81fe-329f-8a78-62f463d0b7da\Userdata.json
[21-12-04] [OBJECT CREATED] Instance of cyder.user.User created
[21-12-04] [SYSTEM_IO]: Requested deletion of: C:\Users\Nathan\Documents\IntelliJava\Cyder\dynamic\backup\7d7ebb00-81fe-329f-8a78-62f463d0b7da_1647141120429.json
[21-12-08] [SYSTEM_IO]: [JSON Saved] User was written to file: 7d7ebb00-81fe-329f-8a78-62f463d0b7da\Userdata.json
[21-12-08] [OBJECT CREATED] Instance of cyder.user.User created
[21-12-08] [SYSTEM_IO]: Requested deletion of: C:\Users\Nathan\Documents\IntelliJava\Cyder\dynamic\backup\7d7ebb00-81fe-329f-8a78-62f463d0b7da_1647141124215.json
[21-12-11] [SYSTEM_IO]: [JSON Saved] User was written to file: 7d7ebb00-81fe-329f-8a78-62f463d0b7da\Userdata.json
[21-12-11] [OBJECT CREATED] Instance of cyder.user.User created
[21-12-11] [SYSTEM_IO]: Requested deletion of: C:\Users\Nathan\Documents\IntelliJava\Cyder\dynamic\backup\7d7ebb00-81fe-329f-8a78-62f463d0b7da_1647141128009.json
[21-12-15] [SYSTEM_IO]: [JSON Saved] User was written to file: 7d7ebb00-81fe-329f-8a78-62f463d0b7da\Userdata.json
[21-12-15] [OBJECT CREATED] Instance of cyder.user.User created
[21-12-15] [SYSTEM_IO]: Requested deletion of: C:\Users\Nathan\Documents\IntelliJava\Cyder\dynamic\backup\7d7ebb00-81fe-329f-8a78-62f463d0b7da_1647141131755.json
[21-12-19] [SYSTEM_IO]: [JSON Saved] User was written to file: 7d7ebb00-81fe-329f-8a78-62f463d0b7da\Userdata.json
[21-12-19] [OBJECT CREATED] Instance of cyder.user.User created
[21-12-19] [SYSTEM_IO]: Requested deletion of: C:\Users\Nathan\Documents\IntelliJava\Cyder\dynamic\backup\7d7ebb00-81fe-329f-8a78-62f463d0b7da_1647141135499.json
[21-12-22] [SYSTEM_IO]: [JSON Saved] User was written to file: 7d7ebb00-81fe-329f-8a78-62f463d0b7da\Userdata.json
[21-12-22] [OBJECT CREATED] Instance of cyder.user.User created
[21-12-23] [SYSTEM_IO]: Requested deletion of: C:\Users\Nathan\Documents\IntelliJava\Cyder\dynamic\backup\7d7ebb00-81fe-329f-8a78-62f463d0b7da_1647141139262.json
[21-12-26] [SYSTEM_IO]: [JSON Saved] User was written to file: 7d7ebb00-81fe-329f-8a78-62f463d0b7da\Userdata.json
[21-12-26] [OBJECT CREATED] Instance of cyder.user.User created
[21-12-26] [SYSTEM_IO]: Requested deletion of: C:\Users\Nathan\Documents\IntelliJava\Cyder\dynamic\backup\7d7ebb00-81fe-329f-8a78-62f463d0b7da_1647141143000.json
[21-12-30] [SYSTEM_IO]: [JSON Saved] User was written to file: 7d7ebb00-81fe-329f-8a78-62f463d0b7da\Userdata.json
[21-12-30] [OBJECT CREATED] Instance of cyder.user.User created
[21-12-30] [SYSTEM_IO]: Requested deletion of: C:\Users\Nathan\Documents\IntelliJava\Cyder\dynamic\backup\7d7ebb00-81fe-329f-8a78-62f463d0b7da_1647141146738.json
[21-12-34] [SYSTEM_IO]: [JSON Saved] User was written to file: 7d7ebb00-81fe-329f-8a78-62f463d0b7da\Userdata.json
[21-12-34] [OBJECT CREATED] Instance of cyder.user.User created
[21-12-34] [SYSTEM_IO]: Requested deletion of: C:\Users\Nathan\Documents\IntelliJava\Cyder\dynamic\backup\7d7ebb00-81fe-329f-8a78-62f463d0b7da_1647141150481.json
[21-12-37] [SYSTEM_IO]: [JSON Saved] User was written to file: 7d7ebb00-81fe-329f-8a78-62f463d0b7da\Userdata.json
[21-12-37] [OBJECT CREATED] Instance of cyder.user.User created
[21-12-37] [SYSTEM_IO]: Requested deletion of: C:\Users\Nathan\Documents\IntelliJava\Cyder\dynamic\backup\7d7ebb00-81fe-329f-8a78-62f463d0b7da_1647141154227.json
[21-12-41] [SYSTEM_IO]: [JSON Saved] User was written to file: 7d7ebb00-81fe-329f-8a78-62f463d0b7da\Userdata.json
[21-12-41] [OBJECT CREATED] Instance of cyder.user.User created
[21-12-41] [SYSTEM_IO]: Requested deletion of: C:\Users\Nathan\Documents\IntelliJava\Cyder\dynamic\backup\7d7ebb00-81fe-329f-8a78-62f463d0b7da_1647141157963.json
[21-12-45] [SYSTEM_IO]: [JSON Saved] User was written to file: 7d7ebb00-81fe-329f-8a78-62f463d0b7da\Userdata.json
[21-12-45] [OBJECT CREATED] Instance of cyder.user.User created
[21-12-45] [SYSTEM_IO]: Requested deletion of: C:\Users\Nathan\Documents\IntelliJava\Cyder\dynamic\backup\7d7ebb00-81fe-329f-8a78-62f463d0b7da_1647141161702.json
[21-12-49] [SYSTEM_IO]: [JSON Saved] User was written to file: 7d7ebb00-81fe-329f-8a78-62f463d0b7da\Userdata.json
[21-12-49] [OBJECT CREATED] Instance of cyder.user.User created
[21-12-49] [SYSTEM_IO]: Requested deletion of: C:\Users\Nathan\Documents\IntelliJava\Cyder\dynamic\backup\7d7ebb00-81fe-329f-8a78-62f463d0b7da_1647141165442.json
[21-12-52] [SYSTEM_IO]: [JSON Saved] User was written to file: 7d7ebb00-81fe-329f-8a78-62f463d0b7da\Userdata.json
[21-12-52] [OBJECT CREATED] Instance of cyder.user.User created
[21-12-52] [SYSTEM_IO]: Requested deletion of: C:\Users\Nathan\Documents\IntelliJava\Cyder\dynamic\backup\7d7ebb00-81fe-329f-8a78-62f463d0b7da_1647141169176.json
[21-12-56] [SYSTEM_IO]: [JSON Saved] User was written to file: 7d7ebb00-81fe-329f-8a78-62f463d0b7da\Userdata.json
[21-12-56] [OBJECT CREATED] Instance of cyder.user.User created
[21-12-56] [SYSTEM_IO]: Requested deletion of: C:\Users\Nathan\Documents\IntelliJava\Cyder\dynamic\backup\7d7ebb00-81fe-329f-8a78-62f463d0b7da_1647141172909.json
[21-13-00] [SYSTEM_IO]: [JSON Saved] User was written to file: 7d7ebb00-81fe-329f-8a78-62f463d0b7da\Userdata.json
[21-13-00] [OBJECT CREATED] Instance of cyder.user.User created
[21-13-00] [SYSTEM_IO]: Requested deletion of: C:\Users\Nathan\Documents\IntelliJava\Cyder\dynamic\backup\7d7ebb00-81fe-329f-8a78-62f463d0b7da_1647141176649.json
[21-13-04] [SYSTEM_IO]: [JSON Saved] User was written to file: 7d7ebb00-81fe-329f-8a78-62f463d0b7da\Userdata.json
[21-13-04] [OBJECT CREATED] Instance of cyder.user.User created
[21-13-04] [SYSTEM_IO]: Requested deletion of: C:\Users\Nathan\Documents\IntelliJava\Cyder\dynamic\backup\7d7ebb00-81fe-329f-8a78-62f463d0b7da_1647141180396.json
[21-13-07] [SYSTEM_IO]: [JSON Saved] User was written to file: 7d7ebb00-81fe-329f-8a78-62f463d0b7da\Userdata.json
[21-13-07] [OBJECT CREATED] Instance of cyder.user.User created
[21-13-07] [SYSTEM_IO]: Requested deletion of: C:\Users\Nathan\Documents\IntelliJava\Cyder\dynamic\backup\7d7ebb00-81fe-329f-8a78-62f463d0b7da_1647141184133.json
[21-13-11] [SYSTEM_IO]: [JSON Saved] User was written to file: 7d7ebb00-81fe-329f-8a78-62f463d0b7da\Userdata.json
[21-13-11] [OBJECT CREATED] Instance of cyder.user.User created
[21-13-11] [SYSTEM_IO]: Requested deletion of: C:\Users\Nathan\Documents\IntelliJava\Cyder\dynamic\backup\7d7ebb00-81fe-329f-8a78-62f463d0b7da_1647141187883.json
[21-13-15] [SYSTEM_IO]: [JSON Saved] User was written to file: 7d7ebb00-81fe-329f-8a78-62f463d0b7da\Userdata.json
[21-13-15] [OBJECT CREATED] Instance of cyder.user.User created
[21-13-15] [SYSTEM_IO]: Requested deletion of: C:\Users\Nathan\Documents\IntelliJava\Cyder\dynamic\backup\7d7ebb00-81fe-329f-8a78-62f463d0b7da_1647141191627.json
[21-13-19] [SYSTEM_IO]: [JSON Saved] User was written to file: 7d7ebb00-81fe-329f-8a78-62f463d0b7da\Userdata.json
[21-13-19] [OBJECT CREATED] Instance of cyder.user.User created
[21-13-19] [SYSTEM_IO]: Requested deletion of: C:\Users\Nathan\Documents\IntelliJava\Cyder\dynamic\backup\7d7ebb00-81fe-329f-8a78-62f463d0b7da_1647141195379.json
[21-13-22] [SYSTEM_IO]: [JSON Saved] User was written to file: 7d7ebb00-81fe-329f-8a78-62f463d0b7da\Userdata.json
[21-13-22] [OBJECT CREATED] Instance of cyder.user.User created
[21-13-22] [SYSTEM_IO]: Requested deletion of: C:\Users\Nathan\Documents\IntelliJava\Cyder\dynamic\backup\7d7ebb00-81fe-329f-8a78-62f463d0b7da_1647141199116.json
[21-13-26] [SYSTEM_IO]: [JSON Saved] User was written to file: 7d7ebb00-81fe-329f-8a78-62f463d0b7da\Userdata.json
[21-13-26] [OBJECT CREATED] Instance of cyder.user.User created
[21-13-26] [SYSTEM_IO]: Requested deletion of: C:\Users\Nathan\Documents\IntelliJava\Cyder\dynamic\backup\7d7ebb00-81fe-329f-8a78-62f463d0b7da_1647141202875.json
[21-13-30] [SYSTEM_IO]: [JSON Saved] User was written to file: 7d7ebb00-81fe-329f-8a78-62f463d0b7da\Userdata.json
[21-13-30] [OBJECT CREATED] Instance of cyder.user.User created
[21-13-30] [SYSTEM_IO]: Requested deletion of: C:\Users\Nathan\Documents\IntelliJava\Cyder\dynamic\backup\7d7ebb00-81fe-329f-8a78-62f463d0b7da_1647141206613.json
[21-13-34] [SYSTEM_IO]: [JSON Saved] User was written to file: 7d7ebb00-81fe-329f-8a78-62f463d0b7da\Userdata.json
[21-13-34] [OBJECT CREATED] Instance of cyder.user.User created
[21-13-34] [SYSTEM_IO]: Requested deletion of: C:\Users\Nathan\Documents\IntelliJava\Cyder\dynamic\backup\7d7ebb00-81fe-329f-8a78-62f463d0b7da_1647141210363.json
[21-13-37] [SYSTEM_IO]: [JSON Saved] User was written to file: 7d7ebb00-81fe-329f-8a78-62f463d0b7da\Userdata.json
[21-13-37] [OBJECT CREATED] Instance of cyder.user.User created
[21-13-37] [SYSTEM_IO]: Requested deletion of: C:\Users\Nathan\Documents\IntelliJava\Cyder\dynamic\backup\7d7ebb00-81fe-329f-8a78-62f463d0b7da_1647141214107.json
[21-13-41] [SYSTEM_IO]: [JSON Saved] User was written to file: 7d7ebb00-81fe-329f-8a78-62f463d0b7da\Userdata.json
[21-13-41] [OBJECT CREATED] Instance of cyder.user.User created
[21-13-41] [SYSTEM_IO]: Requested deletion of: C:\Users\Nathan\Documents\IntelliJava\Cyder\dynamic\backup\7d7ebb00-81fe-329f-8a78-62f463d0b7da_1647141217848.json
[21-13-45] [SYSTEM_IO]: [JSON Saved] User was written to file: 7d7ebb00-81fe-329f-8a78-62f463d0b7da\Userdata.json
[21-13-45] [OBJECT CREATED] Instance of cyder.user.User created
[21-13-45] [SYSTEM_IO]: Requested deletion of: C:\Users\Nathan\Documents\IntelliJava\Cyder\dynamic\backup\7d7ebb00-81fe-329f-8a78-62f463d0b7da_1647141221585.json
[21-13-49] [SYSTEM_IO]: [JSON Saved] User was written to file: 7d7ebb00-81fe-329f-8a78-62f463d0b7da\Userdata.json
[21-13-49] [OBJECT CREATED] Instance of cyder.user.User created
[21-13-49] [SYSTEM_IO]: Requested deletion of: C:\Users\Nathan\Documents\IntelliJava\Cyder\dynamic\backup\7d7ebb00-81fe-329f-8a78-62f463d0b7da_1647141225335.json
[21-13-52] [SYSTEM_IO]: [JSON Saved] User was written to file: 7d7ebb00-81fe-329f-8a78-62f463d0b7da\Userdata.json
[21-13-52] [OBJECT CREATED] Instance of cyder.user.User created
[21-13-52] [SYSTEM_IO]: Requested deletion of: C:\Users\Nathan\Documents\IntelliJava\Cyder\dynamic\backup\7d7ebb00-81fe-329f-8a78-62f463d0b7da_1647141229092.json
[21-13-56] [SYSTEM_IO]: [JSON Saved] User was written to file: 7d7ebb00-81fe-329f-8a78-62f463d0b7da\Userdata.json
[21-13-56] [OBJECT CREATED] Instance of cyder.user.User created
[21-13-56] [SYSTEM_IO]: Requested deletion of: C:\Users\Nathan\Documents\IntelliJava\Cyder\dynamic\backup\7d7ebb00-81fe-329f-8a78-62f463d0b7da_1647141232836.json
[21-14-00] [SYSTEM_IO]: [JSON Saved] User was written to file: 7d7ebb00-81fe-329f-8a78-62f463d0b7da\Userdata.json
[21-14-00] [OBJECT CREATED] Instance of cyder.user.User created
[21-14-00] [SYSTEM_IO]: Requested deletion of: C:\Users\Nathan\Documents\IntelliJava\Cyder\dynamic\backup\7d7ebb00-81fe-329f-8a78-62f463d0b7da_1647141236586.json
[21-14-04] [SYSTEM_IO]: [JSON Saved] User was written to file: 7d7ebb00-81fe-329f-8a78-62f463d0b7da\Userdata.json
[21-14-04] [OBJECT CREATED] Instance of cyder.user.User created
[21-14-04] [SYSTEM_IO]: Requested deletion of: C:\Users\Nathan\Documents\IntelliJava\Cyder\dynamic\backup\7d7ebb00-81fe-329f-8a78-62f463d0b7da_1647141240330.json
[21-14-07] [SYSTEM_IO]: [JSON Saved] User was written to file: 7d7ebb00-81fe-329f-8a78-62f463d0b7da\Userdata.json
[21-14-07] [OBJECT CREATED] Instance of cyder.user.User created
[21-14-07] [SYSTEM_IO]: Requested deletion of: C:\Users\Nathan\Documents\IntelliJava\Cyder\dynamic\backup\7d7ebb00-81fe-329f-8a78-62f463d0b7da_1647141244075.json
[21-14-11] [SYSTEM_IO]: [JSON Saved] User was written to file: 7d7ebb00-81fe-329f-8a78-62f463d0b7da\Userdata.json
[21-14-11] [OBJECT CREATED] Instance of cyder.user.User created
[21-14-11] [SYSTEM_IO]: Requested deletion of: C:\Users\Nathan\Documents\IntelliJava\Cyder\dynamic\backup\7d7ebb00-81fe-329f-8a78-62f463d0b7da_1647141247812.json
[21-14-15] [SYSTEM_IO]: [JSON Saved] User was written to file: 7d7ebb00-81fe-329f-8a78-62f463d0b7da\Userdata.json
[21-14-15] [OBJECT CREATED] Instance of cyder.user.User created
[21-14-15] [SYSTEM_IO]: Requested deletion of: C:\Users\Nathan\Documents\IntelliJava\Cyder\dynamic\backup\7d7ebb00-81fe-329f-8a78-62f463d0b7da_1647141251553.json
[21-14-19] [SYSTEM_IO]: [JSON Saved] User was written to file: 7d7ebb00-81fe-329f-8a78-62f463d0b7da\Userdata.json
[21-14-19] [OBJECT CREATED] Instance of cyder.user.User created
[21-14-19] [SYSTEM_IO]: Requested deletion of: C:\Users\Nathan\Documents\IntelliJava\Cyder\dynamic\backup\7d7ebb00-81fe-329f-8a78-62f463d0b7da_1647141255292.json
[21-14-22] [SYSTEM_IO]: [JSON Saved] User was written to file: 7d7ebb00-81fe-329f-8a78-62f463d0b7da\Userdata.json
[21-14-22] [OBJECT CREATED] Instance of cyder.user.User created
[21-14-22] [SYSTEM_IO]: Requested deletion of: C:\Users\Nathan\Documents\IntelliJava\Cyder\dynamic\backup\7d7ebb00-81fe-329f-8a78-62f463d0b7da_1647141259030.json
[21-14-26] [SYSTEM_IO]: [JSON Saved] User was written to file: 7d7ebb00-81fe-329f-8a78-62f463d0b7da\Userdata.json
[21-14-26] [OBJECT CREATED] Instance of cyder.user.User created
[21-14-26] [SYSTEM_IO]: Requested deletion of: C:\Users\Nathan\Documents\IntelliJava\Cyder\dynamic\backup\7d7ebb00-81fe-329f-8a78-62f463d0b7da_1647141262771.json
[21-14-30] [SYSTEM_IO]: [JSON Saved] User was written to file: 7d7ebb00-81fe-329f-8a78-62f463d0b7da\Userdata.json
[21-14-30] [OBJECT CREATED] Instance of cyder.user.User created
[21-14-30] [SYSTEM_IO]: Requested deletion of: C:\Users\Nathan\Documents\IntelliJava\Cyder\dynamic\backup\7d7ebb00-81fe-329f-8a78-62f463d0b7da_1647141266506.json
[21-14-33] [SYSTEM_IO]: [JSON Saved] User was written to file: 7d7ebb00-81fe-329f-8a78-62f463d0b7da\Userdata.json
[21-14-33] [OBJECT CREATED] Instance of cyder.user.User created
[21-14-33] [SYSTEM_IO]: Requested deletion of: C:\Users\Nathan\Documents\IntelliJava\Cyder\dynamic\backup\7d7ebb00-81fe-329f-8a78-62f463d0b7da_1647141270227.json
[21-14-37] [SYSTEM_IO]: [JSON Saved] User was written to file: 7d7ebb00-81fe-329f-8a78-62f463d0b7da\Userdata.json
[21-14-37] [OBJECT CREATED] Instance of cyder.user.User created
[21-14-37] [SYSTEM_IO]: Requested deletion of: C:\Users\Nathan\Documents\IntelliJava\Cyder\dynamic\backup\7d7ebb00-81fe-329f-8a78-62f463d0b7da_1647141273968.json
[21-14-41] [SYSTEM_IO]: [JSON Saved] User was written to file: 7d7ebb00-81fe-329f-8a78-62f463d0b7da\Userdata.json
[21-14-41] [OBJECT CREATED] Instance of cyder.user.User created
[21-14-41] [SYSTEM_IO]: Requested deletion of: C:\Users\Nathan\Documents\IntelliJava\Cyder\dynamic\backup\7d7ebb00-81fe-329f-8a78-62f463d0b7da_1647141277677.json
[21-14-45] [SYSTEM_IO]: [JSON Saved] User was written to file: 7d7ebb00-81fe-329f-8a78-62f463d0b7da\Userdata.json
[21-14-45] [OBJECT CREATED] Instance of cyder.user.User created
[21-14-45] [SYSTEM_IO]: Requested deletion of: C:\Users\Nathan\Documents\IntelliJava\Cyder\dynamic\backup\7d7ebb00-81fe-329f-8a78-62f463d0b7da_1647141281481.json
[21-14-48] [SYSTEM_IO]: [JSON Saved] User was written to file: 7d7ebb00-81fe-329f-8a78-62f463d0b7da\Userdata.json
[21-14-48] [OBJECT CREATED] Instance of cyder.user.User created
[21-14-48] [SYSTEM_IO]: Requested deletion of: C:\Users\Nathan\Documents\IntelliJava\Cyder\dynamic\backup\7d7ebb00-81fe-329f-8a78-62f463d0b7da_1647141285216.json
[21-14-52] [SYSTEM_IO]: [JSON Saved] User was written to file: 7d7ebb00-81fe-329f-8a78-62f463d0b7da\Userdata.json
[21-14-52] [OBJECT CREATED] Instance of cyder.user.User created
[21-14-52] [SYSTEM_IO]: Requested deletion of: C:\Users\Nathan\Documents\IntelliJava\Cyder\dynamic\backup\7d7ebb00-81fe-329f-8a78-62f463d0b7da_1647141288958.json
[21-14-56] [SYSTEM_IO]: [JSON Saved] User was written to file: 7d7ebb00-81fe-329f-8a78-62f463d0b7da\Userdata.json
[21-14-56] [OBJECT CREATED] Instance of cyder.user.User created
[21-14-56] [SYSTEM_IO]: Requested deletion of: C:\Users\Nathan\Documents\IntelliJava\Cyder\dynamic\backup\7d7ebb00-81fe-329f-8a78-62f463d0b7da_1647141292695.json
[21-15-00] [SYSTEM_IO]: [JSON Saved] User was written to file: 7d7ebb00-81fe-329f-8a78-62f463d0b7da\Userdata.json
[21-15-00] [OBJECT CREATED] Instance of cyder.user.User created
[21-15-00] [SYSTEM_IO]: Requested deletion of: C:\Users\Nathan\Documents\IntelliJava\Cyder\dynamic\backup\7d7ebb00-81fe-329f-8a78-62f463d0b7da_1647141296441.json
[21-15-03] [SYSTEM_IO]: [JSON Saved] User was written to file: 7d7ebb00-81fe-329f-8a78-62f463d0b7da\Userdata.json
[21-15-03] [OBJECT CREATED] Instance of cyder.user.User created
[21-15-03] [SYSTEM_IO]: Requested deletion of: C:\Users\Nathan\Documents\IntelliJava\Cyder\dynamic\backup\7d7ebb00-81fe-329f-8a78-62f463d0b7da_1647141300183.json
[21-15-07] [SYSTEM_IO]: [JSON Saved] User was written to file: 7d7ebb00-81fe-329f-8a78-62f463d0b7da\Userdata.json
[21-15-07] [OBJECT CREATED] Instance of cyder.user.User created
[21-15-07] [SYSTEM_IO]: Requested deletion of: C:\Users\Nathan\Documents\IntelliJava\Cyder\dynamic\backup\7d7ebb00-81fe-329f-8a78-62f463d0b7da_1647141303928.json
[21-15-11] [SYSTEM_IO]: [JSON Saved] User was written to file: 7d7ebb00-81fe-329f-8a78-62f463d0b7da\Userdata.json
[21-15-11] [OBJECT CREATED] Instance of cyder.user.User created
[21-15-11] [SYSTEM_IO]: Requested deletion of: C:\Users\Nathan\Documents\IntelliJava\Cyder\dynamic\backup\7d7ebb00-81fe-329f-8a78-62f463d0b7da_1647141307662.json
[21-15-15] [SYSTEM_IO]: [JSON Saved] User was written to file: 7d7ebb00-81fe-329f-8a78-62f463d0b7da\Userdata.json
[21-15-15] [OBJECT CREATED] Instance of cyder.user.User created
[21-15-15] [SYSTEM_IO]: Requested deletion of: C:\Users\Nathan\Documents\IntelliJava\Cyder\dynamic\backup\7d7ebb00-81fe-329f-8a78-62f463d0b7da_1647141311415.json
[21-15-18] [SYSTEM_IO]: [JSON Saved] User was written to file: 7d7ebb00-81fe-329f-8a78-62f463d0b7da\Userdata.json
[21-15-18] [OBJECT CREATED] Instance of cyder.user.User created
[21-15-18] [SYSTEM_IO]: Requested deletion of: C:\Users\Nathan\Documents\IntelliJava\Cyder\dynamic\backup\7d7ebb00-81fe-329f-8a78-62f463d0b7da_1647141315153.json
[21-15-22] [SYSTEM_IO]: [JSON Saved] User was written to file: 7d7ebb00-81fe-329f-8a78-62f463d0b7da\Userdata.json
[21-15-22] [OBJECT CREATED] Instance of cyder.user.User created
[21-15-22] [SYSTEM_IO]: Requested deletion of: C:\Users\Nathan\Documents\IntelliJava\Cyder\dynamic\backup\7d7ebb00-81fe-329f-8a78-62f463d0b7da_1647141318891.json
[21-15-26] [SYSTEM_IO]: [JSON Saved] User was written to file: 7d7ebb00-81fe-329f-8a78-62f463d0b7da\Userdata.json
[21-15-26] [OBJECT CREATED] Instance of cyder.user.User created
[21-15-26] [SYSTEM_IO]: Requested deletion of: C:\Users\Nathan\Documents\IntelliJava\Cyder\dynamic\backup\7d7ebb00-81fe-329f-8a78-62f463d0b7da_1647141322625.json
[21-15-30] [SYSTEM_IO]: [JSON Saved] User was written to file: 7d7ebb00-81fe-329f-8a78-62f463d0b7da\Userdata.json
[21-15-30] [OBJECT CREATED] Instance of cyder.user.User created
[21-15-30] [SYSTEM_IO]: Requested deletion of: C:\Users\Nathan\Documents\IntelliJava\Cyder\dynamic\backup\7d7ebb00-81fe-329f-8a78-62f463d0b7da_1647141326377.json
[21-15-33] [SYSTEM_IO]: [JSON Saved] User was written to file: 7d7ebb00-81fe-329f-8a78-62f463d0b7da\Userdata.json
[21-15-33] [OBJECT CREATED] Instance of cyder.user.User created
[21-15-33] [SYSTEM_IO]: Requested deletion of: C:\Users\Nathan\Documents\IntelliJava\Cyder\dynamic\backup\7d7ebb00-81fe-329f-8a78-62f463d0b7da_1647141330125.json
[21-15-37] [SYSTEM_IO]: [JSON Saved] User was written to file: 7d7ebb00-81fe-329f-8a78-62f463d0b7da\Userdata.json
[21-15-37] [OBJECT CREATED] Instance of cyder.user.User created
[21-15-37] [SYSTEM_IO]: Requested deletion of: C:\Users\Nathan\Documents\IntelliJava\Cyder\dynamic\backup\7d7ebb00-81fe-329f-8a78-62f463d0b7da_1647141333869.json
[21-15-41] [SYSTEM_IO]: [JSON Saved] User was written to file: 7d7ebb00-81fe-329f-8a78-62f463d0b7da\Userdata.json
[21-15-41] [OBJECT CREATED] Instance of cyder.user.User created
[21-15-41] [SYSTEM_IO]: Requested deletion of: C:\Users\Nathan\Documents\IntelliJava\Cyder\dynamic\backup\7d7ebb00-81fe-329f-8a78-62f463d0b7da_1647141337605.json
[21-15-45] [SYSTEM_IO]: [JSON Saved] User was written to file: 7d7ebb00-81fe-329f-8a78-62f463d0b7da\Userdata.json
[21-15-45] [OBJECT CREATED] Instance of cyder.user.User created
[21-15-45] [SYSTEM_IO]: Requested deletion of: C:\Users\Nathan\Documents\IntelliJava\Cyder\dynamic\backup\7d7ebb00-81fe-329f-8a78-62f463d0b7da_1647141341386.json
[21-15-48] [SYSTEM_IO]: [JSON Saved] User was written to file: 7d7ebb00-81fe-329f-8a78-62f463d0b7da\Userdata.json
[21-15-48] [OBJECT CREATED] Instance of cyder.user.User created
[21-15-48] [SYSTEM_IO]: Requested deletion of: C:\Users\Nathan\Documents\IntelliJava\Cyder\dynamic\backup\7d7ebb00-81fe-329f-8a78-62f463d0b7da_1647141345134.json
[21-15-52] [SYSTEM_IO]: [JSON Saved] User was written to file: 7d7ebb00-81fe-329f-8a78-62f463d0b7da\Userdata.json
[21-15-52] [OBJECT CREATED] Instance of cyder.user.User created
[21-15-52] [SYSTEM_IO]: Requested deletion of: C:\Users\Nathan\Documents\IntelliJava\Cyder\dynamic\backup\7d7ebb00-81fe-329f-8a78-62f463d0b7da_1647141348876.json
[21-15-56] [SYSTEM_IO]: [JSON Saved] User was written to file: 7d7ebb00-81fe-329f-8a78-62f463d0b7da\Userdata.json
[21-15-56] [OBJECT CREATED] Instance of cyder.user.User created
[21-15-56] [SYSTEM_IO]: Requested deletion of: C:\Users\Nathan\Documents\IntelliJava\Cyder\dynamic\backup\7d7ebb00-81fe-329f-8a78-62f463d0b7da_1647141352619.json
[21-16-00] [SYSTEM_IO]: [JSON Saved] User was written to file: 7d7ebb00-81fe-329f-8a78-62f463d0b7da\Userdata.json
[21-16-00] [OBJECT CREATED] Instance of cyder.user.User created
[21-16-00] [SYSTEM_IO]: Requested deletion of: C:\Users\Nathan\Documents\IntelliJava\Cyder\dynamic\backup\7d7ebb00-81fe-329f-8a78-62f463d0b7da_1647141356361.json
[21-16-03] [SYSTEM_IO]: [JSON Saved] User was written to file: 7d7ebb00-81fe-329f-8a78-62f463d0b7da\Userdata.json
[21-16-03] [OBJECT CREATED] Instance of cyder.user.User created
[21-16-03] [SYSTEM_IO]: Requested deletion of: C:\Users\Nathan\Documents\IntelliJava\Cyder\dynamic\backup\7d7ebb00-81fe-329f-8a78-62f463d0b7da_1647141360112.json
[21-16-07] [SYSTEM_IO]: [JSON Saved] User was written to file: 7d7ebb00-81fe-329f-8a78-62f463d0b7da\Userdata.json
[21-16-07] [OBJECT CREATED] Instance of cyder.user.User created
[21-16-07] [SYSTEM_IO]: Requested deletion of: C:\Users\Nathan\Documents\IntelliJava\Cyder\dynamic\backup\7d7ebb00-81fe-329f-8a78-62f463d0b7da_1647141363857.json
[21-16-11] [SYSTEM_IO]: [JSON Saved] User was written to file: 7d7ebb00-81fe-329f-8a78-62f463d0b7da\Userdata.json
[21-16-11] [OBJECT CREATED] Instance of cyder.user.User created
[21-16-11] [SYSTEM_IO]: Requested deletion of: C:\Users\Nathan\Documents\IntelliJava\Cyder\dynamic\backup\7d7ebb00-81fe-329f-8a78-62f463d0b7da_1647141367605.json
[21-16-15] [SYSTEM_IO]: [JSON Saved] User was written to file: 7d7ebb00-81fe-329f-8a78-62f463d0b7da\Userdata.json
[21-16-15] [OBJECT CREATED] Instance of cyder.user.User created
[21-16-15] [SYSTEM_IO]: Requested deletion of: C:\Users\Nathan\Documents\IntelliJava\Cyder\dynamic\backup\7d7ebb00-81fe-329f-8a78-62f463d0b7da_1647141371351.json
[21-16-18] [SYSTEM_IO]: [JSON Saved] User was written to file: 7d7ebb00-81fe-329f-8a78-62f463d0b7da\Userdata.json
[21-16-18] [OBJECT CREATED] Instance of cyder.user.User created
[21-16-18] [SYSTEM_IO]: Requested deletion of: C:\Users\Nathan\Documents\IntelliJava\Cyder\dynamic\backup\7d7ebb00-81fe-329f-8a78-62f463d0b7da_1647141375090.json
[21-16-22] [SYSTEM_IO]: [JSON Saved] User was written to file: 7d7ebb00-81fe-329f-8a78-62f463d0b7da\Userdata.json
[21-16-22] [OBJECT CREATED] Instance of cyder.user.User created
[21-16-22] [SYSTEM_IO]: Requested deletion of: C:\Users\Nathan\Documents\IntelliJava\Cyder\dynamic\backup\7d7ebb00-81fe-329f-8a78-62f463d0b7da_1647141378847.json
[21-16-26] [SYSTEM_IO]: [JSON Saved] User was written to file: 7d7ebb00-81fe-329f-8a78-62f463d0b7da\Userdata.json
[21-16-26] [OBJECT CREATED] Instance of cyder.user.User created
[21-16-26] [SYSTEM_IO]: Requested deletion of: C:\Users\Nathan\Documents\IntelliJava\Cyder\dynamic\backup\7d7ebb00-81fe-329f-8a78-62f463d0b7da_1647141382589.json
[21-16-30] [SYSTEM_IO]: [JSON Saved] User was written to file: 7d7ebb00-81fe-329f-8a78-62f463d0b7da\Userdata.json
[21-16-30] [OBJECT CREATED] Instance of cyder.user.User created
[21-16-30] [SYSTEM_IO]: Requested deletion of: C:\Users\Nathan\Documents\IntelliJava\Cyder\dynamic\backup\7d7ebb00-81fe-329f-8a78-62f463d0b7da_1647141386346.json
[21-16-33] [SYSTEM_IO]: [JSON Saved] User was written to file: 7d7ebb00-81fe-329f-8a78-62f463d0b7da\Userdata.json
[21-16-33] [OBJECT CREATED] Instance of cyder.user.User created
[21-16-33] [SYSTEM_IO]: Requested deletion of: C:\Users\Nathan\Documents\IntelliJava\Cyder\dynamic\backup\7d7ebb00-81fe-329f-8a78-62f463d0b7da_1647141390094.json
[21-16-37] [SYSTEM_IO]: [JSON Saved] User was written to file: 7d7ebb00-81fe-329f-8a78-62f463d0b7da\Userdata.json
[21-16-37] [OBJECT CREATED] Instance of cyder.user.User created
[21-16-37] [SYSTEM_IO]: Requested deletion of: C:\Users\Nathan\Documents\IntelliJava\Cyder\dynamic\backup\7d7ebb00-81fe-329f-8a78-62f463d0b7da_1647141393843.json
[21-16-41] [SYSTEM_IO]: [JSON Saved] User was written to file: 7d7ebb00-81fe-329f-8a78-62f463d0b7da\Userdata.json
[21-16-41] [OBJECT CREATED] Instance of cyder.user.User created
[21-16-41] [SYSTEM_IO]: Requested deletion of: C:\Users\Nathan\Documents\IntelliJava\Cyder\dynamic\backup\7d7ebb00-81fe-329f-8a78-62f463d0b7da_1647141397584.json
[21-16-45] [SYSTEM_IO]: [JSON Saved] User was written to file: 7d7ebb00-81fe-329f-8a78-62f463d0b7da\Userdata.json
[21-16-45] [OBJECT CREATED] Instance of cyder.user.User created
[21-16-45] [SYSTEM_IO]: Requested deletion of: C:\Users\Nathan\Documents\IntelliJava\Cyder\dynamic\backup\7d7ebb00-81fe-329f-8a78-62f463d0b7da_1647141401329.json
[21-16-48] [SYSTEM_IO]: [JSON Saved] User was written to file: 7d7ebb00-81fe-329f-8a78-62f463d0b7da\Userdata.json
[21-16-48] [OBJECT CREATED] Instance of cyder.user.User created
[21-16-48] [SYSTEM_IO]: Requested deletion of: C:\Users\Nathan\Documents\IntelliJava\Cyder\dynamic\backup\7d7ebb00-81fe-329f-8a78-62f463d0b7da_1647141405089.json
[21-16-52] [SYSTEM_IO]: [JSON Saved] User was written to file: 7d7ebb00-81fe-329f-8a78-62f463d0b7da\Userdata.json
[21-16-52] [OBJECT CREATED] Instance of cyder.user.User created
[21-16-52] [SYSTEM_IO]: Requested deletion of: C:\Users\Nathan\Documents\IntelliJava\Cyder\dynamic\backup\7d7ebb00-81fe-329f-8a78-62f463d0b7da_1647141408825.json
[21-16-56] [SYSTEM_IO]: [JSON Saved] User was written to file: 7d7ebb00-81fe-329f-8a78-62f463d0b7da\Userdata.json
[21-16-56] [OBJECT CREATED] Instance of cyder.user.User created
[21-16-56] [SYSTEM_IO]: Requested deletion of: C:\Users\Nathan\Documents\IntelliJava\Cyder\dynamic\backup\7d7ebb00-81fe-329f-8a78-62f463d0b7da_1647141412563.json
[21-17-00] [SYSTEM_IO]: [JSON Saved] User was written to file: 7d7ebb00-81fe-329f-8a78-62f463d0b7da\Userdata.json
[21-17-00] [OBJECT CREATED] Instance of cyder.user.User created
[21-17-00] [SYSTEM_IO]: Requested deletion of: C:\Users\Nathan\Documents\IntelliJava\Cyder\dynamic\backup\7d7ebb00-81fe-329f-8a78-62f463d0b7da_1647141416317.json
[21-17-03] [SYSTEM_IO]: [JSON Saved] User was written to file: 7d7ebb00-81fe-329f-8a78-62f463d0b7da\Userdata.json
[21-17-03] [OBJECT CREATED] Instance of cyder.user.User created
[21-17-03] [SYSTEM_IO]: Requested deletion of: C:\Users\Nathan\Documents\IntelliJava\Cyder\dynamic\backup\7d7ebb00-81fe-329f-8a78-62f463d0b7da_1647141420067.json
[21-17-07] [SYSTEM_IO]: [JSON Saved] User was written to file: 7d7ebb00-81fe-329f-8a78-62f463d0b7da\Userdata.json
[21-17-07] [OBJECT CREATED] Instance of cyder.user.User created
[21-17-07] [SYSTEM_IO]: Requested deletion of: C:\Users\Nathan\Documents\IntelliJava\Cyder\dynamic\backup\7d7ebb00-81fe-329f-8a78-62f463d0b7da_1647141423801.json
[21-17-11] [SYSTEM_IO]: [JSON Saved] User was written to file: 7d7ebb00-81fe-329f-8a78-62f463d0b7da\Userdata.json
[21-17-11] [OBJECT CREATED] Instance of cyder.user.User created
[21-17-11] [SYSTEM_IO]: Requested deletion of: C:\Users\Nathan\Documents\IntelliJava\Cyder\dynamic\backup\7d7ebb00-81fe-329f-8a78-62f463d0b7da_1647141427544.json
[21-18-19] [EOL]: Log completed, Cyder crashed unexpectedly: exit code: -9 External Stop, exceptions thrown: 0
