[23-23-42] [THREAD STARTED]: Object Creation Logger
[23-23-43] [ENTRY]: [Nathan]
[23-23-43] [THREAD STARTED]: Singular Cyder Instance Ensurer
[23-23-43] [THREAD STARTED]: Splash Loader
[23-23-44] [THREAD STARTED]: Splash Animation
[23-23-44] [THREAD STARTED]: Cyder Start Secondary Subroutines
[23-23-44] [LOGIN]: [AUTOCYPHER ATTEMPT]
[23-23-44] [THREAD STARTED]: JVM Logger
[23-23-44] [SYSTEM_IO]: Requested deletion of: C:\Users\Nathan\Documents\IntelliJava\Cyder\dynamic\tmp
[23-23-44] [SYSTEM_IO]: [DELETION FAILED] C:\Users\Nathan\Documents\IntelliJava\Cyder\dynamic\tmp
[23-23-44] [SYSTEM_IO]: [JSON Saved] User was written to file: 7d7ebb00-81fe-329f-8a78-62f463d0b7da\Userdata.json
[23-23-44] [SYSTEM_IO]: Requested deletion of: C:\Users\Nathan\Documents\IntelliJava\Cyder\dynamic\backup\7d7ebb00-81fe-329f-8a78-62f463d0b7da_1647148986979.json
[23-23-44] [LOGIN]: [[AUTOCYPHER PASS]: 7d7ebb00-81fe-329f-8a78-62f463d0b7da]
[23-23-44] [SYSTEM_IO]: [JSON Saved] User was written to file: 7d7ebb00-81fe-329f-8a78-62f463d0b7da\Userdata.json
[23-23-44] [SYSTEM_IO]: Requested deletion of: C:\Users\Nathan\Documents\IntelliJava\Cyder\dynamic\backup\7d7ebb00-81fe-329f-8a78-62f463d0b7da_1647149024567.json
[23-23-44] [SYSTEM_IO]: Userdata requested: RandomBackground
[23-23-44] [SYSTEM_IO]: Userdata requested: FullScreen
[23-23-44] [SYSTEM_IO]: Userdata requested: fullscreen
[23-23-44] [SYSTEM_IO]: Userdata requested: FullScreen [2x]
[23-23-45] [THREAD STARTED]: Console Printing Animation
[23-23-45] [SYSTEM_IO]: Userdata requested: OutputBorder
[23-23-45] [SYSTEM_IO]: Userdata requested: FullScreen
[23-23-45] [SYSTEM_IO]: Userdata requested: InputBorder
[23-23-45] [THREAD STARTED]: Console Input Caret Position Updater
[23-23-45] [SYSTEM_IO]: Userdata requested: OutputFill
[23-23-45] [SYSTEM_IO]: Userdata requested: InputFill
[23-23-45] [THREAD STARTED]: High Ping Checker
[23-23-45] [THREAD STARTED]: Hourly Chime Checker
[23-23-45] [THREAD STARTED]: Console Clock Updater
[23-23-45] [THREAD STARTED]: Cyder Busy Checker
[23-23-45] [THREAD STARTED]: ConsoleFrame Stat Saver
[23-23-45] [UI ACTION] Console loaded in 2353ms
[23-23-45] [THREAD STARTED]: Component name = [cyder.ui.ConsoleFrame], bounds = [(447, 453, 707, 744)], hash = [1398260359], parentFrame = [Object itself is the top level frame], associated text = [No getText() method found], tooltip text = [No getTooltipText() method found], title = [Insomnia Cyder [Nathan]] notification queue checker
[23-23-45] [THREAD STARTED]: Cyder Splash CyderFrame dispose thread
[23-23-45] [UI ACTION] CyderFrame disposed with fastclose: true, CyderFrame: Component name = [cyder.ui.CyderFrame], bounds = [(980, 396, 600, 600)], hash = [196674082], parentFrame = [Object itself is the top level frame], associated text = [No getText() method found], tooltip text = [No getTooltipText() method found], title = [Cyder Splash]
[23-23-45] [SYSTEM_IO]: Userdata requested: DebugWindows
[23-23-45] [ENTRY]: [TESTING MODE]
[23-23-45] [SYSTEM_IO]: Userdata requested: laststart
[23-23-45] [SYSTEM_IO]: [JSON Saved] User was written to file: 7d7ebb00-81fe-329f-8a78-62f463d0b7da\Userdata.json
[23-23-45] [SYSTEM_IO]: Requested deletion of: C:\Users\Nathan\Documents\IntelliJava\Cyder\dynamic\backup\7d7ebb00-81fe-329f-8a78-62f463d0b7da_1647149024921.json
[23-23-45] [UI ACTION] [Insomnia Cyder [Nathan]] [NOTIFICATION] w = 287, h = 29, text = <html>Console loaded in 2353ms</html>
[23-23-45] [THREAD STARTED]: notification appear animation
[23-23-45] [SYSTEM_IO]: Userdata requested: persistentnotifications
[23-23-45] [THREAD STARTED]: Notificaiton Vanish Animator
[23-23-45] [OBJECT CREATION]: Objects created since last delta: 96
[23-23-48] [SYSTEM_IO]: [JSON Saved] User was written to file: 7d7ebb00-81fe-329f-8a78-62f463d0b7da\Userdata.json
[23-23-48] [SYSTEM_IO]: Requested deletion of: C:\Users\Nathan\Documents\IntelliJava\Cyder\dynamic\backup\7d7ebb00-81fe-329f-8a78-62f463d0b7da_1647149025164.json
[23-23-50] [CLIENT]: paint
[23-23-50] [SYSTEM_IO]: Userdata requested: filterchat
[23-23-50] [CONSOLE_OUT]: [STRING] Opening widget: PaintWidget
[23-23-50] [WIDGET OPENED]: PaintWidget, trigger = paint, triggers = [paint, draw, ]
[23-23-50] [HANDLE]: PRIMARY HANDLE
[23-23-50] [OBJECT CREATION]: Objects created since last delta: 63
[23-23-51] [SYSTEM_IO]: [JSON Saved] User was written to file: 7d7ebb00-81fe-329f-8a78-62f463d0b7da\Userdata.json
[23-23-51] [SYSTEM_IO]: Requested deletion of: C:\Users\Nathan\Documents\IntelliJava\Cyder\dynamic\backup\7d7ebb00-81fe-329f-8a78-62f463d0b7da_1647149028056.json
[23-23-55] [SYSTEM_IO]: [JSON Saved] User was written to file: 7d7ebb00-81fe-329f-8a78-62f463d0b7da\Userdata.json
[23-23-55] [SYSTEM_IO]: Requested deletion of: C:\Users\Nathan\Documents\IntelliJava\Cyder\dynamic\backup\7d7ebb00-81fe-329f-8a78-62f463d0b7da_1647149031700.json
[23-23-55] [OBJECT CREATION]: Objects created since last delta: 13
[23-23-59] [SYSTEM_IO]: [JSON Saved] User was written to file: 7d7ebb00-81fe-329f-8a78-62f463d0b7da\Userdata.json
[23-23-59] [SYSTEM_IO]: Requested deletion of: C:\Users\Nathan\Documents\IntelliJava\Cyder\dynamic\backup\7d7ebb00-81fe-329f-8a78-62f463d0b7da_1647149035462.json
[23-24-00] [OBJECT CREATION]: Objects created since last delta: 1
[23-24-03] [SYSTEM_IO]: [JSON Saved] User was written to file: 7d7ebb00-81fe-329f-8a78-62f463d0b7da\Userdata.json
[23-24-03] [SYSTEM_IO]: Requested deletion of: C:\Users\Nathan\Documents\IntelliJava\Cyder\dynamic\backup\7d7ebb00-81fe-329f-8a78-62f463d0b7da_1647149039238.json
[23-24-05] [OBJECT CREATION]: Objects created since last delta: 1
[23-24-06] [SYSTEM_IO]: [JSON Saved] User was written to file: 7d7ebb00-81fe-329f-8a78-62f463d0b7da\Userdata.json
[23-24-06] [SYSTEM_IO]: Requested deletion of: C:\Users\Nathan\Documents\IntelliJava\Cyder\dynamic\backup\7d7ebb00-81fe-329f-8a78-62f463d0b7da_1647149043019.json
[23-24-10] [SYSTEM_IO]: [JSON Saved] User was written to file: 7d7ebb00-81fe-329f-8a78-62f463d0b7da\Userdata.json
[23-24-10] [SYSTEM_IO]: Requested deletion of: C:\Users\Nathan\Documents\IntelliJava\Cyder\dynamic\backup\7d7ebb00-81fe-329f-8a78-62f463d0b7da_1647149046777.json
[23-24-10] [OBJECT CREATION]: Objects created since last delta: 2
[23-24-14] [SYSTEM_IO]: [JSON Saved] User was written to file: 7d7ebb00-81fe-329f-8a78-62f463d0b7da\Userdata.json
[23-24-14] [SYSTEM_IO]: Requested deletion of: C:\Users\Nathan\Documents\IntelliJava\Cyder\dynamic\backup\7d7ebb00-81fe-329f-8a78-62f463d0b7da_1647149050529.json
[23-24-15] [OBJECT CREATION]: Objects created since last delta: 1
[23-24-18] [SYSTEM_IO]: [JSON Saved] User was written to file: 7d7ebb00-81fe-329f-8a78-62f463d0b7da\Userdata.json
[23-24-18] [SYSTEM_IO]: Requested deletion of: C:\Users\Nathan\Documents\IntelliJava\Cyder\dynamic\backup\7d7ebb00-81fe-329f-8a78-62f463d0b7da_1647149054286.json
[23-24-20] [OBJECT CREATION]: Objects created since last delta: 1
[23-24-21] [SYSTEM_IO]: [JSON Saved] User was written to file: 7d7ebb00-81fe-329f-8a78-62f463d0b7da\Userdata.json
[23-24-21] [SYSTEM_IO]: Requested deletion of: C:\Users\Nathan\Documents\IntelliJava\Cyder\dynamic\backup\7d7ebb00-81fe-329f-8a78-62f463d0b7da_1647149058060.json
[23-24-25] [SYSTEM_IO]: [JSON Saved] User was written to file: 7d7ebb00-81fe-329f-8a78-62f463d0b7da\Userdata.json
[23-24-25] [SYSTEM_IO]: Requested deletion of: C:\Users\Nathan\Documents\IntelliJava\Cyder\dynamic\backup\7d7ebb00-81fe-329f-8a78-62f463d0b7da_1647149061805.json
[23-24-25] [OBJECT CREATION]: Objects created since last delta: 2
[23-24-29] [SYSTEM_IO]: [JSON Saved] User was written to file: 7d7ebb00-81fe-329f-8a78-62f463d0b7da\Userdata.json
[23-24-29] [SYSTEM_IO]: Requested deletion of: C:\Users\Nathan\Documents\IntelliJava\Cyder\dynamic\backup\7d7ebb00-81fe-329f-8a78-62f463d0b7da_1647149065587.json
[23-24-30] [OBJECT CREATION]: Objects created since last delta: 1
[23-24-33] [SYSTEM_IO]: [JSON Saved] User was written to file: 7d7ebb00-81fe-329f-8a78-62f463d0b7da\Userdata.json
[23-24-33] [SYSTEM_IO]: Requested deletion of: C:\Users\Nathan\Documents\IntelliJava\Cyder\dynamic\backup\7d7ebb00-81fe-329f-8a78-62f463d0b7da_1647149069360.json
[23-24-35] [OBJECT CREATION]: Objects created since last delta: 1
[23-24-36] [SYSTEM_IO]: [JSON Saved] User was written to file: 7d7ebb00-81fe-329f-8a78-62f463d0b7da\Userdata.json
[23-24-36] [SYSTEM_IO]: Requested deletion of: C:\Users\Nathan\Documents\IntelliJava\Cyder\dynamic\backup\7d7ebb00-81fe-329f-8a78-62f463d0b7da_1647149073121.json
[23-24-40] [SYSTEM_IO]: [JSON Saved] User was written to file: 7d7ebb00-81fe-329f-8a78-62f463d0b7da\Userdata.json
[23-24-40] [SYSTEM_IO]: Requested deletion of: C:\Users\Nathan\Documents\IntelliJava\Cyder\dynamic\backup\7d7ebb00-81fe-329f-8a78-62f463d0b7da_1647149076885.json
[23-24-40] [OBJECT CREATION]: Objects created since last delta: 2
[23-24-44] [SYSTEM_IO]: [JSON Saved] User was written to file: 7d7ebb00-81fe-329f-8a78-62f463d0b7da\Userdata.json
[23-24-44] [SYSTEM_IO]: Requested deletion of: C:\Users\Nathan\Documents\IntelliJava\Cyder\dynamic\backup\7d7ebb00-81fe-329f-8a78-62f463d0b7da_1647149080639.json
[23-24-45] [OBJECT CREATION]: Objects created since last delta: 1
[23-24-48] [SYSTEM_IO]: [JSON Saved] User was written to file: 7d7ebb00-81fe-329f-8a78-62f463d0b7da\Userdata.json
[23-24-48] [SYSTEM_IO]: Requested deletion of: C:\Users\Nathan\Documents\IntelliJava\Cyder\dynamic\backup\7d7ebb00-81fe-329f-8a78-62f463d0b7da_1647149084399.json
[23-24-50] [OBJECT CREATION]: Objects created since last delta: 1
[23-24-51] [SYSTEM_IO]: [JSON Saved] User was written to file: 7d7ebb00-81fe-329f-8a78-62f463d0b7da\Userdata.json
[23-24-51] [SYSTEM_IO]: Requested deletion of: C:\Users\Nathan\Documents\IntelliJava\Cyder\dynamic\backup\7d7ebb00-81fe-329f-8a78-62f463d0b7da_1647149088158.json
[23-24-55] [SYSTEM_IO]: [JSON Saved] User was written to file: 7d7ebb00-81fe-329f-8a78-62f463d0b7da\Userdata.json
[23-24-55] [SYSTEM_IO]: Requested deletion of: C:\Users\Nathan\Documents\IntelliJava\Cyder\dynamic\backup\7d7ebb00-81fe-329f-8a78-62f463d0b7da_1647149091900.json
[23-24-56] [OBJECT CREATION]: Objects created since last delta: 2
[23-24-59] [SYSTEM_IO]: [JSON Saved] User was written to file: 7d7ebb00-81fe-329f-8a78-62f463d0b7da\Userdata.json
[23-24-59] [SYSTEM_IO]: Requested deletion of: C:\Users\Nathan\Documents\IntelliJava\Cyder\dynamic\backup\7d7ebb00-81fe-329f-8a78-62f463d0b7da_1647149095665.json
[23-25-01] [OBJECT CREATION]: Objects created since last delta: 1
[23-25-03] [SYSTEM_IO]: [JSON Saved] User was written to file: 7d7ebb00-81fe-329f-8a78-62f463d0b7da\Userdata.json
[23-25-03] [SYSTEM_IO]: Requested deletion of: C:\Users\Nathan\Documents\IntelliJava\Cyder\dynamic\backup\7d7ebb00-81fe-329f-8a78-62f463d0b7da_1647149099432.json
[23-25-06] [OBJECT CREATION]: Objects created since last delta: 1
[23-25-06] [SYSTEM_IO]: [JSON Saved] User was written to file: 7d7ebb00-81fe-329f-8a78-62f463d0b7da\Userdata.json
[23-25-06] [SYSTEM_IO]: Requested deletion of: C:\Users\Nathan\Documents\IntelliJava\Cyder\dynamic\backup\7d7ebb00-81fe-329f-8a78-62f463d0b7da_1647149103190.json
[23-25-10] [SYSTEM_IO]: [JSON Saved] User was written to file: 7d7ebb00-81fe-329f-8a78-62f463d0b7da\Userdata.json
[23-25-10] [SYSTEM_IO]: Requested deletion of: C:\Users\Nathan\Documents\IntelliJava\Cyder\dynamic\backup\7d7ebb00-81fe-329f-8a78-62f463d0b7da_1647149106943.json
[23-25-11] [OBJECT CREATION]: Objects created since last delta: 2
[23-25-14] [SYSTEM_IO]: [JSON Saved] User was written to file: 7d7ebb00-81fe-329f-8a78-62f463d0b7da\Userdata.json
[23-25-14] [SYSTEM_IO]: Requested deletion of: C:\Users\Nathan\Documents\IntelliJava\Cyder\dynamic\backup\7d7ebb00-81fe-329f-8a78-62f463d0b7da_1647149110696.json
[23-25-16] [OBJECT CREATION]: Objects created since last delta: 1
[23-25-18] [SYSTEM_IO]: [JSON Saved] User was written to file: 7d7ebb00-81fe-329f-8a78-62f463d0b7da\Userdata.json
[23-25-18] [SYSTEM_IO]: Requested deletion of: C:\Users\Nathan\Documents\IntelliJava\Cyder\dynamic\backup\7d7ebb00-81fe-329f-8a78-62f463d0b7da_1647149114463.json
[23-25-21] [OBJECT CREATION]: Objects created since last delta: 1
[23-25-21] [SYSTEM_IO]: [JSON Saved] User was written to file: 7d7ebb00-81fe-329f-8a78-62f463d0b7da\Userdata.json
[23-25-21] [SYSTEM_IO]: Requested deletion of: C:\Users\Nathan\Documents\IntelliJava\Cyder\dynamic\backup\7d7ebb00-81fe-329f-8a78-62f463d0b7da_1647149118223.json
[23-25-25] [SYSTEM_IO]: [JSON Saved] User was written to file: 7d7ebb00-81fe-329f-8a78-62f463d0b7da\Userdata.json
[23-25-25] [SYSTEM_IO]: Requested deletion of: C:\Users\Nathan\Documents\IntelliJava\Cyder\dynamic\backup\7d7ebb00-81fe-329f-8a78-62f463d0b7da_1647149121978.json
[23-25-26] [OBJECT CREATION]: Objects created since last delta: 2
[23-25-29] [SYSTEM_IO]: [JSON Saved] User was written to file: 7d7ebb00-81fe-329f-8a78-62f463d0b7da\Userdata.json
[23-25-29] [SYSTEM_IO]: Requested deletion of: C:\Users\Nathan\Documents\IntelliJava\Cyder\dynamic\backup\7d7ebb00-81fe-329f-8a78-62f463d0b7da_1647149125730.json
[23-25-31] [OBJECT CREATION]: Objects created since last delta: 1
[23-25-33] [SYSTEM_IO]: [JSON Saved] User was written to file: 7d7ebb00-81fe-329f-8a78-62f463d0b7da\Userdata.json
[23-25-33] [SYSTEM_IO]: Requested deletion of: C:\Users\Nathan\Documents\IntelliJava\Cyder\dynamic\backup\7d7ebb00-81fe-329f-8a78-62f463d0b7da_1647149129492.json
[23-25-36] [OBJECT CREATION]: Objects created since last delta: 1
[23-25-36] [SYSTEM_IO]: [JSON Saved] User was written to file: 7d7ebb00-81fe-329f-8a78-62f463d0b7da\Userdata.json
[23-25-37] [SYSTEM_IO]: Requested deletion of: C:\Users\Nathan\Documents\IntelliJava\Cyder\dynamic\backup\7d7ebb00-81fe-329f-8a78-62f463d0b7da_1647149133250.json
[23-25-40] [SYSTEM_IO]: [JSON Saved] User was written to file: 7d7ebb00-81fe-329f-8a78-62f463d0b7da\Userdata.json
[23-25-40] [SYSTEM_IO]: Requested deletion of: C:\Users\Nathan\Documents\IntelliJava\Cyder\dynamic\backup\7d7ebb00-81fe-329f-8a78-62f463d0b7da_1647149137001.json
[23-25-41] [OBJECT CREATION]: Objects created since last delta: 2
[23-25-44] [SYSTEM_IO]: [JSON Saved] User was written to file: 7d7ebb00-81fe-329f-8a78-62f463d0b7da\Userdata.json
[23-25-44] [SYSTEM_IO]: Requested deletion of: C:\Users\Nathan\Documents\IntelliJava\Cyder\dynamic\backup\7d7ebb00-81fe-329f-8a78-62f463d0b7da_1647149140757.json
[23-25-46] [OBJECT CREATION]: Objects created since last delta: 1
[23-25-48] [SYSTEM_IO]: [JSON Saved] User was written to file: 7d7ebb00-81fe-329f-8a78-62f463d0b7da\Userdata.json
[23-25-48] [SYSTEM_IO]: Requested deletion of: C:\Users\Nathan\Documents\IntelliJava\Cyder\dynamic\backup\7d7ebb00-81fe-329f-8a78-62f463d0b7da_1647149144511.json
[23-25-50] [SYSTEM_IO]: Userdata requested: minimizeonclose
[23-25-50] [THREAD STARTED]: Insomnia Cyder [Nathan] CyderFrame dispose thread
[23-25-50] [UI ACTION] CyderFrame disposed with fastclose: false, CyderFrame: Component name = [cyder.ui.ConsoleFrame], bounds = [(447, 453, 707, 744)], hash = [1398260359], parentFrame = [Object itself is the top level frame], associated text = [No getText() method found], tooltip text = [No getTooltipText() method found], title = [Insomnia Cyder [Nathan]]
[23-25-50] [SYSTEM_IO]: Userdata requested: closeanimation
[23-25-50] [EXIT]: [RUNTIME] 2m 7s
[23-25-50] [EOL]: Log completed, exiting Cyder with exit code: 0 [Genesis Controlled Exit], exceptions thrown: 0
