[23-42-44] [THREAD STARTED]: Object Creation Logger
[23-42-45] [ENTRY]: [Nathan]
[23-42-45] [THREAD STARTED]: Singular Cyder Instance Ensurer
[23-42-46] [THREAD STARTED]: Splash Loader
[23-42-46] [THREAD STARTED]: Splash Animation
[23-42-46] [THREAD STARTED]: Cyder Start Secondary Subroutines
[23-42-46] [LOGIN]: [AUTOCYPHER ATTEMPT]
[23-42-46] [THREAD STARTED]: JVM Logger
[23-42-46] [SYSTEM_IO]: Requested deletion of: C:\Users\Nathan\Documents\IntelliJava\Cyder\dynamic\tmp
[23-42-46] [SYSTEM_IO]: [DELETION FAILED] C:\Users\Nathan\Documents\IntelliJava\Cyder\dynamic\tmp
[23-42-46] [SYSTEM_IO]: [JSON Saved] User was written to file: 7d7ebb00-81fe-329f-8a78-62f463d0b7da\Userdata.json
[23-42-46] [SYSTEM_IO]: Requested deletion of: C:\Users\Nathan\Documents\IntelliJava\Cyder\dynamic\backup\7d7ebb00-81fe-329f-8a78-62f463d0b7da_1647150140605.json
[23-42-46] [LOGIN]: [[AUTOCYPHER PASS]: 7d7ebb00-81fe-329f-8a78-62f463d0b7da]
[23-42-47] [SYSTEM_IO]: [JSON Saved] User was written to file: 7d7ebb00-81fe-329f-8a78-62f463d0b7da\Userdata.json
[23-42-47] [SYSTEM_IO]: Requested deletion of: C:\Users\Nathan\Documents\IntelliJava\Cyder\dynamic\backup\7d7ebb00-81fe-329f-8a78-62f463d0b7da_1647150166683.json
[23-42-47] [SYSTEM_IO]: Userdata requested: RandomBackground
[23-42-47] [SYSTEM_IO]: Userdata requested: FullScreen
[23-42-47] [SYSTEM_IO]: Userdata requested: fullscreen
[23-42-47] [SYSTEM_IO]: Userdata requested: FullScreen [2x]
[23-42-47] [THREAD STARTED]: Console Printing Animation
[23-42-47] [SYSTEM_IO]: Userdata requested: OutputBorder
[23-42-47] [SYSTEM_IO]: Userdata requested: FullScreen
[23-42-47] [SYSTEM_IO]: Userdata requested: InputBorder
[23-42-47] [THREAD STARTED]: Console Input Caret Position Updater
[23-42-47] [SYSTEM_IO]: Userdata requested: OutputFill
[23-42-47] [SYSTEM_IO]: Userdata requested: InputFill
[23-42-47] [THREAD STARTED]: High Ping Checker
[23-42-47] [THREAD STARTED]: Hourly Chime Checker
[23-42-47] [THREAD STARTED]: Console Clock Updater
[23-42-47] [THREAD STARTED]: Cyder Busy Checker
[23-42-47] [THREAD STARTED]: ConsoleFrame Stat Saver
[23-42-47] [UI ACTION] Console loaded in 2416ms
[23-42-47] [THREAD STARTED]: Component name = [cyder.ui.ConsoleFrame], bounds = [(447, 453, 707, 744)], hash = [913242382], parentFrame = [Object itself is the top level frame], associated text = [No getText() method found], tooltip text = [No getTooltipText() method found], title = [Insomnia Cyder [Nathan]] notification queue checker
[23-42-47] [THREAD STARTED]: Cyder Splash CyderFrame dispose thread
[23-42-47] [UI ACTION] CyderFrame disposed with fastclose: true, CyderFrame: Component name = [cyder.ui.CyderFrame], bounds = [(980, 396, 600, 600)], hash = [2041313760], parentFrame = [Object itself is the top level frame], associated text = [No getText() method found], tooltip text = [No getTooltipText() method found], title = [Cyder Splash]
[23-42-47] [SYSTEM_IO]: Userdata requested: DebugWindows
[23-42-47] [ENTRY]: [TESTING MODE]
[23-42-47] [SYSTEM_IO]: Userdata requested: laststart
[23-42-47] [SYSTEM_IO]: [JSON Saved] User was written to file: 7d7ebb00-81fe-329f-8a78-62f463d0b7da\Userdata.json
[23-42-47] [SYSTEM_IO]: Requested deletion of: C:\Users\Nathan\Documents\IntelliJava\Cyder\dynamic\backup\7d7ebb00-81fe-329f-8a78-62f463d0b7da_1647150167021.json
[23-42-47] [UI ACTION] [Insomnia Cyder [Nathan]] [NOTIFICATION] w = 285, h = 29, text = <html>Console loaded in 2416ms</html>
[23-42-47] [THREAD STARTED]: notification appear animation
[23-42-47] [SYSTEM_IO]: Userdata requested: persistentnotifications
[23-42-47] [THREAD STARTED]: Notificaiton Vanish Animator
[23-42-47] [OBJECT CREATION]: Objects created since last delta: 96
[23-42-50] [SYSTEM_IO]: [JSON Saved] User was written to file: 7d7ebb00-81fe-329f-8a78-62f463d0b7da\Userdata.json
[23-42-50] [SYSTEM_IO]: Requested deletion of: C:\Users\Nathan\Documents\IntelliJava\Cyder\dynamic\backup\7d7ebb00-81fe-329f-8a78-62f463d0b7da_1647150167333.json
[23-42-52] [OBJECT CREATION]: Objects created since last delta: 2
[23-42-53] [CLIENT]: paint
[23-42-53] [SYSTEM_IO]: Userdata requested: filterchat
[23-42-53] [CONSOLE_OUT]: [STRING] Opening widget: PaintWidget
[23-42-53] [SYSTEM_IO]: [JSON Saved] User was written to file: 7d7ebb00-81fe-329f-8a78-62f463d0b7da\Userdata.json
[23-42-53] [SYSTEM_IO]: Requested deletion of: C:\Users\Nathan\Documents\IntelliJava\Cyder\dynamic\backup\7d7ebb00-81fe-329f-8a78-62f463d0b7da_1647150170171.json
[23-42-53] [WIDGET OPENED]: PaintWidget, trigger = paint, triggers = [paint, draw, ]
[23-42-53] [HANDLE]: PRIMARY HANDLE
[23-42-57] [SYSTEM_IO]: [JSON Saved] User was written to file: 7d7ebb00-81fe-329f-8a78-62f463d0b7da\Userdata.json
[23-42-57] [SYSTEM_IO]: Requested deletion of: C:\Users\Nathan\Documents\IntelliJava\Cyder\dynamic\backup\7d7ebb00-81fe-329f-8a78-62f463d0b7da_1647150173889.json
[23-42-57] [OBJECT CREATION]: Objects created since last delta: 64
[23-43-01] [SYSTEM_IO]: [JSON Saved] User was written to file: 7d7ebb00-81fe-329f-8a78-62f463d0b7da\Userdata.json
[23-43-01] [SYSTEM_IO]: Requested deletion of: C:\Users\Nathan\Documents\IntelliJava\Cyder\dynamic\backup\7d7ebb00-81fe-329f-8a78-62f463d0b7da_1647150177544.json
[23-43-02] [OBJECT CREATION]: Objects created since last delta: 1
[23-43-05] [SYSTEM_IO]: [JSON Saved] User was written to file: 7d7ebb00-81fe-329f-8a78-62f463d0b7da\Userdata.json
[23-43-05] [SYSTEM_IO]: Requested deletion of: C:\Users\Nathan\Documents\IntelliJava\Cyder\dynamic\backup\7d7ebb00-81fe-329f-8a78-62f463d0b7da_1647150181306.json
[23-43-07] [OBJECT CREATION]: Objects created since last delta: 1
[23-43-08] [SYSTEM_IO]: [JSON Saved] User was written to file: 7d7ebb00-81fe-329f-8a78-62f463d0b7da\Userdata.json
[23-43-08] [SYSTEM_IO]: Requested deletion of: C:\Users\Nathan\Documents\IntelliJava\Cyder\dynamic\backup\7d7ebb00-81fe-329f-8a78-62f463d0b7da_1647150185084.json
[23-43-12] [SYSTEM_IO]: [JSON Saved] User was written to file: 7d7ebb00-81fe-329f-8a78-62f463d0b7da\Userdata.json
[23-43-12] [SYSTEM_IO]: Requested deletion of: C:\Users\Nathan\Documents\IntelliJava\Cyder\dynamic\backup\7d7ebb00-81fe-329f-8a78-62f463d0b7da_1647150188889.json
[23-43-12] [OBJECT CREATION]: Objects created since last delta: 2
[23-43-16] [SYSTEM_IO]: [JSON Saved] User was written to file: 7d7ebb00-81fe-329f-8a78-62f463d0b7da\Userdata.json
[23-43-16] [SYSTEM_IO]: Requested deletion of: C:\Users\Nathan\Documents\IntelliJava\Cyder\dynamic\backup\7d7ebb00-81fe-329f-8a78-62f463d0b7da_1647150192641.json
[23-43-18] [OBJECT CREATION]: Objects created since last delta: 1
[23-43-20] [SYSTEM_IO]: [JSON Saved] User was written to file: 7d7ebb00-81fe-329f-8a78-62f463d0b7da\Userdata.json
[23-43-20] [SYSTEM_IO]: Requested deletion of: C:\Users\Nathan\Documents\IntelliJava\Cyder\dynamic\backup\7d7ebb00-81fe-329f-8a78-62f463d0b7da_1647150196423.json
[23-43-23] [OBJECT CREATION]: Objects created since last delta: 1
[23-43-23] [SYSTEM_IO]: [JSON Saved] User was written to file: 7d7ebb00-81fe-329f-8a78-62f463d0b7da\Userdata.json
[23-43-23] [SYSTEM_IO]: Requested deletion of: C:\Users\Nathan\Documents\IntelliJava\Cyder\dynamic\backup\7d7ebb00-81fe-329f-8a78-62f463d0b7da_1647150200205.json
[23-43-49] [EOL]: Log completed, Cyder crashed unexpectedly: exit code: -9 External Stop, exceptions thrown: 0
