[00-08-58] [ENTRY]: [Nathan]
[00-08-58] [SYSTEM_IO]: System data pared in IOUtil's static block
[00-09-00] [LOGIN]: [AUTOCYPHER ATTEMPT]
[00-09-00] [JAVA ARGS]: [LOCATION] [La casa de Nathan]
[00-09-00] [LOGIN]: [AUTOCYPHER PASS, e5a50641-21d1-3654-b738-c0e4b2dc61b1]
[00-09-00] [SYSTEM_IO]: Userdata requested: Name
[00-09-01] [SYSTEM_IO]: Userdata requested: RandomBackground
[00-09-01] [SYSTEM_IO]: Userdata requested: FullScreen
[00-09-01] [SYSTEM_IO]: Userdata requested: Name
[00-09-01] [SYSTEM_IO]: Userdata requested: Foreground
[00-09-01] [SYSTEM_IO]: Userdata requested: Foreground
[00-09-01] [SYSTEM_IO]: Userdata requested: FullScreen
[00-09-02] [SYSTEM_IO]: Userdata requested: FullScreen
[00-09-02] [SYSTEM_IO]: Userdata requested: Foreground
[00-09-02] [SYSTEM_IO]: Userdata requested: Font
[00-09-02] [SYSTEM_IO]: Userdata requested: OutputBorder
[00-09-02] [SYSTEM_IO]: Userdata requested: FullScreen
[00-09-02] [SYSTEM_IO]: Userdata requested: InputBorder
[00-09-02] [SYSTEM_IO]: Userdata requested: Foreground
[00-09-02] [SYSTEM_IO]: Userdata requested: Foreground
[00-09-02] [SYSTEM_IO]: Userdata requested: Foreground
[00-09-02] [SYSTEM_IO]: Userdata requested: Font
[00-09-02] [SYSTEM_IO]: Userdata requested: OutputFill
[00-09-02] [SYSTEM_IO]: Userdata requested: InputFill
[00-09-02] [SYSTEM_IO]: Userdata requested: consolepinned
[00-09-02] [SYSTEM_IO]: Userdata requested: consolepinned
[00-09-02] [ACTION]: CyderFrame disposed with fastclose: true, CyderFrame: Component name = [cyder.ui.CyderFrame], bounds = [(980, 378, 600, 600)], hash = [1545219122], parentFrame = [No associated frame], associated text = [No getText() method found], tooltip text = [No getTooltipText() method found]
[00-09-02] [ACTION]: Console loaded in 4251ms
[00-09-02] [SYSTEM_IO]: Userdata requested: windowlocx
[00-09-02] [SYSTEM_IO]: Userdata requested: windowlocy
[00-09-02] [SYSTEM_IO]: Userdata requested: DebugWindows
[00-09-02] [ENTRY]: [TESTING MODE]
[00-09-02] [SYSTEM_IO]: Userdata requested: laststart
[00-09-02] [SYSTEM_IO]: Userdata requested: IntroMusic
[00-09-02] [ACTION]: [Stellar Cyder [Nathan]] [NOTIFICATION] Console loaded in 4251ms
[00-09-02] [SYSTEM_IO]: Userdata requested: persistentnotifications
[00-09-10] [SYSTEM_IO]: Userdata requested: Background
[00-09-13] [CLIENT]: closeanimation
[00-09-13] [SYSTEM_IO]: Userdata requested: closeanimation
[00-09-13] [CONSOLE_OUT]: [STRING] Close Animation set to true
[00-09-13] [SYSTEM_IO]: Userdata requested: OutputBorder
[00-09-13] [SYSTEM_IO]: Userdata requested: InputBorder
[00-09-13] [SYSTEM_IO]: Userdata requested: FullScreen
[00-09-13] [SYSTEM_IO]: Userdata requested: FullScreen
[00-09-13] [SYSTEM_IO]: Userdata requested: ClockOnConsole
[00-09-13] [SYSTEM_IO]: Userdata requested: OutputFill
[00-09-13] [SYSTEM_IO]: Userdata requested: InputFill
[00-09-13] [ACTION]: CONSOLE PREFERENCE TOGGLE HANDLED
[00-09-14] [SYSTEM_IO]: Userdata requested: minimizeonclose
[00-09-14] [SYSTEM_IO]: Userdata requested: Name
[00-09-14] [LOGOUT]: [Nathan]
[00-09-14] [ACTION]: CyderFrame disposed with fastclose: false, CyderFrame: Component name = [cyder.ui.ConsoleFrame], bounds = [(1109, 193, 984, 984)], hash = [84113572], parentFrame = [No associated frame], associated text = [No getText() method found], tooltip text = [No getTooltipText() method found]
[00-09-14] [SYSTEM_IO]: Userdata requested: closeanimation
[00-09-14] [SYSTEM_IO]: Userdata requested: Background
[00-09-15] [EXIT]: [RUNTIME] 16s
[00-09-15] [EOL]: Log completed, exiting Cyder with exit code: 25 [Genesis Controlled Exit], exceptions thrown: 0
