[11-48-28] [ENTRY]: [Nathan]
[11-48-28] [SYSTEM_IO]: System data pared in IOUtil's static block
[11-48-29] [LOGIN]: [AUTOCYPHER ATTEMPT]
[11-48-29] [JAVA ARGS]: [LOCATION] [La casa de Nathan]
[11-48-30] [LOGIN]: [AUTOCYPHER PASS, e5a50641-21d1-3654-b738-c0e4b2dc61b1]
[11-48-30] [SYSTEM_IO]: Userdata requested: Name
[11-48-30] [SYSTEM_IO]: Userdata requested: RandomBackground
[11-48-30] [SYSTEM_IO]: Userdata requested: FullScreen
[11-48-31] [SYSTEM_IO]: Userdata requested: Name
[11-48-31] [SYSTEM_IO]: Userdata requested: Foreground
[11-48-31] [SYSTEM_IO]: Userdata requested: Foreground
[11-48-31] [SYSTEM_IO]: Userdata requested: FullScreen
[11-48-31] [SYSTEM_IO]: Userdata requested: FullScreen
[11-48-31] [SYSTEM_IO]: Userdata requested: Foreground
[11-48-31] [SYSTEM_IO]: Userdata requested: Font
[11-48-31] [SYSTEM_IO]: Userdata requested: OutputBorder
[11-48-31] [SYSTEM_IO]: Userdata requested: FullScreen
[11-48-31] [SYSTEM_IO]: Userdata requested: InputBorder
[11-48-31] [SYSTEM_IO]: Userdata requested: Foreground
[11-48-31] [SYSTEM_IO]: Userdata requested: Foreground
[11-48-31] [SYSTEM_IO]: Userdata requested: Foreground
[11-48-31] [SYSTEM_IO]: Userdata requested: Font
[11-48-31] [SYSTEM_IO]: Userdata requested: OutputFill
[11-48-31] [SYSTEM_IO]: Userdata requested: InputFill
[11-48-31] [SYSTEM_IO]: Userdata requested: consolepinned
[11-48-31] [SYSTEM_IO]: Userdata requested: consolepinned
[11-48-31] [ACTION]: CyderFrame disposed with fastclose: true, CyderFrame: Component name = [cyder.ui.CyderFrame], bounds = [(980, 378, 600, 600)], hash = [1118384689], parentFrame = [Object itself is the top level frame], associated text = [No getText() method found], tooltip text = [No getTooltipText() method found]
[11-48-31] [ACTION]: Console loaded in 3952ms
[11-48-31] [SYSTEM_IO]: Userdata requested: windowlocx
[11-48-31] [SYSTEM_IO]: Userdata requested: windowlocy
[11-48-31] [SYSTEM_IO]: Userdata requested: DebugWindows
[11-48-31] [ENTRY]: [TESTING MODE]
[11-48-31] [SYSTEM_IO]: Userdata requested: laststart
[11-48-31] [SYSTEM_IO]: Userdata requested: IntroMusic
[11-48-31] [ACTION]: [Stellar Cyder [Nathan]] [NOTIFICATION] Console loaded in 3952ms
[11-48-31] [SYSTEM_IO]: Userdata requested: persistentnotifications
[EXTERNAL STOP] Cyder was force closed by an external entity such as an IDE stop or the OS' Task Manager
