[11-50-43] [ENTRY]: [Nathan]
[11-50-44] [SYSTEM_IO]: System data pared in IOUtil's static block
[11-50-45] [LOGIN]: [AUTOCYPHER ATTEMPT]
[11-50-45] [JAVA ARGS]: [LOCATION] [La casa de Nathan]
[11-50-45] [LOGIN]: [AUTOCYPHER PASS, e5a50641-21d1-3654-b738-c0e4b2dc61b1]
[11-50-45] [SYSTEM_IO]: Userdata requested: Name
[11-50-46] [SYSTEM_IO]: Userdata requested: RandomBackground
[11-50-46] [SYSTEM_IO]: Userdata requested: FullScreen
[11-50-46] [SYSTEM_IO]: Userdata requested: Name
[11-50-46] [SYSTEM_IO]: Userdata requested: Foreground
[11-50-46] [SYSTEM_IO]: Userdata requested: Foreground
[11-50-46] [SYSTEM_IO]: Userdata requested: FullScreen
[11-50-46] [SYSTEM_IO]: Userdata requested: FullScreen
[11-50-46] [SYSTEM_IO]: Userdata requested: Foreground
[11-50-46] [SYSTEM_IO]: Userdata requested: Font
[11-50-46] [SYSTEM_IO]: Userdata requested: OutputBorder
[11-50-46] [SYSTEM_IO]: Userdata requested: FullScreen
[11-50-47] [SYSTEM_IO]: Userdata requested: InputBorder
[11-50-47] [SYSTEM_IO]: Userdata requested: Foreground
[11-50-47] [SYSTEM_IO]: Userdata requested: Foreground
[11-50-47] [SYSTEM_IO]: Userdata requested: Foreground
[11-50-47] [SYSTEM_IO]: Userdata requested: Font
[11-50-47] [SYSTEM_IO]: Userdata requested: OutputFill
[11-50-47] [SYSTEM_IO]: Userdata requested: InputFill
[11-50-47] [SYSTEM_IO]: Userdata requested: consolepinned
[11-50-47] [SYSTEM_IO]: Userdata requested: consolepinned
[11-50-47] [ACTION]: CyderFrame disposed with fastclose: true, CyderFrame: Component name = [cyder.ui.CyderFrame], bounds = [(980, 378, 600, 600)], hash = [1810420006], parentFrame = [Object itself is the top level frame], associated text = [No getText() method found], tooltip text = [No getTooltipText() method found], title = [Cyder Splash]
[11-50-47] [ACTION]: Console loaded in 3664ms
[11-50-47] [SYSTEM_IO]: Userdata requested: windowlocx
[11-50-47] [SYSTEM_IO]: Userdata requested: windowlocy
[11-50-47] [SYSTEM_IO]: Userdata requested: DebugWindows
[11-50-47] [ENTRY]: [TESTING MODE]
[11-50-47] [SYSTEM_IO]: Userdata requested: laststart
[11-50-47] [SYSTEM_IO]: Userdata requested: IntroMusic
[11-50-47] [ACTION]: [Stellar Cyder [Nathan]] [NOTIFICATION] Console loaded in 3664ms
[11-50-47] [SYSTEM_IO]: Userdata requested: persistentnotifications
[11-50-52] [ACTION]: CyderFrame disposed with fastclose: false, CyderFrame: Component name = [cyder.ui.ConsoleFrame], bounds = [(1060, 223, 984, 984)], hash = [93199773], parentFrame = [Object itself is the top level frame], associated text = [No getText() method found], tooltip text = [No getTooltipText() method found], title = [Stellar Cyder [Nathan]]
[11-50-52] [SYSTEM_IO]: Userdata requested: closeanimation
[11-50-52] [EXIT]: [RUNTIME] 8s
[11-50-52] [EOL]: Log completed, exiting Cyder with exit code: 25 [Genesis Controlled Exit], exceptions thrown: 0
