[16-33-57] [ENTRY]: [Nathan]
[16-33-58] [SYSTEM_IO]: System data pared in IOUtil's static block
[16-33-58] [SYSTEM_IO]: Suggestions pared in IOUtil's static block
[16-33-58] [SYSTEM_IO]: Exit conditions pared in IOUtil's static block
[16-33-58] [SYSTEM_IO]: DebugHashes pared in IOUtil's static block
[16-33-59] [LOGIN]: [AUTOCYPHER ATTEMPT]
[16-33-59] [JAVA ARGS]: [LOCATION] [La casa de Nathan]
[16-34-00] [LOGIN]: [[AUTOCYPHER PASS]: e5a50641-21d1-3654-b738-c0e4b2dc61b1]
[16-34-00] [SYSTEM_IO]: Userdata requested: RandomBackground
[16-34-00] [SYSTEM_IO]: Userdata requested: FullScreen
[16-34-00] [SYSTEM_IO]: Userdata requested: fullscreen
[16-34-00] [SYSTEM_IO]: Userdata requested: FullScreen [2x]
[16-34-00] [SYSTEM_IO]: Userdata requested: OutputBorder
[16-34-00] [SYSTEM_IO]: Userdata requested: FullScreen
[16-34-00] [SYSTEM_IO]: Userdata requested: InputBorder
[16-34-00] [SYSTEM_IO]: Userdata requested: OutputFill
[16-34-00] [SYSTEM_IO]: Userdata requested: InputFill
[16-34-00] [ACTION]: CyderFrame disposed with fastclose: true, CyderFrame: Component name = [cyder.ui.CyderFrame], bounds = [(980, 396, 600, 600)], hash = [387491802], parentFrame = [Object itself is the top level frame], associated text = [No getText() method found], tooltip text = [No getTooltipText() method found], title = [Cyder Splash]
[16-34-01] [ACTION]: Console loaded in 3275ms
[16-34-01] [SYSTEM_IO]: Userdata requested: DebugWindows
[16-34-01] [ENTRY]: [TESTING MODE]
[16-34-01] [SYSTEM_IO]: Userdata requested: laststart
[16-34-01] [ACTION]: [Stellar Cyder [Nathan]] [NOTIFICATION] Console loaded in 3275ms
[16-34-01] [SYSTEM_IO]: Userdata requested: persistentnotifications
[16-34-03] [CLIENT]: youtube
[16-34-03] [SYSTEM_IO]: Userdata requested: filterchat
[16-34-03] [WIDGET OPENED]: YOUTUBE
[16-34-03] [CONSOLE_OUT]: [STRING] Opening widget: cyder.utilities.YoutubeUtil
[16-34-03] [HANDLE]: PRIMARY HANDLE
[16-34-05] [ACTION]: CyderFrame disposed with fastclose: false, CyderFrame: Component name = [cyder.ui.CyderFrame], bounds = [(1448, 492, 400, 240)], hash = [949111655], parentFrame = [Object itself is the top level frame], associated text = [No getText() method found], tooltip text = [No getTooltipText() method found], title = [Thumbnail Stealer]
[16-34-05] [ACTION]: Component name = [cyder.ui.CyderButton], bounds = [(86, 160, 228, 40)], hash = [720092357], parentFrame = [Thumbnail Stealer], associated text = [Submit], tooltip text = [No getTooltipText() method found], title = [No getTitle() method found]
[16-34-05] [SYSTEM_IO]: Userdata requested: closeanimation
[16-34-09] [ACTION]: Component name = [cyder.ui.DragLabel], bounds = [(2, 2, 1286, 28)], hash = [232011425], parentFrame = [D4JnrExUdIg], associated text = [No getText() method found], tooltip text = [No getTooltipText() method found], title = [No getTitle() method found]
[16-34-09] [ACTION]: CyderFrame disposed with fastclose: false, CyderFrame: Component name = [cyder.ui.CyderFrame], bounds = [(206, 260, 1290, 780)], hash = [1713897792], parentFrame = [Object itself is the top level frame], associated text = [No getText() method found], tooltip text = [No getTooltipText() method found], title = [D4JnrExUdIg]
[16-34-09] [SYSTEM_IO]: Userdata requested: closeanimation
[16-34-53] [EOL]: Log completed, Cyder crashed unexpectedly: exit code: -200 [External Stop], exceptions thrown: 0
