[16-42-24] [ENTRY]: [Nathan]
[16-42-24] [SYSTEM_IO]: System data pared in IOUtil's static block
[16-42-24] [SYSTEM_IO]: Suggestions pared in IOUtil's static block
[16-42-24] [SYSTEM_IO]: Exit conditions pared in IOUtil's static block
[16-42-24] [SYSTEM_IO]: DebugHashes pared in IOUtil's static block
[16-42-26] [LOGIN]: [AUTOCYPHER ATTEMPT]
[16-42-26] [JAVA ARGS]: [LOCATION] [La casa de Nathan]
[16-42-26] [LOGIN]: [[AUTOCYPHER PASS]: e5a50641-21d1-3654-b738-c0e4b2dc61b1]
[16-42-27] [SYSTEM_IO]: Userdata requested: RandomBackground
[16-42-27] [SYSTEM_IO]: Userdata requested: FullScreen
[16-42-27] [SYSTEM_IO]: Userdata requested: fullscreen
[16-42-27] [SYSTEM_IO]: Userdata requested: FullScreen [2x]
[16-42-27] [SYSTEM_IO]: Userdata requested: OutputBorder
[16-42-27] [SYSTEM_IO]: Userdata requested: FullScreen
[16-42-27] [SYSTEM_IO]: Userdata requested: InputBorder
[16-42-27] [SYSTEM_IO]: Userdata requested: OutputFill
[16-42-27] [SYSTEM_IO]: Userdata requested: InputFill
[16-42-27] [ACTION]: CyderFrame disposed with fastclose: true, CyderFrame: Component name = [cyder.ui.CyderFrame], bounds = [(980, 396, 600, 600)], hash = [658653003], parentFrame = [Object itself is the top level frame], associated text = [No getText() method found], tooltip text = [No getTooltipText() method found], title = [Cyder Splash]
[16-42-27] [ACTION]: Console loaded in 3610ms
[16-42-27] [SYSTEM_IO]: Userdata requested: DebugWindows
[16-42-27] [ENTRY]: [TESTING MODE]
[16-42-27] [SYSTEM_IO]: Userdata requested: laststart
[16-42-28] [ACTION]: [Stellar Cyder [Nathan]] [NOTIFICATION] Console loaded in 3610ms
[16-42-28] [SYSTEM_IO]: Userdata requested: persistentnotifications
[16-42-33] [SYSTEM_IO]: Userdata requested: Background [2x]
[16-42-35] [CLIENT]: prefs
[16-42-35] [SYSTEM_IO]: Userdata requested: filterchat
[16-42-35] [WIDGET OPENED]: PREFS
[16-42-35] [CONSOLE_OUT]: [STRING] Opening widget: cyder.user.UserEditor
[16-42-36] [HANDLE]: PRIMARY HANDLE
[16-42-37] [ACTION]: Component name = [cyder.ui.CyderButton], bounds = [(545, 440, 155, 40)], hash = [495398165], parentFrame = [Preferences], associated text = [Delete], tooltip text = [No getTooltipText() method found], title = [No getTitle() method found]
[16-42-37] [CONSOLE_OUT]: [STRING] Background:  Beautiful Chillstep Gaming Mix - YouTube successfully deleted.
[16-42-38] [ACTION]: Component name = [cyder.ui.DragLabel], bounds = [(2, 2, 896, 28)], hash = [1046017248], parentFrame = [Preferences], associated text = [No getText() method found], tooltip text = [No getTooltipText() method found], title = [No getTitle() method found]
[16-42-38] [ACTION]: CyderFrame disposed with fastclose: false, CyderFrame: Component name = [cyder.ui.CyderFrame], bounds = [(1200, 379, 900, 580)], hash = [1749218066], parentFrame = [Object itself is the top level frame], associated text = [No getText() method found], tooltip text = [No getTooltipText() method found], title = [Preferences]
[16-42-38] [SYSTEM_IO]: Userdata requested: closeanimation
[16-42-41] [CLIENT]: youtube
[16-42-41] [SYSTEM_IO]: Userdata requested: filterchat
[16-42-41] [WIDGET OPENED]: YOUTUBE
[16-42-41] [HANDLE]: PRIMARY HANDLE
[16-42-41] [CONSOLE_OUT]: [STRING] Opening widget: cyder.utilities.YoutubeUtil
[16-42-43] [ACTION]: CyderFrame disposed with fastclose: false, CyderFrame: Component name = [cyder.ui.CyderFrame], bounds = [(848, 500, 400, 240)], hash = [1988767401], parentFrame = [Object itself is the top level frame], associated text = [No getText() method found], tooltip text = [No getTooltipText() method found], title = [Thumbnail Stealer]
[16-42-43] [ACTION]: Component name = [cyder.ui.CyderButton], bounds = [(86, 160, 228, 40)], hash = [543321479], parentFrame = [Thumbnail Stealer], associated text = [Submit], tooltip text = [No getTooltipText() method found], title = [No getTitle() method found]
[16-42-43] [SYSTEM_IO]: Userdata requested: closeanimation
[16-42-47] [ACTION]: Component name = [cyder.ui.DragLabel], bounds = [(2, 2, 1286, 28)], hash = [55516655], parentFrame = ['Never Let You Go' A Beautiful Chillstep Gaming Mix - YouTube], associated text = [No getText() method found], tooltip text = [No getTooltipText() method found], title = [No getTitle() method found]
[16-42-47] [ACTION]: CyderFrame disposed with fastclose: false, CyderFrame: Component name = [cyder.ui.CyderFrame], bounds = [(215, 248, 1290, 780)], hash = [548977002], parentFrame = [Object itself is the top level frame], associated text = [No getText() method found], tooltip text = [No getTooltipText() method found], title = ['Never Let You Go' A Beautiful Chillstep Gaming Mix - YouTube]
[16-42-47] [SYSTEM_IO]: Userdata requested: closeanimation
[16-42-48] [SYSTEM_IO]: Userdata requested: minimizeonclose
[16-42-48] [ACTION]: CyderFrame disposed with fastclose: false, CyderFrame: Component name = [cyder.ui.ConsoleFrame], bounds = [(550, 293, 996, 655)], hash = [1265900909], parentFrame = [Object itself is the top level frame], associated text = [No getText() method found], tooltip text = [No getTooltipText() method found], title = [Stellar Cyder [Nathan]]
[16-42-48] [SYSTEM_IO]: Userdata requested: closeanimation
[16-42-48] [EXIT]: [RUNTIME] 24s
[16-42-48] [EOL]: Log completed, exiting Cyder with exit code: 25 [Genesis Controlled Exit], exceptions thrown: 0
