[16-58-53] [ENTRY]: [Nathan]
[16-58-53] [SYSTEM_IO]: System data pared in IOUtil's static block
[16-58-53] [SYSTEM_IO]: Suggestions pared in IOUtil's static block
[16-58-53] [SYSTEM_IO]: Exit conditions pared in IOUtil's static block
[16-58-53] [SYSTEM_IO]: DebugHashes pared in IOUtil's static block
[16-58-55] [LOGIN]: [AUTOCYPHER ATTEMPT]
[16-58-55] [JAVA ARGS]: [LOCATION] [La casa de Nathan]
[16-58-55] [LOGIN]: [[AUTOCYPHER PASS]: e5a50641-21d1-3654-b738-c0e4b2dc61b1]
[16-58-55] [SYSTEM_IO]: Userdata requested: RandomBackground
[16-58-55] [SYSTEM_IO]: Userdata requested: FullScreen
[16-58-55] [SYSTEM_IO]: Userdata requested: fullscreen
[16-58-55] [SYSTEM_IO]: Userdata requested: FullScreen [2x]
[16-58-55] [SYSTEM_IO]: Userdata requested: OutputBorder
[16-58-55] [SYSTEM_IO]: Userdata requested: FullScreen
[16-58-55] [SYSTEM_IO]: Userdata requested: InputBorder
[16-58-55] [SYSTEM_IO]: Userdata requested: OutputFill
[16-58-55] [SYSTEM_IO]: Userdata requested: InputFill
[16-58-55] [ACTION]: CyderFrame disposed with fastclose: true, CyderFrame: Component name = [cyder.ui.CyderFrame], bounds = [(980, 396, 600, 600)], hash = [234287766], parentFrame = [Object itself is the top level frame], associated text = [No getText() method found], tooltip text = [No getTooltipText() method found], title = [Cyder Splash]
[16-58-55] [ACTION]: Console loaded in 2521ms
[16-58-55] [SYSTEM_IO]: Userdata requested: DebugWindows
[16-58-55] [ENTRY]: [TESTING MODE]
[16-58-55] [SYSTEM_IO]: Userdata requested: laststart
[16-58-56] [ACTION]: [Stellar Cyder [Nathan]] [NOTIFICATION] Console loaded in 2521ms
[16-58-56] [SYSTEM_IO]: Userdata requested: persistentnotifications
[16-58-58] [CLIENT]: play
[16-58-58] [SYSTEM_IO]: Userdata requested: filterchat
[16-58-58] [HANDLE]: GENERAL COMMAND HANDLED
[16-58-58] [HANDLE]: PRIMARY HANDLE
[16-58-58] [CONSOLE_OUT]: [STRING] Starting download of playlist:
[16-59-11] [CLIENT]: threads
[16-59-11] [SYSTEM_IO]: Userdata requested: filterchat
[16-59-11] [HANDLE]: PRINT IMAGE COMMAND HANDLED
[16-59-11] [HANDLE]: PRIMARY HANDLE
[16-59-11] [CONSOLE_OUT]: [STRING] Singular Cyder Instance Ensurer Thread
[16-59-11] [CONSOLE_OUT]: [STRING] AWT-EventQueue-0
[16-59-11] [CONSOLE_OUT]: [STRING] Console Printing Animation
[16-59-11] [CONSOLE_OUT]: [STRING] Console Input Caret Position Updater
[16-59-11] [CONSOLE_OUT]: [STRING] Stable Network Connection Checker
[16-59-11] [CONSOLE_OUT]: [STRING] Hourly Chime Checker
[16-59-11] [CONSOLE_OUT]: [STRING] Console Clock Updater
[16-59-11] [CONSOLE_OUT]: [STRING] Cyder Busy Checker
[16-59-11] [CONSOLE_OUT]: [STRING] ConsoleFrame Position Saver
[16-59-11] [CONSOLE_OUT]: [STRING] DestroyJavaVM
[16-59-11] [CONSOLE_OUT]: [STRING] Youtube Audio Download Waiter
[16-59-11] [CONSOLE_OUT]: [STRING] Youtube Audio Extractor
[16-59-11] [CONSOLE_OUT]: [STRING] Thread-0
[16-59-11] [CONSOLE_OUT]: [STRING] Thread-1
[16-59-11] [CONSOLE_OUT]: [STRING] Escaped
[16-59-13] [CLIENT]: clear
[16-59-13] [SYSTEM_IO]: Userdata requested: filterchat
[16-59-13] [HANDLE]: GENERAL COMMAND HANDLED
[16-59-13] [HANDLE]: PRIMARY HANDLE
[17-00-16] [SYSTEM_IO]: Userdata requested: HourlyChimes
[17-00-17] [ACTION]: [SYSTEM AUDIO] static/audio/chime.mp3
[17-04-26] [EXCEPTION]:
Exception origin: cyder.utilities.YoutubeUtil.lambda$downloadPlaylist$0(YoutubeUtil.java:110)
From line: 110
Trace: java.lang.NullPointerException
at cyder.utilities.YoutubeUtil.lambda$downloadPlaylist$0(YoutubeUtil.java:110)
at java.base/java.util.concurrent.FutureTask.run(FutureTask.java:264)
at java.base/java.util.concurrent.ThreadPoolExecutor.runWorker(ThreadPoolExecutor.java:1167)
at java.base/java.util.concurrent.ThreadPoolExecutor$Worker.run(ThreadPoolExecutor.java:641)
at java.base/java.lang.Thread.run(Thread.java:844)
[17-04-26] [CONSOLE_OUT]: [STRING] Could not download video's audio at this time
[17-11-23] [CLIENT]: play
[17-11-23] [SYSTEM_IO]: Userdata requested: filterchat
[17-11-23] [HANDLE]: GENERAL COMMAND HANDLED
[17-11-23] [HANDLE]: PRIMARY HANDLE
[17-11-24] [CONSOLE_OUT]: [STRING] Starting download of playlist:
[17-12-13] [SYSTEM_IO]: Userdata requested: Background [2x]
[17-12-13] [SYSTEM_IO]: Userdata requested: minimizeonclose
[17-12-13] [ACTION]: CyderFrame disposed with fastclose: false, CyderFrame: Component name = [cyder.ui.ConsoleFrame], bounds = [(1453, 304, 996, 655)], hash = [517254671], parentFrame = [Object itself is the top level frame], associated text = [No getText() method found], tooltip text = [No getTooltipText() method found], title = [Stellar Cyder [Nathan]]
[17-12-13] [SYSTEM_IO]: Userdata requested: closeanimation
[17-12-13] [EXIT]: [RUNTIME] 13m 20s
[17-12-13] [EOL]: Log completed, exiting Cyder with exit code: 25 [Genesis Controlled Exit], exceptions thrown: 1
