[16-52-59] [ENTRY]: [Nathan]
[16-52-59] [SYSTEM_IO]: System data pared in IOUtil's static block
[16-52-59] [SYSTEM_IO]: Suggestions pared in IOUtil's static block
[16-52-59] [SYSTEM_IO]: Exit conditions pared in IOUtil's static block
[16-52-59] [SYSTEM_IO]: DebugHashes pared in IOUtil's static block
[16-53-01] [LOGIN]: [AUTOCYPHER ATTEMPT]
[16-53-01] [JAVA ARGS]: [LOCATION] [La casa de Nathan]
[16-53-01] [LOGIN]: [[AUTOCYPHER PASS]: e5a50641-21d1-3654-b738-c0e4b2dc61b1]
[16-53-01] [SYSTEM_IO]: Userdata requested: RandomBackground
[16-53-01] [SYSTEM_IO]: Userdata requested: FullScreen
[16-53-01] [SYSTEM_IO]: Userdata requested: fullscreen
[16-53-01] [SYSTEM_IO]: Userdata requested: FullScreen [2x]
[16-53-02] [SYSTEM_IO]: Userdata requested: OutputBorder
[16-53-02] [SYSTEM_IO]: Userdata requested: FullScreen
[16-53-02] [SYSTEM_IO]: Userdata requested: InputBorder
[16-53-02] [SYSTEM_IO]: Userdata requested: OutputFill
[16-53-02] [SYSTEM_IO]: Userdata requested: InputFill
[16-53-02] [ACTION]: CyderFrame disposed with fastclose: true, CyderFrame: Component name = [cyder.ui.CyderFrame], bounds = [(980, 396, 600, 600)], hash = [1699896389], parentFrame = [Object itself is the top level frame], associated text = [No getText() method found], tooltip text = [No getTooltipText() method found], title = [Cyder Splash]
[16-53-02] [ACTION]: Console loaded in 2926ms
[16-53-02] [SYSTEM_IO]: Userdata requested: DebugWindows
[16-53-02] [ENTRY]: [TESTING MODE]
[16-53-02] [SYSTEM_IO]: Userdata requested: laststart
[16-53-02] [ACTION]: [Stellar Cyder [Nathan]] [NOTIFICATION] Console loaded in 2926ms
[16-53-02] [SYSTEM_IO]: Userdata requested: persistentnotifications
[16-53-21] [CLIENT]: youtube
[16-53-21] [SYSTEM_IO]: Userdata requested: filterchat
[16-53-21] [WIDGET OPENED]: YOUTUBE
[16-53-21] [HANDLE]: PRIMARY HANDLE
[16-53-21] [CONSOLE_OUT]: [STRING] Opening widget: cyder.utilities.YoutubeUtil
[16-53-25] [ACTION]: CyderFrame disposed with fastclose: false, CyderFrame: Component name = [cyder.ui.CyderFrame], bounds = [(1303, 518, 400, 240)], hash = [505671917], parentFrame = [Object itself is the top level frame], associated text = [No getText() method found], tooltip text = [No getTooltipText() method found], title = [Thumbnail Stealer]
[16-53-25] [ACTION]: Component name = [cyder.ui.CyderButton], bounds = [(86, 160, 228, 40)], hash = [1202752918], parentFrame = [Thumbnail Stealer], associated text = [Submit], tooltip text = [No getTooltipText() method found], title = [No getTitle() method found]
[16-53-25] [SYSTEM_IO]: Userdata requested: closeanimation
[16-53-28] [ACTION]: Component name = [cyder.ui.DragLabel], bounds = [(2, 2, 1286, 28)], hash = [1667072407], parentFrame = ['Never Let You Go' A Beautiful Chillstep Gaming Mix - YouTube], associated text = [No getText() method found], tooltip text = [No getTooltipText() method found], title = [No getTitle() method found]
[16-53-28] [ACTION]: CyderFrame disposed with fastclose: false, CyderFrame: Component name = [cyder.ui.CyderFrame], bounds = [(858, 248, 1290, 780)], hash = [2002366031], parentFrame = [Object itself is the top level frame], associated text = [No getText() method found], tooltip text = [No getTooltipText() method found], title = ['Never Let You Go' A Beautiful Chillstep Gaming Mix - YouTube]
[16-53-28] [SYSTEM_IO]: Userdata requested: closeanimation
[16-53-29] [SYSTEM_IO]: Userdata requested: minimizeonclose
[16-53-29] [ACTION]: CyderFrame disposed with fastclose: false, CyderFrame: Component name = [cyder.ui.ConsoleFrame], bounds = [(1005, 311, 996, 655)], hash = [754177595], parentFrame = [Object itself is the top level frame], associated text = [No getText() method found], tooltip text = [No getTooltipText() method found], title = [Stellar Cyder [Nathan]]
[16-53-29] [SYSTEM_IO]: Userdata requested: closeanimation
[16-53-29] [EXIT]: [RUNTIME] 30s
[16-53-29] [EOL]: Log completed, exiting Cyder with exit code: 25 [Genesis Controlled Exit], exceptions thrown: 0
