[18-51-53] [ENTRY]: [Nathan]
[18-51-53] [SYSTEM_IO]: System data pared in IOUtil's static block
[18-51-53] [SYSTEM_IO]: Suggestions pared in IOUtil's static block
[18-51-53] [SYSTEM_IO]: Exit conditions pared in IOUtil's static block
[18-51-53] [SYSTEM_IO]: DebugHashes pared in IOUtil's static block
[18-51-55] [LOGIN]: [AUTOCYPHER ATTEMPT]
[18-51-55] [JAVA ARGS]: [LOCATION] [La casa de Nathan]
[18-51-55] [LOGIN]: [[AUTOCYPHER PASS]: e5a50641-21d1-3654-b738-c0e4b2dc61b1]
[18-51-55] [SYSTEM_IO]: Userdata requested: RandomBackground
[18-51-55] [SYSTEM_IO]: Userdata requested: FullScreen
[18-51-56] [SYSTEM_IO]: Userdata requested: fullscreen
[18-51-56] [SYSTEM_IO]: Userdata requested: FullScreen [2x]
[18-51-56] [SYSTEM_IO]: Userdata requested: OutputBorder
[18-51-56] [SYSTEM_IO]: Userdata requested: FullScreen
[18-51-56] [SYSTEM_IO]: Userdata requested: InputBorder
[18-51-56] [SYSTEM_IO]: Userdata requested: OutputFill
[18-51-56] [SYSTEM_IO]: Userdata requested: InputFill
[18-51-56] [ACTION]: CyderFrame disposed with fastclose: true, CyderFrame: Component name = [cyder.ui.CyderFrame], bounds = [(980, 396, 600, 600)], hash = [661018710], parentFrame = [Object itself is the top level frame], associated text = [No getText() method found], tooltip text = [No getTooltipText() method found], title = [Cyder Splash]
[18-51-56] [ACTION]: Console loaded in 3476ms
[18-51-56] [SYSTEM_IO]: Userdata requested: DebugWindows
[18-51-56] [ENTRY]: [TESTING MODE]
[18-51-56] [SYSTEM_IO]: Userdata requested: laststart
[18-51-56] [ACTION]: [Stellar Cyder [Nathan]] [NOTIFICATION] Console loaded in 3476ms
[18-51-57] [SYSTEM_IO]: Userdata requested: persistentnotifications
[18-52-00] [CLIENT]: fullscreen
[18-52-00] [SYSTEM_IO]: Userdata requested: filterchat
[18-52-00] [SYSTEM_IO]: Userdata requested: fullscreen
[18-52-00] [PREFERENCE REFRESH INVOKED]: key = fullscreen
[18-52-00] [CONSOLE_OUT]: [STRING] Fullscreen set to true
[18-52-00] [HANDLE]: CONSOLE PREFERENCE TOGGLE HANDLED
[18-52-00] [HANDLE]: FINAL HANDLE
[18-52-01] [CLIENT]: fullscreen
[18-52-01] [SYSTEM_IO]: Userdata requested: filterchat
[18-52-01] [SYSTEM_IO]: Userdata requested: fullscreen
[18-52-01] [PREFERENCE REFRESH INVOKED]: key = fullscreen
[18-52-01] [CONSOLE_OUT]: [STRING] Fullscreen set to false
[18-52-01] [HANDLE]: CONSOLE PREFERENCE TOGGLE HANDLED
[18-52-01] [HANDLE]: FINAL HANDLE
[18-52-03] [CLIENT]: fullscreen
[18-52-03] [SYSTEM_IO]: Userdata requested: filterchat
[18-52-03] [SYSTEM_IO]: Userdata requested: fullscreen
[18-52-03] [PREFERENCE REFRESH INVOKED]: key = fullscreen
[18-52-03] [CONSOLE_OUT]: [STRING] Fullscreen set to true
[18-52-03] [HANDLE]: CONSOLE PREFERENCE TOGGLE HANDLED
[18-52-03] [HANDLE]: FINAL HANDLE
[18-52-04] [CLIENT]: fullscreen
[18-52-04] [SYSTEM_IO]: Userdata requested: filterchat
[18-52-04] [SYSTEM_IO]: Userdata requested: fullscreen
[18-52-04] [PREFERENCE REFRESH INVOKED]: key = fullscreen
[18-52-04] [HANDLE]: CONSOLE PREFERENCE TOGGLE HANDLED
[18-52-04] [HANDLE]: FINAL HANDLE
[18-52-04] [CONSOLE_OUT]: [STRING] Fullscreen set to false
[18-52-15] [CLIENT]: fullscreen
[18-52-15] [SYSTEM_IO]: Userdata requested: filterchat
[18-52-15] [SYSTEM_IO]: Userdata requested: fullscreen
[18-52-15] [PREFERENCE REFRESH INVOKED]: key = fullscreen
[18-52-15] [CONSOLE_OUT]: [STRING] Fullscreen set to true
[18-52-15] [HANDLE]: CONSOLE PREFERENCE TOGGLE HANDLED
[18-52-15] [HANDLE]: FINAL HANDLE
[18-52-17] [CLIENT]: fullscreen
[18-52-17] [SYSTEM_IO]: Userdata requested: filterchat
[18-52-17] [SYSTEM_IO]: Userdata requested: fullscreen
[18-52-17] [PREFERENCE REFRESH INVOKED]: key = fullscreen
[18-52-17] [HANDLE]: CONSOLE PREFERENCE TOGGLE HANDLED
[18-52-17] [HANDLE]: FINAL HANDLE
[18-52-17] [CONSOLE_OUT]: [STRING] Fullscreen set to false
[18-52-19] [SYSTEM_IO]: Userdata requested: minimizeonclose
[18-52-19] [ACTION]: CyderFrame disposed with fastclose: false, CyderFrame: Component name = [cyder.ui.ConsoleFrame], bounds = [(782, 369, 996, 655)], hash = [259564670], parentFrame = [Object itself is the top level frame], associated text = [No getText() method found], tooltip text = [No getTooltipText() method found], title = [Stellar Cyder [Nathan]]
[18-52-19] [SYSTEM_IO]: Userdata requested: closeanimation
[18-52-19] [EXIT]: [RUNTIME] 26s
[18-52-19] [EOL]: Log completed, exiting Cyder with exit code: 25 [Genesis Controlled Exit], exceptions thrown: 0
