[18-58-53] [ENTRY]: [Nathan]
[18-58-53] [SYSTEM_IO]: System data pared in IOUtil's static block
[18-58-53] [SYSTEM_IO]: Suggestions pared in IOUtil's static block
[18-58-53] [SYSTEM_IO]: Exit conditions pared in IOUtil's static block
[18-58-53] [SYSTEM_IO]: DebugHashes pared in IOUtil's static block
[18-58-55] [LOGIN]: [AUTOCYPHER ATTEMPT]
[18-58-55] [JAVA ARGS]: [LOCATION] [La casa de Nathan]
[18-58-56] [LOGIN]: [[AUTOCYPHER PASS]: e5a50641-21d1-3654-b738-c0e4b2dc61b1]
[18-58-56] [SYSTEM_IO]: Userdata requested: RandomBackground
[18-58-56] [SYSTEM_IO]: Userdata requested: FullScreen
[18-58-56] [SYSTEM_IO]: Userdata requested: fullscreen
[18-58-56] [SYSTEM_IO]: Userdata requested: FullScreen [2x]
[18-58-56] [SYSTEM_IO]: Userdata requested: OutputBorder
[18-58-56] [SYSTEM_IO]: Userdata requested: FullScreen
[18-58-56] [SYSTEM_IO]: Userdata requested: InputBorder
[18-58-56] [SYSTEM_IO]: Userdata requested: OutputFill
[18-58-56] [SYSTEM_IO]: Userdata requested: InputFill
[18-58-56] [ACTION]: CyderFrame disposed with fastclose: true, CyderFrame: Component name = [cyder.ui.CyderFrame], bounds = [(980, 396, 600, 600)], hash = [1876008997], parentFrame = [Object itself is the top level frame], associated text = [No getText() method found], tooltip text = [No getTooltipText() method found], title = [Cyder Splash]
[18-58-56] [ACTION]: Console loaded in 3864ms
[18-58-57] [SYSTEM_IO]: Userdata requested: DebugWindows
[18-58-57] [ENTRY]: [TESTING MODE]
[18-58-57] [SYSTEM_IO]: Userdata requested: laststart
[18-58-57] [ACTION]: [Stellar Cyder [Nathan]] [NOTIFICATION] Console loaded in 3864ms
[18-58-57] [SYSTEM_IO]: Userdata requested: persistentnotifications
[18-59-18] [CLIENT]: calc
[18-59-18] [SYSTEM_IO]: Userdata requested: filterchat
[18-59-18] [WIDGET OPENED]: CALCULATOR
[18-59-18] [HANDLE]: PRIMARY HANDLE
[18-59-18] [CONSOLE_OUT]: [STRING] Opening widget: cyder.widgets.CalculatorWidget
[19-01-54] [EOL]: Log completed, Cyder crashed unexpectedly: exit code: -200 [External Stop], exceptions thrown: 0
