[22-41-07] [ENTRY]: [Nathan]
[22-41-07] [SYSTEM_IO]: System data pared in IOUtil's static block
[22-41-07] [SYSTEM_IO]: Suggestions pared in IOUtil's static block
[22-41-07] [SYSTEM_IO]: Exit conditions pared in IOUtil's static block
[22-41-07] [SYSTEM_IO]: DebugHashes pared in IOUtil's static block
[22-41-09] [LOGIN]: [AUTOCYPHER ATTEMPT]
[22-41-09] [JAVA ARGS]: [LOCATION] [La casa de Nathan]
[22-41-09] [LOGIN]: [[AUTOCYPHER PASS]: e5a50641-21d1-3654-b738-c0e4b2dc61b1]
[22-41-09] [SYSTEM_IO]: Userdata requested: RandomBackground
[22-41-10] [SYSTEM_IO]: Userdata requested: FullScreen
[22-41-10] [SYSTEM_IO]: Userdata requested: fullscreen
[22-41-10] [SYSTEM_IO]: Userdata requested: FullScreen [2x]
[22-41-10] [SYSTEM_IO]: Userdata requested: OutputBorder
[22-41-10] [SYSTEM_IO]: Userdata requested: FullScreen
[22-41-10] [SYSTEM_IO]: Userdata requested: InputBorder
[22-41-10] [SYSTEM_IO]: Userdata requested: OutputFill
[22-41-10] [SYSTEM_IO]: Userdata requested: InputFill
[22-41-10] [ACTION]: CyderFrame disposed with fastclose: true, CyderFrame: Component name = [cyder.ui.CyderFrame], bounds = [(980, 396, 600, 600)], hash = [1674130109], parentFrame = [Object itself is the top level frame], associated text = [No getText() method found], tooltip text = [No getTooltipText() method found], title = [Cyder Splash]
[22-41-10] [ACTION]: Console loaded in 3399ms
[22-41-10] [SYSTEM_IO]: Userdata requested: DebugWindows
[22-41-10] [ENTRY]: [TESTING MODE]
[22-41-10] [SYSTEM_IO]: Userdata requested: laststart
[22-41-11] [ACTION]: [Stellar Cyder [Nathan]] [NOTIFICATION] Console loaded in 3399ms
[22-41-11] [SYSTEM_IO]: Userdata requested: persistentnotifications
[22-41-44] [SYSTEM_IO]: Userdata requested: minimizeonclose
[22-41-44] [ACTION]: CyderFrame disposed with fastclose: false, CyderFrame: Component name = [cyder.ui.ConsoleFrame], bounds = [(577, 350, 996, 655)], hash = [1422238463], parentFrame = [Object itself is the top level frame], associated text = [No getText() method found], tooltip text = [No getTooltipText() method found], title = [Stellar Cyder [Nathan]]
[22-41-44] [SYSTEM_IO]: Userdata requested: closeanimation
[22-41-45] [EXIT]: [RUNTIME] 37s
[22-41-45] [EOL]: Log completed, exiting Cyder with exit code: 25 [Genesis Controlled Exit], exceptions thrown: 0
