          _____                _____                    _____                    _____                    _____
         /\    \              |\    \                  /\    \                  /\    \                  /\    \
        /::\    \             |:\____\                /::\    \                /::\    \                /::\    \
       /::::\    \            |::|   |               /::::\    \              /::::\    \              /::::\    \
      /::::::\    \           |::|   |              /::::::\    \            /::::::\    \            /::::::\    \
     /:::/\:::\    \          |::|   |             /:::/\:::\    \          /:::/\:::\    \          /:::/\:::\    \
    /:::/  \:::\    \         |::|   |            /:::/  \:::\    \        /:::/__\:::\    \        /:::/__\:::\    \
   /:::/    \:::\    \        |::|   |           /:::/    \:::\    \      /::::\   \:::\    \      /::::\   \:::\    \
  /:::/    / \:::\    \       |::|___|______    /:::/    / \:::\    \    /::::::\   \:::\    \    /::::::\   \:::\    \
 /:::/    /   \:::\    \      /::::::::\    \  /:::/    /   \:::\ ___\  /:::/\:::\   \:::\    \  /:::/\:::\   \:::\____\
/:::/____/     \:::\____\    /::::::::::\____\/:::/____/     \:::|    |/:::/__\:::\   \:::\____\/:::/  \:::\   \:::|    |
\:::\    \      \::/    /   /:::/~~~~/~~      \:::\    \     /:::|____|\:::\   \:::\   \::/    /\::/   |::::\  /:::|____|
 \:::\    \      \/____/   /:::/    /          \:::\    \   /:::/    /  \:::\   \:::\   \/____/  \/____|:::::\/:::/    /
  \:::\    \              /:::/    /            \:::\    \ /:::/    /    \:::\   \:::\    \            |:::::::::/    /
   \:::\    \            /:::/    /              \:::\    /:::/    /      \:::\   \:::\____\           |::|\::::/    /
    \:::\    \           \::/    /                \:::\  /:::/    /        \:::\   \::/    /           |::| \::/____/
     \:::\    \           \/____/                  \:::\/:::/    /          \:::\   \/____/            |::|  ~|
      \:::\    \                                    \::::::/    /            \:::\    \                |::|   |
       \:::\____\                                    \::::/    /              \:::\____\               \::|   |
        \::/    /                                     \::/____/                \::/    /                \:|   |
         \/____/                                       ~~                       \/____/                  \|___|


[18-58-14] [ENTRY]: Nathan
[18-58-14] [PROP LOADED]: [key = map_quest_api_key]
[18-58-14] [PROP LOADED]: [key = youtube_api_3_key]
[18-58-14] [PROP LOADED]: [key = ip_key]
[18-58-14] [PROP LOADED]: [key = weather_key]
[18-58-14] [PROP LOADED]: [key = debug_hash_name]
[18-58-14] [PROP LOADED]: [key = debug_hash_password]
[18-58-14] [PROP LOADED]: [key = default_weather_location, value = Austin,Tx,USA]
[18-58-14] [PROP LOADED]: [key = ignore_data, value = typinganimation,showseconds,roundedwindows,windowcolor,audiolength
           ,capsmode,typingsound,showbusyicon]
[18-58-14] [PROP LOADED]: [key = font_metric, value = 1]
[18-58-14] [PROP LOADED]: [key = released, value = false]
[18-58-14] [PROP LOADED]: [key = fast_test, value = false]
[18-58-14] [PROP LOADED]: [key = version, value = Liminal]
[18-58-14] [PROP LOADED]: [key = release_date, value = 22.6.2]
[18-58-14] [PROP LOADED]: [key = components_relocatable, value = false]
[18-58-14] [PROP LOADED]: [key = testing_mode, value = true]
[18-58-14] [PROP LOADED]: [key = autocypher, value = true]
[18-58-14] [PROP LOADED]: [key = dispose_splash, value = true]
[18-58-14] [PROP LOADED]: [key = wipe_logs_on_start, value = false]
[18-58-14] [PROP LOADED]: [key = activate_watchdog, value = false]
[18-58-14] [PROP LOADED]: [key = ffmpeg_audio_output_format, value = mp3]
[18-58-14] [PROP LOADED]: [key = printing_animation_char_timeout, value = 8]
[18-58-14] [PROP LOADED]: [key = printing_animation_line_timeout, value = 100]
[18-58-14] [PROP LOADED]: [key = ui_scale, value = 0.25]
[18-58-14] [THREAD STARTED]: Object Creation Logger
[18-58-14] [DEBUG]: Watchdog skipped
[18-58-14] [THREAD STARTED]: Singular Cyder Instance Ensurer
[18-58-15] [FONT LOADED]: agency-fb
[18-58-15] [FONT LOADED]: arial-black
[18-58-15] [FONT LOADED]: beyno
[18-58-15] [FONT LOADED]: condiment-regular
[18-58-15] [FONT LOADED]: prompt-bold
[18-58-15] [FONT LOADED]: segoe-ui-black
[18-58-15] [FONT LOADED]: tahoma
[18-58-15] [THREAD STARTED]: Splash Loader
[18-58-15] [SYSTEM IO]: Requested deletion of: C:\Users\Nathan\Documents\IntelliJava\Cyder\dynamic\tmp
[18-58-16] [THREAD STARTED]: Splash Animation
[18-58-16] [UNIQUE OBJECT CREATED]: ConsoleFrame singleton constructed
[18-58-16] [THREAD STARTED]: Secondary Subroutines Runner
[18-58-16] [THREAD STARTED]: JVM Args Logger
[18-58-16] [LOGIN]: AUTOCYPHER ATTEMPT
[18-58-17] [DEBUG]: Cyder Entry = AutoCypher
[18-58-17] [OBJECT CREATION]: Objects created since last delta (5000ms): 78
[18-58-17] [THREAD STARTED]: Console Printing Animation
[18-58-18] [THREAD STARTED]: High Ping Checker
[18-58-18] [THREAD STARTED]: Hourly Chime Checker
[18-58-18] [THREAD STARTED]: Console Clock Updater
[18-58-18] [THREAD STARTED]: Cyder Busy Checker
[18-58-18] [THREAD STARTED]: ConsoleFrame Stat Saver
[18-58-18] [THREAD STARTED]: [Cyder Splash] dispose() animation thread
[18-58-18] [THREAD STARTED]: [Cyder Splash] dispose() animation thread
[18-58-18] [UI]: CyderFrame disposed with fastclose: true, Component = CyderFrame, hash = 1659764205, bounds = (980,
           396, 600, 600), parent frame = Component itself is a CyderFrame, getTitle() = Cyder Splash
[18-58-18] [BACKEND CRUD]: [PUT] Put of JVM args failed
[18-58-18] [THREAD STARTED]: Splash Loading Label Updater
[18-58-18] [CONSOLE LOADED]: [Nathan] [TESTING MODE]
[18-58-18] [THREAD STARTED]: Manual Tests Thread
[18-58-18] [CONSOLE OUT]: [STRING]: Console loaded in 4495ms
[18-58-19] [DEBUG]: Attempted to log a new or empty line
[18-58-20] [THREAD STARTED]: Liminal Cyder [Nathan] Opacity Decrement Animator
[18-58-20] [THREAD STARTED]: Liminal Cyder [Nathan] Opacity Increment Animator
[18-58-21] [SYSTEM IO]: [JSON WRITE] [Levenshtein = 13] User was written to file: 7d7ebb00-81fe-329f-8a78-62f463d0b7da
           \Userdata.json
[18-58-21] [SYSTEM IO]: Requested deletion of: C:\Users\Nathan\Documents\IntelliJava\Cyder\dynamic\backup\7d7ebb00-81fe-
           329f-8a78-62f463d0b7da_1654732665905.json
[18-58-22] [OBJECT CREATION]: Objects created since last delta (5000ms): 40
[18-58-26] [CLIENT]: fullscreen
[18-58-26] [SYSTEM IO]: Userdata requested: fullscreen
[18-58-26] [SYSTEM IO]: [JSON WRITE] [Levenshtein = 1] User was written to file: 7d7ebb00-81fe-329f-8a78-62f463d0b7da
           \Userdata.json
[18-58-26] [SYSTEM IO]: Requested deletion of: C:\Users\Nathan\Documents\IntelliJava\Cyder\dynamic\backup\7d7ebb00-81fe-
           329f-8a78-62f463d0b7da_1654732701152.json
[18-58-26] [PREFERENCE REFRESH]: key = fullscreen
[18-58-26] [CONSOLE OUT]: [STRING]: Fullscreen set to true
[18-58-26] [DEBUG]: Attempted to log a new or empty line
[18-58-27] [OBJECT CREATION]: Objects created since last delta (5000ms): 3
[18-58-28] [SYSTEM IO]: [JSON WRITE] [Levenshtein = 13] User was written to file: 7d7ebb00-81fe-329f-8a78-62f463d0b7da
           \Userdata.json
[18-58-28] [SYSTEM IO]: Requested deletion of: C:\Users\Nathan\Documents\IntelliJava\Cyder\dynamic\backup\7d7ebb00-81fe-
           329f-8a78-62f463d0b7da_1654732706551.json
[18-58-28] [CLIENT]: quit
[18-58-28] [THREAD STARTED]: [Liminal Cyder [Nathan]] dispose() animation thread
[18-58-28] [UI]: CyderFrame disposed with fastclose: false, Component = ConsoleFrame (inner), hash = 1398241764, bounds
           = (0, 0, 2560, 1440), parent frame = Component itself is a CyderFrame, getTitle() = Liminal Cyder [Nathan]
[18-58-29] [EXIT]: [RUNTIME] 14s
[18-58-29] [EOL]: Log completed, exiting Cyder with exit code: 0 [Genesis Controlled Exit], exceptions thrown: no
           exceptions thrown
