[19-15-29] [ENTRY]: [Nathan]
[19-15-29] [SYSTEM_IO]: System data pared in IOUtil's static block
[19-15-31] [JAVA ARGS]: [LOCATION] [La casa de Nathan]
[19-15-31] [LOGIN]: [AUTOCYPHER ATTEMPT]
[19-15-32] [LOGIN]: [AUTOCYPHER PASS, e5a50641-21d1-3654-b738-c0e4b2dc61b1]
[19-15-32] [SYSTEM_IO]: Userdata requested: Name
[19-15-32] [SYSTEM_IO]: Userdata requested: RandomBackground
[19-15-32] [SYSTEM_IO]: Userdata requested: FullScreen
[19-15-33] [SYSTEM_IO]: Userdata requested: Name
[19-15-33] [SYSTEM_IO]: Userdata requested: Foreground
[19-15-33] [SYSTEM_IO]: Userdata requested: Foreground
[19-15-33] [SYSTEM_IO]: Userdata requested: FullScreen
[19-15-33] [SYSTEM_IO]: Userdata requested: FullScreen
[19-15-33] [SYSTEM_IO]: Userdata requested: Foreground
[19-15-33] [SYSTEM_IO]: Userdata requested: Font
[19-15-33] [SYSTEM_IO]: Userdata requested: OutputBorder
[19-15-33] [SYSTEM_IO]: Userdata requested: FullScreen
[19-15-33] [SYSTEM_IO]: Userdata requested: InputBorder
[19-15-33] [SYSTEM_IO]: Userdata requested: Foreground
[19-15-33] [SYSTEM_IO]: Userdata requested: Foreground
[19-15-33] [SYSTEM_IO]: Userdata requested: Foreground
[19-15-33] [SYSTEM_IO]: Userdata requested: Font
[19-15-33] [SYSTEM_IO]: Userdata requested: OutputFill
[19-15-33] [SYSTEM_IO]: Userdata requested: InputFill
[19-15-33] [ACTION]: CyderFrame disposed with fastclose: true, CyderFrame: Component name = [cyder.ui.CyderFrame], bounds = [(980, 396, 600, 600)], hash = [1375005865], parentFrame = [Object itself is the top level frame], associated text = [No getText() method found], tooltip text = [No getTooltipText() method found], title = [Cyder Splash]
[19-15-33] [ACTION]: Console loaded in 4055ms
[19-15-33] [SYSTEM_IO]: Userdata requested: DebugWindows
[19-15-33] [ENTRY]: [TESTING MODE]
[19-15-33] [SYSTEM_IO]: Userdata requested: laststart
[19-15-33] [SYSTEM_IO]: Userdata requested: IntroMusic
[19-15-33] [ACTION]: [Stellar Cyder [Nathan]] [NOTIFICATION] Console loaded in 4055ms
[19-15-33] [SYSTEM_IO]: Userdata requested: persistentnotifications
[19-15-39] [CLIENT]: font
[19-15-39] [SYSTEM_IO]: Userdata requested: filterchat
[19-15-39] [CONSOLE_OUT]: [STRING] Unknown command
[19-15-41] [CLIENT]: prefs
[19-15-41] [SYSTEM_IO]: Userdata requested: filterchat
[19-15-41] [ACTION]: USER EDITOR
[19-15-42] [SYSTEM_IO]: Userdata requested: ffmpegpath
[19-15-42] [SYSTEM_IO]: Userdata requested: youtubedlpath
[19-15-42] [ACTION]: Component name = [cyder.ui.CyderButton], bounds = [(20, 175, 50, 250)], hash = [268149387], parentFrame = [Edit User], associated text = [<], tooltip text = [No getTooltipText() method found], title = [No getTitle() method found]
[19-15-43] [ACTION]: Component name = [cyder.ui.CyderButton], bounds = [(20, 175, 50, 250)], hash = [268149387], parentFrame = [Edit User], associated text = [<], tooltip text = [No getTooltipText() method found], title = [No getTitle() method found]
[19-15-43] [SYSTEM_IO]: Userdata requested: randombackground
[19-15-43] [SYSTEM_IO]: Userdata requested: debugwindows
[19-15-43] [SYSTEM_IO]: Userdata requested: intromusic
[19-15-43] [SYSTEM_IO]: Userdata requested: randombackground
[19-15-43] [SYSTEM_IO]: Userdata requested: debugwindows
[19-15-43] [SYSTEM_IO]: Userdata requested: intromusic
[19-15-43] [SYSTEM_IO]: Userdata requested: Foreground
[19-15-43] [SYSTEM_IO]: Userdata requested: Foreground
[19-15-43] [SYSTEM_IO]: Userdata requested: Background
[19-15-43] [SYSTEM_IO]: Userdata requested: Background
[19-15-43] [SYSTEM_IO]: Userdata requested: Font
[19-15-43] [ACTION]: Component name = [cyder.ui.CyderButton], bounds = [(20, 175, 50, 250)], hash = [268149387], parentFrame = [Edit User], associated text = [<], tooltip text = [No getTooltipText() method found], title = [No getTitle() method found]
[19-15-43] [ACTION]: [Edit User] [NOTIFICATION] Loading fonts...
[19-15-44] [SYSTEM_IO]: Userdata requested: persistentnotifications
[19-15-45] [ACTION]: [Edit User] [NOTIFICATION] Fonts loaded
[19-15-46] [SYSTEM_IO]: Userdata requested: persistentnotifications
[19-15-57] [ACTION]: Component name = [cyder.ui.DragLabel], bounds = [(2, 2, 896, 28)], hash = [1427155636], parentFrame = [Edit User], associated text = [No getText() method found], tooltip text = [No getTooltipText() method found], title = [No getTitle() method found]
[19-15-57] [ACTION]: CyderFrame disposed with fastclose: false, CyderFrame: Component name = [cyder.ui.CyderFrame], bounds = [(1015, 269, 900, 580)], hash = [1674816300], parentFrame = [Object itself is the top level frame], associated text = [No getText() method found], tooltip text = [No getTooltipText() method found], title = [Edit User]
[19-15-57] [SYSTEM_IO]: Userdata requested: OutputBorder
[19-15-57] [SYSTEM_IO]: Userdata requested: InputBorder
[19-15-57] [SYSTEM_IO]: Userdata requested: FullScreen
[19-15-57] [SYSTEM_IO]: Userdata requested: FullScreen
[19-15-57] [SYSTEM_IO]: Userdata requested: ClockOnConsole
[19-15-57] [SYSTEM_IO]: Userdata requested: OutputFill
[19-15-57] [SYSTEM_IO]: Userdata requested: InputFill
[19-15-57] [SYSTEM_IO]: Userdata requested: closeanimation
[19-15-58] [SYSTEM_IO]: Userdata requested: minimizeonclose
[19-15-58] [SYSTEM_IO]: Userdata requested: Name
[19-15-58] [LOGOUT]: [Nathan]
[19-15-58] [ACTION]: CyderFrame disposed with fastclose: false, CyderFrame: Component name = [cyder.ui.ConsoleFrame], bounds = [(951, 222, 1029, 675)], hash = [159290353], parentFrame = [Object itself is the top level frame], associated text = [No getText() method found], tooltip text = [No getTooltipText() method found], title = [Stellar Cyder [Nathan]]
[19-15-58] [SYSTEM_IO]: Userdata requested: closeanimation
[19-15-58] [EXIT]: [RUNTIME] 29s
[19-15-58] [EOL]: Log completed, exiting Cyder with exit code: 25 [Genesis Controlled Exit], exceptions thrown: 0
