[21-11-42] [JVM_ENTRY]: [Nathan]
[21-11-42] [THREAD STARTED]: Object Creation Logger
[21-11-42] [SYSTEM_IO]: Requested deletion of: C:\Users\Nathan\Documents\IntelliJava\Cyder\logs\2022-03-15
[21-11-42] [SYSTEM_IO]: Requested deletion of: C:\Users\Nathan\Documents\IntelliJava\Cyder\logs\2022-03-15\20-3
           3-29-1.log
[21-11-42] [SYSTEM_IO]: Requested deletion of: C:\Users\Nathan\Documents\IntelliJava\Cyder\logs\2022-03-15\20-3
           6-03-1.log
[21-11-42] [SYSTEM_IO]: Requested deletion of: C:\Users\Nathan\Documents\IntelliJava\Cyder\logs\2022-03-15\20-3
           7-18-1.log
[21-11-42] [SYSTEM_IO]: Requested deletion of: C:\Users\Nathan\Documents\IntelliJava\Cyder\logs\2022-03-15\20-3
           8-40-1.log
[21-11-42] [SYSTEM_IO]: Requested deletion of: C:\Users\Nathan\Documents\IntelliJava\Cyder\logs\2022-03-15\20-4
           0-27-1.log
[21-11-42] [SYSTEM_IO]: Requested deletion of: C:\Users\Nathan\Documents\IntelliJava\Cyder\logs\2022-03-15\20-4
           1-36-1.log
[21-11-42] [SYSTEM_IO]: Requested deletion of: C:\Users\Nathan\Documents\IntelliJava\Cyder\logs\2022-03-15\20-4
           2-56-1.log
[21-11-42] [SYSTEM_IO]: Requested deletion of: C:\Users\Nathan\Documents\IntelliJava\Cyder\logs\2022-03-15\20-4
           4-23-1.log
[21-11-42] [SYSTEM_IO]: Requested deletion of: C:\Users\Nathan\Documents\IntelliJava\Cyder\logs\2022-03-15\20-4
           4-48-1.log
[21-11-42] [SYSTEM_IO]: Requested deletion of: C:\Users\Nathan\Documents\IntelliJava\Cyder\logs\2022-03-15\20-4
           6-55-1.log
[21-11-42] [SYSTEM_IO]: Requested deletion of: C:\Users\Nathan\Documents\IntelliJava\Cyder\logs\2022-03-15\20-5
           2-24-1.log
[21-11-42] [SYSTEM_IO]: Requested deletion of: C:\Users\Nathan\Documents\IntelliJava\Cyder\logs\2022-03-15\20-5
           6-01-1.log
[21-11-42] [SYSTEM_IO]: Requested deletion of: C:\Users\Nathan\Documents\IntelliJava\Cyder\logs\2022-03-15\20-5
           6-56-1.log
[21-11-42] [SYSTEM_IO]: Requested deletion of: C:\Users\Nathan\Documents\IntelliJava\Cyder\logs\2022-03-15\20-5
           9-07-1.log
[21-11-42] [SYSTEM_IO]: Requested deletion of: C:\Users\Nathan\Documents\IntelliJava\Cyder\logs\2022-03-15\21-0
           0-01-1.log
[21-11-42] [SYSTEM_IO]: Requested deletion of: C:\Users\Nathan\Documents\IntelliJava\Cyder\logs\2022-03-15\21-0
           3-55-1.log
[21-11-42] [SYSTEM_IO]: Requested deletion of: C:\Users\Nathan\Documents\IntelliJava\Cyder\logs\2022-03-15\21-1
           6-38-1.log
[21-11-42] [SYSTEM_IO]: Requested deletion of: C:\Users\Nathan\Documents\IntelliJava\Cyder\logs\2022-03-15\21-1
           7-38-1.log
[21-11-42] [SYSTEM_IO]: Requested deletion of: C:\Users\Nathan\Documents\IntelliJava\Cyder\logs\2022-03-15\21-2
           1-52-1.log
[21-11-42] [SYSTEM_IO]: Requested deletion of: C:\Users\Nathan\Documents\IntelliJava\Cyder\logs\2022-03-15\21-2
           3-50-1.log
[21-11-42] [SYSTEM_IO]: Requested deletion of: C:\Users\Nathan\Documents\IntelliJava\Cyder\logs\2022-03-15\21-2
           4-50-1.log
[21-11-42] [SYSTEM_IO]: Requested deletion of: C:\Users\Nathan\Documents\IntelliJava\Cyder\logs\2022-03-15\21-2
           5-10-1.log
[21-11-42] [SYSTEM_IO]: Requested deletion of: C:\Users\Nathan\Documents\IntelliJava\Cyder\logs\2022-03-15\21-2
           7-47-1.log
[21-11-42] [SYSTEM_IO]: Requested deletion of: C:\Users\Nathan\Documents\IntelliJava\Cyder\logs\2022-03-15\21-3
           8-11-1.log
[21-11-42] [SYSTEM_IO]: Requested deletion of: C:\Users\Nathan\Documents\IntelliJava\Cyder\logs\2022-03-15\21-4
           3-03-1.log
[21-11-42] [SYSTEM_IO]: Requested deletion of: C:\Users\Nathan\Documents\IntelliJava\Cyder\logs\2022-03-15\21-4
           5-26-1.log
[21-11-42] [SYSTEM_IO]: Requested deletion of: C:\Users\Nathan\Documents\IntelliJava\Cyder\logs\2022-03-15\21-4
           9-23-1.log
[21-11-42] [SYSTEM_IO]: Requested deletion of: C:\Users\Nathan\Documents\IntelliJava\Cyder\logs\2022-03-15\21-4
           9-46-1.log
[21-11-42] [SYSTEM_IO]: Requested deletion of: C:\Users\Nathan\Documents\IntelliJava\Cyder\logs\2022-03-15\21-5
           8-52-1.log
[21-11-42] [SYSTEM_IO]: Requested deletion of: C:\Users\Nathan\Documents\IntelliJava\Cyder\logs\2022-03-15\22-0
           3-51-1.log
[21-11-42] [SYSTEM_IO]: Requested deletion of: C:\Users\Nathan\Documents\IntelliJava\Cyder\logs\2022-03-15\22-0
           5-07-1.log
[21-11-42] [SYSTEM_IO]: Requested deletion of: C:\Users\Nathan\Documents\IntelliJava\Cyder\logs\2022-03-15\22-0
           5-34-1.log
[21-11-42] [SYSTEM_IO]: Requested deletion of: C:\Users\Nathan\Documents\IntelliJava\Cyder\logs\2022-03-15\22-0
           8-54-1.log
[21-11-42] [SYSTEM_IO]: Requested deletion of: C:\Users\Nathan\Documents\IntelliJava\Cyder\logs\2022-03-15\22-1
           0-50-1.log
[21-11-42] [SYSTEM_IO]: Requested deletion of: C:\Users\Nathan\Documents\IntelliJava\Cyder\logs\2022-03-15\22-1
           2-00-1.log
[21-11-42] [SYSTEM_IO]: Requested deletion of: C:\Users\Nathan\Documents\IntelliJava\Cyder\logs\2022-03-15\22-2
           4-14-1.log
[21-11-42] [SYSTEM_IO]: Requested deletion of: C:\Users\Nathan\Documents\IntelliJava\Cyder\logs\2022-03-15\22-2
           5-55-1.log
[21-11-42] [SYSTEM_IO]: Requested deletion of: C:\Users\Nathan\Documents\IntelliJava\Cyder\logs\2022-03-15\22-2
           6-13-1.log
[21-11-42] [SYSTEM_IO]: Requested deletion of: C:\Users\Nathan\Documents\IntelliJava\Cyder\logs\2022-03-15\22-3
           0-17-1.log
[21-11-42] [SYSTEM_IO]: Requested deletion of: C:\Users\Nathan\Documents\IntelliJava\Cyder\logs\2022-03-15\22-3
           1-26-1.log
[21-11-42] [SYSTEM_IO]: Requested deletion of: C:\Users\Nathan\Documents\IntelliJava\Cyder\logs\2022-03-15\22-4
           0-29-1.log
[21-11-42] [SYSTEM_IO]: Requested deletion of: C:\Users\Nathan\Documents\IntelliJava\Cyder\logs\2022-03-15\22-4
           2-28-1.log
[21-11-42] [SYSTEM_IO]: Requested deletion of: C:\Users\Nathan\Documents\IntelliJava\Cyder\logs\2022-03-15\22-4
           3-31-1.log
[21-11-42] [SYSTEM_IO]: Requested deletion of: C:\Users\Nathan\Documents\IntelliJava\Cyder\logs\2022-03-15\22-4
           3-44-1.log
[21-11-42] [THREAD STARTED]: Singular Cyder Instance Ensurer
[21-11-43] [FONT LOADED]: font name = agency-fb
[21-11-43] [FONT LOADED]: font name = arial-black
[21-11-43] [FONT LOADED]: font name = beyno
[21-11-43] [FONT LOADED]: font name = darling-in-paris
[21-11-43] [FONT LOADED]: font name = Prompt-Bold
[21-11-43] [FONT LOADED]: font name = segoe-ui-black
[21-11-43] [FONT LOADED]: font name = tahoma
[21-11-43] [THREAD STARTED]: Splash Loader
[21-11-43] [THREAD STARTED]: Splash Animation
[21-11-44] [THREAD STARTED]: Cyder Start Secondary Subroutines
[21-11-44] [LOGIN]: [AUTOCYPHER ATTEMPT]
[21-11-44] [THREAD STARTED]: JVM Args Logger
[21-11-44] [SYSTEM_IO]: Requested deletion of: C:\Users\Nathan\Documents\IntelliJava\Cyder\dynamic\tmp
[21-11-44] [SYSTEM_IO]: [JSON WRITE] User was written to file: 7d7ebb00-81fe-329f-8a78-62f463d0b7da\Userdata.js
           on
[21-11-44] [SYSTEM_IO]: Requested deletion of: C:\Users\Nathan\Documents\IntelliJava\Cyder\dynamic\backup\7d7eb
           b00-81fe-329f-8a78-62f463d0b7da_1647477219194.json
[21-11-44] [LOGIN]: [AUTOCYPHER PASS, 7d7ebb00-81fe-329f-8a78-62f463d0b7da]
[21-11-45] [SYSTEM_IO]: [JSON WRITE] User was written to file: 7d7ebb00-81fe-329f-8a78-62f463d0b7da\Userdata.js
           on
[21-11-45] [SYSTEM_IO]: Requested deletion of: C:\Users\Nathan\Documents\IntelliJava\Cyder\dynamic\backup\7d7eb
           b00-81fe-329f-8a78-62f463d0b7da_1647483104349.json
[21-11-45] [SYSTEM_IO]: Userdata requested: RandomBackground
[21-11-45] [SYSTEM_IO]: Userdata requested: FullScreen [4x]
[21-11-45] [THREAD STARTED]: Console Printing Animation
[21-11-45] [SYSTEM_IO]: Userdata requested: OutputBorder
[21-11-45] [SYSTEM_IO]: Userdata requested: FullScreen
[21-11-45] [SYSTEM_IO]: Userdata requested: InputBorder
[21-11-45] [THREAD STARTED]: Console Input Caret Position Updater
[21-11-45] [SYSTEM_IO]: Userdata requested: OutputFill
[21-11-45] [SYSTEM_IO]: Userdata requested: InputFill
[21-11-45] [THREAD STARTED]: High Ping Checker
[21-11-45] [THREAD STARTED]: Hourly Chime Checker
[21-11-45] [THREAD STARTED]: Console Clock Updater
[21-11-45] [THREAD STARTED]: Cyder Busy Checker
[21-11-45] [THREAD STARTED]: ConsoleFrame Stat Saver
[21-11-45] [UI ACTION]: Console loaded in 3074ms
[21-11-45] [THREAD STARTED]: Component = ConsoleFrame (inner), hash = 1244867001, bounds = (1446, 70, 1000,
           1000), parent frame = Component is top frame, getTitle() = Insomnia Cyder [Nathan] notification queue checker
[21-11-45] [THREAD STARTED]: [Cyder Splash]  dispose() animation thread
[21-11-45] [UI ACTION]: CyderFrame disposed with fastclose: true, Component = CyderFrame, hash = 433305191,
           bounds = (980, 396, 600, 600), parent frame = Component is top frame, getTitle() = Cyder Splash
[21-11-45] [OBJECT CREATION]: Objects created since last delta (5s): 94
[21-11-45] [SYSTEM_IO]: Userdata requested: DebugWindows
[21-11-45] [CONSOLE LOADED]: [Nathan] [TESTING MODE]
[21-11-45] [SYSTEM_IO]: Userdata requested: laststart
[21-11-45] [SYSTEM_IO]: [JSON WRITE] User was written to file: 7d7ebb00-81fe-329f-8a78-62f463d0b7da\Userdata.js
           on
[21-11-45] [SYSTEM_IO]: Requested deletion of: C:\Users\Nathan\Documents\IntelliJava\Cyder\dynamic\backup\7d7eb
           b00-81fe-329f-8a78-62f463d0b7da_1647483105218.json
[21-11-45] [UI ACTION]: [Insomnia Cyder [Nathan]] [NOTIFICATION] w = 288, h = 29, text = <html>Console loaded
           in 3074ms</html>
[21-11-45] [THREAD STARTED]: notification appear animation
[21-11-45] [SYSTEM_IO]: Userdata requested: persistentnotifications
[21-11-45] [THREAD STARTED]: Notificaiton Vanish Animator
[21-11-48] [SYSTEM_IO]: [JSON WRITE] User was written to file: 7d7ebb00-81fe-329f-8a78-62f463d0b7da\Userdata.js
           on
[21-11-48] [SYSTEM_IO]: Requested deletion of: C:\Users\Nathan\Documents\IntelliJava\Cyder\dynamic\backup\7d7eb
           b00-81fe-329f-8a78-62f463d0b7da_1647483105498.json
[21-11-50] [OBJECT CREATION]: Objects created since last delta (5s): 6
[21-11-52] [SYSTEM_IO]: [JSON WRITE] User was written to file: 7d7ebb00-81fe-329f-8a78-62f463d0b7da\Userdata.js
           on
[21-11-52] [SYSTEM_IO]: Requested deletion of: C:\Users\Nathan\Documents\IntelliJava\Cyder\dynamic\backup\7d7eb
           b00-81fe-329f-8a78-62f463d0b7da_1647483108344.json
[21-11-55] [OBJECT CREATION]: Objects created since last delta (5s): 1
[21-11-55] [SYSTEM_IO]: [JSON WRITE] User was written to file: 7d7ebb00-81fe-329f-8a78-62f463d0b7da\Userdata.js
           on
[21-11-55] [SYSTEM_IO]: Requested deletion of: C:\Users\Nathan\Documents\IntelliJava\Cyder\dynamic\backup\7d7eb
           b00-81fe-329f-8a78-62f463d0b7da_1647483112070.json
[21-11-59] [SYSTEM_IO]: [JSON WRITE] User was written to file: 7d7ebb00-81fe-329f-8a78-62f463d0b7da\Userdata.js
           on
[21-11-59] [SYSTEM_IO]: Requested deletion of: C:\Users\Nathan\Documents\IntelliJava\Cyder\dynamic\backup\7d7eb
           b00-81fe-329f-8a78-62f463d0b7da_1647483115986.json
[21-12-00] [OBJECT CREATION]: Objects created since last delta (5s): 2
[21-12-03] [SYSTEM_IO]: [JSON WRITE] User was written to file: 7d7ebb00-81fe-329f-8a78-62f463d0b7da\Userdata.js
           on
[21-12-03] [SYSTEM_IO]: Requested deletion of: C:\Users\Nathan\Documents\IntelliJava\Cyder\dynamic\backup\7d7eb
           b00-81fe-329f-8a78-62f463d0b7da_1647483119728.json
[21-12-05] [OBJECT CREATION]: Objects created since last delta (5s): 1
[21-12-07] [SYSTEM_IO]: [JSON WRITE] User was written to file: 7d7ebb00-81fe-329f-8a78-62f463d0b7da\Userdata.js
           on
[21-12-07] [SYSTEM_IO]: Requested deletion of: C:\Users\Nathan\Documents\IntelliJava\Cyder\dynamic\backup\7d7eb
           b00-81fe-329f-8a78-62f463d0b7da_1647483123503.json
[21-12-10] [OBJECT CREATION]: Objects created since last delta (5s): 1
[21-12-10] [SYSTEM_IO]: [JSON WRITE] User was written to file: 7d7ebb00-81fe-329f-8a78-62f463d0b7da\Userdata.js
           on
[21-12-10] [SYSTEM_IO]: Requested deletion of: C:\Users\Nathan\Documents\IntelliJava\Cyder\dynamic\backup\7d7eb
           b00-81fe-329f-8a78-62f463d0b7da_1647483127252.json
[21-12-14] [SYSTEM_IO]: [JSON WRITE] User was written to file: 7d7ebb00-81fe-329f-8a78-62f463d0b7da\Userdata.js
           on
[21-12-14] [SYSTEM_IO]: Requested deletion of: C:\Users\Nathan\Documents\IntelliJava\Cyder\dynamic\backup\7d7eb
           b00-81fe-329f-8a78-62f463d0b7da_1647483130989.json
[21-12-15] [OBJECT CREATION]: Objects created since last delta (5s): 2
[21-12-18] [SYSTEM_IO]: [JSON WRITE] User was written to file: 7d7ebb00-81fe-329f-8a78-62f463d0b7da\Userdata.js
           on
[21-12-18] [SYSTEM_IO]: Requested deletion of: C:\Users\Nathan\Documents\IntelliJava\Cyder\dynamic\backup\7d7eb
           b00-81fe-329f-8a78-62f463d0b7da_1647483134739.json
[21-12-20] [OBJECT CREATION]: Objects created since last delta (5s): 1
[21-12-43] [EOL]: Log completed, Cyder crashed unexpectedly: exit code: -9 External Stop, exceptions thrown: 0
