[21-30-41] [JVM_ENTRY]: [Nathan]
[21-30-41] [THREAD STARTED]: Object Creation Logger
[21-30-41] [THREAD STARTED]: GUI Thread Freeze Detector
[21-30-41] [THREAD STARTED]: no
[21-30-41] [THREAD STARTED]: Singular Cyder Instance Ensurer
[21-30-42] [FONT LOADED]: font name = agency-fb
[21-30-42] [FONT LOADED]: font name = arial-black
[21-30-42] [FONT LOADED]: font name = beyno
[21-30-42] [FONT LOADED]: font name = darling-in-paris
[21-30-42] [FONT LOADED]: font name = Prompt-Bold
[21-30-42] [FONT LOADED]: font name = segoe-ui-black
[21-30-42] [FONT LOADED]: font name = tahoma
[21-30-42] [THREAD STARTED]: Splash Loader
[21-30-42] [THREAD STARTED]: Splash Animation
[21-30-42] [THREAD STARTED]: Cyder Start Secondary Subroutines
[21-30-42] [LOGIN]: [AUTOCYPHER ATTEMPT]
[21-30-42] [THREAD STARTED]: JVM Args Logger
[21-30-42] [SYSTEM_IO]: Requested deletion of: C:\Users\Nathan\Documents\IntelliJava\Cyder\dynamic\tmp
[21-30-42] [SYSTEM_IO]: [JSON WRITE] User was written to file: 7d7ebb00-81fe-329f-8a78-62f463d0b7da\Userdata.js
           on
[21-30-42] [SYSTEM_IO]: Requested deletion of: C:\Users\Nathan\Documents\IntelliJava\Cyder\dynamic\backup\7d7eb
           b00-81fe-329f-8a78-62f463d0b7da_1647484145552.json
[21-30-43] [LOGIN]: [AUTOCYPHER PASS, 7d7ebb00-81fe-329f-8a78-62f463d0b7da]
[21-30-43] [SYSTEM_IO]: [JSON WRITE] User was written to file: 7d7ebb00-81fe-329f-8a78-62f463d0b7da\Userdata.js
           on
[21-30-43] [SYSTEM_IO]: Requested deletion of: C:\Users\Nathan\Documents\IntelliJava\Cyder\dynamic\backup\7d7eb
           b00-81fe-329f-8a78-62f463d0b7da_1647484242921.json
[21-30-43] [SYSTEM_IO]: Userdata requested: RandomBackground
[21-30-43] [SYSTEM_IO]: Userdata requested: FullScreen [4x]
[21-30-43] [THREAD STARTED]: Console Printing Animation
[21-30-43] [SYSTEM_IO]: Userdata requested: OutputBorder
[21-30-43] [SYSTEM_IO]: Userdata requested: FullScreen
[21-30-43] [SYSTEM_IO]: Userdata requested: InputBorder
[21-30-43] [THREAD STARTED]: Console Input Caret Position Updater
[21-30-43] [SYSTEM_IO]: Userdata requested: OutputFill
[21-30-43] [SYSTEM_IO]: Userdata requested: InputFill
[21-30-43] [THREAD STARTED]: High Ping Checker
[21-30-43] [THREAD STARTED]: Hourly Chime Checker
[21-30-43] [THREAD STARTED]: Console Clock Updater
[21-30-43] [THREAD STARTED]: Cyder Busy Checker
[21-30-43] [THREAD STARTED]: ConsoleFrame Stat Saver
[21-30-43] [UI ACTION]: Console loaded in 2508ms
[21-30-43] [THREAD STARTED]: Component = ConsoleFrame (inner), hash = 315461968, bounds = (1407, 249, 692,
           736), parent frame = Component is top frame, getTitle() = Insomnia Cyder [Nathan] notification queue checker
[21-30-43] [THREAD STARTED]: [Cyder Splash]  dispose() animation thread
[21-30-43] [UI ACTION]: CyderFrame disposed with fastclose: true, Component = CyderFrame, hash = 1838255040,
           bounds = (980, 396, 600, 600), parent frame = Component is top frame, getTitle() = Cyder Splash
[21-30-43] [SYSTEM_IO]: Userdata requested: DebugWindows
[21-30-43] [CONSOLE LOADED]: [Nathan] [TESTING MODE]
[21-30-43] [SYSTEM_IO]: Userdata requested: laststart
[21-30-43] [SYSTEM_IO]: [JSON WRITE] User was written to file: 7d7ebb00-81fe-329f-8a78-62f463d0b7da\Userdata.js
           on
[21-30-43] [SYSTEM_IO]: Requested deletion of: C:\Users\Nathan\Documents\IntelliJava\Cyder\dynamic\backup\7d7eb
           b00-81fe-329f-8a78-62f463d0b7da_1647484243605.json
[21-30-43] [UI ACTION]: [Insomnia Cyder [Nathan]] [NOTIFICATION] w = 287, h = 29, text = <html>Console loaded
           in 2508ms</html>
[21-30-43] [THREAD STARTED]: notification appear animation
[21-30-43] [SYSTEM_IO]: Userdata requested: persistentnotifications
[21-30-43] [THREAD STARTED]: Notificaiton Vanish Animator
[21-30-44] [OBJECT CREATION]: Objects created since last delta (5s): 98
[21-30-46] [SYSTEM_IO]: [JSON WRITE] User was written to file: 7d7ebb00-81fe-329f-8a78-62f463d0b7da\Userdata.js
           on
[21-30-46] [SYSTEM_IO]: Requested deletion of: C:\Users\Nathan\Documents\IntelliJava\Cyder\dynamic\backup\7d7eb
           b00-81fe-329f-8a78-62f463d0b7da_1647484243823.json
[21-30-49] [OBJECT CREATION]: Objects created since last delta (5s): 2
[21-30-50] [SYSTEM_IO]: [JSON WRITE] User was written to file: 7d7ebb00-81fe-329f-8a78-62f463d0b7da\Userdata.js
           on
[21-30-50] [SYSTEM_IO]: Requested deletion of: C:\Users\Nathan\Documents\IntelliJava\Cyder\dynamic\backup\7d7eb
           b00-81fe-329f-8a78-62f463d0b7da_1647484246741.json
[21-30-54] [SYSTEM_IO]: [JSON WRITE] User was written to file: 7d7ebb00-81fe-329f-8a78-62f463d0b7da\Userdata.js
           on
[21-30-54] [SYSTEM_IO]: Requested deletion of: C:\Users\Nathan\Documents\IntelliJava\Cyder\dynamic\backup\7d7eb
           b00-81fe-329f-8a78-62f463d0b7da_1647484250488.json
[21-30-54] [OBJECT CREATION]: Objects created since last delta (5s): 2
[21-30-58] [SYSTEM_IO]: [JSON WRITE] User was written to file: 7d7ebb00-81fe-329f-8a78-62f463d0b7da\Userdata.js
           on
[21-30-58] [SYSTEM_IO]: Requested deletion of: C:\Users\Nathan\Documents\IntelliJava\Cyder\dynamic\backup\7d7eb
           b00-81fe-329f-8a78-62f463d0b7da_1647484254257.json
[21-30-59] [OBJECT CREATION]: Objects created since last delta (5s): 1
[21-31-01] [SYSTEM_IO]: [JSON WRITE] User was written to file: 7d7ebb00-81fe-329f-8a78-62f463d0b7da\Userdata.js
           on
[21-31-01] [SYSTEM_IO]: Requested deletion of: C:\Users\Nathan\Documents\IntelliJava\Cyder\dynamic\backup\7d7eb
           b00-81fe-329f-8a78-62f463d0b7da_1647484258018.json
[21-31-04] [OBJECT CREATION]: Objects created since last delta (5s): 1
[21-31-04] [CLIENT]: freeze
[21-31-04] [SYSTEM_IO]: Userdata requested: filterchat
[21-31-05] [SYSTEM_IO]: [JSON WRITE] User was written to file: 7d7ebb00-81fe-329f-8a78-62f463d0b7da\Userdata.js
           on
[21-31-05] [SYSTEM_IO]: Requested deletion of: C:\Users\Nathan\Documents\IntelliJava\Cyder\dynamic\backup\7d7eb
           b00-81fe-329f-8a78-62f463d0b7da_1647484261763.json
[21-32-20] [EOL]: Log completed, Cyder crashed unexpectedly: exit code: -9 External Stop, exceptions thrown: 0
