[22-57-36] [JVM_ENTRY]: [Nathan]
[22-57-36] [THREAD STARTED]: Object Creation Logger
[22-57-36] [THREAD STARTED]: Watchdog Initializer
[22-57-36] [THREAD STARTED]: Singular Cyder Instance Ensurer
[22-57-37] [FONT LOADED]: font name = agency-fb
[22-57-37] [FONT LOADED]: font name = arial-black
[22-57-37] [FONT LOADED]: font name = beyno
[22-57-37] [FONT LOADED]: font name = darling-in-paris
[22-57-37] [FONT LOADED]: font name = Prompt-Bold
[22-57-37] [FONT LOADED]: font name = segoe-ui-black
[22-57-37] [FONT LOADED]: font name = tahoma
[22-57-37] [THREAD STARTED]: Splash Loader
[22-57-37] [THREAD STARTED]: Splash Animation
[22-57-37] [THREAD STARTED]: Cyder Start Secondary Subroutines
[22-57-37] [LOGIN]: [AUTOCYPHER ATTEMPT]
[22-57-37] [THREAD STARTED]: JVM Args Logger
[22-57-37] [SYSTEM_IO]: Requested deletion of: C:\Users\Nathan\Documents\IntelliJava\Cyder\dynamic\tmp
[22-57-37] [SYSTEM_IO]: [JSON WRITE] User was written to file: 7d7ebb00-81fe-329f-8a78-62f463d0b7da\Userdata.js
           on
[22-57-37] [SYSTEM_IO]: Requested deletion of: C:\Users\Nathan\Documents\IntelliJava\Cyder\dynamic\backup\7d7eb
           b00-81fe-329f-8a78-62f463d0b7da_1647489172451.json
[22-57-38] [LOGIN]: [AUTOCYPHER PASS, 7d7ebb00-81fe-329f-8a78-62f463d0b7da]
[22-57-38] [SYSTEM_IO]: [JSON WRITE] User was written to file: 7d7ebb00-81fe-329f-8a78-62f463d0b7da\Userdata.js
           on
[22-57-38] [SYSTEM_IO]: Requested deletion of: C:\Users\Nathan\Documents\IntelliJava\Cyder\dynamic\backup\7d7eb
           b00-81fe-329f-8a78-62f463d0b7da_1647489457735.json
[22-57-38] [SYSTEM_IO]: Userdata requested: RandomBackground
[22-57-38] [SYSTEM_IO]: Userdata requested: FullScreen [4x]
[22-57-38] [THREAD STARTED]: Console Printing Animation
[22-57-38] [SYSTEM_IO]: Userdata requested: OutputBorder
[22-57-38] [SYSTEM_IO]: Userdata requested: FullScreen
[22-57-38] [SYSTEM_IO]: Userdata requested: InputBorder
[22-57-38] [THREAD STARTED]: Console Input Caret Position Updater
[22-57-38] [SYSTEM_IO]: Userdata requested: OutputFill
[22-57-38] [SYSTEM_IO]: Userdata requested: InputFill
[22-57-38] [THREAD STARTED]: High Ping Checker
[22-57-38] [THREAD STARTED]: Hourly Chime Checker
[22-57-38] [THREAD STARTED]: Console Clock Updater
[22-57-38] [THREAD STARTED]: Cyder Busy Checker
[22-57-38] [THREAD STARTED]: ConsoleFrame Stat Saver
[22-57-38] [UI ACTION]: Console loaded in 2565ms
[22-57-38] [THREAD STARTED]: Component = ConsoleFrame (inner), hash = 1822434669, bounds = (1507, 221, 692,
           736), parent frame = Component is top frame, getTitle() = Insomnia Cyder [Nathan] notification queue checker
[22-57-38] [THREAD STARTED]: [Cyder Splash]  dispose() animation thread
[22-57-38] [SYSTEM_IO]: Userdata requested: DebugWindows
[22-57-38] [CONSOLE LOADED]: [Nathan] [TESTING MODE]
[22-57-38] [SYSTEM_IO]: Userdata requested: laststart
[22-57-38] [SYSTEM_IO]: [JSON WRITE] User was written to file: 7d7ebb00-81fe-329f-8a78-62f463d0b7da\Userdata.js
           on
[22-57-38] [UI ACTION]: CyderFrame disposed with fastclose: true, Component = CyderFrame, hash = 121963984,
           bounds = (980, 396, 600, 600), parent frame = Component is top frame, getTitle() = Cyder Splash
[22-57-38] [SYSTEM_IO]: Requested deletion of: C:\Users\Nathan\Documents\IntelliJava\Cyder\dynamic\backup\7d7eb
           b00-81fe-329f-8a78-62f463d0b7da_1647489458434.json
[22-57-38] [UI ACTION]: [Insomnia Cyder [Nathan]] [NOTIFICATION] w = 287, h = 29, text = <html>Console loaded
           in 2565ms</html>
[22-57-38] [THREAD STARTED]: notification appear animation
[22-57-38] [SYSTEM_IO]: Userdata requested: persistentnotifications
[22-57-38] [THREAD STARTED]: Notificaiton Vanish Animator
[22-57-39] [OBJECT CREATION]: Objects created since last delta (5s): 98
[22-57-39] [THREAD STARTED]: Cyder Watchdog
[22-57-40] [CLIENT]: freeze
[22-57-40] [SYSTEM_IO]: Userdata requested: filterchat
[22-57-41] [SYSTEM_IO]: [JSON WRITE] User was written to file: 7d7ebb00-81fe-329f-8a78-62f463d0b7da\Userdata.js
           on
[22-57-41] [SYSTEM_IO]: Requested deletion of: C:\Users\Nathan\Documents\IntelliJava\Cyder\dynamic\backup\7d7eb
           b00-81fe-329f-8a78-62f463d0b7da_1647489458642.json
[22-57-42] [THREAD STATUS POLLED]: name = AWT-EventQueue-0, state = RUNNABLE
[22-57-44] [OBJECT CREATION]: Objects created since last delta (5s): 2
[22-57-45] [SYSTEM_IO]: [JSON WRITE] User was written to file: 7d7ebb00-81fe-329f-8a78-62f463d0b7da\Userdata.js
           on
[22-57-45] [SYSTEM_IO]: Requested deletion of: C:\Users\Nathan\Documents\IntelliJava\Cyder\dynamic\backup\7d7eb
           b00-81fe-329f-8a78-62f463d0b7da_1647489461567.json
[22-57-49] [SYSTEM_IO]: [JSON WRITE] User was written to file: 7d7ebb00-81fe-329f-8a78-62f463d0b7da\Userdata.js
           on
[22-57-49] [SYSTEM_IO]: Requested deletion of: C:\Users\Nathan\Documents\IntelliJava\Cyder\dynamic\backup\7d7eb
           b00-81fe-329f-8a78-62f463d0b7da_1647489465292.json
[22-57-49] [OBJECT CREATION]: Objects created since last delta (5s): 2
[22-57-52] [SYSTEM_IO]: [JSON WRITE] User was written to file: 7d7ebb00-81fe-329f-8a78-62f463d0b7da\Userdata.js
           on
[22-57-52] [SYSTEM_IO]: Requested deletion of: C:\Users\Nathan\Documents\IntelliJava\Cyder\dynamic\backup\7d7eb
           b00-81fe-329f-8a78-62f463d0b7da_1647489469058.json
[22-57-54] [OBJECT CREATION]: Objects created since last delta (5s): 1
[22-57-56] [SYSTEM_IO]: [JSON WRITE] User was written to file: 7d7ebb00-81fe-329f-8a78-62f463d0b7da\Userdata.js
           on
[22-57-56] [SYSTEM_IO]: Requested deletion of: C:\Users\Nathan\Documents\IntelliJava\Cyder\dynamic\backup\7d7eb
           b00-81fe-329f-8a78-62f463d0b7da_1647489472805.json
[22-57-59] [OBJECT CREATION]: Objects created since last delta (5s): 1
[22-58-00] [SYSTEM_IO]: [JSON WRITE] User was written to file: 7d7ebb00-81fe-329f-8a78-62f463d0b7da\Userdata.js
           on
[22-58-00] [SYSTEM_IO]: Requested deletion of: C:\Users\Nathan\Documents\IntelliJava\Cyder\dynamic\backup\7d7eb
           b00-81fe-329f-8a78-62f463d0b7da_1647489476555.json
[22-58-04] [SYSTEM_IO]: [JSON WRITE] User was written to file: 7d7ebb00-81fe-329f-8a78-62f463d0b7da\Userdata.js
           on
[22-58-04] [SYSTEM_IO]: Requested deletion of: C:\Users\Nathan\Documents\IntelliJava\Cyder\dynamic\backup\7d7eb
           b00-81fe-329f-8a78-62f463d0b7da_1647489480305.json
[22-58-04] [OBJECT CREATION]: Objects created since last delta (5s): 2
[22-58-07] [SYSTEM_IO]: [JSON WRITE] User was written to file: 7d7ebb00-81fe-329f-8a78-62f463d0b7da\Userdata.js
           on
[22-58-07] [SYSTEM_IO]: Requested deletion of: C:\Users\Nathan\Documents\IntelliJava\Cyder\dynamic\backup\7d7eb
           b00-81fe-329f-8a78-62f463d0b7da_1647489484049.json
[22-58-09] [OBJECT CREATION]: Objects created since last delta (5s): 1
[22-58-11] [SYSTEM_IO]: [JSON WRITE] User was written to file: 7d7ebb00-81fe-329f-8a78-62f463d0b7da\Userdata.js
           on
[22-58-11] [SYSTEM_IO]: Requested deletion of: C:\Users\Nathan\Documents\IntelliJava\Cyder\dynamic\backup\7d7eb
           b00-81fe-329f-8a78-62f463d0b7da_1647489487793.json
[22-58-14] [OBJECT CREATION]: Objects created since last delta (5s): 1
[22-58-15] [SYSTEM_IO]: [JSON WRITE] User was written to file: 7d7ebb00-81fe-329f-8a78-62f463d0b7da\Userdata.js
           on
[22-58-15] [SYSTEM_IO]: Requested deletion of: C:\Users\Nathan\Documents\IntelliJava\Cyder\dynamic\backup\7d7eb
           b00-81fe-329f-8a78-62f463d0b7da_1647489491563.json
[22-58-19] [SYSTEM_IO]: [JSON WRITE] User was written to file: 7d7ebb00-81fe-329f-8a78-62f463d0b7da\Userdata.js
           on
[22-58-19] [SYSTEM_IO]: Requested deletion of: C:\Users\Nathan\Documents\IntelliJava\Cyder\dynamic\backup\7d7eb
           b00-81fe-329f-8a78-62f463d0b7da_1647489495286.json
[22-58-19] [OBJECT CREATION]: Objects created since last delta (5s): 2
[22-58-22] [SYSTEM_IO]: [JSON WRITE] User was written to file: 7d7ebb00-81fe-329f-8a78-62f463d0b7da\Userdata.js
           on
[22-58-22] [SYSTEM_IO]: Requested deletion of: C:\Users\Nathan\Documents\IntelliJava\Cyder\dynamic\backup\7d7eb
           b00-81fe-329f-8a78-62f463d0b7da_1647489499024.json
[22-58-24] [OBJECT CREATION]: Objects created since last delta (5s): 1
[22-58-26] [SYSTEM_IO]: [JSON WRITE] User was written to file: 7d7ebb00-81fe-329f-8a78-62f463d0b7da\Userdata.js
           on
[22-58-26] [SYSTEM_IO]: Requested deletion of: C:\Users\Nathan\Documents\IntelliJava\Cyder\dynamic\backup\7d7eb
           b00-81fe-329f-8a78-62f463d0b7da_1647489502790.json
[22-58-29] [OBJECT CREATION]: Objects created since last delta (5s): 1
[22-58-30] [SYSTEM_IO]: [JSON WRITE] User was written to file: 7d7ebb00-81fe-329f-8a78-62f463d0b7da\Userdata.js
           on
[22-58-30] [SYSTEM_IO]: Requested deletion of: C:\Users\Nathan\Documents\IntelliJava\Cyder\dynamic\backup\7d7eb
           b00-81fe-329f-8a78-62f463d0b7da_1647489506568.json
[22-58-34] [SYSTEM_IO]: [JSON WRITE] User was written to file: 7d7ebb00-81fe-329f-8a78-62f463d0b7da\Userdata.js
           on
[22-58-34] [SYSTEM_IO]: Requested deletion of: C:\Users\Nathan\Documents\IntelliJava\Cyder\dynamic\backup\7d7eb
           b00-81fe-329f-8a78-62f463d0b7da_1647489510327.json
[22-58-34] [OBJECT CREATION]: Objects created since last delta (5s): 2
[22-58-37] [SYSTEM_IO]: [JSON WRITE] User was written to file: 7d7ebb00-81fe-329f-8a78-62f463d0b7da\Userdata.js
           on
[22-58-37] [SYSTEM_IO]: Requested deletion of: C:\Users\Nathan\Documents\IntelliJava\Cyder\dynamic\backup\7d7eb
           b00-81fe-329f-8a78-62f463d0b7da_1647489514075.json
[22-58-39] [OBJECT CREATION]: Objects created since last delta (5s): 1
[22-58-41] [SYSTEM_IO]: [JSON WRITE] User was written to file: 7d7ebb00-81fe-329f-8a78-62f463d0b7da\Userdata.js
           on
[22-58-41] [SYSTEM_IO]: Requested deletion of: C:\Users\Nathan\Documents\IntelliJava\Cyder\dynamic\backup\7d7eb
           b00-81fe-329f-8a78-62f463d0b7da_1647489517825.json
[22-58-44] [OBJECT CREATION]: Objects created since last delta (5s): 1
[22-58-45] [SYSTEM_IO]: [JSON WRITE] User was written to file: 7d7ebb00-81fe-329f-8a78-62f463d0b7da\Userdata.js
           on
[22-58-45] [SYSTEM_IO]: Requested deletion of: C:\Users\Nathan\Documents\IntelliJava\Cyder\dynamic\backup\7d7eb
           b00-81fe-329f-8a78-62f463d0b7da_1647489521574.json
[22-58-49] [SYSTEM_IO]: [JSON WRITE] User was written to file: 7d7ebb00-81fe-329f-8a78-62f463d0b7da\Userdata.js
           on
[22-58-49] [SYSTEM_IO]: Requested deletion of: C:\Users\Nathan\Documents\IntelliJava\Cyder\dynamic\backup\7d7eb
           b00-81fe-329f-8a78-62f463d0b7da_1647489525327.json
[22-58-49] [OBJECT CREATION]: Objects created since last delta (5s): 2
[22-58-52] [SYSTEM_IO]: [JSON WRITE] User was written to file: 7d7ebb00-81fe-329f-8a78-62f463d0b7da\Userdata.js
           on
[22-58-52] [SYSTEM_IO]: Requested deletion of: C:\Users\Nathan\Documents\IntelliJava\Cyder\dynamic\backup\7d7eb
           b00-81fe-329f-8a78-62f463d0b7da_1647489529068.json
[22-58-54] [OBJECT CREATION]: Objects created since last delta (5s): 1
[22-58-56] [SYSTEM_IO]: [JSON WRITE] User was written to file: 7d7ebb00-81fe-329f-8a78-62f463d0b7da\Userdata.js
           on
[22-58-56] [SYSTEM_IO]: Requested deletion of: C:\Users\Nathan\Documents\IntelliJava\Cyder\dynamic\backup\7d7eb
           b00-81fe-329f-8a78-62f463d0b7da_1647489532830.json
[22-58-59] [OBJECT CREATION]: Objects created since last delta (5s): 1
[22-59-00] [SYSTEM_IO]: [JSON WRITE] User was written to file: 7d7ebb00-81fe-329f-8a78-62f463d0b7da\Userdata.js
           on
[22-59-00] [SYSTEM_IO]: Requested deletion of: C:\Users\Nathan\Documents\IntelliJava\Cyder\dynamic\backup\7d7eb
           b00-81fe-329f-8a78-62f463d0b7da_1647489536564.json
[22-59-04] [SYSTEM_IO]: [JSON WRITE] User was written to file: 7d7ebb00-81fe-329f-8a78-62f463d0b7da\Userdata.js
           on
[22-59-04] [SYSTEM_IO]: Requested deletion of: C:\Users\Nathan\Documents\IntelliJava\Cyder\dynamic\backup\7d7eb
           b00-81fe-329f-8a78-62f463d0b7da_1647489540291.json
[22-59-04] [OBJECT CREATION]: Objects created since last delta (5s): 2
[22-59-07] [SYSTEM_IO]: [JSON WRITE] User was written to file: 7d7ebb00-81fe-329f-8a78-62f463d0b7da\Userdata.js
           on
[22-59-07] [SYSTEM_IO]: Requested deletion of: C:\Users\Nathan\Documents\IntelliJava\Cyder\dynamic\backup\7d7eb
           b00-81fe-329f-8a78-62f463d0b7da_1647489544043.json
[22-59-30] [EOL]: Log completed, Cyder crashed unexpectedly: exit code: -9 External Stop, exceptions thrown: 0
