[22-52-35] [JVM_ENTRY]: [Nathan]
[22-52-35] [THREAD STARTED]: Object Creation Logger
[22-52-36] [THREAD STARTED]: Watchdog Initializer
[22-52-36] [THREAD STARTED]: Singular Cyder Instance Ensurer
[22-52-36] [FONT LOADED]: font name = agency-fb
[22-52-36] [FONT LOADED]: font name = arial-black
[22-52-36] [FONT LOADED]: font name = beyno
[22-52-36] [FONT LOADED]: font name = darling-in-paris
[22-52-36] [FONT LOADED]: font name = Prompt-Bold
[22-52-36] [FONT LOADED]: font name = segoe-ui-black
[22-52-36] [FONT LOADED]: font name = tahoma
[22-52-36] [THREAD STARTED]: Splash Loader
[22-52-37] [THREAD STARTED]: Splash Animation
[22-52-37] [THREAD STARTED]: Cyder Start Secondary Subroutines
[22-52-37] [LOGIN]: [AUTOCYPHER ATTEMPT]
[22-52-37] [THREAD STARTED]: JVM Args Logger
[22-52-37] [SYSTEM_IO]: Requested deletion of: C:\Users\Nathan\Documents\IntelliJava\Cyder\dynamic\tmp
[22-52-37] [SYSTEM_IO]: [JSON WRITE] User was written to file: 7d7ebb00-81fe-329f-8a78-62f463d0b7da\Userdata.js
           on
[22-52-37] [SYSTEM_IO]: Requested deletion of: C:\Users\Nathan\Documents\IntelliJava\Cyder\dynamic\backup\7d7eb
           b00-81fe-329f-8a78-62f463d0b7da_1647488720642.json
[22-52-37] [LOGIN]: [AUTOCYPHER PASS, 7d7ebb00-81fe-329f-8a78-62f463d0b7da]
[22-52-38] [SYSTEM_IO]: [JSON WRITE] User was written to file: 7d7ebb00-81fe-329f-8a78-62f463d0b7da\Userdata.js
           on
[22-52-38] [SYSTEM_IO]: Requested deletion of: C:\Users\Nathan\Documents\IntelliJava\Cyder\dynamic\backup\7d7eb
           b00-81fe-329f-8a78-62f463d0b7da_1647489157453.json
[22-52-38] [SYSTEM_IO]: Userdata requested: RandomBackground
[22-52-38] [SYSTEM_IO]: Userdata requested: FullScreen
[22-52-38] [SYSTEM_IO]: Userdata requested: fullscreen
[22-52-38] [SYSTEM_IO]: Userdata requested: FullScreen
[22-52-38] [SYSTEM_IO]: Userdata requested: FullScreen
[22-52-38] [THREAD STARTED]: Console Printing Animation
[22-52-38] [SYSTEM_IO]: Userdata requested: OutputBorder
[22-52-38] [SYSTEM_IO]: Userdata requested: FullScreen
[22-52-38] [SYSTEM_IO]: Userdata requested: InputBorder
[22-52-38] [THREAD STARTED]: Console Input Caret Position Updater
[22-52-38] [SYSTEM_IO]: Userdata requested: OutputFill
[22-52-38] [SYSTEM_IO]: Userdata requested: InputFill
[22-52-38] [THREAD STARTED]: High Ping Checker
[22-52-38] [THREAD STARTED]: Hourly Chime Checker
[22-52-38] [THREAD STARTED]: Console Clock Updater
[22-52-38] [THREAD STARTED]: Cyder Busy Checker
[22-52-38] [THREAD STARTED]: ConsoleFrame Stat Saver
[22-52-38] [UI ACTION]: Console loaded in 2459ms
[22-52-38] [THREAD STARTED]: Component = ConsoleFrame (inner), hash = 1822434669, bounds = (761, 291, 692,
           736), parent frame = Component is top frame, getTitle() = Insomnia Cyder [Nathan] notification queue checker
[22-52-38] [THREAD STARTED]: [Cyder Splash]  dispose() animation thread
[22-52-38] [UI ACTION]: CyderFrame disposed with fastclose: true, Component = CyderFrame, hash = 1061938934,
           bounds = (980, 396, 600, 600), parent frame = Component is top frame, getTitle() = Cyder Splash
[22-52-38] [SYSTEM_IO]: Userdata requested: DebugWindows
[22-52-38] [CONSOLE LOADED]: [Nathan] [TESTING MODE]
[22-52-38] [SYSTEM_IO]: Userdata requested: laststart
[22-52-38] [SYSTEM_IO]: [JSON WRITE] User was written to file: 7d7ebb00-81fe-329f-8a78-62f463d0b7da\Userdata.js
           on
[22-52-38] [SYSTEM_IO]: Requested deletion of: C:\Users\Nathan\Documents\IntelliJava\Cyder\dynamic\backup\7d7eb
           b00-81fe-329f-8a78-62f463d0b7da_1647489158125.json
[22-52-38] [UI ACTION]: [Insomnia Cyder [Nathan]] [NOTIFICATION] w = 288, h = 29, text = <html>Console loaded
           in 2459ms</html>
[22-52-38] [THREAD STARTED]: notification appear animation
[22-52-38] [SYSTEM_IO]: Userdata requested: persistentnotifications
[22-52-38] [THREAD STARTED]: Notificaiton Vanish Animator
[22-52-38] [OBJECT CREATION]: Objects created since last delta (5s): 98
[22-52-39] [THREAD STARTED]: Cyder Watchdog
[22-52-41] [SYSTEM_IO]: [JSON WRITE] User was written to file: 7d7ebb00-81fe-329f-8a78-62f463d0b7da\Userdata.js
           on
[22-52-41] [SYSTEM_IO]: Requested deletion of: C:\Users\Nathan\Documents\IntelliJava\Cyder\dynamic\backup\7d7eb
           b00-81fe-329f-8a78-62f463d0b7da_1647489158333.json
[22-52-42] [THREAD STATUS POLLED]: name = AWT-EventQueue-0, state = WAITING
[22-52-43] [OBJECT CREATION]: Objects created since last delta (5s): 2
[22-52-44] [SYSTEM_IO]: [JSON WRITE] User was written to file: 7d7ebb00-81fe-329f-8a78-62f463d0b7da\Userdata.js
           on
[22-52-44] [SYSTEM_IO]: Requested deletion of: C:\Users\Nathan\Documents\IntelliJava\Cyder\dynamic\backup\7d7eb
           b00-81fe-329f-8a78-62f463d0b7da_1647489161241.json
[22-52-45] [THREAD STATUS POLLED]: name = AWT-EventQueue-0, state = WAITING
[22-52-45] [CLIENT]: freeze
[22-52-45] [SYSTEM_IO]: Userdata requested: filterchat
[22-52-48] [THREAD STATUS POLLED]: name = AWT-EventQueue-0, state = RUNNABLE
[22-52-48] [SYSTEM_IO]: [JSON WRITE] User was written to file: 7d7ebb00-81fe-329f-8a78-62f463d0b7da\Userdata.js
           on
[22-52-48] [SYSTEM_IO]: Requested deletion of: C:\Users\Nathan\Documents\IntelliJava\Cyder\dynamic\backup\7d7eb
           b00-81fe-329f-8a78-62f463d0b7da_1647489164953.json
[22-52-48] [OBJECT CREATION]: Objects created since last delta (5s): 24
[22-52-51] [THREAD STATUS POLLED]: name = AWT-EventQueue-0, state = RUNNABLE
[22-52-52] [SYSTEM_IO]: [JSON WRITE] User was written to file: 7d7ebb00-81fe-329f-8a78-62f463d0b7da\Userdata.js
           on
[22-52-52] [SYSTEM_IO]: Requested deletion of: C:\Users\Nathan\Documents\IntelliJava\Cyder\dynamic\backup\7d7eb
           b00-81fe-329f-8a78-62f463d0b7da_1647489168702.json
[22-52-53] [OBJECT CREATION]: Objects created since last delta (5s): 23
