[23-07-28] [ENTRY]: [Nathan]
[23-07-28] [SYSTEM_IO]: System data pared in IOUtil's static block
[23-07-29] [LOGIN]: [AUTOCYPHER ATTEMPT]
[23-07-29] [JAVA ARGS]: [LOCATION] [La casa de Nathan]
[23-07-30] [LOGIN]: [AUTOCYPHER PASS, e5a50641-21d1-3654-b738-c0e4b2dc61b1]
[23-07-30] [SYSTEM_IO]: Userdata requested: Name
[23-07-30] [SYSTEM_IO]: Userdata requested: RandomBackground
[23-07-30] [SYSTEM_IO]: Userdata requested: FullScreen
[23-07-31] [SYSTEM_IO]: Userdata requested: Name
[23-07-31] [SYSTEM_IO]: Userdata requested: Foreground
[23-07-31] [SYSTEM_IO]: Userdata requested: Foreground
[23-07-31] [SYSTEM_IO]: Userdata requested: FullScreen
[23-07-31] [SYSTEM_IO]: Userdata requested: FullScreen
[23-07-31] [SYSTEM_IO]: Userdata requested: Foreground
[23-07-31] [SYSTEM_IO]: Userdata requested: Font
[23-07-31] [SYSTEM_IO]: Userdata requested: OutputBorder
[23-07-31] [SYSTEM_IO]: Userdata requested: FullScreen
[23-07-31] [SYSTEM_IO]: Userdata requested: InputBorder
[23-07-31] [SYSTEM_IO]: Userdata requested: Foreground
[23-07-31] [SYSTEM_IO]: Userdata requested: Foreground
[23-07-31] [SYSTEM_IO]: Userdata requested: Foreground
[23-07-31] [SYSTEM_IO]: Userdata requested: Font
[23-07-31] [SYSTEM_IO]: Userdata requested: OutputFill
[23-07-31] [SYSTEM_IO]: Userdata requested: InputFill
[23-07-31] [SYSTEM_IO]: Userdata requested: consolepinned
[23-07-31] [SYSTEM_IO]: Userdata requested: consolepinned
[23-07-31] [ACTION]: CyderFrame disposed with fastclose: true, CyderFrame: Component name = [cyder.ui.CyderFrame], bounds = [(980, 378, 600, 600)], hash = [2015843304], parentFrame = [No associated frame], associated text = [No getText() method found], tooltip text = [No getTooltipText() method found]
[23-07-32] [ACTION]: Console loaded in 3817ms
[23-07-32] [SYSTEM_IO]: Userdata requested: windowlocx
[23-07-32] [SYSTEM_IO]: Userdata requested: windowlocy
[23-07-32] [SYSTEM_IO]: Userdata requested: DebugWindows
[23-07-32] [ENTRY]: [TESTING MODE]
[23-07-32] [SYSTEM_IO]: Userdata requested: laststart
[23-07-32] [SYSTEM_IO]: Userdata requested: IntroMusic
[23-07-32] [ACTION]: [Stellar Cyder [Nathan]] [NOTIFICATION] Console loaded in 3817ms
[23-07-32] [SYSTEM_IO]: Userdata requested: persistentnotifications
[EXTERNAL STOP] Cyder was force closed by an external entity such as an IDE stop or the OS' Task Manager
