[12-34-28] [ENTRY]: [Nathan]
[12-34-28] [SYSTEM_IO]: System data pared in IOUtil's static block
[12-34-29] [LOGIN]: [AUTOCYPHER ATTEMPT]
[12-34-29] [JAVA ARGS]: [LOCATION] [La casa de Nathan]
[12-34-30] [LOGIN]: [AUTOCYPHER PASS, e5a50641-21d1-3654-b738-c0e4b2dc61b1]
[12-34-30] [SYSTEM_IO]: Userdata requested: Name
[12-34-30] [SYSTEM_IO]: Userdata requested: RandomBackground
[12-34-30] [SYSTEM_IO]: Userdata requested: FullScreen
[12-34-31] [SYSTEM_IO]: Userdata requested: Name
[12-34-31] [SYSTEM_IO]: Userdata requested: Foreground
[12-34-31] [SYSTEM_IO]: Userdata requested: Foreground
[12-34-31] [SYSTEM_IO]: Userdata requested: FullScreen
[12-34-31] [SYSTEM_IO]: Userdata requested: FullScreen
[12-34-31] [SYSTEM_IO]: Userdata requested: Foreground
[12-34-31] [SYSTEM_IO]: Userdata requested: Font
[12-34-31] [SYSTEM_IO]: Userdata requested: OutputBorder
[12-34-31] [SYSTEM_IO]: Userdata requested: FullScreen
[12-34-31] [SYSTEM_IO]: Userdata requested: InputBorder
[12-34-31] [SYSTEM_IO]: Userdata requested: Foreground
[12-34-31] [SYSTEM_IO]: Userdata requested: Foreground
[12-34-31] [SYSTEM_IO]: Userdata requested: Foreground
[12-34-31] [SYSTEM_IO]: Userdata requested: Font
[12-34-31] [SYSTEM_IO]: Userdata requested: OutputFill
[12-34-31] [SYSTEM_IO]: Userdata requested: InputFill
[12-34-31] [SYSTEM_IO]: Userdata requested: consolepinned
[12-34-31] [SYSTEM_IO]: Userdata requested: consolepinned
[12-34-31] [ACTION]: CyderFrame disposed with fastclose: true, CyderFrame: Component name = [cyder.ui.CyderFrame], bounds = [(980, 378, 600, 600)], hash = [607785872], parentFrame = [Object itself is the top level frame], associated text = [No getText() method found], tooltip text = [No getTooltipText() method found], title = [Cyder Splash]
[12-34-31] [ACTION]: Console loaded in 3704ms
[12-34-31] [SYSTEM_IO]: Userdata requested: windowlocx
[12-34-31] [SYSTEM_IO]: Userdata requested: windowlocy
[12-34-31] [SYSTEM_IO]: Userdata requested: DebugWindows
[12-34-31] [ENTRY]: [TESTING MODE]
[12-34-31] [SYSTEM_IO]: Userdata requested: laststart
[12-34-31] [SYSTEM_IO]: Userdata requested: IntroMusic
[12-34-31] [ACTION]: [Stellar Cyder [Nathan]] [NOTIFICATION] Console loaded in 3704ms
[12-34-31] [SYSTEM_IO]: Userdata requested: persistentnotifications
[EXTERNAL STOP] Cyder was force closed by an external entity such as an IDE stop or the OS' Task Manager
