[12-54-08] [ENTRY]: [Nathan]
[12-54-09] [SYSTEM_IO]: System data pared in IOUtil's static block
[12-54-10] [LOGIN]: [AUTOCYPHER ATTEMPT]
[12-54-10] [JAVA ARGS]: [LOCATION] [La casa de Nathan]
[12-54-10] [LOGIN]: [AUTOCYPHER PASS, e5a50641-21d1-3654-b738-c0e4b2dc61b1]
[12-54-10] [SYSTEM_IO]: Userdata requested: Name
[12-54-11] [SYSTEM_IO]: Userdata requested: RandomBackground
[12-54-11] [SYSTEM_IO]: Userdata requested: FullScreen
[12-54-11] [SYSTEM_IO]: Userdata requested: Name
[12-54-11] [SYSTEM_IO]: Userdata requested: Foreground
[12-54-11] [SYSTEM_IO]: Userdata requested: Foreground
[12-54-11] [SYSTEM_IO]: Userdata requested: FullScreen
[12-54-11] [SYSTEM_IO]: Userdata requested: FullScreen
[12-54-12] [SYSTEM_IO]: Userdata requested: Foreground
[12-54-12] [SYSTEM_IO]: Userdata requested: Font
[12-54-12] [SYSTEM_IO]: Userdata requested: OutputBorder
[12-54-12] [SYSTEM_IO]: Userdata requested: FullScreen
[12-54-12] [SYSTEM_IO]: Userdata requested: InputBorder
[12-54-12] [SYSTEM_IO]: Userdata requested: Foreground
[12-54-12] [SYSTEM_IO]: Userdata requested: Foreground
[12-54-12] [SYSTEM_IO]: Userdata requested: Foreground
[12-54-12] [SYSTEM_IO]: Userdata requested: Font
[12-54-12] [SYSTEM_IO]: Userdata requested: OutputFill
[12-54-12] [SYSTEM_IO]: Userdata requested: InputFill
[12-54-12] [SYSTEM_IO]: Userdata requested: consolepinned
[12-54-12] [SYSTEM_IO]: Userdata requested: consolepinned
[12-54-12] [ACTION]: CyderFrame disposed with fastclose: true, CyderFrame: Component name = [cyder.ui.CyderFrame], bounds = [(980, 378, 600, 600)], hash = [1494923299], parentFrame = [Object itself is the top level frame], associated text = [No getText() method found], tooltip text = [No getTooltipText() method found], title = [Cyder Splash]
[12-54-12] [ACTION]: Console loaded in 3922ms
[12-54-12] [SYSTEM_IO]: Userdata requested: windowlocx
[12-54-12] [SYSTEM_IO]: Userdata requested: windowlocy
[12-54-12] [SYSTEM_IO]: Userdata requested: DebugWindows
[12-54-12] [ENTRY]: [TESTING MODE]
[12-54-12] [SYSTEM_IO]: Userdata requested: laststart
[12-54-12] [SYSTEM_IO]: Userdata requested: IntroMusic
[12-54-12] [ACTION]: [Stellar Cyder [Nathan]] [NOTIFICATION] Console loaded in 3922ms
[12-54-12] [SYSTEM_IO]: Userdata requested: persistentnotifications
[12-54-15] [SYSTEM_IO]: Userdata requested: minimizeonclose
[12-54-15] [SYSTEM_IO]: Userdata requested: Name
[12-54-15] [LOGOUT]: [Nathan]
[12-54-15] [ACTION]: CyderFrame disposed with fastclose: false, CyderFrame: Component name = [cyder.ui.ConsoleFrame], bounds = [(932, 147, 984, 984)], hash = [1485089044], parentFrame = [Object itself is the top level frame], associated text = [No getText() method found], tooltip text = [No getTooltipText() method found], title = [Stellar Cyder [Nathan]]
[12-54-15] [SYSTEM_IO]: Userdata requested: closeanimation
[12-54-15] [SYSTEM_IO]: Userdata requested: Background
[12-54-15] [EXIT]: [RUNTIME] 7s
[12-54-15] [EOL]: Log completed, exiting Cyder with exit code: 25 [Genesis Controlled Exit], exceptions thrown: 0
