[12-55-48] [ENTRY]: [Nathan]
[12-55-48] [SYSTEM_IO]: System data pared in IOUtil's static block
[12-55-49] [LOGIN]: [AUTOCYPHER ATTEMPT]
[12-55-49] [JAVA ARGS]: [LOCATION] [La casa de Nathan]
[12-55-50] [LOGIN]: [AUTOCYPHER PASS, e5a50641-21d1-3654-b738-c0e4b2dc61b1]
[12-55-50] [SYSTEM_IO]: Userdata requested: Name
[12-55-50] [SYSTEM_IO]: Userdata requested: RandomBackground
[12-55-50] [SYSTEM_IO]: Userdata requested: FullScreen
[12-55-51] [SYSTEM_IO]: Userdata requested: Name
[12-55-51] [SYSTEM_IO]: Userdata requested: Foreground
[12-55-51] [SYSTEM_IO]: Userdata requested: Foreground
[12-55-51] [SYSTEM_IO]: Userdata requested: FullScreen
[12-55-51] [SYSTEM_IO]: Userdata requested: FullScreen
[12-55-51] [SYSTEM_IO]: Userdata requested: Foreground
[12-55-51] [SYSTEM_IO]: Userdata requested: Font
[12-55-51] [SYSTEM_IO]: Userdata requested: OutputBorder
[12-55-51] [SYSTEM_IO]: Userdata requested: FullScreen
[12-55-51] [SYSTEM_IO]: Userdata requested: InputBorder
[12-55-51] [SYSTEM_IO]: Userdata requested: Foreground
[12-55-51] [SYSTEM_IO]: Userdata requested: Foreground
[12-55-51] [SYSTEM_IO]: Userdata requested: Foreground
[12-55-51] [SYSTEM_IO]: Userdata requested: Font
[12-55-51] [SYSTEM_IO]: Userdata requested: OutputFill
[12-55-51] [SYSTEM_IO]: Userdata requested: InputFill
[12-55-51] [SYSTEM_IO]: Userdata requested: consolepinned
[12-55-51] [SYSTEM_IO]: Userdata requested: consolepinned
[12-55-51] [ACTION]: CyderFrame disposed with fastclose: true, CyderFrame: Component name = [cyder.ui.CyderFrame], bounds = [(980, 378, 600, 600)], hash = [1913351162], parentFrame = [Object itself is the top level frame], associated text = [No getText() method found], tooltip text = [No getTooltipText() method found], title = [Cyder Splash]
[12-55-51] [ACTION]: Console loaded in 3739ms
[12-55-51] [SYSTEM_IO]: Userdata requested: windowlocx
[12-55-51] [SYSTEM_IO]: Userdata requested: windowlocy
[12-55-51] [SYSTEM_IO]: Userdata requested: DebugWindows
[12-55-51] [ENTRY]: [TESTING MODE]
[12-55-51] [SYSTEM_IO]: Userdata requested: laststart
[12-55-51] [SYSTEM_IO]: Userdata requested: IntroMusic
[12-55-51] [ACTION]: [Stellar Cyder [Nathan]] [NOTIFICATION] Console loaded in 3739ms
[12-55-52] [SYSTEM_IO]: Userdata requested: persistentnotifications
[12-56-08] [ACTION]: Component name = [cyder.ui.CyderButton], bounds = [(173, 144, 100, 40)], hash = [496861673], parentFrame = [Grid Layout Test], associated text = [This], tooltip text = [No getTooltipText() method found], title = [No getTitle() method found]
[12-56-10] [ACTION]: Component name = [cyder.ui.CyderButton], bounds = [(173, 144, 100, 40)], hash = [496861673], parentFrame = [Grid Layout Test], associated text = [This], tooltip text = [No getTooltipText() method found], title = [No getTitle() method found]
[12-56-11] [ACTION]: Component name = [cyder.ui.CyderButton], bounds = [(173, 144, 100, 40)], hash = [496861673], parentFrame = [Grid Layout Test], associated text = [This], tooltip text = [No getTooltipText() method found], title = [No getTitle() method found]
[12-56-11] [ACTION]: Component name = [cyder.ui.CyderButton], bounds = [(173, 144, 100, 40)], hash = [496861673], parentFrame = [Grid Layout Test], associated text = [This], tooltip text = [No getTooltipText() method found], title = [No getTitle() method found]
[12-56-11] [ACTION]: Component name = [cyder.ui.CyderButton], bounds = [(173, 144, 100, 40)], hash = [496861673], parentFrame = [Grid Layout Test], associated text = [This], tooltip text = [No getTooltipText() method found], title = [No getTitle() method found]
[12-56-12] [ACTION]: Component name = [cyder.ui.CyderButton], bounds = [(173, 144, 100, 40)], hash = [496861673], parentFrame = [Grid Layout Test], associated text = [This], tooltip text = [No getTooltipText() method found], title = [No getTitle() method found]
[12-56-13] [ACTION]: Component name = [cyder.ui.CyderButton], bounds = [(148, 143, 150, 40)], hash = [695816493], parentFrame = [Grid Layout Test], associated text = [Click], tooltip text = [No getTooltipText() method found], title = [No getTitle() method found]
[12-56-13] [ACTION]: Component name = [cyder.ui.CyderButton], bounds = [(148, 143, 150, 40)], hash = [695816493], parentFrame = [Grid Layout Test], associated text = [Click], tooltip text = [No getTooltipText() method found], title = [No getTitle() method found]
[12-56-14] [ACTION]: Component name = [cyder.ui.DragLabel], bounds = [(2, 2, 904, 28)], hash = [1507465155], parentFrame = [Grid Layout Test], associated text = [No getText() method found], tooltip text = [No getTooltipText() method found], title = [No getTitle() method found]
[12-56-14] [ACTION]: CyderFrame disposed with fastclose: false, CyderFrame: Component name = [cyder.ui.CyderFrame], bounds = [(888, 202, 908, 697)], hash = [401230049], parentFrame = [Object itself is the top level frame], associated text = [No getText() method found], tooltip text = [No getTooltipText() method found], title = [Grid Layout Test]
[12-56-14] [SYSTEM_IO]: Userdata requested: closeanimation
[12-56-15] [SYSTEM_IO]: Userdata requested: minimizeonclose
[12-56-15] [SYSTEM_IO]: Userdata requested: Name
[12-56-15] [LOGOUT]: [Nathan]
[12-56-15] [ACTION]: CyderFrame disposed with fastclose: false, CyderFrame: Component name = [cyder.ui.ConsoleFrame], bounds = [(932, 147, 984, 984)], hash = [635371680], parentFrame = [Object itself is the top level frame], associated text = [No getText() method found], tooltip text = [No getTooltipText() method found], title = [Stellar Cyder [Nathan]]
[12-56-15] [SYSTEM_IO]: Userdata requested: closeanimation
[12-56-15] [SYSTEM_IO]: Userdata requested: Background
[12-56-16] [EXIT]: [RUNTIME] 28s
[12-56-16] [EOL]: Log completed, exiting Cyder with exit code: 25 [Genesis Controlled Exit], exceptions thrown: 0
