[12-50-03] [ENTRY]: [Nathan]
[12-50-03] [SYSTEM_IO]: System data pared in IOUtil's static block
[12-50-04] [LOGIN]: [AUTOCYPHER ATTEMPT]
[12-50-04] [JAVA ARGS]: [LOCATION] [La casa de Nathan]
[12-50-05] [LOGIN]: [AUTOCYPHER PASS, e5a50641-21d1-3654-b738-c0e4b2dc61b1]
[12-50-05] [SYSTEM_IO]: Userdata requested: Name
[12-50-06] [SYSTEM_IO]: Userdata requested: RandomBackground
[12-50-06] [SYSTEM_IO]: Userdata requested: FullScreen
[12-50-06] [SYSTEM_IO]: Userdata requested: Name
[12-50-06] [SYSTEM_IO]: Userdata requested: Foreground
[12-50-06] [SYSTEM_IO]: Userdata requested: Foreground
[12-50-06] [SYSTEM_IO]: Userdata requested: FullScreen
[12-50-06] [SYSTEM_IO]: Userdata requested: FullScreen
[12-50-06] [SYSTEM_IO]: Userdata requested: Foreground
[12-50-06] [SYSTEM_IO]: Userdata requested: Font
[12-50-06] [SYSTEM_IO]: Userdata requested: OutputBorder
[12-50-06] [SYSTEM_IO]: Userdata requested: FullScreen
[12-50-07] [SYSTEM_IO]: Userdata requested: InputBorder
[12-50-07] [SYSTEM_IO]: Userdata requested: Foreground
[12-50-07] [SYSTEM_IO]: Userdata requested: Foreground
[12-50-07] [SYSTEM_IO]: Userdata requested: Foreground
[12-50-07] [SYSTEM_IO]: Userdata requested: Font
[12-50-07] [SYSTEM_IO]: Userdata requested: OutputFill
[12-50-07] [SYSTEM_IO]: Userdata requested: InputFill
[12-50-07] [SYSTEM_IO]: Userdata requested: consolepinned
[12-50-07] [SYSTEM_IO]: Userdata requested: consolepinned
[12-50-07] [ACTION]: CyderFrame disposed with fastclose: true, CyderFrame: Component name = [cyder.ui.CyderFrame], bounds = [(980, 378, 600, 600)], hash = [949680755], parentFrame = [Object itself is the top level frame], associated text = [No getText() method found], tooltip text = [No getTooltipText() method found], title = [Cyder Splash]
[12-50-07] [ACTION]: Console loaded in 4372ms
[12-50-07] [SYSTEM_IO]: Userdata requested: windowlocx
[12-50-07] [SYSTEM_IO]: Userdata requested: windowlocy
[12-50-07] [SYSTEM_IO]: Userdata requested: DebugWindows
[12-50-07] [ENTRY]: [TESTING MODE]
[12-50-07] [SYSTEM_IO]: Userdata requested: SilenceErrors
[12-50-07] [DEBUG]: null
java.lang.NullPointerException
	at cyder.layouts.CyderGridLayout.setSize(CyderGridLayout.java:146)
	at cyder.ui.CyderPanel.<init>(CyderPanel.java:23)
	at cyder.testing.Debug.launchTests(Debug.java:182)
	at cyder.ui.ConsoleFrame.onLaunch(ConsoleFrame.java:1278)
	at cyder.ui.ConsoleFrame.access$400(ConsoleFrame.java:38)
	at cyder.ui.ConsoleFrame$2.windowOpened(ConsoleFrame.java:241)
	at java.desktop/java.awt.AWTEventMulticaster.windowOpened(AWTEventMulticaster.java:348)
	at java.desktop/java.awt.Window.processWindowEvent(Window.java:2061)
	at java.desktop/javax.swing.JFrame.processWindowEvent(JFrame.java:298)
	at java.desktop/java.awt.Window.processEvent(Window.java:2023)
	at java.desktop/java.awt.Component.dispatchEventImpl(Component.java:4961)
	at java.desktop/java.awt.Container.dispatchEventImpl(Container.java:2317)
	at java.desktop/java.awt.Window.dispatchEventImpl(Window.java:2758)
	at java.desktop/java.awt.Component.dispatchEvent(Component.java:4793)
	at java.desktop/java.awt.EventQueue.dispatchEventImpl(EventQueue.java:766)
	at java.desktop/java.awt.EventQueue.access$500(EventQueue.java:97)
	at java.desktop/java.awt.EventQueue$3.run(EventQueue.java:717)
	at java.desktop/java.awt.EventQueue$3.run(EventQueue.java:711)
	at java.base/java.security.AccessController.doPrivileged(Native Method)
	at java.base/java.security.ProtectionDomain$JavaSecurityAccessImpl.doIntersectionPrivilege(ProtectionDomain.java:89)
	at java.base/java.security.ProtectionDomain$JavaSecurityAccessImpl.doIntersectionPrivilege(ProtectionDomain.java:99)
	at java.desktop/java.awt.EventQueue$4.run(EventQueue.java:739)
	at java.desktop/java.awt.EventQueue$4.run(EventQueue.java:737)
	at java.base/java.security.AccessController.doPrivileged(Native Method)
	at java.base/java.security.ProtectionDomain$JavaSecurityAccessImpl.doIntersectionPrivilege(ProtectionDomain.java:89)
	at java.desktop/java.awt.EventQueue.dispatchEvent(EventQueue.java:736)
	at java.desktop/java.awt.EventDispatchThread.pumpOneEventForFilters(EventDispatchThread.java:199)
	at java.desktop/java.awt.EventDispatchThread.pumpEventsForFilter(EventDispatchThread.java:124)
	at java.desktop/java.awt.EventDispatchThread.pumpEventsForHierarchy(EventDispatchThread.java:113)
	at java.desktop/java.awt.EventDispatchThread.pumpEvents(EventDispatchThread.java:109)
	at java.desktop/java.awt.EventDispatchThread.pumpEvents(EventDispatchThread.java:101)
	at java.desktop/java.awt.EventDispatchThread.run(EventDispatchThread.java:90)
[12-50-07] [SYSTEM_IO]: Userdata requested: laststart
[12-50-07] [SYSTEM_IO]: Userdata requested: IntroMusic
[12-50-07] [ACTION]: [Stellar Cyder [Nathan]] [NOTIFICATION] Console loaded in 4372ms
[12-50-07] [SYSTEM_IO]: Userdata requested: persistentnotifications
[12-50-14] [SYSTEM_IO]: Userdata requested: minimizeonclose
[12-50-14] [SYSTEM_IO]: Userdata requested: Name
[12-50-14] [LOGOUT]: [Nathan]
[12-50-14] [ACTION]: CyderFrame disposed with fastclose: false, CyderFrame: Component name = [cyder.ui.ConsoleFrame], bounds = [(932, 147, 984, 984)], hash = [635371680], parentFrame = [Object itself is the top level frame], associated text = [No getText() method found], tooltip text = [No getTooltipText() method found], title = [Stellar Cyder [Nathan]]
[12-50-14] [SYSTEM_IO]: Userdata requested: closeanimation
[12-50-14] [SYSTEM_IO]: Userdata requested: Background
[12-50-15] [EXIT]: [RUNTIME] 12s
[12-50-15] [EOL]: Log completed, exiting Cyder with exit code: 25 [Genesis Controlled Exit], exceptions thrown: 0
