[13-06-12] [ENTRY]: [Nathan]
[13-06-12] [SYSTEM_IO]: System data pared in IOUtil's static block
[13-06-14] [JAVA ARGS]: [LOCATION] [La casa de Nathan]
[13-06-14] [LOGIN]: [AUTOCYPHER ATTEMPT]
[13-06-14] [LOGIN]: [AUTOCYPHER PASS, e5a50641-21d1-3654-b738-c0e4b2dc61b1]
[13-06-14] [SYSTEM_IO]: Userdata requested: Name
[13-06-15] [SYSTEM_IO]: Userdata requested: RandomBackground
[13-06-15] [SYSTEM_IO]: Userdata requested: FullScreen
[13-06-15] [SYSTEM_IO]: Userdata requested: Name
[13-06-15] [SYSTEM_IO]: Userdata requested: Foreground
[13-06-15] [SYSTEM_IO]: Userdata requested: Foreground
[13-06-15] [SYSTEM_IO]: Userdata requested: FullScreen
[13-06-15] [SYSTEM_IO]: Userdata requested: FullScreen
[13-06-15] [SYSTEM_IO]: Userdata requested: Foreground
[13-06-15] [SYSTEM_IO]: Userdata requested: Font
[13-06-15] [SYSTEM_IO]: Userdata requested: OutputBorder
[13-06-15] [SYSTEM_IO]: Userdata requested: FullScreen
[13-06-16] [SYSTEM_IO]: Userdata requested: InputBorder
[13-06-16] [SYSTEM_IO]: Userdata requested: Foreground
[13-06-16] [SYSTEM_IO]: Userdata requested: Foreground
[13-06-16] [SYSTEM_IO]: Userdata requested: Foreground
[13-06-16] [SYSTEM_IO]: Userdata requested: Font
[13-06-16] [SYSTEM_IO]: Userdata requested: OutputFill
[13-06-16] [SYSTEM_IO]: Userdata requested: InputFill
[13-06-16] [SYSTEM_IO]: Userdata requested: consolepinned
[13-06-16] [SYSTEM_IO]: Userdata requested: consolepinned
[13-06-16] [ACTION]: CyderFrame disposed with fastclose: true, CyderFrame: Component name = [cyder.ui.CyderFrame], bounds = [(980, 378, 600, 600)], hash = [400124118], parentFrame = [Object itself is the top level frame], associated text = [No getText() method found], tooltip text = [No getTooltipText() method found], title = [Cyder Splash]
[13-06-16] [ACTION]: Console loaded in 3773ms
[13-06-16] [SYSTEM_IO]: Userdata requested: windowlocx
[13-06-16] [SYSTEM_IO]: Userdata requested: windowlocy
[13-06-16] [SYSTEM_IO]: Userdata requested: DebugWindows
[13-06-16] [ENTRY]: [TESTING MODE]
[13-06-16] [SYSTEM_IO]: Userdata requested: laststart
[13-06-16] [SYSTEM_IO]: Userdata requested: IntroMusic
[13-06-16] [ACTION]: [Stellar Cyder [Nathan]] [NOTIFICATION] Console loaded in 3773ms
[13-06-16] [SYSTEM_IO]: Userdata requested: persistentnotifications
[13-06-24] [ACTION]: Component name = [cyder.ui.CyderButton], bounds = [(189, 169, 150, 40)], hash = [573199256], parentFrame = [Grid Layout Test], associated text = [Click], tooltip text = [No getTooltipText() method found], title = [No getTitle() method found]
[13-06-25] [ACTION]: Component name = [cyder.ui.CyderButton], bounds = [(189, 169, 150, 40)], hash = [573199256], parentFrame = [Grid Layout Test], associated text = [Click], tooltip text = [No getTooltipText() method found], title = [No getTitle() method found]
[13-06-25] [ACTION]: Component name = [cyder.ui.CyderTextField], bounds = [(189, 295, 150, 40)], hash = [57120316], parentFrame = [Grid Layout Test], associated text = [No getText() method found], tooltip text = [No getTooltipText() method found], title = [No getTitle() method found]
[13-06-27] [ACTION]: Component name = [cyder.ui.CyderButton], bounds = [(214, 169, 100, 40)], hash = [1665748698], parentFrame = [Grid Layout Test], associated text = [This], tooltip text = [No getTooltipText() method found], title = [No getTitle() method found]
[13-06-33] [ACTION]: Component name = [cyder.ui.CyderTextField], bounds = [(151, 267, 150, 40)], hash = [57120316], parentFrame = [Grid Layout Test], associated text = [asdfasdf], tooltip text = [No getTooltipText() method found], title = [No getTitle() method found]
[13-06-34] [ACTION]: Component name = [cyder.ui.CyderTextField], bounds = [(151, 267, 150, 40)], hash = [57120316], parentFrame = [Grid Layout Test], associated text = [asdfasdf], tooltip text = [No getTooltipText() method found], title = [No getTitle() method found]
[EXTERNAL STOP] Cyder was force closed by an external entity such as an IDE stop or the OS' Task Manager
