[13-17-05] [ENTRY]: [Nathan]
[13-17-05] [SYSTEM_IO]: System data pared in IOUtil's static block
[13-17-07] [LOGIN]: [AUTOCYPHER ATTEMPT]
[13-17-07] [JAVA ARGS]: [LOCATION] [La casa de Nathan]
[13-17-07] [LOGIN]: [AUTOCYPHER PASS, e5a50641-21d1-3654-b738-c0e4b2dc61b1]
[13-17-07] [SYSTEM_IO]: Userdata requested: Name
[13-17-08] [SYSTEM_IO]: Userdata requested: RandomBackground
[13-17-08] [SYSTEM_IO]: Userdata requested: FullScreen
[13-17-08] [SYSTEM_IO]: Userdata requested: Name
[13-17-08] [SYSTEM_IO]: Userdata requested: Foreground
[13-17-08] [SYSTEM_IO]: Userdata requested: Foreground
[13-17-08] [SYSTEM_IO]: Userdata requested: FullScreen
[13-17-08] [SYSTEM_IO]: Userdata requested: FullScreen
[13-17-08] [SYSTEM_IO]: Userdata requested: Foreground
[13-17-08] [SYSTEM_IO]: Userdata requested: Font
[13-17-08] [SYSTEM_IO]: Userdata requested: OutputBorder
[13-17-08] [SYSTEM_IO]: Userdata requested: FullScreen
[13-17-08] [SYSTEM_IO]: Userdata requested: InputBorder
[13-17-08] [SYSTEM_IO]: Userdata requested: Foreground
[13-17-08] [SYSTEM_IO]: Userdata requested: Foreground
[13-17-08] [SYSTEM_IO]: Userdata requested: Foreground
[13-17-08] [SYSTEM_IO]: Userdata requested: Font
[13-17-08] [SYSTEM_IO]: Userdata requested: OutputFill
[13-17-08] [SYSTEM_IO]: Userdata requested: InputFill
[13-17-08] [SYSTEM_IO]: Userdata requested: consolepinned
[13-17-09] [SYSTEM_IO]: Userdata requested: consolepinned
[13-17-09] [ACTION]: CyderFrame disposed with fastclose: true, CyderFrame: Component name = [cyder.ui.CyderFrame], bounds = [(980, 378, 600, 600)], hash = [873598725], parentFrame = [Object itself is the top level frame], associated text = [No getText() method found], tooltip text = [No getTooltipText() method found], title = [Cyder Splash]
[13-17-09] [ACTION]: Console loaded in 3613ms
[13-17-09] [SYSTEM_IO]: Userdata requested: windowlocx
[13-17-09] [SYSTEM_IO]: Userdata requested: windowlocy
[13-17-09] [SYSTEM_IO]: Userdata requested: DebugWindows
[13-17-09] [ENTRY]: [TESTING MODE]
[13-17-09] [SYSTEM_IO]: Userdata requested: laststart
[13-17-09] [SYSTEM_IO]: Userdata requested: IntroMusic
[13-17-09] [ACTION]: [Stellar Cyder [Nathan]] [NOTIFICATION] Console loaded in 3613ms
[13-17-09] [SYSTEM_IO]: Userdata requested: persistentnotifications
[13-17-12] [ACTION]: Component name = [cyder.ui.CyderButton], bounds = [(121, 169, 150, 40)], hash = [1296405819], parentFrame = [Grid Layout Test], associated text = [Click], tooltip text = [No getTooltipText() method found], title = [No getTitle() method found]
[13-17-13] [ACTION]: Component name = [cyder.ui.CyderButton], bounds = [(121, 169, 150, 40)], hash = [1296405819], parentFrame = [Grid Layout Test], associated text = [Click], tooltip text = [No getTooltipText() method found], title = [No getTitle() method found]
[13-17-13] [ACTION]: Component name = [cyder.ui.CyderButton], bounds = [(121, 169, 150, 40)], hash = [1296405819], parentFrame = [Grid Layout Test], associated text = [Click], tooltip text = [No getTooltipText() method found], title = [No getTitle() method found]
[13-17-13] [ACTION]: Component name = [cyder.ui.CyderButton], bounds = [(121, 169, 150, 40)], hash = [1296405819], parentFrame = [Grid Layout Test], associated text = [Click], tooltip text = [No getTooltipText() method found], title = [No getTitle() method found]
[13-17-14] [ACTION]: Component name = [cyder.ui.CyderButton], bounds = [(121, 169, 150, 40)], hash = [1296405819], parentFrame = [Grid Layout Test], associated text = [Click], tooltip text = [No getTooltipText() method found], title = [No getTitle() method found]
[13-17-14] [ACTION]: Component name = [cyder.ui.CyderButton], bounds = [(121, 169, 150, 40)], hash = [1296405819], parentFrame = [Grid Layout Test], associated text = [Click], tooltip text = [No getTooltipText() method found], title = [No getTitle() method found]
[13-17-14] [ACTION]: Component name = [cyder.ui.CyderButton], bounds = [(121, 169, 150, 40)], hash = [1296405819], parentFrame = [Grid Layout Test], associated text = [Click], tooltip text = [No getTooltipText() method found], title = [No getTitle() method found]
[13-17-14] [ACTION]: Component name = [cyder.ui.CyderButton], bounds = [(121, 169, 150, 40)], hash = [1296405819], parentFrame = [Grid Layout Test], associated text = [Click], tooltip text = [No getTooltipText() method found], title = [No getTitle() method found]
[13-17-15] [ACTION]: Component name = [cyder.ui.CyderButton], bounds = [(121, 169, 150, 40)], hash = [1296405819], parentFrame = [Grid Layout Test], associated text = [Click], tooltip text = [No getTooltipText() method found], title = [No getTitle() method found]
[13-17-19] [SYSTEM_IO]: Userdata requested: minimizeonclose
[13-17-19] [SYSTEM_IO]: Userdata requested: Name
[13-17-19] [LOGOUT]: [Nathan]
[13-17-19] [ACTION]: CyderFrame disposed with fastclose: false, CyderFrame: Component name = [cyder.ui.ConsoleFrame], bounds = [(932, 147, 984, 984)], hash = [1626343059], parentFrame = [Object itself is the top level frame], associated text = [No getText() method found], tooltip text = [No getTooltipText() method found], title = [Stellar Cyder [Nathan]]
[13-17-19] [SYSTEM_IO]: Userdata requested: closeanimation
[13-17-19] [SYSTEM_IO]: Userdata requested: Background
[13-17-19] [EXIT]: [RUNTIME] 13s
[13-17-19] [EOL]: Log completed, exiting Cyder with exit code: 25 [Genesis Controlled Exit], exceptions thrown: 0
