[13-22-06] [ENTRY]: [Nathan]
[13-22-06] [SYSTEM_IO]: System data pared in IOUtil's static block
[13-22-07] [LOGIN]: [AUTOCYPHER ATTEMPT]
[13-22-07] [JAVA ARGS]: [LOCATION] [La casa de Nathan]
[13-22-08] [LOGIN]: [AUTOCYPHER PASS, e5a50641-21d1-3654-b738-c0e4b2dc61b1]
[13-22-08] [SYSTEM_IO]: Userdata requested: Name
[13-22-08] [SYSTEM_IO]: Userdata requested: RandomBackground
[13-22-08] [SYSTEM_IO]: Userdata requested: FullScreen
[13-22-09] [SYSTEM_IO]: Userdata requested: Name
[13-22-09] [SYSTEM_IO]: Userdata requested: Foreground
[13-22-09] [SYSTEM_IO]: Userdata requested: Foreground
[13-22-09] [SYSTEM_IO]: Userdata requested: FullScreen
[13-22-09] [SYSTEM_IO]: Userdata requested: FullScreen
[13-22-09] [SYSTEM_IO]: Userdata requested: Foreground
[13-22-09] [SYSTEM_IO]: Userdata requested: Font
[13-22-09] [SYSTEM_IO]: Userdata requested: OutputBorder
[13-22-09] [SYSTEM_IO]: Userdata requested: FullScreen
[13-22-09] [SYSTEM_IO]: Userdata requested: InputBorder
[13-22-09] [SYSTEM_IO]: Userdata requested: Foreground
[13-22-09] [SYSTEM_IO]: Userdata requested: Foreground
[13-22-09] [SYSTEM_IO]: Userdata requested: Foreground
[13-22-09] [SYSTEM_IO]: Userdata requested: Font
[13-22-09] [SYSTEM_IO]: Userdata requested: OutputFill
[13-22-09] [SYSTEM_IO]: Userdata requested: InputFill
[13-22-09] [SYSTEM_IO]: Userdata requested: consolepinned
[13-22-09] [SYSTEM_IO]: Userdata requested: consolepinned
[13-22-09] [ACTION]: CyderFrame disposed with fastclose: true, CyderFrame: Component name = [cyder.ui.CyderFrame], bounds = [(980, 378, 600, 600)], hash = [1224871919], parentFrame = [Object itself is the top level frame], associated text = [No getText() method found], tooltip text = [No getTooltipText() method found], title = [Cyder Splash]
[13-22-09] [ACTION]: Console loaded in 3757ms
[13-22-09] [SYSTEM_IO]: Userdata requested: windowlocx
[13-22-09] [SYSTEM_IO]: Userdata requested: windowlocy
[13-22-09] [SYSTEM_IO]: Userdata requested: DebugWindows
[13-22-09] [ENTRY]: [TESTING MODE]
[13-22-09] [SYSTEM_IO]: Userdata requested: laststart
[13-22-09] [SYSTEM_IO]: Userdata requested: IntroMusic
[13-22-10] [ACTION]: [Stellar Cyder [Nathan]] [NOTIFICATION] Console loaded in 3757ms
[13-22-10] [SYSTEM_IO]: Userdata requested: persistentnotifications
[13-22-11] [ACTION]: Component name = [cyder.ui.CyderButton], bounds = [(122, 170, 150, 40)], hash = [1953804134], parentFrame = [Grid Layout Test], associated text = [Click], tooltip text = [No getTooltipText() method found], title = [No getTitle() method found]
[EXTERNAL STOP] Cyder was force closed by an external entity such as an IDE stop or the OS' Task Manager
