[14-58-29] [ENTRY]: [Nathan]
[14-58-29] [SYSTEM_IO]: System data pared in IOUtil's static block
[14-58-30] [LOGIN]: [AUTOCYPHER ATTEMPT]
[14-58-30] [JAVA ARGS]: [LOCATION] [La casa de Nathan]
[14-58-31] [LOGIN]: [AUTOCYPHER PASS, e5a50641-21d1-3654-b738-c0e4b2dc61b1]
[14-58-31] [SYSTEM_IO]: Userdata requested: Name
[14-58-31] [SYSTEM_IO]: Userdata requested: RandomBackground
[14-58-31] [SYSTEM_IO]: Userdata requested: FullScreen
[14-58-31] [SYSTEM_IO]: Userdata requested: Name
[14-58-32] [SYSTEM_IO]: Userdata requested: Foreground
[14-58-32] [SYSTEM_IO]: Userdata requested: Foreground
[14-58-32] [SYSTEM_IO]: Userdata requested: FullScreen
[14-58-32] [SYSTEM_IO]: Userdata requested: FullScreen
[14-58-32] [SYSTEM_IO]: Userdata requested: Foreground
[14-58-32] [SYSTEM_IO]: Userdata requested: Font
[14-58-32] [SYSTEM_IO]: Userdata requested: OutputBorder
[14-58-32] [SYSTEM_IO]: Userdata requested: FullScreen
[14-58-32] [SYSTEM_IO]: Userdata requested: InputBorder
[14-58-32] [SYSTEM_IO]: Userdata requested: Foreground
[14-58-32] [SYSTEM_IO]: Userdata requested: Foreground
[14-58-32] [SYSTEM_IO]: Userdata requested: Foreground
[14-58-32] [SYSTEM_IO]: Userdata requested: Font
[14-58-32] [SYSTEM_IO]: Userdata requested: OutputFill
[14-58-32] [SYSTEM_IO]: Userdata requested: InputFill
[14-58-32] [SYSTEM_IO]: Userdata requested: consolepinned
[14-58-32] [SYSTEM_IO]: Userdata requested: consolepinned
[14-58-32] [ACTION]: CyderFrame disposed with fastclose: true, CyderFrame: Component name = [cyder.ui.CyderFrame], bounds = [(980, 378, 600, 600)], hash = [1494923299], parentFrame = [Object itself is the top level frame], associated text = [No getText() method found], tooltip text = [No getTooltipText() method found], title = [Cyder Splash]
[14-58-32] [ACTION]: Console loaded in 3767ms
[14-58-32] [SYSTEM_IO]: Userdata requested: windowlocx
[14-58-32] [SYSTEM_IO]: Userdata requested: windowlocy
[14-58-32] [SYSTEM_IO]: Userdata requested: DebugWindows
[14-58-32] [ENTRY]: [TESTING MODE]
[14-58-32] [SYSTEM_IO]: Userdata requested: laststart
[14-58-32] [SYSTEM_IO]: Userdata requested: IntroMusic
[14-58-32] [ACTION]: [Stellar Cyder [Nathan]] [NOTIFICATION] Console loaded in 3767ms
[14-58-32] [SYSTEM_IO]: Userdata requested: persistentnotifications
[14-58-37] [ACTION]: Component name = [cyder.ui.CyderButton], bounds = [(292, 140, 100, 100)], hash = [115263708], parentFrame = [Grid Layout Test], associated text = [This], tooltip text = [No getTooltipText() method found], title = [No getTitle() method found]
[14-58-37] [ACTION]: [Grid Layout Test] [NOTIFICATION] Notified button clicked
[14-58-37] [SYSTEM_IO]: Userdata requested: persistentnotifications
[14-58-40] [ACTION]: Component name = [cyder.ui.CyderButton], bounds = [(219, 170, 150, 40)], hash = [462603363], parentFrame = [Grid Layout Test], associated text = [Click], tooltip text = [No getTooltipText() method found], title = [No getTitle() method found]
[14-58-42] [SYSTEM_IO]: Userdata requested: minimizeonclose
[14-58-42] [SYSTEM_IO]: Userdata requested: Name
[14-58-42] [LOGOUT]: [Nathan]
[14-58-42] [ACTION]: CyderFrame disposed with fastclose: false, CyderFrame: Component name = [cyder.ui.ConsoleFrame], bounds = [(1316, 127, 1080, 1163)], hash = [76659128], parentFrame = [Object itself is the top level frame], associated text = [No getText() method found], tooltip text = [No getTooltipText() method found], title = [Stellar Cyder [Nathan]]
[14-58-42] [SYSTEM_IO]: Userdata requested: closeanimation
[14-58-42] [SYSTEM_IO]: Userdata requested: Background
[14-58-42] [EXIT]: [RUNTIME] 13s
[14-58-42] [EOL]: Log completed, exiting Cyder with exit code: 25 [Genesis Controlled Exit], exceptions thrown: 0
