[19-17-27] [ENTRY]: [Nathan]
[19-17-27] [SYSTEM_IO]: System data pared in IOUtil's static block
[19-17-28] [LOGIN]: [AUTOCYPHER ATTEMPT]
[19-17-28] [JAVA ARGS]: [LOCATION] [La casa de Nathan]
[19-17-29] [LOGIN]: [AUTOCYPHER PASS, e5a50641-21d1-3654-b738-c0e4b2dc61b1]
[19-17-29] [SYSTEM_IO]: Userdata requested: Name
[19-17-29] [SYSTEM_IO]: Userdata requested: RandomBackground
[19-17-29] [SYSTEM_IO]: Userdata requested: FullScreen
[19-17-30] [SYSTEM_IO]: Userdata requested: Name
[19-17-30] [SYSTEM_IO]: Userdata requested: Foreground
[19-17-30] [SYSTEM_IO]: Userdata requested: Foreground
[19-17-30] [SYSTEM_IO]: Userdata requested: FullScreen
[19-17-30] [SYSTEM_IO]: Userdata requested: FullScreen
[19-17-30] [SYSTEM_IO]: Userdata requested: Foreground
[19-17-30] [SYSTEM_IO]: Userdata requested: Font
[19-17-30] [SYSTEM_IO]: Userdata requested: OutputBorder
[19-17-30] [SYSTEM_IO]: Userdata requested: FullScreen
[19-17-30] [SYSTEM_IO]: Userdata requested: InputBorder
[19-17-30] [SYSTEM_IO]: Userdata requested: Foreground
[19-17-30] [SYSTEM_IO]: Userdata requested: Foreground
[19-17-30] [SYSTEM_IO]: Userdata requested: Foreground
[19-17-30] [SYSTEM_IO]: Userdata requested: Font
[19-17-30] [SYSTEM_IO]: Userdata requested: OutputFill
[19-17-30] [SYSTEM_IO]: Userdata requested: InputFill
[19-17-30] [SYSTEM_IO]: Userdata requested: consolepinned
[19-17-30] [SYSTEM_IO]: Userdata requested: consolepinned
[19-17-30] [ACTION]: CyderFrame disposed with fastclose: true, CyderFrame: Component name = [cyder.ui.CyderFrame], bounds = [(980, 378, 600, 600)], hash = [386576540], parentFrame = [Object itself is the top level frame], associated text = [No getText() method found], tooltip text = [No getTooltipText() method found], title = [Cyder Splash]
[19-17-30] [ACTION]: Console loaded in 3746ms
[19-17-30] [SYSTEM_IO]: Userdata requested: windowlocx
[19-17-30] [SYSTEM_IO]: Userdata requested: windowlocy
[19-17-30] [SYSTEM_IO]: Userdata requested: DebugWindows
[19-17-30] [ENTRY]: [TESTING MODE]
[19-17-30] [SYSTEM_IO]: Userdata requested: laststart
[19-17-30] [SYSTEM_IO]: Userdata requested: IntroMusic
[19-17-30] [ACTION]: [Stellar Cyder [Nathan]] [NOTIFICATION] Console loaded in 3746ms
[19-17-30] [SYSTEM_IO]: Userdata requested: persistentnotifications
[19-17-32] [ACTION]: Component name = [cyder.ui.DragLabel], bounds = [(2, 2, 796, 28)], hash = [1052825203], parentFrame = [Grid Layout Test], associated text = [No getText() method found], tooltip text = [No getTooltipText() method found], title = [No getTitle() method found]
[19-17-32] [ACTION]: CyderFrame disposed with fastclose: false, CyderFrame: Component name = [cyder.ui.CyderFrame], bounds = [(861, 286, 800, 800)], hash = [1951598348], parentFrame = [Object itself is the top level frame], associated text = [No getText() method found], tooltip text = [No getTooltipText() method found], title = [Grid Layout Test]
[19-17-32] [SYSTEM_IO]: Userdata requested: closeanimation
[19-17-35] [CLIENT]: showseconds
[19-17-35] [CONSOLE_OUT]: [STRING] Show Seconds set to true
[19-17-35] [SYSTEM_IO]: Userdata requested: OutputBorder
[19-17-35] [SYSTEM_IO]: Userdata requested: InputBorder
[19-17-35] [SYSTEM_IO]: Userdata requested: FullScreen
[19-17-35] [SYSTEM_IO]: Userdata requested: FullScreen
[19-17-35] [SYSTEM_IO]: Userdata requested: ClockOnConsole
[19-17-35] [SYSTEM_IO]: Userdata requested: OutputFill
[19-17-35] [SYSTEM_IO]: Userdata requested: InputFill
[19-17-35] [ACTION]: CONSOLE PREFERENCE TOGGLE HANDLED
[19-17-39] [CLIENT]: showseconds
[19-17-39] [CONSOLE_OUT]: [STRING] Show Seconds set to false
[19-17-39] [SYSTEM_IO]: Userdata requested: OutputBorder
[19-17-39] [SYSTEM_IO]: Userdata requested: InputBorder
[19-17-39] [SYSTEM_IO]: Userdata requested: FullScreen
[19-17-39] [SYSTEM_IO]: Userdata requested: FullScreen
[19-17-39] [SYSTEM_IO]: Userdata requested: ClockOnConsole
[19-17-39] [SYSTEM_IO]: Userdata requested: OutputFill
[19-17-39] [SYSTEM_IO]: Userdata requested: InputFill
[19-17-39] [ACTION]: CONSOLE PREFERENCE TOGGLE HANDLED
[19-17-43] [SYSTEM_IO]: Userdata requested: minimizeonclose
[19-17-43] [SYSTEM_IO]: Userdata requested: Name
[19-17-43] [LOGOUT]: [Nathan]
[19-17-43] [ACTION]: CyderFrame disposed with fastclose: false, CyderFrame: Component name = [cyder.ui.ConsoleFrame], bounds = [(721, 105, 1080, 1163)], hash = [635371680], parentFrame = [Object itself is the top level frame], associated text = [No getText() method found], tooltip text = [No getTooltipText() method found], title = [Stellar Cyder [Nathan]]
[19-17-43] [SYSTEM_IO]: Userdata requested: closeanimation
[19-17-43] [SYSTEM_IO]: Userdata requested: Background
[19-17-43] [EXIT]: [RUNTIME] 16s
[19-17-43] [EOL]: Log completed, exiting Cyder with exit code: 25 [Genesis Controlled Exit], exceptions thrown: 0
