[20-05-27] [ENTRY]: [Nathan]
[20-05-27] [SYSTEM_IO]: System data pared in IOUtil's static block
[20-05-28] [LOGIN]: [AUTOCYPHER ATTEMPT]
[20-05-28] [JAVA ARGS]: [LOCATION] [La casa de Nathan]
[20-05-29] [LOGIN]: [AUTOCYPHER PASS, e5a50641-21d1-3654-b738-c0e4b2dc61b1]
[20-05-29] [SYSTEM_IO]: Userdata requested: Name
[20-05-30] [SYSTEM_IO]: Userdata requested: RandomBackground
[20-05-30] [SYSTEM_IO]: Userdata requested: FullScreen
[20-05-32] [SYSTEM_IO]: Userdata requested: Name
[20-05-32] [SYSTEM_IO]: Userdata requested: Foreground
[20-05-32] [SYSTEM_IO]: Userdata requested: Foreground
[20-05-32] [SYSTEM_IO]: Userdata requested: FullScreen
[20-05-32] [SYSTEM_IO]: Userdata requested: FullScreen
[20-05-32] [SYSTEM_IO]: Userdata requested: Foreground
[20-05-32] [SYSTEM_IO]: Userdata requested: Font
[20-05-32] [SYSTEM_IO]: Userdata requested: OutputBorder
[20-05-32] [SYSTEM_IO]: Userdata requested: FullScreen
[20-05-33] [SYSTEM_IO]: Userdata requested: InputBorder
[20-05-33] [SYSTEM_IO]: Userdata requested: Foreground
[20-05-33] [SYSTEM_IO]: Userdata requested: Foreground
[20-05-33] [SYSTEM_IO]: Userdata requested: Foreground
[20-05-33] [SYSTEM_IO]: Userdata requested: Font
[20-05-33] [SYSTEM_IO]: Userdata requested: OutputFill
[20-05-33] [SYSTEM_IO]: Userdata requested: InputFill
[20-05-33] [SYSTEM_IO]: Userdata requested: consolepinned
[20-05-33] [SYSTEM_IO]: Userdata requested: consolepinned
[20-05-33] [ACTION]: CyderFrame disposed with fastclose: true, CyderFrame: Component name = [cyder.ui.CyderFrame], bounds = [(980, 378, 600, 600)], hash = [806572891], parentFrame = [Object itself is the top level frame], associated text = [No getText() method found], tooltip text = [No getTooltipText() method found], title = [Cyder Splash]
[20-05-33] [ACTION]: Console loaded in 6646ms
[20-05-33] [SYSTEM_IO]: Userdata requested: windowlocx
[20-05-33] [SYSTEM_IO]: Userdata requested: windowlocy
[20-05-33] [SYSTEM_IO]: Userdata requested: DebugWindows
[20-05-33] [ENTRY]: [TESTING MODE]
[20-05-33] [SYSTEM_IO]: Userdata requested: laststart
[20-05-33] [SYSTEM_IO]: Userdata requested: IntroMusic
[20-05-33] [ACTION]: [Stellar Cyder [Nathan]] [NOTIFICATION] Console loaded in 6646ms
[20-05-33] [SYSTEM_IO]: Userdata requested: persistentnotifications
[20-05-35] [CLIENT]: mp3
[20-05-35] [ACTION]: AUDIO PLAYER
[20-05-36] [ACTION]: [AUDIO PLAYER] Jake Hill - Stay (Prod. CXDY).mp3
[20-05-39] [ACTION]: Component name = [cyder.ui.DragLabel], bounds = [(2, 2, 496, 28)], hash = [987184759], parentFrame = [Flash Player], associated text = [No getText() method found], tooltip text = [No getTooltipText() method found], title = [No getTitle() method found]
[20-05-39] [ACTION]: CyderFrame disposed with fastclose: false, CyderFrame: Component name = [cyder.ui.CyderFrame], bounds = [(1453, 435, 500, 225)], hash = [898115676], parentFrame = [Object itself is the top level frame], associated text = [No getText() method found], tooltip text = [No getTooltipText() method found], title = [Flash Player]
[20-05-39] [SYSTEM_IO]: Userdata requested: closeanimation
[20-05-43] [SYSTEM_IO]: Userdata requested: minimizeonclose
[20-05-43] [SYSTEM_IO]: Userdata requested: Name
[20-05-43] [LOGOUT]: [Nathan]
[20-05-43] [ACTION]: CyderFrame disposed with fastclose: false, CyderFrame: Component name = [cyder.ui.ConsoleFrame], bounds = [(1103, 68, 1200, 960)], hash = [1569754439], parentFrame = [Object itself is the top level frame], associated text = [No getText() method found], tooltip text = [No getTooltipText() method found], title = [Stellar Cyder [Nathan]]
[20-05-43] [SYSTEM_IO]: Userdata requested: closeanimation
[20-05-43] [SYSTEM_IO]: Userdata requested: Background
[20-05-44] [EXIT]: [RUNTIME] 17s
[20-05-44] [EOL]: Log completed, exiting Cyder with exit code: 25 [Genesis Controlled Exit], exceptions thrown: 0
