[21-20-04] [ENTRY]: [Nathan]
[21-20-04] [SYSTEM_IO]: System data pared in IOUtil's static block
[21-20-05] [LOGIN]: [AUTOCYPHER ATTEMPT]
[21-20-05] [JAVA ARGS]: [LOCATION] [La casa de Nathan]
[21-20-06] [LOGIN]: [AUTOCYPHER PASS, e5a50641-21d1-3654-b738-c0e4b2dc61b1]
[21-20-06] [SYSTEM_IO]: Userdata requested: Name
[21-20-07] [SYSTEM_IO]: Userdata requested: RandomBackground
[21-20-07] [SYSTEM_IO]: Userdata requested: FullScreen
[21-20-08] [SYSTEM_IO]: Userdata requested: Name
[21-20-08] [SYSTEM_IO]: Userdata requested: Foreground
[21-20-08] [SYSTEM_IO]: Userdata requested: Foreground
[21-20-08] [SYSTEM_IO]: Userdata requested: FullScreen
[21-20-09] [SYSTEM_IO]: Userdata requested: FullScreen
[21-20-09] [SYSTEM_IO]: Userdata requested: Foreground
[21-20-09] [SYSTEM_IO]: Userdata requested: Font
[21-20-09] [SYSTEM_IO]: Userdata requested: OutputBorder
[21-20-09] [SYSTEM_IO]: Userdata requested: FullScreen
[21-20-10] [SYSTEM_IO]: Userdata requested: InputBorder
[21-20-10] [SYSTEM_IO]: Userdata requested: Foreground
[21-20-10] [SYSTEM_IO]: Userdata requested: Foreground
[21-20-10] [SYSTEM_IO]: Userdata requested: Foreground
[21-20-10] [SYSTEM_IO]: Userdata requested: Font
[21-20-10] [SYSTEM_IO]: Userdata requested: OutputFill
[21-20-10] [SYSTEM_IO]: Userdata requested: InputFill
[21-20-10] [SYSTEM_IO]: Userdata requested: consolepinned
[21-20-10] [SYSTEM_IO]: Userdata requested: consolepinned
[21-20-10] [ACTION]: CyderFrame disposed with fastclose: true, CyderFrame: Component name = [cyder.ui.CyderFrame], bounds = [(980, 378, 600, 600)], hash = [32712055], parentFrame = [Object itself is the top level frame], associated text = [No getText() method found], tooltip text = [No getTooltipText() method found], title = [Cyder Splash]
[21-20-10] [ACTION]: Console loaded in 6430ms
[21-20-10] [SYSTEM_IO]: Userdata requested: windowlocx
[21-20-10] [SYSTEM_IO]: Userdata requested: windowlocy
[21-20-10] [SYSTEM_IO]: Userdata requested: DebugWindows
[21-20-10] [ENTRY]: [TESTING MODE]
[21-20-10] [SYSTEM_IO]: Userdata requested: laststart
[21-20-10] [SYSTEM_IO]: Userdata requested: IntroMusic
[21-20-10] [ACTION]: [Stellar Cyder [Nathan]] [NOTIFICATION] Console loaded in 6430ms
[21-20-10] [SYSTEM_IO]: Userdata requested: persistentnotifications
[21-20-12] [CLIENT]: mp3
[21-20-12] [ACTION]: AUDIO PLAYER
[21-20-12] [ACTION]: [AUDIO PLAYER] Euphoria - Sacred.mp3
[21-20-16] [CLIENT]: mp3
[21-20-16] [ACTION]: CyderFrame disposed with fastclose: false, CyderFrame: Component name = [cyder.ui.CyderFrame], bounds = [(391, 427, 500, 225)], hash = [1153473986], parentFrame = [Object itself is the top level frame], associated text = [No getText() method found], tooltip text = [No getTooltipText() method found], title = [Flash Player]
[21-20-16] [SYSTEM_IO]: Userdata requested: closeanimation
[21-20-16] [ACTION]: AUDIO PLAYER
[21-20-16] [ACTION]: [AUDIO PLAYER] Euphoria - Sacred.mp3
[21-20-16] [SYSTEM_IO]: Userdata requested: SilenceErrors
[21-20-16] [ACTION]: CyderFrame disposed with fastclose: false, CyderFrame: Component name = [cyder.ui.CyderFrame], bounds = [(1257, 560, 500, 225)], hash = [1786928329], parentFrame = [Object itself is the top level frame], associated text = [No getText() method found], tooltip text = [No getTooltipText() method found], title = [Flash Player]
[21-20-16] [DEBUG]: null
java.lang.NullPointerException
	at cyder.handlers.external.AudioPlayer.lambda$startAudio$10(AudioPlayer.java:804)
	at java.base/java.lang.Thread.run(Thread.java:844)
[21-20-16] [SYSTEM_IO]: Userdata requested: closeanimation
[EXTERNAL STOP] Cyder was force closed by an external entity such as an IDE stop or the OS' Task Manager
