[21-32-58] [ENTRY]: [Nathan]
[21-32-59] [SYSTEM_IO]: System data pared in IOUtil's static block
[21-33-00] [LOGIN]: [AUTOCYPHER ATTEMPT]
[21-33-00] [JAVA ARGS]: [LOCATION] [La casa de Nathan]
[21-33-01] [LOGIN]: [AUTOCYPHER PASS, e5a50641-21d1-3654-b738-c0e4b2dc61b1]
[21-33-02] [SYSTEM_IO]: Userdata requested: Name
[21-33-02] [SYSTEM_IO]: Userdata requested: RandomBackground
[21-33-02] [SYSTEM_IO]: Userdata requested: FullScreen
[21-33-04] [SYSTEM_IO]: Userdata requested: Name
[21-33-04] [SYSTEM_IO]: Userdata requested: Foreground
[21-33-04] [SYSTEM_IO]: Userdata requested: Foreground
[21-33-04] [SYSTEM_IO]: Userdata requested: FullScreen
[21-33-04] [SYSTEM_IO]: Userdata requested: FullScreen
[21-33-05] [SYSTEM_IO]: Userdata requested: Foreground
[21-33-05] [SYSTEM_IO]: Userdata requested: Font
[21-33-05] [SYSTEM_IO]: Userdata requested: OutputBorder
[21-33-05] [SYSTEM_IO]: Userdata requested: FullScreen
[21-33-05] [SYSTEM_IO]: Userdata requested: InputBorder
[21-33-05] [SYSTEM_IO]: Userdata requested: Foreground
[21-33-05] [SYSTEM_IO]: Userdata requested: Foreground
[21-33-05] [SYSTEM_IO]: Userdata requested: Foreground
[21-33-05] [SYSTEM_IO]: Userdata requested: Font
[21-33-05] [SYSTEM_IO]: Userdata requested: OutputFill
[21-33-05] [SYSTEM_IO]: Userdata requested: InputFill
[21-33-05] [SYSTEM_IO]: Userdata requested: consolepinned
[21-33-05] [SYSTEM_IO]: Userdata requested: consolepinned
[21-33-05] [ACTION]: CyderFrame disposed with fastclose: true, CyderFrame: Component name = [cyder.ui.CyderFrame], bounds = [(980, 378, 600, 600)], hash = [427221128], parentFrame = [Object itself is the top level frame], associated text = [No getText() method found], tooltip text = [No getTooltipText() method found], title = [Cyder Splash]
[21-33-05] [ACTION]: Console loaded in 7145ms
[21-33-05] [SYSTEM_IO]: Userdata requested: windowlocx
[21-33-05] [SYSTEM_IO]: Userdata requested: windowlocy
[21-33-05] [SYSTEM_IO]: Userdata requested: DebugWindows
[21-33-05] [ENTRY]: [TESTING MODE]
[21-33-05] [SYSTEM_IO]: Userdata requested: laststart
[21-33-05] [SYSTEM_IO]: Userdata requested: IntroMusic
[21-33-05] [ACTION]: [Stellar Cyder [Nathan]] [NOTIFICATION] Console loaded in 7145ms
[21-33-06] [SYSTEM_IO]: Userdata requested: persistentnotifications
[21-33-11] [CLIENT]: mp3
[21-33-12] [SYSTEM_IO]: Userdata requested: SilenceErrors
[21-33-12] [DEBUG]: null
java.lang.NullPointerException
	at cyder.handlers.external.AudioPlayer.showGUI(AudioPlayer.java:459)
	at cyder.handlers.internal.InputHandler.handle(InputHandler.java:350)
	at cyder.ui.ConsoleFrame.lambda$start$2(ConsoleFrame.java:515)
	at java.desktop/javax.swing.JTextField.fireActionPerformed(JTextField.java:508)
	at java.desktop/javax.swing.JTextField.postActionEvent(JTextField.java:723)
	at java.desktop/javax.swing.JTextField$NotifyAction.actionPerformed(JTextField.java:839)
	at java.desktop/javax.swing.SwingUtilities.notifyAction(SwingUtilities.java:1805)
	at java.desktop/javax.swing.JComponent.processKeyBinding(JComponent.java:2901)
	at java.desktop/javax.swing.JComponent.processKeyBindings(JComponent.java:2949)
	at java.desktop/javax.swing.JComponent.processKeyEvent(JComponent.java:2863)
	at java.desktop/java.awt.Component.processEvent(Component.java:6355)
	at java.desktop/java.awt.Container.processEvent(Container.java:2259)
	at java.desktop/java.awt.Component.dispatchEventImpl(Component.java:4961)
	at java.desktop/java.awt.Container.dispatchEventImpl(Container.java:2317)
	at java.desktop/java.awt.Component.dispatchEvent(Component.java:4793)
	at java.desktop/java.awt.KeyboardFocusManager.redispatchEvent(KeyboardFocusManager.java:1955)
	at java.desktop/java.awt.DefaultKeyboardFocusManager.dispatchKeyEvent(DefaultKeyboardFocusManager.java:827)
	at java.desktop/java.awt.DefaultKeyboardFocusManager.preDispatchKeyEvent(DefaultKeyboardFocusManager.java:1096)
	at java.desktop/java.awt.DefaultKeyboardFocusManager.typeAheadAssertions(DefaultKeyboardFocusManager.java:966)
	at java.desktop/java.awt.DefaultKeyboardFocusManager.dispatchEvent(DefaultKeyboardFocusManager.java:792)
	at java.desktop/java.awt.Component.dispatchEventImpl(Component.java:4842)
	at java.desktop/java.awt.Container.dispatchEventImpl(Container.java:2317)
	at java.desktop/java.awt.Window.dispatchEventImpl(Window.java:2758)
	at java.desktop/java.awt.Component.dispatchEvent(Component.java:4793)
	at java.desktop/java.awt.EventQueue.dispatchEventImpl(EventQueue.java:766)
	at java.desktop/java.awt.EventQueue.access$500(EventQueue.java:97)
	at java.desktop/java.awt.EventQueue$3.run(EventQueue.java:717)
	at java.desktop/java.awt.EventQueue$3.run(EventQueue.java:711)
	at java.base/java.security.AccessController.doPrivileged(Native Method)
	at java.base/java.security.ProtectionDomain$JavaSecurityAccessImpl.doIntersectionPrivilege(ProtectionDomain.java:89)
	at java.base/java.security.ProtectionDomain$JavaSecurityAccessImpl.doIntersectionPrivilege(ProtectionDomain.java:99)
	at java.desktop/java.awt.EventQueue$4.run(EventQueue.java:739)
	at java.desktop/java.awt.EventQueue$4.run(EventQueue.java:737)
	at java.base/java.security.AccessController.doPrivileged(Native Method)
	at java.base/java.security.ProtectionDomain$JavaSecurityAccessImpl.doIntersectionPrivilege(ProtectionDomain.java:89)
	at java.desktop/java.awt.EventQueue.dispatchEvent(EventQueue.java:736)
	at java.desktop/java.awt.EventDispatchThread.pumpOneEventForFilters(EventDispatchThread.java:199)
	at java.desktop/java.awt.EventDispatchThread.pumpEventsForFilter(EventDispatchThread.java:124)
	at java.desktop/java.awt.EventDispatchThread.pumpEventsForHierarchy(EventDispatchThread.java:113)
	at java.desktop/java.awt.EventDispatchThread.pumpEvents(EventDispatchThread.java:109)
	at java.desktop/java.awt.EventDispatchThread.pumpEvents(EventDispatchThread.java:101)
	at java.desktop/java.awt.EventDispatchThread.run(EventDispatchThread.java:90)
[21-33-12] [ACTION]: AUDIO PLAYER
[21-33-16] [CLIENT]: mp3
[21-33-16] [ACTION]: CyderFrame disposed with fastclose: true, CyderFrame: Component name = [cyder.ui.CyderFrame], bounds = [(210, 566, 500, 225)], hash = [20602502], parentFrame = [Object itself is the top level frame], associated text = [No getText() method found], tooltip text = [No getTooltipText() method found], title = [Flash Player]
[21-33-16] [SYSTEM_IO]: Userdata requested: SilenceErrors
[21-33-16] [DEBUG]: null
java.lang.NullPointerException
	at cyder.handlers.external.AudioPlayer.showGUI(AudioPlayer.java:459)
	at cyder.handlers.internal.InputHandler.handle(InputHandler.java:350)
	at cyder.ui.ConsoleFrame.lambda$start$2(ConsoleFrame.java:515)
	at java.desktop/javax.swing.JTextField.fireActionPerformed(JTextField.java:508)
	at java.desktop/javax.swing.JTextField.postActionEvent(JTextField.java:723)
	at java.desktop/javax.swing.JTextField$NotifyAction.actionPerformed(JTextField.java:839)
	at java.desktop/javax.swing.SwingUtilities.notifyAction(SwingUtilities.java:1805)
	at java.desktop/javax.swing.JComponent.processKeyBinding(JComponent.java:2901)
	at java.desktop/javax.swing.JComponent.processKeyBindings(JComponent.java:2949)
	at java.desktop/javax.swing.JComponent.processKeyEvent(JComponent.java:2863)
	at java.desktop/java.awt.Component.processEvent(Component.java:6355)
	at java.desktop/java.awt.Container.processEvent(Container.java:2259)
	at java.desktop/java.awt.Component.dispatchEventImpl(Component.java:4961)
	at java.desktop/java.awt.Container.dispatchEventImpl(Container.java:2317)
	at java.desktop/java.awt.Component.dispatchEvent(Component.java:4793)
	at java.desktop/java.awt.KeyboardFocusManager.redispatchEvent(KeyboardFocusManager.java:1955)
	at java.desktop/java.awt.DefaultKeyboardFocusManager.dispatchKeyEvent(DefaultKeyboardFocusManager.java:827)
	at java.desktop/java.awt.DefaultKeyboardFocusManager.preDispatchKeyEvent(DefaultKeyboardFocusManager.java:1096)
	at java.desktop/java.awt.DefaultKeyboardFocusManager.typeAheadAssertions(DefaultKeyboardFocusManager.java:966)
	at java.desktop/java.awt.DefaultKeyboardFocusManager.dispatchEvent(DefaultKeyboardFocusManager.java:792)
	at java.desktop/java.awt.Component.dispatchEventImpl(Component.java:4842)
	at java.desktop/java.awt.Container.dispatchEventImpl(Container.java:2317)
	at java.desktop/java.awt.Window.dispatchEventImpl(Window.java:2758)
	at java.desktop/java.awt.Component.dispatchEvent(Component.java:4793)
	at java.desktop/java.awt.EventQueue.dispatchEventImpl(EventQueue.java:766)
	at java.desktop/java.awt.EventQueue.access$500(EventQueue.java:97)
	at java.desktop/java.awt.EventQueue$3.run(EventQueue.java:717)
	at java.desktop/java.awt.EventQueue$3.run(EventQueue.java:711)
	at java.base/java.security.AccessController.doPrivileged(Native Method)
	at java.base/java.security.ProtectionDomain$JavaSecurityAccessImpl.doIntersectionPrivilege(ProtectionDomain.java:89)
	at java.base/java.security.ProtectionDomain$JavaSecurityAccessImpl.doIntersectionPrivilege(ProtectionDomain.java:99)
	at java.desktop/java.awt.EventQueue$4.run(EventQueue.java:739)
	at java.desktop/java.awt.EventQueue$4.run(EventQueue.java:737)
	at java.base/java.security.AccessController.doPrivileged(Native Method)
	at java.base/java.security.ProtectionDomain$JavaSecurityAccessImpl.doIntersectionPrivilege(ProtectionDomain.java:89)
	at java.desktop/java.awt.EventQueue.dispatchEvent(EventQueue.java:736)
	at java.desktop/java.awt.EventDispatchThread.pumpOneEventForFilters(EventDispatchThread.java:199)
	at java.desktop/java.awt.EventDispatchThread.pumpEventsForFilter(EventDispatchThread.java:124)
	at java.desktop/java.awt.EventDispatchThread.pumpEventsForHierarchy(EventDispatchThread.java:113)
	at java.desktop/java.awt.EventDispatchThread.pumpEvents(EventDispatchThread.java:109)
	at java.desktop/java.awt.EventDispatchThread.pumpEvents(EventDispatchThread.java:101)
	at java.desktop/java.awt.EventDispatchThread.run(EventDispatchThread.java:90)
[21-33-16] [ACTION]: AUDIO PLAYER
[21-33-16] [ACTION]: CyderFrame disposed with fastclose: false, CyderFrame: Component name = [cyder.ui.CyderFrame], bounds = [(1213, 636, 500, 225)], hash = [1453580233], parentFrame = [Object itself is the top level frame], associated text = [No getText() method found], tooltip text = [No getTooltipText() method found], title = [Flash Player]
[21-33-16] [SYSTEM_IO]: Userdata requested: closeanimation
[21-33-21] [SYSTEM_IO]: Userdata requested: minimizeonclose
[21-33-21] [SYSTEM_IO]: Userdata requested: Name
[21-33-21] [LOGOUT]: [Nathan]
[21-33-21] [ACTION]: CyderFrame disposed with fastclose: false, CyderFrame: Component name = [cyder.ui.ConsoleFrame], bounds = [(863, 269, 1200, 960)], hash = [350059321], parentFrame = [Object itself is the top level frame], associated text = [No getText() method found], tooltip text = [No getTooltipText() method found], title = [Stellar Cyder [Nathan]]
[21-33-21] [SYSTEM_IO]: Userdata requested: closeanimation
[21-33-21] [SYSTEM_IO]: Userdata requested: Background
[21-33-21] [EXIT]: [RUNTIME] 23s
[21-33-21] [EOL]: Log completed, exiting Cyder with exit code: 25 [Genesis Controlled Exit], exceptions thrown: 0
