          _____                _____                    _____                    _____                    _____
         /\    \              |\    \                  /\    \                  /\    \                  /\    \
        /::\    \             |:\____\                /::\    \                /::\    \                /::\    \
       /::::\    \            |::|   |               /::::\    \              /::::\    \              /::::\    \
      /::::::\    \           |::|   |              /::::::\    \            /::::::\    \            /::::::\    \
     /:::/\:::\    \          |::|   |             /:::/\:::\    \          /:::/\:::\    \          /:::/\:::\    \
    /:::/  \:::\    \         |::|   |            /:::/  \:::\    \        /:::/__\:::\    \        /:::/__\:::\    \
   /:::/    \:::\    \        |::|   |           /:::/    \:::\    \      /::::\   \:::\    \      /::::\   \:::\    \
  /:::/    / \:::\    \       |::|___|______    /:::/    / \:::\    \    /::::::\   \:::\    \    /::::::\   \:::\    \
 /:::/    /   \:::\    \      /::::::::\    \  /:::/    /   \:::\ ___\  /:::/\:::\   \:::\    \  /:::/\:::\   \:::\____\
/:::/____/     \:::\____\    /::::::::::\____\/:::/____/     \:::|    |/:::/__\:::\   \:::\____\/:::/  \:::\   \:::|    |
\:::\    \      \::/    /   /:::/~~~~/~~      \:::\    \     /:::|____|\:::\   \:::\   \::/    /\::/   |::::\  /:::|____|
 \:::\    \      \/____/   /:::/    /          \:::\    \   /:::/    /  \:::\   \:::\   \/____/  \/____|:::::\/:::/    /
  \:::\    \              /:::/    /            \:::\    \ /:::/    /    \:::\   \:::\    \            |:::::::::/    /
   \:::\    \            /:::/    /              \:::\    /:::/    /      \:::\   \:::\____\           |::|\::::/    /
    \:::\    \           \::/    /                \:::\  /:::/    /        \:::\   \::/    /           |::| \::/____/
     \:::\    \           \/____/                  \:::\/:::/    /          \:::\   \/____/            |::|  ~|
      \:::\    \                                    \::::::/    /            \:::\    \                |::|   |
       \:::\____\                                    \::::/    /              \:::\____\               \::|   |
        \::/    /                                     \::/____/                \::/    /                \:|   |
         \/____/                                       ~~                       \/____/                  \|___|


[20-33-16.059] [ENTRY]: Nathan
[20-33-15.903] [DEBUG]: Found prop file: props\propkeys.ini
[20-33-15.920] [DEBUG]: Found prop file: props\props.ini
[20-33-15.940] [PROP LOADED]: [key = map_quest_api_key]
[20-33-15.941] [PROP LOADED]: [key = youtube_api_3_key]
[20-33-15.941] [PROP LOADED]: [key = ip_key]
[20-33-15.941] [PROP LOADED]: [key = weather_key]
[20-33-15.941] [PROP LOADED]: [key = debug_hash_name, value = Nathan]
[20-33-15.942] [PROP LOADED]: [key = debug_hash_password, value = 571b100a3b69f7b09828c0b61d325b15e52c512c14fdcf6d248f7c
               a733d0a7f6]
[20-33-15.943] [PROP LOADED]: [key = default_weather_location, value = Austin,Tx,USA]
[20-33-15.943] [PROP LOADED]: [key = ignore_data, value = typinganimation,showseconds,roundedwindows,windowcolor,audiole
               ngth,capsmode,typingsound,showbusyicon]
[20-33-15.944] [PROP LOADED]: [key = font_metric, value = 1]
[20-33-15.944] [PROP LOADED]: [key = max_font_size, value = 50]
[20-33-15.944] [PROP LOADED]: [key = min_font_size, value = 25]
[20-33-15.944] [PROP LOADED]: [key = released, value = false]
[20-33-15.944] [PROP LOADED]: [key = version, value = Liminal]
[20-33-15.944] [PROP LOADED]: [key = release_date, value = 22.7.4]
[20-33-15.945] [PROP LOADED]: [key = components_relocatable, value = false]
[20-33-15.945] [PROP LOADED]: [key = testing_mode, value = true]
[20-33-15.945] [PROP LOADED]: [key = autocypher, value = true]
[20-33-15.945] [PROP LOADED]: [key = dispose_splash, value = true]
[20-33-15.945] [PROP LOADED]: [key = wipe_logs_on_start, value = true]
[20-33-15.946] [PROP LOADED]: [key = activate_watchdog, value = false]
[20-33-15.946] [PROP LOADED]: [key = ffmpeg_audio_output_format, value = mp3]
[20-33-15.946] [PROP LOADED]: [key = printing_animation_char_timeout, value = 8]
[20-33-15.946] [PROP LOADED]: [key = printing_animation_line_timeout, value = 100]
[20-33-15.946] [PROP LOADED]: [key = ui_scale, value = 1]
[20-33-15.946] [PROP LOADED]: [key = auto_trigger_similar_commands, value = true]
[20-33-15.946] [PROP LOADED]: [key = auto_trigger_similar_command_tolerance, value = 0.95]
[20-33-15.964] [DEBUG]: Jar mode set as: FALSE
[20-33-16.033] [DEBUG]: Loaded 131 static resources
[20-33-16.050] [DEBUG]: Loaded 16 static folders
[20-33-16.134] [THREAD STARTED]: Object Creation Logger
[20-33-16.337] [DEBUG]: Watchdog skipped
[20-33-16.346] [LOADING MESSAGE]: Registering fonts
[20-33-16.906] [FONT LOADED]: agency-fb
[20-33-16.908] [FONT LOADED]: arial-black
[20-33-16.910] [FONT LOADED]: beyno
[20-33-16.912] [FONT LOADED]: condiment-regular
[20-33-16.915] [FONT LOADED]: prompt-bold
[20-33-16.916] [FONT LOADED]: segoe-ui-black
[20-33-16.918] [FONT LOADED]: tahoma
[20-33-16.918] [LOADING MESSAGE]: Ensuring singular instance
[20-33-16.920] [THREAD STARTED]: Singular Cyder Instance Ensurer
[20-33-16.921] [DEBUG]: Starting instance socket on port 5150
[20-33-17.430] [LOADING MESSAGE]: Ensuring OS is supported
[20-33-17.431] [LOADING MESSAGE]: Creating dynamics
[20-33-17.433] [SYSTEM IO]: Requested deletion of: C:\Users\Nathan\Documents\IntelliJava\Cyder\dynamic\tmp
[20-33-17.460] [LOADING MESSAGE]: Validating users
[20-33-17.663] [LOADING MESSAGE]: Cleaning users
[20-33-17.667] [LOADING MESSAGE]: Validating props
[20-33-17.852] [LOADING MESSAGE]: Validating Widgets
[20-33-18.320] [LOADING MESSAGE]: Validating Tests
[20-33-18.325] [LOADING MESSAGE]: Validating Vanilla annotations
[20-33-18.342] [LOADING MESSAGE]: Validating Handles
[20-33-18.357] [THREAD STARTED]: Splash Loader
[20-33-18.358] [THREAD STARTED]: Sufficient Subroutine Executor
[20-33-18.359] [LOADING MESSAGE]: Logging JVM args
[20-33-18.361] [THREAD STARTED]: JVM Args Logger
[20-33-18.377] [LOADING MESSAGE]: Checking for an AutoCypher
[20-33-18.378] [LOGIN]: AutoCypher Attempt
[20-33-18.379] [LOADING MESSAGE]: Auto Cyphering
[20-33-18.676] [THREAD STARTED]: Splash Animation
[20-33-18.915] [UNIQUE OBJECT CREATED]: Console singleton constructed
[20-33-19.140] [OBJECT CREATION]: Objects created since last delta (5000ms): 86
[20-33-19.360] [DEBUG]: Cyder Entry = AutoCypher
[20-33-19.877] [THREAD STARTED]: High Ping Checker
[20-33-19.935] [DEBUG]: Latency of Google found to be 55ms
[20-33-20.151] [THREAD STARTED]: Console Printing Animation
[20-33-20.240] [THREAD STARTED]: Hourly Chime Checker
[20-33-20.241] [THREAD STARTED]: Console Clock Updater
[20-33-20.242] [THREAD STARTED]: Cyder Busy Checker
[20-33-20.247] [THREAD STARTED]: [Cyder Splash] dispose() animation thread
[20-33-20.248] [THREAD STARTED]: [Cyder Splash] dispose() animation thread
[20-33-20.255] [UI]: CyderFrame disposed with fastclose=true, getTitle=Cyder Splash
[20-33-20.530] [CONSOLE LOADED]: [Nathan] [TESTING MODE]
[20-33-20.531] [THREAD STARTED]: Manual Tests Thread
[20-33-20.580] [CONSOLE OUT]: [STRING]: Console loaded in 4710ms
[20-33-20.923] [DEBUG]: Attempted to log a new or empty line
[20-33-21.055] [THREAD STARTED]: Splash Loading Label Updater
[20-33-24.144] [OBJECT CREATION]: Objects created since last delta (5000ms): 40
[20-35-20.017] [DEBUG]: Latency of Google found to be 60ms
[20-37-12.191] [THREAD STARTED]: Liminal Cyder [Nathan] Opacity Decrement Animator
[20-37-12.567] [SYSTEM IO]: [JSON WRITE] [Levenshtein = 13] User was written to file: 7d7ebb00-81fe-329f-8a78-62f463d0b7
               da\Userdata.json
[20-37-12.585] [SYSTEM IO]: Requested deletion of: C:\Users\Nathan\Documents\IntelliJava\Cyder\dynamic\backup\7d7ebb00-8
               1fe-329f-8a78-62f463d0b7da_1660959147693.json
[20-37-12.586] [THREAD STARTED]: Liminal Cyder [Nathan] Opacity Increment Animator
[20-37-13.691] [THREAD STARTED]: Liminal Cyder [Nathan] Opacity Decrement Animator
[20-37-13.765] [THREAD STARTED]: Liminal Cyder [Nathan] Opacity Increment Animator
[20-37-14.198] [THREAD STARTED]: minimize menu thread
[20-37-14.200] [THREAD STARTED]: Console menu animator
[20-37-14.463] [OBJECT CREATION]: Objects created since last delta (5000ms): 7
[20-37-14.866] [UI]: Component = CyderLabel, hash = 1827763769, bounds = (0, 0, 75, 75), parent frame = Liminal Cyder
               [Nathan], getText() = <html><div style='text-align: center;'>Pref</html>
[20-37-14.900] [THREAD STARTED]: [] dispose() animation thread
[20-37-14.901] [UI]: CyderFrame disposed with fastclose=true, getTitle=
[20-37-14.934] [THREAD STARTED]: CyderFrame finalizeAndShow Thread, frame = Preferences
[20-37-16.241] [THREAD STARTED]: Preferences Font Loader
[20-37-16.608] [THREAD STARTED]: Preferences Opacity Decrement Animator
[20-37-17.051] [THREAD STARTED]: Preferences Opacity Increment Animator
[20-37-17.554] [UI]: cyder.ui.CyderTextField[,44,0,160x40,layout=javax.swing.plaf.basic.BasicTextUI$UpdateHandler,alignm
               entX=0.0,alignmentY=0.0,border=javax.swing.border.LineBorder@2f3daad,flags=16777504,maximumSize=,minimumSize=,preferredS
               ize=,caretColor=java.awt.Color[r=26,g=32,b=51],disabledTextColor=javax.swing.plaf.ColorUIResource[r=184,g=207,b=229],edi
               table=true,margin=javax.swing.plaf.InsetsUIResource[top=0,left=0,bottom=0,right=0],selectedTextColor=sun.swing.PrintColo
               rUIResource[r=51,g=51,b=51],selectionColor=java.awt.Color[r=204,g=153,b=0],columns=6,columnWidth=0,command=,horizontalAl
               ignment=CENTER]
[20-37-17.761] [UI]: cyder.ui.CyderTextField[,44,0,160x40,layout=javax.swing.plaf.basic.BasicTextUI$UpdateHandler,alignm
               entX=0.0,alignmentY=0.0,border=javax.swing.border.LineBorder@2f3daad,flags=16777504,maximumSize=,minimumSize=,preferredS
               ize=,caretColor=java.awt.Color[r=26,g=32,b=51],disabledTextColor=javax.swing.plaf.ColorUIResource[r=184,g=207,b=229],edi
               table=true,margin=javax.swing.plaf.InsetsUIResource[top=0,left=0,bottom=0,right=0],selectedTextColor=sun.swing.PrintColo
               rUIResource[r=51,g=51,b=51],selectionColor=java.awt.Color[r=204,g=153,b=0],columns=6,columnWidth=0,command=,horizontalAl
               ignment=CENTER]
[20-37-18.802] [PREFERENCE REFRESH]: Key = windowcolor
[20-37-18.805] [PREFERENCE REFRESH]: Key = windowcolor
[20-37-19.465] [OBJECT CREATION]: Objects created since last delta (5000ms): 312
[20-37-20.078] [DEBUG]: Latency of Google found to be 44ms
[20-37-21.775] [PREFERENCE REFRESH]: Key = windowcolor
[20-37-24.207] [PREFERENCE REFRESH]: Key = windowcolor
[20-37-24.392] [PREFERENCE REFRESH]: Key = windowcolor
[20-37-24.726] [PREFERENCE REFRESH]: Key = windowcolor
[20-37-25.255] [PREFERENCE REFRESH]: Key = windowcolor
[20-37-26.223] [UI]: Component = CyderDragLabel, hash = 2118807292, bounds = (2, 2, 796, 28), parent frame = Preferences
               , getText() = <html><div style='text-align: center;'>Pref</html>
[20-37-26.224] [THREAD STARTED]: [Preferences] dispose() animation thread
[20-37-26.225] [UI]: CyderFrame disposed with fastclose=false, getTitle=Preferences
[20-37-27.219] [THREAD STARTED]: Liminal Cyder [Nathan] Opacity Decrement Animator
[20-37-27.293] [THREAD STARTED]: Liminal Cyder [Nathan] Opacity Increment Animator
[20-37-27.689] [THREAD STARTED]: [Liminal Cyder [Nathan]] dispose() animation thread
[20-37-27.691] [UI]: CyderFrame disposed with fastclose=false, getTitle=Liminal Cyder [Nathan]
[20-37-27.995] [EXIT]: [RUNTIME] 4m 12s 95ms
[20-37-28.001] [EOL]: Log completed, exiting Cyder with exit code: 0 [Genesis Controlled Exit], no exceptions thrown,
               total objects created: 445
