[22-37-38] [ENTRY]: [Nathan]
[22-37-38] [SYSTEM_IO]: System data pared in IOUtil's static block
[22-37-38] [SYSTEM_IO]: Suggestions pared in IOUtil's static block
[22-37-38] [SYSTEM_IO]: Exit conditions pared in IOUtil's static block
[22-37-38] [SYSTEM_IO]: DebugHashes pared in IOUtil's static block
[22-37-39] [LOGIN]: [AUTOCYPHER ATTEMPT]
[22-37-39] [JAVA ARGS]: [LOCATION] [La casa de Nathan]
[22-37-40] [LOGIN]: [[AUTOCYPHER PASS]: e5a50641-21d1-3654-b738-c0e4b2dc61b1]
[22-37-40] [SYSTEM_IO]: Userdata requested: RandomBackground
[22-37-40] [SYSTEM_IO]: Userdata requested: FullScreen [3x]
[22-37-40] [SYSTEM_IO]: Userdata requested: OutputBorder
[22-37-40] [SYSTEM_IO]: Userdata requested: FullScreen
[22-37-40] [SYSTEM_IO]: Userdata requested: InputBorder
[22-37-40] [SYSTEM_IO]: Userdata requested: OutputFill
[22-37-40] [SYSTEM_IO]: Userdata requested: InputFill
[22-37-40] [ACTION]: CyderFrame disposed with fastclose: true, CyderFrame: Component name = [cyder.ui.CyderFrame], bounds = [(980, 396, 600, 600)], hash = [1250483909], parentFrame = [Object itself is the top level frame], associated text = [No getText() method found], tooltip text = [No getTooltipText() method found], title = [Cyder Splash]
[22-37-40] [ACTION]: Console loaded in 2796ms
[22-37-40] [SYSTEM_IO]: Userdata requested: DebugWindows
[22-37-40] [ENTRY]: [TESTING MODE]
[22-37-40] [SYSTEM_IO]: Userdata requested: laststart
[22-37-41] [ACTION]: [Stellar Cyder [Nathan]] [NOTIFICATION] Console loaded in 2796ms
[22-37-41] [SYSTEM_IO]: Userdata requested: persistentnotifications
[22-37-48] [CLIENT]: calc
[22-37-48] [SYSTEM_IO]: Userdata requested: filterchat
[22-37-48] [WIDGET OPENED]: CALCULATOR
[22-37-48] [HANDLE]: PRIMARY HANDLE
[22-37-48] [CONSOLE_OUT]: [STRING] Opening widget: cyder.widgets.CalculatorWidget
[22-37-49] [ACTION]: Component name = [cyder.ui.CyderButton], bounds = [(115, 215, 75, 75)], hash = [1175275503], parentFrame = [Calculator], associated text = [8], tooltip text = [No getTooltipText() method found], title = [No getTitle() method found]
[22-37-49] [ACTION]: Component name = [cyder.ui.CyderButton], bounds = [(210, 215, 75, 75)], hash = [1146816531], parentFrame = [Calculator], associated text = [9], tooltip text = [No getTooltipText() method found], title = [No getTitle() method found]
[22-37-49] [ACTION]: Component name = [cyder.ui.CyderButton], bounds = [(210, 120, 75, 75)], hash = [1441395734], parentFrame = [Calculator], associated text = [*], tooltip text = [No getTooltipText() method found], title = [No getTitle() method found]
[22-37-50] [ACTION]: Component name = [cyder.ui.CyderButton], bounds = [(210, 215, 75, 75)], hash = [1146816531], parentFrame = [Calculator], associated text = [9], tooltip text = [No getTooltipText() method found], title = [No getTitle() method found]
[22-37-50] [ACTION]: Component name = [cyder.ui.CyderButton], bounds = [(305, 215, 75, 75)], hash = [889033119], parentFrame = [Calculator], associated text = [=], tooltip text = [No getTooltipText() method found], title = [No getTitle() method found]
[22-37-50] [ACTION]: [Calculator] [NOTIFICATION] 801.0
[22-37-50] [SYSTEM_IO]: Userdata requested: persistentnotifications
[22-37-52] [ACTION]: Component name = [cyder.ui.CyderButton], bounds = [(115, 215, 75, 75)], hash = [1175275503], parentFrame = [Calculator], associated text = [8], tooltip text = [No getTooltipText() method found], title = [No getTitle() method found]
[22-37-52] [ACTION]: Component name = [cyder.ui.CyderButton], bounds = [(210, 215, 75, 75)], hash = [1146816531], parentFrame = [Calculator], associated text = [9], tooltip text = [No getTooltipText() method found], title = [No getTitle() method found]
[22-37-53] [ACTION]: Component name = [cyder.ui.CyderButton], bounds = [(305, 215, 75, 75)], hash = [889033119], parentFrame = [Calculator], associated text = [=], tooltip text = [No getTooltipText() method found], title = [No getTitle() method found]
[22-37-53] [ACTION]: [Calculator] [NOTIFICATION] 88021.0
[22-37-53] [SYSTEM_IO]: Userdata requested: persistentnotifications
[22-37-59] [ACTION]: Component name = [cyder.ui.CyderButton], bounds = [(305, 215, 75, 75)], hash = [889033119], parentFrame = [Calculator], associated text = [=], tooltip text = [No getTooltipText() method found], title = [No getTitle() method found]
[22-37-59] [ACTION]: [Calculator] [NOTIFICATION] 88021.0
[22-38-00] [SYSTEM_IO]: Userdata requested: persistentnotifications
[22-38-02] [ACTION]: Component name = [cyder.ui.CyderButton], bounds = [(305, 215, 75, 75)], hash = [889033119], parentFrame = [Calculator], associated text = [=], tooltip text = [No getTooltipText() method found], title = [No getTitle() method found]
[22-38-02] [ACTION]: [Calculator] [NOTIFICATION] 88021.0
[22-38-02] [SYSTEM_IO]: Userdata requested: persistentnotifications
[22-38-03] [ACTION]: Component name = [cyder.ui.CyderButton], bounds = [(305, 215, 75, 75)], hash = [889033119], parentFrame = [Calculator], associated text = [=], tooltip text = [No getTooltipText() method found], title = [No getTitle() method found]
[22-38-03] [ACTION]: [Calculator] [NOTIFICATION] 88021.0
[22-38-03] [SYSTEM_IO]: Userdata requested: persistentnotifications
[22-38-05] [ACTION]: Component name = [cyder.ui.CyderButton], bounds = [(115, 215, 75, 75)], hash = [1175275503], parentFrame = [Calculator], associated text = [8], tooltip text = [No getTooltipText() method found], title = [No getTitle() method found]
[22-38-06] [ACTION]: Component name = [cyder.ui.CyderButton], bounds = [(305, 215, 75, 75)], hash = [889033119], parentFrame = [Calculator], associated text = [=], tooltip text = [No getTooltipText() method found], title = [No getTitle() method found]
[22-38-06] [ACTION]: [Calculator] [NOTIFICATION] 880922.0
[22-38-06] [SYSTEM_IO]: Userdata requested: persistentnotifications
[22-38-28] [EOL]: Log completed, Cyder crashed unexpectedly: exit code: -200 [External Stop], exceptions thrown: 0
