[17-43-21] [ENTRY]: [Nathan]
[17-43-22] [SYSTEM_IO]: Suggestions pared in IOUtil's static block
[17-43-22] [SYSTEM_IO]: DebugHashes pared in IOUtil's static block
[17-43-22] [DEBUG]: Method annotated with @Widget is not named showGUI(); name: Christmas2020
[17-43-22] [DEBUG]: Method annotated with @Widget is not named showGUI(); name: FathersDay2021
[17-43-22] [DEBUG]: Method annotated with @Widget is not named showGUI(); name: Birthday2021
[17-43-22] [DEBUG]: Method annotated with @Widget is not named showGUI(); name: Christmas2021
[17-43-22] [LOGIN]: [AUTOCYPHER ATTEMPT]
[17-43-22] [JAVA ARGS]: [LOCATION] [La casa de Nathan]
[17-43-22] [ACTION]: Requested deletion of: C:\Users\Nathan\Documents\IntelliJava\Cyder\cyder\src\cyder\tmp
[17-43-22] [ACTION]: [DELETION FAILED] C:\Users\Nathan\Documents\IntelliJava\Cyder\cyder\src\cyder\tmp
[17-43-22] [LOGIN]: [AUTOCYPHER FAIL] [2x]
[17-43-22] [ACTION]: CyderFrame disposed with fastclose: true, CyderFrame: Component name = [cyder.ui.CyderFrame], bounds = [(980, 396, 600, 600)], hash = [1397611563], parentFrame = [Object itself is the top level frame], associated text = [No getText() method found], tooltip text = [No getTooltipText() method found], title = [Cyder Splash]
[17-43-27] [CLIENT_IO]: [LOGIN FRAME] Nathan@CypherLenovo:~$ create
[17-43-27] [WIDGET OPENED]: USER CREATED
[17-43-33] [ACTION]: Component name = [cyder.ui.CyderButton], bounds = [(60, 390, 240, 40)], hash = [282393677], parentFrame = [Create User], associated text = [Create User], tooltip text = [No getTooltipText() method found], title = [No getTitle() method found]
[17-43-33] [ACTION]: CyderFrame disposed with fastclose: false, CyderFrame: Component name = [cyder.ui.CyderFrame], bounds = [(1609, 501, 356, 473)], hash = [1945144204], parentFrame = [Object itself is the top level frame], associated text = [No getText() method found], tooltip text = [No getTooltipText() method found], title = [Create User]
[17-43-33] [SYSTEM_IO]: Userdata requested: closeanimation
[17-43-36] [ACTION]: Component name = [cyder.ui.DragLabel], bounds = [(2, 2, 426, 28)], hash = [1751904156], parentFrame = [Creation Success], associated text = [No getText() method found], tooltip text = [No getTooltipText() method found], title = [No getTitle() method found]
[17-43-36] [ACTION]: CyderFrame disposed with fastclose: false, CyderFrame: Component name = [cyder.ui.CyderFrame], bounds = [(1572, 687, 430, 100)], hash = [990029282], parentFrame = [Object itself is the top level frame], associated text = [No getText() method found], tooltip text = [No getTooltipText() method found], title = [Creation Success]
[17-43-36] [SYSTEM_IO]: Userdata requested: closeanimation
[17-43-38] [CLIENT_IO]: [LOGIN FRAME] Nathan@CypherLenovo:~$ login
[17-43-38] [CLIENT_IO]: [LOGIN FRAME] Username: nathan
[17-43-39] [LOGIN]: [LOGIN FAIL]
[17-43-41] [CLIENT_IO]: [LOGIN FRAME] Nathan@CypherLenovo:~$ nathan
[17-43-45] [CLIENT_IO]: [LOGIN FRAME] Nathan@CypherLenovo:~$ login
[17-43-45] [CLIENT_IO]: [LOGIN FRAME] Username: nathan
[17-43-47] [EXCEPTION]:
Exception origin: cyder.utilities.UserUtil.fixUser(UserUtil.java:253)
From line: 253
Trace: java.lang.NullPointerException
at cyder.utilities.UserUtil.fixUser(UserUtil.java:253)
at cyder.ui.ConsoleFrame.setUUID(ConsoleFrame.java:1867)
at cyder.handlers.internal.LoginHandler.recognize(LoginHandler.java:525)
at cyder.handlers.internal.LoginHandler$3.keyTyped(LoginHandler.java:395)
at java.desktop/java.awt.Component.processKeyEvent(Component.java:6533)
at java.desktop/javax.swing.JComponent.processKeyEvent(JComponent.java:2850)
at java.desktop/java.awt.Component.processEvent(Component.java:6355)
at java.desktop/java.awt.Container.processEvent(Container.java:2259)
at java.desktop/java.awt.Component.dispatchEventImpl(Component.java:4961)
at java.desktop/java.awt.Container.dispatchEventImpl(Container.java:2317)
at java.desktop/java.awt.Component.dispatchEvent(Component.java:4793)
at java.desktop/java.awt.KeyboardFocusManager.redispatchEvent(KeyboardFocusManager.java:1955)
at java.desktop/java.awt.DefaultKeyboardFocusManager.dispatchKeyEvent(DefaultKeyboardFocusManager.java:827)
at java.desktop/java.awt.DefaultKeyboardFocusManager.preDispatchKeyEvent(DefaultKeyboardFocusManager.java:1096)
at java.desktop/java.awt.DefaultKeyboardFocusManager.typeAheadAssertions(DefaultKeyboardFocusManager.java:966)
at java.desktop/java.awt.DefaultKeyboardFocusManager.dispatchEvent(DefaultKeyboardFocusManager.java:792)
at java.desktop/java.awt.Component.dispatchEventImpl(Component.java:4842)
at java.desktop/java.awt.Container.dispatchEventImpl(Container.java:2317)
at java.desktop/java.awt.Window.dispatchEventImpl(Window.java:2758)
at java.desktop/java.awt.Component.dispatchEvent(Component.java:4793)
at java.desktop/java.awt.EventQueue.dispatchEventImpl(EventQueue.java:766)
at java.desktop/java.awt.EventQueue.access$500(EventQueue.java:97)
at java.desktop/java.awt.EventQueue$3.run(EventQueue.java:717)
at java.desktop/java.awt.EventQueue$3.run(EventQueue.java:711)
at java.base/java.security.AccessController.doPrivileged(Native Method)
at java.base/java.security.ProtectionDomain$JavaSecurityAccessImpl.doIntersectionPrivilege(ProtectionDomain.java:89)
at java.base/java.security.ProtectionDomain$JavaSecurityAccessImpl.doIntersectionPrivilege(ProtectionDomain.java:99)
at java.desktop/java.awt.EventQueue$4.run(EventQueue.java:739)
at java.desktop/java.awt.EventQueue$4.run(EventQueue.java:737)
at java.base/java.security.AccessController.doPrivileged(Native Method)
at java.base/java.security.ProtectionDomain$JavaSecurityAccessImpl.doIntersectionPrivilege(ProtectionDomain.java:89)
at java.desktop/java.awt.EventQueue.dispatchEvent(EventQueue.java:736)
at java.desktop/java.awt.EventDispatchThread.pumpOneEventForFilters(EventDispatchThread.java:199)
at java.desktop/java.awt.EventDispatchThread.pumpEventsForFilter(EventDispatchThread.java:124)
at java.desktop/java.awt.EventDispatchThread.pumpEventsForHierarchy(EventDispatchThread.java:113)
at java.desktop/java.awt.EventDispatchThread.pumpEvents(EventDispatchThread.java:109)
at java.desktop/java.awt.EventDispatchThread.pumpEvents(EventDispatchThread.java:101)
at java.desktop/java.awt.EventDispatchThread.run(EventDispatchThread.java:90)
[17-43-47] [LOGIN]: [[STD LOGIN]: b9416cd4-ca52-337b-933e-0dcc239c571a]
[17-43-47] [SYSTEM_IO]: Userdata requested: RandomBackground
[17-43-47] [EXCEPTION]:
Exception origin: cyder.ui.ConsoleFrame.launch(ConsoleFrame.java:283)
From line: 283
Trace: java.lang.NullPointerException
at cyder.ui.ConsoleFrame.launch(ConsoleFrame.java:283)
at cyder.handlers.internal.LoginHandler.recognize(LoginHandler.java:538)
at cyder.handlers.internal.LoginHandler$3.keyTyped(LoginHandler.java:395)
at java.desktop/java.awt.Component.processKeyEvent(Component.java:6533)
at java.desktop/javax.swing.JComponent.processKeyEvent(JComponent.java:2850)
at java.desktop/java.awt.Component.processEvent(Component.java:6355)
at java.desktop/java.awt.Container.processEvent(Container.java:2259)
at java.desktop/java.awt.Component.dispatchEventImpl(Component.java:4961)
at java.desktop/java.awt.Container.dispatchEventImpl(Container.java:2317)
at java.desktop/java.awt.Component.dispatchEvent(Component.java:4793)
at java.desktop/java.awt.KeyboardFocusManager.redispatchEvent(KeyboardFocusManager.java:1955)
at java.desktop/java.awt.DefaultKeyboardFocusManager.dispatchKeyEvent(DefaultKeyboardFocusManager.java:827)
at java.desktop/java.awt.DefaultKeyboardFocusManager.preDispatchKeyEvent(DefaultKeyboardFocusManager.java:1096)
at java.desktop/java.awt.DefaultKeyboardFocusManager.typeAheadAssertions(DefaultKeyboardFocusManager.java:966)
at java.desktop/java.awt.DefaultKeyboardFocusManager.dispatchEvent(DefaultKeyboardFocusManager.java:792)
at java.desktop/java.awt.Component.dispatchEventImpl(Component.java:4842)
at java.desktop/java.awt.Container.dispatchEventImpl(Container.java:2317)
at java.desktop/java.awt.Window.dispatchEventImpl(Window.java:2758)
at java.desktop/java.awt.Component.dispatchEvent(Component.java:4793)
at java.desktop/java.awt.EventQueue.dispatchEventImpl(EventQueue.java:766)
at java.desktop/java.awt.EventQueue.access$500(EventQueue.java:97)
at java.desktop/java.awt.EventQueue$3.run(EventQueue.java:717)
at java.desktop/java.awt.EventQueue$3.run(EventQueue.java:711)
at java.base/java.security.AccessController.doPrivileged(Native Method)
at java.base/java.security.ProtectionDomain$JavaSecurityAccessImpl.doIntersectionPrivilege(ProtectionDomain.java:89)
at java.base/java.security.ProtectionDomain$JavaSecurityAccessImpl.doIntersectionPrivilege(ProtectionDomain.java:99)
at java.desktop/java.awt.EventQueue$4.run(EventQueue.java:739)
at java.desktop/java.awt.EventQueue$4.run(EventQueue.java:737)
at java.base/java.security.AccessController.doPrivileged(Native Method)
at java.base/java.security.ProtectionDomain$JavaSecurityAccessImpl.doIntersectionPrivilege(ProtectionDomain.java:89)
at java.desktop/java.awt.EventQueue.dispatchEvent(EventQueue.java:736)
at java.desktop/java.awt.EventDispatchThread.pumpOneEventForFilters(EventDispatchThread.java:199)
at java.desktop/java.awt.EventDispatchThread.pumpEventsForFilter(EventDispatchThread.java:124)
at java.desktop/java.awt.EventDispatchThread.pumpEventsForHierarchy(EventDispatchThread.java:113)
at java.desktop/java.awt.EventDispatchThread.pumpEvents(EventDispatchThread.java:109)
at java.desktop/java.awt.EventDispatchThread.pumpEvents(EventDispatchThread.java:101)
at java.desktop/java.awt.EventDispatchThread.run(EventDispatchThread.java:90)
[17-43-47] [SYSTEM_IO]: Userdata requested: SilenceErrors
[17-43-47] [ACTION]: CyderFrame disposed with fastclose: true, CyderFrame: Component name = [cyder.ui.CyderFrame], bounds = [(1487, 537, 600, 400)], hash = [12905860], parentFrame = [Object itself is the top level frame], associated text = [No getText() method found], tooltip text = [No getTooltipText() method found], title = [Cyder Login [Insomnia Build]]
[17-45-11] [EOL]: Log completed, Cyder crashed unexpectedly: exit code: -9 External Stop, exceptions thrown: 2
