[19-08-47] [ENTRY]: [Nathan]
[19-08-48] [SYSTEM_IO]: Suggestions pared in IOUtil's static block
[19-08-48] [SYSTEM_IO]: DebugHashes pared in IOUtil's static block
[19-08-49] [DEBUG]: Method annotated with @Widget is not named showGUI(); name: FathersDay2021
[19-08-49] [DEBUG]: Method annotated with @Widget is not named showGUI(); name: Christmas2021
[19-08-49] [DEBUG]: Method annotated with @Widget is not named showGUI(); name: Birthday2021
[19-08-49] [DEBUG]: Method annotated with @Widget is not named showGUI(); name: Christmas2020
[19-08-49] [LOGIN]: [AUTOCYPHER ATTEMPT]
[19-08-49] [JAVA ARGS]: [LOCATION] [La casa de Nathan]
[19-08-49] [ACTION]: Requested deletion of: C:\Users\Nathan\Documents\IntelliJava\Cyder\cyder\src\cyder\tmp
[19-08-49] [ACTION]: [DELETION FAILED] C:\Users\Nathan\Documents\IntelliJava\Cyder\cyder\src\cyder\tmp
[19-08-49] [LOGIN]: [[AUTOCYPHER PASS]: e5a50641-21d1-3654-b738-c0e4b2dc61b1]
[19-08-49] [SYSTEM_IO]: Userdata requested: RandomBackground
[19-08-49] [SYSTEM_IO]: Userdata requested: FullScreen
[19-08-49] [SYSTEM_IO]: Userdata requested: fullscreen
[19-08-49] [SYSTEM_IO]: Userdata requested: FullScreen [2x]
[19-08-49] [SYSTEM_IO]: Userdata requested: OutputBorder
[19-08-49] [SYSTEM_IO]: Userdata requested: FullScreen
[19-08-49] [SYSTEM_IO]: Userdata requested: InputBorder
[19-08-49] [SYSTEM_IO]: Userdata requested: OutputFill
[19-08-49] [SYSTEM_IO]: Userdata requested: InputFill
[19-08-50] [THREAD STARTED]: High Ping Checker
[19-08-50] [THREAD STARTED]: Hourly Chime Checker
[19-08-50] [THREAD STARTED]: Console Clock Updater
[19-08-50] [THREAD STARTED]: Cyder Busy Checker
[19-08-50] [THREAD STARTED]: ConsoleFrame Data Saver
[19-08-50] [ACTION]: Console loaded in 2882ms
[19-08-50] [ACTION]: CyderFrame disposed with fastclose: true, CyderFrame: Component name = [cyder.ui.CyderFrame], bounds = [(980, 396, 600, 600)], hash = [509634377], parentFrame = [Object itself is the top level frame], associated text = [No getText() method found], tooltip text = [No getTooltipText() method found], title = [Cyder Splash]
[19-08-50] [SYSTEM_IO]: Userdata requested: DebugWindows
[19-08-50] [ENTRY]: [TESTING MODE]
[19-08-50] [SYSTEM_IO]: Userdata requested: laststart
[19-08-50] [ACTION]: [Insomnia Cyder [nathan]] [NOTIFICATION] Console loaded in 2882ms
[19-08-50] [SYSTEM_IO]: Userdata requested: persistentnotifications
[19-08-54] [CLIENT]: randomyoutube
[19-08-54] [SYSTEM_IO]: Userdata requested: filterchat
[19-08-54] [HANDLE]: PRINT IMAGE COMMAND HANDLED
[19-08-54] [HANDLE]: PRIMARY HANDLE
[19-09-53] [EOL]: Log completed, Cyder crashed unexpectedly: exit code: -9 External Stop, exceptions thrown: 0
