[19-11-43] [ENTRY]: [Nathan]
[19-11-44] [SYSTEM_IO]: Suggestions pared in IOUtil's static block
[19-11-44] [SYSTEM_IO]: DebugHashes pared in IOUtil's static block
[19-11-44] [DEBUG]: Method annotated with @Widget is not named showGUI(); name: Birthday2021
[19-11-44] [DEBUG]: Method annotated with @Widget is not named showGUI(); name: Christmas2021
[19-11-44] [DEBUG]: Method annotated with @Widget is not named showGUI(); name: FathersDay2021
[19-11-44] [DEBUG]: Method annotated with @Widget is not named showGUI(); name: Christmas2020
[19-11-45] [LOGIN]: [AUTOCYPHER ATTEMPT]
[19-11-45] [JAVA ARGS]: [LOCATION] [La casa de Nathan]
[19-11-45] [ACTION]: Requested deletion of: C:\Users\Nathan\Documents\IntelliJava\Cyder\cyder\src\cyder\tmp
[19-11-45] [ACTION]: [DELETION FAILED] C:\Users\Nathan\Documents\IntelliJava\Cyder\cyder\src\cyder\tmp
[19-11-45] [LOGIN]: [[AUTOCYPHER PASS]: e5a50641-21d1-3654-b738-c0e4b2dc61b1]
[19-11-45] [SYSTEM_IO]: Userdata requested: RandomBackground
[19-11-45] [SYSTEM_IO]: Userdata requested: FullScreen
[19-11-45] [SYSTEM_IO]: Userdata requested: fullscreen
[19-11-45] [SYSTEM_IO]: Userdata requested: FullScreen [2x]
[19-11-45] [SYSTEM_IO]: Userdata requested: OutputBorder
[19-11-45] [SYSTEM_IO]: Userdata requested: FullScreen
[19-11-45] [SYSTEM_IO]: Userdata requested: InputBorder
[19-11-45] [SYSTEM_IO]: Userdata requested: OutputFill
[19-11-45] [SYSTEM_IO]: Userdata requested: InputFill
[19-11-45] [THREAD STARTED]: High Ping Checker
[19-11-45] [THREAD STARTED]: Hourly Chime Checker
[19-11-45] [THREAD STARTED]: Console Clock Updater
[19-11-45] [THREAD STARTED]: Cyder Busy Checker
[19-11-45] [THREAD STARTED]: ConsoleFrame Data Saver
[19-11-45] [ACTION]: Console loaded in 2567ms
[19-11-45] [SYSTEM_IO]: Userdata requested: DebugWindows
[19-11-45] [ENTRY]: [TESTING MODE]
[19-11-45] [SYSTEM_IO]: Userdata requested: laststart
[19-11-45] [ACTION]: CyderFrame disposed with fastclose: true, CyderFrame: Component name = [cyder.ui.CyderFrame], bounds = [(980, 396, 600, 600)], hash = [917489146], parentFrame = [Object itself is the top level frame], associated text = [No getText() method found], tooltip text = [No getTooltipText() method found], title = [Cyder Splash]
[19-11-46] [ACTION]: [Insomnia Cyder [nathan]] [NOTIFICATION] Console loaded in 2567ms
[19-11-46] [SYSTEM_IO]: Userdata requested: persistentnotifications
[19-11-47] [CLIENT]: randomyoutube
[19-11-47] [SYSTEM_IO]: Userdata requested: filterchat
[19-11-47] [HANDLE]: PRINT IMAGE COMMAND HANDLED
[19-11-47] [HANDLE]: PRIMARY HANDLE
[19-11-51] [ACTION]: [Insomnia Cyder [nathan]] [NOTIFICATION] Type "stopscript" or press ctrl + c to stop the YouTube thread.
[19-11-51] [SYSTEM_IO]: Userdata requested: persistentnotifications
[19-11-56] [ACTION]: [Insomnia Cyder [nathan]] [NOTIFICATION] Time left: 3866071y 4mo 22d 17h 43m 36.12s
[19-11-56] [SYSTEM_IO]: Userdata requested: persistentnotifications
[19-12-00] [SYSTEM_IO]: Userdata requested: minimizeonclose
[19-12-00] [ACTION]: CyderFrame disposed with fastclose: false, CyderFrame: Component name = [cyder.ui.ConsoleFrame], bounds = [(780, 220, 996, 655)], hash = [1317375498], parentFrame = [Object itself is the top level frame], associated text = [No getText() method found], tooltip text = [No getTooltipText() method found], title = [Insomnia Cyder [nathan]]
[19-12-00] [SYSTEM_IO]: Userdata requested: closeanimation
[19-12-00] [EXIT]: [RUNTIME] 17s
[19-12-00] [EOL]: Log completed, exiting Cyder with exit code: 0 [Genesis Controlled Exit], exceptions thrown: 0
[19-12-00] [ACTION]: Requested deletion of: C:\Users\Nathan\Documents\IntelliJava\Cyder\cyder\src\cyder\tmp
[19-12-00] [ACTION]: [DELETION FAILED] C:\Users\Nathan\Documents\IntelliJava\Cyder\cyder\src\cyder\tmp
