[20-10-58] [ENTRY]: [Nathan]
[20-10-59] [SYSTEM_IO]: Suggestions pared in IOUtil's static block
[20-10-59] [SYSTEM_IO]: DebugHashes pared in IOUtil's static block
[20-11-00] [DEBUG]: Method annotated with @Widget is not named showGUI(); name: Christmas2020
[20-11-00] [DEBUG]: Method annotated with @Widget is not named showGUI(); name: Birthday2021
[20-11-00] [DEBUG]: Method annotated with @Widget is not named showGUI(); name: Christmas2021
[20-11-00] [DEBUG]: Method annotated with @Widget is not named showGUI(); name: FathersDay2021
[20-11-00] [LOGIN]: [AUTOCYPHER ATTEMPT]
[20-11-00] [JAVA ARGS]: [LOCATION] [La casa de Nathan]
[20-11-00] [ACTION]: Requested deletion of: C:\Users\Nathan\Documents\IntelliJava\Cyder\cyder\src\cyder\tmp
[20-11-00] [ACTION]: [DELETION FAILED] C:\Users\Nathan\Documents\IntelliJava\Cyder\cyder\src\cyder\tmp
[20-11-00] [LOGIN]: [[AUTOCYPHER PASS]: e5a50641-21d1-3654-b738-c0e4b2dc61b1]
[20-11-01] [SYSTEM_IO]: Userdata requested: RandomBackground
[20-11-01] [SYSTEM_IO]: Userdata requested: FullScreen
[20-11-01] [SYSTEM_IO]: Userdata requested: fullscreen
[20-11-01] [SYSTEM_IO]: Userdata requested: FullScreen [2x]
[20-11-01] [SYSTEM_IO]: Userdata requested: OutputBorder
[20-11-01] [SYSTEM_IO]: Userdata requested: FullScreen
[20-11-01] [SYSTEM_IO]: Userdata requested: InputBorder
[20-11-01] [SYSTEM_IO]: Userdata requested: OutputFill
[20-11-01] [SYSTEM_IO]: Userdata requested: InputFill
[20-11-01] [THREAD STARTED]: High Ping Checker
[20-11-01] [THREAD STARTED]: Hourly Chime Checker
[20-11-01] [THREAD STARTED]: Console Clock Updater
[20-11-01] [THREAD STARTED]: Cyder Busy Checker
[20-11-01] [THREAD STARTED]: ConsoleFrame Data Saver
[20-11-01] [ACTION]: Console loaded in 2748ms
[20-11-01] [ACTION]: CyderFrame disposed with fastclose: true, CyderFrame: Component name = [cyder.ui.CyderFrame], bounds = [(980, 396, 600, 600)], hash = [251002646], parentFrame = [Object itself is the top level frame], associated text = [No getText() method found], tooltip text = [No getTooltipText() method found], title = [Cyder Splash]
[20-11-01] [SYSTEM_IO]: Userdata requested: DebugWindows
[20-11-01] [ENTRY]: [TESTING MODE]
[20-11-01] [SYSTEM_IO]: Userdata requested: laststart
[20-11-01] [ACTION]: [Insomnia Cyder [Nathan]] [NOTIFICATION] Console loaded in 2748ms
[20-11-01] [SYSTEM_IO]: Userdata requested: persistentnotifications
[20-11-15] [CLIENT]: createuser
[20-11-15] [SYSTEM_IO]: Userdata requested: filterchat
[20-11-15] [WIDGET OPENED]: USER CREATED
[20-11-15] [CONSOLE_OUT]: [STRING] Opening widget: cyder.user.UserCreator
[20-11-15] [HANDLE]: PRIMARY HANDLE
[20-12-04] [EOL]: Log completed, Cyder crashed unexpectedly: exit code: -9 External Stop, exceptions thrown: 0
