[20-12-04] [ENTRY]: [Nathan]
[20-12-05] [SYSTEM_IO]: Suggestions pared in IOUtil's static block
[20-12-05] [SYSTEM_IO]: DebugHashes pared in IOUtil's static block
[20-12-06] [DEBUG]: Method annotated with @Widget is not named showGUI(); name: Christmas2020
[20-12-06] [DEBUG]: Method annotated with @Widget is not named showGUI(); name: FathersDay2021
[20-12-06] [DEBUG]: Method annotated with @Widget is not named showGUI(); name: Birthday2021
[20-12-06] [DEBUG]: Method annotated with @Widget is not named showGUI(); name: Christmas2021
[20-12-06] [LOGIN]: [AUTOCYPHER ATTEMPT]
[20-12-06] [JAVA ARGS]: [LOCATION] [La casa de Nathan]
[20-12-06] [ACTION]: Requested deletion of: C:\Users\Nathan\Documents\IntelliJava\Cyder\cyder\src\cyder\tmp
[20-12-06] [ACTION]: [DELETION FAILED] C:\Users\Nathan\Documents\IntelliJava\Cyder\cyder\src\cyder\tmp
[20-12-06] [LOGIN]: [[AUTOCYPHER PASS]: e5a50641-21d1-3654-b738-c0e4b2dc61b1]
[20-12-07] [SYSTEM_IO]: Userdata requested: RandomBackground
[20-12-07] [SYSTEM_IO]: Userdata requested: FullScreen
[20-12-07] [SYSTEM_IO]: Userdata requested: fullscreen
[20-12-07] [SYSTEM_IO]: Userdata requested: FullScreen
[20-12-07] [SYSTEM_IO]: Userdata requested: FullScreen
[20-12-07] [SYSTEM_IO]: Userdata requested: OutputBorder
[20-12-07] [SYSTEM_IO]: Userdata requested: FullScreen
[20-12-07] [SYSTEM_IO]: Userdata requested: InputBorder
[20-12-07] [SYSTEM_IO]: Userdata requested: OutputFill
[20-12-07] [SYSTEM_IO]: Userdata requested: InputFill
[20-12-07] [THREAD STARTED]: High Ping Checker
[20-12-07] [THREAD STARTED]: Hourly Chime Checker
[20-12-07] [THREAD STARTED]: Console Clock Updater
[20-12-07] [THREAD STARTED]: Cyder Busy Checker
[20-12-07] [THREAD STARTED]: ConsoleFrame Data Saver
[20-12-07] [ACTION]: Console loaded in 2957ms
[20-12-07] [SYSTEM_IO]: Userdata requested: DebugWindows
[20-12-07] [ENTRY]: [TESTING MODE]
[20-12-07] [SYSTEM_IO]: Userdata requested: laststart
[20-12-07] [ACTION]: CyderFrame disposed with fastclose: true, CyderFrame: Component name = [cyder.ui.CyderFrame], bounds = [(980, 396, 600, 600)], hash = [1756872547], parentFrame = [Object itself is the top level frame], associated text = [No getText() method found], tooltip text = [No getTooltipText() method found], title = [Cyder Splash]
[20-12-07] [ACTION]: [Insomnia Cyder [Nathan]] [NOTIFICATION] Console loaded in 2957ms
[20-12-07] [SYSTEM_IO]: Userdata requested: persistentnotifications
[20-12-18] [CLIENT]: newuser
[20-12-18] [SYSTEM_IO]: Userdata requested: filterchat
[20-12-18] [CONSOLE_OUT]: [STRING] Unknown command
[20-12-19] [ACTION]: Similar command to "newuser" found with tol of 0.5555556, command = "createuser"
[20-12-19] [CLIENT]: createuser
[20-12-19] [SYSTEM_IO]: Userdata requested: filterchat
[20-12-19] [WIDGET OPENED]: USER CREATED
[20-12-19] [CONSOLE_OUT]: [STRING] Opening widget: cyder.user.UserCreator
[20-12-19] [HANDLE]: PRIMARY HANDLE
[20-12-24] [SYSTEM_IO]: Userdata requested: minimizeonclose
[20-12-24] [ACTION]: CyderFrame disposed with fastclose: false, CyderFrame: Component name = [cyder.ui.ConsoleFrame], bounds = [(780, 220, 996, 655)], hash = [2015999862], parentFrame = [Object itself is the top level frame], associated text = [No getText() method found], tooltip text = [No getTooltipText() method found], title = [Insomnia Cyder [Nathan]]
[20-12-24] [SYSTEM_IO]: Userdata requested: closeanimation
[20-12-24] [EXIT]: [RUNTIME] 19s
[20-12-24] [EOL]: Log completed, exiting Cyder with exit code: 0 [Genesis Controlled Exit], exceptions thrown: 0
[20-12-24] [ACTION]: Requested deletion of: C:\Users\Nathan\Documents\IntelliJava\Cyder\cyder\src\cyder\tmp
[20-12-24] [ACTION]: [DELETION FAILED] C:\Users\Nathan\Documents\IntelliJava\Cyder\cyder\src\cyder\tmp
