[21-17-28] [ENTRY]: [Nathan]
[21-17-29] [SYSTEM_IO]: Suggestions pared in IOUtil's static block
[21-17-29] [SYSTEM_IO]: DebugHashes pared in IOUtil's static block
[21-17-29] [DEBUG]: Method annotated with @Widget is not named showGUI(); name: FathersDay2021
[21-17-29] [DEBUG]: Method annotated with @Widget is not named showGUI(); name: Birthday2021
[21-17-29] [DEBUG]: Method annotated with @Widget is not named showGUI(); name: Christmas2020
[21-17-29] [DEBUG]: Method annotated with @Widget is not named showGUI(); name: Christmas2021
[21-17-29] [LOGIN]: [AUTOCYPHER ATTEMPT]
[21-17-29] [JAVA ARGS]: [LOCATION] [La casa de Nathan]
[21-17-29] [ACTION]: Requested deletion of: C:\Users\Nathan\Documents\IntelliJava\Cyder\cyder\src\cyder\tmp
[21-17-29] [ACTION]: [DELETION FAILED] C:\Users\Nathan\Documents\IntelliJava\Cyder\cyder\src\cyder\tmp
[21-17-30] [LOGIN]: [[AUTOCYPHER PASS]: e5a50641-21d1-3654-b738-c0e4b2dc61b1]
[21-17-30] [SYSTEM_IO]: Userdata requested: RandomBackground
[21-17-30] [SYSTEM_IO]: Userdata requested: FullScreen
[21-17-30] [SYSTEM_IO]: Userdata requested: fullscreen
[21-17-30] [SYSTEM_IO]: Userdata requested: FullScreen [2x]
[21-17-30] [SYSTEM_IO]: Userdata requested: OutputBorder
[21-17-30] [SYSTEM_IO]: Userdata requested: FullScreen
[21-17-30] [SYSTEM_IO]: Userdata requested: InputBorder
[21-17-30] [SYSTEM_IO]: Userdata requested: OutputFill
[21-17-30] [SYSTEM_IO]: Userdata requested: InputFill
[21-17-30] [THREAD STARTED]: High Ping Checker
[21-17-30] [THREAD STARTED]: Hourly Chime Checker
[21-17-30] [THREAD STARTED]: Console Clock Updater
[21-17-30] [THREAD STARTED]: Cyder Busy Checker
[21-17-30] [THREAD STARTED]: ConsoleFrame Data Saver
[21-17-30] [ACTION]: Console loaded in 3014ms
[21-17-30] [SYSTEM_IO]: Userdata requested: DebugWindows
[21-17-30] [ENTRY]: [TESTING MODE]
[21-17-30] [SYSTEM_IO]: Userdata requested: laststart
[21-17-30] [ACTION]: CyderFrame disposed with fastclose: true, CyderFrame: Component name = [cyder.ui.CyderFrame], bounds = [(980, 396, 600, 600)], hash = [722139181], parentFrame = [Object itself is the top level frame], associated text = [No getText() method found], tooltip text = [No getTooltipText() method found], title = [Cyder Splash]
[21-17-30] [ACTION]: [Insomnia Cyder [Nathan]] [NOTIFICATION] Console loaded in 3014ms
[21-17-30] [SYSTEM_IO]: Userdata requested: persistentnotifications
[21-17-34] [CLIENT]: curl
[21-17-34] [SYSTEM_IO]: Userdata requested: filterchat
[21-17-34] [CONSOLE_OUT]: [STRING] good response
[21-17-34] [HANDLE]: GENERAL COMMAND HANDLED
[21-17-34] [HANDLE]: PRIMARY HANDLE
[21-18-21] [EOL]: Log completed, Cyder crashed unexpectedly: exit code: -9 External Stop, exceptions thrown: 0
