          _____                _____                    _____                    _____                    _____
         /\    \              |\    \                  /\    \                  /\    \                  /\    \
        /::\    \             |:\____\                /::\    \                /::\    \                /::\    \
       /::::\    \            |::|   |               /::::\    \              /::::\    \              /::::\    \
      /::::::\    \           |::|   |              /::::::\    \            /::::::\    \            /::::::\    \
     /:::/\:::\    \          |::|   |             /:::/\:::\    \          /:::/\:::\    \          /:::/\:::\    \
    /:::/  \:::\    \         |::|   |            /:::/  \:::\    \        /:::/__\:::\    \        /:::/__\:::\    \
   /:::/    \:::\    \        |::|   |           /:::/    \:::\    \      /::::\   \:::\    \      /::::\   \:::\    \
  /:::/    / \:::\    \       |::|___|______    /:::/    / \:::\    \    /::::::\   \:::\    \    /::::::\   \:::\    \
 /:::/    /   \:::\    \      /::::::::\    \  /:::/    /   \:::\ ___\  /:::/\:::\   \:::\    \  /:::/\:::\   \:::\____\
/:::/____/     \:::\____\    /::::::::::\____\/:::/____/     \:::|    |/:::/__\:::\   \:::\____\/:::/  \:::\   \:::|    |
\:::\    \      \::/    /   /:::/~~~~/~~      \:::\    \     /:::|____|\:::\   \:::\   \::/    /\::/   |::::\  /:::|____|
 \:::\    \      \/____/   /:::/    /          \:::\    \   /:::/    /  \:::\   \:::\   \/____/  \/____|:::::\/:::/    /
  \:::\    \              /:::/    /            \:::\    \ /:::/    /    \:::\   \:::\    \            |:::::::::/    /
   \:::\    \            /:::/    /              \:::\    /:::/    /      \:::\   \:::\____\           |::|\::::/    /
    \:::\    \           \::/    /                \:::\  /:::/    /        \:::\   \::/    /           |::| \::/____/
     \:::\    \           \/____/                  \:::\/:::/    /          \:::\   \/____/            |::|  ~|
      \:::\    \                                    \::::::/    /            \:::\    \                |::|   |
       \:::\____\                                    \::::/    /              \:::\____\               \::|   |
        \::/    /                                     \::/____/                \::/    /                \:|   |
         \/____/                                       ~~                       \/____/                  \|___|


[19-37-29.775] [ENTRY]: Nathan
[19-37-29.725] [DEBUG]: Loaded 131 static resources
[19-37-29.741] [DEBUG]: Loaded 16 static folders
[19-37-29.753] [DEBUG]: Found prop file: props\propkeys.ini
[19-37-29.753] [DEBUG]: Found prop file: props\props.ini
[19-37-29.766] [PROP LOADED]: [key = map_quest_api_key]
[19-37-29.766] [PROP LOADED]: [key = youtube_api_3_key]
[19-37-29.766] [PROP LOADED]: [key = ip_key]
[19-37-29.766] [PROP LOADED]: [key = weather_key]
[19-37-29.766] [PROP LOADED]: [key = debug_hash_name, value = Nathan]
[19-37-29.766] [PROP LOADED]: [key = debug_hash_password, value = 571b100a3b69f7b09828c0b61d325b15e52c512c14fdcf6d248f7c
               a733d0a7f6]
[19-37-29.767] [PROP LOADED]: [key = default_weather_location, value = Austin,Tx,USA]
[19-37-29.767] [PROP LOADED]: [key = ignore_data, value = typinganimation,showseconds,roundedwindows,windowcolor
               ,audiolength,capsmode,typingsound,showbusyicon,clockonconsole,consoleclockformat]
[19-37-29.768] [PROP LOADED]: [key = font_metric, value = 1]
[19-37-29.768] [PROP LOADED]: [key = max_font_size, value = 50]
[19-37-29.768] [PROP LOADED]: [key = min_font_size, value = 25]
[19-37-29.768] [PROP LOADED]: [key = released, value = false]
[19-37-29.768] [PROP LOADED]: [key = version, value = Liminal]
[19-37-29.768] [PROP LOADED]: [key = release_date, value = 22.7.4]
[19-37-29.768] [PROP LOADED]: [key = components_relocatable, value = false]
[19-37-29.768] [PROP LOADED]: [key = testing_mode, value = true]
[19-37-29.768] [PROP LOADED]: [key = autocypher, value = true]
[19-37-29.768] [PROP LOADED]: [key = dispose_splash, value = true]
[19-37-29.768] [PROP LOADED]: [key = wipe_logs_on_start, value = false]
[19-37-29.768] [PROP LOADED]: [key = activate_watchdog, value = false]
[19-37-29.768] [PROP LOADED]: [key = ffmpeg_audio_output_format, value = mp3]
[19-37-29.769] [PROP LOADED]: [key = printing_animation_char_timeout, value = 8]
[19-37-29.769] [PROP LOADED]: [key = printing_animation_line_timeout, value = 100]
[19-37-29.769] [PROP LOADED]: [key = ui_scale, value = 1]
[19-37-29.769] [PROP LOADED]: [key = auto_trigger_similar_commands, value = true]
[19-37-29.769] [PROP LOADED]: [key = auto_trigger_similar_command_tolerance, value = 0.95]
[19-37-29.769] [PROP LOADED]: [key = latency_ip, value = 172.217.4.78]
[19-37-29.769] [PROP LOADED]: [key = latency_port, value = 80]
[19-37-29.769] [PROP LOADED]: [key = latency_name, value = Google]
[19-37-29.769] [PROP LOADED]: [key = props_reloadable, value = false]
[19-37-29.773] [DEBUG]: Jar mode set as: FALSE
[19-37-29.821] [THREAD STARTED]: Object Creation Logger
[19-37-30.049] [DEBUG]: Watchdog skipped
[19-37-30.055] [LOADING MESSAGE]: Registering fonts
[19-37-30.394] [FONT LOADED]: agency-fb
[19-37-30.396] [FONT LOADED]: arial-black
[19-37-30.398] [FONT LOADED]: beyno
[19-37-30.399] [FONT LOADED]: condiment-regular
[19-37-30.400] [FONT LOADED]: prompt-bold
[19-37-30.402] [FONT LOADED]: segoe-ui-black
[19-37-30.403] [FONT LOADED]: tahoma
[19-37-30.404] [LOADING MESSAGE]: Ensuring singular instance
[19-37-30.405] [THREAD STARTED]: Singular Cyder Instance Ensurer
[19-37-30.407] [DEBUG]: Starting instance socket on port 5150
[19-37-30.922] [LOADING MESSAGE]: Ensuring OS is supported
[19-37-30.922] [LOADING MESSAGE]: Creating dynamics
[19-37-30.924] [SYSTEM IO]: Requested deletion of: C:\Users\Nathan\Documents\IntelliJava\Cyder\dynamic\tmp
[19-37-30.937] [LOADING MESSAGE]: Validating users
[19-37-31.047] [USER GET]: key = name, value = Nathan
[19-37-31.048] [USER GET]: key = foreground, value = f0f0f0
[19-37-31.049] [USER GET]: key = Font, value = Agency FB
[19-37-31.050] [USER GET]: key = background, value = 0f0f0f
[19-37-31.051] [USER GET]: key = intromusic, value = 0
[19-37-31.052] [USER GET]: key = inputborder, value = 0
[19-37-31.053] [USER GET]: key = pass, value = 1b0a051deaadc2e793bfe185cd81a74b9c56f75bd713f28507d1abd99332a28
[19-37-31.053] [USER GET]: key = hourlychimes, value = 1
[19-37-31.054] [USER GET]: key = filterchat, value = 0
[19-37-31.055] [USER GET]: key = youtubeuuid, value = aaaaaaaaaiI
[19-37-31.055] [USER GET]: key = inputfill, value = 0
[19-37-31.056] [USER GET]: key = wrapshell, value = 1
[19-37-31.056] [USER GET]: key = outputborder, value = 0
[19-37-31.057] [USER GET]: key = fontsize, value = 27
[19-37-31.058] [USER GET]: key = debugwindows, value = 0
[19-37-31.058] [USER GET]: key = laststart, value = 1661992466604
[19-37-31.059] [USER GET]: key = outputfill, value = 0
[19-37-31.060] [USER GET]: key = minimizeonclose, value = 0
[19-37-31.060] [USER GET]: key = silenceerrors, value = 1
[19-37-31.061] [USER GET]: key = doanimations, value = 1
[19-37-31.061] [USER GET]: key = compacttextmode, value = 0
[19-37-31.062] [USER GET]: key = fullscreen, value = 0
[19-37-31.062] [USER GET]: key = darkmode, value = 0
[19-37-31.063] [USER GET]: key = randombackground, value = 0
[19-37-31.063] [USER GET]: key = persistentnotifications, value = 0
[19-37-31.064] [USER GET]: key = mappedexecutable, value = []
[19-37-31.084] [USER GET]: key = screenstat, value = ScreenStat{consoleX=1155, consoleY=214, consoleWidth=832,
               consoleHeight=797, monitor=0, consoleOnTop=true, consoleDirection=RIGHT}
[19-37-31.085] [USER GET]: key = loggedin, value = 1
[19-37-31.087] [USER GET]: key = mappedexecutable, value = []
[19-37-31.088] [USER GET]: key = screenstat, value = ScreenStat{consoleX=1155, consoleY=214, consoleWidth=832,
               consoleHeight=797, monitor=0, consoleOnTop=true, consoleDirection=RIGHT}
[19-37-31.098] [USER GET]: key = name, value = Nathan
[19-37-31.099] [LOADING MESSAGE]: Cleaning users
[19-37-31.101] [LOADING MESSAGE]: Validating props
[19-37-31.238] [LOADING MESSAGE]: Validating Widgets
[19-37-31.632] [LOADING MESSAGE]: Validating Tests
[19-37-31.636] [LOADING MESSAGE]: Validating Vanilla annotations
[19-37-31.647] [LOADING MESSAGE]: Validating Handles
[19-37-31.658] [THREAD STARTED]: Splash Loader
[19-37-31.659] [THREAD STARTED]: Sufficient Subroutine Executor
[19-37-31.660] [LOADING MESSAGE]: Logging JVM args
[19-37-31.662] [THREAD STARTED]: JVM Args Logger
[19-37-31.666] [DEBUG]: Set latency ip as 172.217.4.78
[19-37-31.667] [DEBUG]: Set latency port as 80
[19-37-31.667] [DEBUG]: Set latency host name as Google
[19-37-31.672] [LOADING MESSAGE]: Checking for an AutoCypher
[19-37-31.673] [LOGIN]: AutoCypher Attempt
[19-37-31.673] [LOADING MESSAGE]: Auto Cyphering
[19-37-31.677] [USER GET]: key = name, value = Nathan [2x]
[19-37-31.718] [USER GET]: key = pass, value = 1b0a051deaadc2e793bfe185cd81a74b9c56f75bd713f28507d1abd99332a28
[19-37-31.852] [USER GET]: key = darkmode, value = 0 [2x]
[19-37-31.901] [THREAD STARTED]: Splash Animation
[19-37-32.106] [UNIQUE OBJECT CREATED]: Console singleton constructed
[19-37-32.108] [USER GET]: key = name, value = Nathan
[19-37-32.275] [DEBUG]: Cyder Entry = AutoCypher
[19-37-32.278] [THREAD STARTED]: High Ping Checker
[19-37-32.327] [DEBUG]: Latency of Google found to be 43ms
[19-37-32.358] [USER GET]: key = name, value = Nathan
[19-37-32.359] [USER GET]: key = randombackground, value = 0
[19-37-32.411] [USER GET]: key = fullscreen, value = 0 [3x]
[19-37-32.412] [USER GET]: key = name, value = Nathan
[19-37-32.441] [USER GET]: key = foreground, value = f0f0f0 [3x]
[19-37-32.443] [USER GET]: key = Font, value = Agency FB
[19-37-32.443] [USER GET]: key = fontsize, value = 27
[19-37-32.454] [USER GET]: key = outputborder, value = 0
[19-37-32.455] [USER GET]: key = outputfill, value = 0
[19-37-32.469] [USER GET]: key = inputborder, value = 0
[19-37-32.472] [USER GET]: key = foreground, value = f0f0f0 [3x]
[19-37-32.472] [USER GET]: key = Font, value = Agency FB
[19-37-32.473] [USER GET]: key = fontsize, value = 27
[19-37-32.474] [USER GET]: key = inputfill, value = 0
[19-37-32.571] [THREAD STARTED]: Hourly Chime Checker
[19-37-32.573] [THREAD STARTED]: Console Clock Updater
[19-37-32.574] [THREAD STARTED]: Cyder Busy Checker
[19-37-32.577] [THREAD STARTED]: [Cyder Splash] dispose() animation thread
[19-37-32.579] [USER GET]: key = fullscreen, value = 0
[19-37-32.582] [USER GET]: key = screenstat, value = ScreenStat{consoleX=1155, consoleY=214, consoleWidth=832,
               consoleHeight=797, monitor=0, consoleOnTop=true, consoleDirection=RIGHT}
[19-37-32.588] [UI]: CyderFrame disposed with fastclose=true, getTitle=Cyder Splash
[19-37-32.749] [THREAD STARTED]: Console Printing Animation
[19-37-32.753] [CONSOLE OUT]: [STRING]: Console loaded in 3s 134ms
[19-37-32.798] [USER GET]: key = debugwindows, value = 0
[19-37-32.799] [CONSOLE LOADED]: [Nathan] [TESTING MODE]
[19-37-32.800] [THREAD STARTED]: Manual Tests Thread
[19-37-32.801] [USER GET]: key = laststart, value = 1661992466604
[19-37-32.802] [USER GET]: key = intromusic, value = 0
[19-37-32.835] [OBJECT CREATION]: Objects created since last delta (5000ms): 107
[19-37-34.282] [THREAD STARTED]: Splash Loading Label Updater
[19-37-37.837] [OBJECT CREATION]: Objects created since last delta (5000ms): 2
[19-37-41.781] [CLIENT]: mp3
[19-37-41.781] [USER GET]: key = filterchat, value = 0
[19-37-41.783] [THREAD STARTED]: Console Printing Animation
[19-37-41.784] [CONSOLE OUT]: [STRING]: Opening widget: AudioPlayer
[19-37-41.852] [THREAD STARTED]: Vexento - Pixel Party Progress Label Thread
[19-37-41.857] [THREAD STARTED]: Audio Progress Label Animator
[19-37-42.162] [WIDGET]: AudioPlayer, trigger = mp3
[19-37-42.846] [OBJECT CREATION]: Objects created since last delta (5000ms): 7
[19-37-43.372] [UI]: Component = CyderDragLabel, hash = -2110179301, bounds = (2, 2, 596, 28), parent frame = Vexento
               - pixel party
[19-37-43.373] [THREAD STARTED]: [Vexento - pixel party] dispose() animation thread
[19-37-43.374] [UI]: CyderFrame disposed with fastclose=false, getTitle=Vexento - pixel party
[19-37-43.375] [USER GET]: key = doanimations, value = 1
[19-37-43.589] [THREAD STARTED]: [Vexento - pixel party] dispose() animation thread
[19-37-45.504] [THREAD STARTED]: Liminal Cyder [Nathan] Opacity Decrement Animator
[19-37-45.870] [USER GET]: key = screenstat, value = ScreenStat{consoleX=1155, consoleY=214, consoleWidth=832,
               consoleHeight=797, monitor=0, consoleOnTop=true, consoleDirection=RIGHT}
[19-37-45.890] [SYSTEM IO]: [JSON WRITE] [Levenshtein = 10] User was written to file: 7d7ebb00-81fe-329f-8a78-62f463d0b7
               da\Userdata.json
[19-37-45.897] [USER GET]: key = name, value = Nathan
[19-37-45.898] [USER GET]: key = foreground, value = f0f0f0
[19-37-45.898] [USER GET]: key = Font, value = Agency FB
[19-37-45.899] [USER GET]: key = background, value = 0f0f0f
[19-37-45.899] [USER GET]: key = intromusic, value = 0
[19-37-45.900] [USER GET]: key = inputborder, value = 0
[19-37-45.900] [USER GET]: key = pass, value = 1b0a051deaadc2e793bfe185cd81a74b9c56f75bd713f28507d1abd99332a28
[19-37-45.900] [USER GET]: key = hourlychimes, value = 1
[19-37-45.901] [USER GET]: key = filterchat, value = 0
[19-37-45.901] [USER GET]: key = youtubeuuid, value = aaaaaaaaaiI
[19-37-45.902] [USER GET]: key = inputfill, value = 0
[19-37-45.902] [USER GET]: key = wrapshell, value = 1
[19-37-45.903] [USER GET]: key = outputborder, value = 0
[19-37-45.903] [USER GET]: key = fontsize, value = 27
[19-37-45.904] [USER GET]: key = debugwindows, value = 0
[19-37-45.904] [USER GET]: key = laststart, value = 1661992652802
[19-37-45.906] [USER GET]: key = outputfill, value = 0
[19-37-45.907] [USER GET]: key = minimizeonclose, value = 0
[19-37-45.908] [USER GET]: key = silenceerrors, value = 1
[19-37-45.908] [USER GET]: key = doanimations, value = 1
[19-37-45.909] [USER GET]: key = compacttextmode, value = 0
[19-37-45.909] [USER GET]: key = fullscreen, value = 0
[19-37-45.909] [USER GET]: key = darkmode, value = 0
[19-37-45.910] [USER GET]: key = randombackground, value = 0
[19-37-45.910] [USER GET]: key = persistentnotifications, value = 0
[19-37-45.910] [USER GET]: key = mappedexecutable, value = []
[19-37-45.911] [USER GET]: key = screenstat, value = ScreenStat{consoleX=1166, consoleY=228, consoleWidth=832,
               consoleHeight=797, monitor=0, consoleOnTop=true, consoleDirection=RIGHT}
[19-37-45.911] [USER GET]: key = loggedin, value = 1
[19-37-45.912] [USER GET]: key = mappedexecutable, value = []
[19-37-45.912] [USER GET]: key = screenstat, value = ScreenStat{consoleX=1166, consoleY=228, consoleWidth=832,
               consoleHeight=797, monitor=0, consoleOnTop=true, consoleDirection=RIGHT}
[19-37-45.918] [SYSTEM IO]: Requested deletion of: C:\Users\Nathan\Documents\IntelliJava\Cyder\dynamic\backup\7d7ebb00
               -81fe-329f-8a78-62f463d0b7da_1661992480340.json
[19-37-45.920] [THREAD STARTED]: Liminal Cyder [Nathan] Opacity Increment Animator
[19-37-47.267] [THREAD STARTED]: Liminal Cyder [Nathan] Opacity Decrement Animator
[19-37-47.850] [OBJECT CREATION]: Objects created since last delta (5000ms): 3
[19-37-47.878] [USER GET]: key = screenstat, value = ScreenStat{consoleX=1166, consoleY=228, consoleWidth=832,
               consoleHeight=797, monitor=0, consoleOnTop=true, consoleDirection=RIGHT}
[19-37-47.886] [SYSTEM IO]: [JSON WRITE] [Levenshtein = 4] User was written to file: 7d7ebb00-81fe-329f-8a78-62f463d0b7d
               a\Userdata.json
[19-37-47.895] [USER GET]: key = name, value = Nathan
[19-37-47.895] [USER GET]: key = foreground, value = f0f0f0
[19-37-47.896] [USER GET]: key = Font, value = Agency FB
[19-37-47.896] [USER GET]: key = background, value = 0f0f0f
[19-37-47.897] [USER GET]: key = intromusic, value = 0
[19-37-47.897] [USER GET]: key = inputborder, value = 0
[19-37-47.897] [USER GET]: key = pass, value = 1b0a051deaadc2e793bfe185cd81a74b9c56f75bd713f28507d1abd99332a28
[19-37-47.898] [USER GET]: key = hourlychimes, value = 1
[19-37-47.898] [USER GET]: key = filterchat, value = 0
[19-37-47.899] [USER GET]: key = youtubeuuid, value = aaaaaaaaaiI
[19-37-47.900] [USER GET]: key = inputfill, value = 0
[19-37-47.900] [USER GET]: key = wrapshell, value = 1
[19-37-47.900] [USER GET]: key = outputborder, value = 0
[19-37-47.901] [USER GET]: key = fontsize, value = 27
[19-37-47.901] [USER GET]: key = debugwindows, value = 0
[19-37-47.901] [USER GET]: key = laststart, value = 1661992652802
[19-37-47.902] [USER GET]: key = outputfill, value = 0
[19-37-47.902] [USER GET]: key = minimizeonclose, value = 0
[19-37-47.902] [USER GET]: key = silenceerrors, value = 1
[19-37-47.903] [USER GET]: key = doanimations, value = 1
[19-37-47.903] [USER GET]: key = compacttextmode, value = 0
[19-37-47.903] [USER GET]: key = fullscreen, value = 0
[19-37-47.904] [USER GET]: key = darkmode, value = 0
[19-37-47.904] [USER GET]: key = randombackground, value = 0
[19-37-47.904] [USER GET]: key = persistentnotifications, value = 0
[19-37-47.905] [USER GET]: key = mappedexecutable, value = []
[19-37-47.906] [USER GET]: key = screenstat, value = ScreenStat{consoleX=1316, consoleY=246, consoleWidth=832,
               consoleHeight=797, monitor=0, consoleOnTop=true, consoleDirection=RIGHT}
[19-37-47.907] [USER GET]: key = loggedin, value = 1
[19-37-47.907] [USER GET]: key = mappedexecutable, value = []
[19-37-47.908] [USER GET]: key = screenstat, value = ScreenStat{consoleX=1316, consoleY=246, consoleWidth=832,
               consoleHeight=797, monitor=0, consoleOnTop=true, consoleDirection=RIGHT}
[19-37-47.911] [SYSTEM IO]: Requested deletion of: C:\Users\Nathan\Documents\IntelliJava\Cyder\dynamic\backup\7d7ebb00
               -81fe-329f-8a78-62f463d0b7da_1661992665913.json
[19-37-47.912] [THREAD STARTED]: Liminal Cyder [Nathan] Opacity Increment Animator
[19-37-49.461] [THREAD STARTED]: Liminal Cyder [Nathan] Opacity Decrement Animator
[19-37-49.680] [USER GET]: key = screenstat, value = ScreenStat{consoleX=1316, consoleY=246, consoleWidth=832,
               consoleHeight=797, monitor=0, consoleOnTop=true, consoleDirection=RIGHT}
[19-37-49.688] [SYSTEM IO]: [JSON WRITE] [Levenshtein = 3] User was written to file: 7d7ebb00-81fe-329f-8a78-62f463d0b7d
               a\Userdata.json
[19-37-49.697] [USER GET]: key = name, value = Nathan
[19-37-49.698] [USER GET]: key = foreground, value = f0f0f0
[19-37-49.698] [USER GET]: key = Font, value = Agency FB
[19-37-49.699] [USER GET]: key = background, value = 0f0f0f
[19-37-49.699] [USER GET]: key = intromusic, value = 0
[19-37-49.700] [USER GET]: key = inputborder, value = 0
[19-37-49.700] [USER GET]: key = pass, value = 1b0a051deaadc2e793bfe185cd81a74b9c56f75bd713f28507d1abd99332a28
[19-37-49.700] [USER GET]: key = hourlychimes, value = 1
[19-37-49.701] [USER GET]: key = filterchat, value = 0
[19-37-49.701] [USER GET]: key = youtubeuuid, value = aaaaaaaaaiI
[19-37-49.702] [USER GET]: key = inputfill, value = 0
[19-37-49.702] [USER GET]: key = wrapshell, value = 1
[19-37-49.702] [USER GET]: key = outputborder, value = 0
[19-37-49.703] [USER GET]: key = fontsize, value = 27
[19-37-49.703] [USER GET]: key = debugwindows, value = 0
[19-37-49.704] [USER GET]: key = laststart, value = 1661992652802
[19-37-49.704] [USER GET]: key = outputfill, value = 0
[19-37-49.705] [USER GET]: key = minimizeonclose, value = 0
[19-37-49.705] [USER GET]: key = silenceerrors, value = 1
[19-37-49.706] [USER GET]: key = doanimations, value = 1
[19-37-49.706] [USER GET]: key = compacttextmode, value = 0
[19-37-49.707] [USER GET]: key = fullscreen, value = 0
[19-37-49.708] [USER GET]: key = darkmode, value = 0
[19-37-49.709] [USER GET]: key = randombackground, value = 0
[19-37-49.710] [USER GET]: key = persistentnotifications, value = 0
[19-37-49.711] [USER GET]: key = mappedexecutable, value = []
[19-37-49.713] [USER GET]: key = screenstat, value = ScreenStat{consoleX=1215, consoleY=243, consoleWidth=832,
               consoleHeight=797, monitor=0, consoleOnTop=true, consoleDirection=RIGHT}
[19-37-49.714] [USER GET]: key = loggedin, value = 1
[19-37-49.715] [USER GET]: key = mappedexecutable, value = []
[19-37-49.715] [USER GET]: key = screenstat, value = ScreenStat{consoleX=1215, consoleY=243, consoleWidth=832,
               consoleHeight=797, monitor=0, consoleOnTop=true, consoleDirection=RIGHT}
[19-37-49.719] [SYSTEM IO]: Requested deletion of: C:\Users\Nathan\Documents\IntelliJava\Cyder\dynamic\backup\7d7ebb00
               -81fe-329f-8a78-62f463d0b7da_1661992667909.json
[19-37-49.721] [THREAD STARTED]: Liminal Cyder [Nathan] Opacity Increment Animator
[19-37-51.709] [USER GET]: key = minimizeonclose, value = 0
[19-37-51.711] [USER GET]: key = screenstat, value = ScreenStat{consoleX=1215, consoleY=243, consoleWidth=832,
               consoleHeight=797, monitor=0, consoleOnTop=true, consoleDirection=RIGHT}
[19-37-51.717] [USER GET]: key = fullscreen, value = 0
[19-37-51.718] [THREAD STARTED]: [Liminal Cyder [Nathan]] dispose() animation thread
[19-37-51.738] [UI]: CyderFrame disposed with fastclose=false, getTitle=Liminal Cyder [Nathan]
[19-37-51.739] [USER GET]: key = doanimations, value = 1
[19-37-52.035] [EXIT]: [RUNTIME] 22s 351ms
[19-37-52.036] [EOL]: Log completed, exiting Cyder with exit code: 0 [Genesis Controlled Exit], no exceptions thrown,
               total objects created: 119
