          _____                _____                    _____                    _____                    _____
         /\    \              |\    \                  /\    \                  /\    \                  /\    \
        /::\    \             |:\____\                /::\    \                /::\    \                /::\    \
       /::::\    \            |::|   |               /::::\    \              /::::\    \              /::::\    \
      /::::::\    \           |::|   |              /::::::\    \            /::::::\    \            /::::::\    \
     /:::/\:::\    \          |::|   |             /:::/\:::\    \          /:::/\:::\    \          /:::/\:::\    \
    /:::/  \:::\    \         |::|   |            /:::/  \:::\    \        /:::/__\:::\    \        /:::/__\:::\    \
   /:::/    \:::\    \        |::|   |           /:::/    \:::\    \      /::::\   \:::\    \      /::::\   \:::\    \
  /:::/    / \:::\    \       |::|___|______    /:::/    / \:::\    \    /::::::\   \:::\    \    /::::::\   \:::\    \
 /:::/    /   \:::\    \      /::::::::\    \  /:::/    /   \:::\ ___\  /:::/\:::\   \:::\    \  /:::/\:::\   \:::\____\
/:::/____/     \:::\____\    /::::::::::\____\/:::/____/     \:::|    |/:::/__\:::\   \:::\____\/:::/  \:::\   \:::|    |
\:::\    \      \::/    /   /:::/~~~~/~~      \:::\    \     /:::|____|\:::\   \:::\   \::/    /\::/   |::::\  /:::|____|
 \:::\    \      \/____/   /:::/    /          \:::\    \   /:::/    /  \:::\   \:::\   \/____/  \/____|:::::\/:::/    /
  \:::\    \              /:::/    /            \:::\    \ /:::/    /    \:::\   \:::\    \            |:::::::::/    /
   \:::\    \            /:::/    /              \:::\    /:::/    /      \:::\   \:::\____\           |::|\::::/    /
    \:::\    \           \::/    /                \:::\  /:::/    /        \:::\   \::/    /           |::| \::/____/
     \:::\    \           \/____/                  \:::\/:::/    /          \:::\   \/____/            |::|  ~|
      \:::\    \                                    \::::::/    /            \:::\    \                |::|   |
       \:::\____\                                    \::::/    /              \:::\____\               \::|   |
        \::/    /                                     \::/____/                \::/    /                \:|   |
         \/____/                                       ~~                       \/____/                  \|___|


[19-45-06.328] [ENTRY]: Nathan
[19-45-06.279] [DEBUG]: Loaded 131 static resources
[19-45-06.295] [DEBUG]: Loaded 16 static folders
[19-45-06.307] [DEBUG]: Found prop file: props\propkeys.ini
[19-45-06.307] [DEBUG]: Found prop file: props\props.ini
[19-45-06.317] [PROP LOADED]: [key = map_quest_api_key]
[19-45-06.317] [PROP LOADED]: [key = youtube_api_3_key]
[19-45-06.317] [PROP LOADED]: [key = ip_key]
[19-45-06.317] [PROP LOADED]: [key = weather_key]
[19-45-06.317] [PROP LOADED]: [key = debug_hash_name, value = Nathan]
[19-45-06.317] [PROP LOADED]: [key = debug_hash_password, value = 571b100a3b69f7b09828c0b61d325b15e52c512c14fdcf6d248f7c
               a733d0a7f6]
[19-45-06.319] [PROP LOADED]: [key = default_weather_location, value = Austin,Tx,USA]
[19-45-06.319] [PROP LOADED]: [key = ignore_data, value = typinganimation,showseconds,roundedwindows,windowcolor
               ,audiolength,capsmode,typingsound,showbusyicon,clockonconsole,consoleclockformat]
[19-45-06.319] [PROP LOADED]: [key = font_metric, value = 1]
[19-45-06.319] [PROP LOADED]: [key = max_font_size, value = 50]
[19-45-06.319] [PROP LOADED]: [key = min_font_size, value = 25]
[19-45-06.319] [PROP LOADED]: [key = released, value = false]
[19-45-06.319] [PROP LOADED]: [key = version, value = Liminal]
[19-45-06.319] [PROP LOADED]: [key = release_date, value = 22.7.4]
[19-45-06.319] [PROP LOADED]: [key = components_relocatable, value = false]
[19-45-06.319] [PROP LOADED]: [key = testing_mode, value = true]
[19-45-06.320] [PROP LOADED]: [key = autocypher, value = true]
[19-45-06.320] [PROP LOADED]: [key = dispose_splash, value = true]
[19-45-06.320] [PROP LOADED]: [key = wipe_logs_on_start, value = false]
[19-45-06.320] [PROP LOADED]: [key = activate_watchdog, value = false]
[19-45-06.320] [PROP LOADED]: [key = ffmpeg_audio_output_format, value = mp3]
[19-45-06.320] [PROP LOADED]: [key = printing_animation_char_timeout, value = 8]
[19-45-06.320] [PROP LOADED]: [key = printing_animation_line_timeout, value = 100]
[19-45-06.320] [PROP LOADED]: [key = ui_scale, value = 1]
[19-45-06.320] [PROP LOADED]: [key = auto_trigger_similar_commands, value = true]
[19-45-06.320] [PROP LOADED]: [key = auto_trigger_similar_command_tolerance, value = 0.95]
[19-45-06.320] [PROP LOADED]: [key = latency_ip, value = 172.217.4.78]
[19-45-06.320] [PROP LOADED]: [key = latency_port, value = 80]
[19-45-06.321] [PROP LOADED]: [key = latency_name, value = Google]
[19-45-06.321] [PROP LOADED]: [key = props_reloadable, value = false]
[19-45-06.325] [DEBUG]: Jar mode set as: FALSE
[19-45-06.371] [THREAD STARTED]: Object Creation Logger
[19-45-06.658] [DEBUG]: Watchdog skipped
[19-45-06.663] [LOADING MESSAGE]: Registering fonts
[19-45-06.969] [FONT LOADED]: agency-fb
[19-45-06.972] [FONT LOADED]: arial-black
[19-45-06.973] [FONT LOADED]: beyno
[19-45-06.975] [FONT LOADED]: condiment-regular
[19-45-06.976] [FONT LOADED]: prompt-bold
[19-45-06.978] [FONT LOADED]: segoe-ui-black
[19-45-06.979] [FONT LOADED]: tahoma
[19-45-06.980] [LOADING MESSAGE]: Ensuring singular instance
[19-45-06.982] [THREAD STARTED]: Singular Cyder Instance Ensurer
[19-45-06.983] [DEBUG]: Starting instance socket on port 5150
[19-45-07.496] [LOADING MESSAGE]: Ensuring OS is supported
[19-45-07.497] [LOADING MESSAGE]: Creating dynamics
[19-45-07.498] [SYSTEM IO]: Requested deletion of: C:\Users\Nathan\Documents\IntelliJava\Cyder\dynamic\tmp
[19-45-07.511] [LOADING MESSAGE]: Validating users
[19-45-07.612] [USER GET]: key = name, value = Nathan
[19-45-07.612] [USER GET]: key = foreground, value = f0f0f0
[19-45-07.613] [USER GET]: key = Font, value = Agency FB
[19-45-07.613] [USER GET]: key = background, value = 0f0f0f
[19-45-07.622] [USER GET]: key = screenstat, value = ScreenStat{consoleX=419, consoleY=229, consoleWidth=832, consoleHeight=797,
               monitor=0, consoleOnTop=false, consoleDirection=RIGHT}
[19-45-07.634] [USER GET]: key = mappedexecutable, value = []
[19-45-07.635] [USER GET]: key = loggedin, value = 1
[19-45-07.636] [USER GET]: key = persistentnotifications, value = 0
[19-45-07.637] [USER GET]: key = randombackground, value = 0
[19-45-07.637] [USER GET]: key = inputborder, value = 0
[19-45-07.638] [USER GET]: key = filterchat, value = 0
[19-45-07.639] [USER GET]: key = minimizeonclose, value = 0
[19-45-07.639] [USER GET]: key = debugwindows, value = 0
[19-45-07.640] [USER GET]: key = inputfill, value = 0
[19-45-07.641] [USER GET]: key = outputborder, value = 0
[19-45-07.641] [USER GET]: key = pass, value = 1b0a051deaadc2e793bfe185cd81a74b9c56f75bd713f28507d1abd99332a28
[19-45-07.642] [USER GET]: key = fullscreen, value = 0
[19-45-07.642] [USER GET]: key = fontsize, value = 27
[19-45-07.643] [USER GET]: key = intromusic, value = 0
[19-45-07.644] [USER GET]: key = silenceerrors, value = 1
[19-45-07.644] [USER GET]: key = outputfill, value = 0
[19-45-07.645] [USER GET]: key = laststart, value = 1661993067179
[19-45-07.645] [USER GET]: key = hourlychimes, value = 1
[19-45-07.646] [USER GET]: key = doanimations, value = 1
[19-45-07.646] [USER GET]: key = youtubeuuid, value = aaaaaaaaaiI
[19-45-07.647] [USER GET]: key = wrapshell, value = 1
[19-45-07.648] [USER GET]: key = compacttextmode, value = 0
[19-45-07.648] [USER GET]: key = darkmode, value = 0
[19-45-07.650] [USER GET]: key = mappedexecutable, value = []
[19-45-07.651] [USER GET]: key = screenstat, value = ScreenStat{consoleX=419, consoleY=229, consoleWidth=832, consoleHeight=797,
               monitor=0, consoleOnTop=false, consoleDirection=RIGHT}
[19-45-07.659] [USER GET]: key = name, value = Nathan
[19-45-07.659] [LOADING MESSAGE]: Cleaning users
[19-45-07.662] [LOADING MESSAGE]: Validating props
[19-45-07.792] [LOADING MESSAGE]: Validating Widgets
[19-45-08.038] [LOADING MESSAGE]: Validating Tests
[19-45-08.041] [LOADING MESSAGE]: Validating Vanilla annotations
[19-45-08.049] [LOADING MESSAGE]: Validating Handles
[19-45-08.060] [THREAD STARTED]: Splash Loader
[19-45-08.062] [THREAD STARTED]: Sufficient Subroutine Executor
[19-45-08.062] [LOADING MESSAGE]: Logging JVM args
[19-45-08.064] [THREAD STARTED]: JVM Args Logger
[19-45-08.069] [DEBUG]: Set latency ip as 172.217.4.78
[19-45-08.070] [DEBUG]: Set latency port as 80
[19-45-08.070] [DEBUG]: Set latency host name as Google
[19-45-08.074] [LOADING MESSAGE]: Checking for an AutoCypher
[19-45-08.075] [LOGIN]: AutoCypher Attempt
[19-45-08.075] [LOADING MESSAGE]: Auto Cyphering
[19-45-08.077] [USER GET]: key = name, value = Nathan
[19-45-08.078] [USER GET]: key = name, value = Nathan
[19-45-08.114] [USER GET]: key = pass, value = 1b0a051deaadc2e793bfe185cd81a74b9c56f75bd713f28507d1abd99332a28
[19-45-08.224] [USER GET]: key = darkmode, value = 0
[19-45-08.232] [USER GET]: key = darkmode, value = 0
[19-45-08.276] [THREAD STARTED]: Splash Animation
[19-45-08.442] [UNIQUE OBJECT CREATED]: Console singleton constructed
[19-45-08.444] [USER GET]: key = name, value = Nathan
[19-45-08.590] [DEBUG]: Cyder Entry = AutoCypher
[19-45-08.592] [THREAD STARTED]: High Ping Checker
[19-45-08.673] [DEBUG]: Latency of Google found to be 49ms
[19-45-08.678] [USER GET]: key = name, value = Nathan
[19-45-08.679] [USER GET]: key = randombackground, value = 0
[19-45-08.680] [USER GET]: key = fullscreen, value = 0
[19-45-08.719] [USER GET]: key = fullscreen, value = 0
[19-45-08.721] [USER GET]: key = fullscreen, value = 0
[19-45-08.722] [USER GET]: key = name, value = Nathan
[19-45-08.758] [USER GET]: key = foreground, value = f0f0f0
[19-45-08.759] [USER GET]: key = foreground, value = f0f0f0
[19-45-08.762] [USER GET]: key = foreground, value = f0f0f0
[19-45-08.763] [USER GET]: key = Font, value = Agency FB
[19-45-08.764] [USER GET]: key = fontsize, value = 27
[19-45-08.788] [USER GET]: key = outputborder, value = 0
[19-45-08.790] [USER GET]: key = outputfill, value = 0
[19-45-08.810] [USER GET]: key = inputborder, value = 0
[19-45-08.812] [USER GET]: key = foreground, value = f0f0f0
[19-45-08.813] [USER GET]: key = foreground, value = f0f0f0
[19-45-08.814] [USER GET]: key = foreground, value = f0f0f0
[19-45-08.814] [USER GET]: key = Font, value = Agency FB
[19-45-08.815] [USER GET]: key = fontsize, value = 27
[19-45-08.816] [USER GET]: key = inputfill, value = 0
[19-45-08.905] [THREAD STARTED]: Hourly Chime Checker
[19-45-08.907] [THREAD STARTED]: Console Clock Updater
[19-45-08.909] [THREAD STARTED]: Cyder Busy Checker
[19-45-08.913] [THREAD STARTED]: [Cyder Splash] dispose() animation thread
[19-45-08.914] [USER GET]: key = fullscreen, value = 0
[19-45-08.915] [USER GET]: key = screenstat, value = ScreenStat{consoleX=419, consoleY=229, consoleWidth=832, consoleHeight=797,
               monitor=0, consoleOnTop=false, consoleDirection=RIGHT}
[19-45-08.921] [UI]: CyderFrame disposed with fastclose=true, getTitle=Cyder Splash
[19-45-09.040] [THREAD STARTED]: Console Printing Animation
[19-45-09.044] [CONSOLE OUT]: [STRING]: Console loaded in 2s 880ms
[19-45-09.081] [USER GET]: key = debugwindows, value = 0
[19-45-09.082] [CONSOLE LOADED]: [Nathan] [TESTING MODE]
[19-45-09.082] [THREAD STARTED]: Manual Tests Thread
[19-45-09.083] [USER GET]: key = laststart, value = 1661993067179
[19-45-09.084] [USER GET]: key = intromusic, value = 0
[19-45-09.383] [OBJECT CREATION]: Objects created since last delta (5000ms): 107
[19-45-10.419] [CLIENT]: frames
[19-45-10.420] [USER GET]: key = filterchat, value = 0
[19-45-10.422] [THREAD STARTED]: Console Printing Animation
[19-45-10.423] [CONSOLE OUT]: [STRING]: Component = Console (inner), hash = 1457551880, bounds = (419, 229, 832,
               797), parent frame = Component itself is a CyderFrame, getTitle() = Liminal Cyder [Nathan]
[19-45-10.649] [THREAD STARTED]: Splash Loading Label Updater
[19-45-10.818] [CONSOLE OUT]: [STRING]: Escaped
[19-45-14.384] [OBJECT CREATION]: Objects created since last delta (5000ms): 2
[19-45-15.485] [CLIENT]: cls
[19-45-15.487] [USER GET]: key = filterchat, value = 0
[19-45-16.712] [CLIENT]: hello
[19-45-16.713] [USER GET]: key = filterchat, value = 0
[19-45-16.714] [THREAD STARTED]: Console Printing Animation
[19-45-16.714] [CONSOLE OUT]: [STRING]: I'm here....
[19-45-17.856] [CLIENT]: cls
[19-45-17.857] [USER GET]: key = filterchat, value = 0
[19-45-18.865] [CLIENT]: paint
[19-45-18.865] [USER GET]: key = filterchat, value = 0
[19-45-18.869] [THREAD STARTED]: Console Printing Animation
[19-45-18.870] [CONSOLE OUT]: [STRING]: Opening widget: PaintWidget
[19-45-19.112] [WIDGET]: PaintWidget, trigger = paint
[19-45-19.399] [OBJECT CREATION]: Objects created since last delta (5000ms): 42
[19-45-21.254] [USER GET]: key = background, value = 0f0f0f
[19-45-21.581] [USER GET]: key = outputborder, value = 0
[19-45-22.328] [CLIENT]: frames
[19-45-22.329] [USER GET]: key = filterchat, value = 0
[19-45-22.330] [THREAD STARTED]: Console Printing Animation
[19-45-22.331] [CONSOLE OUT]: [STRING]: Component = Console (inner), hash = 1457551880, bounds = (419, 229, 832,
               797), parent frame = Component itself is a CyderFrame, getTitle() = Liminal Cyder [Nathan]
[19-45-22.332] [CONSOLE OUT]: [STRING]: Component = CyderFrame, hash = 1895145630, bounds = (880, 332, 800, 830), parent
               frame = Component itself is a CyderFrame, getTitle() = Paint
[19-45-22.333] [CONSOLE OUT]: [STRING]: Component = CyderFrame, hash = 943810927, bounds = (880, 1162, 800, 230), parent
               frame = Component itself is a CyderFrame, getTitle() = Paint Controls
[19-45-23.787] [UI]: Component = CyderDragLabel, hash = 1191238461, bounds = (2, 2, 796, 28), parent frame = Paint,
               getTitle() = Paint Controls
[19-45-23.788] [THREAD STARTED]: [Paint] dispose() animation thread
[19-45-23.789] [UI]: CyderFrame disposed with fastclose=false, getTitle=Paint
[19-45-23.790] [THREAD STARTED]: [Paint Controls] dispose() animation thread
[19-45-23.790] [USER GET]: key = doanimations, value = 1
[19-45-23.790] [UI]: CyderFrame disposed with fastclose=true, getTitle=Paint Controls
[19-45-23.992] [THREAD STARTED]: [Paint Controls] dispose() animation thread
[19-45-25.201] [CLIENT]: cls
[19-45-25.201] [USER GET]: key = filterchat, value = 0
[19-45-25.933] [CLIENT]: frames
[19-45-25.933] [USER GET]: key = filterchat, value = 0
[19-45-25.934] [THREAD STARTED]: Console Printing Animation
[19-45-25.935] [CONSOLE OUT]: [STRING]: Component = Console (inner), hash = 1457551880, bounds = (419, 229, 832,
               797), parent frame = Component itself is a CyderFrame, getTitle() = Liminal Cyder [Nathan]
[19-45-26.674] [THREAD STARTED]: Console Printing Animation
[19-45-26.675] [CONSOLE OUT]: [STRING]: Escaped
[19-45-27.206] [CLIENT]: cls
[19-45-27.206] [USER GET]: key = filterchat, value = 0
[19-45-28.255] [CLIENT]: hello
[19-45-28.256] [USER GET]: key = filterchat, value = 0
[19-45-28.257] [THREAD STARTED]: Console Printing Animation
[19-45-28.258] [CONSOLE OUT]: [STRING]: Go ahead...
[19-45-29.315] [CLIENT]: clear
[19-45-29.316] [USER GET]: key = filterchat, value = 0
[19-45-30.829] [CLIENT]: typinganimation
[19-45-30.830] [USER GET]: key = filterchat, value = 0
[19-45-30.856] [SYSTEM IO]: [JSON WRITE] [Levenshtein = 8] User was written to file: 7d7ebb00-81fe-329f-8a78-62f463d0b7d
               a\Userdata.json
[19-45-30.861] [USER GET]: key = name, value = Nathan
[19-45-30.862] [USER GET]: key = foreground, value = f0f0f0
[19-45-30.862] [USER GET]: key = Font, value = Agency FB
[19-45-30.862] [USER GET]: key = background, value = 0f0f0f
[19-45-30.863] [USER GET]: key = screenstat, value = ScreenStat{consoleX=419, consoleY=229, consoleWidth=832, consoleHeight=797,
               monitor=0, consoleOnTop=false, consoleDirection=RIGHT}
[19-45-30.863] [USER GET]: key = mappedexecutable, value = []
[19-45-30.864] [USER GET]: key = loggedin, value = 1
[19-45-30.864] [USER GET]: key = persistentnotifications, value = 0
[19-45-30.864] [USER GET]: key = randombackground, value = 0
[19-45-30.864] [USER GET]: key = inputborder, value = 0
[19-45-30.865] [USER GET]: key = filterchat, value = 0
[19-45-30.865] [USER GET]: key = minimizeonclose, value = 0
[19-45-30.865] [USER GET]: key = debugwindows, value = 0
[19-45-30.866] [USER GET]: key = inputfill, value = 0
[19-45-30.866] [USER GET]: key = outputborder, value = 0
[19-45-30.866] [USER GET]: key = pass, value = 1b0a051deaadc2e793bfe185cd81a74b9c56f75bd713f28507d1abd99332a28
[19-45-30.867] [USER GET]: key = fullscreen, value = 0
[19-45-30.867] [USER GET]: key = fontsize, value = 27
[19-45-30.868] [USER GET]: key = intromusic, value = 0
[19-45-30.868] [USER GET]: key = silenceerrors, value = 1
[19-45-30.868] [USER GET]: key = outputfill, value = 0
[19-45-30.869] [USER GET]: key = laststart, value = 1661993109084
[19-45-30.869] [USER GET]: key = hourlychimes, value = 1
[19-45-30.870] [USER GET]: key = doanimations, value = 1
[19-45-30.870] [USER GET]: key = youtubeuuid, value = aaaaaaaaaiI
[19-45-30.870] [USER GET]: key = wrapshell, value = 1
[19-45-30.870] [USER GET]: key = compacttextmode, value = 0
[19-45-30.871] [USER GET]: key = darkmode, value = 0
[19-45-30.871] [USER GET]: key = mappedexecutable, value = []
[19-45-30.872] [USER GET]: key = screenstat, value = ScreenStat{consoleX=419, consoleY=229, consoleWidth=832, consoleHeight=797,
               monitor=0, consoleOnTop=false, consoleDirection=RIGHT}
[19-45-30.879] [SYSTEM IO]: Requested deletion of: C:\Users\Nathan\Documents\IntelliJava\Cyder\dynamic\backup\7d7ebb00
               -81fe-329f-8a78-62f463d0b7da_1661993082496.json
[19-45-30.880] [THREAD STARTED]: Console Printing Animation
[19-45-30.881] [PREFERENCE REFRESH]: Key = typinganimation
[19-45-30.881] [CONSOLE OUT]: [STRING]: Typing Animation set to false
[19-45-32.106] [CLIENT]: typinganimation
[19-45-32.107] [USER GET]: key = filterchat, value = 0
[19-45-32.116] [SYSTEM IO]: [JSON WRITE] [Levenshtein = 1] User was written to file: 7d7ebb00-81fe-329f-8a78-62f463d0b7d
               a\Userdata.json
[19-45-32.121] [USER GET]: key = name, value = Nathan
[19-45-32.121] [USER GET]: key = foreground, value = f0f0f0
[19-45-32.121] [USER GET]: key = Font, value = Agency FB
[19-45-32.122] [USER GET]: key = background, value = 0f0f0f
[19-45-32.122] [USER GET]: key = screenstat, value = ScreenStat{consoleX=419, consoleY=229, consoleWidth=832, consoleHeight=797,
               monitor=0, consoleOnTop=false, consoleDirection=RIGHT}
[19-45-32.123] [USER GET]: key = mappedexecutable, value = []
[19-45-32.123] [USER GET]: key = loggedin, value = 1
[19-45-32.123] [USER GET]: key = persistentnotifications, value = 0
[19-45-32.124] [USER GET]: key = randombackground, value = 0
[19-45-32.124] [USER GET]: key = inputborder, value = 0
[19-45-32.124] [USER GET]: key = filterchat, value = 0
[19-45-32.125] [USER GET]: key = minimizeonclose, value = 0
[19-45-32.125] [USER GET]: key = debugwindows, value = 0
[19-45-32.125] [USER GET]: key = inputfill, value = 0
[19-45-32.126] [USER GET]: key = outputborder, value = 0
[19-45-32.126] [USER GET]: key = pass, value = 1b0a051deaadc2e793bfe185cd81a74b9c56f75bd713f28507d1abd99332a28
[19-45-32.127] [USER GET]: key = fullscreen, value = 0
[19-45-32.127] [USER GET]: key = fontsize, value = 27
[19-45-32.128] [USER GET]: key = intromusic, value = 0
[19-45-32.128] [USER GET]: key = silenceerrors, value = 1
[19-45-32.128] [USER GET]: key = outputfill, value = 0
[19-45-32.129] [USER GET]: key = laststart, value = 1661993109084
[19-45-32.129] [USER GET]: key = hourlychimes, value = 1
[19-45-32.129] [USER GET]: key = doanimations, value = 1
[19-45-32.130] [USER GET]: key = youtubeuuid, value = aaaaaaaaaiI
[19-45-32.130] [USER GET]: key = wrapshell, value = 1
[19-45-32.130] [USER GET]: key = compacttextmode, value = 0
[19-45-32.130] [USER GET]: key = darkmode, value = 0
[19-45-32.131] [USER GET]: key = mappedexecutable, value = []
[19-45-32.131] [USER GET]: key = screenstat, value = ScreenStat{consoleX=419, consoleY=229, consoleWidth=832, consoleHeight=797,
               monitor=0, consoleOnTop=false, consoleDirection=RIGHT}
[19-45-32.134] [SYSTEM IO]: Requested deletion of: C:\Users\Nathan\Documents\IntelliJava\Cyder\dynamic\backup\7d7ebb00
               -81fe-329f-8a78-62f463d0b7da_1661993130874.json
[19-45-32.135] [THREAD STARTED]: Console Printing Animation
[19-45-32.136] [PREFERENCE REFRESH]: Key = typinganimation
[19-45-32.136] [CONSOLE OUT]: [STRING]: Typing Animation set to true
[19-45-33.006] [CLIENT]: cls
[19-45-33.007] [USER GET]: key = filterchat, value = 0
[19-45-33.918] [CLIENT]: what
[19-45-33.918] [USER GET]: key = filterchat, value = 0
[19-45-33.922] [THREAD STARTED]: Unknown Input Handler
[19-45-33.928] [USER GET]: key = wrapshell, value = 1
[19-45-33.931] [DEBUG]: Similar command to "what" found with tolerance of 0.7666666507720947, command = "whereami"
[19-45-33.933] [THREAD STARTED]: Console Printing Animation
[19-45-33.934] [CONSOLE OUT]: [STRING]: Unknown command, passing to operating system native shell (Command prompt)
[19-45-33.934] [THREAD STARTED]: Wrap Shell Thread
[19-45-33.936] [THREAD STARTED]: Console Printing Animation
[19-45-33.937] [CONSOLE OUT]: [STRING]: Unknown command
[19-45-34.429] [OBJECT CREATION]: Objects created since last delta (5000ms): 6
[19-45-45.089] [CLIENT]: prefs
[19-45-45.089] [USER GET]: key = filterchat, value = 0
[19-45-45.091] [THREAD STARTED]: Console Printing Animation
[19-45-45.092] [CONSOLE OUT]: [STRING]: Opening widget: UserEditor
[19-45-45.116] [THREAD STARTED]: [] dispose() animation thread
[19-45-45.118] [UI]: CyderFrame disposed with fastclose=true, getTitle=
[19-45-45.143] [USER GET]: key = compacttextmode, value = 0
[19-45-45.192] [WIDGET]: UserEditor, trigger = prefs
[19-45-46.828] [UI]: cyder.ui.CyderDragLabel$4@28a338a3
[19-45-47.476] [UI]: cyder.ui.CyderDragLabel$4@28a338a3
[19-45-48.277] [THREAD STARTED]: Liminal Cyder [Nathan] Opacity Decrement Animator
[19-45-49.397] [USER GET]: key = screenstat, value = ScreenStat{consoleX=419, consoleY=229, consoleWidth=832, consoleHeight=797,
               monitor=0, consoleOnTop=false, consoleDirection=RIGHT}
[19-45-49.404] [SYSTEM IO]: [JSON WRITE] [Levenshtein = 6] User was written to file: 7d7ebb00-81fe-329f-8a78-62f463d0b7d
               a\Userdata.json
[19-45-49.410] [USER GET]: key = name, value = Nathan
[19-45-49.410] [USER GET]: key = foreground, value = f0f0f0
[19-45-49.410] [USER GET]: key = Font, value = Agency FB
[19-45-49.411] [USER GET]: key = background, value = 0f0f0f
[19-45-49.411] [USER GET]: key = screenstat, value = ScreenStat{consoleX=660, consoleY=306, consoleWidth=832, consoleHeight=797,
               monitor=0, consoleOnTop=false, consoleDirection=RIGHT}
[19-45-49.412] [USER GET]: key = mappedexecutable, value = []
[19-45-49.412] [USER GET]: key = loggedin, value = 1
[19-45-49.412] [USER GET]: key = persistentnotifications, value = 0
[19-45-49.412] [USER GET]: key = randombackground, value = 0
[19-45-49.413] [USER GET]: key = inputborder, value = 0
[19-45-49.413] [USER GET]: key = filterchat, value = 0
[19-45-49.413] [USER GET]: key = minimizeonclose, value = 0
[19-45-49.414] [USER GET]: key = debugwindows, value = 0
[19-45-49.414] [USER GET]: key = inputfill, value = 0
[19-45-49.414] [USER GET]: key = outputborder, value = 0
[19-45-49.415] [USER GET]: key = pass, value = 1b0a051deaadc2e793bfe185cd81a74b9c56f75bd713f28507d1abd99332a28
[19-45-49.415] [USER GET]: key = fullscreen, value = 0
[19-45-49.415] [USER GET]: key = fontsize, value = 27
[19-45-49.416] [USER GET]: key = intromusic, value = 0
[19-45-49.416] [USER GET]: key = silenceerrors, value = 1
[19-45-49.416] [USER GET]: key = outputfill, value = 0
[19-45-49.417] [USER GET]: key = laststart, value = 1661993109084
[19-45-49.417] [USER GET]: key = hourlychimes, value = 1
[19-45-49.417] [USER GET]: key = doanimations, value = 1
[19-45-49.418] [USER GET]: key = youtubeuuid, value = aaaaaaaaaiI
[19-45-49.418] [USER GET]: key = wrapshell, value = 1
[19-45-49.419] [USER GET]: key = compacttextmode, value = 0
[19-45-49.419] [USER GET]: key = darkmode, value = 0
[19-45-49.420] [USER GET]: key = mappedexecutable, value = []
[19-45-49.420] [USER GET]: key = screenstat, value = ScreenStat{consoleX=660, consoleY=306, consoleWidth=832, consoleHeight=797,
               monitor=0, consoleOnTop=false, consoleDirection=RIGHT}
[19-45-49.424] [SYSTEM IO]: Requested deletion of: C:\Users\Nathan\Documents\IntelliJava\Cyder\dynamic\backup\7d7ebb00
               -81fe-329f-8a78-62f463d0b7da_1661993132132.json
[19-45-49.425] [THREAD STARTED]: Liminal Cyder [Nathan] Opacity Increment Animator
[19-45-49.463] [OBJECT CREATION]: Objects created since last delta (5000ms): 39
[19-45-49.807] [THREAD STARTED]: Preferences Opacity Decrement Animator
[19-45-50.115] [THREAD STARTED]: Preferences Opacity Increment Animator
[19-45-50.560] [THREAD STARTED]: Liminal Cyder [Nathan] Opacity Decrement Animator
[19-45-50.971] [USER GET]: key = screenstat, value = ScreenStat{consoleX=660, consoleY=306, consoleWidth=832, consoleHeight=797,
               monitor=0, consoleOnTop=false, consoleDirection=RIGHT}
[19-45-50.979] [SYSTEM IO]: [JSON WRITE] [Levenshtein = 6] User was written to file: 7d7ebb00-81fe-329f-8a78-62f463d0b7d
               a\Userdata.json
[19-45-50.984] [USER GET]: key = name, value = Nathan
[19-45-50.984] [USER GET]: key = foreground, value = f0f0f0
[19-45-50.985] [USER GET]: key = Font, value = Agency FB
[19-45-50.985] [USER GET]: key = background, value = 0f0f0f
[19-45-50.986] [USER GET]: key = screenstat, value = ScreenStat{consoleX=709, consoleY=285, consoleWidth=832, consoleHeight=797,
               monitor=0, consoleOnTop=false, consoleDirection=RIGHT}
[19-45-50.986] [USER GET]: key = mappedexecutable, value = []
[19-45-50.987] [USER GET]: key = loggedin, value = 1
[19-45-50.987] [USER GET]: key = persistentnotifications, value = 0
[19-45-50.988] [USER GET]: key = randombackground, value = 0
[19-45-50.989] [USER GET]: key = inputborder, value = 0
[19-45-50.990] [USER GET]: key = filterchat, value = 0
[19-45-50.991] [USER GET]: key = minimizeonclose, value = 0
[19-45-50.991] [USER GET]: key = debugwindows, value = 0
[19-45-50.992] [USER GET]: key = inputfill, value = 0
[19-45-50.992] [USER GET]: key = outputborder, value = 0
[19-45-50.992] [USER GET]: key = pass, value = 1b0a051deaadc2e793bfe185cd81a74b9c56f75bd713f28507d1abd99332a28
[19-45-50.993] [USER GET]: key = fullscreen, value = 0
[19-45-50.993] [USER GET]: key = fontsize, value = 27
[19-45-50.993] [USER GET]: key = intromusic, value = 0
[19-45-50.994] [USER GET]: key = silenceerrors, value = 1
[19-45-50.994] [USER GET]: key = outputfill, value = 0
[19-45-50.994] [USER GET]: key = laststart, value = 1661993109084
[19-45-50.995] [USER GET]: key = hourlychimes, value = 1
[19-45-50.995] [USER GET]: key = doanimations, value = 1
[19-45-50.995] [USER GET]: key = youtubeuuid, value = aaaaaaaaaiI
[19-45-50.996] [USER GET]: key = wrapshell, value = 1
[19-45-50.996] [USER GET]: key = compacttextmode, value = 0
[19-45-50.996] [USER GET]: key = darkmode, value = 0
[19-45-50.997] [USER GET]: key = mappedexecutable, value = []
[19-45-50.997] [USER GET]: key = screenstat, value = ScreenStat{consoleX=709, consoleY=285, consoleWidth=832, consoleHeight=797,
               monitor=0, consoleOnTop=false, consoleDirection=RIGHT}
[19-45-51.000] [SYSTEM IO]: Requested deletion of: C:\Users\Nathan\Documents\IntelliJava\Cyder\dynamic\backup\7d7ebb00
               -81fe-329f-8a78-62f463d0b7da_1661993149422.json
[19-45-51.001] [THREAD STARTED]: Liminal Cyder [Nathan] Opacity Increment Animator
[19-45-51.341] [THREAD STARTED]: Preferences Opacity Decrement Animator
[19-45-51.767] [THREAD STARTED]: Preferences Opacity Increment Animator
[19-45-52.425] [THREAD STARTED]: Liminal Cyder [Nathan] Opacity Decrement Animator
[19-45-52.917] [USER GET]: key = screenstat, value = ScreenStat{consoleX=709, consoleY=285, consoleWidth=832, consoleHeight=797,
               monitor=0, consoleOnTop=false, consoleDirection=RIGHT}
[19-45-52.925] [SYSTEM IO]: [JSON WRITE] [Levenshtein = 5] User was written to file: 7d7ebb00-81fe-329f-8a78-62f463d0b7d
               a\Userdata.json
[19-45-52.930] [USER GET]: key = name, value = Nathan
[19-45-52.930] [USER GET]: key = foreground, value = f0f0f0
[19-45-52.930] [USER GET]: key = Font, value = Agency FB
[19-45-52.931] [USER GET]: key = background, value = 0f0f0f
[19-45-52.931] [USER GET]: key = screenstat, value = ScreenStat{consoleX=314, consoleY=296, consoleWidth=832, consoleHeight=797,
               monitor=0, consoleOnTop=false, consoleDirection=RIGHT}
[19-45-52.931] [USER GET]: key = mappedexecutable, value = []
[19-45-52.932] [USER GET]: key = loggedin, value = 1
[19-45-52.932] [USER GET]: key = persistentnotifications, value = 0
[19-45-52.933] [USER GET]: key = randombackground, value = 0
[19-45-52.933] [USER GET]: key = inputborder, value = 0
[19-45-52.933] [USER GET]: key = filterchat, value = 0
[19-45-52.934] [USER GET]: key = minimizeonclose, value = 0
[19-45-52.934] [USER GET]: key = debugwindows, value = 0
[19-45-52.934] [USER GET]: key = inputfill, value = 0
[19-45-52.936] [USER GET]: key = outputborder, value = 0
[19-45-52.936] [USER GET]: key = pass, value = 1b0a051deaadc2e793bfe185cd81a74b9c56f75bd713f28507d1abd99332a28
[19-45-52.936] [USER GET]: key = fullscreen, value = 0
[19-45-52.936] [USER GET]: key = fontsize, value = 27
[19-45-52.936] [USER GET]: key = intromusic, value = 0
[19-45-52.936] [USER GET]: key = silenceerrors, value = 1
[19-45-52.937] [USER GET]: key = outputfill, value = 0
[19-45-52.937] [USER GET]: key = laststart, value = 1661993109084
[19-45-52.938] [USER GET]: key = hourlychimes, value = 1
[19-45-52.938] [USER GET]: key = doanimations, value = 1
[19-45-52.939] [USER GET]: key = youtubeuuid, value = aaaaaaaaaiI
[19-45-52.939] [USER GET]: key = wrapshell, value = 1
[19-45-52.939] [USER GET]: key = compacttextmode, value = 0
[19-45-52.940] [USER GET]: key = darkmode, value = 0
[19-45-52.940] [USER GET]: key = mappedexecutable, value = []
[19-45-52.940] [USER GET]: key = screenstat, value = ScreenStat{consoleX=314, consoleY=296, consoleWidth=832, consoleHeight=797,
               monitor=0, consoleOnTop=false, consoleDirection=RIGHT}
[19-45-52.944] [SYSTEM IO]: Requested deletion of: C:\Users\Nathan\Documents\IntelliJava\Cyder\dynamic\backup\7d7ebb00
               -81fe-329f-8a78-62f463d0b7da_1661993150998.json
[19-45-52.944] [THREAD STARTED]: Liminal Cyder [Nathan] Opacity Increment Animator
[19-45-54.465] [OBJECT CREATION]: Objects created since last delta (5000ms): 6
[19-45-54.983] [THREAD STARTED]: Preferences Opacity Decrement Animator
[19-45-55.517] [THREAD STARTED]: Preferences Opacity Increment Animator
[19-45-56.018] [THREAD STARTED]: Liminal Cyder [Nathan] Opacity Decrement Animator
[19-45-57.228] [USER GET]: key = screenstat, value = ScreenStat{consoleX=314, consoleY=296, consoleWidth=832, consoleHeight=797,
               monitor=0, consoleOnTop=false, consoleDirection=RIGHT}
[19-45-57.235] [SYSTEM IO]: [JSON WRITE] [Levenshtein = 6] User was written to file: 7d7ebb00-81fe-329f-8a78-62f463d0b7d
               a\Userdata.json
[19-45-57.241] [USER GET]: key = name, value = Nathan
[19-45-57.241] [USER GET]: key = foreground, value = f0f0f0
[19-45-57.242] [USER GET]: key = Font, value = Agency FB
[19-45-57.242] [USER GET]: key = background, value = 0f0f0f
[19-45-57.242] [USER GET]: key = screenstat, value = ScreenStat{consoleX=745, consoleY=328, consoleWidth=832, consoleHeight=797,
               monitor=0, consoleOnTop=false, consoleDirection=RIGHT}
[19-45-57.243] [USER GET]: key = mappedexecutable, value = []
[19-45-57.243] [USER GET]: key = loggedin, value = 1
[19-45-57.243] [USER GET]: key = persistentnotifications, value = 0
[19-45-57.244] [USER GET]: key = randombackground, value = 0
[19-45-57.244] [USER GET]: key = inputborder, value = 0
[19-45-57.244] [USER GET]: key = filterchat, value = 0
[19-45-57.245] [USER GET]: key = minimizeonclose, value = 0
[19-45-57.245] [USER GET]: key = debugwindows, value = 0
[19-45-57.245] [USER GET]: key = inputfill, value = 0
[19-45-57.246] [USER GET]: key = outputborder, value = 0
[19-45-57.246] [USER GET]: key = pass, value = 1b0a051deaadc2e793bfe185cd81a74b9c56f75bd713f28507d1abd99332a28
[19-45-57.246] [USER GET]: key = fullscreen, value = 0
[19-45-57.247] [USER GET]: key = fontsize, value = 27
[19-45-57.247] [USER GET]: key = intromusic, value = 0
[19-45-57.247] [USER GET]: key = silenceerrors, value = 1
[19-45-57.248] [USER GET]: key = outputfill, value = 0
[19-45-57.248] [USER GET]: key = laststart, value = 1661993109084
[19-45-57.248] [USER GET]: key = hourlychimes, value = 1
[19-45-57.248] [USER GET]: key = doanimations, value = 1
[19-45-57.249] [USER GET]: key = youtubeuuid, value = aaaaaaaaaiI
[19-45-57.249] [USER GET]: key = wrapshell, value = 1
[19-45-57.249] [USER GET]: key = compacttextmode, value = 0
[19-45-57.250] [USER GET]: key = darkmode, value = 0
[19-45-57.250] [USER GET]: key = mappedexecutable, value = []
[19-45-57.250] [USER GET]: key = screenstat, value = ScreenStat{consoleX=745, consoleY=328, consoleWidth=832, consoleHeight=797,
               monitor=0, consoleOnTop=false, consoleDirection=RIGHT}
[19-45-57.253] [SYSTEM IO]: Requested deletion of: C:\Users\Nathan\Documents\IntelliJava\Cyder\dynamic\backup\7d7ebb00
               -81fe-329f-8a78-62f463d0b7da_1661993152941.json
[19-45-57.255] [THREAD STARTED]: Liminal Cyder [Nathan] Opacity Increment Animator
[19-45-57.696] [THREAD STARTED]: Preferences Opacity Decrement Animator
[19-45-58.187] [THREAD STARTED]: Preferences Opacity Increment Animator
[19-45-58.735] [THREAD STARTED]: Liminal Cyder [Nathan] Opacity Decrement Animator
[19-45-59.221] [USER GET]: key = screenstat, value = ScreenStat{consoleX=745, consoleY=328, consoleWidth=832, consoleHeight=797,
               monitor=0, consoleOnTop=false, consoleDirection=RIGHT}
[19-45-59.231] [SYSTEM IO]: [JSON WRITE] [Levenshtein = 4] User was written to file: 7d7ebb00-81fe-329f-8a78-62f463d0b7d
               a\Userdata.json
[19-45-59.236] [USER GET]: key = name, value = Nathan
[19-45-59.236] [USER GET]: key = foreground, value = f0f0f0
[19-45-59.237] [USER GET]: key = Font, value = Agency FB
[19-45-59.237] [USER GET]: key = background, value = 0f0f0f
[19-45-59.238] [USER GET]: key = screenstat, value = ScreenStat{consoleX=255, consoleY=258, consoleWidth=832, consoleHeight=797,
               monitor=0, consoleOnTop=false, consoleDirection=RIGHT}
[19-45-59.238] [USER GET]: key = mappedexecutable, value = []
[19-45-59.238] [USER GET]: key = loggedin, value = 1
[19-45-59.239] [USER GET]: key = persistentnotifications, value = 0
[19-45-59.239] [USER GET]: key = randombackground, value = 0
[19-45-59.240] [USER GET]: key = inputborder, value = 0
[19-45-59.240] [USER GET]: key = filterchat, value = 0
[19-45-59.240] [USER GET]: key = minimizeonclose, value = 0
[19-45-59.241] [USER GET]: key = debugwindows, value = 0
[19-45-59.241] [USER GET]: key = inputfill, value = 0
[19-45-59.241] [USER GET]: key = outputborder, value = 0
[19-45-59.242] [USER GET]: key = pass, value = 1b0a051deaadc2e793bfe185cd81a74b9c56f75bd713f28507d1abd99332a28
[19-45-59.242] [USER GET]: key = fullscreen, value = 0
[19-45-59.242] [USER GET]: key = fontsize, value = 27
[19-45-59.243] [USER GET]: key = intromusic, value = 0
[19-45-59.243] [USER GET]: key = silenceerrors, value = 1
[19-45-59.244] [USER GET]: key = outputfill, value = 0
[19-45-59.244] [USER GET]: key = laststart, value = 1661993109084
[19-45-59.244] [USER GET]: key = hourlychimes, value = 1
[19-45-59.245] [USER GET]: key = doanimations, value = 1
[19-45-59.245] [USER GET]: key = youtubeuuid, value = aaaaaaaaaiI
[19-45-59.245] [USER GET]: key = wrapshell, value = 1
[19-45-59.246] [USER GET]: key = compacttextmode, value = 0
[19-45-59.246] [USER GET]: key = darkmode, value = 0
[19-45-59.246] [USER GET]: key = mappedexecutable, value = []
[19-45-59.247] [USER GET]: key = screenstat, value = ScreenStat{consoleX=255, consoleY=258, consoleWidth=832, consoleHeight=797,
               monitor=0, consoleOnTop=false, consoleDirection=RIGHT}
[19-45-59.250] [SYSTEM IO]: Requested deletion of: C:\Users\Nathan\Documents\IntelliJava\Cyder\dynamic\backup\7d7ebb00
               -81fe-329f-8a78-62f463d0b7da_1661993157251.json
[19-45-59.251] [THREAD STARTED]: Liminal Cyder [Nathan] Opacity Increment Animator
[19-45-59.473] [OBJECT CREATION]: Objects created since last delta (5000ms): 6
[19-46-01.541] [UI]: Component = CyderDragLabel, hash = -1801495561, bounds = (2, 2, 796, 28), parent frame = Preferences,
               getTitle() = Liminal Cyder [Nathan]
[19-46-01.542] [THREAD STARTED]: [Preferences] dispose() animation thread
[19-46-01.543] [UI]: CyderFrame disposed with fastclose=false, getTitle=Preferences
[19-46-01.543] [USER GET]: key = doanimations, value = 1
[19-46-02.183] [USER GET]: key = minimizeonclose, value = 0
[19-46-02.184] [USER GET]: key = screenstat, value = ScreenStat{consoleX=255, consoleY=258, consoleWidth=832, consoleHeight=797,
               monitor=0, consoleOnTop=false, consoleDirection=RIGHT}
[19-46-02.189] [USER GET]: key = fullscreen, value = 0
[19-46-02.189] [THREAD STARTED]: [Liminal Cyder [Nathan]] dispose() animation thread
[19-46-02.190] [UI]: CyderFrame disposed with fastclose=false, getTitle=Liminal Cyder [Nathan]
[19-46-02.190] [USER GET]: key = doanimations, value = 1
[19-46-02.457] [EXIT]: [RUNTIME] 56s 219ms
[19-46-02.458] [EOL]: Log completed, exiting Cyder with exit code: 0 [Genesis Controlled Exit], no exceptions thrown,
               total objects created: 208
