          _____                _____                    _____                    _____                    _____
         /\    \              |\    \                  /\    \                  /\    \                  /\    \
        /::\    \             |:\____\                /::\    \                /::\    \                /::\    \
       /::::\    \            |::|   |               /::::\    \              /::::\    \              /::::\    \
      /::::::\    \           |::|   |              /::::::\    \            /::::::\    \            /::::::\    \
     /:::/\:::\    \          |::|   |             /:::/\:::\    \          /:::/\:::\    \          /:::/\:::\    \
    /:::/  \:::\    \         |::|   |            /:::/  \:::\    \        /:::/__\:::\    \        /:::/__\:::\    \
   /:::/    \:::\    \        |::|   |           /:::/    \:::\    \      /::::\   \:::\    \      /::::\   \:::\    \
  /:::/    / \:::\    \       |::|___|______    /:::/    / \:::\    \    /::::::\   \:::\    \    /::::::\   \:::\    \
 /:::/    /   \:::\    \      /::::::::\    \  /:::/    /   \:::\ ___\  /:::/\:::\   \:::\    \  /:::/\:::\   \:::\____\
/:::/____/     \:::\____\    /::::::::::\____\/:::/____/     \:::|    |/:::/__\:::\   \:::\____\/:::/  \:::\   \:::|    |
\:::\    \      \::/    /   /:::/~~~~/~~      \:::\    \     /:::|____|\:::\   \:::\   \::/    /\::/   |::::\  /:::|____|
 \:::\    \      \/____/   /:::/    /          \:::\    \   /:::/    /  \:::\   \:::\   \/____/  \/____|:::::\/:::/    /
  \:::\    \              /:::/    /            \:::\    \ /:::/    /    \:::\   \:::\    \            |:::::::::/    /
   \:::\    \            /:::/    /              \:::\    /:::/    /      \:::\   \:::\____\           |::|\::::/    /
    \:::\    \           \::/    /                \:::\  /:::/    /        \:::\   \::/    /           |::| \::/____/
     \:::\    \           \/____/                  \:::\/:::/    /          \:::\   \/____/            |::|  ~|
      \:::\    \                                    \::::::/    /            \:::\    \                |::|   |
       \:::\____\                                    \::::/    /              \:::\____\               \::|   |
        \::/    /                                     \::/____/                \::/    /                \:|   |
         \/____/                                       ~~                       \/____/                  \|___|


[19-53-25.049] [ENTRY]: Nathan
[19-53-24.992] [DEBUG]: Loaded 131 static resources
[19-53-25.009] [DEBUG]: Loaded 16 static folders
[19-53-25.022] [DEBUG]: Found prop file: props\propkeys.ini
[19-53-25.022] [DEBUG]: Found prop file: props\props.ini
[19-53-25.034] [PROP LOADED]: [key = map_quest_api_key]
[19-53-25.034] [PROP LOADED]: [key = youtube_api_3_key]
[19-53-25.034] [PROP LOADED]: [key = ip_key]
[19-53-25.034] [PROP LOADED]: [key = weather_key]
[19-53-25.034] [PROP LOADED]: [key = debug_hash_name, value = Nathan]
[19-53-25.034] [PROP LOADED]: [key = debug_hash_password, value = 571b100a3b69f7b09828c0b61d325b15e52c512c14fdcf6d248f7c
               a733d0a7f6]
[19-53-25.036] [PROP LOADED]: [key = default_weather_location, value = Austin,Tx,USA]
[19-53-25.036] [PROP LOADED]: [key = ignore_data, value = typinganimation,showseconds,roundedwindows,windowcolor
               ,audiolength,capsmode,typingsound,showbusyicon,clockonconsole,consoleclockformat]
[19-53-25.036] [PROP LOADED]: [key = font_metric, value = 1]
[19-53-25.037] [PROP LOADED]: [key = max_font_size, value = 50]
[19-53-25.037] [PROP LOADED]: [key = min_font_size, value = 25]
[19-53-25.037] [PROP LOADED]: [key = released, value = false]
[19-53-25.037] [PROP LOADED]: [key = version, value = Liminal]
[19-53-25.037] [PROP LOADED]: [key = release_date, value = 22.7.4]
[19-53-25.037] [PROP LOADED]: [key = components_relocatable, value = false]
[19-53-25.037] [PROP LOADED]: [key = testing_mode, value = true]
[19-53-25.037] [PROP LOADED]: [key = autocypher, value = true]
[19-53-25.037] [PROP LOADED]: [key = dispose_splash, value = true]
[19-53-25.038] [PROP LOADED]: [key = wipe_logs_on_start, value = false]
[19-53-25.038] [PROP LOADED]: [key = activate_watchdog, value = false]
[19-53-25.038] [PROP LOADED]: [key = ffmpeg_audio_output_format, value = mp3]
[19-53-25.038] [PROP LOADED]: [key = printing_animation_char_timeout, value = 8]
[19-53-25.038] [PROP LOADED]: [key = printing_animation_line_timeout, value = 100]
[19-53-25.038] [PROP LOADED]: [key = ui_scale, value = 1]
[19-53-25.038] [PROP LOADED]: [key = auto_trigger_similar_commands, value = true]
[19-53-25.038] [PROP LOADED]: [key = auto_trigger_similar_command_tolerance, value = 0.95]
[19-53-25.039] [PROP LOADED]: [key = latency_ip, value = 172.217.4.78]
[19-53-25.039] [PROP LOADED]: [key = latency_port, value = 80]
[19-53-25.039] [PROP LOADED]: [key = latency_name, value = Google]
[19-53-25.039] [PROP LOADED]: [key = props_reloadable, value = false]
[19-53-25.046] [DEBUG]: Jar mode set as: FALSE
[19-53-25.107] [THREAD STARTED]: Object Creation Logger
[19-53-25.480] [DEBUG]: Watchdog skipped
[19-53-25.485] [LOADING MESSAGE]: Registering fonts
[19-53-25.841] [FONT LOADED]: agency-fb
[19-53-25.843] [FONT LOADED]: arial-black
[19-53-25.845] [FONT LOADED]: beyno
[19-53-25.847] [FONT LOADED]: condiment-regular
[19-53-25.848] [FONT LOADED]: prompt-bold
[19-53-25.850] [FONT LOADED]: segoe-ui-black
[19-53-25.851] [FONT LOADED]: tahoma
[19-53-25.852] [LOADING MESSAGE]: Ensuring singular instance
[19-53-25.854] [THREAD STARTED]: Singular Cyder Instance Ensurer
[19-53-25.855] [DEBUG]: Starting instance socket on port 5150
[19-53-26.363] [LOADING MESSAGE]: Ensuring OS is supported
[19-53-26.364] [LOADING MESSAGE]: Creating dynamics
[19-53-26.365] [SYSTEM IO]: Requested deletion of: C:\Users\Nathan\Documents\IntelliJava\Cyder\dynamic\tmp
[19-53-26.385] [LOADING MESSAGE]: Validating users
[19-53-26.502] [USER GET]: key = name, value = Nathan
[19-53-26.503] [USER GET]: key = foreground, value = f0f0f0
[19-53-26.503] [USER GET]: key = Font, value = Agency FB
[19-53-26.504] [USER GET]: key = background, value = 0f0f0f
[19-53-26.517] [USER GET]: key = screenstat, value = ScreenStat{consoleX=255, consoleY=258, consoleWidth=832, consoleHeight=797,
               monitor=0, consoleOnTop=false, consoleDirection=RIGHT}
[19-53-26.539] [USER GET]: key = mappedexecutable, value = []
[19-53-26.540] [USER GET]: key = loggedin, value = 1
[19-53-26.541] [USER GET]: key = randombackground, value = 0
[19-53-26.541] [USER GET]: key = persistentnotifications, value = 0
[19-53-26.542] [USER GET]: key = pass, value = 1b0a051deaadc2e793bfe185cd81a74b9c56f75bd713f28507d1abd99332a28
[19-53-26.543] [USER GET]: key = fontsize, value = 27
[19-53-26.544] [USER GET]: key = outputfill, value = 0
[19-53-26.545] [USER GET]: key = hourlychimes, value = 1
[19-53-26.547] [USER GET]: key = doanimations, value = 1
[19-53-26.549] [USER GET]: key = inputfill, value = 0
[19-53-26.550] [USER GET]: key = intromusic, value = 0
[19-53-26.551] [USER GET]: key = laststart, value = 1661993109084
[19-53-26.552] [USER GET]: key = debugwindows, value = 0
[19-53-26.554] [USER GET]: key = inputborder, value = 0
[19-53-26.556] [USER GET]: key = youtubeuuid, value = aaaaaaaaaiI
[19-53-26.557] [USER GET]: key = outputborder, value = 0
[19-53-26.558] [USER GET]: key = fullscreen, value = 0
[19-53-26.559] [USER GET]: key = silenceerrors, value = 1
[19-53-26.560] [USER GET]: key = filterchat, value = 0
[19-53-26.561] [USER GET]: key = wrapshell, value = 1
[19-53-26.562] [USER GET]: key = minimizeonclose, value = 0
[19-53-26.563] [USER GET]: key = compacttextmode, value = 0
[19-53-26.564] [USER GET]: key = darkmode, value = 0
[19-53-26.567] [USER GET]: key = mappedexecutable, value = []
[19-53-26.568] [USER GET]: key = screenstat, value = ScreenStat{consoleX=255, consoleY=258, consoleWidth=832, consoleHeight=797,
               monitor=0, consoleOnTop=false, consoleDirection=RIGHT}
[19-53-26.592] [USER GET]: key = name, value = Nathan
[19-53-26.593] [LOADING MESSAGE]: Cleaning users
[19-53-26.599] [LOADING MESSAGE]: Validating props
[19-53-26.760] [LOADING MESSAGE]: Validating Widgets
[19-53-27.147] [LOADING MESSAGE]: Validating Tests
[19-53-27.152] [LOADING MESSAGE]: Validating Vanilla annotations
[19-53-27.165] [LOADING MESSAGE]: Validating Handles
[19-53-27.177] [THREAD STARTED]: Splash Loader
[19-53-27.179] [THREAD STARTED]: Sufficient Subroutine Executor
[19-53-27.180] [LOADING MESSAGE]: Logging JVM args
[19-53-27.182] [THREAD STARTED]: JVM Args Logger
[19-53-27.192] [DEBUG]: Set latency ip as 172.217.4.78
[19-53-27.195] [DEBUG]: Set latency port as 80
[19-53-27.196] [DEBUG]: Set latency host name as Google
[19-53-27.197] [LOADING MESSAGE]: Checking for an AutoCypher
[19-53-27.199] [LOGIN]: AutoCypher Attempt
[19-53-27.200] [LOADING MESSAGE]: Auto Cyphering
[19-53-27.204] [USER GET]: key = name, value = Nathan [2x]
[19-53-27.257] [USER GET]: key = pass, value = 1b0a051deaadc2e793bfe185cd81a74b9c56f75bd713f28507d1abd99332a28
[19-53-27.426] [USER GET]: key = darkmode, value = 0 [2x]
[19-53-27.469] [THREAD STARTED]: Splash Animation
[19-53-27.772] [UNIQUE OBJECT CREATED]: Console singleton constructed
[19-53-27.775] [USER GET]: key = name, value = Nathan
[19-53-27.926] [DEBUG]: Cyder Entry = AutoCypher
[19-53-27.927] [THREAD STARTED]: High Ping Checker
[19-53-28.012] [DEBUG]: Latency of Google found to be 53ms
[19-53-28.036] [USER GET]: key = name, value = Nathan
[19-53-28.037] [USER GET]: key = randombackground, value = 0
[19-53-28.088] [USER GET]: key = fullscreen, value = 0 [3x]
[19-53-28.089] [USER GET]: key = name, value = Nathan
[19-53-28.123] [USER GET]: key = foreground, value = f0f0f0
[19-53-28.123] [OBJECT CREATION]: Objects created since last delta (5000ms): 91
[19-53-28.129] [USER GET]: key = foreground, value = f0f0f0 [2x]
[19-53-28.131] [USER GET]: key = Font, value = Agency FB
[19-53-28.131] [USER GET]: key = fontsize, value = 27
[19-53-28.153] [USER GET]: key = outputborder, value = 0
[19-53-28.154] [USER GET]: key = outputfill, value = 0
[19-53-28.183] [USER GET]: key = inputborder, value = 0
[19-53-28.187] [USER GET]: key = foreground, value = f0f0f0 [3x]
[19-53-28.188] [USER GET]: key = Font, value = Agency FB
[19-53-28.188] [USER GET]: key = fontsize, value = 27
[19-53-28.190] [USER GET]: key = inputfill, value = 0
[19-53-28.311] [THREAD STARTED]: Hourly Chime Checker
[19-53-28.313] [THREAD STARTED]: Console Clock Updater
[19-53-28.316] [THREAD STARTED]: Cyder Busy Checker
[19-53-28.321] [THREAD STARTED]: [Cyder Splash] dispose() animation thread
[19-53-28.322] [USER GET]: key = fullscreen, value = 0
[19-53-28.323] [USER GET]: key = screenstat, value = ScreenStat{consoleX=255, consoleY=258, consoleWidth=832, consoleHeight=797,
               monitor=0, consoleOnTop=false, consoleDirection=RIGHT}
[19-53-28.380] [UI]: CyderFrame disposed with fastclose=true, getTitle=Cyder Splash
[19-53-28.566] [THREAD STARTED]: Console Printing Animation
[19-53-28.579] [CONSOLE OUT]: [STRING]: Console loaded in 3s 691ms
[19-53-28.677] [USER GET]: key = debugwindows, value = 0
[19-53-28.678] [CONSOLE LOADED]: [Nathan] [TESTING MODE]
[19-53-28.679] [THREAD STARTED]: Manual Tests Thread
[19-53-28.680] [USER GET]: key = laststart, value = 1661993109084
[19-53-28.681] [USER GET]: key = intromusic, value = 0
[19-53-30.025] [THREAD STARTED]: Liminal Cyder [Nathan] Opacity Decrement Animator
[19-53-30.253] [THREAD STARTED]: Splash Loading Label Updater
[19-53-30.439] [USER GET]: key = screenstat, value = ScreenStat{consoleX=255, consoleY=258, consoleWidth=832, consoleHeight=797,
               monitor=0, consoleOnTop=false, consoleDirection=RIGHT}
[19-53-30.471] [SYSTEM IO]: [JSON WRITE] [Levenshtein = 10] User was written to file: 7d7ebb00-81fe-329f-8a78-62f463d0b7
               da\Userdata.json
[19-53-30.483] [USER GET]: key = name, value = Nathan
[19-53-30.485] [USER GET]: key = foreground, value = f0f0f0
[19-53-30.485] [USER GET]: key = Font, value = Agency FB
[19-53-30.486] [USER GET]: key = background, value = 0f0f0f
[19-53-30.487] [USER GET]: key = screenstat, value = ScreenStat{consoleX=1092, consoleY=458, consoleWidth=832,
               consoleHeight=797, monitor=0, consoleOnTop=false, consoleDirection=RIGHT}
[19-53-30.488] [USER GET]: key = mappedexecutable, value = []
[19-53-30.489] [USER GET]: key = loggedin, value = 1
[19-53-30.489] [USER GET]: key = randombackground, value = 0
[19-53-30.490] [USER GET]: key = persistentnotifications, value = 0
[19-53-30.491] [USER GET]: key = pass, value = 1b0a051deaadc2e793bfe185cd81a74b9c56f75bd713f28507d1abd99332a28
[19-53-30.492] [USER GET]: key = fontsize, value = 27
[19-53-30.492] [USER GET]: key = outputfill, value = 0
[19-53-30.493] [USER GET]: key = hourlychimes, value = 1
[19-53-30.494] [USER GET]: key = doanimations, value = 1
[19-53-30.494] [USER GET]: key = inputfill, value = 0
[19-53-30.495] [USER GET]: key = intromusic, value = 0
[19-53-30.496] [USER GET]: key = laststart, value = 1661993608681
[19-53-30.496] [USER GET]: key = debugwindows, value = 0
[19-53-30.497] [USER GET]: key = inputborder, value = 0
[19-53-30.497] [USER GET]: key = youtubeuuid, value = aaaaaaaaaiI
[19-53-30.498] [USER GET]: key = outputborder, value = 0
[19-53-30.499] [USER GET]: key = fullscreen, value = 0
[19-53-30.500] [USER GET]: key = silenceerrors, value = 1
[19-53-30.501] [USER GET]: key = filterchat, value = 0
[19-53-30.502] [USER GET]: key = wrapshell, value = 1
[19-53-30.502] [USER GET]: key = minimizeonclose, value = 0
[19-53-30.503] [USER GET]: key = compacttextmode, value = 0
[19-53-30.504] [USER GET]: key = darkmode, value = 0
[19-53-30.504] [USER GET]: key = mappedexecutable, value = []
[19-53-30.505] [USER GET]: key = screenstat, value = ScreenStat{consoleX=1092, consoleY=458, consoleWidth=832,
               consoleHeight=797, monitor=0, consoleOnTop=false, consoleDirection=RIGHT}
[19-53-30.517] [SYSTEM IO]: Requested deletion of: C:\Users\Nathan\Documents\IntelliJava\Cyder\dynamic\backup\7d7ebb00
               -81fe-329f-8a78-62f463d0b7da_1661993159248.json
[19-53-30.519] [THREAD STARTED]: Liminal Cyder [Nathan] Opacity Increment Animator
[19-53-31.868] [CLIENT]: prefs
[19-53-31.869] [USER GET]: key = filterchat, value = 0
[19-53-31.875] [THREAD STARTED]: Console Printing Animation
[19-53-31.876] [CONSOLE OUT]: [STRING]: Opening widget: UserEditor
[19-53-31.928] [THREAD STARTED]: [] dispose() animation thread
[19-53-31.929] [UI]: CyderFrame disposed with fastclose=true, getTitle=
[19-53-31.975] [USER GET]: key = compacttextmode, value = 0
[19-53-32.047] [WIDGET]: UserEditor, trigger = prefs
[19-53-33.127] [OBJECT CREATION]: Objects created since last delta (5000ms): 57
[19-53-33.146] [THREAD STARTED]: Liminal Cyder [Nathan] Opacity Decrement Animator
[19-53-33.392] [USER GET]: key = screenstat, value = ScreenStat{consoleX=1092, consoleY=458, consoleWidth=832,
               consoleHeight=797, monitor=0, consoleOnTop=false, consoleDirection=RIGHT}
[19-53-33.406] [SYSTEM IO]: [JSON WRITE] [Levenshtein = 6] User was written to file: 7d7ebb00-81fe-329f-8a78-62f463d0b7d
               a\Userdata.json
[19-53-33.412] [USER GET]: key = name, value = Nathan
[19-53-33.413] [USER GET]: key = foreground, value = f0f0f0
[19-53-33.413] [USER GET]: key = Font, value = Agency FB
[19-53-33.414] [USER GET]: key = background, value = 0f0f0f
[19-53-33.414] [USER GET]: key = screenstat, value = ScreenStat{consoleX=830, consoleY=437, consoleWidth=832, consoleHeight=797,
               monitor=0, consoleOnTop=false, consoleDirection=RIGHT}
[19-53-33.415] [USER GET]: key = mappedexecutable, value = []
[19-53-33.415] [USER GET]: key = loggedin, value = 1
[19-53-33.415] [USER GET]: key = randombackground, value = 0
[19-53-33.416] [USER GET]: key = persistentnotifications, value = 0
[19-53-33.416] [USER GET]: key = pass, value = 1b0a051deaadc2e793bfe185cd81a74b9c56f75bd713f28507d1abd99332a28
[19-53-33.417] [USER GET]: key = fontsize, value = 27
[19-53-33.417] [USER GET]: key = outputfill, value = 0
[19-53-33.418] [USER GET]: key = hourlychimes, value = 1
[19-53-33.419] [USER GET]: key = doanimations, value = 1
[19-53-33.420] [USER GET]: key = inputfill, value = 0
[19-53-33.422] [USER GET]: key = intromusic, value = 0
[19-53-33.423] [USER GET]: key = laststart, value = 1661993608681
[19-53-33.424] [USER GET]: key = debugwindows, value = 0
[19-53-33.424] [USER GET]: key = inputborder, value = 0
[19-53-33.425] [USER GET]: key = youtubeuuid, value = aaaaaaaaaiI
[19-53-33.426] [USER GET]: key = outputborder, value = 0
[19-53-33.426] [USER GET]: key = fullscreen, value = 0
[19-53-33.427] [USER GET]: key = silenceerrors, value = 1
[19-53-33.428] [USER GET]: key = filterchat, value = 0
[19-53-33.428] [USER GET]: key = wrapshell, value = 1
[19-53-33.429] [USER GET]: key = minimizeonclose, value = 0
[19-53-33.429] [USER GET]: key = compacttextmode, value = 0
[19-53-33.429] [USER GET]: key = darkmode, value = 0
[19-53-33.430] [USER GET]: key = mappedexecutable, value = []
[19-53-33.431] [USER GET]: key = screenstat, value = ScreenStat{consoleX=830, consoleY=437, consoleWidth=832, consoleHeight=797,
               monitor=0, consoleOnTop=false, consoleDirection=RIGHT}
[19-53-33.435] [SYSTEM IO]: Requested deletion of: C:\Users\Nathan\Documents\IntelliJava\Cyder\dynamic\backup\7d7ebb00
               -81fe-329f-8a78-62f463d0b7da_1661993610507.json
[19-53-33.438] [THREAD STARTED]: Liminal Cyder [Nathan] Opacity Increment Animator
[19-53-34.845] [THREAD STARTED]: Liminal Cyder [Nathan] Opacity Decrement Animator
[19-53-35.340] [USER GET]: key = screenstat, value = ScreenStat{consoleX=830, consoleY=437, consoleWidth=832, consoleHeight=797,
               monitor=0, consoleOnTop=false, consoleDirection=RIGHT}
[19-53-35.348] [SYSTEM IO]: [JSON WRITE] [Levenshtein = 5] User was written to file: 7d7ebb00-81fe-329f-8a78-62f463d0b7d
               a\Userdata.json
[19-53-35.354] [USER GET]: key = name, value = Nathan
[19-53-35.355] [USER GET]: key = foreground, value = f0f0f0
[19-53-35.355] [USER GET]: key = Font, value = Agency FB
[19-53-35.355] [USER GET]: key = background, value = 0f0f0f
[19-53-35.356] [USER GET]: key = screenstat, value = ScreenStat{consoleX=676, consoleY=454, consoleWidth=832, consoleHeight=797,
               monitor=0, consoleOnTop=false, consoleDirection=RIGHT}
[19-53-35.356] [USER GET]: key = mappedexecutable, value = []
[19-53-35.357] [USER GET]: key = loggedin, value = 1
[19-53-35.357] [USER GET]: key = randombackground, value = 0
[19-53-35.357] [USER GET]: key = persistentnotifications, value = 0
[19-53-35.357] [USER GET]: key = pass, value = 1b0a051deaadc2e793bfe185cd81a74b9c56f75bd713f28507d1abd99332a28
[19-53-35.358] [USER GET]: key = fontsize, value = 27
[19-53-35.358] [USER GET]: key = outputfill, value = 0
[19-53-35.358] [USER GET]: key = hourlychimes, value = 1
[19-53-35.359] [USER GET]: key = doanimations, value = 1
[19-53-35.359] [USER GET]: key = inputfill, value = 0
[19-53-35.360] [USER GET]: key = intromusic, value = 0
[19-53-35.360] [USER GET]: key = laststart, value = 1661993608681
[19-53-35.360] [USER GET]: key = debugwindows, value = 0
[19-53-35.361] [USER GET]: key = inputborder, value = 0
[19-53-35.361] [USER GET]: key = youtubeuuid, value = aaaaaaaaaiI
[19-53-35.362] [USER GET]: key = outputborder, value = 0
[19-53-35.362] [USER GET]: key = fullscreen, value = 0
[19-53-35.362] [USER GET]: key = silenceerrors, value = 1
[19-53-35.363] [USER GET]: key = filterchat, value = 0
[19-53-35.363] [USER GET]: key = wrapshell, value = 1
[19-53-35.363] [USER GET]: key = minimizeonclose, value = 0
[19-53-35.364] [USER GET]: key = compacttextmode, value = 0
[19-53-35.364] [USER GET]: key = darkmode, value = 0
[19-53-35.364] [USER GET]: key = mappedexecutable, value = []
[19-53-35.365] [USER GET]: key = screenstat, value = ScreenStat{consoleX=676, consoleY=454, consoleWidth=832, consoleHeight=797,
               monitor=0, consoleOnTop=false, consoleDirection=RIGHT}
[19-53-35.368] [SYSTEM IO]: Requested deletion of: C:\Users\Nathan\Documents\IntelliJava\Cyder\dynamic\backup\7d7ebb00
               -81fe-329f-8a78-62f463d0b7da_1661993613432.json
[19-53-35.370] [THREAD STARTED]: Liminal Cyder [Nathan] Opacity Increment Animator
[19-53-38.314] [OBJECT CREATION]: Objects created since last delta (5000ms): 6
[19-55-07.802] [EOL]: Log completed, Cyder crashed unexpectedly: exit code: -9 External Stop, exceptions thrown: 0
