          _____                _____                    _____                    _____                    _____
         /\    \              |\    \                  /\    \                  /\    \                  /\    \
        /::\    \             |:\____\                /::\    \                /::\    \                /::\    \
       /::::\    \            |::|   |               /::::\    \              /::::\    \              /::::\    \
      /::::::\    \           |::|   |              /::::::\    \            /::::::\    \            /::::::\    \
     /:::/\:::\    \          |::|   |             /:::/\:::\    \          /:::/\:::\    \          /:::/\:::\    \
    /:::/  \:::\    \         |::|   |            /:::/  \:::\    \        /:::/__\:::\    \        /:::/__\:::\    \
   /:::/    \:::\    \        |::|   |           /:::/    \:::\    \      /::::\   \:::\    \      /::::\   \:::\    \
  /:::/    / \:::\    \       |::|___|______    /:::/    / \:::\    \    /::::::\   \:::\    \    /::::::\   \:::\    \
 /:::/    /   \:::\    \      /::::::::\    \  /:::/    /   \:::\ ___\  /:::/\:::\   \:::\    \  /:::/\:::\   \:::\____\
/:::/____/     \:::\____\    /::::::::::\____\/:::/____/     \:::|    |/:::/__\:::\   \:::\____\/:::/  \:::\   \:::|    |
\:::\    \      \::/    /   /:::/~~~~/~~      \:::\    \     /:::|____|\:::\   \:::\   \::/    /\::/   |::::\  /:::|____|
 \:::\    \      \/____/   /:::/    /          \:::\    \   /:::/    /  \:::\   \:::\   \/____/  \/____|:::::\/:::/    /
  \:::\    \              /:::/    /            \:::\    \ /:::/    /    \:::\   \:::\    \            |:::::::::/    /
   \:::\    \            /:::/    /              \:::\    /:::/    /      \:::\   \:::\____\           |::|\::::/    /
    \:::\    \           \::/    /                \:::\  /:::/    /        \:::\   \::/    /           |::| \::/____/
     \:::\    \           \/____/                  \:::\/:::/    /          \:::\   \/____/            |::|  ~|
      \:::\    \                                    \::::::/    /            \:::\    \                |::|   |
       \:::\____\                                    \::::/    /              \:::\____\               \::|   |
        \::/    /                                     \::/____/                \::/    /                \:|   |
         \/____/                                       ~~                       \/____/                  \|___|


[21-15-02.083] [ENTRY]: Nathan
[21-15-02.037] [DEBUG]: Loaded 131 static resources
[21-15-02.052] [DEBUG]: Loaded 16 static folders
[21-15-02.061] [DEBUG]: Found prop file: props\propkeys.ini
[21-15-02.061] [DEBUG]: Found prop file: props\props.ini
[21-15-02.072] [PROP LOADED]: [key = map_quest_api_key]
[21-15-02.072] [PROP LOADED]: [key = youtube_api_3_key]
[21-15-02.072] [PROP LOADED]: [key = ip_key]
[21-15-02.072] [PROP LOADED]: [key = weather_key]
[21-15-02.073] [PROP LOADED]: [key = debug_hash_name, value = Nathan]
[21-15-02.073] [PROP LOADED]: [key = debug_hash_password, value = 571b100a3b69f7b09828c0b61d325b15e52c512c14fdcf6d248f7c
               a733d0a7f6]
[21-15-02.074] [PROP LOADED]: [key = default_weather_location, value = Austin,Tx,USA]
[21-15-02.074] [PROP LOADED]: [key = ignore_data, value = typinganimation,showseconds,roundedwindows,windowcolor
               ,audiolength,capsmode,typingsound,showbusyicon,clockonconsole,consoleclockformat]
[21-15-02.074] [PROP LOADED]: [key = font_metric, value = 1]
[21-15-02.074] [PROP LOADED]: [key = max_font_size, value = 50]
[21-15-02.074] [PROP LOADED]: [key = min_font_size, value = 25]
[21-15-02.074] [PROP LOADED]: [key = released, value = false]
[21-15-02.074] [PROP LOADED]: [key = version, value = Liminal]
[21-15-02.075] [PROP LOADED]: [key = release_date, value = 22.7.4]
[21-15-02.075] [PROP LOADED]: [key = components_relocatable, value = false]
[21-15-02.075] [PROP LOADED]: [key = testing_mode, value = true]
[21-15-02.075] [PROP LOADED]: [key = autocypher, value = true]
[21-15-02.075] [PROP LOADED]: [key = dispose_splash, value = true]
[21-15-02.075] [PROP LOADED]: [key = wipe_logs_on_start, value = false]
[21-15-02.075] [PROP LOADED]: [key = activate_watchdog, value = false]
[21-15-02.075] [PROP LOADED]: [key = ffmpeg_audio_output_format, value = mp3]
[21-15-02.075] [PROP LOADED]: [key = printing_animation_char_timeout, value = 8]
[21-15-02.075] [PROP LOADED]: [key = printing_animation_line_timeout, value = 100]
[21-15-02.075] [PROP LOADED]: [key = ui_scale, value = 1]
[21-15-02.075] [PROP LOADED]: [key = auto_trigger_similar_commands, value = true]
[21-15-02.075] [PROP LOADED]: [key = auto_trigger_similar_command_tolerance, value = 0.95]
[21-15-02.075] [PROP LOADED]: [key = latency_ip, value = 172.217.4.78]
[21-15-02.075] [PROP LOADED]: [key = latency_port, value = 80]
[21-15-02.075] [PROP LOADED]: [key = latency_name, value = Google]
[21-15-02.076] [PROP LOADED]: [key = props_reloadable, value = false]
[21-15-02.079] [DEBUG]: Jar mode set as: FALSE
[21-15-02.128] [THREAD STARTED]: Object Creation Logger
[21-15-02.564] [DEBUG]: Watchdog skipped
[21-15-02.570] [LOADING MESSAGE]: Registering fonts
[21-15-02.947] [FONT LOADED]: agency-fb
[21-15-02.949] [FONT LOADED]: arial-black
[21-15-02.951] [FONT LOADED]: beyno
[21-15-02.953] [FONT LOADED]: condiment-regular
[21-15-02.954] [FONT LOADED]: prompt-bold
[21-15-02.956] [FONT LOADED]: segoe-ui-black
[21-15-02.957] [FONT LOADED]: tahoma
[21-15-02.958] [LOADING MESSAGE]: Ensuring singular instance
[21-15-02.961] [THREAD STARTED]: Singular Cyder Instance Ensurer
[21-15-02.963] [DEBUG]: Starting instance socket on port 5150
[21-15-03.466] [LOADING MESSAGE]: Ensuring OS is supported
[21-15-03.467] [LOADING MESSAGE]: Creating dynamics
[21-15-03.468] [SYSTEM IO]: Requested deletion of: C:\Users\Nathan\Documents\IntelliJava\Cyder\dynamic\tmp
[21-15-03.486] [LOADING MESSAGE]: Validating users
[21-15-03.596] [USER GET]: key = name, value = Nathan
[21-15-03.597] [USER GET]: key = foreground, value = f0f0f0
[21-15-03.597] [USER GET]: key = Font, value = Agency FB
[21-15-03.597] [USER GET]: key = background, value = 0f0f0f
[21-15-03.598] [USER GET]: key = mappedexecutable, value = []
[21-15-03.630] [USER GET]: key = screenstat, value = ScreenStat{consoleX=127, consoleY=199, consoleWidth=1000,
               consoleHeight=1000, monitor=0, consoleOnTop=false, consoleDirection=BOTTOM}
[21-15-03.631] [USER GET]: key = loggedin, value = 1
[21-15-03.632] [USER GET]: key = fontsize, value = 27
[21-15-03.632] [USER GET]: key = debugwindows, value = 0
[21-15-03.633] [USER GET]: key = outputborder, value = 0
[21-15-03.633] [USER GET]: key = inputborder, value = 0
[21-15-03.634] [USER GET]: key = hourlychimes, value = 1
[21-15-03.635] [USER GET]: key = intromusic, value = 0
[21-15-03.635] [USER GET]: key = pass, value = 1b0a051deaadc2e793bfe185cd81a74b9c56f75bd713f28507d1abd99332a28
[21-15-03.636] [USER GET]: key = wrapshell, value = 1
[21-15-03.636] [USER GET]: key = fullscreen, value = 0
[21-15-03.636] [USER GET]: key = minimizeonclose, value = 0
[21-15-03.637] [USER GET]: key = laststart, value = 1661998397903
[21-15-03.637] [USER GET]: key = darkmode, value = 0
[21-15-03.638] [USER GET]: key = youtubeuuid, value = aaaaaaaaaiI
[21-15-03.638] [USER GET]: key = outputfill, value = 0
[21-15-03.639] [USER GET]: key = inputfill, value = 0
[21-15-03.639] [USER GET]: key = silenceerrors, value = 1
[21-15-03.640] [USER GET]: key = filterchat, value = 0
[21-15-03.640] [USER GET]: key = compacttextmode, value = 0
[21-15-03.641] [USER GET]: key = doanimations, value = 1
[21-15-03.641] [USER GET]: key = persistentnotifications, value = 0
[21-15-03.642] [USER GET]: key = randombackground, value = 0
[21-15-03.644] [USER GET]: key = mappedexecutable, value = []
[21-15-03.645] [USER GET]: key = screenstat, value = ScreenStat{consoleX=127, consoleY=199, consoleWidth=1000,
               consoleHeight=1000, monitor=0, consoleOnTop=false, consoleDirection=BOTTOM}
[21-15-03.654] [USER GET]: key = name, value = Nathan
[21-15-03.654] [LOADING MESSAGE]: Cleaning users
[21-15-03.656] [LOADING MESSAGE]: Validating props
[21-15-03.762] [LOADING MESSAGE]: Validating Widgets
[21-15-04.048] [LOADING MESSAGE]: Validating Tests
[21-15-04.051] [LOADING MESSAGE]: Validating Vanilla annotations
[21-15-04.061] [LOADING MESSAGE]: Validating Handles
[21-15-04.072] [THREAD STARTED]: Splash Loader
[21-15-04.073] [THREAD STARTED]: Sufficient Subroutine Executor
[21-15-04.074] [LOADING MESSAGE]: Logging JVM args
[21-15-04.075] [THREAD STARTED]: JVM Args Logger
[21-15-04.081] [DEBUG]: Set latency ip as 172.217.4.78
[21-15-04.083] [DEBUG]: Set latency port as 80
[21-15-04.085] [DEBUG]: Set latency host name as Google
[21-15-04.088] [LOADING MESSAGE]: Checking for an AutoCypher
[21-15-04.090] [LOGIN]: AutoCypher Attempt
[21-15-04.090] [LOADING MESSAGE]: Auto Cyphering
[21-15-04.093] [USER GET]: key = name, value = Nathan [2x]
[21-15-04.127] [USER GET]: key = pass, value = 1b0a051deaadc2e793bfe185cd81a74b9c56f75bd713f28507d1abd99332a28
[21-15-04.333] [USER GET]: key = darkmode, value = 0 [2x]
[21-15-04.370] [THREAD STARTED]: Splash Animation
[21-15-04.528] [UNIQUE OBJECT CREATED]: Console singleton constructed
[21-15-04.530] [USER GET]: key = name, value = Nathan
[21-15-04.679] [DEBUG]: Cyder Entry = AutoCypher
[21-15-04.681] [THREAD STARTED]: High Ping Checker
[21-15-04.723] [DEBUG]: Latency of Google found to be 40ms
[21-15-04.738] [USER GET]: key = name, value = Nathan
[21-15-04.739] [USER GET]: key = randombackground, value = 0
[21-15-04.790] [USER GET]: key = fullscreen, value = 0 [3x]
[21-15-04.790] [USER GET]: key = name, value = Nathan
[21-15-04.820] [USER GET]: key = foreground, value = f0f0f0 [3x]
[21-15-04.821] [USER GET]: key = Font, value = Agency FB
[21-15-04.822] [USER GET]: key = fontsize, value = 27
[21-15-04.840] [USER GET]: key = outputborder, value = 0
[21-15-04.841] [USER GET]: key = outputfill, value = 0
[21-15-04.859] [USER GET]: key = inputborder, value = 0
[21-15-04.863] [USER GET]: key = foreground, value = f0f0f0 [3x]
[21-15-04.864] [USER GET]: key = Font, value = Agency FB
[21-15-04.864] [USER GET]: key = fontsize, value = 27
[21-15-04.866] [USER GET]: key = inputfill, value = 0
[21-15-04.951] [THREAD STARTED]: Hourly Chime Checker
[21-15-04.955] [THREAD STARTED]: Console Clock Updater
[21-15-04.956] [THREAD STARTED]: Cyder Busy Checker
[21-15-04.959] [THREAD STARTED]: [Cyder Splash] dispose() animation thread
[21-15-04.961] [USER GET]: key = fullscreen, value = 0
[21-15-04.962] [USER GET]: key = screenstat, value = ScreenStat{consoleX=127, consoleY=199, consoleWidth=1000,
               consoleHeight=1000, monitor=0, consoleOnTop=false, consoleDirection=BOTTOM}
[21-15-04.964] [UI]: CyderFrame disposed with fastclose=true, getTitle=Cyder Splash
[21-15-05.090] [THREAD STARTED]: Console Printing Animation
[21-15-05.091] [CONSOLE OUT]: [STRING]: Console loaded in 3s 164ms
[21-15-05.132] [OBJECT CREATION]: Objects created since last delta (5000ms): 107
[21-15-05.136] [USER GET]: key = debugwindows, value = 0
[21-15-05.138] [CONSOLE LOADED]: [Nathan] [TESTING MODE]
[21-15-05.140] [THREAD STARTED]: Manual Tests Thread
[21-15-05.141] [USER GET]: key = laststart, value = 1661998397903
[21-15-05.142] [USER GET]: key = intromusic, value = 0
[21-15-06.185] [THREAD STARTED]: Liminal Cyder [Nathan] Opacity Decrement Animator
[21-15-06.630] [USER GET]: key = screenstat, value = ScreenStat{consoleX=127, consoleY=199, consoleWidth=1000,
               consoleHeight=1000, monitor=0, consoleOnTop=false, consoleDirection=BOTTOM}
[21-15-06.643] [SYSTEM IO]: [JSON WRITE] [Levenshtein = 13] User was written to file: 7d7ebb00-81fe-329f-8a78-62f463d0b7
               da\Userdata.json
[21-15-06.661] [USER GET]: key = name, value = Nathan
[21-15-06.662] [USER GET]: key = foreground, value = f0f0f0
[21-15-06.663] [USER GET]: key = Font, value = Agency FB
[21-15-06.664] [USER GET]: key = background, value = 0f0f0f
[21-15-06.664] [USER GET]: key = mappedexecutable, value = []
[21-15-06.665] [USER GET]: key = screenstat, value = ScreenStat{consoleX=1310, consoleY=273, consoleWidth=1000,
               consoleHeight=1000, monitor=0, consoleOnTop=false, consoleDirection=BOTTOM}
[21-15-06.666] [USER GET]: key = loggedin, value = 1
[21-15-06.667] [USER GET]: key = fontsize, value = 27
[21-15-06.668] [USER GET]: key = debugwindows, value = 0
[21-15-06.670] [USER GET]: key = outputborder, value = 0
[21-15-06.671] [USER GET]: key = inputborder, value = 0
[21-15-06.672] [USER GET]: key = hourlychimes, value = 1
[21-15-06.673] [USER GET]: key = intromusic, value = 0
[21-15-06.674] [USER GET]: key = pass, value = 1b0a051deaadc2e793bfe185cd81a74b9c56f75bd713f28507d1abd99332a28
[21-15-06.674] [USER GET]: key = wrapshell, value = 1
[21-15-06.675] [USER GET]: key = fullscreen, value = 0
[21-15-06.676] [USER GET]: key = minimizeonclose, value = 0
[21-15-06.677] [USER GET]: key = laststart, value = 1661998505142
[21-15-06.677] [USER GET]: key = darkmode, value = 0
[21-15-06.678] [USER GET]: key = youtubeuuid, value = aaaaaaaaaiI
[21-15-06.679] [USER GET]: key = outputfill, value = 0
[21-15-06.680] [USER GET]: key = inputfill, value = 0
[21-15-06.680] [USER GET]: key = silenceerrors, value = 1
[21-15-06.681] [USER GET]: key = filterchat, value = 0
[21-15-06.682] [USER GET]: key = compacttextmode, value = 0
[21-15-06.682] [USER GET]: key = doanimations, value = 1
[21-15-06.683] [USER GET]: key = persistentnotifications, value = 0
[21-15-06.683] [USER GET]: key = randombackground, value = 0
[21-15-06.684] [USER GET]: key = mappedexecutable, value = []
[21-15-06.686] [USER GET]: key = screenstat, value = ScreenStat{consoleX=1310, consoleY=273, consoleWidth=1000,
               consoleHeight=1000, monitor=0, consoleOnTop=false, consoleDirection=BOTTOM}
[21-15-06.700] [SYSTEM IO]: Requested deletion of: C:\Users\Nathan\Documents\IntelliJava\Cyder\dynamic\backup\7d7ebb00
               -81fe-329f-8a78-62f463d0b7da_1661998469165.json
[21-15-06.702] [THREAD STARTED]: Liminal Cyder [Nathan] Opacity Increment Animator
[21-15-06.758] [THREAD STARTED]: Splash Loading Label Updater
[21-15-09.678] [USER GET]: key = fullscreen, value = 0 [3x]
[21-15-10.137] [OBJECT CREATION]: Objects created since last delta (5000ms): 5
[21-15-17.576] [USER GET]: key = fullscreen, value = 0 [8x]
[21-15-19.011] [THREAD STARTED]: Liminal Cyder [Nathan] Opacity Decrement Animator
[21-15-19.459] [USER GET]: key = screenstat, value = ScreenStat{consoleX=1310, consoleY=273, consoleWidth=1000,
               consoleHeight=1000, monitor=0, consoleOnTop=false, consoleDirection=BOTTOM}
[21-15-19.467] [SYSTEM IO]: [JSON WRITE] [Levenshtein = 18] User was written to file: 7d7ebb00-81fe-329f-8a78-62f463d0b7
               da\Userdata.json
[21-15-19.472] [USER GET]: key = name, value = Nathan
[21-15-19.473] [USER GET]: key = foreground, value = f0f0f0
[21-15-19.473] [USER GET]: key = Font, value = Agency FB
[21-15-19.474] [USER GET]: key = background, value = 0f0f0f
[21-15-19.474] [USER GET]: key = mappedexecutable, value = []
[21-15-19.474] [USER GET]: key = screenstat, value = ScreenStat{consoleX=326, consoleY=413, consoleWidth=776, consoleHeight=777,
               monitor=0, consoleOnTop=false, consoleDirection=LEFT}
[21-15-19.475] [USER GET]: key = loggedin, value = 1
[21-15-19.475] [USER GET]: key = fontsize, value = 27
[21-15-19.476] [USER GET]: key = debugwindows, value = 0
[21-15-19.476] [USER GET]: key = outputborder, value = 0
[21-15-19.476] [USER GET]: key = inputborder, value = 0
[21-15-19.477] [USER GET]: key = hourlychimes, value = 1
[21-15-19.477] [USER GET]: key = intromusic, value = 0
[21-15-19.477] [USER GET]: key = pass, value = 1b0a051deaadc2e793bfe185cd81a74b9c56f75bd713f28507d1abd99332a28
[21-15-19.478] [USER GET]: key = wrapshell, value = 1
[21-15-19.478] [USER GET]: key = fullscreen, value = 0
[21-15-19.479] [USER GET]: key = minimizeonclose, value = 0
[21-15-19.480] [USER GET]: key = laststart, value = 1661998505142
[21-15-19.481] [USER GET]: key = darkmode, value = 0
[21-15-19.481] [USER GET]: key = youtubeuuid, value = aaaaaaaaaiI
[21-15-19.481] [USER GET]: key = outputfill, value = 0
[21-15-19.482] [USER GET]: key = inputfill, value = 0
[21-15-19.482] [USER GET]: key = silenceerrors, value = 1
[21-15-19.483] [USER GET]: key = filterchat, value = 0
[21-15-19.483] [USER GET]: key = compacttextmode, value = 0
[21-15-19.483] [USER GET]: key = doanimations, value = 1
[21-15-19.484] [USER GET]: key = persistentnotifications, value = 0
[21-15-19.484] [USER GET]: key = randombackground, value = 0
[21-15-19.484] [USER GET]: key = mappedexecutable, value = []
[21-15-19.485] [USER GET]: key = screenstat, value = ScreenStat{consoleX=326, consoleY=413, consoleWidth=776, consoleHeight=777,
               monitor=0, consoleOnTop=false, consoleDirection=LEFT}
[21-15-19.488] [SYSTEM IO]: Requested deletion of: C:\Users\Nathan\Documents\IntelliJava\Cyder\dynamic\backup\7d7ebb00
               -81fe-329f-8a78-62f463d0b7da_1661998506689.json
[21-15-19.489] [THREAD STARTED]: Liminal Cyder [Nathan] Opacity Increment Animator
[21-15-20.162] [OBJECT CREATION]: Objects created since last delta (5000ms): 3
[21-15-34.855] [THREAD STARTED]: Liminal Cyder [Nathan] Opacity Decrement Animator
[21-15-36.140] [USER GET]: key = screenstat, value = ScreenStat{consoleX=326, consoleY=413, consoleWidth=776, consoleHeight=777,
               monitor=0, consoleOnTop=false, consoleDirection=LEFT}
[21-15-36.147] [SYSTEM IO]: [JSON WRITE] [Levenshtein = 7] User was written to file: 7d7ebb00-81fe-329f-8a78-62f463d0b7d
               a\Userdata.json
[21-15-36.152] [USER GET]: key = name, value = Nathan
[21-15-36.153] [USER GET]: key = foreground, value = f0f0f0
[21-15-36.153] [USER GET]: key = Font, value = Agency FB
[21-15-36.153] [USER GET]: key = background, value = 0f0f0f
[21-15-36.154] [USER GET]: key = mappedexecutable, value = []
[21-15-36.154] [USER GET]: key = screenstat, value = ScreenStat{consoleX=1559, consoleY=399, consoleWidth=776,
               consoleHeight=777, monitor=0, consoleOnTop=false, consoleDirection=LEFT}
[21-15-36.154] [USER GET]: key = loggedin, value = 1
[21-15-36.154] [USER GET]: key = fontsize, value = 27
[21-15-36.155] [USER GET]: key = debugwindows, value = 0
[21-15-36.155] [USER GET]: key = outputborder, value = 0
[21-15-36.155] [USER GET]: key = inputborder, value = 0
[21-15-36.156] [USER GET]: key = hourlychimes, value = 1
[21-15-36.156] [USER GET]: key = intromusic, value = 0
[21-15-36.156] [USER GET]: key = pass, value = 1b0a051deaadc2e793bfe185cd81a74b9c56f75bd713f28507d1abd99332a28
[21-15-36.157] [USER GET]: key = wrapshell, value = 1
[21-15-36.157] [USER GET]: key = fullscreen, value = 0
[21-15-36.158] [USER GET]: key = minimizeonclose, value = 0
[21-15-36.158] [USER GET]: key = laststart, value = 1661998505142
[21-15-36.159] [USER GET]: key = darkmode, value = 0
[21-15-36.160] [USER GET]: key = youtubeuuid, value = aaaaaaaaaiI
[21-15-36.161] [USER GET]: key = outputfill, value = 0
[21-15-36.161] [USER GET]: key = inputfill, value = 0
[21-15-36.162] [USER GET]: key = silenceerrors, value = 1
[21-15-36.162] [USER GET]: key = filterchat, value = 0
[21-15-36.163] [USER GET]: key = compacttextmode, value = 0
[21-15-36.163] [USER GET]: key = doanimations, value = 1
[21-15-36.163] [USER GET]: key = persistentnotifications, value = 0
[21-15-36.164] [USER GET]: key = randombackground, value = 0
[21-15-36.164] [USER GET]: key = mappedexecutable, value = []
[21-15-36.165] [USER GET]: key = screenstat, value = ScreenStat{consoleX=1559, consoleY=399, consoleWidth=776,
               consoleHeight=777, monitor=0, consoleOnTop=false, consoleDirection=LEFT}
[21-15-36.167] [SYSTEM IO]: Requested deletion of: C:\Users\Nathan\Documents\IntelliJava\Cyder\dynamic\backup\7d7ebb00
               -81fe-329f-8a78-62f463d0b7da_1661998519486.json
[21-15-36.168] [THREAD STARTED]: Liminal Cyder [Nathan] Opacity Increment Animator
[21-15-38.353] [USER GET]: key = fullscreen, value = 0 [2x]
[21-15-40.200] [OBJECT CREATION]: Objects created since last delta (5000ms): 3
[21-15-40.514] [UI]: cyder.ui.CyderDragLabel$4@4827b64b
[21-15-41.853] [USER GET]: key = minimizeonclose, value = 0
[21-15-41.854] [USER GET]: key = screenstat, value = ScreenStat{consoleX=1559, consoleY=399, consoleWidth=776,
               consoleHeight=777, monitor=0, consoleOnTop=false, consoleDirection=LEFT}
[21-15-41.860] [USER GET]: key = fullscreen, value = 0
[21-15-41.860] [THREAD STARTED]: [Liminal Cyder [Nathan]] dispose() animation thread
[21-15-41.861] [UI]: CyderFrame disposed with fastclose=false, getTitle=Liminal Cyder [Nathan]
[21-15-41.862] [USER GET]: key = doanimations, value = 1
[21-15-42.079] [EXIT]: [RUNTIME] 40s 78ms
[21-15-42.082] [EOL]: Log completed, exiting Cyder with exit code: 0 [Genesis Controlled Exit], no exceptions thrown,
               total objects created: 118
