[17-52-23] [ENTRY]: [Nathan]
[17-52-23] [THREAD STARTED]: Singular Cyder Instance Ensurer
[17-52-24] [THREAD STARTED]: Splash Loader
[17-52-24] [THREAD STARTED]: Splash Animation
[17-52-24] [THREAD STARTED]: Cyder Start Secondary Subroutines
[17-52-24] [LOGIN]: [AUTOCYPHER ATTEMPT]
[17-52-24] [JAVA ARGS]: [LOCATION] [La casa de Nathan]
[17-52-24] [ACTION]: Requested deletion of: C:\Users\Nathan\Documents\IntelliJava\Cyder\dynamic\tmp
[17-52-24] [ACTION]: [DELETION FAILED] C:\Users\Nathan\Documents\IntelliJava\Cyder\dynamic\tmp
[17-52-24] [SYSTEM_IO]: [User Write] User was written to file: 7d7ebb00-81fe-329f-8a78-62f463d0b7da\Userdata.json [4x]
[17-52-24] [LOGIN]: [[AUTOCYPHER PASS]: 7d7ebb00-81fe-329f-8a78-62f463d0b7da]
[17-52-24] [SYSTEM_IO]: [User Write] User was written to file: 7d7ebb00-81fe-329f-8a78-62f463d0b7da\Userdata.json
[17-52-24] [SYSTEM_IO]: Userdata requested: RandomBackground
[17-52-24] [SYSTEM_IO]: Userdata requested: FullScreen
[17-52-25] [SYSTEM_IO]: Userdata requested: fullscreen
[17-52-25] [SYSTEM_IO]: Userdata requested: FullScreen [2x]
[17-52-25] [THREAD STARTED]: Console Printing Animation
[17-52-25] [SYSTEM_IO]: Userdata requested: OutputBorder
[17-52-25] [SYSTEM_IO]: Userdata requested: FullScreen
[17-52-25] [SYSTEM_IO]: Userdata requested: InputBorder
[17-52-25] [THREAD STARTED]: Console Input Caret Position Updater
[17-52-25] [SYSTEM_IO]: Userdata requested: OutputFill
[17-52-25] [SYSTEM_IO]: Userdata requested: InputFill
[17-52-25] [THREAD STARTED]: High Ping Checker
[17-52-25] [THREAD STARTED]: Hourly Chime Checker
[17-52-25] [THREAD STARTED]: Console Clock Updater
[17-52-25] [THREAD STARTED]: Cyder Busy Checker
[17-52-25] [THREAD STARTED]: ConsoleFrame Data Saver
[17-52-25] [ACTION]: Console loaded in 2279ms
[17-52-25] [THREAD STARTED]: Component name = [cyder.ui.ConsoleFrame], bounds = [(571, 376, 996, 655)], hash = [1279740095], parentFrame = [Object itself is the top level frame], associated text = [No getText() method found], tooltip text = [No getTooltipText() method found], title = [Insomnia Cyder [Nathan]] notification queue checker
[17-52-25] [ACTION]: CyderFrame disposed with fastclose: true, CyderFrame: Component name = [cyder.ui.CyderFrame], bounds = [(980, 396, 600, 600)], hash = [284338046], parentFrame = [Object itself is the top level frame], associated text = [No getText() method found], tooltip text = [No getTooltipText() method found], title = [Cyder Splash]
[17-52-25] [THREAD STARTED]: Cyder Splash CyderFrame dispose thread
[17-52-25] [SYSTEM_IO]: Userdata requested: DebugWindows
[17-52-25] [ENTRY]: [TESTING MODE]
[17-52-25] [ACTION]: [Insomnia Cyder [Nathan]] [NOTIFICATION] Console loaded in 2279ms
[17-52-25] [THREAD STARTED]: notification appear animation
[17-52-25] [SYSTEM_IO]: Userdata requested: laststart
[17-52-25] [SYSTEM_IO]: [User Write] User was written to file: 7d7ebb00-81fe-329f-8a78-62f463d0b7da\Userdata.json
[17-52-25] [SYSTEM_IO]: Userdata requested: persistentnotifications
[17-52-25] [THREAD STARTED]: Notificaiton vanish animater 1231795496
[17-53-02] [SYSTEM_IO]: [User Write] User was written to file: 7d7ebb00-81fe-329f-8a78-62f463d0b7da\Userdata.json [10x]
[17-53-23] [EOL]: Log completed, Cyder crashed unexpectedly: exit code: -9 External Stop, exceptions thrown: 0
