[18-39-22] [ENTRY]: [Nathan]
[18-39-22] [THREAD STARTED]: Singular Cyder Instance Ensurer
[18-39-23] [THREAD STARTED]: Splash Loader
[18-39-23] [THREAD STARTED]: Splash Animation
[18-39-24] [THREAD STARTED]: Cyder Start Secondary Subroutines
[18-39-24] [LOGIN]: [AUTOCYPHER ATTEMPT]
[18-39-24] [JAVA ARGS]: [LOCATION] [La casa de Nathan]
[18-39-24] [ACTION]: Requested deletion of: C:\Users\Nathan\Documents\IntelliJava\Cyder\dynamic\tmp
[18-39-24] [ACTION]: [DELETION FAILED] C:\Users\Nathan\Documents\IntelliJava\Cyder\dynamic\tmp
[18-39-24] [SYSTEM_IO]: [User Write] User was written to file: 7d7ebb00-81fe-329f-8a78-62f463d0b7da\Userdata.json [4x]
[18-39-24] [LOGIN]: [[AUTOCYPHER PASS]: 7d7ebb00-81fe-329f-8a78-62f463d0b7da]
[18-39-24] [SYSTEM_IO]: [User Write] User was written to file: 7d7ebb00-81fe-329f-8a78-62f463d0b7da\Userdata.json
[18-39-24] [SYSTEM_IO]: Userdata requested: RandomBackground
[18-39-24] [SYSTEM_IO]: Userdata requested: FullScreen
[18-39-24] [SYSTEM_IO]: Userdata requested: fullscreen
[18-39-24] [SYSTEM_IO]: Userdata requested: FullScreen [2x]
[18-39-24] [THREAD STARTED]: Console Printing Animation
[18-39-24] [SYSTEM_IO]: Userdata requested: OutputBorder
[18-39-24] [SYSTEM_IO]: Userdata requested: FullScreen
[18-39-24] [SYSTEM_IO]: Userdata requested: InputBorder
[18-39-24] [THREAD STARTED]: Console Input Caret Position Updater
[18-39-24] [SYSTEM_IO]: Userdata requested: OutputFill
[18-39-24] [SYSTEM_IO]: Userdata requested: InputFill
[18-39-24] [THREAD STARTED]: High Ping Checker
[18-39-24] [THREAD STARTED]: Hourly Chime Checker
[18-39-24] [THREAD STARTED]: Console Clock Updater
[18-39-24] [THREAD STARTED]: Cyder Busy Checker
[18-39-24] [THREAD STARTED]: ConsoleFrame Data Saver
[18-39-24] [ACTION]: Console loaded in 2425ms
[18-39-24] [THREAD STARTED]: Component name = [cyder.ui.ConsoleFrame], bounds = [(1467, 282, 996, 655)], hash = [1279740095], parentFrame = [Object itself is the top level frame], associated text = [No getText() method found], tooltip text = [No getTooltipText() method found], title = [Insomnia Cyder [Nathan]] notification queue checker
[18-39-24] [ACTION]: CyderFrame disposed with fastclose: true, CyderFrame: Component name = [cyder.ui.CyderFrame], bounds = [(980, 396, 600, 600)], hash = [1607432620], parentFrame = [Object itself is the top level frame], associated text = [No getText() method found], tooltip text = [No getTooltipText() method found], title = [Cyder Splash]
[18-39-24] [THREAD STARTED]: Cyder Splash CyderFrame dispose thread
[18-39-24] [SYSTEM_IO]: Userdata requested: DebugWindows
[18-39-24] [ENTRY]: [TESTING MODE]
[18-39-25] [SYSTEM_IO]: Userdata requested: laststart
[18-39-25] [SYSTEM_IO]: [User Write] User was written to file: 7d7ebb00-81fe-329f-8a78-62f463d0b7da\Userdata.json
[18-39-25] [ACTION]: [Insomnia Cyder [Nathan]] [NOTIFICATION] Console loaded in 2425ms
[18-39-25] [THREAD STARTED]: notification appear animation
[18-39-25] [SYSTEM_IO]: Userdata requested: persistentnotifications
[18-39-25] [THREAD STARTED]: Notificaiton vanish animater 1181380878
[18-39-50] [SYSTEM_IO]: [User Write] User was written to file: 7d7ebb00-81fe-329f-8a78-62f463d0b7da\Userdata.json [7x]
[18-39-52] [ACTION]: Component name = [cyder.ui.DragLabel], bounds = [(2, 2, 796, 28)], hash = [-14299213], parentFrame = [Paint Controls], associated text = [No getText() method found], tooltip text = [No getTooltipText() method found], title = [No getTitle() method found]
[18-39-52] [ACTION]: CyderFrame disposed with fastclose: false, CyderFrame: Component name = [cyder.ui.CyderFrame], bounds = [(821, 490, 800, 200)], hash = [1624313035], parentFrame = [Object itself is the top level frame], associated text = [No getText() method found], tooltip text = [No getTooltipText() method found], title = [Paint Controls]
[18-39-52] [THREAD STARTED]: Paint Controls CyderFrame dispose thread
[18-39-52] [SYSTEM_IO]: Userdata requested: closeanimation
[18-41-43] [SYSTEM_IO]: [User Write] User was written to file: 7d7ebb00-81fe-329f-8a78-62f463d0b7da\Userdata.json [29x]
[18-42-04] [EOL]: Log completed, Cyder crashed unexpectedly: exit code: -9 External Stop, exceptions thrown: 0
