[19-34-51] [ENTRY]: [Nathan]
[19-34-51] [THREAD STARTED]: Singular Cyder Instance Ensurer
[19-34-52] [THREAD STARTED]: Splash Loader
[19-34-52] [THREAD STARTED]: Splash Animation
[19-34-53] [THREAD STARTED]: Cyder Start Secondary Subroutines
[19-34-53] [LOGIN]: [AUTOCYPHER ATTEMPT]
[19-34-53] [JAVA ARGS]: [LOCATION] [La casa de Nathan]
[19-34-53] [ACTION]: Requested deletion of: C:\Users\Nathan\Documents\IntelliJava\Cyder\dynamic\tmp
[19-34-53] [ACTION]: [DELETION FAILED] C:\Users\Nathan\Documents\IntelliJava\Cyder\dynamic\tmp
[19-34-53] [SYSTEM_IO]: [User Write] User was written to file: 7d7ebb00-81fe-329f-8a78-62f463d0b7da\Userdata.json [4x]
[19-34-54] [LOGIN]: [[AUTOCYPHER PASS]: 7d7ebb00-81fe-329f-8a78-62f463d0b7da]
[19-34-54] [SYSTEM_IO]: [User Write] User was written to file: 7d7ebb00-81fe-329f-8a78-62f463d0b7da\Userdata.json
[19-34-54] [SYSTEM_IO]: Userdata requested: RandomBackground
[19-34-54] [SYSTEM_IO]: Userdata requested: FullScreen
[19-34-54] [SYSTEM_IO]: Userdata requested: fullscreen
[19-34-54] [SYSTEM_IO]: Userdata requested: FullScreen [2x]
[19-34-54] [THREAD STARTED]: Console Printing Animation
[19-34-54] [SYSTEM_IO]: Userdata requested: OutputBorder
[19-34-54] [SYSTEM_IO]: Userdata requested: FullScreen
[19-34-54] [SYSTEM_IO]: Userdata requested: InputBorder
[19-34-54] [THREAD STARTED]: Console Input Caret Position Updater
[19-34-54] [SYSTEM_IO]: Userdata requested: OutputFill
[19-34-54] [SYSTEM_IO]: Userdata requested: InputFill
[19-34-54] [THREAD STARTED]: High Ping Checker
[19-34-54] [THREAD STARTED]: Hourly Chime Checker
[19-34-54] [THREAD STARTED]: Console Clock Updater
[19-34-54] [THREAD STARTED]: Cyder Busy Checker
[19-34-54] [THREAD STARTED]: ConsoleFrame Data Saver
[19-34-54] [ACTION]: Console loaded in 4001ms
[19-34-54] [SYSTEM_IO]: Userdata requested: DebugWindows
[19-34-54] [ENTRY]: [TESTING MODE]
[19-34-54] [THREAD STARTED]: Component name = [cyder.ui.ConsoleFrame], bounds = [(1488, 315, 996, 655)], hash = [1279740095], parentFrame = [Object itself is the top level frame], associated text = [No getText() method found], tooltip text = [No getTooltipText() method found], title = [Insomnia Cyder [Nathan]] notification queue checker
[19-34-54] [ACTION]: CyderFrame disposed with fastclose: true, CyderFrame: Component name = [cyder.ui.CyderFrame], bounds = [(980, 396, 600, 600)], hash = [563817872], parentFrame = [Object itself is the top level frame], associated text = [No getText() method found], tooltip text = [No getTooltipText() method found], title = [Cyder Splash]
[19-34-54] [THREAD STARTED]: Cyder Splash CyderFrame dispose thread
[19-34-55] [ACTION]: [Insomnia Cyder [Nathan]] [NOTIFICATION] Console loaded in 4001ms
[19-34-55] [THREAD STARTED]: notification appear animation
[19-34-55] [SYSTEM_IO]: Userdata requested: laststart
[19-34-55] [SYSTEM_IO]: [User Write] User was written to file: 7d7ebb00-81fe-329f-8a78-62f463d0b7da\Userdata.json
[19-34-55] [SYSTEM_IO]: Userdata requested: persistentnotifications
[19-34-55] [THREAD STARTED]: Notificaiton vanish animater 1685266241
[19-35-05] [SYSTEM_IO]: [User Write] User was written to file: 7d7ebb00-81fe-329f-8a78-62f463d0b7da\Userdata.json [3x]
[19-35-05] [SYSTEM_IO]: Userdata requested: minimizeonclose
[19-35-05] [SYSTEM_IO]: [User Write] User was written to file: 7d7ebb00-81fe-329f-8a78-62f463d0b7da\Userdata.json
[19-35-05] [ACTION]: CyderFrame disposed with fastclose: false, CyderFrame: Component name = [cyder.ui.ConsoleFrame], bounds = [(1488, 315, 996, 655)], hash = [1279740095], parentFrame = [Object itself is the top level frame], associated text = [No getText() method found], tooltip text = [No getTooltipText() method found], title = [Insomnia Cyder [Nathan]]
[19-35-05] [THREAD STARTED]: Insomnia Cyder [Nathan] CyderFrame dispose thread
[19-35-05] [SYSTEM_IO]: Userdata requested: closeanimation
[19-35-05] [EXIT]: [RUNTIME] 14s
[19-35-05] [EOL]: Log completed, exiting Cyder with exit code: 0 [Genesis Controlled Exit], exceptions thrown: 0
