[23-28-12] [ENTRY]: [Nathan]
[23-28-13] [THREAD STARTED]: Singular Cyder Instance Ensurer
[23-28-13] [THREAD STARTED]: Splash Loader
[23-28-13] [THREAD STARTED]: Splash Animation
[23-28-14] [THREAD STARTED]: Cyder Start Secondary Subroutines
[23-28-14] [LOGIN]: [AUTOCYPHER ATTEMPT]
[23-28-14] [JAVA ARGS]: [LOCATION] [La casa de Nathan]
[23-28-14] [ACTION]: Requested deletion of: C:\Users\Nathan\Documents\IntelliJava\Cyder\dynamic\tmp
[23-28-14] [ACTION]: [DELETION FAILED] C:\Users\Nathan\Documents\IntelliJava\Cyder\dynamic\tmp
[23-28-14] [SYSTEM_IO]: [User Write] User was written to file: 7d7ebb00-81fe-329f-8a78-62f463d0b7da\Userdata.json [4x]
[23-28-14] [LOGIN]: [[AUTOCYPHER PASS]: 7d7ebb00-81fe-329f-8a78-62f463d0b7da]
[23-28-14] [SYSTEM_IO]: [User Write] User was written to file: 7d7ebb00-81fe-329f-8a78-62f463d0b7da\Userdata.json
[23-28-14] [SYSTEM_IO]: Userdata requested: RandomBackground
[23-28-14] [SYSTEM_IO]: Userdata requested: FullScreen
[23-28-15] [SYSTEM_IO]: Userdata requested: fullscreen
[23-28-15] [SYSTEM_IO]: Userdata requested: FullScreen [2x]
[23-28-15] [THREAD STARTED]: Console Printing Animation
[23-28-15] [SYSTEM_IO]: Userdata requested: OutputBorder
[23-28-15] [SYSTEM_IO]: Userdata requested: FullScreen
[23-28-15] [SYSTEM_IO]: Userdata requested: InputBorder
[23-28-15] [THREAD STARTED]: Console Input Caret Position Updater
[23-28-15] [SYSTEM_IO]: Userdata requested: OutputFill
[23-28-15] [SYSTEM_IO]: Userdata requested: InputFill
[23-28-15] [THREAD STARTED]: High Ping Checker
[23-28-15] [THREAD STARTED]: Hourly Chime Checker
[23-28-15] [THREAD STARTED]: Console Clock Updater
[23-28-15] [THREAD STARTED]: Cyder Busy Checker
[23-28-15] [THREAD STARTED]: ConsoleFrame Data Saver
[23-28-15] [ACTION]: Console loaded in 3125ms
[23-28-15] [SYSTEM_IO]: Userdata requested: DebugWindows
[23-28-15] [ENTRY]: [TESTING MODE]
[23-28-15] [THREAD STARTED]: Component name = [cyder.ui.ConsoleFrame], bounds = [(1463, 315, 887, 655)], hash = [2117099736], parentFrame = [Object itself is the top level frame], associated text = [No getText() method found], tooltip text = [No getTooltipText() method found], title = [Insomnia Cyder [Nathan]] notification queue checker
[23-28-15] [ACTION]: CyderFrame disposed with fastclose: true, CyderFrame: Component name = [cyder.ui.CyderFrame], bounds = [(980, 396, 600, 600)], hash = [891774266], parentFrame = [Object itself is the top level frame], associated text = [No getText() method found], tooltip text = [No getTooltipText() method found], title = [Cyder Splash]
[23-28-15] [THREAD STARTED]: Cyder Splash CyderFrame dispose thread
[23-28-15] [ACTION]: [Insomnia Cyder [Nathan]] [NOTIFICATION] Console loaded in 3125ms
[23-28-15] [THREAD STARTED]: notification appear animation
[23-28-15] [SYSTEM_IO]: Userdata requested: laststart
[23-28-15] [SYSTEM_IO]: [User Write] User was written to file: 7d7ebb00-81fe-329f-8a78-62f463d0b7da\Userdata.json
[23-28-15] [SYSTEM_IO]: Userdata requested: persistentnotifications
[23-28-15] [THREAD STARTED]: Notificaiton vanish animater -1226159069
[23-28-33] [SYSTEM_IO]: [User Write] User was written to file: 7d7ebb00-81fe-329f-8a78-62f463d0b7da\Userdata.json [5x]
[23-28-35] [SYSTEM_IO]: Userdata requested: minimizeonclose
[23-28-35] [SYSTEM_IO]: [User Write] User was written to file: 7d7ebb00-81fe-329f-8a78-62f463d0b7da\Userdata.json
[23-28-35] [ACTION]: CyderFrame disposed with fastclose: false, CyderFrame: Component name = [cyder.ui.ConsoleFrame], bounds = [(1463, 315, 1017, 655)], hash = [2117099736], parentFrame = [Object itself is the top level frame], associated text = [No getText() method found], tooltip text = [No getTooltipText() method found], title = [Insomnia Cyder [Nathan]]
[23-28-35] [THREAD STARTED]: Insomnia Cyder [Nathan] CyderFrame dispose thread
[23-28-35] [SYSTEM_IO]: Userdata requested: closeanimation
[23-28-35] [EXIT]: [RUNTIME] 22s
[23-28-35] [EOL]: Log completed, exiting Cyder with exit code: 0 [Genesis Controlled Exit], exceptions thrown: 0
