[17-54-35] [ENTRY]: [Nathan]
[17-54-35] [SYSTEM_IO]: System data pared in IOUtil's static block
[17-54-37] [LOGIN]: [AUTOCYPHER ATTEMPT]
[17-54-37] [JAVA ARGS]: [LOCATION] [La casa de Nathan]
[17-54-37] [LOGIN]: [AUTOCYPHER PASS, e5a50641-21d1-3654-b738-c0e4b2dc61b1]
[17-54-37] [SYSTEM_IO]: Userdata requested: Name
[17-54-38] [SYSTEM_IO]: Userdata requested: RandomBackground
[17-54-38] [SYSTEM_IO]: Userdata requested: FullScreen
[17-54-38] [SYSTEM_IO]: Userdata requested: Name
[17-54-38] [SYSTEM_IO]: Userdata requested: Foreground
[17-54-38] [SYSTEM_IO]: Userdata requested: Foreground
[17-54-38] [SYSTEM_IO]: Userdata requested: FullScreen
[17-54-38] [SYSTEM_IO]: Userdata requested: FullScreen
[17-54-38] [SYSTEM_IO]: Userdata requested: Foreground
[17-54-38] [SYSTEM_IO]: Userdata requested: Font
[17-54-38] [SYSTEM_IO]: Userdata requested: OutputBorder
[17-54-38] [SYSTEM_IO]: Userdata requested: FullScreen
[17-54-38] [SYSTEM_IO]: Userdata requested: InputBorder
[17-54-38] [SYSTEM_IO]: Userdata requested: Foreground
[17-54-38] [SYSTEM_IO]: Userdata requested: Foreground
[17-54-38] [SYSTEM_IO]: Userdata requested: Foreground
[17-54-38] [SYSTEM_IO]: Userdata requested: Font
[17-54-38] [SYSTEM_IO]: Userdata requested: OutputFill
[17-54-38] [SYSTEM_IO]: Userdata requested: InputFill
[17-54-38] [ACTION]: CyderFrame disposed with fastclose: true, CyderFrame: Component name = [cyder.ui.CyderFrame], bounds = [(980, 396, 600, 600)], hash = [1810420006], parentFrame = [Object itself is the top level frame], associated text = [No getText() method found], tooltip text = [No getTooltipText() method found], title = [Cyder Splash]
[17-54-38] [ACTION]: Console loaded in 4100ms
[17-54-39] [SYSTEM_IO]: Userdata requested: DebugWindows
[17-54-39] [ENTRY]: [TESTING MODE]
[17-54-39] [ACTION]: [Stellar Cyder [Nathan]] [NOTIFICATION] Console loaded in 4100ms
[17-54-39] [SYSTEM_IO]: Userdata requested: laststart
[17-54-39] [SYSTEM_IO]: Userdata requested: IntroMusic
[17-54-39] [SYSTEM_IO]: Userdata requested: persistentnotifications
[17-54-49] [SYSTEM_IO]: Userdata requested: minimizeonclose
[17-54-49] [SYSTEM_IO]: Userdata requested: Name
[17-54-49] [LOGOUT]: [Nathan]
[17-54-49] [ACTION]: CyderFrame disposed with fastclose: false, CyderFrame: Component name = [cyder.ui.ConsoleFrame], bounds = [(1443, 150, 600, 675)], hash = [2032169857], parentFrame = [Object itself is the top level frame], associated text = [No getText() method found], tooltip text = [No getTooltipText() method found], title = [Stellar Cyder [Nathan]]
[17-54-49] [SYSTEM_IO]: Userdata requested: closeanimation
[17-54-49] [SYSTEM_IO]: Userdata requested: Background
[17-54-49] [EXIT]: [RUNTIME] 14s
[17-54-49] [EOL]: Log completed, exiting Cyder with exit code: 25 [Genesis Controlled Exit], exceptions thrown: 0
