[18-05-33] [ENTRY]: [Nathan]
[18-05-33] [SYSTEM_IO]: System data pared in IOUtil's static block
[18-05-34] [JAVA ARGS]: [LOCATION] [La casa de Nathan]
[18-05-34] [LOGIN]: [AUTOCYPHER ATTEMPT]
[18-05-35] [LOGIN]: [AUTOCYPHER PASS, e5a50641-21d1-3654-b738-c0e4b2dc61b1]
[18-05-35] [SYSTEM_IO]: Userdata requested: Name
[18-05-35] [SYSTEM_IO]: Userdata requested: RandomBackground
[18-05-35] [SYSTEM_IO]: Userdata requested: FullScreen
[18-05-36] [SYSTEM_IO]: Userdata requested: Name
[18-05-36] [SYSTEM_IO]: Userdata requested: Foreground
[18-05-36] [SYSTEM_IO]: Userdata requested: Foreground
[18-05-36] [SYSTEM_IO]: Userdata requested: FullScreen
[18-05-36] [SYSTEM_IO]: Userdata requested: FullScreen
[18-05-36] [SYSTEM_IO]: Userdata requested: Foreground
[18-05-36] [SYSTEM_IO]: Userdata requested: Font
[18-05-36] [SYSTEM_IO]: Userdata requested: OutputBorder
[18-05-36] [SYSTEM_IO]: Userdata requested: FullScreen
[18-05-36] [SYSTEM_IO]: Userdata requested: InputBorder
[18-05-36] [SYSTEM_IO]: Userdata requested: Foreground
[18-05-36] [SYSTEM_IO]: Userdata requested: Foreground
[18-05-36] [SYSTEM_IO]: Userdata requested: Foreground
[18-05-36] [SYSTEM_IO]: Userdata requested: Font
[18-05-36] [SYSTEM_IO]: Userdata requested: OutputFill
[18-05-36] [SYSTEM_IO]: Userdata requested: InputFill
[18-05-36] [ACTION]: CyderFrame disposed with fastclose: true, CyderFrame: Component name = [cyder.ui.CyderFrame], bounds = [(980, 396, 600, 600)], hash = [130577952], parentFrame = [Object itself is the top level frame], associated text = [No getText() method found], tooltip text = [No getTooltipText() method found], title = [Cyder Splash]
[18-05-36] [ACTION]: Console loaded in 3776ms
[18-05-36] [SYSTEM_IO]: Userdata requested: DebugWindows
[18-05-36] [ENTRY]: [TESTING MODE]
[18-05-36] [SYSTEM_IO]: Userdata requested: laststart
[18-05-36] [SYSTEM_IO]: Userdata requested: IntroMusic
[18-05-36] [ACTION]: [Stellar Cyder [Nathan]] [NOTIFICATION] Console loaded in 3776ms
[18-05-36] [SYSTEM_IO]: Userdata requested: persistentnotifications
[18-05-44] [CLIENT]: mp3
[18-05-44] [SYSTEM_IO]: Userdata requested: filterchat
[18-05-44] [ACTION]: AUDIO PLAYER
[18-05-44] [ACTION]: [AUDIO PLAYER] Jake Hill - Stay.mp3
[18-05-59] [ACTION]: Component name = [cyder.ui.CyderLabel], bounds = [(55, 190, 385, 25)], hash = [421363339], parentFrame = [Flash Player], associated text = [<html><div style='text-align: center;'>13s played, 3m 6s total</html>], tooltip text = [No getTooltipText() method found], title = [No getTitle() method found]
[18-05-59] [ACTION]: [AUDIO PLAYER] Jake Hill - Stay.mp3
[18-06-00] [ACTION]: [AUDIO PLAYER] Euphoria - Sacred.mp3
[18-06-01] [ACTION]: [AUDIO PLAYER] Fabled - Spirit.mp3
[18-06-03] [ACTION]: Component name = [cyder.ui.DragLabel], bounds = [(2, 2, 496, 28)], hash = [240618868], parentFrame = [Flash Player], associated text = [No getText() method found], tooltip text = [No getTooltipText() method found], title = [No getTitle() method found]
[18-06-03] [ACTION]: CyderFrame disposed with fastclose: false, CyderFrame: Component name = [cyder.ui.CyderFrame], bounds = [(1567, 441, 500, 225)], hash = [137469460], parentFrame = [Object itself is the top level frame], associated text = [No getText() method found], tooltip text = [No getTooltipText() method found], title = [Flash Player]
[18-06-03] [SYSTEM_IO]: Userdata requested: closeanimation
[18-06-04] [SYSTEM_IO]: Userdata requested: minimizeonclose
[18-06-04] [SYSTEM_IO]: Userdata requested: Name
[18-06-04] [LOGOUT]: [Nathan]
[18-06-04] [ACTION]: CyderFrame disposed with fastclose: false, CyderFrame: Component name = [cyder.ui.ConsoleFrame], bounds = [(1516, 263, 600, 675)], hash = [1204481453], parentFrame = [Object itself is the top level frame], associated text = [No getText() method found], tooltip text = [No getTooltipText() method found], title = [Stellar Cyder [Nathan]]
[18-06-04] [SYSTEM_IO]: Userdata requested: closeanimation
[18-06-04] [SYSTEM_IO]: Userdata requested: Background
[18-06-04] [EXIT]: [RUNTIME] 31s
[18-06-04] [EOL]: Log completed, exiting Cyder with exit code: 25 [Genesis Controlled Exit], exceptions thrown: 0
