[19-25-33] [ENTRY]: [Nathan]
[19-25-33] [SYSTEM_IO]: System data pared in IOUtil's static block
[19-25-35] [LOGIN]: [AUTOCYPHER ATTEMPT]
[19-25-35] [JAVA ARGS]: [LOCATION] [La casa de Nathan]
[19-25-35] [LOGIN]: [AUTOCYPHER PASS, e5a50641-21d1-3654-b738-c0e4b2dc61b1]
[19-25-35] [SYSTEM_IO]: Userdata requested: Name
[19-25-36] [SYSTEM_IO]: Userdata requested: RandomBackground
[19-25-36] [SYSTEM_IO]: Userdata requested: FullScreen
[19-25-36] [SYSTEM_IO]: Userdata requested: Name
[19-25-36] [SYSTEM_IO]: Userdata requested: Foreground
[19-25-36] [SYSTEM_IO]: Userdata requested: Foreground
[19-25-36] [SYSTEM_IO]: Userdata requested: FullScreen
[19-25-36] [SYSTEM_IO]: Userdata requested: FullScreen
[19-25-36] [SYSTEM_IO]: Userdata requested: Foreground
[19-25-36] [SYSTEM_IO]: Userdata requested: Font
[19-25-36] [SYSTEM_IO]: Userdata requested: OutputBorder
[19-25-36] [SYSTEM_IO]: Userdata requested: FullScreen
[19-25-36] [SYSTEM_IO]: Userdata requested: InputBorder
[19-25-36] [SYSTEM_IO]: Userdata requested: Foreground
[19-25-36] [SYSTEM_IO]: Userdata requested: Foreground
[19-25-36] [SYSTEM_IO]: Userdata requested: Foreground
[19-25-36] [SYSTEM_IO]: Userdata requested: Font
[19-25-36] [SYSTEM_IO]: Userdata requested: OutputFill
[19-25-36] [SYSTEM_IO]: Userdata requested: InputFill
[19-25-36] [ACTION]: CyderFrame disposed with fastclose: true, CyderFrame: Component name = [cyder.ui.CyderFrame], bounds = [(980, 396, 600, 600)], hash = [1810420006], parentFrame = [Object itself is the top level frame], associated text = [No getText() method found], tooltip text = [No getTooltipText() method found], title = [Cyder Splash]
[19-25-36] [ACTION]: Console loaded in 3664ms
[19-25-36] [SYSTEM_IO]: Userdata requested: DebugWindows
[19-25-36] [ENTRY]: [TESTING MODE]
[19-25-36] [SYSTEM_IO]: Userdata requested: laststart
[19-25-36] [SYSTEM_IO]: Userdata requested: IntroMusic
[19-25-37] [ACTION]: [Stellar Cyder [Nathan]] [NOTIFICATION] Console loaded in 3664ms
[19-25-37] [SYSTEM_IO]: Userdata requested: persistentnotifications
[19-25-45] [CLIENT]: logout
[19-25-45] [SYSTEM_IO]: Userdata requested: filterchat
[19-25-45] [SYSTEM_IO]: Userdata requested: Name
[19-25-45] [LOGOUT]: [Nathan]
[19-25-45] [ACTION]: CyderFrame disposed with fastclose: false, CyderFrame: Component name = [cyder.ui.ConsoleFrame], bounds = [(-1623, 280, 1200, 675)], hash = [1326393666], parentFrame = [Object itself is the top level frame], associated text = [No getText() method found], tooltip text = [No getTooltipText() method found], title = [Stellar Cyder [Nathan]]
[19-25-45] [ACTION]: CyderFrame disposed with fastclose: false, CyderFrame: Component name = [cyder.ui.CyderFrame], bounds = [(980, 396, 600, 600)], hash = [1810420006], parentFrame = [Object itself is the top level frame], associated text = [No getText() method found], tooltip text = [No getTooltipText() method found], title = [Cyder Splash]
[19-25-45] [ACTION]: CyderFrame disposed with fastclose: false, CyderFrame: Component name = [cyder.ui.ConsoleFrame], bounds = [(-1623, 280, 1200, 675)], hash = [1326393666], parentFrame = [Object itself is the top level frame], associated text = [No getText() method found], tooltip text = [No getTooltipText() method found], title = [Stellar Cyder [Nathan]]
[19-25-45] [SYSTEM_IO]: Userdata requested: closeanimation
[19-25-45] [SYSTEM_IO]: Userdata requested: closeanimation
[19-25-45] [ACTION]: CyderFrame disposed with fastclose: true, CyderFrame: Component name = [cyder.ui.CyderFrame], bounds = [(980, 396, 600, 600)], hash = [1810420006], parentFrame = [Object itself is the top level frame], associated text = [No getText() method found], tooltip text = [No getTooltipText() method found], title = [Cyder Splash]
[19-25-46] [CLIENT_IO]: [LOGIN FRAME] login
[19-25-47] [CLIENT_IO]: [LOGIN FRAME] nathan
[19-25-48] [LOGIN]: [STD LOGIN, e5a50641-21d1-3654-b738-c0e4b2dc61b1]
[19-25-48] [ACTION]: CyderFrame disposed with fastclose: false, CyderFrame: Component name = [cyder.ui.ConsoleFrame], bounds = [(-1623, -665, 1200, 675)], hash = [1326393666], parentFrame = [Object itself is the top level frame], associated text = [No getText() method found], tooltip text = [No getTooltipText() method found], title = [Stellar Cyder [Nathan]]
[19-25-48] [SYSTEM_IO]: Userdata requested: Name
[19-25-49] [SYSTEM_IO]: Userdata requested: RandomBackground
[19-25-49] [SYSTEM_IO]: Userdata requested: FullScreen
[19-25-49] [SYSTEM_IO]: Userdata requested: Name
[19-25-49] [SYSTEM_IO]: Userdata requested: Foreground
[19-25-49] [SYSTEM_IO]: Userdata requested: Foreground
[19-25-49] [SYSTEM_IO]: Userdata requested: FullScreen
[19-25-49] [SYSTEM_IO]: Userdata requested: FullScreen
[19-25-49] [SYSTEM_IO]: Userdata requested: Foreground
[19-25-49] [SYSTEM_IO]: Userdata requested: Font
[19-25-49] [SYSTEM_IO]: Userdata requested: OutputBorder
[19-25-49] [SYSTEM_IO]: Userdata requested: FullScreen
[19-25-49] [SYSTEM_IO]: Userdata requested: InputBorder
[19-25-49] [SYSTEM_IO]: Userdata requested: Foreground
[19-25-49] [SYSTEM_IO]: Userdata requested: Foreground
[19-25-49] [SYSTEM_IO]: Userdata requested: Foreground
[19-25-49] [SYSTEM_IO]: Userdata requested: Font
[19-25-49] [SYSTEM_IO]: Userdata requested: OutputFill
[19-25-49] [SYSTEM_IO]: Userdata requested: InputFill
[19-25-49] [ACTION]: CyderFrame disposed with fastclose: true, CyderFrame: Component name = [cyder.ui.CyderFrame], bounds = [(980, 396, 600, 600)], hash = [1810420006], parentFrame = [Object itself is the top level frame], associated text = [No getText() method found], tooltip text = [No getTooltipText() method found], title = [Cyder Splash]
[19-25-49] [ACTION]: CyderFrame disposed with fastclose: false, CyderFrame: Component name = [cyder.ui.ConsoleFrame], bounds = [(-1623, -665, 1200, 675)], hash = [1326393666], parentFrame = [Object itself is the top level frame], associated text = [No getText() method found], tooltip text = [No getTooltipText() method found], title = [Stellar Cyder [Nathan]]
[19-25-49] [ACTION]: CyderFrame disposed with fastclose: true, CyderFrame: Component name = [cyder.handlers.internal.LoginHandler], bounds = [(980, 496, 600, 400)], hash = [1951478631], parentFrame = [Object itself is the top level frame], associated text = [No getText() method found], tooltip text = [No getTooltipText() method found], title = [Cyder Login [Stellar Build]]
[19-25-49] [EXIT]: [RUNTIME] 16s
[19-25-49] [EOL]: Log completed, exiting Cyder with exit code: 25 [Genesis Controlled Exit], exceptions thrown: 0
