[19-38-08] [ENTRY]: [Nathan]
[19-38-08] [SYSTEM_IO]: System data pared in IOUtil's static block
[19-38-09] [LOGIN]: [AUTOCYPHER ATTEMPT]
[19-38-09] [JAVA ARGS]: [LOCATION] [La casa de Nathan]
[19-38-10] [LOGIN]: [AUTOCYPHER PASS, e5a50641-21d1-3654-b738-c0e4b2dc61b1]
[19-38-10] [SYSTEM_IO]: Userdata requested: Name
[19-38-10] [SYSTEM_IO]: Userdata requested: RandomBackground
[19-38-10] [SYSTEM_IO]: Userdata requested: FullScreen
[19-38-11] [SYSTEM_IO]: Userdata requested: Name
[19-38-11] [SYSTEM_IO]: Userdata requested: Foreground
[19-38-11] [SYSTEM_IO]: Userdata requested: Foreground
[19-38-11] [SYSTEM_IO]: Userdata requested: FullScreen
[19-38-11] [SYSTEM_IO]: Userdata requested: FullScreen
[19-38-11] [SYSTEM_IO]: Userdata requested: Foreground
[19-38-11] [SYSTEM_IO]: Userdata requested: Font
[19-38-11] [SYSTEM_IO]: Userdata requested: OutputBorder
[19-38-11] [SYSTEM_IO]: Userdata requested: FullScreen
[19-38-11] [SYSTEM_IO]: Userdata requested: InputBorder
[19-38-11] [SYSTEM_IO]: Userdata requested: Foreground
[19-38-11] [SYSTEM_IO]: Userdata requested: Foreground
[19-38-11] [SYSTEM_IO]: Userdata requested: Foreground
[19-38-11] [SYSTEM_IO]: Userdata requested: Font
[19-38-11] [SYSTEM_IO]: Userdata requested: OutputFill
[19-38-11] [SYSTEM_IO]: Userdata requested: InputFill
[19-38-11] [ACTION]: CyderFrame disposed with fastclose: true, CyderFrame: Component name = [cyder.ui.CyderFrame], bounds = [(980, 396, 600, 600)], hash = [926105276], parentFrame = [Object itself is the top level frame], associated text = [No getText() method found], tooltip text = [No getTooltipText() method found], title = [Cyder Splash]
[19-38-11] [ACTION]: Console loaded in 3728ms
[19-38-11] [SYSTEM_IO]: Userdata requested: DebugWindows
[19-38-11] [ENTRY]: [TESTING MODE]
[19-38-11] [SYSTEM_IO]: Userdata requested: laststart
[19-38-11] [SYSTEM_IO]: Userdata requested: IntroMusic
[19-38-11] [ACTION]: [Stellar Cyder [Nathan]] [NOTIFICATION] Console loaded in 3728ms
[19-38-11] [SYSTEM_IO]: Userdata requested: persistentnotifications
[19-38-27] [SYSTEM_IO]: Userdata requested: minimizeonclose
[19-38-27] [SYSTEM_IO]: Userdata requested: Name
[19-38-27] [LOGOUT]: [Nathan]
[19-38-27] [ACTION]: CyderFrame disposed with fastclose: false, CyderFrame: Component name = [cyder.ui.ConsoleFrame], bounds = [(1236, 136, 1200, 675)], hash = [93199773], parentFrame = [Object itself is the top level frame], associated text = [No getText() method found], tooltip text = [No getTooltipText() method found], title = [Stellar Cyder [Nathan]]
[19-38-27] [SYSTEM_IO]: Userdata requested: closeanimation
[19-38-28] [EXIT]: [RUNTIME] 20s
[19-38-28] [EOL]: Log completed, exiting Cyder with exit code: 25 [Genesis Controlled Exit], exceptions thrown: 0
