[19-37-53] [ENTRY]: [Nathan]
[19-37-54] [SYSTEM_IO]: System data pared in IOUtil's static block
[19-37-55] [JAVA ARGS]: [LOCATION] [La casa de Nathan]
[19-37-55] [LOGIN]: [AUTOCYPHER ATTEMPT]
[19-37-56] [LOGIN]: [AUTOCYPHER PASS, e5a50641-21d1-3654-b738-c0e4b2dc61b1]
[19-37-56] [SYSTEM_IO]: Userdata requested: Name
[19-37-56] [SYSTEM_IO]: Userdata requested: RandomBackground
[19-37-56] [SYSTEM_IO]: Userdata requested: FullScreen
[19-37-56] [SYSTEM_IO]: Userdata requested: Name
[19-37-56] [SYSTEM_IO]: Userdata requested: Foreground
[19-37-56] [SYSTEM_IO]: Userdata requested: Foreground
[19-37-56] [SYSTEM_IO]: Userdata requested: FullScreen
[19-37-56] [SYSTEM_IO]: Userdata requested: FullScreen
[19-37-56] [SYSTEM_IO]: Userdata requested: Foreground
[19-37-56] [SYSTEM_IO]: Userdata requested: Font
[19-37-56] [SYSTEM_IO]: Userdata requested: OutputBorder
[19-37-56] [SYSTEM_IO]: Userdata requested: FullScreen
[19-37-56] [SYSTEM_IO]: Userdata requested: InputBorder
[19-37-56] [SYSTEM_IO]: Userdata requested: Foreground
[19-37-56] [SYSTEM_IO]: Userdata requested: Foreground
[19-37-56] [SYSTEM_IO]: Userdata requested: Foreground
[19-37-56] [SYSTEM_IO]: Userdata requested: Font
[19-37-56] [SYSTEM_IO]: Userdata requested: OutputFill
[19-37-56] [SYSTEM_IO]: Userdata requested: InputFill
[19-37-56] [ACTION]: CyderFrame disposed with fastclose: true, CyderFrame: Component name = [cyder.ui.CyderFrame], bounds = [(980, 396, 600, 600)], hash = [370546445], parentFrame = [Object itself is the top level frame], associated text = [No getText() method found], tooltip text = [No getTooltipText() method found], title = [Cyder Splash]
[19-37-57] [ACTION]: Console loaded in 3635ms
[19-37-57] [SYSTEM_IO]: Userdata requested: DebugWindows
[19-37-57] [ENTRY]: [TESTING MODE]
[19-37-57] [SYSTEM_IO]: Userdata requested: laststart
[19-37-57] [SYSTEM_IO]: Userdata requested: IntroMusic
[19-37-57] [ACTION]: [Stellar Cyder [Nathan]] [NOTIFICATION] Console loaded in 3635ms
[19-37-57] [SYSTEM_IO]: Userdata requested: persistentnotifications
[19-38-02] [SYSTEM_IO]: Userdata requested: minimizeonclose
[19-38-02] [SYSTEM_IO]: Userdata requested: Name
[19-38-02] [LOGOUT]: [Nathan]
[19-38-02] [ACTION]: CyderFrame disposed with fastclose: false, CyderFrame: Component name = [cyder.ui.ConsoleFrame], bounds = [(-1565, 298, 1200, 675)], hash = [2032169857], parentFrame = [Object itself is the top level frame], associated text = [No getText() method found], tooltip text = [No getTooltipText() method found], title = [Stellar Cyder [Nathan]]
[19-38-02] [SYSTEM_IO]: Userdata requested: closeanimation
[19-38-02] [EXIT]: [RUNTIME] 9s
[19-38-02] [EOL]: Log completed, exiting Cyder with exit code: 25 [Genesis Controlled Exit], exceptions thrown: 0
