[19-48-50] [ENTRY]: [Nathan]
[19-48-50] [SYSTEM_IO]: System data pared in IOUtil's static block
[19-48-52] [JAVA ARGS]: [LOCATION] [La casa de Nathan]
[19-48-52] [LOGIN]: [AUTOCYPHER ATTEMPT]
[19-48-52] [LOGIN]: [AUTOCYPHER PASS, e5a50641-21d1-3654-b738-c0e4b2dc61b1]
[19-48-53] [SYSTEM_IO]: Userdata requested: Name
[19-48-53] [SYSTEM_IO]: Userdata requested: RandomBackground
[19-48-53] [SYSTEM_IO]: Userdata requested: FullScreen
[19-48-53] [SYSTEM_IO]: Userdata requested: Name
[19-48-53] [SYSTEM_IO]: Userdata requested: Foreground
[19-48-53] [SYSTEM_IO]: Userdata requested: Foreground
[19-48-53] [SYSTEM_IO]: Userdata requested: FullScreen
[19-48-53] [SYSTEM_IO]: Userdata requested: FullScreen
[19-48-53] [SYSTEM_IO]: Userdata requested: Foreground
[19-48-53] [SYSTEM_IO]: Userdata requested: Font
[19-48-53] [SYSTEM_IO]: Userdata requested: OutputBorder
[19-48-53] [SYSTEM_IO]: Userdata requested: FullScreen
[19-48-53] [SYSTEM_IO]: Userdata requested: InputBorder
[19-48-53] [SYSTEM_IO]: Userdata requested: Foreground
[19-48-53] [SYSTEM_IO]: Userdata requested: Foreground
[19-48-53] [SYSTEM_IO]: Userdata requested: Foreground
[19-48-53] [SYSTEM_IO]: Userdata requested: Font
[19-48-53] [SYSTEM_IO]: Userdata requested: OutputFill
[19-48-53] [SYSTEM_IO]: Userdata requested: InputFill
[19-48-53] [ACTION]: CyderFrame disposed with fastclose: true, CyderFrame: Component name = [cyder.ui.CyderFrame], bounds = [(980, 396, 600, 600)], hash = [103309284], parentFrame = [Object itself is the top level frame], associated text = [No getText() method found], tooltip text = [No getTooltipText() method found], title = [Cyder Splash]
[19-48-54] [ACTION]: Console loaded in 4491ms
[19-48-54] [SYSTEM_IO]: Userdata requested: DebugWindows
[19-48-54] [ENTRY]: [TESTING MODE]
[19-48-54] [SYSTEM_IO]: Userdata requested: laststart
[19-48-54] [SYSTEM_IO]: Userdata requested: IntroMusic
[19-48-54] [ACTION]: [Stellar Cyder [Nathan]] [NOTIFICATION] Console loaded in 4491ms
[19-48-54] [SYSTEM_IO]: Userdata requested: persistentnotifications
[19-48-58] [SYSTEM_IO]: Userdata requested: minimizeonclose
[19-48-58] [SYSTEM_IO]: Userdata requested: Name
[19-48-58] [LOGOUT]: [Nathan]
[19-48-58] [ACTION]: CyderFrame disposed with fastclose: false, CyderFrame: Component name = [cyder.ui.ConsoleFrame], bounds = [(-2675, -20, 1200, 675)], hash = [1944798106], parentFrame = [Object itself is the top level frame], associated text = [No getText() method found], tooltip text = [No getTooltipText() method found], title = [Stellar Cyder [Nathan]]
[19-48-58] [SYSTEM_IO]: Userdata requested: closeanimation
[19-48-58] [EXIT]: [RUNTIME] 8s
[19-48-58] [EOL]: Log completed, exiting Cyder with exit code: 25 [Genesis Controlled Exit], exceptions thrown: 0
