[10-25-07] [JVM_ENTRY]: [Nathan]
[10-25-07] [THREAD STARTED]: Object Creation Logger
[10-25-07] [THREAD STARTED]: Watchdog Initializer
[10-25-07] [THREAD STARTED]: Singular Cyder Instance Ensurer
[10-25-08] [FONT LOADED]: font name = agency-fb
[10-25-08] [FONT LOADED]: font name = arial-black
[10-25-08] [FONT LOADED]: font name = beyno
[10-25-08] [FONT LOADED]: font name = Darling in Paris
[10-25-08] [FONT LOADED]: font name = darling-in-paris
[10-25-08] [FONT LOADED]: font name = Prompt-Bold
[10-25-08] [FONT LOADED]: font name = segoe-ui-black
[10-25-08] [FONT LOADED]: font name = tahoma
[10-25-08] [THREAD STARTED]: Splash Loader
[10-25-08] [THREAD STARTED]: Splash Animation
[10-25-09] [THREAD STARTED]: Cyder Start Secondary Subroutines
[10-25-09] [LOGIN]: [AUTOCYPHER ATTEMPT]
[10-25-09] [THREAD STARTED]: JVM Args Logger
[10-25-09] [SYSTEM_IO]: Requested deletion of: C:\Users\Nathan\Documents\IntelliJava\Cyder\dynamic\tmp
[10-25-09] [SYSTEM_IO]: [JSON WRITE] [Levenshtein = 1] User was written to file: 7d7ebb00-81fe-329f-8a78-62f463d0b7da
           \Userdata.json
[10-25-09] [SYSTEM_IO]: Requested deletion of: C:\Users\Nathan\Documents\IntelliJava\Cyder\dynamic\backup\7d7ebb00-81fe-
           329f-8a78-62f463d0b7da_1648307944683.json
[10-25-09] [LOGIN]: [AUTOCYPHER PASS, 7d7ebb00-81fe-329f-8a78-62f463d0b7da]
[10-25-10] [SYSTEM_IO]: Userdata requested: RandomBackground
[10-25-10] [SYSTEM_IO]: Userdata requested: FullScreen
[10-25-10] [OBJECT CREATION]: Objects created since last delta (5s): 64
[10-25-10] [THREAD STARTED]: Cyder Watchdog
[10-25-10] [SYSTEM_IO]: Userdata requested: FullScreen [3x]
[10-25-10] [THREAD STARTED]: Console Printing Animation
[10-25-10] [SYSTEM_IO]: Userdata requested: OutputBorder
[10-25-10] [SYSTEM_IO]: Userdata requested: FullScreen
[10-25-10] [SYSTEM_IO]: Userdata requested: InputBorder
[10-25-10] [THREAD STARTED]: Console Input Caret Position Updater
[10-25-10] [SYSTEM_IO]: Userdata requested: OutputFill
[10-25-10] [SYSTEM_IO]: Userdata requested: InputFill
[10-25-10] [THREAD STARTED]: High Ping Checker
[10-25-10] [THREAD STARTED]: Hourly Chime Checker
[10-25-10] [THREAD STARTED]: Console Clock Updater
[10-25-10] [THREAD STARTED]: Cyder Busy Checker
[10-25-10] [THREAD STARTED]: ConsoleFrame Stat Saver
[10-25-11] [UI ACTION]: Console loaded in 3753ms
[10-25-11] [THREAD STARTED]: Component = ConsoleFrame (inner), hash = 252615006, bounds = (1590, 235, 896, 600), parent
           frame = Component is top frame, getTitle() = Insomnia Cyder [Nathan] notification queue checker
[10-25-11] [THREAD STARTED]: [Cyder Splash]  dispose() animation thread
[10-25-11] [UI ACTION]: CyderFrame disposed with fastclose: true, Component = CyderFrame, hash = 1790551554, bounds =
           (980, 396, 600, 600), parent frame = Component is top frame, getTitle() = Cyder Splash
[10-25-11] [SYSTEM_IO]: Userdata requested: DebugWindows
[10-25-11] [CONSOLE LOADED]: [Nathan] [TESTING MODE]
[10-25-11] [UI ACTION]: [Insomnia Cyder [Nathan]] [NOTIFICATION] w = 287, h = 29, text = <html>Console loaded in 3753ms</html>
[10-25-11] [THREAD STARTED]: notification appear animation
[10-25-11] [SYSTEM_IO]: Userdata requested: persistentnotifications
[10-25-11] [THREAD STARTED]: Notificaiton Vanish Animator
[10-25-11] [THREAD STARTED]: [Pathfinding Visualizer]  finalizeAndShow
[10-25-11] [SYSTEM_IO]: Userdata requested: laststart
[10-25-11] [SYSTEM_IO]: [JSON WRITE] [Levenshtein = 6] User was written to file: 7d7ebb00-81fe-329f-8a78-62f463d0b7da
           \Userdata.json
[10-25-11] [SYSTEM_IO]: Requested deletion of: C:\Users\Nathan\Documents\IntelliJava\Cyder\dynamic\backup\7d7ebb00-81fe-
           329f-8a78-62f463d0b7da_1648308309470.json
[10-25-14] [THREAD STATUS POLLED]: name = AWT-EventQueue-0 in RUNNABLE state; incrementing watchdog counter [4x]
[10-25-15] [OBJECT CREATION]: Objects created since last delta (5s): 171
[10-25-15] [THREAD STATUS POLLED]: name = AWT-EventQueue-0 in RUNNABLE state; incrementing watchdog counter
[10-25-16] [THREAD STARTED]: Path Solver
[10-25-16] [UI ACTION]: Component = CyderButton, hash = 705736723, bounds = (350, 1000, 180, 50), parent frame =
           Pathfinding Visualizer, getText() = Stop
[10-25-16] [THREAD STARTED]: Pathfinding Path Animator
 [2x]
           

           

           

           

[10-25-16] [SYSTEM_IO]: Userdata requested: SilenceErrors
[10-25-19] [THREAD STATUS POLLED]: name = AWT-EventQueue-0 in RUNNABLE state; incrementing watchdog counter [4x]
[10-25-20] [OBJECT CREATION]: Objects created since last delta (5s): 625
[10-28-46] [THREAD STATUS POLLED]: name = AWT-EventQueue-0 in RUNNABLE state; incrementing watchdog counter [205x]
[10-29-09] [EOL]: Log completed, Cyder crashed unexpectedly: exit code: -9 External Stop, exceptions thrown: 0
