[10-45-53] [JVM_ENTRY]: [Nathan]
[10-45-53] [THREAD STARTED]: Object Creation Logger
[10-45-53] [THREAD STARTED]: Watchdog Initializer
[10-45-54] [THREAD STARTED]: Singular Cyder Instance Ensurer
[10-45-54] [FONT LOADED]: font name = agency-fb
[10-45-54] [FONT LOADED]: font name = arial-black
[10-45-54] [FONT LOADED]: font name = beyno
[10-45-54] [FONT LOADED]: font name = Darling in Paris
[10-45-54] [FONT LOADED]: font name = darling-in-paris
[10-45-54] [FONT LOADED]: font name = Prompt-Bold
[10-45-54] [FONT LOADED]: font name = segoe-ui-black
[10-45-54] [FONT LOADED]: font name = tahoma
[10-45-54] [THREAD STARTED]: Splash Loader
[10-45-55] [THREAD STARTED]: Splash Animation
[10-45-55] [THREAD STARTED]: Cyder Start Secondary Subroutines
[10-45-55] [LOGIN]: [AUTOCYPHER ATTEMPT]
[10-45-55] [THREAD STARTED]: JVM Args Logger
[10-45-55] [SYSTEM_IO]: Requested deletion of: C:\Users\Nathan\Documents\IntelliJava\Cyder\dynamic\tmp
[10-45-55] [SYSTEM_IO]: [JSON WRITE] [Levenshtein = 1] User was written to file: 7d7ebb00-81fe-329f-8a78-62f463d0b7da
           \Userdata.json
[10-45-55] [SYSTEM_IO]: Requested deletion of: C:\Users\Nathan\Documents\IntelliJava\Cyder\dynamic\backup\7d7ebb00-81fe-
           329f-8a78-62f463d0b7da_1648309298613.json
[10-45-56] [LOGIN]: [AUTOCYPHER PASS, 7d7ebb00-81fe-329f-8a78-62f463d0b7da]
[10-45-56] [SYSTEM_IO]: Userdata requested: RandomBackground
[10-45-56] [SYSTEM_IO]: Userdata requested: fullscreen [2x]
[10-45-56] [OBJECT CREATION]: Objects created since last delta (5s): 80
[10-45-56] [SYSTEM_IO]: Userdata requested: FullScreen [2x]
[10-45-56] [THREAD STARTED]: Cyder Watchdog
[10-45-56] [THREAD STARTED]: Console Printing Animation
[10-45-56] [SYSTEM_IO]: Userdata requested: OutputBorder
[10-45-56] [SYSTEM_IO]: Userdata requested: FullScreen
[10-45-57] [SYSTEM_IO]: Userdata requested: InputBorder
[10-45-57] [THREAD STARTED]: Console Input Caret Position Updater
[10-45-57] [SYSTEM_IO]: Userdata requested: OutputFill
[10-45-57] [SYSTEM_IO]: Userdata requested: InputFill
[10-45-57] [THREAD STARTED]: High Ping Checker
[10-45-57] [THREAD STARTED]: Hourly Chime Checker
[10-45-57] [THREAD STARTED]: Console Clock Updater
[10-45-57] [THREAD STARTED]: Cyder Busy Checker
[10-45-57] [THREAD STARTED]: ConsoleFrame Stat Saver
[10-45-57] [UI ACTION]: Console loaded in 3635ms
[10-45-57] [SYSTEM_IO]: Userdata requested: DebugWindows
[10-45-57] [CONSOLE LOADED]: [Nathan] [TESTING MODE]
[10-45-57] [THREAD STARTED]: Component = ConsoleFrame (inner), hash = 252615006, bounds = (1590, 235, 896, 600), parent
           frame = Component is top frame, getTitle() = Insomnia Cyder [Nathan] notification queue checker
[10-45-57] [THREAD STARTED]: [Cyder Splash]  dispose() animation thread
[10-45-57] [UI ACTION]: CyderFrame disposed with fastclose: true, Component = CyderFrame, hash = 507766061, bounds =
           (980, 396, 600, 600), parent frame = Component is top frame, getTitle() = Cyder Splash
[10-45-57] [UI ACTION]: [Insomnia Cyder [Nathan]] [NOTIFICATION] w = 287, h = 29, text = <html>Console loaded in 3635ms</html>
[10-45-57] [THREAD STARTED]: notification appear animation
[10-45-57] [SYSTEM_IO]: Userdata requested: persistentnotifications
[10-45-57] [THREAD STARTED]: Notificaiton Vanish Animator
[10-45-57] [THREAD STARTED]: [Pathfinding Visualizer]  finalizeAndShow
[10-45-57] [SYSTEM_IO]: Userdata requested: laststart
[10-45-57] [SYSTEM_IO]: [JSON WRITE] [Levenshtein = 5] User was written to file: 7d7ebb00-81fe-329f-8a78-62f463d0b7da
           \Userdata.json
[10-45-57] [SYSTEM_IO]: Requested deletion of: C:\Users\Nathan\Documents\IntelliJava\Cyder\dynamic\backup\7d7ebb00-81fe-
           329f-8a78-62f463d0b7da_1648309555688.json
[10-45-58] [THREAD STATUS POLLED]: name = AWT-EventQueue-0 in RUNNABLE state; incrementing watchdog counter [2x]
[10-45-59] [THREAD STARTED]: Path Solver
[10-45-59] [UI ACTION]: Component = CyderButton, hash = 1476757214, bounds = (350, 1000, 180, 50), parent frame =
           Pathfinding Visualizer, getText() = Stop
 [2x]
           

           

           

           

           

           

           

           

           

           

           

           

           

           

           

           

           

           

           

           

           

           

           

           

           

           

           

           

           

           

           

           

           

           

           

           

           

           

           

           

           

           

           

           

           

           

           

           

[10-45-59] [SYSTEM_IO]: Userdata requested: SilenceErrors
 [2x]
           

           

           

           

           

           

           

           

           

           

           

           

           

           

           

           

           

           

           

           

           

           

           

           

           

           

           

           

           

           

           

           

           

           

           

           

           

           

           

           

           

           

           

           

           

           

           

           

[10-45-59] [SYSTEM_IO]: Userdata requested: SilenceErrors
 [2x]
           

           

           

           

           

           

           

           

           

           

           

           

           

           

           

           

           

           

           

           

           

           

           

           

           

           

           

           

           

           

           

           

           

           

           

           

           

           

           

           

           

           

           

           

           

           

           

           

[10-45-59] [SYSTEM_IO]: Userdata requested: SilenceErrors
 [2x]
           

           

           

           

           

           

           

           

           

           

           

           

           

           

           

           

           

           

           

           

           

           

           

           

           

           

           

           

           

           

           

           

           

           

           

           

           

           

           

           

           

           

           

           

           

           

           

           

[10-45-59] [SYSTEM_IO]: Userdata requested: SilenceErrors
 [2x]
           

           

           

           

           

           

           

           

           

           

           

           

           

           

           

           

           

           

           

           

           

           

           

           

           

           

           

           

           

           

           

           

           

           

           

           

           

           

           

           

           

           

           

           

           

           

           

           

[10-45-59] [SYSTEM_IO]: Userdata requested: SilenceErrors
 [2x]
           

           

           

           

           

           

           

           

           

           

           

           

           

           

           

           

           

           

           

           

           

           

           

           

           

           

           

           

           

           

           

           

           

           

           

           

           

           

           

           

           

           

           

           

           

           

           

           

[10-45-59] [SYSTEM_IO]: Userdata requested: SilenceErrors
 [2x]
           

           

           

           

           

           

           

           

           

           

           

           

           

           

           

           

           

           

           

           

           

           

           

           

           

           

           

           

           

           

           

           

           

           

           

           

           

           

           

           

           

           

           

           

           

           

           

           

[10-45-59] [SYSTEM_IO]: Userdata requested: SilenceErrors
[10-45-59] [THREAD STARTED]: Pathfinding Path Animator
[10-46-00] [THREAD STATUS POLLED]: name = AWT-EventQueue-0 in RUNNABLE state; incrementing watchdog counter [2x]
[10-46-01] [OBJECT CREATION]: Objects created since last delta (5s): 9078
[10-46-01] [THREAD STATUS POLLED]: name = AWT-EventQueue-0 in RUNNABLE state; incrementing watchdog counter
[10-46-02] [UI ACTION]: Component = CyderButton, hash = 324547375, bounds = (350, 900, 180, 50), parent frame =
           Pathfinding Visualizer, getText() = Reset
[10-46-03] [THREAD STATUS POLLED]: name = AWT-EventQueue-0 in RUNNABLE state; incrementing watchdog counter [2x]
[10-46-04] [UI ACTION]: Component = CyderCheckbox, hash = 1556153409, bounds = (100, 920, 50, 50), parent frame =
           Pathfinding Visualizer
[10-46-05] [THREAD STATUS POLLED]: name = AWT-EventQueue-0 in RUNNABLE state; incrementing watchdog counter [2x]
[10-46-06] [UI ACTION]: Component = CyderCheckbox, hash = 914523171, bounds = (100, 1000, 50, 50), parent frame =
           Pathfinding Visualizer
[10-46-06] [OBJECT CREATION]: Objects created since last delta (5s): 59
[10-46-06] [THREAD STATUS POLLED]: name = AWT-EventQueue-0 in RUNNABLE state; incrementing watchdog counter
[10-46-07] [UI ACTION]: Component = CyderCheckbox, hash = 914523171, bounds = (100, 1000, 50, 50), parent frame =
           Pathfinding Visualizer
[10-46-07] [UI ACTION]: Component = CyderCheckbox, hash = 914523171, bounds = (100, 1000, 50, 50), parent frame =
           Pathfinding Visualizer
[10-46-07] [UI ACTION]: Component = CyderCheckbox, hash = 1907320440, bounds = (180, 920, 50, 50), parent frame =
           Pathfinding Visualizer
[10-46-09] [THREAD STATUS POLLED]: name = AWT-EventQueue-0 in RUNNABLE state; incrementing watchdog counter [3x]
[10-46-10] [UI ACTION]: Component = CyderCheckbox, hash = 1556153409, bounds = (100, 920, 50, 50), parent frame =
           Pathfinding Visualizer
[10-46-10] [THREAD STATUS POLLED]: name = AWT-EventQueue-0 in RUNNABLE state; incrementing watchdog counter
[10-46-11] [UI ACTION]: Component = CyderCheckbox, hash = 1556153409, bounds = (100, 920, 50, 50), parent frame =
           Pathfinding Visualizer
[10-46-11] [OBJECT CREATION]: Objects created since last delta (5s): 158
[10-46-11] [THREAD STATUS POLLED]: name = AWT-EventQueue-0 in RUNNABLE state; incrementing watchdog counter
[10-46-12] [THREAD STARTED]: Path Solver
[10-46-12] [UI ACTION]: Component = CyderButton, hash = 1476757214, bounds = (350, 1000, 180, 50), parent frame =
           Pathfinding Visualizer, getText() = Stop
[10-46-15] [THREAD STATUS POLLED]: name = AWT-EventQueue-0 in RUNNABLE state; incrementing watchdog counter [4x]
[10-46-16] [OBJECT CREATION]: Objects created since last delta (5s): 19397
[10-46-16] [THREAD STATUS POLLED]: name = AWT-EventQueue-0 in RUNNABLE state; incrementing watchdog counter
[10-46-17] [THREAD STARTED]: Pathfinding Path Animator
[10-46-20] [THREAD STATUS POLLED]: name = AWT-EventQueue-0 in RUNNABLE state; incrementing watchdog counter [4x]
[10-46-21] [UI ACTION]: Component = CyderCheckbox, hash = 1979129465, bounds = (180, 1000, 50, 50), parent frame =
           Pathfinding Visualizer
[10-46-21] [OBJECT CREATION]: Objects created since last delta (5s): 9099
[10-46-21] [THREAD STARTED]: Path Solver
[10-46-21] [UI ACTION]: Component = CyderButton, hash = 1476757214, bounds = (350, 1000, 180, 50), parent frame =
           Pathfinding Visualizer, getText() = Stop
[10-46-23] [THREAD STATUS POLLED]: name = AWT-EventQueue-0 in RUNNABLE state; incrementing watchdog counter [3x]
[10-46-24] [THREAD STARTED]: Pathfinding Path Animator
[10-46-25] [THREAD STATUS POLLED]: name = AWT-EventQueue-0 in RUNNABLE state; incrementing watchdog counter [2x]
[10-46-26] [OBJECT CREATION]: Objects created since last delta (5s): 20791
[10-46-26] [UI ACTION]: Component = CyderDragLabel, hash = -14107013, bounds = (2, 2, 996, 28), parent frame = Pathfindi
           ng Visualizer
[10-46-26] [THREAD STARTED]: [Pathfinding Visualizer]  dispose() animation thread
[10-46-26] [UI ACTION]: CyderFrame disposed with fastclose: false, Component = CyderFrame, hash = 1126270550, bounds =
           (1538, 0, 1000, 1070), parent frame = Component is top frame, getTitle() = Pathfinding Visualizer
[10-46-26] [SYSTEM_IO]: Userdata requested: closeanimation
[10-46-26] [THREAD STATUS POLLED]: name = AWT-EventQueue-0 in RUNNABLE state; incrementing watchdog counter
[10-46-28] [SYSTEM_IO]: Userdata requested: minimizeonclose
[10-46-28] [THREAD STARTED]: [Insomnia Cyder [Nathan]]  dispose() animation thread
[10-46-28] [UI ACTION]: CyderFrame disposed with fastclose: false, Component = ConsoleFrame (inner), hash = 252615006,
           bounds = (1590, 235, 896, 600), parent frame = Component is top frame, getTitle() = Insomnia Cyder [Nathan]
[10-46-28] [SYSTEM_IO]: Userdata requested: closeanimation
[10-46-28] [EXIT]: [RUNTIME] 34s
[10-46-28] [EOL]: Log completed, exiting Cyder with exit code: 0 [Genesis Controlled
           Exit], exceptions thrown: 0
