[10-41-34] [JVM_ENTRY]: [Nathan]
[10-41-34] [THREAD STARTED]: Object Creation Logger
[10-41-34] [THREAD STARTED]: Watchdog Initializer
[10-41-34] [THREAD STARTED]: Singular Cyder Instance Ensurer
[10-41-35] [FONT LOADED]: font name = agency-fb
[10-41-35] [FONT LOADED]: font name = arial-black
[10-41-35] [FONT LOADED]: font name = beyno
[10-41-35] [FONT LOADED]: font name = Darling in Paris
[10-41-35] [FONT LOADED]: font name = darling-in-paris
[10-41-35] [FONT LOADED]: font name = Prompt-Bold
[10-41-35] [FONT LOADED]: font name = segoe-ui-black
[10-41-35] [FONT LOADED]: font name = tahoma
[10-41-35] [THREAD STARTED]: Splash Loader
[10-41-35] [THREAD STARTED]: Splash Animation
[10-41-36] [THREAD STARTED]: Cyder Start Secondary Subroutines
[10-41-36] [LOGIN]: [AUTOCYPHER ATTEMPT]
[10-41-36] [THREAD STARTED]: JVM Args Logger
[10-41-36] [SYSTEM_IO]: Requested deletion of: C:\Users\Nathan\Documents\IntelliJava\Cyder\dynamic\tmp
[10-41-36] [SYSTEM_IO]: [JSON WRITE] [Levenshtein = 1] User was written to file: 7d7ebb00-81fe-329f-8a78-62f463d0b7da
           \Userdata.json
[10-41-36] [SYSTEM_IO]: Requested deletion of: C:\Users\Nathan\Documents\IntelliJava\Cyder\dynamic\backup\7d7ebb00-81fe-
           329f-8a78-62f463d0b7da_1648308903079.json
[10-41-36] [LOGIN]: [AUTOCYPHER PASS, 7d7ebb00-81fe-329f-8a78-62f463d0b7da]
[10-41-37] [OBJECT CREATION]: Objects created since last delta (5s): 64
[10-41-37] [SYSTEM_IO]: Userdata requested: RandomBackground
[10-41-37] [SYSTEM_IO]: Userdata requested: FullScreen
[10-41-37] [THREAD STARTED]: Cyder Watchdog
[10-41-37] [SYSTEM_IO]: Userdata requested: FullScreen [3x]
[10-41-37] [THREAD STARTED]: Console Printing Animation
[10-41-38] [SYSTEM_IO]: Userdata requested: OutputBorder
[10-41-38] [SYSTEM_IO]: Userdata requested: FullScreen
[10-41-38] [SYSTEM_IO]: Userdata requested: InputBorder
[10-41-38] [THREAD STARTED]: Console Input Caret Position Updater
[10-41-38] [SYSTEM_IO]: Userdata requested: OutputFill
[10-41-38] [SYSTEM_IO]: Userdata requested: InputFill
[10-41-38] [THREAD STARTED]: High Ping Checker
[10-41-38] [THREAD STARTED]: Hourly Chime Checker
[10-41-38] [THREAD STARTED]: Console Clock Updater
[10-41-38] [THREAD STARTED]: Cyder Busy Checker
[10-41-38] [THREAD STARTED]: ConsoleFrame Stat Saver
[10-41-38] [UI ACTION]: Console loaded in 4095ms
[10-41-38] [THREAD STARTED]: Component = ConsoleFrame (inner), hash = 79919963, bounds = (1590, 235, 896, 600), parent
           frame = Component is top frame, getTitle() = Insomnia Cyder [Nathan] notification queue checker
[10-41-38] [THREAD STARTED]: [Cyder Splash]  dispose() animation thread
[10-41-38] [UI ACTION]: CyderFrame disposed with fastclose: true, Component = CyderFrame, hash = 1978884657, bounds =
           (980, 396, 600, 600), parent frame = Component is top frame, getTitle() = Cyder Splash
[10-41-38] [SYSTEM_IO]: Userdata requested: DebugWindows
[10-41-38] [CONSOLE LOADED]: [Nathan] [TESTING MODE]
[10-41-38] [UI ACTION]: [Insomnia Cyder [Nathan]] [NOTIFICATION] w = 288, h = 29, text = <html>Console loaded in 4095ms</html>
[10-41-38] [THREAD STARTED]: notification appear animation
[10-41-38] [SYSTEM_IO]: Userdata requested: persistentnotifications
[10-41-38] [THREAD STARTED]: Notificaiton Vanish Animator
[10-41-38] [THREAD STARTED]: [Pathfinding Visualizer]  finalizeAndShow
[10-41-38] [SYSTEM_IO]: Userdata requested: laststart
[10-41-38] [THREAD STATUS POLLED]: name = AWT-EventQueue-0 in RUNNABLE state; incrementing watchdog counter
[10-41-38] [SYSTEM_IO]: [JSON WRITE] [Levenshtein = 7] User was written to file: 7d7ebb00-81fe-329f-8a78-62f463d0b7da
           \Userdata.json
[10-41-38] [SYSTEM_IO]: Requested deletion of: C:\Users\Nathan\Documents\IntelliJava\Cyder\dynamic\backup\7d7ebb00-81fe-
           329f-8a78-62f463d0b7da_1648309296217.json
[10-41-40] [THREAD STATUS POLLED]: name = AWT-EventQueue-0 in RUNNABLE state; incrementing watchdog counter [2x]
[10-41-41] [THREAD STARTED]: Path Solver
[10-41-41] [UI ACTION]: Component = CyderButton, hash = 944036439, bounds = (350, 1000, 180, 50), parent frame =
           Pathfinding Visualizer, getText() = Stop
 [2x]
           

           

           

           

           

           

           

           

           

           

           

           

           

           

           

           

           

           

           

           

           

           

           

           

           

           

           

           

           

           

           

           

           

           

           

           

           

           

           

           

           

           

           

           

           

           

           

           

[10-41-41] [SYSTEM_IO]: Userdata requested: SilenceErrors
 [2x]
           

           

           

           

           

           

           

           

           

           

           

           

           

           

           

           

           

           

           

           

           

           

           

           

           

           

           

           

           

           

           

           

           

           

           

           

           

           

           

           

           

           

           

           

           

           

           

           

[10-41-41] [SYSTEM_IO]: Userdata requested: SilenceErrors
 [2x]
           

           

           

           

           

           

           

           

           

           

           

           

           

           

           

           

           

           

           

           

           

           

           

           

           

           

           

           

           

           

           

           

           

           

           

           

           

           

           

           

           

           

           

           

           

           

           

           

[10-41-41] [SYSTEM_IO]: Userdata requested: SilenceErrors
 [2x]
           

           

           

           

           

           

           

           

           

           

           

           

           

           

           

           

           

           

           

           

           

           

           

           

           

           

           

           

           

           

           

           

           

           

           

           

           

           

           

           

           

           

           

           

           

           

           

           

[10-41-41] [SYSTEM_IO]: Userdata requested: SilenceErrors
[10-41-41] [THREAD STARTED]: Pathfinding Path Animator
[10-41-41] [THREAD STATUS POLLED]: name = AWT-EventQueue-0 in RUNNABLE state; incrementing watchdog counter
[10-41-42] [OBJECT CREATION]: Objects created since last delta (5s): 11325
[10-41-42] [THREAD STATUS POLLED]: name = AWT-EventQueue-0 in RUNNABLE state; incrementing watchdog counter
[10-41-43] [UI ACTION]: Component = CyderSwitch, hash = 928389414, bounds = (550, 900, 350, 50), parent frame =
           Pathfinding Visualizer
[10-41-43] [THREAD STATUS POLLED]: name = AWT-EventQueue-0 in RUNNABLE state; incrementing watchdog counter
[10-41-43] [THREAD STARTED]: component right thread
[10-41-43] [UI ACTION]: Component = CyderButton, hash = 1574650591, bounds = (175, 10, 165, 30), parent frame =
           Pathfinding Visualizer, getText() = Euclidean
[10-41-44] [THREAD STARTED]: Path Solver
[10-41-44] [UI ACTION]: Component = CyderButton, hash = 944036439, bounds = (350, 1000, 180, 50), parent frame =
           Pathfinding Visualizer, getText() = Stop
 [2x]
           

           

           

           

           

           

           

           

           

           

           

           

           

           

           

           

           

           

           

           

           

           

           

           

           

           

           

           

           

           

           

           

           

           

           

           

           

           

           

           

           

           

           

           

           

           

           

           

[10-41-44] [SYSTEM_IO]: Userdata requested: SilenceErrors
 [2x]
           

           

           

           

           

           

           

           

           

           

           

           

           

           

           

           

           

           

           

           

           

           

           

           

           

           

           

           

           

           

           

           

           

           

           

           

           

           

           

           

           

           

           

           

           

           

           

           

[10-41-44] [SYSTEM_IO]: Userdata requested: SilenceErrors
 [2x]
           

           

           

           

           

           

           

           

           

           

           

           

           

           

           

           

           

           

           

           

           

           

           

           

           

           

           

           

           

           

           

           

           

           

           

           

           

           

           

           

           

           

           

           

           

           

           

           

[10-41-44] [SYSTEM_IO]: Userdata requested: SilenceErrors
 [2x]
           

           

           

           

           

           

           

           

           

           

           

           

           

           

           

           

           

           

           

           

           

           

           

           

           

           

           

           

           

           

           

           

           

           

           

           

           

           

           

           

           

           

           

           

           

           

           

           

[10-41-44] [SYSTEM_IO]: Userdata requested: SilenceErrors
 [2x]
           

           

           

           

           

           

           

           

           

           

           

           

           

           

           

           

           

           

           

           

           

           

           

           

           

           

           

           

           

           

           

           

           

           

           

           

           

           

           

           

           

           

           

           

           

           

           

           

[10-41-44] [SYSTEM_IO]: Userdata requested: SilenceErrors
 [2x]
           

           

           

           

           

           

           

           

           

           

           

           

           

           

           

           

           

           

           

           

           

           

           

           

           

           

           

           

           

           

           

           

           

           

           

           

           

           

           

           

           

           

           

           

           

           

           

           

[10-41-44] [SYSTEM_IO]: Userdata requested: SilenceErrors
 [2x]
           

           

           

           

           

           

           

           

           

           

           

           

           

           

           

           

           

           

           

           

           

           

           

           

           

           

           

           

           

           

           

           

           

           

           

           

           

           

           

           

           

           

           

           

           

           

           

           

[10-41-44] [SYSTEM_IO]: Userdata requested: SilenceErrors
 [2x]
           

           

           

           

           

           

           

           

           

           

           

           

           

           

           

           

           

           

           

           

           

           

           

           

           

           

           

           

           

           

           

           

           

           

           

           

           

           

           

           

           

           

           

           

           

           

           

           

[10-41-44] [SYSTEM_IO]: Userdata requested: SilenceErrors
 [2x]
           

           

           

           

           

           

           

           

           

           

           

           

           

           

           

           

           

           

           

           

           

           

           

           

           

           

           

           

           

           

           

           

           

           

           

           

           

           

           

           

           

           

           

           

           

           

           

           

[10-41-44] [SYSTEM_IO]: Userdata requested: SilenceErrors
 [2x]
           

           

           

           

           

           

           

           

           

           

           

           

           

           

           

           

           

           

           

           

           

           

           

           

           

           

           

           

           

           

           

           

           

           

           

           

           

           

           

           

           

           

           

           

           

           

           

           

[10-41-44] [SYSTEM_IO]: Userdata requested: SilenceErrors
 [2x]
           

           

           

           

           

           

           

           

           

           

           

           

           

           

           

           

           

           

           

           

           

           

           

           

           

           

           

           

           

           

           

           

           

           

           

           

           

           

           

           

           

           

           

           

           

           

           

           

[10-41-44] [SYSTEM_IO]: Userdata requested: SilenceErrors
 [2x]
           

           

           

           

           

           

           

           

           

           

           

           

           

           

           

           

           

           

           

           

           

           

           

           

           

           

           

           

           

           

           

           

           

           

           

           

           

           

           

           

           

           

           

           

           

           

           

           

[10-41-44] [SYSTEM_IO]: Userdata requested: SilenceErrors
 [2x]
           

           

           

           

           

           

           

           

           

           

           

           

           

           

           

           

           

           

           

           

           

           

           

           

           

           

           

           

           

           

           

           

           

           

           

           

           

           

           

           

           

           

           

           

           

           

           

           

[10-41-44] [SYSTEM_IO]: Userdata requested: SilenceErrors
 [2x]
           

           

           

           

           

           

           

           

           

           

           

           

           

           

           

           

           

           

           

           

           

           

           

           

           

           

           

           

           

           

           

           

           

           

           

           

           

           

           

           

           

           

           

           

           

           

           

           

[10-41-44] [SYSTEM_IO]: Userdata requested: SilenceErrors
 [2x]
           

           

           

           

           

           

           

           

           

           

           

           

           

           

           

           

           

           

           

           

           

           

           

           

           

           

           

           

           

           

           

           

           

           

           

           

           

           

           

           

           

           

           

           

           

           

           

           

[10-41-44] [SYSTEM_IO]: Userdata requested: SilenceErrors
 [2x]
           

           

           

           

           

           

           

           

           

           

           

           

           

           

           

           

           

           

           

           

           

           

           

           

           

           

           

           

           

           

           

           

           

           

           

           

           

           

           

           

           

           

           

           

           

           

           

           

[10-41-44] [SYSTEM_IO]: Userdata requested: SilenceErrors
 [2x]
           

           

           

           

           

           

           

           

           

           

           

           

           

           

           

           

           

           

           

           

           

           

           

           

           

           

           

           

           

           

           

           

           

           

           

           

           

           

           

           

           

           

           

           

           

           

           

           

[10-41-44] [SYSTEM_IO]: Userdata requested: SilenceErrors
 [2x]
           

           

           

           

           

           

           

           

           

           

           

           

           

           

           

           

           

           

           

           

           

           

           

           

           

           

           

           

           

           

           

           

           

           

           

           

           

           

           

           

           

           

           

           

           

           

           

           

[10-41-44] [SYSTEM_IO]: Userdata requested: SilenceErrors
[10-41-44] [THREAD STATUS POLLED]: name = AWT-EventQueue-0 in RUNNABLE state; incrementing watchdog counter
 [2x]
           

           

           

           

           

           

           

           

           

           

           

           

           

           

           

           

           

           

           

           

           

           

           

           

           

           

           

           

           

           

           

           

           

           

           

           

           

           

           

           

           

           

           

           

           

           

           

           

[10-41-44] [SYSTEM_IO]: Userdata requested: SilenceErrors
[10-41-44] [THREAD STARTED]: Pathfinding Path Animator
[10-41-46] [THREAD STATUS POLLED]: name = AWT-EventQueue-0 in RUNNABLE state; incrementing watchdog counter [2x]
[10-41-46] [THREAD STARTED]: Path Solver
[10-41-46] [UI ACTION]: Component = CyderButton, hash = 944036439, bounds = (350, 1000, 180, 50), parent frame =
           Pathfinding Visualizer, getText() = Stop
 [2x]
           

           

           

           

           

           

           

           

           

           

           

           

           

           

           

           

           

           

           

           

           

           

           

           

           

           

           

           

           

           

           

           

           

           

           

           

           

           

           

           

           

           

           

           

           

           

           

           

[10-41-46] [SYSTEM_IO]: Userdata requested: SilenceErrors
 [2x]
           

           

           

           

           

           

           

           

           

           

           

           

           

           

           

           

           

           

           

           

           

           

           

           

           

           

           

           

           

           

           

           

           

           

           

           

           

           

           

           

           

           

           

           

           

           

           

           

[10-41-46] [SYSTEM_IO]: Userdata requested: SilenceErrors
 [2x]
           

           

           

           

           

           

           

           

           

           

           

           

           

           

           

           

           

           

           

           

           

           

           

           

           

           

           

           

           

           

           

           

           

           

           

           

           

           

           

           

           

           

           

           

           

           

           

           

[10-41-46] [SYSTEM_IO]: Userdata requested: SilenceErrors
 [2x]
           

           

           

           

           

           

           

           

           

           

           

           

           

           

           

           

           

           

           

           

           

           

           

           

           

           

           

           

           

           

           

           

           

           

           

           

           

           

           

           

           

           

           

           

           

           

           

           

[10-41-46] [SYSTEM_IO]: Userdata requested: SilenceErrors
 [2x]
           

           

           

           

           

           

           

           

           

           

           

           

           

           

           

           

           

           

           

           

           

           

           

           

           

           

           

           

           

           

           

           

           

           

           

           

           

           

           

           

           

           

           

           

           

           

           

           

[10-41-46] [SYSTEM_IO]: Userdata requested: SilenceErrors
 [2x]
           

           

           

           

           

           

           

           

           

           

           

           

           

           

           

           

           

           

           

           

           

           

           

           

           

           

           

           

           

           

           

           

           

           

           

           

           

           

           

           

           

           

           

           

           

           

           

           

[10-41-46] [SYSTEM_IO]: Userdata requested: SilenceErrors
 [2x]
           

           

           

           

           

           

           

           

           

           

           

           

           

           

           

           

           

           

           

           

           

           

           

           

           

           

           

           

           

           

           

           

           

           

           

           

           

           

           

           

           

           

           

           

           

           

           

           

[10-41-46] [SYSTEM_IO]: Userdata requested: SilenceErrors
 [2x]
           

           

           

           

           

           

           

           

           

           

           

           

           

           

           

           

           

           

           

           

           

           

           

           

           

           

           

           

           

           

           

           

           

           

           

           

           

           

           

           

           

           

           

           

           

           

           

           

[10-41-46] [SYSTEM_IO]: Userdata requested: SilenceErrors
 [2x]
           

           

           

           

           

           

           

           

           

           

           

           

           

           

           

           

           

           

           

           

           

           

           

           

           

           

           

           

           

           

           

           

           

           

           

           

           

           

           

           

           

           

           

           

           

           

           

           

[10-41-46] [SYSTEM_IO]: Userdata requested: SilenceErrors
 [2x]
           

           

           

           

           

           

           

           

           

           

           

           

           

           

           

           

           

           

           

           

           

           

           

           

           

           

           

           

           

           

           

           

           

           

           

           

           

           

           

           

           

           

           

           

           

           

           

           

[10-41-46] [SYSTEM_IO]: Userdata requested: SilenceErrors
 [2x]
           

           

           

           

           

           

           

           

           

           

           

           

           

           

           

           

           

           

           

           

           

           

           

           

           

           

           

           

           

           

           

           

           

           

           

           

           

           

           

           

           

           

           

           

           

           

           

           

[10-41-46] [SYSTEM_IO]: Userdata requested: SilenceErrors
 [2x]
           

           

           

           

           

           

           

           

           

           

           

           

           

           

           

           

           

           

           

           

           

           

           

           

           

           

           

           

           

           

           

           

           

           

           

           

           

           

           

           

           

           

           

           

           

           

           

           

[10-41-46] [SYSTEM_IO]: Userdata requested: SilenceErrors
 [2x]
           

           

           

           

           

           

           

           

           

           

           

           

           

           

           

           

           

           

           

           

           

           

           

           

           

           

           

           

           

           

           

           

           

           

           

           

           

           

           

           

           

           

           

           

           

           

           

           

[10-41-46] [SYSTEM_IO]: Userdata requested: SilenceErrors
 [2x]
           

           

           

           

           

           

           

           

           

           

           

           

           

           

           

           

           

           

           

           

           

           

           

           

           

           

           

           

           

           

           

           

           

           

           

           

           

           

           

           

           

           

           

           

           

           

           

           

[10-41-46] [SYSTEM_IO]: Userdata requested: SilenceErrors
 [2x]
           

           

           

           

           

           

           

           

           

           

           

           

           

           

           

           

           

           

           

           

           

           

           

           

           

           

           

           

           

           

           

           

           

           

           

           

           

           

           

           

           

           

           

           

           

           

           

           

[10-41-46] [SYSTEM_IO]: Userdata requested: SilenceErrors
 [2x]
           

           

           

           

           

           

           

           

           

           

           

           

           

           

           

           

           

           

           

           

           

           

           

           

           

           

           

           

           

           

           

           

           

           

           

           

           

           

           

           

           

           

           

           

           

           

           

           

[10-41-46] [SYSTEM_IO]: Userdata requested: SilenceErrors
[10-41-46] [THREAD STARTED]: Pathfinding Path Animator
[10-41-47] [OBJECT CREATION]: Objects created since last delta (5s): 178409
[10-41-48] [THREAD STATUS POLLED]: name = AWT-EventQueue-0 in RUNNABLE state; incrementing watchdog counter [2x]
[10-41-48] [THREAD STARTED]: Path Solver
[10-41-48] [UI ACTION]: Component = CyderButton, hash = 944036439, bounds = (350, 1000, 180, 50), parent frame =
           Pathfinding Visualizer, getText() = Stop
 [2x]
           

           

           

           

           

           

           

           

           

           

           

           

           

           

           

           

           

           

           

           

           

           

           

           

           

           

           

           

           

           

           

           

           

           

           

           

           

           

           

           

           

           

           

           

           

           

           

           

[10-41-48] [SYSTEM_IO]: Userdata requested: SilenceErrors
 [2x]
           

           

           

           

           

           

           

           

           

           

           

           

           

           

           

           

           

           

           

           

           

           

           

           

           

           

           

           

           

           

           

           

           

           

           

           

           

           

           

           

           

           

           

           

           

           

           

           

[10-41-48] [SYSTEM_IO]: Userdata requested: SilenceErrors
 [2x]
           

           

           

           

           

           

           

           

           

           

           

           

           

           

           

           

           

           

           

           

           

           

           

           

           

           

           

           

           

           

           

           

           

           

           

           

           

           

           

           

           

           

           

           

           

           

           

           

[10-41-48] [SYSTEM_IO]: Userdata requested: SilenceErrors
 [2x]
           

           

           

           

           

           

           

           

           

           

           

           

           

           

           

           

           

           

           

           

           

           

           

           

           

           

           

           

           

           

           

           

           

           

           

           

           

           

           

           

           

           

           

           

           

           

           

           

[10-41-48] [SYSTEM_IO]: Userdata requested: SilenceErrors
 [2x]
           

           

           

           

           

           

           

           

           

           

           

           

           

           

           

           

           

           

           

           

           

           

           

           

           

           

           

           

           

           

           

           

           

           

           

           

           

           

           

           

           

           

           

           

           

           

           

           

[10-41-48] [SYSTEM_IO]: Userdata requested: SilenceErrors
 [2x]
           

           

           

           

           

           

           

           

           

           

           

           

           

           

           

           

           

           

           

           

           

           

           

           

           

           

           

           

           

           

           

           

           

           

           

           

           

           

           

           

           

           

           

           

           

           

           

           

[10-41-48] [SYSTEM_IO]: Userdata requested: SilenceErrors
 [2x]
           

           

           

           

           

           

           

           

           

           

           

           

           

           

           

           

           

           

           

           

           

           

           

           

           

           

           

           

           

           

           

           

           

           

           

           

           

           

           

           

           

           

           

           

           

           

           

           

[10-41-48] [SYSTEM_IO]: Userdata requested: SilenceErrors
 [2x]
           

           

           

           

           

           

           

           

           

           

           

           

           

           

           

           

           

           

           

           

           

           

           

           

           

           

           

           

           

           

           

           

           

           

           

           

           

           

           

           

           

           

           

           

           

           

           

           

[10-41-48] [SYSTEM_IO]: Userdata requested: SilenceErrors
 [2x]
           

           

           

           

           

           

           

           

           

           

           

           

           

           

           

           

           

           

           

           

           

           

           

           

           

           

           

           

           

           

           

           

           

           

           

           

           

           

           

           

           

           

           

           

           

           

           

           

[10-41-48] [SYSTEM_IO]: Userdata requested: SilenceErrors
 [2x]
           

           

           

           

           

           

           

           

           

           

           

           

           

           

           

           

           

           

           

           

           

           

           

           

           

           

           

           

           

           

           

           

           

           

           

           

           

           

           

           

           

           

           

           

           

           

           

           

[10-41-48] [SYSTEM_IO]: Userdata requested: SilenceErrors
 [2x]
           

           

           

           

           

           

           

           

           

           

           

           

           

           

           

           

           

           

           

           

           

           

           

           

           

           

           

           

           

           

           

           

           

           

           

           

           

           

           

           

           

           

           

           

           

           

           

           

[10-41-48] [SYSTEM_IO]: Userdata requested: SilenceErrors
[10-41-48] [THREAD STARTED]: Pathfinding Path Animator
[10-41-51] [THREAD STATUS POLLED]: name = AWT-EventQueue-0 in RUNNABLE state; incrementing watchdog counter [3x]
 [2x]
           

           

           

           

           

           

           

           

           

           

           

           

           

           

           

           

           

           

           

           

           

           

           

           

           

           

           

           

           

           

           

           

           

           

           

           

           

           

           

           

           

           

           

           

           

           

           

           

[10-41-52] [SYSTEM_IO]: Userdata requested: SilenceErrors
[10-41-52] [OBJECT CREATION]: Objects created since last delta (5s): 89307
[10-41-56] [THREAD STATUS POLLED]: name = AWT-EventQueue-0 in RUNNABLE state; incrementing watchdog counter [5x]
[10-41-57] [OBJECT CREATION]: Objects created since last delta (5s): 282
[10-42-01] [THREAD STATUS POLLED]: name = AWT-EventQueue-0 in RUNNABLE state; incrementing watchdog counter [5x]
[10-42-02] [OBJECT CREATION]: Objects created since last delta (5s): 302
[10-42-03] [THREAD STATUS POLLED]: name = AWT-EventQueue-0 in RUNNABLE state; incrementing watchdog counter [2x]
[10-42-04] [UI ACTION]: Component = CyderDragLabel, hash = -14107013, bounds = (2, 2, 996, 28), parent frame = Pathfindi
           ng Visualizer
[10-42-04] [THREAD STARTED]: [Pathfinding Visualizer]  dispose() animation thread
[10-42-04] [UI ACTION]: CyderFrame disposed with fastclose: false, Component = CyderFrame, hash = 961533745, bounds =
           (1538, 0, 1000, 1070), parent frame = Component is top frame, getTitle() = Pathfinding Visualizer
[10-42-04] [SYSTEM_IO]: Userdata requested: closeanimation
[10-42-12] [OBJECT CREATION]: Objects created since last delta (5s): 303 [2x]
[10-42-17] [OBJECT CREATION]: Objects created since last delta (5s): 318
[10-42-22] [OBJECT CREATION]: Objects created since last delta (5s): 314
[10-42-24] [THREAD STATUS POLLED]: name = AWT-EventQueue-0 in RUNNABLE state; incrementing watchdog counter
[10-42-27] [OBJECT CREATION]: Objects created since last delta (5s): 312
[10-42-37] [OBJECT CREATION]: Objects created since last delta (5s): 316 [2x]
[10-42-42] [OBJECT CREATION]: Objects created since last delta (5s): 314
[10-42-47] [OBJECT CREATION]: Objects created since last delta (5s): 312
[10-42-52] [OBJECT CREATION]: Objects created since last delta (5s): 318
[10-42-57] [OBJECT CREATION]: Objects created since last delta (5s): 308
[10-43-02] [OBJECT CREATION]: Objects created since last delta (5s): 318
[10-43-12] [OBJECT CREATION]: Objects created since last delta (5s): 319 [2x]
[10-43-17] [OBJECT CREATION]: Objects created since last delta (5s): 312
[10-43-22] [OBJECT CREATION]: Objects created since last delta (5s): 314
[10-43-26] [THREAD STATUS POLLED]: name = AWT-EventQueue-0 in RUNNABLE state; incrementing watchdog counter
[10-43-27] [OBJECT CREATION]: Objects created since last delta (5s): 314
[10-43-28] [THREAD STATUS POLLED]: name = AWT-EventQueue-0 in RUNNABLE state; incrementing watchdog counter
[10-43-32] [OBJECT CREATION]: Objects created since last delta (5s): 320
[10-43-37] [OBJECT CREATION]: Objects created since last delta (5s): 314
[10-43-42] [OBJECT CREATION]: Objects created since last delta (5s): 320
[10-43-46] [THREAD STATUS POLLED]: name = AWT-EventQueue-0 in RUNNABLE state; incrementing watchdog counter
[10-43-47] [OBJECT CREATION]: Objects created since last delta (5s): 254
[10-43-52] [OBJECT CREATION]: Objects created since last delta (5s): 318
[10-43-54] [THREAD STATUS POLLED]: name = AWT-EventQueue-0 in RUNNABLE state; incrementing watchdog counter
[10-43-57] [OBJECT CREATION]: Objects created since last delta (5s): 314
[10-44-02] [OBJECT CREATION]: Objects created since last delta (5s): 312
[10-44-07] [OBJECT CREATION]: Objects created since last delta (5s): 310
[10-44-22] [OBJECT CREATION]: Objects created since last delta (5s): 316 [3x]
[10-44-27] [THREAD STATUS POLLED]: name = AWT-EventQueue-0 in RUNNABLE state; incrementing watchdog counter
[10-44-27] [OBJECT CREATION]: Objects created since last delta (5s): 312
[10-44-32] [OBJECT CREATION]: Objects created since last delta (5s): 300
[10-44-37] [OBJECT CREATION]: Objects created since last delta (5s): 296
[10-44-42] [OBJECT CREATION]: Objects created since last delta (5s): 312
[10-44-47] [THREAD STATUS POLLED]: name = AWT-EventQueue-0 in RUNNABLE state; incrementing watchdog counter
[10-44-47] [OBJECT CREATION]: Objects created since last delta (5s): 302
[10-44-49] [THREAD STATUS POLLED]: name = AWT-EventQueue-0 in RUNNABLE state; incrementing watchdog counter
[10-44-52] [OBJECT CREATION]: Objects created since last delta (5s): 312
[10-44-57] [OBJECT CREATION]: Objects created since last delta (5s): 296
[10-45-02] [OBJECT CREATION]: Objects created since last delta (5s): 306
[10-45-07] [OBJECT CREATION]: Objects created since last delta (5s): 312
[10-45-12] [OBJECT CREATION]: Objects created since last delta (5s): 314
[10-45-17] [OBJECT CREATION]: Objects created since last delta (5s): 308
[10-45-22] [OBJECT CREATION]: Objects created since last delta (5s): 300
[10-45-27] [OBJECT CREATION]: Objects created since last delta (5s): 299
[10-45-29] [THREAD STATUS POLLED]: name = AWT-EventQueue-0 in RUNNABLE state; incrementing watchdog counter
[10-45-53] [EOL]: Log completed, Cyder crashed unexpectedly: exit code: -9 External Stop, exceptions thrown: 0
