[10-58-03] [JVM_ENTRY]: [Nathan]
[10-58-03] [THREAD STARTED]: Object Creation Logger
[10-58-03] [THREAD STARTED]: Watchdog Initializer
[10-58-03] [THREAD STARTED]: Singular Cyder Instance Ensurer
[10-58-04] [FONT LOADED]: font name = agency-fb
[10-58-04] [FONT LOADED]: font name = arial-black
[10-58-04] [FONT LOADED]: font name = beyno
[10-58-04] [FONT LOADED]: font name = Darling in Paris
[10-58-04] [FONT LOADED]: font name = darling-in-paris
[10-58-04] [FONT LOADED]: font name = Prompt-Bold
[10-58-04] [FONT LOADED]: font name = segoe-ui-black
[10-58-04] [FONT LOADED]: font name = tahoma
[10-58-04] [THREAD STARTED]: Splash Loader
[10-58-04] [THREAD STARTED]: Splash Animation
[10-58-05] [THREAD STARTED]: Cyder Start Secondary Subroutines
[10-58-05] [LOGIN]: [AUTOCYPHER ATTEMPT]
[10-58-05] [THREAD STARTED]: JVM Args Logger
[10-58-05] [SYSTEM_IO]: Requested deletion of: C:\Users\Nathan\Documents\IntelliJava\Cyder\dynamic\tmp
[10-58-05] [SYSTEM_IO]: [JSON WRITE] [Levenshtein = 1] User was written to file: 7d7ebb00-81fe-329f-8a78-62f463d0b7da
           \Userdata.json
[10-58-05] [SYSTEM_IO]: Requested deletion of: C:\Users\Nathan\Documents\IntelliJava\Cyder\dynamic\backup\7d7ebb00-81fe-
           329f-8a78-62f463d0b7da_1648310154335.json
[10-58-05] [LOGIN]: [AUTOCYPHER PASS, 7d7ebb00-81fe-329f-8a78-62f463d0b7da]
[10-58-06] [SYSTEM_IO]: Userdata requested: RandomBackground
[10-58-06] [SYSTEM_IO]: Userdata requested: FullScreen
[10-58-06] [OBJECT CREATION]: Objects created since last delta (5s): 64
[10-58-06] [THREAD STARTED]: Cyder Watchdog
[10-58-06] [SYSTEM_IO]: Userdata requested: FullScreen [3x]
[10-58-06] [THREAD STARTED]: Console Printing Animation
[10-58-06] [SYSTEM_IO]: Userdata requested: OutputBorder
[10-58-06] [SYSTEM_IO]: Userdata requested: FullScreen
[10-58-06] [SYSTEM_IO]: Userdata requested: InputBorder
[10-58-06] [THREAD STARTED]: Console Input Caret Position Updater
[10-58-06] [SYSTEM_IO]: Userdata requested: OutputFill
[10-58-06] [SYSTEM_IO]: Userdata requested: InputFill
[10-58-06] [THREAD STARTED]: High Ping Checker
[10-58-06] [THREAD STARTED]: Hourly Chime Checker
[10-58-06] [THREAD STARTED]: Console Clock Updater
[10-58-06] [THREAD STARTED]: Cyder Busy Checker
[10-58-06] [THREAD STARTED]: ConsoleFrame Stat Saver
[10-58-07] [UI ACTION]: Console loaded in 3750ms
[10-58-07] [THREAD STARTED]: Component = ConsoleFrame (inner), hash = 2078641942, bounds = (1590, 235, 896, 600), parent 
           frame = Component is top frame, getTitle() = Insomnia Cyder [Nathan] notification queue checker
[10-58-07] [SYSTEM_IO]: Userdata requested: DebugWindows
[10-58-07] [CONSOLE LOADED]: [Nathan] [TESTING MODE]
[10-58-07] [THREAD STARTED]: [Cyder Splash]  dispose() animation thread
[10-58-07] [UI ACTION]: CyderFrame disposed with fastclose: true, Component = CyderFrame, hash = 597545320, bounds =
           (980, 396, 600, 600), parent frame = Component is top frame, getTitle() = Cyder Splash
[10-58-07] [UI ACTION]: [Insomnia Cyder [Nathan]] [NOTIFICATION] w = 287, h = 29, text = <html>Console loaded in 3750ms</html>
[10-58-07] [THREAD STARTED]: notification appear animation
[10-58-07] [THREAD STARTED]: [Pathfinding Visualizer]  finalizeAndShow
[10-58-07] [SYSTEM_IO]: Userdata requested: laststart
[10-58-07] [SYSTEM_IO]: Userdata requested: persistentnotifications
[10-58-07] [THREAD STARTED]: Notificaiton Vanish Animator
[10-58-07] [SYSTEM_IO]: [JSON WRITE] [Levenshtein = 5] User was written to file: 7d7ebb00-81fe-329f-8a78-62f463d0b7da
           \Userdata.json
[10-58-07] [SYSTEM_IO]: Requested deletion of: C:\Users\Nathan\Documents\IntelliJava\Cyder\dynamic\backup\7d7ebb00-81fe-
           329f-8a78-62f463d0b7da_1648310285576.json
[10-58-10] [THREAD STATUS POLLED]: name = AWT-EventQueue-0 in RUNNABLE state; incrementing watchdog counter [4x]
[10-58-11] [OBJECT CREATION]: Objects created since last delta (5s): 88
[10-58-12] [THREAD STATUS POLLED]: name = AWT-EventQueue-0 in RUNNABLE state; incrementing watchdog counter [2x]
[10-58-13] [THREAD STARTED]: Path Solver
[10-58-13] [UI ACTION]: Component = CyderButton, hash = 1673525290, bounds = (350, 1000, 180, 50), parent frame =
           Pathfinding Visualizer, getText() = Stop
[10-58-13] [THREAD STARTED]: Pathfinding Path Animator
[10-58-15] [THREAD STATUS POLLED]: name = AWT-EventQueue-0 in RUNNABLE state; incrementing watchdog counter [3x]
[10-58-16] [OBJECT CREATION]: Objects created since last delta (5s): 10055
[10-58-16] [THREAD STATUS POLLED]: name = AWT-EventQueue-0 in RUNNABLE state; incrementing watchdog counter
[10-58-17] [UI ACTION]: Component = CyderButton, hash = 17996434, bounds = (350, 900, 180, 50), parent frame = Pathfindi
           ng Visualizer, getText() = Reset
[10-58-19] [THREAD STATUS POLLED]: name = AWT-EventQueue-0 in RUNNABLE state; incrementing watchdog counter [3x]
[10-58-20] [UI ACTION]: Component = CyderDragLabel, hash = -14107013, bounds = (2, 2, 996, 28), parent frame = Pathfindi
           ng Visualizer
[10-58-20] [THREAD STARTED]: [Pathfinding Visualizer]  dispose() animation thread
[10-58-20] [UI ACTION]: CyderFrame disposed with fastclose: false, Component = CyderFrame, hash = 181028248, bounds =
           (1538, 0, 1000, 1070), parent frame = Component is top frame, getTitle() = Pathfinding Visualizer
[10-58-20] [SYSTEM_IO]: Userdata requested: closeanimation
[10-58-21] [OBJECT CREATION]: Objects created since last delta (5s): 68
[10-58-22] [THREAD STATUS POLLED]: name = AWT-EventQueue-0 in RUNNABLE state; incrementing watchdog counter
[10-58-23] [CLIENT]: path
[10-58-23] [SYSTEM_IO]: Userdata requested: filterchat
[10-58-23] [THREAD STARTED]: [Pathfinding Visualizer]  dispose() animation thread
[10-58-23] [THREAD STARTED]: [Pathfinding Visualizer]  finalizeAndShow
[10-58-23] [WIDGET OPENED]: PathFinderWidget, trigger = path
[10-58-23] [HANDLE]: PRIMARY HANDLE
[10-58-23] [CONSOLE_OUT]: [STRING] Opening widget: PathFinderWidget
[10-58-25] [THREAD STATUS POLLED]: name = AWT-EventQueue-0 in RUNNABLE state; incrementing watchdog counter [3x]
[10-58-26] [OBJECT CREATION]: Objects created since last delta (5s): 158
[10-58-30] [THREAD STATUS POLLED]: name = AWT-EventQueue-0 in RUNNABLE state; incrementing watchdog counter [4x]
[10-58-30] [THREAD STARTED]: Path Solver
[10-58-30] [UI ACTION]: Component = CyderButton, hash = 953802964, bounds = (350, 1000, 180, 50), parent frame =
           Pathfinding Visualizer, getText() = Stop
[10-58-30] [THREAD STARTED]: Pathfinding Path Animator
[10-58-31] [THREAD STATUS POLLED]: name = AWT-EventQueue-0 in RUNNABLE state; incrementing watchdog counter
[10-58-31] [OBJECT CREATION]: Objects created since last delta (5s): 2922
[10-58-34] [THREAD STATUS POLLED]: name = AWT-EventQueue-0 in RUNNABLE state; incrementing watchdog counter [3x]
[10-58-34] [THREAD STARTED]: Path Solver
[10-58-34] [UI ACTION]: Component = CyderButton, hash = 953802964, bounds = (350, 1000, 180, 50), parent frame =
           Pathfinding Visualizer, getText() = Stop
[10-58-34] [THREAD STARTED]: Pathfinding Path Animator
[10-58-35] [THREAD STATUS POLLED]: name = AWT-EventQueue-0 in RUNNABLE state; incrementing watchdog counter
[10-58-35] [THREAD STARTED]: Path Solver
[10-58-35] [UI ACTION]: Component = CyderButton, hash = 953802964, bounds = (350, 1000, 180, 50), parent frame =
           Pathfinding Visualizer, getText() = Stop
[10-58-35] [THREAD STARTED]: Pathfinding Path Animator
[10-58-35] [THREAD STARTED]: Path Solver
[10-58-35] [UI ACTION]: Component = CyderButton, hash = 953802964, bounds = (350, 1000, 180, 50), parent frame =
           Pathfinding Visualizer, getText() = Stop
[10-58-35] [THREAD STARTED]: Pathfinding Path Animator
[10-58-36] [THREAD STATUS POLLED]: name = AWT-EventQueue-0 in RUNNABLE state; incrementing watchdog counter
[10-58-36] [THREAD STARTED]: Path Solver
[10-58-36] [UI ACTION]: Component = CyderButton, hash = 953802964, bounds = (350, 1000, 180, 50), parent frame =
           Pathfinding Visualizer, getText() = Stop
[10-58-36] [THREAD STARTED]: Pathfinding Path Animator
[10-58-36] [OBJECT CREATION]: Objects created since last delta (5s): 47951
[10-58-37] [THREAD STATUS POLLED]: name = AWT-EventQueue-0 in RUNNABLE state; incrementing watchdog counter
[10-58-37] [THREAD STARTED]: Path Solver
[10-58-37] [UI ACTION]: Component = CyderButton, hash = 953802964, bounds = (350, 1000, 180, 50), parent frame =
           Pathfinding Visualizer, getText() = Stop
[10-58-37] [THREAD STARTED]: Pathfinding Path Animator
[10-58-38] [THREAD STATUS POLLED]: name = AWT-EventQueue-0 in RUNNABLE state; incrementing watchdog counter
[10-58-38] [UI ACTION]: Component = CyderButton, hash = 1373108751, bounds = (350, 900, 180, 50), parent frame =
           Pathfinding Visualizer, getText() = Reset
[10-58-41] [THREAD STATUS POLLED]: name = AWT-EventQueue-0 in RUNNABLE state; incrementing watchdog counter [3x]
[10-58-41] [THREAD STARTED]: Path Solver
[10-58-41] [UI ACTION]: Component = CyderButton, hash = 953802964, bounds = (350, 1000, 180, 50), parent frame =
           Pathfinding Visualizer, getText() = Stop
[10-58-41] [THREAD STARTED]: Pathfinding Path Animator
[10-58-41] [OBJECT CREATION]: Objects created since last delta (5s): 14993
[10-58-43] [THREAD STATUS POLLED]: name = AWT-EventQueue-0 in RUNNABLE state; incrementing watchdog counter [2x]
[10-58-43] [THREAD STARTED]: Path Solver
[10-58-43] [UI ACTION]: Component = CyderButton, hash = 953802964, bounds = (350, 1000, 180, 50), parent frame =
           Pathfinding Visualizer, getText() = Stop
[10-58-43] [THREAD STARTED]: Pathfinding Path Animator
[10-58-45] [THREAD STATUS POLLED]: name = AWT-EventQueue-0 in RUNNABLE state; incrementing watchdog counter [2x]
[10-58-45] [THREAD STARTED]: Path Solver
[10-58-45] [UI ACTION]: Component = CyderButton, hash = 953802964, bounds = (350, 1000, 180, 50), parent frame =
           Pathfinding Visualizer, getText() = Stop
[10-58-45] [THREAD STARTED]: Pathfinding Path Animator
[10-58-46] [THREAD STATUS POLLED]: name = AWT-EventQueue-0 in RUNNABLE state; incrementing watchdog counter
[10-58-46] [OBJECT CREATION]: Objects created since last delta (5s): 35150
[10-58-47] [THREAD STATUS POLLED]: name = AWT-EventQueue-0 in RUNNABLE state; incrementing watchdog counter
[10-58-47] [THREAD STARTED]: Path Solver
[10-58-47] [UI ACTION]: Component = CyderButton, hash = 953802964, bounds = (350, 1000, 180, 50), parent frame =
           Pathfinding Visualizer, getText() = Stop
[10-58-47] [THREAD STARTED]: Pathfinding Path Animator
[10-58-48] [THREAD STATUS POLLED]: name = AWT-EventQueue-0 in RUNNABLE state; incrementing watchdog counter
[10-58-48] [UI ACTION]: Component = CyderDragLabel, hash = -14107013, bounds = (2, 2, 996, 28), parent frame = Pathfindi
           ng Visualizer
[10-58-48] [THREAD STARTED]: [Pathfinding Visualizer]  dispose() animation thread
[10-58-48] [UI ACTION]: CyderFrame disposed with fastclose: false, Component = CyderFrame, hash = 854294535, bounds =
           (1538, 0, 1000, 1070), parent frame = Component is top frame, getTitle() = Pathfinding Visualizer
[10-58-48] [SYSTEM_IO]: Userdata requested: closeanimation
[10-58-49] [SYSTEM_IO]: Userdata requested: minimizeonclose
[10-58-49] [THREAD STARTED]: [Insomnia Cyder [Nathan]]  dispose() animation thread
[10-58-49] [UI ACTION]: CyderFrame disposed with fastclose: false, Component = ConsoleFrame (inner), hash = 2078641942,
           bounds = (1590, 235, 896, 600), parent frame = Component is top frame, getTitle() = Insomnia Cyder [Nathan]
[10-58-49] [SYSTEM_IO]: Userdata requested: closeanimation
[10-58-49] [EXIT]: [RUNTIME] 46s
[10-58-49] [EOL]: Log completed, exiting Cyder with exit code: 0 [Genesis Controlled
           Exit], exceptions thrown: 0
