[11-07-53] [JVM_ENTRY]: [Nathan]
[11-07-53] [THREAD STARTED]: Object Creation Logger
[11-07-53] [THREAD STARTED]: Watchdog Initializer
[11-07-53] [THREAD STARTED]: Singular Cyder Instance Ensurer
[11-07-54] [FONT LOADED]: font name = agency-fb
[11-07-54] [FONT LOADED]: font name = arial-black
[11-07-54] [FONT LOADED]: font name = beyno
[11-07-54] [FONT LOADED]: font name = Darling in Paris
[11-07-54] [FONT LOADED]: font name = darling-in-paris
[11-07-54] [FONT LOADED]: font name = Prompt-Bold
[11-07-54] [FONT LOADED]: font name = segoe-ui-black
[11-07-54] [FONT LOADED]: font name = tahoma
[11-07-54] [THREAD STARTED]: Splash Loader
[11-07-54] [THREAD STARTED]: Splash Animation
[11-07-54] [THREAD STARTED]: Cyder Start Secondary Subroutines
[11-07-54] [LOGIN]: [AUTOCYPHER ATTEMPT]
[11-07-54] [THREAD STARTED]: JVM Args Logger
[11-07-54] [SYSTEM_IO]: Requested deletion of: C:\Users\Nathan\Documents\IntelliJava\Cyder\dynamic\tmp
[11-07-54] [SYSTEM_IO]: [JSON WRITE] [Levenshtein = 1] User was written to file: 7d7ebb00-81fe-329f-8a78-62f463d0b7da
           \Userdata.json
[11-07-54] [SYSTEM_IO]: Requested deletion of: C:\Users\Nathan\Documents\IntelliJava\Cyder\dynamic\backup\7d7ebb00-81fe-
           329f-8a78-62f463d0b7da_1648310712357.json
[11-07-55] [LOGIN]: [AUTOCYPHER PASS, 7d7ebb00-81fe-329f-8a78-62f463d0b7da]
[11-07-55] [SYSTEM_IO]: Userdata requested: RandomBackground
[11-07-55] [SYSTEM_IO]: Userdata requested: FullScreen [4x]
[11-07-55] [THREAD STARTED]: Console Printing Animation
[11-07-55] [SYSTEM_IO]: Userdata requested: OutputBorder
[11-07-55] [SYSTEM_IO]: Userdata requested: FullScreen
[11-07-56] [SYSTEM_IO]: Userdata requested: InputBorder
[11-07-56] [THREAD STARTED]: Console Input Caret Position Updater
[11-07-56] [SYSTEM_IO]: Userdata requested: OutputFill
[11-07-56] [SYSTEM_IO]: Userdata requested: InputFill
[11-07-56] [THREAD STARTED]: High Ping Checker
[11-07-56] [THREAD STARTED]: Hourly Chime Checker
[11-07-56] [THREAD STARTED]: Console Clock Updater
[11-07-56] [THREAD STARTED]: Cyder Busy Checker
[11-07-56] [THREAD STARTED]: ConsoleFrame Stat Saver
[11-07-56] [OBJECT CREATION]: Objects created since last delta (5s): 94
[11-07-56] [UI ACTION]: Console loaded in 3163ms
[11-07-56] [THREAD STARTED]: Component = ConsoleFrame (inner), hash = 2078641942, bounds = (1590, 235, 896, 600), parent 
           frame = Component is top frame, getTitle() = Insomnia Cyder [Nathan] notification queue checker
[11-07-56] [THREAD STARTED]: [Cyder Splash]  dispose() animation thread
[11-07-56] [UI ACTION]: CyderFrame disposed with fastclose: true, Component = CyderFrame, hash = 2009418637, bounds =
           (980, 396, 600, 600), parent frame = Component is top frame, getTitle() = Cyder Splash
[11-07-56] [SYSTEM_IO]: Userdata requested: DebugWindows
[11-07-56] [CONSOLE LOADED]: [Nathan] [TESTING MODE]
[11-07-56] [UI ACTION]: [Insomnia Cyder [Nathan]] [NOTIFICATION] w = 285, h = 29, text = <html>Console loaded in 3163ms</html>
[11-07-56] [THREAD STARTED]: Cyder Watchdog
[11-07-56] [THREAD STARTED]: notification appear animation
[11-07-56] [SYSTEM_IO]: Userdata requested: persistentnotifications
[11-07-56] [THREAD STARTED]: [Pathfinding Visualizer]  finalizeAndShow
[11-07-56] [SYSTEM_IO]: Userdata requested: laststart
[11-07-56] [THREAD STARTED]: Notificaiton Vanish Animator
[11-07-56] [SYSTEM_IO]: [JSON WRITE] [Levenshtein = 5] User was written to file: 7d7ebb00-81fe-329f-8a78-62f463d0b7da
           \Userdata.json
[11-07-56] [SYSTEM_IO]: Requested deletion of: C:\Users\Nathan\Documents\IntelliJava\Cyder\dynamic\backup\7d7ebb00-81fe-
           329f-8a78-62f463d0b7da_1648310874888.json
[11-08-00] [THREAD STATUS POLLED]: name = AWT-EventQueue-0 in RUNNABLE state; incrementing watchdog counter [4x]
[11-08-01] [OBJECT CREATION]: Objects created since last delta (5s): 58
[11-08-09] [THREAD STATUS POLLED]: name = AWT-EventQueue-0 in RUNNABLE state; incrementing watchdog counter [9x]
[11-08-10] [THREAD STARTED]: Path Solver
[11-08-10] [UI ACTION]: Component = CyderButton, hash = 2086153559, bounds = (350, 1000, 180, 50), parent frame =
           Pathfinding Visualizer, getText() = Stop
[11-08-10] [THREAD STATUS POLLED]: name = AWT-EventQueue-0 in RUNNABLE state; incrementing watchdog counter
[11-08-11] [OBJECT CREATION]: Objects created since last delta (5s): 272390
[11-08-13] [THREAD STATUS POLLED]: name = AWT-EventQueue-0 in RUNNABLE state; incrementing watchdog counter [3x]
[11-08-13] [THREAD STARTED]: Path Solver
[11-08-13] [UI ACTION]: Component = CyderButton, hash = 2086153559, bounds = (350, 1000, 180, 50), parent frame =
           Pathfinding Visualizer, getText() = Stop
[11-08-15] [THREAD STATUS POLLED]: name = AWT-EventQueue-0 in RUNNABLE state; incrementing watchdog counter [2x]
[11-08-16] [OBJECT CREATION]: Objects created since last delta (5s): 272326
[11-08-16] [THREAD STATUS POLLED]: name = AWT-EventQueue-0 in RUNNABLE state; incrementing watchdog counter
[11-08-17] [THREAD STARTED]: Path Solver
[11-08-17] [UI ACTION]: Component = CyderButton, hash = 2086153559, bounds = (350, 1000, 180, 50), parent frame =
           Pathfinding Visualizer, getText() = Stop
[11-08-19] [THREAD STATUS POLLED]: name = AWT-EventQueue-0 in RUNNABLE state; incrementing watchdog counter [3x]
[11-08-20] [UI ACTION]: Component = CyderCheckbox, hash = 1713095706, bounds = (100, 1000, 50, 50), parent frame =
           Pathfinding Visualizer
[11-08-20] [THREAD STATUS POLLED]: name = AWT-EventQueue-0 in RUNNABLE state; incrementing watchdog counter
[11-08-21] [OBJECT CREATION]: Objects created since last delta (5s): 272326
[11-08-21] [THREAD STATUS POLLED]: name = AWT-EventQueue-0 in RUNNABLE state; incrementing watchdog counter
[11-08-21] [THREAD STARTED]: Path Solver
[11-08-21] [UI ACTION]: Component = CyderButton, hash = 2086153559, bounds = (350, 1000, 180, 50), parent frame =
           Pathfinding Visualizer, getText() = Stop
[11-08-25] [THREAD STATUS POLLED]: name = AWT-EventQueue-0 in RUNNABLE state; incrementing watchdog counter [4x]
[11-08-26] [OBJECT CREATION]: Objects created since last delta (5s): 272326
[11-08-29] [THREAD STATUS POLLED]: name = AWT-EventQueue-0 in RUNNABLE state; incrementing watchdog counter [4x]
[11-08-29] [THREAD STARTED]: Path Solver
[11-08-29] [UI ACTION]: Component = CyderButton, hash = 2086153559, bounds = (350, 1000, 180, 50), parent frame =
           Pathfinding Visualizer, getText() = Stop
[11-08-30] [THREAD STATUS POLLED]: name = AWT-EventQueue-0 in RUNNABLE state; incrementing watchdog counter
[11-08-30] [THREAD STARTED]: Pathfinding Path Animator
[11-08-31] [OBJECT CREATION]: Objects created since last delta (5s): 120974
[11-08-35] [THREAD STATUS POLLED]: name = AWT-EventQueue-0 in RUNNABLE state; incrementing watchdog counter [5x]
[11-08-36] [OBJECT CREATION]: Objects created since last delta (5s): 267
[11-08-36] [THREAD STATUS POLLED]: name = AWT-EventQueue-0 in RUNNABLE state; incrementing watchdog counter
[11-08-37] [THREAD STARTED]: Path Solver
[11-08-37] [UI ACTION]: Component = CyderButton, hash = 2086153559, bounds = (350, 1000, 180, 50), parent frame =
           Pathfinding Visualizer, getText() = Stop
[11-08-37] [THREAD STATUS POLLED]: name = AWT-EventQueue-0 in RUNNABLE state; incrementing watchdog counter
[11-08-38] [THREAD STARTED]: Pathfinding Path Animator
[11-08-40] [THREAD STATUS POLLED]: name = AWT-EventQueue-0 in RUNNABLE state; incrementing watchdog counter [3x]
[11-08-41] [OBJECT CREATION]: Objects created since last delta (5s): 121145
[11-08-41] [UI ACTION]: Component = CyderButton, hash = 1881698298, bounds = (350, 900, 180, 50), parent frame =
           Pathfinding Visualizer, getText() = Reset
[11-08-45] [THREAD STATUS POLLED]: name = AWT-EventQueue-0 in RUNNABLE state; incrementing watchdog counter [5x]
[11-08-45] [THREAD STARTED]: Path Solver
[11-08-45] [UI ACTION]: Component = CyderButton, hash = 2086153559, bounds = (350, 1000, 180, 50), parent frame =
           Pathfinding Visualizer, getText() = Stop
[11-08-46] [THREAD STARTED]: Pathfinding Path Animator
[11-08-46] [OBJECT CREATION]: Objects created since last delta (5s): 340076
[11-08-50] [THREAD STATUS POLLED]: name = AWT-EventQueue-0 in RUNNABLE state; incrementing watchdog counter [5x]
[11-08-51] [OBJECT CREATION]: Objects created since last delta (5s): 257
[11-08-54] [THREAD STATUS POLLED]: name = AWT-EventQueue-0 in RUNNABLE state; incrementing watchdog counter [4x]
[11-08-55] [THREAD STARTED]: Path Solver
[11-08-55] [UI ACTION]: Component = CyderButton, hash = 2086153559, bounds = (350, 1000, 180, 50), parent frame =
           Pathfinding Visualizer, getText() = Stop
[11-08-55] [THREAD STATUS POLLED]: name = AWT-EventQueue-0 in RUNNABLE state; incrementing watchdog counter
[11-08-56] [OBJECT CREATION]: Objects created since last delta (5s): 509055
[11-08-57] [THREAD STATUS POLLED]: name = AWT-EventQueue-0 in RUNNABLE state; incrementing watchdog counter [2x]
[11-08-57] [UI ACTION]: Component = CyderCheckbox, hash = 1713095706, bounds = (100, 1000, 50, 50), parent frame =
           Pathfinding Visualizer
[11-08-58] [THREAD STARTED]: Path Solver
[11-08-58] [UI ACTION]: Component = CyderButton, hash = 2086153559, bounds = (350, 1000, 180, 50), parent frame =
           Pathfinding Visualizer, getText() = Stop
[11-09-00] [THREAD STATUS POLLED]: name = AWT-EventQueue-0 in RUNNABLE state; incrementing watchdog counter [3x]
[11-09-01] [OBJECT CREATION]: Objects created since last delta (5s): 508650
[11-09-02] [THREAD STATUS POLLED]: name = AWT-EventQueue-0 in RUNNABLE state; incrementing watchdog counter [2x]
[11-09-03] [UI ACTION]: Component = CyderDragLabel, hash = -14107013, bounds = (2, 2, 996, 28), parent frame = Pathfindi
           ng Visualizer
[11-09-03] [THREAD STARTED]: [Pathfinding Visualizer]  dispose() animation thread
[11-09-03] [UI ACTION]: CyderFrame disposed with fastclose: false, Component = CyderFrame, hash = 2053959484, bounds =
           (1538, 0, 1000, 1070), parent frame = Component is top frame, getTitle() = Pathfinding Visualizer
[11-09-03] [SYSTEM_IO]: Userdata requested: closeanimation
[11-09-23] [THREAD STATUS POLLED]: name = AWT-EventQueue-0 in RUNNABLE state; incrementing watchdog counter [3x]
[11-09-49] [EOL]: Log completed, Cyder crashed unexpectedly: exit code: -9 External Stop, exceptions thrown: 0
