[12-45-46] [JVM_ENTRY]: [Nathan]
[12-45-46] [THREAD STARTED]: Object Creation Logger
[12-45-46] [THREAD STARTED]: Watchdog Initializer
[12-45-47] [THREAD STARTED]: Singular Cyder Instance Ensurer
[12-45-47] [FONT LOADED]: font name = agency-fb
[12-45-47] [FONT LOADED]: font name = arial-black
[12-45-47] [FONT LOADED]: font name = beyno
[12-45-47] [FONT LOADED]: font name = Darling in Paris
[12-45-47] [FONT LOADED]: font name = darling-in-paris
[12-45-47] [FONT LOADED]: font name = Prompt-Bold
[12-45-47] [FONT LOADED]: font name = segoe-ui-black
[12-45-47] [FONT LOADED]: font name = tahoma
[12-45-47] [THREAD STARTED]: Splash Loader
[12-45-48] [THREAD STARTED]: Splash Animation
[12-45-48] [THREAD STARTED]: Cyder Start Secondary Subroutines
[12-45-48] [LOGIN]: [AUTOCYPHER ATTEMPT]
[12-45-48] [THREAD STARTED]: JVM Args Logger
[12-45-48] [SYSTEM_IO]: Requested deletion of: C:\Users\Nathan\Documents\IntelliJava\Cyder\dynamic\tmp
[12-45-48] [SYSTEM_IO]: [JSON WRITE] [Levenshtein = 1] User was written to file: 7d7ebb00-81fe-329f-8a78-62f463d0b7da
           \Userdata.json
[12-45-48] [SYSTEM_IO]: Requested deletion of: C:\Users\Nathan\Documents\IntelliJava\Cyder\dynamic\backup\7d7ebb00-81fe-
           329f-8a78-62f463d0b7da_1648316660046.json
[12-45-49] [LOGIN]: [AUTOCYPHER PASS, 7d7ebb00-81fe-329f-8a78-62f463d0b7da]
[12-45-49] [OBJECT CREATION]: Objects created since last delta (5s): 60
[12-45-49] [THREAD STARTED]: Cyder Watchdog
[12-45-49] [SYSTEM_IO]: Userdata requested: RandomBackground
[12-45-49] [SYSTEM_IO]: Userdata requested: FullScreen
[12-45-50] [SYSTEM_IO]: Userdata requested: fullscreen
[12-45-50] [SYSTEM_IO]: Userdata requested: FullScreen
[12-45-50] [SYSTEM_IO]: Userdata requested: FullScreen
[12-45-50] [THREAD STARTED]: Console Printing Animation
[12-45-50] [SYSTEM_IO]: Userdata requested: OutputBorder
[12-45-50] [SYSTEM_IO]: Userdata requested: FullScreen
[12-45-50] [SYSTEM_IO]: Userdata requested: InputBorder
[12-45-50] [THREAD STARTED]: Console Input Caret Position Updater
[12-45-50] [SYSTEM_IO]: Userdata requested: OutputFill
[12-45-50] [SYSTEM_IO]: Userdata requested: InputFill
[12-45-50] [THREAD STARTED]: High Ping Checker
[12-45-50] [THREAD STARTED]: Hourly Chime Checker
[12-45-50] [THREAD STARTED]: Console Clock Updater
[12-45-50] [THREAD STARTED]: Cyder Busy Checker
[12-45-50] [THREAD STARTED]: ConsoleFrame Stat Saver
[12-45-50] [UI ACTION]: Console loaded in 4324ms
[12-45-50] [THREAD STARTED]: Component = ConsoleFrame (inner), hash = 1416415959, bounds = (982, 792, 896, 600), parent
           frame = Component is top frame, getTitle() = Insomnia Cyder [Nathan] notification queue checker
[12-45-50] [THREAD STARTED]: [Cyder Splash]  dispose() animation thread
[12-45-50] [SYSTEM_IO]: Userdata requested: DebugWindows
[12-45-50] [CONSOLE LOADED]: [Nathan] [TESTING MODE]
[12-45-50] [UI ACTION]: CyderFrame disposed with fastclose: true, Component = CyderFrame, hash = 121963984, bounds =
           (980, 396, 600, 600), parent frame = Component is top frame, getTitle() = Cyder Splash
[12-45-50] [UI ACTION]: [Insomnia Cyder [Nathan]] [NOTIFICATION] w = 288, h = 29, text = <html>Console loaded in 4324ms</html>
[12-45-50] [THREAD STARTED]: notification appear animation
[12-45-50] [SYSTEM_IO]: Userdata requested: persistentnotifications
[12-45-50] [THREAD STARTED]: Notificaiton Vanish Animator
[12-45-50] [THREAD STATUS POLLED]: name = AWT-EventQueue-0 in RUNNABLE state; incrementing watchdog counter
[12-45-50] [THREAD STARTED]: [Pathfinding Visualizer]  finalizeAndShow
[12-45-50] [SYSTEM_IO]: Userdata requested: laststart
[12-45-50] [SYSTEM_IO]: [JSON WRITE] [Levenshtein = 5] User was written to file: 7d7ebb00-81fe-329f-8a78-62f463d0b7da
           \Userdata.json
[12-45-50] [SYSTEM_IO]: Requested deletion of: C:\Users\Nathan\Documents\IntelliJava\Cyder\dynamic\backup\7d7ebb00-81fe-
           329f-8a78-62f463d0b7da_1648316748947.json
[12-45-51] [THREAD STATUS POLLED]: name = AWT-EventQueue-0 in RUNNABLE state; incrementing watchdog counter
[12-45-52] [THREAD STATUS POLLED]: name = AWT-EventQueue-0 in RUNNABLE state; incrementing watchdog counter
[12-45-53] [THREAD STATUS POLLED]: name = AWT-EventQueue-0 in RUNNABLE state; incrementing watchdog counter
[12-45-54] [OBJECT CREATION]: Objects created since last delta (5s): 92
[12-45-54] [THREAD STATUS POLLED]: name = AWT-EventQueue-0 in RUNNABLE state; incrementing watchdog counter
[12-45-55] [THREAD STATUS POLLED]: name = AWT-EventQueue-0 in RUNNABLE state; incrementing watchdog counter
[12-45-56] [THREAD STATUS POLLED]: name = AWT-EventQueue-0 in RUNNABLE state; incrementing watchdog counter
[12-45-57] [THREAD STATUS POLLED]: name = AWT-EventQueue-0 in RUNNABLE state; incrementing watchdog counter
[12-45-58] [THREAD STATUS POLLED]: name = AWT-EventQueue-0 in RUNNABLE state; incrementing watchdog counter
[12-45-59] [THREAD STATUS POLLED]: name = AWT-EventQueue-0 in RUNNABLE state; incrementing watchdog counter
[12-46-00] [THREAD STATUS POLLED]: name = AWT-EventQueue-0 in RUNNABLE state; incrementing watchdog counter
[12-46-01] [THREAD STATUS POLLED]: name = AWT-EventQueue-0 in RUNNABLE state; incrementing watchdog counter
[12-46-02] [THREAD STATUS POLLED]: name = AWT-EventQueue-0 in RUNNABLE state; incrementing watchdog counter
[12-46-03] [THREAD STATUS POLLED]: name = AWT-EventQueue-0 in RUNNABLE state; incrementing watchdog counter
[12-46-04] [THREAD STATUS POLLED]: name = AWT-EventQueue-0 in RUNNABLE state; incrementing watchdog counter
[12-46-05] [THREAD STATUS POLLED]: name = AWT-EventQueue-0 in RUNNABLE state; incrementing watchdog counter
[12-46-06] [THREAD STATUS POLLED]: name = AWT-EventQueue-0 in RUNNABLE state; incrementing watchdog counter
[12-46-07] [THREAD STATUS POLLED]: name = AWT-EventQueue-0 in RUNNABLE state; incrementing watchdog counter
[12-46-08] [THREAD STATUS POLLED]: name = AWT-EventQueue-0 in RUNNABLE state; incrementing watchdog counter
[12-46-09] [THREAD STATUS POLLED]: name = AWT-EventQueue-0 in RUNNABLE state; incrementing watchdog counter
[12-46-10] [THREAD STATUS POLLED]: name = AWT-EventQueue-0 in RUNNABLE state; incrementing watchdog counter
[12-46-11] [THREAD STATUS POLLED]: name = AWT-EventQueue-0 in RUNNABLE state; incrementing watchdog counter
[12-46-12] [THREAD STATUS POLLED]: name = AWT-EventQueue-0 in RUNNABLE state; incrementing watchdog counter
[12-46-12] [UI ACTION]: Component = CyderLabel, hash = 454253212, bounds = (50, 885, 150, 40), parent frame = Pathfindin
           g Visualizer, getText() = <html><div style='text-align: center;'>Start</html>
[12-46-13] [UI ACTION]: Component = CyderCheckbox, hash = 1163021112, bounds = (100, 920, 50, 50), parent frame =
           Pathfinding Visualizer
[12-46-13] [THREAD STATUS POLLED]: name = AWT-EventQueue-0 in RUNNABLE state; incrementing watchdog counter
[12-46-14] [OBJECT CREATION]: Objects created since last delta (5s): 16
[12-46-14] [THREAD STATUS POLLED]: name = AWT-EventQueue-0 in RUNNABLE state; incrementing watchdog counter
[12-46-15] [UI ACTION]: Component = CyderCheckbox, hash = 346632230, bounds = (180, 920, 50, 50), parent frame =
           Pathfinding Visualizer
[12-46-15] [THREAD STATUS POLLED]: name = AWT-EventQueue-0 in RUNNABLE state; incrementing watchdog counter
[12-46-16] [THREAD STARTED]: Path Solver
[12-46-16] [UI ACTION]: Component = CyderButton, hash = 1068931831, bounds = (350, 1000, 180, 50), parent frame =
           Pathfinding Visualizer, getText() = Stop
[12-46-16] [THREAD STARTED]: Pathfinding Path Animator
[12-46-16] [THREAD STATUS POLLED]: name = AWT-EventQueue-0 in RUNNABLE state; incrementing watchdog counter
[12-46-17] [UI ACTION]: Component = CyderCheckbox, hash = 346632230, bounds = (180, 920, 50, 50), parent frame =
           Pathfinding Visualizer
[12-46-17] [THREAD STATUS POLLED]: name = AWT-EventQueue-0 in RUNNABLE state; incrementing watchdog counter
[12-46-18] [UI ACTION]: Component = CyderCheckbox, hash = 1163021112, bounds = (100, 920, 50, 50), parent frame =
           Pathfinding Visualizer
[12-46-18] [THREAD STATUS POLLED]: name = AWT-EventQueue-0 in RUNNABLE state; incrementing watchdog counter
[12-46-19] [OBJECT CREATION]: Objects created since last delta (5s): 1484
[12-46-19] [THREAD STATUS POLLED]: name = AWT-EventQueue-0 in RUNNABLE state; incrementing watchdog counter
[12-46-20] [THREAD STATUS POLLED]: name = AWT-EventQueue-0 in RUNNABLE state; incrementing watchdog counter
[12-46-21] [THREAD STARTED]: Path Solver
[12-46-21] [UI ACTION]: Component = CyderButton, hash = 1068931831, bounds = (350, 1000, 180, 50), parent frame =
           Pathfinding Visualizer, getText() = Stop
[12-46-21] [THREAD STARTED]: Pathfinding Path Animator
[12-46-21] [THREAD STATUS POLLED]: name = AWT-EventQueue-0 in RUNNABLE state; incrementing watchdog counter
[12-46-22] [THREAD STATUS POLLED]: name = AWT-EventQueue-0 in RUNNABLE state; incrementing watchdog counter
[12-46-23] [UI ACTION]: Component = CyderButton, hash = 634724853, bounds = (350, 900, 180, 50), parent frame =
           Pathfinding Visualizer, getText() = Reset
[12-46-24] [THREAD STATUS POLLED]: name = AWT-EventQueue-0 in RUNNABLE state; incrementing watchdog counter
[12-46-24] [OBJECT CREATION]: Objects created since last delta (5s): 2001
[12-46-25] [THREAD STATUS POLLED]: name = AWT-EventQueue-0 in RUNNABLE state; incrementing watchdog counter
[12-46-26] [THREAD STATUS POLLED]: name = AWT-EventQueue-0 in RUNNABLE state; incrementing watchdog counter
[12-46-26] [UI ACTION]: Component = CyderDragLabel, hash = -14107013, bounds = (2, 2, 996, 28), parent frame = Pathfindi
           ng Visualizer
[12-46-26] [THREAD STARTED]: [Pathfinding Visualizer]  dispose() animation thread
[12-46-26] [UI ACTION]: CyderFrame disposed with fastclose: false, Component = CyderFrame, hash = 1840403468, bounds =
           (1376, 174, 1000, 1070), parent frame = Component is top frame, getTitle() = Pathfinding Visualizer
[12-46-26] [SYSTEM_IO]: Userdata requested: closeanimation
[12-46-28] [SYSTEM_IO]: Userdata requested: minimizeonclose
[12-46-28] [THREAD STARTED]: [Insomnia Cyder [Nathan]]  dispose() animation thread
[12-46-28] [UI ACTION]: CyderFrame disposed with fastclose: false, Component = ConsoleFrame (inner), hash = 1416415959,
           bounds = (982, 792, 896, 600), parent frame = Component is top frame, getTitle() = Insomnia Cyder [Nathan]
[12-46-28] [SYSTEM_IO]: Userdata requested: closeanimation
[12-46-28] [EXIT]: [RUNTIME] 41s
[12-46-28] [EOL]: Log completed, exiting Cyder with exit code: 0 [Genesis Controlled
           Exit], exceptions thrown: 0
