[19-05-01] [ENTRY]: [Nathan]
[19-05-01] [SYSTEM_IO]: System data pared in IOUtil's static block
[19-05-02] [SYSTEM_IO]: Suggestions pared in IOUtil's static block
[19-05-03] [LOGIN]: [AUTOCYPHER ATTEMPT]
[19-05-03] [JAVA ARGS]: [LOCATION] [La casa de Nathan]
[19-05-04] [LOGIN]: [AUTOCYPHER PASS, e5a50641-21d1-3654-b738-c0e4b2dc61b1]
[19-05-04] [SYSTEM_IO]: Userdata requested: Name
[19-05-04] [SYSTEM_IO]: Userdata requested: RandomBackground
[19-05-04] [SYSTEM_IO]: Userdata requested: FullScreen
[19-05-04] [SYSTEM_IO]: Userdata requested: Name
[19-05-04] [SYSTEM_IO]: Userdata requested: Foreground
[19-05-04] [SYSTEM_IO]: Userdata requested: Foreground
[19-05-04] [SYSTEM_IO]: Userdata requested: FullScreen
[19-05-04] [SYSTEM_IO]: Userdata requested: FullScreen
[19-05-04] [SYSTEM_IO]: Userdata requested: Foreground
[19-05-04] [SYSTEM_IO]: Userdata requested: Font
[19-05-04] [SYSTEM_IO]: Userdata requested: OutputBorder
[19-05-04] [SYSTEM_IO]: Userdata requested: FullScreen
[19-05-04] [SYSTEM_IO]: Userdata requested: InputBorder
[19-05-04] [SYSTEM_IO]: Userdata requested: Foreground
[19-05-04] [SYSTEM_IO]: Userdata requested: Foreground
[19-05-04] [SYSTEM_IO]: Userdata requested: Foreground
[19-05-04] [SYSTEM_IO]: Userdata requested: Font
[19-05-04] [SYSTEM_IO]: Userdata requested: OutputFill
[19-05-04] [SYSTEM_IO]: Userdata requested: InputFill
[19-05-04] [ACTION]: CyderFrame disposed with fastclose: true, CyderFrame: Component name = [cyder.ui.CyderFrame], bounds = [(980, 396, 600, 600)], hash = [1224401151], parentFrame = [Object itself is the top level frame], associated text = [No getText() method found], tooltip text = [No getTooltipText() method found], title = [Cyder Splash]
[19-05-04] [ACTION]: Console loaded in 3529ms
[19-05-05] [SYSTEM_IO]: Userdata requested: DebugWindows
[19-05-05] [ENTRY]: [TESTING MODE]
[19-05-05] [SYSTEM_IO]: Userdata requested: SilenceErrors
[19-05-05] [DEBUG]: null
java.lang.NullPointerException
	at java.base/java.io.Reader.<init>(Reader.java:78)
	at java.base/java.io.InputStreamReader.<init>(InputStreamReader.java:72)
	at cyder.utilities.ReflectionUtil.findAllClassesUsingClassLoader(ReflectionUtil.java:159)
	at cyder.utilities.ReflectionUtil.findWidgets(ReflectionUtil.java:145)
	at test.java.Debug.launchTests(Debug.java:155)
	at cyder.ui.ConsoleFrame.onLaunch(ConsoleFrame.java:1342)
	at cyder.ui.ConsoleFrame.access$400(ConsoleFrame.java:38)
	at cyder.ui.ConsoleFrame$2.windowOpened(ConsoleFrame.java:243)
	at java.desktop/java.awt.AWTEventMulticaster.windowOpened(AWTEventMulticaster.java:348)
	at java.desktop/java.awt.Window.processWindowEvent(Window.java:2061)
	at java.desktop/javax.swing.JFrame.processWindowEvent(JFrame.java:298)
	at java.desktop/java.awt.Window.processEvent(Window.java:2023)
	at java.desktop/java.awt.Component.dispatchEventImpl(Component.java:4961)
	at java.desktop/java.awt.Container.dispatchEventImpl(Container.java:2317)
	at java.desktop/java.awt.Window.dispatchEventImpl(Window.java:2758)
	at java.desktop/java.awt.Component.dispatchEvent(Component.java:4793)
	at java.desktop/java.awt.EventQueue.dispatchEventImpl(EventQueue.java:766)
	at java.desktop/java.awt.EventQueue.access$500(EventQueue.java:97)
	at java.desktop/java.awt.EventQueue$3.run(EventQueue.java:717)
	at java.desktop/java.awt.EventQueue$3.run(EventQueue.java:711)
	at java.base/java.security.AccessController.doPrivileged(Native Method)
	at java.base/java.security.ProtectionDomain$JavaSecurityAccessImpl.doIntersectionPrivilege(ProtectionDomain.java:89)
	at java.base/java.security.ProtectionDomain$JavaSecurityAccessImpl.doIntersectionPrivilege(ProtectionDomain.java:99)
	at java.desktop/java.awt.EventQueue$4.run(EventQueue.java:739)
	at java.desktop/java.awt.EventQueue$4.run(EventQueue.java:737)
	at java.base/java.security.AccessController.doPrivileged(Native Method)
	at java.base/java.security.ProtectionDomain$JavaSecurityAccessImpl.doIntersectionPrivilege(ProtectionDomain.java:89)
	at java.desktop/java.awt.EventQueue.dispatchEvent(EventQueue.java:736)
	at java.desktop/java.awt.EventDispatchThread.pumpOneEventForFilters(EventDispatchThread.java:199)
	at java.desktop/java.awt.EventDispatchThread.pumpEventsForFilter(EventDispatchThread.java:124)
	at java.desktop/java.awt.EventDispatchThread.pumpEventsForHierarchy(EventDispatchThread.java:113)
	at java.desktop/java.awt.EventDispatchThread.pumpEvents(EventDispatchThread.java:109)
	at java.desktop/java.awt.EventDispatchThread.pumpEvents(EventDispatchThread.java:101)
	at java.desktop/java.awt.EventDispatchThread.run(EventDispatchThread.java:90)
[19-05-05] [SYSTEM_IO]: Userdata requested: laststart
[19-05-05] [SYSTEM_IO]: Userdata requested: IntroMusic
[19-05-05] [ACTION]: [Stellar Cyder [Nathan]] [NOTIFICATION] Console loaded in 3529ms
[19-05-05] [SYSTEM_IO]: Userdata requested: persistentnotifications
[EXTERNAL STOP] Cyder was force closed by an external entity such as an IDE stop or the OS' Task Manager
