[22-48-47] [ENTRY]: [Nathan]
[22-48-47] [SYSTEM_IO]: System data pared in IOUtil's static block
[22-48-48] [SYSTEM_IO]: Suggestions pared in IOUtil's static block
[22-48-49] [LOGIN]: [AUTOCYPHER ATTEMPT]
[22-48-49] [JAVA ARGS]: [LOCATION] [La casa de Nathan]
[22-48-49] [LOGIN]: [AUTOCYPHER PASS, e5a50641-21d1-3654-b738-c0e4b2dc61b1]
[22-48-49] [SYSTEM_IO]: Userdata requested: Name
[22-48-50] [SYSTEM_IO]: Userdata requested: RandomBackground
[22-48-50] [SYSTEM_IO]: Userdata requested: FullScreen
[22-48-50] [SYSTEM_IO]: Userdata requested: Name
[22-48-50] [SYSTEM_IO]: Userdata requested: Foreground
[22-48-50] [SYSTEM_IO]: Userdata requested: Foreground
[22-48-50] [SYSTEM_IO]: Userdata requested: FullScreen
[22-48-50] [SYSTEM_IO]: Userdata requested: FullScreen
[22-48-50] [SYSTEM_IO]: Userdata requested: Foreground
[22-48-50] [SYSTEM_IO]: Userdata requested: Font
[22-48-50] [SYSTEM_IO]: Userdata requested: OutputBorder
[22-48-50] [SYSTEM_IO]: Userdata requested: FullScreen
[22-48-50] [SYSTEM_IO]: Userdata requested: InputBorder
[22-48-50] [SYSTEM_IO]: Userdata requested: Foreground
[22-48-50] [SYSTEM_IO]: Userdata requested: Foreground
[22-48-50] [SYSTEM_IO]: Userdata requested: Foreground
[22-48-50] [SYSTEM_IO]: Userdata requested: Font
[22-48-50] [SYSTEM_IO]: Userdata requested: OutputFill
[22-48-50] [SYSTEM_IO]: Userdata requested: InputFill
[22-48-50] [ACTION]: CyderFrame disposed with fastclose: true, CyderFrame: Component name = [cyder.ui.CyderFrame], bounds = [(980, 396, 600, 600)], hash = [350584269], parentFrame = [Object itself is the top level frame], associated text = [No getText() method found], tooltip text = [No getTooltipText() method found], title = [Cyder Splash]
[22-48-50] [ACTION]: Console loaded in 2984ms
[22-48-50] [SYSTEM_IO]: Userdata requested: DebugWindows
[22-48-50] [ENTRY]: [TESTING MODE]
[22-48-50] [SYSTEM_IO]: Userdata requested: laststart
[22-48-50] [SYSTEM_IO]: Userdata requested: IntroMusic
[22-48-50] [ACTION]: [Stellar Cyder [Nathan]] [NOTIFICATION] Console loaded in 2984ms
[22-48-50] [SYSTEM_IO]: Userdata requested: persistentnotifications
[22-48-52] [CLIENT]: throw
[22-48-52] [SYSTEM_IO]: Userdata requested: filterchat
[22-48-52] [EXCEPTION]: 
Error thrown on Thursday, 01/20/2022 10:48PM CST
Thrown from:
cyder.handlers.internal.InputHandler.handle(InputHandler.java:973)
StackTrace:
java.lang.Exception: Error thrown on Thursday, 01/20/2022 10:48PM CST
	at cyder.handlers.internal.InputHandler.handle(InputHandler.java:973)
	at cyder.ui.ConsoleFrame.lambda$start$2(ConsoleFrame.java:516)
	at java.desktop/javax.swing.JTextField.fireActionPerformed(JTextField.java:508)
	at java.desktop/javax.swing.JTextField.postActionEvent(JTextField.java:723)
	at java.desktop/javax.swing.JTextField$NotifyAction.actionPerformed(JTextField.java:839)
	at java.desktop/javax.swing.SwingUtilities.notifyAction(SwingUtilities.java:1805)
	at java.desktop/javax.swing.JComponent.processKeyBinding(JComponent.java:2901)
	at java.desktop/javax.swing.JComponent.processKeyBindings(JComponent.java:2949)
	at java.desktop/javax.swing.JComponent.processKeyEvent(JComponent.java:2863)
	at java.desktop/java.awt.Component.processEvent(Component.java:6355)
	at java.desktop/java.awt.Container.processEvent(Container.java:2259)
	at java.desktop/java.awt.Component.dispatchEventImpl(Component.java:4961)
	at java.desktop/java.awt.Container.dispatchEventImpl(Container.java:2317)
	at java.desktop/java.awt.Component.dispatchEvent(Component.java:4793)
	at java.desktop/java.awt.KeyboardFocusManager.redispatchEvent(KeyboardFocusManager.java:1955)
	at java.desktop/java.awt.DefaultKeyboardFocusManager.dispatchKeyEvent(DefaultKeyboardFocusManager.java:827)
	at java.desktop/java.awt.DefaultKeyboardFocusManager.preDispatchKeyEvent(DefaultKeyboardFocusManager.java:1096)
	at java.desktop/java.awt.DefaultKeyboardFocusManager.typeAheadAssertions(DefaultKeyboardFocusManager.java:966)
	at java.desktop/java.awt.DefaultKeyboardFocusManager.dispatchEvent(DefaultKeyboardFocusManager.java:792)
	at java.desktop/java.awt.Component.dispatchEventImpl(Component.java:4842)
	at java.desktop/java.awt.Container.dispatchEventImpl(Container.java:2317)
	at java.desktop/java.awt.Window.dispatchEventImpl(Window.java:2758)
	at java.desktop/java.awt.Component.dispatchEvent(Component.java:4793)
	at java.desktop/java.awt.EventQueue.dispatchEventImpl(EventQueue.java:766)
	at java.desktop/java.awt.EventQueue.access$500(EventQueue.java:97)
	at java.desktop/java.awt.EventQueue$3.run(EventQueue.java:717)
	at java.desktop/java.awt.EventQueue$3.run(EventQueue.java:711)
	at java.base/java.security.AccessController.doPrivileged(Native Method)
	at java.base/java.security.ProtectionDomain$JavaSecurityAccessImpl.doIntersectionPrivilege(ProtectionDomain.java:89)
	at java.base/java.security.ProtectionDomain$JavaSecurityAccessImpl.doIntersectionPrivilege(ProtectionDomain.java:99)
	at java.desktop/java.awt.EventQueue$4.run(EventQueue.java:739)
	at java.desktop/java.awt.EventQueue$4.run(EventQueue.java:737)
	at java.base/java.security.AccessController.doPrivileged(Native Method)
	at java.base/java.security.ProtectionDomain$JavaSecurityAccessImpl.doIntersectionPrivilege(ProtectionDomain.java:89)
	at java.desktop/java.awt.EventQueue.dispatchEvent(EventQueue.java:736)
	at java.desktop/java.awt.EventDispatchThread.pumpOneEventForFilters(EventDispatchThread.java:199)
	at java.desktop/java.awt.EventDispatchThread.pumpEventsForFilter(EventDispatchThread.java:124)
	at java.desktop/java.awt.EventDispatchThread.pumpEventsForHierarchy(EventDispatchThread.java:113)
	at java.desktop/java.awt.EventDispatchThread.pumpEvents(EventDispatchThread.java:109)
	at java.desktop/java.awt.EventDispatchThread.pumpEvents(EventDispatchThread.java:101)
	at java.desktop/java.awt.EventDispatchThread.run(EventDispatchThread.java:90)
[22-48-52] [SYSTEM_IO]: Userdata requested: SilenceErrors
[22-48-52] [DEBUG]: Error thrown on Thursday, 01/20/2022 10:48PM CST
java.lang.Exception: Error thrown on Thursday, 01/20/2022 10:48PM CST
	at cyder.handlers.internal.InputHandler.handle(InputHandler.java:973)
	at cyder.ui.ConsoleFrame.lambda$start$2(ConsoleFrame.java:516)
	at java.desktop/javax.swing.JTextField.fireActionPerformed(JTextField.java:508)
	at java.desktop/javax.swing.JTextField.postActionEvent(JTextField.java:723)
	at java.desktop/javax.swing.JTextField$NotifyAction.actionPerformed(JTextField.java:839)
	at java.desktop/javax.swing.SwingUtilities.notifyAction(SwingUtilities.java:1805)
	at java.desktop/javax.swing.JComponent.processKeyBinding(JComponent.java:2901)
	at java.desktop/javax.swing.JComponent.processKeyBindings(JComponent.java:2949)
	at java.desktop/javax.swing.JComponent.processKeyEvent(JComponent.java:2863)
	at java.desktop/java.awt.Component.processEvent(Component.java:6355)
	at java.desktop/java.awt.Container.processEvent(Container.java:2259)
	at java.desktop/java.awt.Component.dispatchEventImpl(Component.java:4961)
	at java.desktop/java.awt.Container.dispatchEventImpl(Container.java:2317)
	at java.desktop/java.awt.Component.dispatchEvent(Component.java:4793)
	at java.desktop/java.awt.KeyboardFocusManager.redispatchEvent(KeyboardFocusManager.java:1955)
	at java.desktop/java.awt.DefaultKeyboardFocusManager.dispatchKeyEvent(DefaultKeyboardFocusManager.java:827)
	at java.desktop/java.awt.DefaultKeyboardFocusManager.preDispatchKeyEvent(DefaultKeyboardFocusManager.java:1096)
	at java.desktop/java.awt.DefaultKeyboardFocusManager.typeAheadAssertions(DefaultKeyboardFocusManager.java:966)
	at java.desktop/java.awt.DefaultKeyboardFocusManager.dispatchEvent(DefaultKeyboardFocusManager.java:792)
	at java.desktop/java.awt.Component.dispatchEventImpl(Component.java:4842)
	at java.desktop/java.awt.Container.dispatchEventImpl(Container.java:2317)
	at java.desktop/java.awt.Window.dispatchEventImpl(Window.java:2758)
	at java.desktop/java.awt.Component.dispatchEvent(Component.java:4793)
	at java.desktop/java.awt.EventQueue.dispatchEventImpl(EventQueue.java:766)
	at java.desktop/java.awt.EventQueue.access$500(EventQueue.java:97)
	at java.desktop/java.awt.EventQueue$3.run(EventQueue.java:717)
	at java.desktop/java.awt.EventQueue$3.run(EventQueue.java:711)
	at java.base/java.security.AccessController.doPrivileged(Native Method)
	at java.base/java.security.ProtectionDomain$JavaSecurityAccessImpl.doIntersectionPrivilege(ProtectionDomain.java:89)
	at java.base/java.security.ProtectionDomain$JavaSecurityAccessImpl.doIntersectionPrivilege(ProtectionDomain.java:99)
	at java.desktop/java.awt.EventQueue$4.run(EventQueue.java:739)
	at java.desktop/java.awt.EventQueue$4.run(EventQueue.java:737)
	at java.base/java.security.AccessController.doPrivileged(Native Method)
	at java.base/java.security.ProtectionDomain$JavaSecurityAccessImpl.doIntersectionPrivilege(ProtectionDomain.java:89)
	at java.desktop/java.awt.EventQueue.dispatchEvent(EventQueue.java:736)
	at java.desktop/java.awt.EventDispatchThread.pumpOneEventForFilters(EventDispatchThread.java:199)
	at java.desktop/java.awt.EventDispatchThread.pumpEventsForFilter(EventDispatchThread.java:124)
	at java.desktop/java.awt.EventDispatchThread.pumpEventsForHierarchy(EventDispatchThread.java:113)
	at java.desktop/java.awt.EventDispatchThread.pumpEvents(EventDispatchThread.java:109)
	at java.desktop/java.awt.EventDispatchThread.pumpEvents(EventDispatchThread.java:101)
	at java.desktop/java.awt.EventDispatchThread.run(EventDispatchThread.java:90)
[22-49-23] [SYSTEM_IO]: Userdata requested: minimizeonclose
[22-49-23] [SYSTEM_IO]: Userdata requested: Name
[22-49-23] [LOGOUT]: [Nathan]
[22-49-23] [ACTION]: CyderFrame disposed with fastclose: false, CyderFrame: Component name = [cyder.ui.ConsoleFrame], bounds = [(59, 242, 1029, 675)], hash = [672746064], parentFrame = [Object itself is the top level frame], associated text = [No getText() method found], tooltip text = [No getTooltipText() method found], title = [Stellar Cyder [Nathan]]
[22-49-23] [SYSTEM_IO]: Userdata requested: closeanimation
[22-49-23] [EXIT]: [RUNTIME] 36s
[22-49-23] [EOL]: Log completed, exiting Cyder with exit code: 25 [Genesis Controlled Exit], exceptions thrown: 1
