[20-52-24] [JVM_ENTRY]: [Nathan]
[20-52-24] [THREAD STARTED]: Object Creation Logger
[20-52-24] [THREAD STARTED]: Singular Cyder Instance Ensurer
[20-52-25] [THREAD STARTED]: Splash Loader
[20-52-25] [THREAD STARTED]: Splash Animation
[20-52-26] [THREAD STARTED]: Cyder Start Secondary Subroutines
[20-52-26] [LOGIN]: [AUTOCYPHER ATTEMPT]
[20-52-26] [THREAD STARTED]: JVM Logger
[20-52-26] [SYSTEM_IO]: Requested deletion of: C:\Users\Nathan\Documents\IntelliJava\Cyder
\dynamic\tmp
[20-52-26] [SYSTEM_IO]: [JSON WRITE] User was written to file: 7d7ebb00-81fe-329f-8a78-62f
463d0b7da\Userdata.json
[20-52-26] [SYSTEM_IO]: Requested deletion of: C:\Users\Nathan\Documents\IntelliJava\Cyder
\dynamic\backup\7d7ebb00-81fe-329f-8a78-62f463d0b7da_1647395517820.json
[20-52-26] [LOGIN]: [AUTOCYPHER PASS, 7d7ebb00-81fe-329f-8a78-62f463d0b7da]
[20-52-26] [SYSTEM_IO]: [JSON WRITE] User was written to file: 7d7ebb00-81fe-329f-8a78-62f
463d0b7da\Userdata.json
[20-52-26] [SYSTEM_IO]: Requested deletion of: C:\Users\Nathan\Documents\IntelliJava\Cyder
\dynamic\backup\7d7ebb00-81fe-329f-8a78-62f463d0b7da_1647395546103.json
[20-52-26] [SYSTEM_IO]: Userdata requested: RandomBackground
[20-52-26] [SYSTEM_IO]: Userdata requested: FullScreen [2x] [2x]
[20-52-26] [THREAD STARTED]: Console Printing Animation
[20-52-26] [SYSTEM_IO]: Userdata requested: OutputBorder
[20-52-26] [SYSTEM_IO]: Userdata requested: FullScreen
[20-52-26] [SYSTEM_IO]: Userdata requested: InputBorder
[20-52-26] [THREAD STARTED]: Console Input Caret Position Updater
[20-52-26] [SYSTEM_IO]: Userdata requested: OutputFill
[20-52-26] [SYSTEM_IO]: Userdata requested: InputFill
[20-52-26] [THREAD STARTED]: High Ping Checker
[20-52-26] [THREAD STARTED]: Hourly Chime Checker
[20-52-26] [THREAD STARTED]: Console Clock Updater
[20-52-26] [THREAD STARTED]: Cyder Busy Checker
[20-52-26] [THREAD STARTED]: ConsoleFrame Stat Saver
[20-52-26] [UI ACTION]: Console loaded in 2529ms
[20-52-26] [THREAD STARTED]: Component = ConsoleFrame (inner), hash = 1697281847, bounds =
(257, 227, 1000, 681), parent frame = Component is top frame, getTitle() = Insomnia Cyder
[Nathan] notification queue checker
[20-52-26] [THREAD STARTED]: [Cyder Splash]  dispose() animation thread
[20-52-27] [UI ACTION]: CyderFrame disposed with fastclose: true, Component = CyderFrame,
hash = 700452139, bounds = (980, 396, 600, 600), parent frame = Component is top frame,
getTitle() = Cyder Splash
[20-52-27] [SYSTEM_IO]: Userdata requested: DebugWindows
[20-52-27] [CONSOLE LOADED]: [Nathan] [TESTING MODE]
[20-52-27] [SYSTEM_IO]: Userdata requested: laststart
[20-52-27] [SYSTEM_IO]: [JSON WRITE] User was written to file: 7d7ebb00-81fe-329f-8a78-62f
463d0b7da\Userdata.json
[20-52-27] [SYSTEM_IO]: Requested deletion of: C:\Users\Nathan\Documents\IntelliJava\Cyder
\dynamic\backup\7d7ebb00-81fe-329f-8a78-62f463d0b7da_1647395546797.json
[20-52-27] [UI ACTION]: [Insomnia Cyder [Nathan]] [NOTIFICATION] w = 287, h = 29, text =
<html>Console loaded in 2529ms</html>
[20-52-27] [THREAD STARTED]: notification appear animation
[20-52-27] [SYSTEM_IO]: Userdata requested: persistentnotifications
[20-52-27] [THREAD STARTED]: Notificaiton Vanish Animator
[20-52-27] [OBJECT CREATION]: Objects created since last delta (5s): 98
[20-52-29] [SYSTEM_IO]: [JSON WRITE] User was written to file: 7d7ebb00-81fe-329f-8a78-62f
463d0b7da\Userdata.json
[20-52-29] [SYSTEM_IO]: Requested deletion of: C:\Users\Nathan\Documents\IntelliJava\Cyder
\dynamic\backup\7d7ebb00-81fe-329f-8a78-62f463d0b7da_1647395547023.json
[20-52-32] [OBJECT CREATION]: Objects created since last delta (5s): 2
[20-52-33] [SYSTEM_IO]: [JSON WRITE] User was written to file: 7d7ebb00-81fe-329f-8a78-62f
463d0b7da\Userdata.json
[20-52-33] [SYSTEM_IO]: Requested deletion of: C:\Users\Nathan\Documents\IntelliJava\Cyder
\dynamic\backup\7d7ebb00-81fe-329f-8a78-62f463d0b7da_1647395549927.json
[20-52-37] [SYSTEM_IO]: [JSON WRITE] User was written to file: 7d7ebb00-81fe-329f-8a78-62f
463d0b7da\Userdata.json
[20-52-37] [SYSTEM_IO]: Requested deletion of: C:\Users\Nathan\Documents\IntelliJava\Cyder
\dynamic\backup\7d7ebb00-81fe-329f-8a78-62f463d0b7da_1647395553640.json
[20-52-37] [OBJECT CREATION]: Objects created since last delta (5s): 2
[20-52-41] [SYSTEM_IO]: [JSON WRITE] User was written to file: 7d7ebb00-81fe-329f-8a78-62f
463d0b7da\Userdata.json
[20-52-41] [SYSTEM_IO]: Requested deletion of: C:\Users\Nathan\Documents\IntelliJava\Cyder
\dynamic\backup\7d7ebb00-81fe-329f-8a78-62f463d0b7da_1647395557388.json
[20-52-42] [OBJECT CREATION]: Objects created since last delta (5s): 5
[20-52-44] [SYSTEM_IO]: [JSON WRITE] User was written to file: 7d7ebb00-81fe-329f-8a78-62f
463d0b7da\Userdata.json
[20-52-44] [SYSTEM_IO]: Requested deletion of: C:\Users\Nathan\Documents\IntelliJava\Cyder
\dynamic\backup\7d7ebb00-81fe-329f-8a78-62f463d0b7da_1647395561122.json
[20-52-47] [OBJECT CREATION]: Objects created since last delta (5s): 1
[20-52-48] [SYSTEM_IO]: [JSON WRITE] User was written to file: 7d7ebb00-81fe-329f-8a78-62f
463d0b7da\Userdata.json
[20-52-48] [SYSTEM_IO]: Requested deletion of: C:\Users\Nathan\Documents\IntelliJava\Cyder
\dynamic\backup\7d7ebb00-81fe-329f-8a78-62f463d0b7da_1647395564868.json
[20-52-52] [SYSTEM_IO]: [JSON WRITE] User was written to file: 7d7ebb00-81fe-329f-8a78-62f
463d0b7da\Userdata.json
[20-52-52] [SYSTEM_IO]: Requested deletion of: C:\Users\Nathan\Documents\IntelliJava\Cyder
\dynamic\backup\7d7ebb00-81fe-329f-8a78-62f463d0b7da_1647395568596.json
[20-52-52] [OBJECT CREATION]: Objects created since last delta (5s): 2
[20-52-56] [SYSTEM_IO]: [JSON WRITE] User was written to file: 7d7ebb00-81fe-329f-8a78-62f
463d0b7da\Userdata.json
[20-52-56] [SYSTEM_IO]: Requested deletion of: C:\Users\Nathan\Documents\IntelliJava\Cyder
\dynamic\backup\7d7ebb00-81fe-329f-8a78-62f463d0b7da_1647395572485.json
[20-52-57] [OBJECT CREATION]: Objects created since last delta (5s): 1
[20-53-00] [SYSTEM_IO]: [JSON WRITE] User was written to file: 7d7ebb00-81fe-329f-8a78-62f
463d0b7da\Userdata.json
[20-53-00] [SYSTEM_IO]: Requested deletion of: C:\Users\Nathan\Documents\IntelliJava\Cyder
\dynamic\backup\7d7ebb00-81fe-329f-8a78-62f463d0b7da_1647395576394.json
[20-53-02] [OBJECT CREATION]: Objects created since last delta (5s): 1
[20-53-04] [SYSTEM_IO]: [JSON WRITE] User was written to file: 7d7ebb00-81fe-329f-8a78-62f
463d0b7da\Userdata.json
[20-53-04] [SYSTEM_IO]: Requested deletion of: C:\Users\Nathan\Documents\IntelliJava\Cyder
\dynamic\backup\7d7ebb00-81fe-329f-8a78-62f463d0b7da_1647395580178.json
[20-53-07] [OBJECT CREATION]: Objects created since last delta (5s): 1
[20-53-08] [SYSTEM_IO]: [JSON WRITE] User was written to file: 7d7ebb00-81fe-329f-8a78-62f
463d0b7da\Userdata.json
[20-53-08] [SYSTEM_IO]: Requested deletion of: C:\Users\Nathan\Documents\IntelliJava\Cyder
\dynamic\backup\7d7ebb00-81fe-329f-8a78-62f463d0b7da_1647395584208.json
[20-53-12] [SYSTEM_IO]: [JSON WRITE] User was written to file: 7d7ebb00-81fe-329f-8a78-62f
463d0b7da\Userdata.json
[20-53-12] [SYSTEM_IO]: Requested deletion of: C:\Users\Nathan\Documents\IntelliJava\Cyder
\dynamic\backup\7d7ebb00-81fe-329f-8a78-62f463d0b7da_1647395588573.json
[20-53-12] [OBJECT CREATION]: Objects created since last delta (5s): 2
[20-53-16] [SYSTEM_IO]: [JSON WRITE] User was written to file: 7d7ebb00-81fe-329f-8a78-62f
463d0b7da\Userdata.json
[20-53-16] [SYSTEM_IO]: Requested deletion of: C:\Users\Nathan\Documents\IntelliJava\Cyder
\dynamic\backup\7d7ebb00-81fe-329f-8a78-62f463d0b7da_1647395592368.json
[20-53-17] [OBJECT CREATION]: Objects created since last delta (5s): 1
[20-53-19] [SYSTEM_IO]: [JSON WRITE] User was written to file: 7d7ebb00-81fe-329f-8a78-62f
463d0b7da\Userdata.json
[20-53-19] [SYSTEM_IO]: Requested deletion of: C:\Users\Nathan\Documents\IntelliJava\Cyder
\dynamic\backup\7d7ebb00-81fe-329f-8a78-62f463d0b7da_1647395596108.json
[20-53-22] [OBJECT CREATION]: Objects created since last delta (5s): 1
[20-53-23] [SYSTEM_IO]: [JSON WRITE] User was written to file: 7d7ebb00-81fe-329f-8a78-62f
463d0b7da\Userdata.json
[20-53-23] [SYSTEM_IO]: Requested deletion of: C:\Users\Nathan\Documents\IntelliJava\Cyder
\dynamic\backup\7d7ebb00-81fe-329f-8a78-62f463d0b7da_1647395599844.json
[20-53-27] [SYSTEM_IO]: [JSON WRITE] User was written to file: 7d7ebb00-81fe-329f-8a78-62f
463d0b7da\Userdata.json
[20-53-27] [SYSTEM_IO]: Requested deletion of: C:\Users\Nathan\Documents\IntelliJava\Cyder
\dynamic\backup\7d7ebb00-81fe-329f-8a78-62f463d0b7da_1647395603568.json
[20-53-27] [OBJECT CREATION]: Objects created since last delta (5s): 2
[20-53-31] [SYSTEM_IO]: [JSON WRITE] User was written to file: 7d7ebb00-81fe-329f-8a78-62f
463d0b7da\Userdata.json
[20-53-31] [SYSTEM_IO]: Requested deletion of: C:\Users\Nathan\Documents\IntelliJava\Cyder
\dynamic\backup\7d7ebb00-81fe-329f-8a78-62f463d0b7da_1647395607341.json
[20-53-32] [OBJECT CREATION]: Objects created since last delta (5s): 1
[20-53-34] [SYSTEM_IO]: [JSON WRITE] User was written to file: 7d7ebb00-81fe-329f-8a78-62f
463d0b7da\Userdata.json
[20-53-34] [SYSTEM_IO]: Requested deletion of: C:\Users\Nathan\Documents\IntelliJava\Cyder
\dynamic\backup\7d7ebb00-81fe-329f-8a78-62f463d0b7da_1647395611093.json
[20-53-37] [OBJECT CREATION]: Objects created since last delta (5s): 1
[20-53-38] [SYSTEM_IO]: [JSON WRITE] User was written to file: 7d7ebb00-81fe-329f-8a78-62f
463d0b7da\Userdata.json
[20-53-38] [SYSTEM_IO]: Requested deletion of: C:\Users\Nathan\Documents\IntelliJava\Cyder
\dynamic\backup\7d7ebb00-81fe-329f-8a78-62f463d0b7da_1647395614844.json
[20-53-42] [SYSTEM_IO]: [JSON WRITE] User was written to file: 7d7ebb00-81fe-329f-8a78-62f
463d0b7da\Userdata.json
[20-53-42] [SYSTEM_IO]: Requested deletion of: C:\Users\Nathan\Documents\IntelliJava\Cyder
\dynamic\backup\7d7ebb00-81fe-329f-8a78-62f463d0b7da_1647395618615.json
[20-53-42] [OBJECT CREATION]: Objects created since last delta (5s): 2
[20-53-46] [SYSTEM_IO]: [JSON WRITE] User was written to file: 7d7ebb00-81fe-329f-8a78-62f
463d0b7da\Userdata.json
[20-53-46] [SYSTEM_IO]: Requested deletion of: C:\Users\Nathan\Documents\IntelliJava\Cyder
\dynamic\backup\7d7ebb00-81fe-329f-8a78-62f463d0b7da_1647395622385.json
[20-53-47] [OBJECT CREATION]: Objects created since last delta (5s): 1
[20-53-49] [SYSTEM_IO]: [JSON WRITE] User was written to file: 7d7ebb00-81fe-329f-8a78-62f
463d0b7da\Userdata.json
[20-53-49] [SYSTEM_IO]: Requested deletion of: C:\Users\Nathan\Documents\IntelliJava\Cyder
\dynamic\backup\7d7ebb00-81fe-329f-8a78-62f463d0b7da_1647395626123.json
[20-53-52] [OBJECT CREATION]: Objects created since last delta (5s): 1
[20-53-53] [SYSTEM_IO]: [JSON WRITE] User was written to file: 7d7ebb00-81fe-329f-8a78-62f
463d0b7da\Userdata.json
[20-53-53] [SYSTEM_IO]: Requested deletion of: C:\Users\Nathan\Documents\IntelliJava\Cyder
\dynamic\backup\7d7ebb00-81fe-329f-8a78-62f463d0b7da_1647395629859.json
[20-53-57] [SYSTEM_IO]: [JSON WRITE] User was written to file: 7d7ebb00-81fe-329f-8a78-62f
463d0b7da\Userdata.json
[20-53-57] [SYSTEM_IO]: Requested deletion of: C:\Users\Nathan\Documents\IntelliJava\Cyder
\dynamic\backup\7d7ebb00-81fe-329f-8a78-62f463d0b7da_1647395633600.json
[20-53-57] [OBJECT CREATION]: Objects created since last delta (5s): 2
[20-54-01] [SYSTEM_IO]: [JSON WRITE] User was written to file: 7d7ebb00-81fe-329f-8a78-62f
463d0b7da\Userdata.json
[20-54-01] [SYSTEM_IO]: Requested deletion of: C:\Users\Nathan\Documents\IntelliJava\Cyder
\dynamic\backup\7d7ebb00-81fe-329f-8a78-62f463d0b7da_1647395637333.json
[20-54-02] [OBJECT CREATION]: Objects created since last delta (5s): 1
[20-54-04] [SYSTEM_IO]: [JSON WRITE] User was written to file: 7d7ebb00-81fe-329f-8a78-62f
463d0b7da\Userdata.json
[20-54-04] [SYSTEM_IO]: Requested deletion of: C:\Users\Nathan\Documents\IntelliJava\Cyder
\dynamic\backup\7d7ebb00-81fe-329f-8a78-62f463d0b7da_1647395641080.json
[20-54-07] [OBJECT CREATION]: Objects created since last delta (5s): 1
[20-54-08] [SYSTEM_IO]: [JSON WRITE] User was written to file: 7d7ebb00-81fe-329f-8a78-62f
463d0b7da\Userdata.json
[20-54-08] [SYSTEM_IO]: Requested deletion of: C:\Users\Nathan\Documents\IntelliJava\Cyder
\dynamic\backup\7d7ebb00-81fe-329f-8a78-62f463d0b7da_1647395644840.json
[20-54-12] [SYSTEM_IO]: [JSON WRITE] User was written to file: 7d7ebb00-81fe-329f-8a78-62f
463d0b7da\Userdata.json
[20-54-12] [SYSTEM_IO]: Requested deletion of: C:\Users\Nathan\Documents\IntelliJava\Cyder
\dynamic\backup\7d7ebb00-81fe-329f-8a78-62f463d0b7da_1647395648603.json
[20-54-12] [OBJECT CREATION]: Objects created since last delta (5s): 2
[20-54-16] [SYSTEM_IO]: [JSON WRITE] User was written to file: 7d7ebb00-81fe-329f-8a78-62f
463d0b7da\Userdata.json
[20-54-16] [SYSTEM_IO]: Requested deletion of: C:\Users\Nathan\Documents\IntelliJava\Cyder
\dynamic\backup\7d7ebb00-81fe-329f-8a78-62f463d0b7da_1647395652380.json
[20-54-17] [OBJECT CREATION]: Objects created since last delta (5s): 1
[20-54-19] [SYSTEM_IO]: [JSON WRITE] User was written to file: 7d7ebb00-81fe-329f-8a78-62f
463d0b7da\Userdata.json
[20-54-19] [SYSTEM_IO]: Requested deletion of: C:\Users\Nathan\Documents\IntelliJava\Cyder
\dynamic\backup\7d7ebb00-81fe-329f-8a78-62f463d0b7da_1647395656113.json
[20-54-22] [OBJECT CREATION]: Objects created since last delta (5s): 1
[20-54-23] [SYSTEM_IO]: [JSON WRITE] User was written to file: 7d7ebb00-81fe-329f-8a78-62f
463d0b7da\Userdata.json
[20-54-23] [SYSTEM_IO]: Requested deletion of: C:\Users\Nathan\Documents\IntelliJava\Cyder
\dynamic\backup\7d7ebb00-81fe-329f-8a78-62f463d0b7da_1647395659861.json
[20-54-27] [SYSTEM_IO]: [JSON WRITE] User was written to file: 7d7ebb00-81fe-329f-8a78-62f
463d0b7da\Userdata.json
[20-54-27] [SYSTEM_IO]: Requested deletion of: C:\Users\Nathan\Documents\IntelliJava\Cyder
\dynamic\backup\7d7ebb00-81fe-329f-8a78-62f463d0b7da_1647395663602.json
[20-54-27] [OBJECT CREATION]: Objects created since last delta (5s): 2
[20-54-31] [SYSTEM_IO]: [JSON WRITE] User was written to file: 7d7ebb00-81fe-329f-8a78-62f
463d0b7da\Userdata.json
[20-54-31] [SYSTEM_IO]: Requested deletion of: C:\Users\Nathan\Documents\IntelliJava\Cyder
\dynamic\backup\7d7ebb00-81fe-329f-8a78-62f463d0b7da_1647395667348.json
[20-54-32] [OBJECT CREATION]: Objects created since last delta (5s): 1
[20-54-34] [SYSTEM_IO]: [JSON WRITE] User was written to file: 7d7ebb00-81fe-329f-8a78-62f
463d0b7da\Userdata.json
[20-54-34] [SYSTEM_IO]: Requested deletion of: C:\Users\Nathan\Documents\IntelliJava\Cyder
\dynamic\backup\7d7ebb00-81fe-329f-8a78-62f463d0b7da_1647395671083.json
[20-54-37] [OBJECT CREATION]: Objects created since last delta (5s): 1
[20-54-38] [SYSTEM_IO]: [JSON WRITE] User was written to file: 7d7ebb00-81fe-329f-8a78-62f
463d0b7da\Userdata.json
[20-54-38] [SYSTEM_IO]: Requested deletion of: C:\Users\Nathan\Documents\IntelliJava\Cyder
\dynamic\backup\7d7ebb00-81fe-329f-8a78-62f463d0b7da_1647395674813.json
[20-54-42] [SYSTEM_IO]: [JSON WRITE] User was written to file: 7d7ebb00-81fe-329f-8a78-62f
463d0b7da\Userdata.json
[20-54-42] [SYSTEM_IO]: Requested deletion of: C:\Users\Nathan\Documents\IntelliJava\Cyder
\dynamic\backup\7d7ebb00-81fe-329f-8a78-62f463d0b7da_1647395678549.json
[20-54-42] [OBJECT CREATION]: Objects created since last delta (5s): 2
[20-54-46] [SYSTEM_IO]: [JSON WRITE] User was written to file: 7d7ebb00-81fe-329f-8a78-62f
463d0b7da\Userdata.json
[20-54-46] [SYSTEM_IO]: Requested deletion of: C:\Users\Nathan\Documents\IntelliJava\Cyder
\dynamic\backup\7d7ebb00-81fe-329f-8a78-62f463d0b7da_1647395682299.json
[20-54-47] [OBJECT CREATION]: Objects created since last delta (5s): 1
[20-54-49] [SYSTEM_IO]: [JSON WRITE] User was written to file: 7d7ebb00-81fe-329f-8a78-62f
463d0b7da\Userdata.json
[20-54-49] [SYSTEM_IO]: Requested deletion of: C:\Users\Nathan\Documents\IntelliJava\Cyder
\dynamic\backup\7d7ebb00-81fe-329f-8a78-62f463d0b7da_1647395686040.json
[20-54-52] [OBJECT CREATION]: Objects created since last delta (5s): 1
[20-54-53] [SYSTEM_IO]: [JSON WRITE] User was written to file: 7d7ebb00-81fe-329f-8a78-62f
463d0b7da\Userdata.json
[20-54-53] [SYSTEM_IO]: Requested deletion of: C:\Users\Nathan\Documents\IntelliJava\Cyder
\dynamic\backup\7d7ebb00-81fe-329f-8a78-62f463d0b7da_1647395689783.json
[20-54-57] [SYSTEM_IO]: [JSON WRITE] User was written to file: 7d7ebb00-81fe-329f-8a78-62f
463d0b7da\Userdata.json
[20-54-57] [SYSTEM_IO]: Requested deletion of: C:\Users\Nathan\Documents\IntelliJava\Cyder
\dynamic\backup\7d7ebb00-81fe-329f-8a78-62f463d0b7da_1647395693651.json
[20-54-57] [OBJECT CREATION]: Objects created since last delta (5s): 2
[20-55-01] [SYSTEM_IO]: [JSON WRITE] User was written to file: 7d7ebb00-81fe-329f-8a78-62f
463d0b7da\Userdata.json
[20-55-01] [SYSTEM_IO]: Requested deletion of: C:\Users\Nathan\Documents\IntelliJava\Cyder
\dynamic\backup\7d7ebb00-81fe-329f-8a78-62f463d0b7da_1647395697389.json
[20-55-02] [OBJECT CREATION]: Objects created since last delta (5s): 1
[20-55-04] [SYSTEM_IO]: [JSON WRITE] User was written to file: 7d7ebb00-81fe-329f-8a78-62f
463d0b7da\Userdata.json
[20-55-04] [SYSTEM_IO]: Requested deletion of: C:\Users\Nathan\Documents\IntelliJava\Cyder
\dynamic\backup\7d7ebb00-81fe-329f-8a78-62f463d0b7da_1647395701129.json
[20-55-07] [OBJECT CREATION]: Objects created since last delta (5s): 1
[20-55-08] [SYSTEM_IO]: [JSON WRITE] User was written to file: 7d7ebb00-81fe-329f-8a78-62f
463d0b7da\Userdata.json
[20-55-08] [SYSTEM_IO]: Requested deletion of: C:\Users\Nathan\Documents\IntelliJava\Cyder
\dynamic\backup\7d7ebb00-81fe-329f-8a78-62f463d0b7da_1647395704888.json
[20-55-12] [SYSTEM_IO]: [JSON WRITE] User was written to file: 7d7ebb00-81fe-329f-8a78-62f
463d0b7da\Userdata.json
[20-55-12] [SYSTEM_IO]: Requested deletion of: C:\Users\Nathan\Documents\IntelliJava\Cyder
\dynamic\backup\7d7ebb00-81fe-329f-8a78-62f463d0b7da_1647395708635.json
[20-55-12] [OBJECT CREATION]: Objects created since last delta (5s): 2
[20-55-16] [SYSTEM_IO]: [JSON WRITE] User was written to file: 7d7ebb00-81fe-329f-8a78-62f
463d0b7da\Userdata.json
[20-55-16] [SYSTEM_IO]: Requested deletion of: C:\Users\Nathan\Documents\IntelliJava\Cyder
\dynamic\backup\7d7ebb00-81fe-329f-8a78-62f463d0b7da_1647395712453.json
[20-55-17] [OBJECT CREATION]: Objects created since last delta (5s): 1
[20-55-20] [SYSTEM_IO]: [JSON WRITE] User was written to file: 7d7ebb00-81fe-329f-8a78-62f
463d0b7da\Userdata.json
[20-55-20] [SYSTEM_IO]: Requested deletion of: C:\Users\Nathan\Documents\IntelliJava\Cyder
\dynamic\backup\7d7ebb00-81fe-329f-8a78-62f463d0b7da_1647395716292.json
[20-55-22] [OBJECT CREATION]: Objects created since last delta (5s): 1
[20-55-23] [SYSTEM_IO]: [JSON WRITE] User was written to file: 7d7ebb00-81fe-329f-8a78-62f
463d0b7da\Userdata.json
[20-55-23] [SYSTEM_IO]: Requested deletion of: C:\Users\Nathan\Documents\IntelliJava\Cyder
\dynamic\backup\7d7ebb00-81fe-329f-8a78-62f463d0b7da_1647395720048.json
[20-55-27] [SYSTEM_IO]: [JSON WRITE] User was written to file: 7d7ebb00-81fe-329f-8a78-62f
463d0b7da\Userdata.json
[20-55-27] [SYSTEM_IO]: Requested deletion of: C:\Users\Nathan\Documents\IntelliJava\Cyder
\dynamic\backup\7d7ebb00-81fe-329f-8a78-62f463d0b7da_1647395723848.json
[20-55-27] [OBJECT CREATION]: Objects created since last delta (5s): 2
[20-55-31] [SYSTEM_IO]: [JSON WRITE] User was written to file: 7d7ebb00-81fe-329f-8a78-62f
463d0b7da\Userdata.json
[20-55-31] [SYSTEM_IO]: Requested deletion of: C:\Users\Nathan\Documents\IntelliJava\Cyder
\dynamic\backup\7d7ebb00-81fe-329f-8a78-62f463d0b7da_1647395727597.json
[20-55-32] [OBJECT CREATION]: Objects created since last delta (5s): 1
[20-55-35] [SYSTEM_IO]: [JSON WRITE] User was written to file: 7d7ebb00-81fe-329f-8a78-62f
463d0b7da\Userdata.json
[20-55-35] [SYSTEM_IO]: Requested deletion of: C:\Users\Nathan\Documents\IntelliJava\Cyder
\dynamic\backup\7d7ebb00-81fe-329f-8a78-62f463d0b7da_1647395731330.json
[20-55-37] [OBJECT CREATION]: Objects created since last delta (5s): 1
[20-56-01] [EOL]: Log completed, Cyder crashed unexpectedly: exit code: -9 External Stop, exceptions thrown: 0
