[22-08-54] [JVM_ENTRY]: [Nathan]
[22-08-54] [THREAD STARTED]: Object Creation Logger
[22-08-54] [THREAD STARTED]: Singular Cyder Instance Ensurer
[22-08-55] [THREAD STARTED]: Splash Loader
[22-08-55] [THREAD STARTED]: Splash Animation
[22-08-56] [THREAD STARTED]: Cyder Start Secondary Subroutines
[22-08-56] [LOGIN]: [AUTOCYPHER ATTEMPT]
[22-08-56] [THREAD STARTED]: JVM Args Logger
[22-08-56] [SYSTEM_IO]: Requested deletion of: C:\Users\Nathan\Documents\IntelliJava\Cyder\dynamic\tmp
[22-08-56] [SYSTEM_IO]: [JSON WRITE] User was written to file: 7d7ebb00-81fe-329f-8a78-62f463d0b7da\Userdata.js
           on
[22-08-56] [SYSTEM_IO]: Requested deletion of: C:\Users\Nathan\Documents\IntelliJava\Cyder\dynamic\backup\7d7eb
           b00-81fe-329f-8a78-62f463d0b7da_1647399937013.json
[22-08-56] [LOGIN]: [AUTOCYPHER PASS, 7d7ebb00-81fe-329f-8a78-62f463d0b7da]
[22-08-56] [SYSTEM_IO]: [JSON WRITE] User was written to file: 7d7ebb00-81fe-329f-8a78-62f463d0b7da\Userdata.js
           on
[22-08-56] [SYSTEM_IO]: Requested deletion of: C:\Users\Nathan\Documents\IntelliJava\Cyder\dynamic\backup\7d7eb
           b00-81fe-329f-8a78-62f463d0b7da_1647400136269.json
[22-08-56] [SYSTEM_IO]: Userdata requested: RandomBackground
[22-08-57] [SYSTEM_IO]: Userdata requested: FullScreen [2x] [2x]
[22-08-57] [THREAD STARTED]: Console Printing Animation
[22-08-57] [SYSTEM_IO]: Userdata requested: OutputBorder
[22-08-57] [SYSTEM_IO]: Userdata requested: FullScreen
[22-08-57] [SYSTEM_IO]: Userdata requested: InputBorder
[22-08-57] [THREAD STARTED]: Console Input Caret Position Updater
[22-08-57] [SYSTEM_IO]: Userdata requested: OutputFill
[22-08-57] [SYSTEM_IO]: Userdata requested: InputFill
[22-08-57] [THREAD STARTED]: High Ping Checker
[22-08-57] [THREAD STARTED]: Hourly Chime Checker
[22-08-57] [THREAD STARTED]: Console Clock Updater
[22-08-57] [THREAD STARTED]: Cyder Busy Checker
[22-08-57] [THREAD STARTED]: ConsoleFrame Stat Saver
[22-08-57] [UI ACTION]: Console loaded in 2635ms
[22-08-57] [THREAD STARTED]: Component = ConsoleFrame (inner), hash = 1543146693, bounds = (1591, 161, 826,
           762), parent frame = Component is top frame, getTitle() = Insomnia Cyder [Nathan] notification queue checker
[22-08-57] [THREAD STARTED]: [Cyder Splash]  dispose() animation thread
[22-08-57] [UI ACTION]: CyderFrame disposed with fastclose: true, Component = CyderFrame, hash = 359182972,
           bounds = (980, 396, 600, 600), parent frame = Component is top frame, getTitle() = Cyder Splash
[22-08-57] [SYSTEM_IO]: Userdata requested: DebugWindows
[22-08-57] [CONSOLE LOADED]: [Nathan] [TESTING MODE]
[22-08-57] [SYSTEM_IO]: Userdata requested: laststart
[22-08-57] [SYSTEM_IO]: [JSON WRITE] User was written to file: 7d7ebb00-81fe-329f-8a78-62f463d0b7da\Userdata.js
           on
[22-08-57] [SYSTEM_IO]: Requested deletion of: C:\Users\Nathan\Documents\IntelliJava\Cyder\dynamic\backup\7d7eb
           b00-81fe-329f-8a78-62f463d0b7da_1647400136962.json
[22-08-57] [UI ACTION]: [Insomnia Cyder [Nathan]] [NOTIFICATION] w = 287, h = 29, text = <html>Console loaded
           in 2635ms</html>
[22-08-57] [THREAD STARTED]: notification appear animation
[22-08-57] [SYSTEM_IO]: Userdata requested: persistentnotifications
[22-08-57] [THREAD STARTED]: Notificaiton Vanish Animator
[22-08-57] [OBJECT CREATION]: Objects created since last delta (5s): 98
[22-09-00] [SYSTEM_IO]: [JSON WRITE] User was written to file: 7d7ebb00-81fe-329f-8a78-62f463d0b7da\Userdata.js
           on
[22-09-00] [SYSTEM_IO]: Requested deletion of: C:\Users\Nathan\Documents\IntelliJava\Cyder\dynamic\backup\7d7eb
           b00-81fe-329f-8a78-62f463d0b7da_1647400137185.json
[22-09-00] [CLIENT]: hi
[22-09-00] [SYSTEM_IO]: Userdata requested: filterchat
[22-09-00] [HANDLE]: GENERAL PRINT COMMAND HANDLED
[22-09-00] [HANDLE]: PRIMARY HANDLE
[22-09-00] [CONSOLE_OUT]: [STRING] Greetings, Nathan.
[22-09-01] [CLIENT]: mp3
[22-09-01] [SYSTEM_IO]: Userdata requested: filterchat
[22-09-01] [THREAD STARTED]: Flash Player Audio Thread [Khalid & Normani - Love Lies  RnBass Remix 2018
           FlipTunesMusic]
[22-09-01] [WIDGET OPENED]: AudioPlayer, trigger = mp3
[22-09-01] [HANDLE]: PRIMARY HANDLE
[22-09-01] [CONSOLE_OUT]: [STRING] Opening widget: AudioPlayer
[22-09-01] [THREAD STARTED]: Flash Player scrolling title thread [Khalid & Normani - Love Lies  RnBass Remix
           2018  FlipTunesMusic]
[22-09-01] [THREAD STARTED]: Flash Player Progress Thread [Khalid & Normani - Love Lies  RnBass Remix 2018
           FlipTunesMusic]
[22-09-01] [THREAD STARTED]: Flash Player Progress Thread [Khalid & Normani - Love Lies  RnBass Remix 2018
           FlipTunesMusic]
[22-09-01] [THREAD STARTED]: Flash Player scrolling title thread [Khalid & Normani - Love Lies  RnBass Remix
           2018  FlipTunesMusic]
[22-09-01] [AUDIO]: [AUDIO PLAYER] Khalid & Normani - Love Lies  RnBass Remix 2018  FlipTunesMusic.mp3
[22-09-02] [OBJECT CREATION]: Objects created since last delta (5s): 23
[22-09-03] [SYSTEM_IO]: [JSON WRITE] User was written to file: 7d7ebb00-81fe-329f-8a78-62f463d0b7da\Userdata.js
           on
[22-09-03] [SYSTEM_IO]: Requested deletion of: C:\Users\Nathan\Documents\IntelliJava\Cyder\dynamic\backup\7d7eb
           b00-81fe-329f-8a78-62f463d0b7da_1647400140085.json
[22-09-03] [UI ACTION]: Component = CyderDragLabel, hash = -14587513, bounds = (2, 2, 496, 28), parent frame =
           Khalid & normani - love lies rnbass remix 2018 ...
[22-09-03] [THREAD STARTED]: [Khalid & normani - love lies rnbass remix 2018 ...]  dispose() animation thread
[22-09-03] [UI ACTION]: CyderFrame disposed with fastclose: false, Component = CyderFrame, hash = 973832764,
           bounds = (1754, 302, 500, 480), parent frame = Component is top frame, getTitle() = Khalid & normani - love
           lies rnbass remix 2018 ...
[22-09-03] [SYSTEM_IO]: Userdata requested: closeanimation
[22-09-03] [THREAD STARTED]: Flash Player Progress Thread [Khalid & Normani - Love Lies  RnBass Remix 2018
           FlipTunesMusic]
[22-09-03] [THREAD STARTED]: Flash Player scrolling title thread [Khalid & Normani - Love Lies  RnBass Remix
           2018  FlipTunesMusic]
[22-09-04] [THREAD STARTED]: Console Audio Menu Minimizer
[22-09-04] [CLIENT]: what
[22-09-04] [SYSTEM_IO]: Userdata requested: filterchat
[22-09-04] [THREAD STARTED]: Unknown Input Handler
[22-09-04] [CONSOLE_OUT]: [STRING] Unknown command, looking for similar ones...
[22-09-05] [DEBUG]: Similar command to "what" found with tol of 0.54545456, command = "whoami"
[22-09-05] [CLIENT]: clear
[22-09-05] [SYSTEM_IO]: Userdata requested: filterchat
[22-09-05] [HANDLE]: GENERAL COMMAND HANDLED
[22-09-05] [HANDLE]: PRIMARY HANDLE
[22-09-05] [CONSOLE_OUT]: [STRING] Unknown command
[22-09-06] [CLIENT]: throw
[22-09-06] [SYSTEM_IO]: Userdata requested: filterchat
           [22-09-06] [EXCEPTION]: 
Exception origin: cyder.handlers.internal.InputHandler.generalCommandCheck(InputHandler.java:890)
From line: 890
Trace: java.lang.Exception: Error thrown on Tuesday, 03/15/2022 10:09PM CDT
	at cyder.handlers.internal.InputHandler.generalCommandCheck(InputHandler.java:890)
	at cyder.handlers.internal.InputHandler.handle(InputHandler.java:234)
	at cyder.ui.ConsoleFrame.lambda$launch$2(ConsoleFrame.java:557)
	at java.desktop/javax.swing.JTextField.fireActionPerformed(JTextField.java:508)
	at java.desktop/javax.swing.JTextField.postActionEvent(JTextField.java:723)
	at java.desktop/javax.swing.JTextField$NotifyAction.actionPerformed(JTextField.java:839)
	at java.desktop/javax.swing.SwingUtilities.notifyAction(SwingUtilities.java:1805)
	at java.desktop/javax.swing.JComponent.processKeyBinding(JComponent.java:2901)
	at java.desktop/javax.swing.JComponent.processKeyBindings(JComponent.java:2949)
	at java.desktop/javax.swing.JComponent.processKeyEvent(JComponent.java:2863)
	at java.desktop/java.awt.Component.processEvent(Component.java:6355)
	at java.desktop/java.awt.Container.processEvent(Container.java:2259)
	at java.desktop/java.awt.Component.dispatchEventImpl(Component.java:4961)
	at java.desktop/java.awt.Container.dispatchEventImpl(Container.java:2317)
	at java.desktop/java.awt.Component.dispatchEvent(Component.java:4793)
	at java.desktop/java.awt.KeyboardFocusManager.redispatchEvent(KeyboardFocusManager.java:1955)
	at java.desktop/java.awt.DefaultKeyboardFocusManager.dispatchKeyEvent(DefaultKeyboardFocusManager.java:827)
	at java.desktop/java.awt.DefaultKeyboardFocusManager.preDispatchKeyEvent(DefaultKeyboardFocusManager.java:1096)
	at java.desktop/java.awt.DefaultKeyboardFocusManager.typeAheadAssertions(DefaultKeyboardFocusManager.java:966)
	at java.desktop/java.awt.DefaultKeyboardFocusManager.dispatchEvent(DefaultKeyboardFocusManager.java:792)
	at java.desktop/java.awt.Component.dispatchEventImpl(Component.java:4842)
	at java.desktop/java.awt.Container.dispatchEventImpl(Container.java:2317)
	at java.desktop/java.awt.Window.dispatchEventImpl(Window.java:2758)
	at java.desktop/java.awt.Component.dispatchEvent(Component.java:4793)
	at java.desktop/java.awt.EventQueue.dispatchEventImpl(EventQueue.java:766)
	at java.desktop/java.awt.EventQueue.access$500(EventQueue.java:97)
	at java.desktop/java.awt.EventQueue$3.run(EventQueue.java:717)
	at java.desktop/java.awt.EventQueue$3.run(EventQueue.java:711)
	at java.base/java.security.AccessController.doPrivileged(Native Method)
	at java.base/java.security.ProtectionDomain$JavaSecurityAccessImpl.doIntersectionPrivilege(ProtectionDomain.java:89)
	at java.base/java.security.ProtectionDomain$JavaSecurityAccessImpl.doIntersectionPrivilege(ProtectionDomain.java:99)
	at java.desktop/java.awt.EventQueue$4.run(EventQueue.java:739)
	at java.desktop/java.awt.EventQueue$4.run(EventQueue.java:737)
	at java.base/java.security.AccessController.doPrivileged(Native Method)
	at java.base/java.security.ProtectionDomain$JavaSecurityAccessImpl.doIntersectionPrivilege(ProtectionDomain.java:89)
	at java.desktop/java.awt.EventQueue.dispatchEvent(EventQueue.java:736)
	at java.desktop/java.awt.EventDispatchThread.pumpOneEventForFilters(EventDispatchThread.java:199)
	at java.desktop/java.awt.EventDispatchThread.pumpEventsForFilter(EventDispatchThread.java:124)
	at java.desktop/java.awt.EventDispatchThread.pumpEventsForHierarchy(EventDispatchThread.java:113)
	at java.desktop/java.awt.EventDispatchThread.pumpEvents(EventDispatchThread.java:109)
	at java.desktop/java.awt.EventDispatchThread.pumpEvents(EventDispatchThread.java:101)
	at java.desktop/java.awt.EventDispatchThread.run(EventDispatchThread.java:90)
[22-09-06] [SYSTEM_IO]: Userdata requested: SilenceErrors
[22-09-06] [HANDLE]: GENERAL COMMAND HANDLED
[22-09-06] [HANDLE]: PRIMARY HANDLE
[22-09-07] [SYSTEM_IO]: [JSON WRITE] User was written to file: 7d7ebb00-81fe-329f-8a78-62f463d0b7da\Userdata.js
           on
[22-09-07] [SYSTEM_IO]: Requested deletion of: C:\Users\Nathan\Documents\IntelliJava\Cyder\dynamic\backup\7d7eb
           b00-81fe-329f-8a78-62f463d0b7da_1647400143611.json
[22-09-07] [OBJECT CREATION]: Objects created since last delta (5s): 2
[22-09-08] [CLIENT]: quit
[22-09-08] [SYSTEM_IO]: Userdata requested: filterchat
[22-09-08] [SYSTEM_IO]: Userdata requested: minimizeonclose
[22-09-08] [THREAD STARTED]: [Insomnia Cyder [Nathan]]  dispose() animation thread
[22-09-08] [HANDLE]: GENERAL COMMAND HANDLED
[22-09-08] [HANDLE]: PRIMARY HANDLE
[22-09-08] [UI ACTION]: CyderFrame disposed with fastclose: false, Component = ConsoleFrame (inner), hash =
           1543146693, bounds = (1591, 161, 826, 762), parent frame = Component is top frame, getTitle() = Insomnia Cyder
           [Nathan]
[22-09-08] [SYSTEM_IO]: Userdata requested: closeanimation
[22-09-08] [EXIT]: [RUNTIME] 13s
[22-09-08] [EOL]: Log completed, exiting Cyder with exit code: 0 [Genesis
           Controlled Exit], exceptions thrown: 1
