[00-18-42] [ENTRY]: [Nathan]
[00-18-42] [SYSTEM_IO]: System data pared and returned
[00-18-43] [SYSTEM_IO]: System data pared and returned
[00-18-43] [SYSTEM_IO]: System data pared and returned
[00-18-43] [SYSTEM_IO]: System data pared and returned
[00-18-43] [SYSTEM_IO]: System data pared and returned
[00-18-43] [JAVA ARGS]: [LOCATION] [La casa de Nathan]
[00-18-43] [SYSTEM_IO]: System data pared and returned
[00-18-43] [LOGIN]: [AUTOCYPHER ATTEMPT]
[00-18-43] [SYSTEM_IO]: System data pared and returned
[00-18-44] [SYSTEM_IO]: System data pared and returned
[00-18-44] [LOGIN]: [AUTOCYPHER PASS, e5a50641-21d1-3654-b738-c0e4b2dc61b1]
[00-18-45] [SYSTEM_IO]: Userdata requested: Name
[00-18-45] [SYSTEM_IO]: Userdata requested: RandomBackground
[00-18-45] [SYSTEM_IO]: Userdata requested: FullScreen
[00-18-45] [SYSTEM_IO]: System data pared and returned
[00-18-45] [SYSTEM_IO]: Userdata requested: Name
[00-18-45] [SYSTEM_IO]: System data pared and returned
[00-18-45] [SYSTEM_IO]: Userdata requested: Foreground
[00-18-45] [SYSTEM_IO]: Userdata requested: Foreground
[00-18-45] [SYSTEM_IO]: Userdata requested: FullScreen
[00-18-45] [SYSTEM_IO]: Userdata requested: FullScreen
[00-18-46] [SYSTEM_IO]: Userdata requested: Foreground
[00-18-46] [SYSTEM_IO]: Userdata requested: Font
[00-18-46] [SYSTEM_IO]: Userdata requested: OutputBorder
[00-18-46] [SYSTEM_IO]: Userdata requested: FullScreen
[00-18-46] [SYSTEM_IO]: Userdata requested: InputBorder
[00-18-46] [SYSTEM_IO]: Userdata requested: Foreground
[00-18-46] [SYSTEM_IO]: Userdata requested: Foreground
[00-18-46] [SYSTEM_IO]: Userdata requested: Foreground
[00-18-46] [SYSTEM_IO]: Userdata requested: Font
[00-18-46] [SYSTEM_IO]: Userdata requested: OutputFill
[00-18-46] [SYSTEM_IO]: Userdata requested: InputFill
[00-18-46] [SYSTEM_IO]: Userdata requested: consolepinned
[00-18-46] [SYSTEM_IO]: Userdata requested: consolepinned
[00-18-46] [ACTION]: CyderFrame disposed with fastclose: true, CyderFrame: Name: Cyder Splash[LEFT],(980,378,600x600)
[00-18-46] [ACTION]: CyderFrame disposed with fastclose: false, CyderFrame: Name: System Action[LEFT],(1082,628,397x100)
[00-18-46] [SYSTEM_IO]: Userdata requested: closeanimation
[00-18-46] [ACTION]: Console loaded in 4457ms
[00-18-46] [SYSTEM_IO]: Userdata requested: windowlocx
[00-18-46] [SYSTEM_IO]: Userdata requested: windowlocy
[00-18-46] [CONSOLE_OUT]: [STRING] Console loaded in 4457ms
[00-18-46] [SYSTEM_IO]: Userdata requested: DebugWindows
[00-18-46] [SYSTEM_IO]: System data pared and returned
[00-18-46] [ENTRY]: [TESTING MODE]
[00-18-46] [SYSTEM_IO]: Userdata requested: laststart
[00-18-46] [SYSTEM_IO]: Userdata requested: IntroMusic
[00-18-46] [SYSTEM_IO]: System data pared and returned
[EXTERNAL STOP] Cyder was force closed by an external entity such as an IDE stop or the OS' Task Manager
