[16-27-43] [ENTRY]: [Nathan]
[16-27-43] [SYSTEM_IO]: System data pared in IOUtil's static block
[16-27-44] [LOGIN]: [AUTOCYPHER ATTEMPT]
[16-27-44] [JAVA ARGS]: [LOCATION] [La casa de Nathan]
[16-27-45] [LOGIN]: [AUTOCYPHER PASS, e5a50641-21d1-3654-b738-c0e4b2dc61b1]
[16-27-45] [SYSTEM_IO]: Userdata requested: Name
[16-27-45] [SYSTEM_IO]: Userdata requested: RandomBackground
[16-27-45] [SYSTEM_IO]: Userdata requested: FullScreen
[16-27-46] [SYSTEM_IO]: Userdata requested: Name
[16-27-46] [SYSTEM_IO]: Userdata requested: Foreground
[16-27-46] [SYSTEM_IO]: Userdata requested: Foreground
[16-27-46] [SYSTEM_IO]: Userdata requested: FullScreen
[16-27-46] [SYSTEM_IO]: Userdata requested: FullScreen
[16-27-46] [SYSTEM_IO]: Userdata requested: Foreground
[16-27-46] [SYSTEM_IO]: Userdata requested: Font
[16-27-46] [SYSTEM_IO]: Userdata requested: OutputBorder
[16-27-46] [SYSTEM_IO]: Userdata requested: FullScreen
[16-27-46] [SYSTEM_IO]: Userdata requested: InputBorder
[16-27-46] [SYSTEM_IO]: Userdata requested: Foreground
[16-27-46] [SYSTEM_IO]: Userdata requested: Foreground
[16-27-46] [SYSTEM_IO]: Userdata requested: Foreground
[16-27-46] [SYSTEM_IO]: Userdata requested: Font
[16-27-46] [SYSTEM_IO]: Userdata requested: OutputFill
[16-27-46] [SYSTEM_IO]: Userdata requested: InputFill
[16-27-46] [SYSTEM_IO]: Userdata requested: consolepinned
[16-27-46] [SYSTEM_IO]: Userdata requested: consolepinned
[16-27-46] [ACTION]: CyderFrame disposed with fastclose: true, CyderFrame: Component name = [cyder.ui.CyderFrame], bounds = [(980, 378, 600, 600)], hash = [1582602655], parentFrame = [No associated frame], associated text = [No getText() method found], tooltip text = [No getTooltipText() method found]
[16-27-46] [ACTION]: Console loaded in 3689ms
[16-27-46] [SYSTEM_IO]: Userdata requested: windowlocx
[16-27-46] [SYSTEM_IO]: Userdata requested: windowlocy
[16-27-46] [SYSTEM_IO]: Userdata requested: DebugWindows
[16-27-46] [ENTRY]: [TESTING MODE]
[16-27-46] [SYSTEM_IO]: Userdata requested: laststart
[16-27-46] [SYSTEM_IO]: Userdata requested: IntroMusic
[16-27-49] [CONSOLE_OUT]: [STRING] Console loaded in 3689ms
[EXTERNAL STOP] Cyder was force closed by an external entity such as an IDE stop or the OS' Task Manager
