[19-37-06] [ENTRY]: [Nathan]
[19-37-06] [SYSTEM_IO]: System data pared in IOUtil's static block
[19-37-08] [LOGIN]: [AUTOCYPHER ATTEMPT]
[19-37-08] [JAVA ARGS]: [LOCATION] [La casa de Nathan]
[19-37-08] [LOGIN]: [AUTOCYPHER PASS, e5a50641-21d1-3654-b738-c0e4b2dc61b1]
[19-37-08] [SYSTEM_IO]: Userdata requested: Name
[19-37-09] [SYSTEM_IO]: Userdata requested: RandomBackground
[19-37-09] [SYSTEM_IO]: Userdata requested: FullScreen
[19-37-09] [SYSTEM_IO]: Userdata requested: Name
[19-37-09] [SYSTEM_IO]: Userdata requested: Foreground
[19-37-09] [SYSTEM_IO]: Userdata requested: Foreground
[19-37-09] [SYSTEM_IO]: Userdata requested: FullScreen
[19-37-10] [SYSTEM_IO]: Userdata requested: FullScreen
[19-37-10] [SYSTEM_IO]: Userdata requested: Foreground
[19-37-10] [SYSTEM_IO]: Userdata requested: Font
[19-37-10] [SYSTEM_IO]: Userdata requested: OutputBorder
[19-37-10] [SYSTEM_IO]: Userdata requested: FullScreen
[19-37-10] [SYSTEM_IO]: Userdata requested: InputBorder
[19-37-10] [SYSTEM_IO]: Userdata requested: Foreground
[19-37-10] [SYSTEM_IO]: Userdata requested: Foreground
[19-37-10] [SYSTEM_IO]: Userdata requested: Foreground
[19-37-10] [SYSTEM_IO]: Userdata requested: Font
[19-37-10] [SYSTEM_IO]: Userdata requested: OutputFill
[19-37-10] [SYSTEM_IO]: Userdata requested: InputFill
[19-37-10] [SYSTEM_IO]: Userdata requested: consolepinned
[19-37-10] [SYSTEM_IO]: Userdata requested: consolepinned
[19-37-10] [ACTION]: CyderFrame disposed with fastclose: true, CyderFrame: Component name = [cyder.ui.CyderFrame], bounds = [(980, 378, 600, 600)], hash = [1520648002], parentFrame = [No associated frame], associated text = [No getText() method found], tooltip text = [No getTooltipText() method found]
[19-37-10] [ACTION]: Console loaded in 4025ms
[19-37-10] [SYSTEM_IO]: Userdata requested: windowlocx
[19-37-10] [SYSTEM_IO]: Userdata requested: windowlocy
[19-37-10] [SYSTEM_IO]: Userdata requested: DebugWindows
[19-37-10] [ENTRY]: [TESTING MODE]
[19-37-10] [SYSTEM_IO]: Userdata requested: laststart
[19-37-10] [SYSTEM_IO]: Userdata requested: IntroMusic
[19-37-10] [ACTION]: [Stellar Cyder [Nathan]] [NOTIFICATION] Console loaded in 4025ms
[19-37-10] [SYSTEM_IO]: Userdata requested: persistentnotifications
[19-37-48] [SYSTEM_IO]: Userdata requested: minimizeonclose
[19-37-48] [SYSTEM_IO]: Userdata requested: Name
[19-37-48] [LOGOUT]: [Nathan]
[19-37-48] [ACTION]: CyderFrame disposed with fastclose: false, CyderFrame: Component name = [cyder.ui.ConsoleFrame], bounds = [(1466, 163, 984, 984)], hash = [1626343059], parentFrame = [No associated frame], associated text = [No getText() method found], tooltip text = [No getTooltipText() method found]
[19-37-48] [SYSTEM_IO]: Userdata requested: closeanimation
[19-37-48] [SYSTEM_IO]: Userdata requested: Background
[19-37-48] [EXIT]: [RUNTIME] 41s
[19-37-48] [EOL]: Log completed, exiting Cyder with exit code: 25 [Genesis Controlled Exit], exceptions thrown: 0
