[19-52-56] [ENTRY]: [Nathan]
[19-52-56] [SYSTEM_IO]: System data pared in IOUtil's static block
[19-52-58] [LOGIN]: [AUTOCYPHER ATTEMPT]
[19-52-58] [JAVA ARGS]: [LOCATION] [La casa de Nathan]
[19-52-58] [LOGIN]: [AUTOCYPHER PASS, e5a50641-21d1-3654-b738-c0e4b2dc61b1]
[19-52-58] [SYSTEM_IO]: Userdata requested: Name
[19-52-59] [SYSTEM_IO]: Userdata requested: RandomBackground
[19-52-59] [SYSTEM_IO]: Userdata requested: FullScreen
[19-52-59] [SYSTEM_IO]: Userdata requested: Name
[19-52-59] [SYSTEM_IO]: Userdata requested: Foreground
[19-52-59] [SYSTEM_IO]: Userdata requested: Foreground
[19-52-59] [SYSTEM_IO]: Userdata requested: FullScreen
[19-52-59] [SYSTEM_IO]: Userdata requested: FullScreen
[19-53-00] [SYSTEM_IO]: Userdata requested: Foreground
[19-53-00] [SYSTEM_IO]: Userdata requested: Font
[19-53-00] [SYSTEM_IO]: Userdata requested: OutputBorder
[19-53-00] [SYSTEM_IO]: Userdata requested: FullScreen
[19-53-00] [SYSTEM_IO]: Userdata requested: InputBorder
[19-53-00] [SYSTEM_IO]: Userdata requested: Foreground
[19-53-00] [SYSTEM_IO]: Userdata requested: Foreground
[19-53-00] [SYSTEM_IO]: Userdata requested: Foreground
[19-53-00] [SYSTEM_IO]: Userdata requested: Font
[19-53-00] [SYSTEM_IO]: Userdata requested: OutputFill
[19-53-00] [SYSTEM_IO]: Userdata requested: InputFill
[19-53-00] [SYSTEM_IO]: Userdata requested: consolepinned
[19-53-00] [SYSTEM_IO]: Userdata requested: consolepinned
[19-53-00] [ACTION]: CyderFrame disposed with fastclose: true, CyderFrame: Component name = [cyder.ui.CyderFrame], bounds = [(980, 378, 600, 600)], hash = [1847644699], parentFrame = [No associated frame], associated text = [No getText() method found], tooltip text = [No getTooltipText() method found]
[19-53-00] [ACTION]: Console loaded in 3780ms
[19-53-00] [SYSTEM_IO]: Userdata requested: windowlocx
[19-53-00] [SYSTEM_IO]: Userdata requested: windowlocy
[19-53-00] [SYSTEM_IO]: Userdata requested: DebugWindows
[19-53-00] [ENTRY]: [TESTING MODE]
[19-53-00] [SYSTEM_IO]: Userdata requested: laststart
[19-53-00] [SYSTEM_IO]: Userdata requested: IntroMusic
[19-53-00] [ACTION]: [Stellar Cyder [Nathan]] [NOTIFICATION] Console loaded in 3780ms
[19-53-00] [SYSTEM_IO]: Userdata requested: persistentnotifications
[EXTERNAL STOP] Cyder was force closed by an external entity such as an IDE stop or the OS' Task Manager
