[20-28-50] [ENTRY]: [Nathan]
[20-28-50] [SYSTEM_IO]: System data pared in IOUtil's static block
[20-28-51] [JAVA ARGS]: [LOCATION] [La casa de Nathan]
[20-28-51] [LOGIN]: [AUTOCYPHER ATTEMPT]
[20-28-52] [LOGIN]: [AUTOCYPHER PASS, e5a50641-21d1-3654-b738-c0e4b2dc61b1]
[20-28-52] [SYSTEM_IO]: Userdata requested: Name
[20-28-52] [SYSTEM_IO]: Userdata requested: RandomBackground
[20-28-52] [SYSTEM_IO]: Userdata requested: FullScreen
[20-28-52] [SYSTEM_IO]: Userdata requested: Name
[20-28-52] [SYSTEM_IO]: Userdata requested: Foreground
[20-28-52] [SYSTEM_IO]: Userdata requested: Foreground
[20-28-52] [SYSTEM_IO]: Userdata requested: FullScreen
[20-28-52] [SYSTEM_IO]: Userdata requested: FullScreen
[20-28-53] [SYSTEM_IO]: Userdata requested: Foreground
[20-28-53] [SYSTEM_IO]: Userdata requested: Font
[20-28-53] [SYSTEM_IO]: Userdata requested: OutputBorder
[20-28-53] [SYSTEM_IO]: Userdata requested: FullScreen
[20-28-53] [SYSTEM_IO]: Userdata requested: InputBorder
[20-28-53] [SYSTEM_IO]: Userdata requested: Foreground
[20-28-53] [SYSTEM_IO]: Userdata requested: Foreground
[20-28-53] [SYSTEM_IO]: Userdata requested: Foreground
[20-28-53] [SYSTEM_IO]: Userdata requested: Font
[20-28-53] [SYSTEM_IO]: Userdata requested: OutputFill
[20-28-53] [SYSTEM_IO]: Userdata requested: InputFill
[20-28-53] [SYSTEM_IO]: Userdata requested: consolepinned
[20-28-53] [SYSTEM_IO]: Userdata requested: consolepinned
[20-28-53] [ACTION]: CyderFrame disposed with fastclose: true, CyderFrame: Component name = [cyder.ui.CyderFrame], bounds = [(980, 378, 600, 600)], hash = [1273648137], parentFrame = [No associated frame], associated text = [No getText() method found], tooltip text = [No getTooltipText() method found]
[20-28-53] [ACTION]: Console loaded in 3512ms
[20-28-53] [SYSTEM_IO]: Userdata requested: windowlocx
[20-28-53] [SYSTEM_IO]: Userdata requested: windowlocy
[20-28-53] [SYSTEM_IO]: Userdata requested: DebugWindows
[20-28-53] [ENTRY]: [TESTING MODE]
[20-28-53] [SYSTEM_IO]: Userdata requested: laststart
[20-28-53] [SYSTEM_IO]: Userdata requested: IntroMusic
[20-28-53] [ACTION]: [Stellar Cyder [Nathan]] [NOTIFICATION] Console loaded in 3512ms
[20-28-53] [SYSTEM_IO]: Userdata requested: persistentnotifications
[20-29-34] [SYSTEM_IO]: Userdata requested: minimizeonclose
[20-29-34] [SYSTEM_IO]: Userdata requested: Name
[20-29-34] [LOGOUT]: [Nathan]
[20-29-34] [ACTION]: CyderFrame disposed with fastclose: false, CyderFrame: Component name = [cyder.ui.ConsoleFrame], bounds = [(1138, 372, 984, 984)], hash = [635371680], parentFrame = [No associated frame], associated text = [No getText() method found], tooltip text = [No getTooltipText() method found]
[20-29-34] [SYSTEM_IO]: Userdata requested: closeanimation
[20-29-34] [SYSTEM_IO]: Userdata requested: Background
[20-29-34] [EXIT]: [RUNTIME] 45s
[20-29-34] [EOL]: Log completed, exiting Cyder with exit code: 25 [Genesis Controlled Exit], exceptions thrown: 0
