[16-28-53] [ENTRY]: [Nathan]
[16-28-53] [SYSTEM_IO]: System data pared in IOUtil's static block
[16-28-54] [SYSTEM_IO]: Suggestions pared in IOUtil's static block
[16-28-54] [SYSTEM_IO]: Exit conditions pared in IOUtil's static block
[16-28-54] [SYSTEM_IO]: DebugHashes pared in IOUtil's static block
[16-28-56] [LOGIN]: [AUTOCYPHER ATTEMPT]
[16-28-56] [JAVA ARGS]: [LOCATION] [La casa de Nathan]
[16-28-56] [LOGIN]: [[AUTOCYPHER PASS]: e5a50641-21d1-3654-b738-c0e4b2dc61b1]
[16-28-56] [SYSTEM_IO]: Userdata requested: RandomBackground
[16-28-57] [SYSTEM_IO]: Userdata requested: FullScreen [3x]
[16-28-57] [SYSTEM_IO]: Userdata requested: OutputBorder
[16-28-57] [SYSTEM_IO]: Userdata requested: FullScreen
[16-28-57] [SYSTEM_IO]: Userdata requested: InputBorder
[16-28-57] [SYSTEM_IO]: Userdata requested: OutputFill
[16-28-57] [SYSTEM_IO]: Userdata requested: InputFill
[16-28-58] [ACTION]: CyderFrame disposed with fastclose: true, CyderFrame: Component name = [cyder.ui.CyderFrame], bounds = [(980, 396, 600, 600)], hash = [201574060], parentFrame = [Object itself is the top level frame], associated text = [No getText() method found], tooltip text = [No getTooltipText() method found], title = [Cyder Splash]
[16-28-58] [ACTION]: Console loaded in 4971ms
[16-28-58] [SYSTEM_IO]: Userdata requested: DebugWindows
[16-28-58] [ENTRY]: [TESTING MODE]
[16-28-58] [SYSTEM_IO]: Userdata requested: laststart
[16-28-58] [ACTION]: [Stellar Cyder [Nathan]] [NOTIFICATION] Console loaded in 4971ms
[16-28-59] [SYSTEM_IO]: Userdata requested: persistentnotifications
[16-28-59] [SYSTEM_IO]: Userdata requested: Background
[16-29-00] [SYSTEM_IO]: Userdata requested: minimizeonclose
[16-29-00] [ACTION]: CyderFrame disposed with fastclose: false, CyderFrame: Component name = [cyder.ui.ConsoleFrame], bounds = [(488, 269, 996, 655)], hash = [1650813924], parentFrame = [Object itself is the top level frame], associated text = [No getText() method found], tooltip text = [No getTooltipText() method found], title = [Stellar Cyder [Nathan]]
[16-29-00] [SYSTEM_IO]: Userdata requested: closeanimation
[16-29-00] [EXIT]: [RUNTIME] 6s
[16-29-00] [EOL]: Log completed, exiting Cyder with exit code: 25 [Genesis Controlled Exit], exceptions thrown: 0
