[16-36-47] [ENTRY]: [Nathan]
[16-36-47] [SYSTEM_IO]: System data pared in IOUtil's static block
[16-36-47] [SYSTEM_IO]: Suggestions pared in IOUtil's static block
[16-36-47] [SYSTEM_IO]: Exit conditions pared in IOUtil's static block
[16-36-47] [SYSTEM_IO]: DebugHashes pared in IOUtil's static block
[16-36-49] [LOGIN]: [AUTOCYPHER ATTEMPT]
[16-36-49] [JAVA ARGS]: [LOCATION] [La casa de Nathan]
[16-36-49] [LOGIN]: [[AUTOCYPHER PASS]: e5a50641-21d1-3654-b738-c0e4b2dc61b1]
[16-36-49] [SYSTEM_IO]: Userdata requested: RandomBackground
[16-36-49] [SYSTEM_IO]: Userdata requested: FullScreen [3x]
[16-36-50] [SYSTEM_IO]: Userdata requested: OutputBorder
[16-36-50] [SYSTEM_IO]: Userdata requested: FullScreen
[16-36-50] [SYSTEM_IO]: Userdata requested: InputBorder
[16-36-50] [SYSTEM_IO]: Userdata requested: OutputFill
[16-36-50] [SYSTEM_IO]: Userdata requested: InputFill
[16-36-50] [ACTION]: CyderFrame disposed with fastclose: true, CyderFrame: Component name = [cyder.ui.CyderFrame], bounds = [(980, 396, 600, 600)], hash = [640333360], parentFrame = [Object itself is the top level frame], associated text = [No getText() method found], tooltip text = [No getTooltipText() method found], title = [Cyder Splash]
[16-36-50] [ACTION]: Console loaded in 3632ms
[16-36-50] [SYSTEM_IO]: Userdata requested: DebugWindows
[16-36-50] [ENTRY]: [TESTING MODE]
[16-36-50] [SYSTEM_IO]: Userdata requested: laststart
[16-36-50] [ACTION]: [Stellar Cyder [Nathan]] [NOTIFICATION] Console loaded in 3632ms
[16-36-50] [SYSTEM_IO]: Userdata requested: persistentnotifications
[16-37-49] [EOL]: Log completed, Cyder crashed unexpectedly: exit code: -200 [External Stop], exceptions thrown: 0
