[20-31-08] [JVM_ENTRY]: [Nathan]
[20-31-08] [THREAD STARTED]: Object Creation Logger
[20-31-08] [SYSTEM_IO]: Requested deletion of: C:\Users\Nathan\Documents\IntelliJava\Cyder\logs\2022-03-20
[20-31-08] [SYSTEM_IO]: Requested deletion of: C:\Users\Nathan\Documents\IntelliJava\Cyder\logs\2022-03-20\11-02-34-1.log
           [20-31-08] [SYSTEM_IO]: Requested deletion of: C:\Users\Nathan\Documents\IntelliJava\Cyder\logs\2022-03-20\11-02-34-1.log
[20-31-08] [SYSTEM_IO]: Requested deletion of: C:\Users\Nathan\Documents\IntelliJava\Cyder\logs\2022-03-20\11-04-22-1.log
           [20-31-08] [SYSTEM_IO]: Requested deletion of: C:\Users\Nathan\Documents\IntelliJava\Cyder\logs\2022-03-20\11-04-22-1.log
[20-31-08] [SYSTEM_IO]: Requested deletion of: C:\Users\Nathan\Documents\IntelliJava\Cyder\logs\2022-03-20\11-04-59-1.log
           [20-31-08] [SYSTEM_IO]: Requested deletion of: C:\Users\Nathan\Documents\IntelliJava\Cyder\logs\2022-03-20\11-04-59-1.log
[20-31-08] [SYSTEM_IO]: Requested deletion of: C:\Users\Nathan\Documents\IntelliJava\Cyder\logs\2022-03-20\11-08-54-1.log
           [20-31-08] [SYSTEM_IO]: Requested deletion of: C:\Users\Nathan\Documents\IntelliJava\Cyder\logs\2022-03-20\11-08-54-1.log
[20-31-08] [SYSTEM_IO]: Requested deletion of: C:\Users\Nathan\Documents\IntelliJava\Cyder\logs\2022-03-20\11-20-29-1.log
           [20-31-08] [SYSTEM_IO]: Requested deletion of: C:\Users\Nathan\Documents\IntelliJava\Cyder\logs\2022-03-20\11-20-29-1.log
[20-31-08] [SYSTEM_IO]: Requested deletion of: C:\Users\Nathan\Documents\IntelliJava\Cyder\logs\2022-03-20\11-22-39-1.log
           [20-31-08] [SYSTEM_IO]: Requested deletion of: C:\Users\Nathan\Documents\IntelliJava\Cyder\logs\2022-03-20\11-22-39-1.log
[20-31-08] [SYSTEM_IO]: Requested deletion of: C:\Users\Nathan\Documents\IntelliJava\Cyder\logs\2022-03-20\12-05-52-1.log
           [20-31-08] [SYSTEM_IO]: Requested deletion of: C:\Users\Nathan\Documents\IntelliJava\Cyder\logs\2022-03-20\12-05-52-1.log
[20-31-08] [SYSTEM_IO]: Requested deletion of: C:\Users\Nathan\Documents\IntelliJava\Cyder\logs\2022-03-20\12-21-52-1.log
           [20-31-08] [SYSTEM_IO]: Requested deletion of: C:\Users\Nathan\Documents\IntelliJava\Cyder\logs\2022-03-20\12-21-52-1.log
[20-31-08] [SYSTEM_IO]: Requested deletion of: C:\Users\Nathan\Documents\IntelliJava\Cyder\logs\2022-03-20\12-26-43-1.log
           [20-31-08] [SYSTEM_IO]: Requested deletion of: C:\Users\Nathan\Documents\IntelliJava\Cyder\logs\2022-03-20\12-26-43-1.log
[20-31-08] [SYSTEM_IO]: Requested deletion of: C:\Users\Nathan\Documents\IntelliJava\Cyder\logs\2022-03-20\12-33-25-1.log
           [20-31-08] [SYSTEM_IO]: Requested deletion of: C:\Users\Nathan\Documents\IntelliJava\Cyder\logs\2022-03-20\12-33-25-1.log
[20-31-08] [SYSTEM_IO]: Requested deletion of: C:\Users\Nathan\Documents\IntelliJava\Cyder\logs\2022-03-20\19-55-14-1.log
           [20-31-08] [SYSTEM_IO]: Requested deletion of: C:\Users\Nathan\Documents\IntelliJava\Cyder\logs\2022-03-20\19-55-14-1.log
[20-31-09] [SYSTEM_IO]: Requested deletion of: C:\Users\Nathan\Documents\IntelliJava\Cyder\logs\2022-03-20\20-31-54-1.log
           [20-31-09] [SYSTEM_IO]: Requested deletion of: C:\Users\Nathan\Documents\IntelliJava\Cyder\logs\2022-03-20\20-31-54-1.log
[20-31-09] [SYSTEM_IO]: Requested deletion of: C:\Users\Nathan\Documents\IntelliJava\Cyder\logs\2022-03-20\20-49-44-1.log
           [20-31-09] [SYSTEM_IO]: Requested deletion of: C:\Users\Nathan\Documents\IntelliJava\Cyder\logs\2022-03-20\20-49-44-1.log
[20-31-09] [SYSTEM_IO]: Requested deletion of: C:\Users\Nathan\Documents\IntelliJava\Cyder\logs\2022-03-20\20-52-46-1.log
           [20-31-09] [SYSTEM_IO]: Requested deletion of: C:\Users\Nathan\Documents\IntelliJava\Cyder\logs\2022-03-20\20-52-46-1.log
[20-31-09] [SYSTEM_IO]: Requested deletion of: C:\Users\Nathan\Documents\IntelliJava\Cyder\logs\2022-03-20\20-54-50-1.log
           [20-31-09] [SYSTEM_IO]: Requested deletion of: C:\Users\Nathan\Documents\IntelliJava\Cyder\logs\2022-03-20\20-54-50-1.log
[20-31-09] [SYSTEM_IO]: Requested deletion of: C:\Users\Nathan\Documents\IntelliJava\Cyder\logs\2022-03-20\20-56-53-1.log
           [20-31-09] [SYSTEM_IO]: Requested deletion of: C:\Users\Nathan\Documents\IntelliJava\Cyder\logs\2022-03-20\20-56-53-1.log
[20-31-09] [SYSTEM_IO]: Requested deletion of: C:\Users\Nathan\Documents\IntelliJava\Cyder\logs\2022-03-20\21-01-43-1.log
           [20-31-09] [SYSTEM_IO]: Requested deletion of: C:\Users\Nathan\Documents\IntelliJava\Cyder\logs\2022-03-20\21-01-43-1.log
[20-31-09] [SYSTEM_IO]: Requested deletion of: C:\Users\Nathan\Documents\IntelliJava\Cyder\logs\2022-03-20\21-03-24-1.log
           [20-31-09] [SYSTEM_IO]: Requested deletion of: C:\Users\Nathan\Documents\IntelliJava\Cyder\logs\2022-03-20\21-03-24-1.log
[20-31-09] [SYSTEM_IO]: Requested deletion of: C:\Users\Nathan\Documents\IntelliJava\Cyder\logs\2022-03-20\21-05-48-1.log
           [20-31-09] [SYSTEM_IO]: Requested deletion of: C:\Users\Nathan\Documents\IntelliJava\Cyder\logs\2022-03-20\21-05-48-1.log
[20-31-09] [SYSTEM_IO]: Requested deletion of: C:\Users\Nathan\Documents\IntelliJava\Cyder\logs\2022-03-20\21-07-09-1.log
           [20-31-09] [SYSTEM_IO]: Requested deletion of: C:\Users\Nathan\Documents\IntelliJava\Cyder\logs\2022-03-20\21-07-09-1.log
[20-31-09] [SYSTEM_IO]: Requested deletion of: C:\Users\Nathan\Documents\IntelliJava\Cyder\logs\2022-03-20\21-09-30-1.log
           [20-31-09] [SYSTEM_IO]: Requested deletion of: C:\Users\Nathan\Documents\IntelliJava\Cyder\logs\2022-03-20\21-09-30-1.log
[20-31-09] [SYSTEM_IO]: Requested deletion of: C:\Users\Nathan\Documents\IntelliJava\Cyder\logs\2022-03-20\21-16-24-1.log
           [20-31-09] [SYSTEM_IO]: Requested deletion of: C:\Users\Nathan\Documents\IntelliJava\Cyder\logs\2022-03-20\21-16-24-1.log
[20-31-09] [SYSTEM_IO]: Requested deletion of: C:\Users\Nathan\Documents\IntelliJava\Cyder\logs\2022-03-20\21-30-36-1.log
           [20-31-09] [SYSTEM_IO]: Requested deletion of: C:\Users\Nathan\Documents\IntelliJava\Cyder\logs\2022-03-20\21-30-36-1.log
[20-31-09] [SYSTEM_IO]: Requested deletion of: C:\Users\Nathan\Documents\IntelliJava\Cyder\logs\2022-03-20\22-01-33-1.log
           [20-31-09] [SYSTEM_IO]: Requested deletion of: C:\Users\Nathan\Documents\IntelliJava\Cyder\logs\2022-03-20\22-01-33-1.log
[20-31-09] [SYSTEM_IO]: Requested deletion of: C:\Users\Nathan\Documents\IntelliJava\Cyder\logs\2022-03-20\22-03-35-1.log
           [20-31-09] [SYSTEM_IO]: Requested deletion of: C:\Users\Nathan\Documents\IntelliJava\Cyder\logs\2022-03-20\22-03-35-1.log
[20-31-09] [SYSTEM_IO]: Requested deletion of: C:\Users\Nathan\Documents\IntelliJava\Cyder\logs\2022-03-20\22-07-16-1.log
           [20-31-09] [SYSTEM_IO]: Requested deletion of: C:\Users\Nathan\Documents\IntelliJava\Cyder\logs\2022-03-20\22-07-16-1.log
[20-31-09] [SYSTEM_IO]: Requested deletion of: C:\Users\Nathan\Documents\IntelliJava\Cyder\logs\2022-03-20\22-20-37-1.log
           [20-31-09] [SYSTEM_IO]: Requested deletion of: C:\Users\Nathan\Documents\IntelliJava\Cyder\logs\2022-03-20\22-20-37-1.log
[20-31-09] [SYSTEM_IO]: Requested deletion of: C:\Users\Nathan\Documents\IntelliJava\Cyder\logs\2022-03-20\22-22-44-1.log
           [20-31-09] [SYSTEM_IO]: Requested deletion of: C:\Users\Nathan\Documents\IntelliJava\Cyder\logs\2022-03-20\22-22-44-1.log
[20-31-09] [SYSTEM_IO]: Requested deletion of: C:\Users\Nathan\Documents\IntelliJava\Cyder\logs\2022-03-20\22-24-02-1.log
           [20-31-09] [SYSTEM_IO]: Requested deletion of: C:\Users\Nathan\Documents\IntelliJava\Cyder\logs\2022-03-20\22-24-02-1.log
[20-31-09] [SYSTEM_IO]: Requested deletion of: C:\Users\Nathan\Documents\IntelliJava\Cyder\logs\2022-03-20\22-25-14-1.log
           [20-31-09] [SYSTEM_IO]: Requested deletion of: C:\Users\Nathan\Documents\IntelliJava\Cyder\logs\2022-03-20\22-25-14-1.log
[20-31-09] [SYSTEM_IO]: Requested deletion of: C:\Users\Nathan\Documents\IntelliJava\Cyder\logs\2022-03-20\22-26-36-1.log
           [20-31-09] [SYSTEM_IO]: Requested deletion of: C:\Users\Nathan\Documents\IntelliJava\Cyder\logs\2022-03-20\22-26-36-1.log
[20-31-09] [SYSTEM_IO]: Requested deletion of: C:\Users\Nathan\Documents\IntelliJava\Cyder\logs\2022-03-20\22-28-53-1.log
           [20-31-09] [SYSTEM_IO]: Requested deletion of: C:\Users\Nathan\Documents\IntelliJava\Cyder\logs\2022-03-20\22-28-53-1.log
[20-31-09] [SYSTEM_IO]: Requested deletion of: C:\Users\Nathan\Documents\IntelliJava\Cyder\logs\2022-03-20\22-30-20-1.log
           [20-31-09] [SYSTEM_IO]: Requested deletion of: C:\Users\Nathan\Documents\IntelliJava\Cyder\logs\2022-03-20\22-30-20-1.log
[20-31-09] [SYSTEM_IO]: Requested deletion of: C:\Users\Nathan\Documents\IntelliJava\Cyder\logs\2022-03-20\22-33-02-1.log
           [20-31-09] [SYSTEM_IO]: Requested deletion of: C:\Users\Nathan\Documents\IntelliJava\Cyder\logs\2022-03-20\22-33-02-1.log
[20-31-09] [SYSTEM_IO]: Requested deletion of: C:\Users\Nathan\Documents\IntelliJava\Cyder\logs\2022-03-20\22-33-18-1.log
           [20-31-09] [SYSTEM_IO]: Requested deletion of: C:\Users\Nathan\Documents\IntelliJava\Cyder\logs\2022-03-20\22-33-18-1.log
[20-31-09] [SYSTEM_IO]: Requested deletion of: C:\Users\Nathan\Documents\IntelliJava\Cyder\logs\2022-03-20\22-36-47-1.log
           [20-31-09] [SYSTEM_IO]: Requested deletion of: C:\Users\Nathan\Documents\IntelliJava\Cyder\logs\2022-03-20\22-36-47-1.log
[20-31-09] [SYSTEM_IO]: Requested deletion of: C:\Users\Nathan\Documents\IntelliJava\Cyder\logs\2022-03-20\22-40-52-1.log
           [20-31-09] [SYSTEM_IO]: Requested deletion of: C:\Users\Nathan\Documents\IntelliJava\Cyder\logs\2022-03-20\22-40-52-1.log
[20-31-09] [SYSTEM_IO]: Requested deletion of: C:\Users\Nathan\Documents\IntelliJava\Cyder\logs\2022-03-20\22-42-47-1.log
           [20-31-09] [SYSTEM_IO]: Requested deletion of: C:\Users\Nathan\Documents\IntelliJava\Cyder\logs\2022-03-20\22-42-47-1.log
[20-31-09] [SYSTEM_IO]: Requested deletion of: C:\Users\Nathan\Documents\IntelliJava\Cyder\logs\2022-03-20\22-50-26-1.log
           [20-31-09] [SYSTEM_IO]: Requested deletion of: C:\Users\Nathan\Documents\IntelliJava\Cyder\logs\2022-03-20\22-50-26-1.log
[20-31-09] [THREAD STARTED]: Watchdog Initializer
[20-31-09] [THREAD STARTED]: Singular Cyder Instance Ensurer
[20-31-09] [FONT LOADED]: font name = agency-fb
[20-31-09] [FONT LOADED]: font name = arial-black
[20-31-09] [FONT LOADED]: font name = beyno
[20-31-09] [FONT LOADED]: font name = darling-in-paris
[20-31-09] [FONT LOADED]: font name = Prompt-Bold
[20-31-09] [FONT LOADED]: font name = segoe-ui-black
[20-31-09] [FONT LOADED]: font name = tahoma
[20-31-09] [THREAD STARTED]: Splash Loader
[20-31-10] [THREAD STARTED]: Splash Animation
[20-31-10] [THREAD STARTED]: Cyder Start Secondary Subroutines
[20-31-10] [LOGIN]: [AUTOCYPHER ATTEMPT]
[20-31-10] [THREAD STARTED]: JVM Args Logger
[20-31-10] [SYSTEM_IO]: Requested deletion of: C:\Users\Nathan\Documents\IntelliJava\Cyder\dynamic\tmp
[20-31-10] [SYSTEM_IO]: [JSON WRITE] [Levenshtein = 1] User was written to file: 7d7ebb00-81fe-329f-8a78-62f463d0b7da\Us
           erdata.json
[20-31-10] [SYSTEM_IO]: Requested deletion of: C:\Users\Nathan\Documents\IntelliJava\Cyder\dynamic\backup\7d7ebb00-81fe-
           329f-8a78-62f463d0b7da_1647911813531.json
[20-31-11] [LOGIN]: [AUTOCYPHER PASS, 7d7ebb00-81fe-329f-8a78-62f463d0b7da]
[20-31-11] [SYSTEM_IO]: [JSON WRITE] [Levenshtein = 0] User was written to file: 7d7ebb00-81fe-329f-8a78-62f463d0b7da\Us
           erdata.json
[20-31-11] [SYSTEM_IO]: Requested deletion of: C:\Users\Nathan\Documents\IntelliJava\Cyder\dynamic\backup\7d7ebb00-81fe-
           329f-8a78-62f463d0b7da_1647912670712.json
[20-31-11] [SYSTEM_IO]: Userdata requested: RandomBackground
[20-31-11] [SYSTEM_IO]: Userdata requested: FullScreen
[20-31-11] [SYSTEM_IO]: Userdata requested: fullscreen
[20-31-11] [SYSTEM_IO]: Userdata requested: FullScreen
[20-31-11] [OBJECT CREATION]: Objects created since last delta (5s): 84
[20-31-11] [SYSTEM_IO]: Userdata requested: FullScreen
[20-31-11] [THREAD STARTED]: Console Printing Animation
[20-31-11] [SYSTEM_IO]: Userdata requested: OutputBorder
[20-31-11] [SYSTEM_IO]: Userdata requested: FullScreen
[20-31-12] [SYSTEM_IO]: Userdata requested: InputBorder
[20-31-12] [THREAD STARTED]: Console Input Caret Position Updater
[20-31-12] [SYSTEM_IO]: Userdata requested: OutputFill
[20-31-12] [SYSTEM_IO]: Userdata requested: InputFill
[20-31-12] [THREAD STARTED]: High Ping Checker
[20-31-12] [THREAD STARTED]: Hourly Chime Checker
[20-31-12] [THREAD STARTED]: Console Clock Updater
[20-31-12] [THREAD STARTED]: Cyder Watchdog
[20-31-12] [THREAD STARTED]: Cyder Busy Checker
[20-31-12] [THREAD STARTED]: ConsoleFrame Stat Saver
[20-31-12] [UI ACTION]: Console loaded in 3523ms
[20-31-12] [THREAD STARTED]: Component = ConsoleFrame (inner), hash = 1037955032, bounds = (1418, 225, 900, 600), parent 
           frame = Component is top frame, getTitle() = Insomnia Cyder [Nathan] notification queue checker
[20-31-12] [THREAD STARTED]: [Cyder Splash]  dispose() animation thread
[20-31-12] [UI ACTION]: CyderFrame disposed with fastclose: true, Component = CyderFrame, hash = 705454516, bounds =
           (980, 396, 600, 600), parent frame = Component is top frame, getTitle() = Cyder Splash
[20-31-12] [SYSTEM_IO]: Userdata requested: DebugWindows
[20-31-12] [CONSOLE LOADED]: [Nathan] [TESTING MODE]
[20-31-12] [SYSTEM_IO]: Userdata requested: laststart
[20-31-12] [UI ACTION]: [Insomnia Cyder [Nathan]] [NOTIFICATION] w = 287, h = 29, text = <html>Console loaded in 3523ms</html>
           [20-31-12] [UI ACTION]: [Insomnia Cyder [Nathan]] [NOTIFICATION] w = 287, h = 29, text = <html>Console loaded in 3523ms</html>
[20-31-12] [SYSTEM_IO]: [JSON WRITE] [Levenshtein = 5] User was written to file: 7d7ebb00-81fe-329f-8a78-62f463d0b7da\Us
           erdata.json
[20-31-12] [THREAD STARTED]: notification appear animation
[20-31-12] [SYSTEM_IO]: Requested deletion of: C:\Users\Nathan\Documents\IntelliJava\Cyder\dynamic\backup\7d7ebb00-81fe-
           329f-8a78-62f463d0b7da_1647912671522.json
[20-31-12] [SYSTEM_IO]: Userdata requested: persistentnotifications
[20-31-12] [THREAD STARTED]: Notificaiton Vanish Animator
[20-31-15] [SYSTEM_IO]: [JSON WRITE] [Levenshtein = 0] User was written to file: 7d7ebb00-81fe-329f-8a78-62f463d0b7da\Us
           erdata.json
[20-31-15] [SYSTEM_IO]: Requested deletion of: C:\Users\Nathan\Documents\IntelliJava\Cyder\dynamic\backup\7d7ebb00-81fe-
           329f-8a78-62f463d0b7da_1647912672289.json
[20-31-16] [OBJECT CREATION]: Objects created since last delta (5s): 19
[20-31-18] [SYSTEM_IO]: [JSON WRITE] [Levenshtein = 0] User was written to file: 7d7ebb00-81fe-329f-8a78-62f463d0b7da\Us
           erdata.json
[20-31-18] [SYSTEM_IO]: Requested deletion of: C:\Users\Nathan\Documents\IntelliJava\Cyder\dynamic\backup\7d7ebb00-81fe-
           329f-8a78-62f463d0b7da_1647912675085.json
[20-31-21] [OBJECT CREATION]: Objects created since last delta (5s): 1
[20-31-22] [SYSTEM_IO]: [JSON WRITE] [Levenshtein = 0] User was written to file: 7d7ebb00-81fe-329f-8a78-62f463d0b7da\Us
           erdata.json
[20-31-22] [SYSTEM_IO]: Requested deletion of: C:\Users\Nathan\Documents\IntelliJava\Cyder\dynamic\backup\7d7ebb00-81fe-
           329f-8a78-62f463d0b7da_1647912678838.json
[20-31-23] [THREAD STATUS POLLED]: name = AWT-EventQueue-0 in RUNNABLE state; incrementing watchdog counter
[20-31-26] [SYSTEM_IO]: [JSON WRITE] [Levenshtein = 0] User was written to file: 7d7ebb00-81fe-329f-8a78-62f463d0b7da\Us
           erdata.json
[20-31-26] [SYSTEM_IO]: Requested deletion of: C:\Users\Nathan\Documents\IntelliJava\Cyder\dynamic\backup\7d7ebb00-81fe-
           329f-8a78-62f463d0b7da_1647912682615.json
[20-31-26] [OBJECT CREATION]: Objects created since last delta (5s): 2
[20-31-30] [SYSTEM_IO]: [JSON WRITE] [Levenshtein = 0] User was written to file: 7d7ebb00-81fe-329f-8a78-62f463d0b7da\Us
           erdata.json
[20-31-30] [SYSTEM_IO]: Requested deletion of: C:\Users\Nathan\Documents\IntelliJava\Cyder\dynamic\backup\7d7ebb00-81fe-
           329f-8a78-62f463d0b7da_1647912686366.json
[20-31-31] [OBJECT CREATION]: Objects created since last delta (5s): 1
[20-31-33] [SYSTEM_IO]: [JSON WRITE] [Levenshtein = 0] User was written to file: 7d7ebb00-81fe-329f-8a78-62f463d0b7da\Us
           erdata.json
[20-31-33] [SYSTEM_IO]: Requested deletion of: C:\Users\Nathan\Documents\IntelliJava\Cyder\dynamic\backup\7d7ebb00-81fe-
           329f-8a78-62f463d0b7da_1647912690135.json
[20-31-36] [OBJECT CREATION]: Objects created since last delta (5s): 1
[20-31-37] [SYSTEM_IO]: [JSON WRITE] [Levenshtein = 0] User was written to file: 7d7ebb00-81fe-329f-8a78-62f463d0b7da\Us
           erdata.json
[20-31-37] [SYSTEM_IO]: Requested deletion of: C:\Users\Nathan\Documents\IntelliJava\Cyder\dynamic\backup\7d7ebb00-81fe-
           329f-8a78-62f463d0b7da_1647912693904.json
[20-31-41] [SYSTEM_IO]: [JSON WRITE] [Levenshtein = 0] User was written to file: 7d7ebb00-81fe-329f-8a78-62f463d0b7da\Us
           erdata.json
[20-31-41] [SYSTEM_IO]: Requested deletion of: C:\Users\Nathan\Documents\IntelliJava\Cyder\dynamic\backup\7d7ebb00-81fe-
           329f-8a78-62f463d0b7da_1647912697656.json
[20-31-41] [OBJECT CREATION]: Objects created since last delta (5s): 2
[20-31-42] [CLIENT]: hello world
[20-31-42] [SYSTEM_IO]: Userdata requested: filterchat
[20-31-42] [HANDLE]: GENERAL PRINT COMMAND HANDLED
[20-31-42] [HANDLE]: PRIMARY HANDLE
[20-31-42] [CONSOLE_OUT]: [STRING] What's up, Nathan?
[20-31-45] [SYSTEM_IO]: [JSON WRITE] [Levenshtein = 0] User was written to file: 7d7ebb00-81fe-329f-8a78-62f463d0b7da\Us
           erdata.json
[20-31-45] [SYSTEM_IO]: Requested deletion of: C:\Users\Nathan\Documents\IntelliJava\Cyder\dynamic\backup\7d7ebb00-81fe-
           329f-8a78-62f463d0b7da_1647912701404.json
[20-31-45] [CLIENT]: hello world > test.txt
[20-31-45] [SYSTEM_IO]: Userdata requested: filterchat
[20-31-45] [HANDLE]: GENERAL PRINT COMMAND HANDLED
[20-31-45] [HANDLE]: PRIMARY HANDLE
[20-31-46] [CONSOLE_OUT]: [STRING] Greetings, Nathan.
[20-31-46] [OBJECT CREATION]: Objects created since last delta (5s): 1
[20-31-48] [SYSTEM_IO]: [JSON WRITE] [Levenshtein = 0] User was written to file: 7d7ebb00-81fe-329f-8a78-62f463d0b7da\Us
           erdata.json
[20-31-48] [SYSTEM_IO]: Requested deletion of: C:\Users\Nathan\Documents\IntelliJava\Cyder\dynamic\backup\7d7ebb00-81fe-
           329f-8a78-62f463d0b7da_1647912705116.json
[20-31-49] [THREAD STATUS POLLED]: name = AWT-EventQueue-0 in RUNNABLE state; incrementing watchdog counter
[20-31-51] [OBJECT CREATION]: Objects created since last delta (5s): 1
[20-31-53] [SYSTEM_IO]: [JSON WRITE] [Levenshtein = 0] User was written to file: 7d7ebb00-81fe-329f-8a78-62f463d0b7da\Us
           erdata.json
[20-31-53] [SYSTEM_IO]: Requested deletion of: C:\Users\Nathan\Documents\IntelliJava\Cyder\dynamic\backup\7d7ebb00-81fe-
           329f-8a78-62f463d0b7da_1647912708870.json
[20-31-54] [THREAD STATUS POLLED]: name = AWT-EventQueue-0 in RUNNABLE state; incrementing watchdog counter
[20-31-56] [OBJECT CREATION]: Objects created since last delta (5s): 1
[20-31-56] [SYSTEM_IO]: [JSON WRITE] [Levenshtein = 0] User was written to file: 7d7ebb00-81fe-329f-8a78-62f463d0b7da\Us
           erdata.json
[20-31-57] [SYSTEM_IO]: Requested deletion of: C:\Users\Nathan\Documents\IntelliJava\Cyder\dynamic\backup\7d7ebb00-81fe-
           329f-8a78-62f463d0b7da_1647912713206.json
[20-32-00] [SYSTEM_IO]: [JSON WRITE] [Levenshtein = 0] User was written to file: 7d7ebb00-81fe-329f-8a78-62f463d0b7da\Us
           erdata.json
[20-32-00] [SYSTEM_IO]: Requested deletion of: C:\Users\Nathan\Documents\IntelliJava\Cyder\dynamic\backup\7d7ebb00-81fe-
           329f-8a78-62f463d0b7da_1647912717014.json
[20-32-01] [OBJECT CREATION]: Objects created since last delta (5s): 2
[20-32-04] [SYSTEM_IO]: [JSON WRITE] [Levenshtein = 0] User was written to file: 7d7ebb00-81fe-329f-8a78-62f463d0b7da\Us
           erdata.json
[20-32-04] [SYSTEM_IO]: Requested deletion of: C:\Users\Nathan\Documents\IntelliJava\Cyder\dynamic\backup\7d7ebb00-81fe-
           329f-8a78-62f463d0b7da_1647912720787.json
[20-32-06] [OBJECT CREATION]: Objects created since last delta (5s): 1
[20-32-08] [SYSTEM_IO]: [JSON WRITE] [Levenshtein = 0] User was written to file: 7d7ebb00-81fe-329f-8a78-62f463d0b7da\Us
           erdata.json
[20-32-08] [SYSTEM_IO]: Requested deletion of: C:\Users\Nathan\Documents\IntelliJava\Cyder\dynamic\backup\7d7ebb00-81fe-
           329f-8a78-62f463d0b7da_1647912724525.json
[20-32-11] [OBJECT CREATION]: Objects created since last delta (5s): 1
[20-32-12] [SYSTEM_IO]: [JSON WRITE] [Levenshtein = 0] User was written to file: 7d7ebb00-81fe-329f-8a78-62f463d0b7da\Us
           erdata.json
[20-32-12] [SYSTEM_IO]: Requested deletion of: C:\Users\Nathan\Documents\IntelliJava\Cyder\dynamic\backup\7d7ebb00-81fe-
           329f-8a78-62f463d0b7da_1647912728301.json
[20-32-15] [SYSTEM_IO]: [JSON WRITE] [Levenshtein = 0] User was written to file: 7d7ebb00-81fe-329f-8a78-62f463d0b7da\Us
           erdata.json
[20-32-15] [SYSTEM_IO]: Requested deletion of: C:\Users\Nathan\Documents\IntelliJava\Cyder\dynamic\backup\7d7ebb00-81fe-
           329f-8a78-62f463d0b7da_1647912732062.json
[20-32-16] [OBJECT CREATION]: Objects created since last delta (5s): 2
[20-32-17] [THREAD STATUS POLLED]: name = AWT-EventQueue-0 in RUNNABLE state; incrementing watchdog counter
[20-32-19] [SYSTEM_IO]: [JSON WRITE] [Levenshtein = 0] User was written to file: 7d7ebb00-81fe-329f-8a78-62f463d0b7da\Us
           erdata.json
[20-32-19] [SYSTEM_IO]: Requested deletion of: C:\Users\Nathan\Documents\IntelliJava\Cyder\dynamic\backup\7d7ebb00-81fe-
           329f-8a78-62f463d0b7da_1647912735825.json
[20-32-21] [OBJECT CREATION]: Objects created since last delta (5s): 1
[20-32-23] [SYSTEM_IO]: [JSON WRITE] [Levenshtein = 0] User was written to file: 7d7ebb00-81fe-329f-8a78-62f463d0b7da\Us
           erdata.json
[20-32-23] [SYSTEM_IO]: Requested deletion of: C:\Users\Nathan\Documents\IntelliJava\Cyder\dynamic\backup\7d7ebb00-81fe-
           329f-8a78-62f463d0b7da_1647912739587.json
[20-32-25] [THREAD STATUS POLLED]: name = AWT-EventQueue-0 in RUNNABLE state; incrementing watchdog counter
[20-32-26] [OBJECT CREATION]: Objects created since last delta (5s): 1
[20-32-27] [SYSTEM_IO]: [JSON WRITE] [Levenshtein = 0] User was written to file: 7d7ebb00-81fe-329f-8a78-62f463d0b7da\Us
           erdata.json
[20-32-27] [SYSTEM_IO]: Requested deletion of: C:\Users\Nathan\Documents\IntelliJava\Cyder\dynamic\backup\7d7ebb00-81fe-
           329f-8a78-62f463d0b7da_1647912743367.json
[20-32-30] [SYSTEM_IO]: [JSON WRITE] [Levenshtein = 0] User was written to file: 7d7ebb00-81fe-329f-8a78-62f463d0b7da\Us
           erdata.json
[20-32-30] [SYSTEM_IO]: Requested deletion of: C:\Users\Nathan\Documents\IntelliJava\Cyder\dynamic\backup\7d7ebb00-81fe-
           329f-8a78-62f463d0b7da_1647912747144.json
[20-32-31] [OBJECT CREATION]: Objects created since last delta (5s): 2
[20-32-33] [THREAD STATUS POLLED]: name = AWT-EventQueue-0 in RUNNABLE state; incrementing watchdog counter
[20-32-34] [SYSTEM_IO]: [JSON WRITE] [Levenshtein = 0] User was written to file: 7d7ebb00-81fe-329f-8a78-62f463d0b7da\Us
           erdata.json
[20-32-34] [SYSTEM_IO]: Requested deletion of: C:\Users\Nathan\Documents\IntelliJava\Cyder\dynamic\backup\7d7ebb00-81fe-
           329f-8a78-62f463d0b7da_1647912750910.json
[20-32-36] [THREAD STATUS POLLED]: name = AWT-EventQueue-0 in RUNNABLE state; incrementing watchdog counter
[20-32-36] [OBJECT CREATION]: Objects created since last delta (5s): 1
[20-32-38] [SYSTEM_IO]: [JSON WRITE] [Levenshtein = 0] User was written to file: 7d7ebb00-81fe-329f-8a78-62f463d0b7da\Us
           erdata.json
[20-32-38] [SYSTEM_IO]: Requested deletion of: C:\Users\Nathan\Documents\IntelliJava\Cyder\dynamic\backup\7d7ebb00-81fe-
           329f-8a78-62f463d0b7da_1647912754679.json
[20-32-41] [OBJECT CREATION]: Objects created since last delta (5s): 1
[20-32-42] [SYSTEM_IO]: [JSON WRITE] [Levenshtein = 0] User was written to file: 7d7ebb00-81fe-329f-8a78-62f463d0b7da\Us
           erdata.json
[20-32-42] [SYSTEM_IO]: Requested deletion of: C:\Users\Nathan\Documents\IntelliJava\Cyder\dynamic\backup\7d7ebb00-81fe-
           329f-8a78-62f463d0b7da_1647912758450.json
[20-32-46] [SYSTEM_IO]: [JSON WRITE] [Levenshtein = 0] User was written to file: 7d7ebb00-81fe-329f-8a78-62f463d0b7da\Us
           erdata.json
[20-32-46] [SYSTEM_IO]: Requested deletion of: C:\Users\Nathan\Documents\IntelliJava\Cyder\dynamic\backup\7d7ebb00-81fe-
           329f-8a78-62f463d0b7da_1647912762231.json
[20-32-46] [OBJECT CREATION]: Objects created since last delta (5s): 2
[20-32-50] [SYSTEM_IO]: [JSON WRITE] [Levenshtein = 0] User was written to file: 7d7ebb00-81fe-329f-8a78-62f463d0b7da\Us
           erdata.json
[20-32-50] [SYSTEM_IO]: Requested deletion of: C:\Users\Nathan\Documents\IntelliJava\Cyder\dynamic\backup\7d7ebb00-81fe-
           329f-8a78-62f463d0b7da_1647912766424.json
[20-32-51] [OBJECT CREATION]: Objects created since last delta (5s): 1
[20-32-54] [SYSTEM_IO]: [JSON WRITE] [Levenshtein = 0] User was written to file: 7d7ebb00-81fe-329f-8a78-62f463d0b7da\Us
           erdata.json
[20-32-54] [SYSTEM_IO]: Requested deletion of: C:\Users\Nathan\Documents\IntelliJava\Cyder\dynamic\backup\7d7ebb00-81fe-
           329f-8a78-62f463d0b7da_1647912770531.json
[20-32-56] [OBJECT CREATION]: Objects created since last delta (5s): 1
[20-32-58] [SYSTEM_IO]: [JSON WRITE] [Levenshtein = 0] User was written to file: 7d7ebb00-81fe-329f-8a78-62f463d0b7da\Us
           erdata.json
[20-32-58] [SYSTEM_IO]: Requested deletion of: C:\Users\Nathan\Documents\IntelliJava\Cyder\dynamic\backup\7d7ebb00-81fe-
           329f-8a78-62f463d0b7da_1647912774634.json
[20-33-00] [THREAD STATUS POLLED]: name = AWT-EventQueue-0 in RUNNABLE state; incrementing watchdog counter
[20-33-01] [OBJECT CREATION]: Objects created since last delta (5s): 1
[20-33-02] [SYSTEM_IO]: [JSON WRITE] [Levenshtein = 0] User was written to file: 7d7ebb00-81fe-329f-8a78-62f463d0b7da\Us
           erdata.json
[20-33-02] [SYSTEM_IO]: Requested deletion of: C:\Users\Nathan\Documents\IntelliJava\Cyder\dynamic\backup\7d7ebb00-81fe-
           329f-8a78-62f463d0b7da_1647912778407.json
[20-33-04] [THREAD STATUS POLLED]: name = AWT-EventQueue-0 in RUNNABLE state; incrementing watchdog counter
[20-33-06] [SYSTEM_IO]: [JSON WRITE] [Levenshtein = 0] User was written to file: 7d7ebb00-81fe-329f-8a78-62f463d0b7da\Us
           erdata.json
[20-33-06] [SYSTEM_IO]: Requested deletion of: C:\Users\Nathan\Documents\IntelliJava\Cyder\dynamic\backup\7d7ebb00-81fe-
           329f-8a78-62f463d0b7da_1647912782409.json
[20-33-07] [OBJECT CREATION]: Objects created since last delta (5s): 2
[20-33-09] [SYSTEM_IO]: [JSON WRITE] [Levenshtein = 0] User was written to file: 7d7ebb00-81fe-329f-8a78-62f463d0b7da\Us
           erdata.json
[20-33-09] [SYSTEM_IO]: Requested deletion of: C:\Users\Nathan\Documents\IntelliJava\Cyder\dynamic\backup\7d7ebb00-81fe-
           329f-8a78-62f463d0b7da_1647912786167.json
[20-33-12] [OBJECT CREATION]: Objects created since last delta (5s): 1
[20-33-13] [SYSTEM_IO]: [JSON WRITE] [Levenshtein = 0] User was written to file: 7d7ebb00-81fe-329f-8a78-62f463d0b7da\Us
           erdata.json
[20-33-13] [SYSTEM_IO]: Requested deletion of: C:\Users\Nathan\Documents\IntelliJava\Cyder\dynamic\backup\7d7ebb00-81fe-
           329f-8a78-62f463d0b7da_1647912789931.json
[20-33-15] [THREAD STATUS POLLED]: name = AWT-EventQueue-0 in RUNNABLE state; incrementing watchdog counter
[20-33-17] [OBJECT CREATION]: Objects created since last delta (5s): 1
[20-33-17] [SYSTEM_IO]: [JSON WRITE] [Levenshtein = 0] User was written to file: 7d7ebb00-81fe-329f-8a78-62f463d0b7da\Us
           erdata.json
[20-33-17] [SYSTEM_IO]: Requested deletion of: C:\Users\Nathan\Documents\IntelliJava\Cyder\dynamic\backup\7d7ebb00-81fe-
           329f-8a78-62f463d0b7da_1647912793706.json
[20-33-21] [SYSTEM_IO]: [JSON WRITE] [Levenshtein = 0] User was written to file: 7d7ebb00-81fe-329f-8a78-62f463d0b7da\Us
           erdata.json
[20-33-21] [SYSTEM_IO]: Requested deletion of: C:\Users\Nathan\Documents\IntelliJava\Cyder\dynamic\backup\7d7ebb00-81fe-
           329f-8a78-62f463d0b7da_1647912797461.json
[20-33-22] [OBJECT CREATION]: Objects created since last delta (5s): 2
[20-33-24] [SYSTEM_IO]: [JSON WRITE] [Levenshtein = 0] User was written to file: 7d7ebb00-81fe-329f-8a78-62f463d0b7da\Us
           erdata.json
[20-33-24] [SYSTEM_IO]: Requested deletion of: C:\Users\Nathan\Documents\IntelliJava\Cyder\dynamic\backup\7d7ebb00-81fe-
           329f-8a78-62f463d0b7da_1647912801226.json
[20-33-26] [THREAD STATUS POLLED]: name = AWT-EventQueue-0 in RUNNABLE state; incrementing watchdog counter
[20-33-27] [OBJECT CREATION]: Objects created since last delta (5s): 1
[20-33-27] [THREAD STATUS POLLED]: name = AWT-EventQueue-0 in RUNNABLE state; incrementing watchdog counter
[20-33-28] [SYSTEM_IO]: [JSON WRITE] [Levenshtein = 0] User was written to file: 7d7ebb00-81fe-329f-8a78-62f463d0b7da\Us
           erdata.json
[20-33-28] [SYSTEM_IO]: Requested deletion of: C:\Users\Nathan\Documents\IntelliJava\Cyder\dynamic\backup\7d7ebb00-81fe-
           329f-8a78-62f463d0b7da_1647912804993.json
[20-33-32] [OBJECT CREATION]: Objects created since last delta (5s): 1
[20-33-32] [SYSTEM_IO]: [JSON WRITE] [Levenshtein = 0] User was written to file: 7d7ebb00-81fe-329f-8a78-62f463d0b7da\Us
           erdata.json
[20-33-32] [SYSTEM_IO]: Requested deletion of: C:\Users\Nathan\Documents\IntelliJava\Cyder\dynamic\backup\7d7ebb00-81fe-
           329f-8a78-62f463d0b7da_1647912808802.json
[20-33-35] [THREAD STATUS POLLED]: name = AWT-EventQueue-0 in RUNNABLE state; incrementing watchdog counter
[20-33-36] [SYSTEM_IO]: [JSON WRITE] [Levenshtein = 0] User was written to file: 7d7ebb00-81fe-329f-8a78-62f463d0b7da\Us
           erdata.json
[20-33-36] [SYSTEM_IO]: Requested deletion of: C:\Users\Nathan\Documents\IntelliJava\Cyder\dynamic\backup\7d7ebb00-81fe-
           329f-8a78-62f463d0b7da_1647912812576.json
[20-33-36] [THREAD STATUS POLLED]: name = AWT-EventQueue-0 in RUNNABLE state; incrementing watchdog counter
[20-33-37] [OBJECT CREATION]: Objects created since last delta (5s): 2
[20-33-40] [SYSTEM_IO]: [JSON WRITE] [Levenshtein = 0] User was written to file: 7d7ebb00-81fe-329f-8a78-62f463d0b7da\Us
           erdata.json
[20-33-40] [SYSTEM_IO]: Requested deletion of: C:\Users\Nathan\Documents\IntelliJava\Cyder\dynamic\backup\7d7ebb00-81fe-
           329f-8a78-62f463d0b7da_1647912816358.json
[20-33-42] [OBJECT CREATION]: Objects created since last delta (5s): 1
[20-33-43] [THREAD STATUS POLLED]: name = AWT-EventQueue-0 in RUNNABLE state; incrementing watchdog counter
[20-33-43] [SYSTEM_IO]: [JSON WRITE] [Levenshtein = 0] User was written to file: 7d7ebb00-81fe-329f-8a78-62f463d0b7da\Us
           erdata.json
[20-33-43] [SYSTEM_IO]: Requested deletion of: C:\Users\Nathan\Documents\IntelliJava\Cyder\dynamic\backup\7d7ebb00-81fe-
           329f-8a78-62f463d0b7da_1647912820113.json
[20-33-47] [OBJECT CREATION]: Objects created since last delta (5s): 1
[20-33-47] [SYSTEM_IO]: [JSON WRITE] [Levenshtein = 0] User was written to file: 7d7ebb00-81fe-329f-8a78-62f463d0b7da\Us
           erdata.json
[20-33-47] [SYSTEM_IO]: Requested deletion of: C:\Users\Nathan\Documents\IntelliJava\Cyder\dynamic\backup\7d7ebb00-81fe-
           329f-8a78-62f463d0b7da_1647912823884.json
[20-33-48] [THREAD STATUS POLLED]: name = AWT-EventQueue-0 in RUNNABLE state; incrementing watchdog counter
[20-33-51] [SYSTEM_IO]: [JSON WRITE] [Levenshtein = 0] User was written to file: 7d7ebb00-81fe-329f-8a78-62f463d0b7da\Us
           erdata.json
[20-33-51] [SYSTEM_IO]: Requested deletion of: C:\Users\Nathan\Documents\IntelliJava\Cyder\dynamic\backup\7d7ebb00-81fe-
           329f-8a78-62f463d0b7da_1647912827649.json
[20-33-52] [OBJECT CREATION]: Objects created since last delta (5s): 2
[20-33-55] [SYSTEM_IO]: [JSON WRITE] [Levenshtein = 0] User was written to file: 7d7ebb00-81fe-329f-8a78-62f463d0b7da\Us
           erdata.json
[20-33-55] [SYSTEM_IO]: Requested deletion of: C:\Users\Nathan\Documents\IntelliJava\Cyder\dynamic\backup\7d7ebb00-81fe-
           329f-8a78-62f463d0b7da_1647912831408.json
[20-33-57] [OBJECT CREATION]: Objects created since last delta (5s): 1
[20-33-57] [SYSTEM_IO]: Userdata requested: minimizeonclose
[20-33-57] [THREAD STARTED]: [Insomnia Cyder [Nathan]]  dispose() animation thread
[20-33-57] [UI ACTION]: CyderFrame disposed with fastclose: false, Component = ConsoleFrame (inner), hash = 1037955032,
           bounds = (1418, 225, 900, 600), parent frame = Component is top frame, getTitle() = Insomnia Cyder [Nathan]
[20-33-57] [SYSTEM_IO]: Userdata requested: closeanimation
[20-33-57] [EXIT]: [RUNTIME] 2m 48s
[20-33-57] [EOL]: Log completed, exiting Cyder with exit code: 0 [Genesis Controlled 
           Exit], exceptions thrown: 0
