[12-01-49] [ENTRY]: [Nathan]
[12-01-49] [SYSTEM_IO]: System data pared in IOUtil's static block
[12-01-49] [SYSTEM_IO]: Suggestions pared in IOUtil's static block
[12-01-51] [LOGIN]: [AUTOCYPHER ATTEMPT]
[12-01-51] [JAVA ARGS]: [LOCATION] [La casa de Nathan]
[12-01-52] [LOGIN]: [AUTOCYPHER PASS, e5a50641-21d1-3654-b738-c0e4b2dc61b1]
[12-01-52] [SYSTEM_IO]: Userdata requested: Name
[12-01-52] [SYSTEM_IO]: Userdata requested: RandomBackground
[12-01-52] [SYSTEM_IO]: Userdata requested: FullScreen
[12-01-52] [SYSTEM_IO]: Userdata requested: Name
[12-01-52] [SYSTEM_IO]: Userdata requested: Foreground
[12-01-52] [SYSTEM_IO]: Userdata requested: Foreground
[12-01-52] [SYSTEM_IO]: Userdata requested: FullScreen
[12-01-52] [SYSTEM_IO]: Userdata requested: FullScreen
[12-01-52] [SYSTEM_IO]: Userdata requested: Foreground
[12-01-52] [SYSTEM_IO]: Userdata requested: Font
[12-01-52] [SYSTEM_IO]: Userdata requested: OutputBorder
[12-01-52] [SYSTEM_IO]: Userdata requested: FullScreen
[12-01-52] [SYSTEM_IO]: Userdata requested: InputBorder
[12-01-52] [SYSTEM_IO]: Userdata requested: Foreground
[12-01-52] [SYSTEM_IO]: Userdata requested: Foreground
[12-01-52] [SYSTEM_IO]: Userdata requested: Foreground
[12-01-52] [SYSTEM_IO]: Userdata requested: Font
[12-01-52] [SYSTEM_IO]: Userdata requested: OutputFill
[12-01-52] [SYSTEM_IO]: Userdata requested: InputFill
[12-01-52] [ACTION]: CyderFrame disposed with fastclose: true, CyderFrame: Component name = [cyder.ui.CyderFrame], bounds = [(1393, 411, 600, 600)], hash = [842240178], parentFrame = [Object itself is the top level frame], associated text = [No getText() method found], tooltip text = [No getTooltipText() method found], title = [Cyder Splash]
[12-01-53] [ACTION]: Console loaded in 4017ms
[12-01-53] [SYSTEM_IO]: Userdata requested: DebugWindows
[12-01-53] [ENTRY]: [TESTING MODE]
[12-01-53] [SYSTEM_IO]: Userdata requested: laststart
[12-01-53] [SYSTEM_IO]: Userdata requested: IntroMusic
[12-01-53] [ACTION]: [Stellar Cyder [Nathan]] [NOTIFICATION] Console loaded in 4017ms
[12-01-53] [SYSTEM_IO]: Userdata requested: persistentnotifications
[12-01-54] [ACTION]: Component name = [cyder.ui.Notification], bounds = [(356, 29, 313, 67)], hash = [2001450859], parentFrame = [Stellar Cyder [Nathan]], associated text = [No getText() method found], tooltip text = [No getTooltipText() method found], title = [No getTitle() method found]
[12-01-57] [CLIENT]: path
[12-01-57] [SYSTEM_IO]: Userdata requested: filterchat
[12-01-57]
[12-01-57]
[12-01-58] [CONSOLE_OUT]: [STRING] Opening widget: cyder.widgets.PathFinderWidget
[12-02-05] [ACTION]: Component name = [cyder.ui.CyderCheckbox], bounds = [(240, 920, 50, 50)], hash = [381259001], parentFrame = [Pathfinding visualizer], associated text = [No getText() method found], tooltip text = [No getTooltipText() method found], title = [No getTitle() method found]
[12-02-06] [ACTION]: Component name = [cyder.ui.CyderButton], bounds = [(400, 940, 170, 40)], hash = [658335508], parentFrame = [Pathfinding visualizer], associated text = [Stop], tooltip text = [No getTooltipText() method found], title = [No getTitle() method found]
[12-02-11] [ACTION]: Component name = [cyder.ui.CyderButton], bounds = [(145, 10, 135, 30)], hash = [356472625], parentFrame = [Pathfinding visualizer], associated text = [Euclidean], tooltip text = [No getTooltipText() method found], title = [No getTitle() method found]
[12-02-12] [ACTION]: Component name = [cyder.ui.CyderButton], bounds = [(400, 940, 170, 40)], hash = [658335508], parentFrame = [Pathfinding visualizer], associated text = [Stop], tooltip text = [No getTooltipText() method found], title = [No getTitle() method found]
[12-02-21] [ACTION]: Component name = [cyder.ui.CyderButton], bounds = [(400, 940, 170, 40)], hash = [658335508], parentFrame = [Pathfinding visualizer], associated text = [Stop], tooltip text = [No getTooltipText() method found], title = [No getTitle() method found]
[12-02-26] [ACTION]: Component name = [cyder.ui.CyderCheckbox], bounds = [(310, 920, 50, 50)], hash = [1931445576], parentFrame = [Pathfinding visualizer], associated text = [No getText() method found], tooltip text = [No getTooltipText() method found], title = [No getTitle() method found]
[12-02-30] [ACTION]: Component name = [cyder.ui.CyderButton], bounds = [(400, 940, 170, 40)], hash = [658335508], parentFrame = [Pathfinding visualizer], associated text = [Stop], tooltip text = [No getTooltipText() method found], title = [No getTitle() method found]
[12-02-36] [ACTION]: Component name = [cyder.ui.CyderButton], bounds = [(10, 10, 135, 30)], hash = [356472625], parentFrame = [Pathfinding visualizer], associated text = [Manhattan], tooltip text = [No getTooltipText() method found], title = [No getTitle() method found]
[12-02-37] [ACTION]: Component name = [cyder.ui.CyderButton], bounds = [(400, 940, 170, 40)], hash = [658335508], parentFrame = [Pathfinding visualizer], associated text = [Stop], tooltip text = [No getTooltipText() method found], title = [No getTitle() method found]
[12-02-43] [ACTION]: Component name = [cyder.ui.CyderButton], bounds = [(10, 10, 190, 30)], hash = [660569313], parentFrame = [Pathfinding visualizer], associated text = [Dijkstras], tooltip text = [No getTooltipText() method found], title = [No getTitle() method found]
[12-02-44] [ACTION]: Component name = [cyder.ui.CyderButton], bounds = [(400, 940, 170, 40)], hash = [658335508], parentFrame = [Pathfinding visualizer], associated text = [Stop], tooltip text = [No getTooltipText() method found], title = [No getTitle() method found]
[12-02-55] [ACTION]: Component name = [cyder.ui.DragLabel], bounds = [(2, 2, 996, 28)], hash = [428693543], parentFrame = [Pathfinding visualizer], associated text = [No getText() method found], tooltip text = [No getTooltipText() method found], title = [No getTitle() method found]
[12-02-55] [ACTION]: CyderFrame disposed with fastclose: false, CyderFrame: Component name = [cyder.ui.CyderFrame], bounds = [(981, 135, 1000, 1070)], hash = [1979676638], parentFrame = [Object itself is the top level frame], associated text = [No getText() method found], tooltip text = [No getTooltipText() method found], title = [Pathfinding visualizer]
[12-02-55] [SYSTEM_IO]: Userdata requested: closeanimation
[12-02-57] [CLIENT]: hi
[12-02-57] [SYSTEM_IO]: Userdata requested: filterchat
[12-02-57] [SYSTEM_IO]: Userdata requested: Name
[12-02-58] [CONSOLE_OUT]: [STRING] Greetings, Nathan.
[12-02-58] [CONSOLE_OUT]: [STRING] Unknown command
[12-03-01] [CLIENT]: hello
[12-03-01] [SYSTEM_IO]: Userdata requested: filterchat
[12-03-01] [SYSTEM_IO]: Userdata requested: Name
[12-03-01] [CONSOLE_OUT]: [STRING] Hello, Nathan.
[12-03-01] [CONSOLE_OUT]: [STRING] Unknown command
[12-03-09] [CLIENT]: hash
[12-03-09] [SYSTEM_IO]: Userdata requested: filterchat
[12-03-09] [EXCEPTION]: 
Exception origin: java.base/jdk.internal.reflect.NativeMethodAccessorImpl.invoke0(Native Method)
From line: -2
Trace: java.lang.IllegalArgumentException: 
	at java.base/jdk.internal.reflect.NativeMethodAccessorImpl.invoke0(Native Method)
	at java.base/jdk.internal.reflect.NativeMethodAccessorImpl.invoke(NativeMethodAccessorImpl.java:62)
	at java.base/jdk.internal.reflect.DelegatingMethodAccessorImpl.invoke(DelegatingMethodAccessorImpl.java:43)
	at java.base/java.lang.reflect.Method.invoke(Method.java:564)
	at cyder.utilities.ReflectionUtil.openWidget(ReflectionUtil.java:182)
	at cyder.handlers.internal.InputHandler.handle(InputHandler.java:244)
	at cyder.ui.ConsoleFrame.lambda$start$2(ConsoleFrame.java:516)
	at java.desktop/javax.swing.JTextField.fireActionPerformed(JTextField.java:508)
	at java.desktop/javax.swing.JTextField.postActionEvent(JTextField.java:723)
	at java.desktop/javax.swing.JTextField$NotifyAction.actionPerformed(JTextField.java:839)
	at java.desktop/javax.swing.SwingUtilities.notifyAction(SwingUtilities.java:1805)
	at java.desktop/javax.swing.JComponent.processKeyBinding(JComponent.java:2901)
	at java.desktop/javax.swing.JComponent.processKeyBindings(JComponent.java:2949)
	at java.desktop/javax.swing.JComponent.processKeyEvent(JComponent.java:2863)
	at java.desktop/java.awt.Component.processEvent(Component.java:6355)
	at java.desktop/java.awt.Container.processEvent(Container.java:2259)
	at java.desktop/java.awt.Component.dispatchEventImpl(Component.java:4961)
	at java.desktop/java.awt.Container.dispatchEventImpl(Container.java:2317)
	at java.desktop/java.awt.Component.dispatchEvent(Component.java:4793)
	at java.desktop/java.awt.KeyboardFocusManager.redispatchEvent(KeyboardFocusManager.java:1955)
	at java.desktop/java.awt.DefaultKeyboardFocusManager.dispatchKeyEvent(DefaultKeyboardFocusManager.java:827)
	at java.desktop/java.awt.DefaultKeyboardFocusManager.preDispatchKeyEvent(DefaultKeyboardFocusManager.java:1096)
	at java.desktop/java.awt.DefaultKeyboardFocusManager.typeAheadAssertions(DefaultKeyboardFocusManager.java:966)
	at java.desktop/java.awt.DefaultKeyboardFocusManager.dispatchEvent(DefaultKeyboardFocusManager.java:792)
	at java.desktop/java.awt.Component.dispatchEventImpl(Component.java:4842)
	at java.desktop/java.awt.Container.dispatchEventImpl(Container.java:2317)
	at java.desktop/java.awt.Window.dispatchEventImpl(Window.java:2758)
	at java.desktop/java.awt.Component.dispatchEvent(Component.java:4793)
	at java.desktop/java.awt.EventQueue.dispatchEventImpl(EventQueue.java:766)
	at java.desktop/java.awt.EventQueue.access$500(EventQueue.java:97)
	at java.desktop/java.awt.EventQueue$3.run(EventQueue.java:717)
	at java.desktop/java.awt.EventQueue$3.run(EventQueue.java:711)
	at java.base/java.security.AccessController.doPrivileged(Native Method)
	at java.base/java.security.ProtectionDomain$JavaSecurityAccessImpl.doIntersectionPrivilege(ProtectionDomain.java:89)
	at java.base/java.security.ProtectionDomain$JavaSecurityAccessImpl.doIntersectionPrivilege(ProtectionDomain.java:99)
	at java.desktop/java.awt.EventQueue$4.run(EventQueue.java:739)
	at java.desktop/java.awt.EventQueue$4.run(EventQueue.java:737)
	at java.base/java.security.AccessController.doPrivileged(Native Method)
	at java.base/java.security.ProtectionDomain$JavaSecurityAccessImpl.doIntersectionPrivilege(ProtectionDomain.java:89)
	at java.desktop/java.awt.EventQueue.dispatchEvent(EventQueue.java:736)
	at java.desktop/java.awt.EventDispatchThread.pumpOneEventForFilters(EventDispatchThread.java:199)
	at java.desktop/java.awt.EventDispatchThread.pumpEventsForFilter(EventDispatchThread.java:124)
	at java.desktop/java.awt.EventDispatchThread.pumpEventsForHierarchy(EventDispatchThread.java:113)
	at java.desktop/java.awt.EventDispatchThread.pumpEvents(EventDispatchThread.java:109)
	at java.desktop/java.awt.EventDispatchThread.pumpEvents(EventDispatchThread.java:101)
	at java.desktop/java.awt.EventDispatchThread.run(EventDispatchThread.java:90)
[12-03-09] [SYSTEM_IO]: Userdata requested: SilenceErrors
[12-03-09] [DEBUG]: 
Exception origin: java.base/jdk.internal.reflect.NativeMethodAccessorImpl.invoke0(Native Method)
From line: -2
Trace: java.lang.IllegalArgumentException: 
	at java.base/jdk.internal.reflect.NativeMethodAccessorImpl.invoke0(Native Method)
	at java.base/jdk.internal.reflect.NativeMethodAccessorImpl.invoke(NativeMethodAccessorImpl.java:62)
	at java.base/jdk.internal.reflect.DelegatingMethodAccessorImpl.invoke(DelegatingMethodAccessorImpl.java:43)
	at java.base/java.lang.reflect.Method.invoke(Method.java:564)
	at cyder.utilities.ReflectionUtil.openWidget(ReflectionUtil.java:182)
	at cyder.handlers.internal.InputHandler.handle(InputHandler.java:244)
	at cyder.ui.ConsoleFrame.lambda$start$2(ConsoleFrame.java:516)
	at java.desktop/javax.swing.JTextField.fireActionPerformed(JTextField.java:508)
	at java.desktop/javax.swing.JTextField.postActionEvent(JTextField.java:723)
	at java.desktop/javax.swing.JTextField$NotifyAction.actionPerformed(JTextField.java:839)
	at java.desktop/javax.swing.SwingUtilities.notifyAction(SwingUtilities.java:1805)
	at java.desktop/javax.swing.JComponent.processKeyBinding(JComponent.java:2901)
	at java.desktop/javax.swing.JComponent.processKeyBindings(JComponent.java:2949)
	at java.desktop/javax.swing.JComponent.processKeyEvent(JComponent.java:2863)
	at java.desktop/java.awt.Component.processEvent(Component.java:6355)
	at java.desktop/java.awt.Container.processEvent(Container.java:2259)
	at java.desktop/java.awt.Component.dispatchEventImpl(Component.java:4961)
	at java.desktop/java.awt.Container.dispatchEventImpl(Container.java:2317)
	at java.desktop/java.awt.Component.dispatchEvent(Component.java:4793)
	at java.desktop/java.awt.KeyboardFocusManager.redispatchEvent(KeyboardFocusManager.java:1955)
	at java.desktop/java.awt.DefaultKeyboardFocusManager.dispatchKeyEvent(DefaultKeyboardFocusManager.java:827)
	at java.desktop/java.awt.DefaultKeyboardFocusManager.preDispatchKeyEvent(DefaultKeyboardFocusManager.java:1096)
	at java.desktop/java.awt.DefaultKeyboardFocusManager.typeAheadAssertions(DefaultKeyboardFocusManager.java:966)
	at java.desktop/java.awt.DefaultKeyboardFocusManager.dispatchEvent(DefaultKeyboardFocusManager.java:792)
	at java.desktop/java.awt.Component.dispatchEventImpl(Component.java:4842)
	at java.desktop/java.awt.Container.dispatchEventImpl(Container.java:2317)
	at java.desktop/java.awt.Window.dispatchEventImpl(Window.java:2758)
	at java.desktop/java.awt.Component.dispatchEvent(Component.java:4793)
	at java.desktop/java.awt.EventQueue.dispatchEventImpl(EventQueue.java:766)
	at java.desktop/java.awt.EventQueue.access$500(EventQueue.java:97)
	at java.desktop/java.awt.EventQueue$3.run(EventQueue.java:717)
	at java.desktop/java.awt.EventQueue$3.run(EventQueue.java:711)
	at java.base/java.security.AccessController.doPrivileged(Native Method)
	at java.base/java.security.ProtectionDomain$JavaSecurityAccessImpl.doIntersectionPrivilege(ProtectionDomain.java:89)
	at java.base/java.security.ProtectionDomain$JavaSecurityAccessImpl.doIntersectionPrivilege(ProtectionDomain.java:99)
	at java.desktop/java.awt.EventQueue$4.run(EventQueue.java:739)
	at java.desktop/java.awt.EventQueue$4.run(EventQueue.java:737)
	at java.base/java.security.AccessController.doPrivileged(Native Method)
	at java.base/java.security.ProtectionDomain$JavaSecurityAccessImpl.doIntersectionPrivilege(ProtectionDomain.java:89)
	at java.desktop/java.awt.EventQueue.dispatchEvent(EventQueue.java:736)
	at java.desktop/java.awt.EventDispatchThread.pumpOneEventForFilters(EventDispatchThread.java:199)
	at java.desktop/java.awt.EventDispatchThread.pumpEventsForFilter(EventDispatchThread.java:124)
	at java.desktop/java.awt.EventDispatchThread.pumpEventsForHierarchy(EventDispatchThread.java:113)
	at java.desktop/java.awt.EventDispatchThread.pumpEvents(EventDispatchThread.java:109)
	at java.desktop/java.awt.EventDispatchThread.pumpEvents(EventDispatchThread.java:101)
	at java.desktop/java.awt.EventDispatchThread.run(EventDispatchThread.java:90)
[12-03-09] [CONSOLE_OUT]: [STRING] Opening widget: cyder.widgets.HashingWidget
[12-03-10] [CONSOLE_OUT]: [STRING] Unknown command
[EXTERNAL STOP] Cyder was force closed by an external entity such as an IDE stop or the OS' Task Manager
