[16-41-56] [ENTRY]: [Nathan]
[16-41-56] [SYSTEM_IO]: System data pared in IOUtil's static block
[16-41-56] [SYSTEM_IO]: Suggestions pared in IOUtil's static block
[16-41-58] [LOGIN]: [AUTOCYPHER ATTEMPT]
[16-41-58] [JAVA ARGS]: [LOCATION] [La casa de Nathan]
[16-41-59] [LOGIN]: [AUTOCYPHER PASS, e5a50641-21d1-3654-b738-c0e4b2dc61b1]
[16-41-59] [SYSTEM_IO]: Userdata requested: Name
[16-41-59] [SYSTEM_IO]: Userdata requested: RandomBackground
[16-41-59] [SYSTEM_IO]: Userdata requested: FullScreen
[16-41-59] [SYSTEM_IO]: Userdata requested: Name
[16-41-59] [SYSTEM_IO]: Userdata requested: Foreground
[16-41-59] [SYSTEM_IO]: Userdata requested: Foreground
[16-41-59] [SYSTEM_IO]: Userdata requested: FullScreen
[16-41-59] [SYSTEM_IO]: Userdata requested: FullScreen
[16-41-59] [SYSTEM_IO]: Userdata requested: Foreground
[16-41-59] [SYSTEM_IO]: Userdata requested: Font
[16-41-59] [SYSTEM_IO]: Userdata requested: OutputBorder
[16-41-59] [SYSTEM_IO]: Userdata requested: FullScreen
[16-42-00] [SYSTEM_IO]: Userdata requested: InputBorder
[16-42-00] [SYSTEM_IO]: Userdata requested: Foreground
[16-42-00] [SYSTEM_IO]: Userdata requested: Foreground
[16-42-00] [SYSTEM_IO]: Userdata requested: Foreground
[16-42-00] [SYSTEM_IO]: Userdata requested: Font
[16-42-00] [SYSTEM_IO]: Userdata requested: OutputFill
[16-42-00] [SYSTEM_IO]: Userdata requested: InputFill
[16-42-00] [ACTION]: CyderFrame disposed with fastclose: true, CyderFrame: Component name = [cyder.ui.CyderFrame], bounds = [(980, 396, 600, 600)], hash = [92662330], parentFrame = [Object itself is the top level frame], associated text = [No getText() method found], tooltip text = [No getTooltipText() method found], title = [Cyder Splash]
[16-42-00] [ACTION]: Console loaded in 3842ms
[16-42-00] [SYSTEM_IO]: Userdata requested: DebugWindows
[16-42-00] [ENTRY]: [TESTING MODE]
[16-42-00] [SYSTEM_IO]: Userdata requested: laststart
[16-42-00] [SYSTEM_IO]: Userdata requested: IntroMusic
[16-42-00] [ACTION]: [Stellar Cyder [Nathan]] [NOTIFICATION] Console loaded in 3842ms
[16-42-00] [SYSTEM_IO]: Userdata requested: persistentnotifications
[16-42-02] [CLIENT]: usb
[16-42-02] [SYSTEM_IO]: Userdata requested: filterchat
[16-42-14] [HANDLE]: GENERAL COMMAND HANDLED
[16-42-14] [HANDLE]: PRIMARY HANDLE
[EXTERNAL STOP] Cyder was force closed by an external entity such as an IDE stop or the OS' Task Manager
