[18-15-05] [ENTRY]: [Nathan]
[18-15-05] [SYSTEM_IO]: System data pared in IOUtil's static block
[18-15-05] [SYSTEM_IO]: Suggestions pared in IOUtil's static block
[18-15-07] [LOGIN]: [AUTOCYPHER ATTEMPT]
[18-15-07] [JAVA ARGS]: [LOCATION] [La casa de Nathan]
[18-15-07] [LOGIN]: [AUTOCYPHER PASS, e5a50641-21d1-3654-b738-c0e4b2dc61b1]
[18-15-07] [SYSTEM_IO]: Userdata requested: Name
[18-15-08] [SYSTEM_IO]: Userdata requested: RandomBackground
[18-15-08] [SYSTEM_IO]: Userdata requested: FullScreen
[18-15-08] [SYSTEM_IO]: Userdata requested: Name
[18-15-08] [SYSTEM_IO]: Userdata requested: Foreground
[18-15-08] [SYSTEM_IO]: Userdata requested: Foreground
[18-15-08] [SYSTEM_IO]: Userdata requested: FullScreen
[18-15-08] [SYSTEM_IO]: Userdata requested: FullScreen
[18-15-08] [SYSTEM_IO]: Userdata requested: Foreground
[18-15-08] [SYSTEM_IO]: Userdata requested: Font
[18-15-08] [SYSTEM_IO]: Userdata requested: OutputBorder
[18-15-08] [SYSTEM_IO]: Userdata requested: FullScreen
[18-15-08] [SYSTEM_IO]: Userdata requested: InputBorder
[18-15-08] [SYSTEM_IO]: Userdata requested: Foreground
[18-15-08] [SYSTEM_IO]: Userdata requested: Foreground
[18-15-08] [SYSTEM_IO]: Userdata requested: Foreground
[18-15-08] [SYSTEM_IO]: Userdata requested: Font
[18-15-08] [SYSTEM_IO]: Userdata requested: OutputFill
[18-15-08] [SYSTEM_IO]: Userdata requested: InputFill
[18-15-08] [ACTION]: CyderFrame disposed with fastclose: true, CyderFrame: Component name = [cyder.ui.CyderFrame], bounds = [(980, 396, 600, 600)], hash = [437020641], parentFrame = [Object itself is the top level frame], associated text = [No getText() method found], tooltip text = [No getTooltipText() method found], title = [Cyder Splash]
[18-15-08] [ACTION]: Console loaded in 3171ms
[18-15-08] [SYSTEM_IO]: Userdata requested: DebugWindows
[18-15-08] [ENTRY]: [TESTING MODE]
[18-15-08] [DEBUG]: 12
[18-15-08] [SYSTEM_IO]: Userdata requested: laststart
[18-15-08] [SYSTEM_IO]: Userdata requested: IntroMusic
[18-15-08] [ACTION]: [Stellar Cyder [Nathan]] [NOTIFICATION] Console loaded in 3171ms
[18-15-08] [SYSTEM_IO]: Userdata requested: persistentnotifications
[EXTERNAL STOP] Cyder was force closed by an external entity such as an IDE stop or the OS' Task Manager
