[18-30-19] [ENTRY]: [Nathan]
[18-30-19] [SYSTEM_IO]: System data pared in IOUtil's static block
[18-30-19] [SYSTEM_IO]: Suggestions pared in IOUtil's static block
[18-30-21] [LOGIN]: [AUTOCYPHER ATTEMPT]
[18-30-21] [JAVA ARGS]: [LOCATION] [La casa de Nathan]
[18-30-21] [LOGIN]: [AUTOCYPHER PASS, e5a50641-21d1-3654-b738-c0e4b2dc61b1]
[18-30-21] [SYSTEM_IO]: Userdata requested: Name
[18-30-22] [SYSTEM_IO]: Userdata requested: RandomBackground
[18-30-22] [SYSTEM_IO]: Userdata requested: FullScreen
[18-30-22] [SYSTEM_IO]: Userdata requested: Name
[18-30-22] [SYSTEM_IO]: Userdata requested: Foreground
[18-30-22] [SYSTEM_IO]: Userdata requested: Foreground
[18-30-22] [SYSTEM_IO]: Userdata requested: FullScreen
[18-30-22] [SYSTEM_IO]: Userdata requested: FullScreen
[18-30-22] [SYSTEM_IO]: Userdata requested: Foreground
[18-30-22] [SYSTEM_IO]: Userdata requested: Font
[18-30-22] [SYSTEM_IO]: Userdata requested: OutputBorder
[18-30-22] [SYSTEM_IO]: Userdata requested: FullScreen
[18-30-22] [SYSTEM_IO]: Userdata requested: InputBorder
[18-30-22] [SYSTEM_IO]: Userdata requested: Foreground
[18-30-22] [SYSTEM_IO]: Userdata requested: Foreground
[18-30-22] [SYSTEM_IO]: Userdata requested: Foreground
[18-30-22] [SYSTEM_IO]: Userdata requested: Font
[18-30-22] [SYSTEM_IO]: Userdata requested: OutputFill
[18-30-22] [SYSTEM_IO]: Userdata requested: InputFill
[18-30-22] [ACTION]: CyderFrame disposed with fastclose: true, CyderFrame: Component name = [cyder.ui.CyderFrame], bounds = [(980, 396, 600, 600)], hash = [543916287], parentFrame = [Object itself is the top level frame], associated text = [No getText() method found], tooltip text = [No getTooltipText() method found], title = [Cyder Splash]
[18-30-22] [ACTION]: Console loaded in 3395ms
[18-30-22] [SYSTEM_IO]: Userdata requested: DebugWindows
[18-30-22] [ENTRY]: [TESTING MODE]
[18-30-22] [SYSTEM_IO]: Userdata requested: laststart
[18-30-22] [SYSTEM_IO]: Userdata requested: IntroMusic
[18-30-22] [ACTION]: [Stellar Cyder [Nathan]] [NOTIFICATION] Console loaded in 3395ms
[18-30-23] [SYSTEM_IO]: Userdata requested: persistentnotifications
[18-30-26] [CLIENT]: heello
[18-30-26] [SYSTEM_IO]: Userdata requested: filterchat
[18-30-26] [CONSOLE_OUT]: [STRING] Unknown command
[18-30-27] [CONSOLE_OUT]: [STRING] Most similar command:
[18-30-54] [CLIENT]: hello
[18-30-54] [SYSTEM_IO]: Userdata requested: filterchat
[18-30-54] [HANDLE]: GENERAL PRINT COMMAND HANDLED
[18-30-54] [HANDLE]: PRIMARY HANDLE
[18-30-55] [CONSOLE_OUT]: [STRING] Go ahead...
[EXTERNAL STOP] Cyder was force closed by an external entity such as an IDE stop or the OS' Task Manager
