[16-45-07] [ENTRY]: [Nathan]
[16-45-08] [SYSTEM_IO]: System data pared in IOUtil's static block
[16-45-08] [SYSTEM_IO]: Suggestions pared in IOUtil's static block
[16-45-08] [SYSTEM_IO]: Exit conditions pared in IOUtil's static block
[16-45-08] [SYSTEM_IO]: DebugHashes pared in IOUtil's static block
[16-45-09] [JAVA ARGS]: [LOCATION] [La casa de Nathan]
[16-45-09] [LOGIN]: [AUTOCYPHER ATTEMPT]
[16-45-09] [LOGIN]: [[AUTOCYPHER PASS]: e5a50641-21d1-3654-b738-c0e4b2dc61b1]
[16-45-09] [SYSTEM_IO]: Userdata requested: RandomBackground
[16-45-09] [SYSTEM_IO]: Userdata requested: FullScreen
[16-45-10] [SYSTEM_IO]: Userdata requested: fullscreen
[16-45-10] [SYSTEM_IO]: Userdata requested: FullScreen [2x]
[16-45-10] [SYSTEM_IO]: Userdata requested: OutputBorder
[16-45-10] [SYSTEM_IO]: Userdata requested: FullScreen
[16-45-10] [SYSTEM_IO]: Userdata requested: InputBorder
[16-45-10] [SYSTEM_IO]: Userdata requested: OutputFill
[16-45-10] [SYSTEM_IO]: Userdata requested: InputFill
[16-45-10] [ACTION]: CyderFrame disposed with fastclose: true, CyderFrame: Component name = [cyder.ui.CyderFrame], bounds = [(980, 396, 600, 600)], hash = [116057955], parentFrame = [Object itself is the top level frame], associated text = [No getText() method found], tooltip text = [No getTooltipText() method found], title = [Cyder Splash]
[16-45-10] [ACTION]: Console loaded in 2808ms
[16-45-10] [SYSTEM_IO]: Userdata requested: DebugWindows
[16-45-10] [ENTRY]: [TESTING MODE]
[16-45-10] [SYSTEM_IO]: Userdata requested: laststart
[16-45-10] [ACTION]: [Stellar Cyder [Nathan]] [NOTIFICATION] Console loaded in 2808ms
[16-45-10] [SYSTEM_IO]: Userdata requested: persistentnotifications
[16-45-15] [ACTION]: [Stellar Cyder [Nathan]] [NOTIFICATION] Happy Valentines Day!
[16-45-15] [SYSTEM_IO]: Userdata requested: persistentnotifications
[16-45-48] [EOL]: Log completed, Cyder crashed unexpectedly: exit code: -200 [External Stop], exceptions thrown: 0
