[16-45-57] [ENTRY]: [Nathan]
[16-45-57] [SYSTEM_IO]: System data pared in IOUtil's static block
[16-45-57] [SYSTEM_IO]: Suggestions pared in IOUtil's static block
[16-45-57] [SYSTEM_IO]: Exit conditions pared in IOUtil's static block
[16-45-57] [SYSTEM_IO]: DebugHashes pared in IOUtil's static block
[16-45-58] [LOGIN]: [AUTOCYPHER ATTEMPT]
[16-45-58] [JAVA ARGS]: [LOCATION] [La casa de Nathan]
[16-45-59] [LOGIN]: [[AUTOCYPHER PASS]: e5a50641-21d1-3654-b738-c0e4b2dc61b1]
[16-45-59] [SYSTEM_IO]: Userdata requested: RandomBackground
[16-45-59] [SYSTEM_IO]: Userdata requested: FullScreen
[16-45-59] [SYSTEM_IO]: Userdata requested: fullscreen
[16-45-59] [SYSTEM_IO]: Userdata requested: FullScreen [2x]
[16-45-59] [SYSTEM_IO]: Userdata requested: OutputBorder
[16-45-59] [SYSTEM_IO]: Userdata requested: FullScreen
[16-45-59] [SYSTEM_IO]: Userdata requested: InputBorder
[16-45-59] [SYSTEM_IO]: Userdata requested: OutputFill
[16-45-59] [SYSTEM_IO]: Userdata requested: InputFill
[16-45-59] [ACTION]: CyderFrame disposed with fastclose: true, CyderFrame: Component name = [cyder.ui.CyderFrame], bounds = [(1039, 487, 600, 600)], hash = [30777485], parentFrame = [Object itself is the top level frame], associated text = [No getText() method found], tooltip text = [No getTooltipText() method found], title = [Cyder Splash]
[16-46-00] [ACTION]: Console loaded in 3249ms
[16-46-00] [SYSTEM_IO]: Userdata requested: DebugWindows
[16-46-00] [ENTRY]: [TESTING MODE]
[16-46-00] [SYSTEM_IO]: Userdata requested: laststart
[16-46-00] [ACTION]: [Stellar Cyder [Nathan]] [NOTIFICATION] Console loaded in 3249ms
[16-46-00] [SYSTEM_IO]: Userdata requested: persistentnotifications
[16-47-34] [EOL]: Log completed, Cyder crashed unexpectedly: exit code: -200 [External Stop], exceptions thrown: 0
