[16-51-10] [ENTRY]: [Nathan]
[16-51-10] [SYSTEM_IO]: System data pared in IOUtil's static block
[16-51-10] [SYSTEM_IO]: Suggestions pared in IOUtil's static block
[16-51-10] [SYSTEM_IO]: Exit conditions pared in IOUtil's static block
[16-51-10] [SYSTEM_IO]: DebugHashes pared in IOUtil's static block
[16-51-12] [LOGIN]: [AUTOCYPHER ATTEMPT]
[16-51-12] [JAVA ARGS]: [LOCATION] [La casa de Nathan]
[16-51-12] [LOGIN]: [[AUTOCYPHER PASS]: e5a50641-21d1-3654-b738-c0e4b2dc61b1]
[16-51-12] [SYSTEM_IO]: Userdata requested: RandomBackground
[16-51-12] [SYSTEM_IO]: Userdata requested: FullScreen
[16-51-12] [SYSTEM_IO]: Userdata requested: fullscreen
[16-51-12] [SYSTEM_IO]: Userdata requested: FullScreen [2x]
[16-51-12] [SYSTEM_IO]: Userdata requested: OutputBorder
[16-51-12] [SYSTEM_IO]: Userdata requested: FullScreen
[16-51-13] [SYSTEM_IO]: Userdata requested: InputBorder
[16-51-13] [SYSTEM_IO]: Userdata requested: OutputFill
[16-51-13] [SYSTEM_IO]: Userdata requested: InputFill
[16-51-13] [ACTION]: CyderFrame disposed with fastclose: true, CyderFrame: Component name = [cyder.ui.CyderFrame], bounds = [(980, 396, 600, 600)], hash = [1872286809], parentFrame = [Object itself is the top level frame], associated text = [No getText() method found], tooltip text = [No getTooltipText() method found], title = [Cyder Splash]
[16-51-13] [ACTION]: Console loaded in 3108ms
[16-51-13] [SYSTEM_IO]: Userdata requested: DebugWindows
[16-51-13] [ENTRY]: [TESTING MODE]
[16-51-13] [SYSTEM_IO]: Userdata requested: laststart
[16-51-13] [ACTION]: [Stellar Cyder [Nathan]] [NOTIFICATION] Console loaded in 3108ms
[16-51-13] [SYSTEM_IO]: Userdata requested: persistentnotifications
[16-51-14] [SYSTEM_IO]: Userdata requested: minimizeonclose
[16-51-14] [ACTION]: CyderFrame disposed with fastclose: false, CyderFrame: Component name = [cyder.ui.ConsoleFrame], bounds = [(1417, 737, 996, 655)], hash = [1409160703], parentFrame = [Object itself is the top level frame], associated text = [No getText() method found], tooltip text = [No getTooltipText() method found], title = [Stellar Cyder [Nathan]]
[16-51-14] [SYSTEM_IO]: Userdata requested: closeanimation
[16-51-14] [ACTION]: [Stellar Cyder [Nathan]] [NOTIFICATION] Happy Valentines Day!
[16-51-15] [SYSTEM_IO]: Userdata requested: persistentnotifications
[16-51-15] [EXIT]: [RUNTIME] 5s
[16-51-15] [EOL]: Log completed, exiting Cyder with exit code: 25 [Genesis Controlled Exit], exceptions thrown: 0
