[17-03-11] [ENTRY]: [Nathan]
[17-03-11] [SYSTEM_IO]: System data pared in IOUtil's static block
[17-03-11] [SYSTEM_IO]: Suggestions pared in IOUtil's static block
[17-03-11] [SYSTEM_IO]: Exit conditions pared in IOUtil's static block
[17-03-11] [SYSTEM_IO]: DebugHashes pared in IOUtil's static block
[17-03-12] [LOGIN]: [AUTOCYPHER ATTEMPT]
[17-03-12] [JAVA ARGS]: [LOCATION] [La casa de Nathan]
[17-03-13] [LOGIN]: [[AUTOCYPHER PASS]: e5a50641-21d1-3654-b738-c0e4b2dc61b1]
[17-03-13] [SYSTEM_IO]: Userdata requested: RandomBackground
[17-03-13] [SYSTEM_IO]: Userdata requested: FullScreen
[17-03-13] [SYSTEM_IO]: Userdata requested: fullscreen
[17-03-13] [SYSTEM_IO]: Userdata requested: FullScreen [2x]
[17-03-13] [SYSTEM_IO]: Userdata requested: OutputBorder
[17-03-13] [SYSTEM_IO]: Userdata requested: FullScreen
[17-03-13] [SYSTEM_IO]: Userdata requested: InputBorder
[17-03-13] [SYSTEM_IO]: Userdata requested: OutputFill
[17-03-13] [SYSTEM_IO]: Userdata requested: InputFill
[17-03-13] [ACTION]: Console loaded in 2929ms
[17-03-13] [SYSTEM_IO]: Userdata requested: DebugWindows
[17-03-13] [ENTRY]: [TESTING MODE]
[17-03-13] [SYSTEM_IO]: Userdata requested: laststart
[17-03-14] [ACTION]: [Stellar Cyder [Nathan]] [NOTIFICATION] Happy Valentines Day!
[17-03-14] [ACTION]: [Stellar Cyder [Nathan]] [NOTIFICATION] Console loaded in 2929ms
[17-03-14] [SYSTEM_IO]: Userdata requested: persistentnotifications [2x]
[17-03-27] [EOL]: Log completed, Cyder crashed unexpectedly: exit code: -200 [External Stop], exceptions thrown: 0
