[17-03-43] [ENTRY]: [Nathan]
[17-03-43] [SYSTEM_IO]: System data pared in IOUtil's static block
[17-03-43] [SYSTEM_IO]: Suggestions pared in IOUtil's static block
[17-03-43] [SYSTEM_IO]: Exit conditions pared in IOUtil's static block
[17-03-43] [SYSTEM_IO]: DebugHashes pared in IOUtil's static block
[17-03-44] [LOGIN]: [AUTOCYPHER ATTEMPT]
[17-03-44] [JAVA ARGS]: [LOCATION] [La casa de Nathan]
[17-03-45] [LOGIN]: [[AUTOCYPHER PASS]: e5a50641-21d1-3654-b738-c0e4b2dc61b1]
[17-03-45] [SYSTEM_IO]: Userdata requested: RandomBackground
[17-03-45] [SYSTEM_IO]: Userdata requested: FullScreen
[17-03-45] [SYSTEM_IO]: Userdata requested: fullscreen
[17-03-45] [SYSTEM_IO]: Userdata requested: FullScreen [2x]
[17-03-45] [SYSTEM_IO]: Userdata requested: OutputBorder
[17-03-45] [SYSTEM_IO]: Userdata requested: FullScreen
[17-03-45] [SYSTEM_IO]: Userdata requested: InputBorder
[17-03-45] [SYSTEM_IO]: Userdata requested: OutputFill
[17-03-45] [SYSTEM_IO]: Userdata requested: InputFill
[17-03-45] [ACTION]: Console loaded in 3038ms
[17-03-45] [SYSTEM_IO]: Userdata requested: DebugWindows
[17-03-45] [ENTRY]: [TESTING MODE]
[17-03-45] [SYSTEM_IO]: Userdata requested: laststart
[17-03-45] [ACTION]: [Stellar Cyder [Nathan]] [NOTIFICATION] Happy Valentines Day!
[17-03-45] [ACTION]: [Stellar Cyder [Nathan]] [NOTIFICATION] Console loaded in 3038ms
[17-03-45] [SYSTEM_IO]: Userdata requested: persistentnotifications [2x]
[17-03-51] [SYSTEM_IO]: Userdata requested: minimizeonclose
[17-03-51] [ACTION]: CyderFrame disposed with fastclose: false, CyderFrame: Component name = [cyder.ui.ConsoleFrame], bounds = [(1355, 737, 996, 655)], hash = [539690370], parentFrame = [Object itself is the top level frame], associated text = [No getText() method found], tooltip text = [No getTooltipText() method found], title = [Stellar Cyder [Nathan]]
[17-03-51] [SYSTEM_IO]: Userdata requested: closeanimation
[17-03-51] [EXIT]: [RUNTIME] 8s
[17-03-51] [EOL]: Log completed, exiting Cyder with exit code: 25 [Genesis Controlled Exit], exceptions thrown: 0
