[18-31-02] [ENTRY]: [Nathan]
[18-31-02] [THREAD STARTED]: Singular Cyder Instance Ensurer
[18-31-04] [THREAD STARTED]: Splash Loader
[18-31-04] [THREAD STARTED]: Splash Animation
[18-31-04] [DEBUG]: Method annotated with @Widget is not named showGUI(); name: FathersDay2021
[18-31-04] [DEBUG]: Method annotated with @Widget is not named showGUI(); name: Birthday2021
[18-31-04] [DEBUG]: Method annotated with @Widget is not named showGUI(); name: Christmas2020
[18-31-04] [DEBUG]: Method annotated with @Widget is not named showGUI(); name: Christmas2021
[18-31-04] [DEBUG]: Method annotated with @ManualTest does not end with test; name: launchTests
[18-31-04] [THREAD STARTED]: Cyder Start Secondary Subroutines
[18-31-04] [LOGIN]: [AUTOCYPHER ATTEMPT]
[18-31-04] [JAVA ARGS]: [LOCATION] [La casa de Nathan]
[18-31-04] [ACTION]: Requested deletion of: C:\Users\Nathan\Documents\IntelliJava\Cyder\dynamic\tmp
[18-31-04] [ACTION]: [DELETION FAILED] C:\Users\Nathan\Documents\IntelliJava\Cyder\dynamic\tmp
[18-31-04] [SYSTEM_IO]: [User Write] User was written to file: 7d7ebb00-81fe-329f-8a78-62f463d0b7da\Userdata.json [4x]
[18-31-05] [LOGIN]: [[AUTOCYPHER PASS]: 7d7ebb00-81fe-329f-8a78-62f463d0b7da]
[18-31-05] [SYSTEM_IO]: [User Write] User was written to file: 7d7ebb00-81fe-329f-8a78-62f463d0b7da\Userdata.json
[18-31-05] [SYSTEM_IO]: Userdata requested: RandomBackground
[18-31-05] [SYSTEM_IO]: Userdata requested: FullScreen
[18-31-05] [SYSTEM_IO]: Userdata requested: fullscreen
[18-31-05] [SYSTEM_IO]: Userdata requested: FullScreen [2x]
[18-31-05] [THREAD STARTED]: Console Printing Animation
[18-31-05] [SYSTEM_IO]: Userdata requested: OutputBorder
[18-31-05] [SYSTEM_IO]: Userdata requested: FullScreen
[18-31-05] [SYSTEM_IO]: Userdata requested: InputBorder
[18-31-05] [THREAD STARTED]: Console Input Caret Position Updater
[18-31-05] [SYSTEM_IO]: Userdata requested: OutputFill
[18-31-05] [SYSTEM_IO]: Userdata requested: InputFill
[18-31-05] [THREAD STARTED]: High Ping Checker
[18-31-05] [THREAD STARTED]: Hourly Chime Checker
[18-31-05] [THREAD STARTED]: Console Clock Updater
[18-31-05] [THREAD STARTED]: Cyder Busy Checker
[18-31-05] [THREAD STARTED]: ConsoleFrame Data Saver
[18-31-05] [ACTION]: Console loaded in 3351ms
[18-31-05] [SYSTEM_IO]: Userdata requested: DebugWindows
[18-31-05] [ENTRY]: [TESTING MODE]
[18-31-05] [THREAD STARTED]: Component name = [cyder.ui.ConsoleFrame], bounds = [(1336, 340, 895, 697)], hash = [1041547629], parentFrame = [Object itself is the top level frame], associated text = [No getText() method found], tooltip text = [No getTooltipText() method found], title = [Insomnia Cyder [Nathan]] notification queue checker
[18-31-05] [ACTION]: CyderFrame disposed with fastclose: true, CyderFrame: Component name = [cyder.ui.CyderFrame], bounds = [(980, 396, 600, 600)], hash = [97653831], parentFrame = [Object itself is the top level frame], associated text = [No getText() method found], tooltip text = [No getTooltipText() method found], title = [Cyder Splash]
[18-31-05] [THREAD STARTED]: Cyder Splash CyderFrame dispose thread
[18-31-05] [SYSTEM_IO]: Userdata requested: laststart
[18-31-05] [SYSTEM_IO]: [User Write] User was written to file: 7d7ebb00-81fe-329f-8a78-62f463d0b7da\Userdata.json
[18-31-05] [ACTION]: [Insomnia Cyder [Nathan]] [NOTIFICATION] Console loaded in 3351ms
[18-31-05] [THREAD STARTED]: notification appear animation
[18-31-06] [SYSTEM_IO]: Userdata requested: persistentnotifications
[18-31-06] [THREAD STARTED]: Notificaiton vanish animater 614001304
[18-31-08] [SYSTEM_IO]: [User Write] User was written to file: 7d7ebb00-81fe-329f-8a78-62f463d0b7da\Userdata.json
[18-31-08] [SYSTEM_IO]: Userdata requested: Background
[18-31-11] [CLIENT]: color
[18-31-11] [SYSTEM_IO]: Userdata requested: filterchat
[18-31-11] [CONSOLE_OUT]: [STRING] Opening widget: ColorConverterWidget
[18-31-11] [WIDGET OPENED]: COLOR
[18-31-11] [HANDLE]: PRIMARY HANDLE
[18-31-23] [SYSTEM_IO]: [User Write] User was written to file: 7d7ebb00-81fe-329f-8a78-62f463d0b7da\Userdata.json [4x]
[18-31-24] [ACTION]: Component name = [cyder.ui.CyderTextField], bounds = [(35, 110, 220, 50)], hash = [987631334], parentFrame = [Color Converter], associated text = [1A2033], tooltip text = [No getTooltipText() method found], title = [No getTitle() method found]
[18-31-42] [SYSTEM_IO]: [User Write] User was written to file: 7d7ebb00-81fe-329f-8a78-62f463d0b7da\Userdata.json [5x]
[18-31-43] [ACTION]: Component name = [cyder.ui.DragLabel], bounds = [(2, 2, 796, 28)], hash = [-14299213], parentFrame = [Paint], associated text = [No getText() method found], tooltip text = [No getTooltipText() method found], title = [No getTitle() method found]
[18-31-43] [ACTION]: CyderFrame disposed with fastclose: false, CyderFrame: Component name = [cyder.ui.CyderFrame], bounds = [(1383, 274, 800, 830)], hash = [1988156626], parentFrame = [Object itself is the top level frame], associated text = [No getText() method found], tooltip text = [No getTooltipText() method found], title = [Paint]
[18-31-43] [THREAD STARTED]: Paint CyderFrame dispose thread
[18-31-43] [SYSTEM_IO]: Userdata requested: closeanimation
[18-31-43] [ACTION]: CyderFrame disposed with fastclose: true, CyderFrame: Component name = [cyder.ui.CyderFrame], bounds = [(1383, 1104, 800, 200)], hash = [1624511429], parentFrame = [Object itself is the top level frame], associated text = [No getText() method found], tooltip text = [No getTooltipText() method found], title = [Paint Controls]
[18-31-43] [THREAD STARTED]: Paint Controls CyderFrame dispose thread
[18-31-45] [SYSTEM_IO]: Userdata requested: minimizeonclose
[18-31-45] [SYSTEM_IO]: [User Write] User was written to file: 7d7ebb00-81fe-329f-8a78-62f463d0b7da\Userdata.json
[18-31-45] [ACTION]: CyderFrame disposed with fastclose: false, CyderFrame: Component name = [cyder.ui.ConsoleFrame], bounds = [(1336, 340, 895, 697)], hash = [1041547629], parentFrame = [Object itself is the top level frame], associated text = [No getText() method found], tooltip text = [No getTooltipText() method found], title = [Insomnia Cyder [Nathan]]
[18-31-45] [THREAD STARTED]: Insomnia Cyder [Nathan] CyderFrame dispose thread
[18-31-45] [SYSTEM_IO]: Userdata requested: closeanimation
[18-31-45] [EXIT]: [RUNTIME] 42s
[18-31-45] [EOL]: Log completed, exiting Cyder with exit code: 0 [Genesis Controlled Exit], exceptions thrown: 0
