[20-48-57] [ENTRY]: [Nathan]
[20-48-58] [THREAD STARTED]: Singular Cyder Instance Ensurer
[20-48-58] [THREAD STARTED]: Splash Loader
[20-48-58] [THREAD STARTED]: Splash Animation
[20-48-59] [THREAD STARTED]: Cyder Start Secondary Subroutines
[20-48-59] [LOGIN]: [AUTOCYPHER ATTEMPT]
[20-48-59] [JAVA ARGS]: [LOCATION] [La casa de Nathan]
[20-48-59] [ACTION]: Requested deletion of: C:\Users\Nathan\Documents\IntelliJava\Cyder\dynamic\tmp
[20-48-59] [ACTION]: [DELETION FAILED] C:\Users\Nathan\Documents\IntelliJava\Cyder\dynamic\tmp
[20-48-59] [SYSTEM_IO]: [User Write] User was written to file: 7d7ebb00-81fe-329f-8a78-62f463d0b7da\Userdata.json
[20-48-59] [SYSTEM_IO]: [User Write] User was written to file: 7d7ebb00-81fe-329f-8a78-62f463d0b7da\Userdata.json
[20-48-59] [SYSTEM_IO]: [User Write] User was written to file: 7d7ebb00-81fe-329f-8a78-62f463d0b7da\Userdata.json
[20-48-59] [SYSTEM_IO]: [User Write] User was written to file: 7d7ebb00-81fe-329f-8a78-62f463d0b7da\Userdata.json
[20-48-59] [LOGIN]: [[AUTOCYPHER PASS]: 7d7ebb00-81fe-329f-8a78-62f463d0b7da]
[20-48-59] [SYSTEM_IO]: [User Write] User was written to file: 7d7ebb00-81fe-329f-8a78-62f463d0b7da\Userdata.json
[20-48-59] [SYSTEM_IO]: Userdata requested: RandomBackground
[20-48-59] [SYSTEM_IO]: Userdata requested: FullScreen
[20-48-59] [SYSTEM_IO]: Userdata requested: fullscreen
[20-48-59] [SYSTEM_IO]: Userdata requested: FullScreen
[20-48-59] [SYSTEM_IO]: Userdata requested: FullScreen
[20-48-59] [THREAD STARTED]: Console Printing Animation
[20-48-59] [SYSTEM_IO]: Userdata requested: OutputBorder
[20-48-59] [SYSTEM_IO]: Userdata requested: FullScreen
[20-48-59] [SYSTEM_IO]: Userdata requested: InputBorder
[20-48-59] [THREAD STARTED]: Console Input Caret Position Updater
[20-48-59] [SYSTEM_IO]: Userdata requested: OutputFill
[20-48-59] [SYSTEM_IO]: Userdata requested: InputFill
[20-48-59] [THREAD STARTED]: High Ping Checker
[20-48-59] [THREAD STARTED]: Hourly Chime Checker
[20-48-59] [THREAD STARTED]: Console Clock Updater
[20-48-59] [THREAD STARTED]: Cyder Busy Checker
[20-48-59] [THREAD STARTED]: ConsoleFrame Data Saver
[20-49-00] [ACTION]: Console loaded in 2519ms
[20-49-00] [THREAD STARTED]: Component name = [cyder.ui.ConsoleFrame], bounds = [(1289, 312, 895, 697)], hash = [256346753], parentFrame = [Object itself is the top level frame], associated text = [No getText() method found], tooltip text = [No getTooltipText() method found], title = [Insomnia Cyder [Nathan]] notification queue checker
[20-49-00] [ACTION]: CyderFrame disposed with fastclose: true, CyderFrame: Component name = [cyder.ui.CyderFrame], bounds = [(980, 396, 600, 600)], hash = [1907059807], parentFrame = [Object itself is the top level frame], associated text = [No getText() method found], tooltip text = [No getTooltipText() method found], title = [Cyder Splash]
[20-49-00] [THREAD STARTED]: Cyder Splash CyderFrame dispose thread
[20-49-00] [SYSTEM_IO]: Userdata requested: DebugWindows
[20-49-00] [ENTRY]: [TESTING MODE]
[20-49-00] [ACTION]: [Insomnia Cyder [Nathan]] [NOTIFICATION] Console loaded in 2519ms
[20-49-00] [THREAD STARTED]: notification appear animation
[20-49-00] [SYSTEM_IO]: Userdata requested: persistentnotifications
[20-49-00] [SYSTEM_IO]: Userdata requested: laststart
[20-49-00] [THREAD STARTED]: Notificaiton vanish animater -1648851795
[20-49-00] [SYSTEM_IO]: [User Write] User was written to file: 7d7ebb00-81fe-329f-8a78-62f463d0b7da\Userdata.json
[20-49-01] [SYSTEM_IO]: Userdata requested: Background
[20-49-03] [SYSTEM_IO]: [User Write] User was written to file: 7d7ebb00-81fe-329f-8a78-62f463d0b7da\Userdata.json
[20-49-06] [SYSTEM_IO]: [User Write] User was written to file: 7d7ebb00-81fe-329f-8a78-62f463d0b7da\Userdata.json
