[22-24-26] [ENTRY]: [Nathan]
[22-24-26] [THREAD STARTED]: Singular Cyder Instance Ensurer
[22-24-27] [THREAD STARTED]: Splash Loader
[22-24-27] [THREAD STARTED]: Splash Animation
[22-24-28] [THREAD STARTED]: Cyder Start Secondary Subroutines
[22-24-28] [LOGIN]: [AUTOCYPHER ATTEMPT]
[22-24-28] [JAVA ARGS]: [LOCATION] [La casa de Nathan]
[22-24-28] [ACTION]: Requested deletion of: C:\Users\Nathan\Documents\IntelliJava\Cyder\dynamic\tmp
[22-24-28] [ACTION]: [DELETION FAILED] C:\Users\Nathan\Documents\IntelliJava\Cyder\dynamic\tmp
[22-24-28] [SYSTEM_IO]: [User Write] User was written to file: 7d7ebb00-81fe-329f-8a78-62f463d0b7da\Userdata.json [4x]
[22-24-28] [LOGIN]: [[AUTOCYPHER PASS]: 7d7ebb00-81fe-329f-8a78-62f463d0b7da]
[22-24-28] [SYSTEM_IO]: [User Write] User was written to file: 7d7ebb00-81fe-329f-8a78-62f463d0b7da\Userdata.json
[22-24-28] [SYSTEM_IO]: Userdata requested: RandomBackground
[22-24-28] [SYSTEM_IO]: Userdata requested: FullScreen
[22-24-28] [SYSTEM_IO]: Userdata requested: fullscreen
[22-24-29] [SYSTEM_IO]: Userdata requested: FullScreen [2x]
[22-24-29] [THREAD STARTED]: Console Printing Animation
[22-24-29] [SYSTEM_IO]: Userdata requested: OutputBorder
[22-24-29] [SYSTEM_IO]: Userdata requested: FullScreen
[22-24-29] [SYSTEM_IO]: Userdata requested: InputBorder
[22-24-29] [THREAD STARTED]: Console Input Caret Position Updater
[22-24-29] [SYSTEM_IO]: Userdata requested: OutputFill
[22-24-29] [SYSTEM_IO]: Userdata requested: InputFill
[22-24-29] [THREAD STARTED]: High Ping Checker
[22-24-29] [THREAD STARTED]: Hourly Chime Checker
[22-24-29] [THREAD STARTED]: Console Clock Updater
[22-24-29] [THREAD STARTED]: Cyder Busy Checker
[22-24-29] [THREAD STARTED]: ConsoleFrame Data Saver
[22-24-29] [ACTION]: Console loaded in 3059ms
[22-24-29] [THREAD STARTED]: Component name = [cyder.ui.ConsoleFrame], bounds = [(1289, 312, 895, 697)], hash = [2075568954], parentFrame = [Object itself is the top level frame], associated text = [No getText() method found], tooltip text = [No getTooltipText() method found], title = [Insomnia Cyder [Nathan]] notification queue checker
[22-24-29] [ACTION]: CyderFrame disposed with fastclose: true, CyderFrame: Component name = [cyder.ui.CyderFrame], bounds = [(980, 396, 600, 600)], hash = [1450661601], parentFrame = [Object itself is the top level frame], associated text = [No getText() method found], tooltip text = [No getTooltipText() method found], title = [Cyder Splash]
[22-24-29] [THREAD STARTED]: Cyder Splash CyderFrame dispose thread
[22-24-29] [SYSTEM_IO]: Userdata requested: DebugWindows
[22-24-29] [ENTRY]: [TESTING MODE]
[22-24-29] [ACTION]: [Insomnia Cyder [Nathan]] [NOTIFICATION] Console loaded in 3059ms
[22-24-29] [THREAD STARTED]: notification appear animation
[22-24-29] [SYSTEM_IO]: Userdata requested: persistentnotifications
[22-24-29] [THREAD STARTED]: Notificaiton vanish animater 1003221215
[22-24-29] [SYSTEM_IO]: Userdata requested: laststart
[22-26-11] [SYSTEM_IO]: [User Write] User was written to file: 7d7ebb00-81fe-329f-8a78-62f463d0b7da\Userdata.json [28x]
[22-26-30] [EOL]: Log completed, Cyder crashed unexpectedly: exit code: -9 External Stop, exceptions thrown: 0
