[22-48-45] [ENTRY]: [Nathan]
[22-48-45] [THREAD STARTED]: Singular Cyder Instance Ensurer
[22-48-46] [THREAD STARTED]: Splash Loader
[22-48-46] [THREAD STARTED]: Splash Animation
[22-48-47] [THREAD STARTED]: Cyder Start Secondary Subroutines
[22-48-47] [LOGIN]: [AUTOCYPHER ATTEMPT]
[22-48-47] [JAVA ARGS]: [LOCATION] [La casa de Nathan]
[22-48-47] [ACTION]: Requested deletion of: C:\Users\Nathan\Documents\IntelliJava\Cyder\dynamic\tmp
[22-48-47] [ACTION]: [DELETION FAILED] C:\Users\Nathan\Documents\IntelliJava\Cyder\dynamic\tmp
[22-48-47] [SYSTEM_IO]: [User Write] User was written to file: 7d7ebb00-81fe-329f-8a78-62f463d0b7da\Userdata.json [4x]
[22-48-47] [LOGIN]: [[AUTOCYPHER PASS]: 7d7ebb00-81fe-329f-8a78-62f463d0b7da]
[22-48-47] [SYSTEM_IO]: [User Write] User was written to file: 7d7ebb00-81fe-329f-8a78-62f463d0b7da\Userdata.json
[22-48-47] [SYSTEM_IO]: Userdata requested: RandomBackground
[22-48-47] [SYSTEM_IO]: Userdata requested: FullScreen
[22-48-48] [SYSTEM_IO]: Userdata requested: fullscreen
[22-48-48] [SYSTEM_IO]: Userdata requested: FullScreen [2x]
[22-48-48] [THREAD STARTED]: Console Printing Animation
[22-48-48] [SYSTEM_IO]: Userdata requested: OutputBorder
[22-48-48] [SYSTEM_IO]: Userdata requested: FullScreen
[22-48-48] [SYSTEM_IO]: Userdata requested: InputBorder
[22-48-48] [THREAD STARTED]: Console Input Caret Position Updater
[22-48-48] [SYSTEM_IO]: Userdata requested: OutputFill
[22-48-48] [SYSTEM_IO]: Userdata requested: InputFill
[22-48-48] [THREAD STARTED]: High Ping Checker
[22-48-48] [THREAD STARTED]: Hourly Chime Checker
[22-48-48] [THREAD STARTED]: Console Clock Updater
[22-48-48] [THREAD STARTED]: Cyder Busy Checker
[22-48-48] [THREAD STARTED]: ConsoleFrame Data Saver
[22-48-48] [ACTION]: Console loaded in 3190ms
[22-48-48] [THREAD STARTED]: Component name = [cyder.ui.ConsoleFrame], bounds = [(1352, 314, 895, 697)], hash = [2075568954], parentFrame = [Object itself is the top level frame], associated text = [No getText() method found], tooltip text = [No getTooltipText() method found], title = [Insomnia Cyder [Nathan]] notification queue checker
[22-48-48] [ACTION]: CyderFrame disposed with fastclose: true, CyderFrame: Component name = [cyder.ui.CyderFrame], bounds = [(980, 396, 600, 600)], hash = [633586039], parentFrame = [Object itself is the top level frame], associated text = [No getText() method found], tooltip text = [No getTooltipText() method found], title = [Cyder Splash]
[22-48-48] [THREAD STARTED]: Cyder Splash CyderFrame dispose thread
[22-48-48] [SYSTEM_IO]: Userdata requested: DebugWindows
[22-48-48] [ENTRY]: [TESTING MODE]
[22-48-48] [ACTION]: [Insomnia Cyder [Nathan]] [NOTIFICATION] Console loaded in 3190ms
[22-48-48] [THREAD STARTED]: notification appear animation
[22-48-48] [SYSTEM_IO]: Userdata requested: persistentnotifications
[22-48-48] [THREAD STARTED]: Notificaiton vanish animater 919831651
[22-48-49] [SYSTEM_IO]: Userdata requested: laststart
[22-51-05] [SYSTEM_IO]: [User Write] User was written to file: 7d7ebb00-81fe-329f-8a78-62f463d0b7da\Userdata.json [37x]
[22-51-28] [EOL]: Log completed, Cyder crashed unexpectedly: exit code: -9 External Stop, exceptions thrown: 0
