          _____                _____                    _____                    _____                    _____
         /\    \              |\    \                  /\    \                  /\    \                  /\    \
        /::\    \             |:\____\                /::\    \                /::\    \                /::\    \
       /::::\    \            |::|   |               /::::\    \              /::::\    \              /::::\    \
      /::::::\    \           |::|   |              /::::::\    \            /::::::\    \            /::::::\    \
     /:::/\:::\    \          |::|   |             /:::/\:::\    \          /:::/\:::\    \          /:::/\:::\    \
    /:::/  \:::\    \         |::|   |            /:::/  \:::\    \        /:::/__\:::\    \        /:::/__\:::\    \
   /:::/    \:::\    \        |::|   |           /:::/    \:::\    \      /::::\   \:::\    \      /::::\   \:::\    \
  /:::/    / \:::\    \       |::|___|______    /:::/    / \:::\    \    /::::::\   \:::\    \    /::::::\   \:::\    \
 /:::/    /   \:::\    \      /::::::::\    \  /:::/    /   \:::\ ___\  /:::/\:::\   \:::\    \  /:::/\:::\   \:::\____\
/:::/____/     \:::\____\    /::::::::::\____\/:::/____/     \:::|    |/:::/__\:::\   \:::\____\/:::/  \:::\   \:::|    |
\:::\    \      \::/    /   /:::/~~~~/~~      \:::\    \     /:::|____|\:::\   \:::\   \::/    /\::/   |::::\  /:::|____|
 \:::\    \      \/____/   /:::/    /          \:::\    \   /:::/    /  \:::\   \:::\   \/____/  \/____|:::::\/:::/    /
  \:::\    \              /:::/    /            \:::\    \ /:::/    /    \:::\   \:::\    \            |:::::::::/    /
   \:::\    \            /:::/    /              \:::\    /:::/    /      \:::\   \:::\____\           |::|\::::/    /
    \:::\    \           \::/    /                \:::\  /:::/    /        \:::\   \::/    /           |::| \::/____/
     \:::\    \           \/____/                  \:::\/:::/    /          \:::\   \/____/            |::|  ~|
      \:::\    \                                    \::::::/    /            \:::\    \                |::|   |
       \:::\____\                                    \::::/    /              \:::\____\               \::|   |
        \::/    /                                     \::/____/                \::/    /                \:|   |
         \/____/                                       ~~                       \/____/                  \|___|


[20-35-44.964] [ENTRY]: Nathan
[20-35-44.861] [DEBUG]: Loaded 131 static resources
[20-35-44.889] [DEBUG]: Loaded 16 static folders
[20-35-44.908] [DEBUG]: Found prop file: props\propkeys.ini
[20-35-44.908] [DEBUG]: Found prop file: props\props.ini
[20-35-44.938] [PROP LOADED]: [key = map_quest_api_key]
[20-35-44.938] [PROP LOADED]: [key = youtube_api_3_key]
[20-35-44.939] [PROP LOADED]: [key = ip_key]
[20-35-44.939] [PROP LOADED]: [key = weather_key]
[20-35-44.939] [PROP LOADED]: [key = debug_hash_name, value = Nathan]
[20-35-44.939] [PROP LOADED]: [key = debug_hash_password, value = 571b100a3b69f7b09828c0b61d325b15e52c512c14fdcf6d248f7c
               a733d0a7f6]
[20-35-44.940] [PROP LOADED]: [key = default_weather_location, value = Austin,Tx,USA]
[20-35-44.940] [PROP LOADED]: [key = ignore_data, value = typinganimation,showseconds,roundedwindows,windowcolor
               ,audiolength,capsmode,typingsound,showbusyicon,clockonconsole,consoleclockformat]
[20-35-44.940] [PROP LOADED]: [key = font_metric, value = 1]
[20-35-44.940] [PROP LOADED]: [key = max_font_size, value = 50]
[20-35-44.940] [PROP LOADED]: [key = min_font_size, value = 25]
[20-35-44.941] [PROP LOADED]: [key = released, value = false]
[20-35-44.941] [PROP LOADED]: [key = version, value = Liminal]
[20-35-44.941] [PROP LOADED]: [key = release_date, value = 22.7.4]
[20-35-44.941] [PROP LOADED]: [key = components_relocatable, value = false]
[20-35-44.941] [PROP LOADED]: [key = testing_mode, value = true]
[20-35-44.941] [PROP LOADED]: [key = autocypher, value = true]
[20-35-44.941] [PROP LOADED]: [key = dispose_splash, value = true]
[20-35-44.941] [PROP LOADED]: [key = wipe_logs_on_start, value = false]
[20-35-44.941] [PROP LOADED]: [key = activate_watchdog, value = false]
[20-35-44.941] [PROP LOADED]: [key = ffmpeg_audio_output_format, value = mp3]
[20-35-44.941] [PROP LOADED]: [key = printing_animation_char_timeout, value = 8]
[20-35-44.941] [PROP LOADED]: [key = printing_animation_line_timeout, value = 100]
[20-35-44.941] [PROP LOADED]: [key = ui_scale, value = 1]
[20-35-44.941] [PROP LOADED]: [key = auto_trigger_similar_commands, value = true]
[20-35-44.941] [PROP LOADED]: [key = auto_trigger_similar_command_tolerance, value = 0.95]
[20-35-44.941] [PROP LOADED]: [key = latency_ip, value = 172.217.4.78]
[20-35-44.941] [PROP LOADED]: [key = latency_port, value = 80]
[20-35-44.942] [PROP LOADED]: [key = latency_name, value = Google]
[20-35-44.942] [PROP LOADED]: [key = props_reloadable, value = false]
[20-35-44.961] [DEBUG]: Jar mode set as: FALSE
[20-35-45.028] [THREAD STARTED]: Object Creation Logger
[20-35-45.325] [DEBUG]: Watchdog skipped
[20-35-45.365] [LOADING MESSAGE]: Registering fonts
[20-35-46.011] [FONT LOADED]: agency-fb
[20-35-46.021] [FONT LOADED]: arial-black
[20-35-46.029] [FONT LOADED]: beyno
[20-35-46.040] [FONT LOADED]: condiment-regular
[20-35-46.046] [FONT LOADED]: prompt-bold
[20-35-46.058] [FONT LOADED]: segoe-ui-black
[20-35-46.065] [FONT LOADED]: tahoma
[20-35-46.065] [LOADING MESSAGE]: Ensuring singular instance
[20-35-46.066] [THREAD STARTED]: Singular Cyder Instance Ensurer
[20-35-46.068] [DEBUG]: Starting instance socket on port 5150
[20-35-46.574] [LOADING MESSAGE]: Ensuring OS is supported
[20-35-46.574] [LOADING MESSAGE]: Creating dynamics
[20-35-46.575] [SYSTEM IO]: Requested deletion of: C:\Users\Nathan\Documents\IntelliJava\Cyder\dynamic\tmp
[20-35-46.589] [LOADING MESSAGE]: Validating users
[20-35-46.753] [USER GET]: key = name, value = Nathan
[20-35-46.754] [USER GET]: key = foreground, value = f0f0f0
[20-35-46.755] [USER GET]: key = Font, value = Agency FB
[20-35-46.756] [USER GET]: key = background, value = 0f0f0f
[20-35-46.757] [USER GET]: key = loggedin, value = 0
[20-35-46.757] [USER GET]: key = randombackground, value = 0
[20-35-46.758] [USER GET]: key = persistentnotifications, value = 0
[20-35-46.770] [USER GET]: key = screenstat, value = ScreenStat{consoleX=1402, consoleY=324, consoleWidth=728,
               consoleHeight=909, monitor=0, consoleOnTop=false, consoleDirection=BOTTOM}
[20-35-46.782] [USER GET]: key = mappedexecutable, value = []
[20-35-46.784] [USER GET]: key = pass, value = 1b0a051deaadc2e793bfe185cd81a74b9c56f75bd713f28507d1abd99332a28
[20-35-46.785] [USER GET]: key = fontsize, value = 27
[20-35-46.786] [USER GET]: key = filterchat, value = 1
[20-35-46.787] [USER GET]: key = intromusic, value = 0
[20-35-46.788] [USER GET]: key = minimizeonclose, value = 0
[20-35-46.789] [USER GET]: key = debugwindows, value = 0
[20-35-46.790] [USER GET]: key = hourlychimes, value = 1
[20-35-46.791] [USER GET]: key = inputfill, value = 0
[20-35-46.791] [USER GET]: key = fullscreen, value = 0
[20-35-46.792] [USER GET]: key = inputborder, value = 0
[20-35-46.793] [USER GET]: key = wrapshell, value = 0
[20-35-46.794] [USER GET]: key = doanimations, value = 1
[20-35-46.795] [USER GET]: key = laststart, value = 1661388438298
[20-35-46.796] [USER GET]: key = youtubeuuid, value = aaaaaaaaaiI
[20-35-46.798] [USER GET]: key = outputfill, value = 0
[20-35-46.799] [USER GET]: key = darkmode, value = 0
[20-35-46.799] [USER GET]: key = outputborder, value = 0
[20-35-46.800] [USER GET]: key = compacttextmode, value = 0
[20-35-46.800] [USER GET]: key = silenceerrors, value = 1
[20-35-46.807] [USER GET]: key = mappedexecutable, value = []
[20-35-46.808] [USER GET]: key = screenstat, value = ScreenStat{consoleX=1402, consoleY=324, consoleWidth=728,
               consoleHeight=909, monitor=0, consoleOnTop=false, consoleDirection=BOTTOM}
[20-35-46.821] [USER GET]: key = name, value = Nathan
[20-35-46.822] [LOADING MESSAGE]: Cleaning users
[20-35-46.841] [LOADING MESSAGE]: Validating props
[20-35-47.031] [LOADING MESSAGE]: Validating Widgets
[20-35-48.039] [OBJECT CREATION]: Objects created since last delta (5000ms): 46
[20-35-48.378] [LOADING MESSAGE]: Validating Tests
[20-35-48.380] [LOADING MESSAGE]: Validating Vanilla annotations
[20-35-48.387] [LOADING MESSAGE]: Validating Handles
[20-35-48.397] [THREAD STARTED]: Splash Loader
[20-35-48.398] [THREAD STARTED]: Sufficient Subroutine Executor
[20-35-48.399] [LOADING MESSAGE]: Logging JVM args
[20-35-48.400] [THREAD STARTED]: JVM Args Logger
[20-35-48.404] [DEBUG]: Set latency ip as 172.217.4.78
[20-35-48.405] [DEBUG]: Set latency port as 80
[20-35-48.406] [DEBUG]: Set latency host name as Google
[20-35-48.419] [LOADING MESSAGE]: Checking for an AutoCypher
[20-35-48.419] [LOGIN]: AutoCypher Attempt
[20-35-48.419] [LOADING MESSAGE]: Auto Cyphering
[20-35-48.421] [USER GET]: key = name, value = Nathan
[20-35-48.424] [USER GET]: key = name, value = Nathan
[20-35-48.455] [USER GET]: key = pass, value = 1b0a051deaadc2e793bfe185cd81a74b9c56f75bd713f28507d1abd99332a28
[20-35-48.793] [USER GET]: key = darkmode, value = 0
[20-35-48.800] [USER GET]: key = darkmode, value = 0
[20-35-48.908] [THREAD STARTED]: Splash Animation
[20-35-49.036] [UNIQUE OBJECT CREATED]: Console singleton constructed
[20-35-49.038] [USER GET]: key = name, value = Nathan
[20-35-49.195] [DEBUG]: Cyder Entry = AutoCypher
[20-35-49.196] [THREAD STARTED]: High Ping Checker
[20-35-49.250] [DEBUG]: Latency of Google found to be 51ms
[20-35-49.514] [USER GET]: key = name, value = Nathan
[20-35-49.515] [USER GET]: key = randombackground, value = 0
[20-35-49.515] [USER GET]: key = fullscreen, value = 0
[20-35-49.633] [USER GET]: key = fullscreen, value = 0
[20-35-49.634] [USER GET]: key = fullscreen, value = 0
[20-35-49.634] [USER GET]: key = name, value = Nathan
[20-35-49.688] [USER GET]: key = foreground, value = f0f0f0
[20-35-49.689] [USER GET]: key = foreground, value = f0f0f0
[20-35-49.692] [USER GET]: key = foreground, value = f0f0f0
[20-35-49.693] [USER GET]: key = Font, value = Agency FB
[20-35-49.693] [USER GET]: key = fontsize, value = 27
[20-35-49.716] [USER GET]: key = outputborder, value = 0
[20-35-49.717] [USER GET]: key = outputfill, value = 0
[20-35-49.732] [USER GET]: key = inputborder, value = 0
[20-35-49.733] [USER GET]: key = foreground, value = f0f0f0
[20-35-49.734] [USER GET]: key = foreground, value = f0f0f0
[20-35-49.734] [USER GET]: key = foreground, value = f0f0f0
[20-35-49.735] [USER GET]: key = Font, value = Agency FB
[20-35-49.735] [USER GET]: key = fontsize, value = 27
[20-35-49.736] [USER GET]: key = inputfill, value = 0
[20-35-49.742] [USER GET]: key = screenstat, value = ScreenStat{consoleX=1402, consoleY=324, consoleWidth=728,
               consoleHeight=909, monitor=0, consoleOnTop=false, consoleDirection=BOTTOM}
[20-35-49.866] [THREAD STARTED]: Hourly Chime Checker
[20-35-49.868] [THREAD STARTED]: Console Clock Updater
[20-35-49.869] [THREAD STARTED]: Cyder Busy Checker
[20-35-49.875] [THREAD STARTED]: [Cyder Splash] dispose() animation thread
[20-35-49.876] [USER GET]: key = fullscreen, value = 0
[20-35-49.876] [USER GET]: key = screenstat, value = ScreenStat{consoleX=1402, consoleY=324, consoleWidth=728,
               consoleHeight=909, monitor=0, consoleOnTop=false, consoleDirection=BOTTOM}
[20-35-49.881] [UI]: CyderFrame disposed with fastclose=true, getTitle=Cyder Splash
[20-35-50.226] [USER GET]: key = fullscreen, value = 0
[20-35-50.281] [THREAD STARTED]: Console Printing Animation
[20-35-50.284] [CONSOLE OUT]: [STRING]: Console loaded in 5s 621ms
[20-35-50.328] [USER GET]: key = debugwindows, value = 0
[20-35-50.329] [CONSOLE LOADED]: [Nathan] [TESTING MODE]
[20-35-50.330] [THREAD STARTED]: Manual Tests Thread
[20-35-50.331] [USER GET]: key = laststart, value = 1661388438298
[20-35-50.332] [USER GET]: key = intromusic, value = 0
[20-35-51.284] [THREAD STARTED]: Splash Loading Label Updater
[20-35-53.048] [OBJECT CREATION]: Objects created since last delta (5000ms): 78
[20-35-53.421] [CLIENT]: typingsound
[20-35-53.422] [USER GET]: key = filterchat, value = 1
[20-35-53.463] [SYSTEM IO]: [JSON WRITE] [Levenshtein = 10] User was written to file: 7d7ebb00-81fe-329f-8a78-62f463d0b7
               da\Userdata.json
[20-35-53.468] [USER GET]: key = name, value = Nathan
[20-35-53.468] [USER GET]: key = foreground, value = f0f0f0
[20-35-53.469] [USER GET]: key = Font, value = Agency FB
[20-35-53.469] [USER GET]: key = background, value = 0f0f0f
[20-35-53.470] [USER GET]: key = loggedin, value = 1
[20-35-53.470] [USER GET]: key = randombackground, value = 0
[20-35-53.470] [USER GET]: key = persistentnotifications, value = 0
[20-35-53.471] [USER GET]: key = screenstat, value = ScreenStat{consoleX=1402, consoleY=324, consoleWidth=728,
               consoleHeight=909, monitor=0, consoleOnTop=false, consoleDirection=BOTTOM}
[20-35-53.471] [USER GET]: key = mappedexecutable, value = []
[20-35-53.472] [USER GET]: key = pass, value = 1b0a051deaadc2e793bfe185cd81a74b9c56f75bd713f28507d1abd99332a28
[20-35-53.472] [USER GET]: key = fontsize, value = 27
[20-35-53.474] [USER GET]: key = filterchat, value = 1
[20-35-53.474] [USER GET]: key = intromusic, value = 0
[20-35-53.475] [USER GET]: key = minimizeonclose, value = 0
[20-35-53.476] [USER GET]: key = debugwindows, value = 0
[20-35-53.476] [USER GET]: key = hourlychimes, value = 1
[20-35-53.477] [USER GET]: key = inputfill, value = 0
[20-35-53.477] [USER GET]: key = fullscreen, value = 0
[20-35-53.477] [USER GET]: key = inputborder, value = 0
[20-35-53.478] [USER GET]: key = wrapshell, value = 0
[20-35-53.478] [USER GET]: key = doanimations, value = 1
[20-35-53.478] [USER GET]: key = laststart, value = 1661391350332
[20-35-53.479] [USER GET]: key = youtubeuuid, value = aaaaaaaaaiI
[20-35-53.479] [USER GET]: key = outputfill, value = 0
[20-35-53.480] [USER GET]: key = darkmode, value = 0
[20-35-53.480] [USER GET]: key = outputborder, value = 0
[20-35-53.480] [USER GET]: key = compacttextmode, value = 0
[20-35-53.481] [USER GET]: key = silenceerrors, value = 1
[20-35-53.481] [USER GET]: key = mappedexecutable, value = []
[20-35-53.481] [USER GET]: key = screenstat, value = ScreenStat{consoleX=1402, consoleY=324, consoleWidth=728,
               consoleHeight=909, monitor=0, consoleOnTop=false, consoleDirection=BOTTOM}
[20-35-53.488] [SYSTEM IO]: Requested deletion of: C:\Users\Nathan\Documents\IntelliJava\Cyder\dynamic\backup\7d7ebb00
               -81fe-329f-8a78-62f463d0b7da_1661388465081.json
[20-35-53.489] [THREAD STARTED]: Console Printing Animation
[20-35-53.491] [PREFERENCE REFRESH]: Key = typingsound
[20-35-53.491] [CONSOLE OUT]: [STRING]: Typing Animation Sound set to true
[20-35-53.821] [THREAD STARTED]: System Audio Player
[20-35-53.848] [THREAD STARTED]: System Audio Player
[20-35-53.877] [THREAD STARTED]: System Audio Player
[20-35-53.907] [THREAD STARTED]: System Audio Player
[20-35-53.938] [THREAD STARTED]: System Audio Player
[20-35-53.970] [THREAD STARTED]: System Audio Player
[20-35-53.999] [THREAD STARTED]: System Audio Player
[20-35-54.028] [THREAD STARTED]: System Audio Player
[20-35-54.058] [THREAD STARTED]: System Audio Player
[20-35-54.087] [THREAD STARTED]: System Audio Player
[20-35-54.115] [THREAD STARTED]: System Audio Player
[20-35-54.145] [THREAD STARTED]: System Audio Player
[20-35-55.635] [CLIENT]: hello
[20-35-55.635] [USER GET]: key = filterchat, value = 1
[20-35-55.637] [USER GET]: key = name, value = Nathan
[20-35-55.637] [THREAD STARTED]: Console Printing Animation
[20-35-55.638] [CONSOLE OUT]: [STRING]: How are you doing, Nathan?
[20-35-55.649] [THREAD STARTED]: System Audio Player
[20-35-55.679] [THREAD STARTED]: System Audio Player
[20-35-55.709] [THREAD STARTED]: System Audio Player
[20-35-55.736] [THREAD STARTED]: System Audio Player
[20-35-55.767] [THREAD STARTED]: System Audio Player
[20-35-55.795] [THREAD STARTED]: System Audio Player
[20-35-55.823] [THREAD STARTED]: System Audio Player
[20-35-55.853] [THREAD STARTED]: System Audio Player
[20-35-55.885] [THREAD STARTED]: System Audio Player
[20-35-56.753] [CLIENT]: clear
[20-35-56.754] [USER GET]: key = filterchat, value = 1
[20-35-58.057] [OBJECT CREATION]: Objects created since last delta (5000ms): 3
[20-35-58.410] [CLIENT]: I'm already
[20-35-58.410] [USER GET]: key = filterchat, value = 1
[20-35-58.416] [THREAD STARTED]: Unknown Input Handler
[20-35-58.427] [DEBUG]: Similar command to "I'm already" found with tolerance of 0.5930736064910889, command =
               "daemon threads"
[20-35-58.428] [USER GET]: key = wrapshell, value = 0
[20-35-58.429] [THREAD STARTED]: Console Printing Animation
[20-35-58.430] [CONSOLE OUT]: [STRING]: Unknown command
[20-35-58.439] [THREAD STARTED]: System Audio Player
[20-35-58.467] [THREAD STARTED]: System Audio Player
[20-35-58.494] [THREAD STARTED]: System Audio Player
[20-35-58.524] [THREAD STARTED]: System Audio Player
[20-35-58.553] [THREAD STARTED]: System Audio Player
[20-35-59.447] [CLIENT]: what
[20-35-59.447] [USER GET]: key = filterchat, value = 1
[20-35-59.451] [THREAD STARTED]: Unknown Input Handler
[20-35-59.455] [DEBUG]: Similar command to "what" found with tolerance of 0.7666666507720947, command = "whereami"
[20-35-59.456] [USER GET]: key = wrapshell, value = 0
[20-35-59.456] [THREAD STARTED]: Console Printing Animation
[20-35-59.457] [CONSOLE OUT]: [STRING]: Unknown command
[20-35-59.458] [THREAD STARTED]: System Audio Player
[20-35-59.486] [THREAD STARTED]: System Audio Player
[20-35-59.516] [THREAD STARTED]: System Audio Player
[20-35-59.546] [THREAD STARTED]: System Audio Player
[20-35-59.576] [THREAD STARTED]: System Audio Player
[20-35-59.606] [THREAD STARTED]: System Audio Player
[20-36-00.195] [CLIENT]: clear
[20-36-00.196] [USER GET]: key = filterchat, value = 1
[20-36-00.940] [CLIENT]: story
[20-36-00.940] [USER GET]: key = filterchat, value = 1
[20-36-00.941] [USER GET]: key = name, value = Nathan
[20-36-00.942] [THREAD STARTED]: Console Printing Animation
[20-36-00.943] [CONSOLE OUT]: [STRING]: It was a lazy day. Cyder was enjoying a deep sleep when suddenly Nathan
               started talking to Cyder. It was at this moment that Cyder knew its day had been ruined.
[20-36-00.961] [THREAD STARTED]: System Audio Player
[20-36-00.992] [THREAD STARTED]: System Audio Player
[20-36-01.022] [THREAD STARTED]: System Audio Player
[20-36-01.050] [THREAD STARTED]: System Audio Player
[20-36-01.079] [THREAD STARTED]: System Audio Player
[20-36-01.109] [THREAD STARTED]: System Audio Player
[20-36-01.138] [THREAD STARTED]: System Audio Player
[20-36-01.168] [THREAD STARTED]: System Audio Player
[20-36-01.197] [THREAD STARTED]: System Audio Player
[20-36-01.228] [THREAD STARTED]: System Audio Player
[20-36-01.256] [THREAD STARTED]: System Audio Player
[20-36-01.284] [THREAD STARTED]: System Audio Player
[20-36-01.311] [THREAD STARTED]: System Audio Player
[20-36-01.341] [THREAD STARTED]: System Audio Player
[20-36-01.368] [THREAD STARTED]: System Audio Player
[20-36-01.395] [THREAD STARTED]: System Audio Player
[20-36-01.424] [THREAD STARTED]: System Audio Player
[20-36-01.455] [THREAD STARTED]: System Audio Player
[20-36-01.484] [THREAD STARTED]: System Audio Player
[20-36-01.512] [THREAD STARTED]: System Audio Player
[20-36-01.541] [THREAD STARTED]: System Audio Player
[20-36-01.569] [THREAD STARTED]: System Audio Player
[20-36-01.596] [THREAD STARTED]: System Audio Player
[20-36-01.625] [THREAD STARTED]: System Audio Player
[20-36-01.653] [THREAD STARTED]: System Audio Player
[20-36-01.684] [THREAD STARTED]: System Audio Player
[20-36-01.712] [THREAD STARTED]: System Audio Player
[20-36-01.741] [THREAD STARTED]: System Audio Player
[20-36-01.769] [THREAD STARTED]: System Audio Player
[20-36-01.798] [THREAD STARTED]: System Audio Player
[20-36-01.827] [THREAD STARTED]: System Audio Player
[20-36-01.855] [THREAD STARTED]: System Audio Player
[20-36-01.882] [THREAD STARTED]: System Audio Player
[20-36-01.910] [THREAD STARTED]: System Audio Player
[20-36-01.941] [THREAD STARTED]: System Audio Player
[20-36-01.970] [THREAD STARTED]: System Audio Player
[20-36-02.000] [THREAD STARTED]: System Audio Player
[20-36-02.031] [THREAD STARTED]: System Audio Player
[20-36-02.058] [THREAD STARTED]: System Audio Player
[20-36-02.088] [THREAD STARTED]: System Audio Player
[20-36-02.116] [THREAD STARTED]: System Audio Player
[20-36-02.147] [THREAD STARTED]: System Audio Player
[20-36-02.175] [THREAD STARTED]: System Audio Player
[20-36-02.204] [THREAD STARTED]: System Audio Player
[20-36-02.235] [THREAD STARTED]: System Audio Player
[20-36-02.264] [THREAD STARTED]: System Audio Player
[20-36-02.292] [THREAD STARTED]: System Audio Player
[20-36-02.319] [THREAD STARTED]: System Audio Player
[20-36-02.349] [THREAD STARTED]: System Audio Player
[20-36-02.378] [THREAD STARTED]: System Audio Player
[20-36-02.408] [THREAD STARTED]: System Audio Player
[20-36-02.438] [THREAD STARTED]: System Audio Player
[20-36-02.467] [THREAD STARTED]: System Audio Player
[20-36-04.126] [CLIENT]: hello
[20-36-04.127] [USER GET]: key = filterchat, value = 1
[20-36-04.128] [USER GET]: key = name, value = Nathan
[20-36-04.128] [THREAD STARTED]: Console Printing Animation
[20-36-04.129] [CONSOLE OUT]: [STRING]: Greetings, Nathan.
[20-36-04.130] [THREAD STARTED]: System Audio Player
[20-36-04.159] [THREAD STARTED]: System Audio Player
[20-36-04.186] [THREAD STARTED]: System Audio Player
[20-36-04.214] [THREAD STARTED]: System Audio Player
[20-36-04.244] [THREAD STARTED]: System Audio Player
[20-36-04.274] [THREAD STARTED]: System Audio Player
[20-36-04.302] [THREAD STARTED]: System Audio Player
[20-36-06.238] [CLIENT]: typingsound
[20-36-06.239] [USER GET]: key = filterchat, value = 1
[20-36-06.270] [SYSTEM IO]: [JSON WRITE] [Levenshtein = 1] User was written to file: 7d7ebb00-81fe-329f-8a78-62f463d0b7d
               a\Userdata.json
[20-36-06.277] [USER GET]: key = name, value = Nathan
[20-36-06.277] [USER GET]: key = foreground, value = f0f0f0
[20-36-06.278] [USER GET]: key = Font, value = Agency FB
[20-36-06.278] [USER GET]: key = background, value = 0f0f0f
[20-36-06.279] [USER GET]: key = loggedin, value = 1
[20-36-06.279] [USER GET]: key = randombackground, value = 0
[20-36-06.279] [USER GET]: key = persistentnotifications, value = 0
[20-36-06.280] [USER GET]: key = screenstat, value = ScreenStat{consoleX=1402, consoleY=324, consoleWidth=728,
               consoleHeight=909, monitor=0, consoleOnTop=false, consoleDirection=BOTTOM}
[20-36-06.280] [USER GET]: key = mappedexecutable, value = []
[20-36-06.280] [USER GET]: key = pass, value = 1b0a051deaadc2e793bfe185cd81a74b9c56f75bd713f28507d1abd99332a28
[20-36-06.281] [USER GET]: key = fontsize, value = 27
[20-36-06.281] [USER GET]: key = filterchat, value = 1
[20-36-06.281] [USER GET]: key = intromusic, value = 0
[20-36-06.282] [USER GET]: key = minimizeonclose, value = 0
[20-36-06.282] [USER GET]: key = debugwindows, value = 0
[20-36-06.282] [USER GET]: key = hourlychimes, value = 1
[20-36-06.283] [USER GET]: key = inputfill, value = 0
[20-36-06.283] [USER GET]: key = fullscreen, value = 0
[20-36-06.284] [USER GET]: key = inputborder, value = 0
[20-36-06.284] [USER GET]: key = wrapshell, value = 0
[20-36-06.285] [USER GET]: key = doanimations, value = 1
[20-36-06.285] [USER GET]: key = laststart, value = 1661391350332
[20-36-06.285] [USER GET]: key = youtubeuuid, value = aaaaaaaaaiI
[20-36-06.286] [USER GET]: key = outputfill, value = 0
[20-36-06.286] [USER GET]: key = darkmode, value = 0
[20-36-06.286] [USER GET]: key = outputborder, value = 0
[20-36-06.287] [USER GET]: key = compacttextmode, value = 0
[20-36-06.287] [USER GET]: key = silenceerrors, value = 1
[20-36-06.287] [USER GET]: key = mappedexecutable, value = []
[20-36-06.288] [USER GET]: key = screenstat, value = ScreenStat{consoleX=1402, consoleY=324, consoleWidth=728,
               consoleHeight=909, monitor=0, consoleOnTop=false, consoleDirection=BOTTOM}
[20-36-06.292] [SYSTEM IO]: Requested deletion of: C:\Users\Nathan\Documents\IntelliJava\Cyder\dynamic\backup\7d7ebb00
               -81fe-329f-8a78-62f463d0b7da_1661391353483.json
[20-36-06.294] [THREAD STARTED]: Console Printing Animation
[20-36-06.295] [PREFERENCE REFRESH]: Key = typingsound
[20-36-06.295] [CONSOLE OUT]: [STRING]: Typing Animation Sound set to false
[20-36-07.174] [CLIENT]: hello
[20-36-07.175] [USER GET]: key = filterchat, value = 1
[20-36-07.176] [USER GET]: key = name, value = Nathan
[20-36-07.176] [THREAD STARTED]: Console Printing Animation
[20-36-07.177] [CONSOLE OUT]: [STRING]: Good evening, Nathan. How can I help?
[20-36-08.073] [OBJECT CREATION]: Objects created since last delta (5000ms): 3
[20-36-08.538] [CLIENT]: clear
[20-36-08.539] [USER GET]: key = filterchat, value = 1
[20-36-10.308] [USER GET]: key = minimizeonclose, value = 0
[20-36-10.309] [USER GET]: key = screenstat, value = ScreenStat{consoleX=1402, consoleY=324, consoleWidth=728,
               consoleHeight=909, monitor=0, consoleOnTop=false, consoleDirection=BOTTOM}
[20-36-10.313] [USER GET]: key = fullscreen, value = 0
[20-36-10.314] [THREAD STARTED]: [Liminal Cyder [Nathan]] dispose() animation thread
[20-36-10.314] [UI]: CyderFrame disposed with fastclose=false, getTitle=Liminal Cyder [Nathan]
[20-36-10.315] [USER GET]: key = doanimations, value = 1
[20-36-10.617] [EXIT]: [RUNTIME] 25s 803ms
[20-36-10.619] [EOL]: Log completed, exiting Cyder with exit code: 0 [Genesis Controlled Exit], no exceptions thrown,
               total objects created: 130
