          _____                _____                    _____                    _____                    _____
         /\    \              |\    \                  /\    \                  /\    \                  /\    \
        /::\    \             |:\____\                /::\    \                /::\    \                /::\    \
       /::::\    \            |::|   |               /::::\    \              /::::\    \              /::::\    \
      /::::::\    \           |::|   |              /::::::\    \            /::::::\    \            /::::::\    \
     /:::/\:::\    \          |::|   |             /:::/\:::\    \          /:::/\:::\    \          /:::/\:::\    \
    /:::/  \:::\    \         |::|   |            /:::/  \:::\    \        /:::/__\:::\    \        /:::/__\:::\    \
   /:::/    \:::\    \        |::|   |           /:::/    \:::\    \      /::::\   \:::\    \      /::::\   \:::\    \
  /:::/    / \:::\    \       |::|___|______    /:::/    / \:::\    \    /::::::\   \:::\    \    /::::::\   \:::\    \
 /:::/    /   \:::\    \      /::::::::\    \  /:::/    /   \:::\ ___\  /:::/\:::\   \:::\    \  /:::/\:::\   \:::\____\
/:::/____/     \:::\____\    /::::::::::\____\/:::/____/     \:::|    |/:::/__\:::\   \:::\____\/:::/  \:::\   \:::|    |
\:::\    \      \::/    /   /:::/~~~~/~~      \:::\    \     /:::|____|\:::\   \:::\   \::/    /\::/   |::::\  /:::|____|
 \:::\    \      \/____/   /:::/    /          \:::\    \   /:::/    /  \:::\   \:::\   \/____/  \/____|:::::\/:::/    /
  \:::\    \              /:::/    /            \:::\    \ /:::/    /    \:::\   \:::\    \            |:::::::::/    /
   \:::\    \            /:::/    /              \:::\    /:::/    /      \:::\   \:::\____\           |::|\::::/    /
    \:::\    \           \::/    /                \:::\  /:::/    /        \:::\   \::/    /           |::| \::/____/
     \:::\    \           \/____/                  \:::\/:::/    /          \:::\   \/____/            |::|  ~|
      \:::\    \                                    \::::::/    /            \:::\    \                |::|   |
       \:::\____\                                    \::::/    /              \:::\____\               \::|   |
        \::/    /                                     \::/____/                \::/    /                \:|   |
         \/____/                                       ~~                       \/____/                  \|___|


[21-38-30.895] [ENTRY]: Nathan
[21-38-30.821] [DEBUG]: Loaded 131 static resources
[21-38-30.844] [DEBUG]: Loaded 16 static folders
[21-38-30.862] [DEBUG]: Found prop file: props\propkeys.ini
[21-38-30.862] [DEBUG]: Found prop file: props\props.ini
[21-38-30.880] [PROP LOADED]: [key = map_quest_api_key]
[21-38-30.880] [PROP LOADED]: [key = youtube_api_3_key]
[21-38-30.880] [PROP LOADED]: [key = ip_key]
[21-38-30.880] [PROP LOADED]: [key = weather_key]
[21-38-30.880] [PROP LOADED]: [key = debug_hash_name, value = Nathan]
[21-38-30.880] [PROP LOADED]: [key = debug_hash_password, value = 571b100a3b69f7b09828c0b61d325b15e52c512c14fdcf6d248f7c
               a733d0a7f6]
[21-38-30.882] [PROP LOADED]: [key = default_weather_location, value = Austin,Tx,USA]
[21-38-30.882] [PROP LOADED]: [key = ignore_data, value = typinganimation,showseconds,roundedwindows,windowcolor
               ,audiolength,capsmode,typingsound,showbusyicon,clockonconsole,consoleclockformat]
[21-38-30.882] [PROP LOADED]: [key = font_metric, value = 1]
[21-38-30.882] [PROP LOADED]: [key = max_font_size, value = 50]
[21-38-30.882] [PROP LOADED]: [key = min_font_size, value = 25]
[21-38-30.882] [PROP LOADED]: [key = released, value = false]
[21-38-30.882] [PROP LOADED]: [key = version, value = Liminal]
[21-38-30.882] [PROP LOADED]: [key = release_date, value = 22.7.4]
[21-38-30.882] [PROP LOADED]: [key = components_relocatable, value = false]
[21-38-30.882] [PROP LOADED]: [key = testing_mode, value = true]
[21-38-30.883] [PROP LOADED]: [key = autocypher, value = true]
[21-38-30.883] [PROP LOADED]: [key = dispose_splash, value = true]
[21-38-30.883] [PROP LOADED]: [key = wipe_logs_on_start, value = false]
[21-38-30.883] [PROP LOADED]: [key = activate_watchdog, value = false]
[21-38-30.883] [PROP LOADED]: [key = ffmpeg_audio_output_format, value = mp3]
[21-38-30.883] [PROP LOADED]: [key = printing_animation_char_timeout, value = 8]
[21-38-30.883] [PROP LOADED]: [key = printing_animation_line_timeout, value = 100]
[21-38-30.883] [PROP LOADED]: [key = ui_scale, value = 1]
[21-38-30.883] [PROP LOADED]: [key = auto_trigger_similar_commands, value = true]
[21-38-30.883] [PROP LOADED]: [key = auto_trigger_similar_command_tolerance, value = 0.95]
[21-38-30.883] [PROP LOADED]: [key = latency_ip, value = 172.217.4.78]
[21-38-30.883] [PROP LOADED]: [key = latency_port, value = 80]
[21-38-30.883] [PROP LOADED]: [key = latency_name, value = Google]
[21-38-30.884] [PROP LOADED]: [key = props_reloadable, value = false]
[21-38-30.891] [DEBUG]: Jar mode set as: FALSE
[21-38-30.970] [THREAD STARTED]: Object Creation Logger
[21-38-31.827] [DEBUG]: Watchdog skipped
[21-38-31.835] [LOADING MESSAGE]: Registering fonts
[21-38-32.432] [FONT LOADED]: agency-fb
[21-38-32.436] [FONT LOADED]: arial-black
[21-38-32.438] [FONT LOADED]: beyno
[21-38-32.441] [FONT LOADED]: condiment-regular
[21-38-32.442] [FONT LOADED]: prompt-bold
[21-38-32.444] [FONT LOADED]: segoe-ui-black
[21-38-32.446] [FONT LOADED]: tahoma
[21-38-32.447] [LOADING MESSAGE]: Ensuring singular instance
[21-38-32.451] [THREAD STARTED]: Singular Cyder Instance Ensurer
[21-38-32.452] [DEBUG]: Starting instance socket on port 5150
[21-38-32.962] [LOADING MESSAGE]: Ensuring OS is supported
[21-38-32.963] [LOADING MESSAGE]: Creating dynamics
[21-38-32.964] [SYSTEM IO]: Requested deletion of: C:\Users\Nathan\Documents\IntelliJava\Cyder\dynamic\tmp
[21-38-32.979] [LOADING MESSAGE]: Validating users
[21-38-33.109] [USER GET]: key = name, value = Nathan
[21-38-33.110] [USER GET]: key = foreground, value = f0f0f0
[21-38-33.111] [USER GET]: key = Font, value = Agency FB
[21-38-33.111] [USER GET]: key = background, value = 0f0f0f
[21-38-33.112] [USER GET]: key = mappedexecutable, value = []
[21-38-33.139] [USER GET]: key = screenstat, value = ScreenStat{consoleX=1341, consoleY=399, consoleWidth=958,
               consoleHeight=654, monitor=0, consoleOnTop=false, consoleDirection=RIGHT}
[21-38-33.140] [USER GET]: key = loggedin, value = 1
[21-38-33.141] [USER GET]: key = persistentnotifications, value = 0
[21-38-33.142] [USER GET]: key = randombackground, value = 0
[21-38-33.142] [USER GET]: key = pass, value = 1b0a051deaadc2e793bfe185cd81a74b9c56f75bd713f28507d1abd99332a28
[21-38-33.142] [USER GET]: key = debugwindows, value = 0
[21-38-33.143] [USER GET]: key = intromusic, value = 0
[21-38-33.144] [USER GET]: key = outputborder, value = 0
[21-38-33.144] [USER GET]: key = fontsize, value = 27
[21-38-33.145] [USER GET]: key = wrapshell, value = 0
[21-38-33.146] [USER GET]: key = darkmode, value = 0
[21-38-33.146] [USER GET]: key = minimizeonclose, value = 0
[21-38-33.146] [USER GET]: key = laststart, value = 1661395084881
[21-38-33.147] [USER GET]: key = youtubeuuid, value = aaaaaaaaaiI
[21-38-33.147] [USER GET]: key = outputfill, value = 0
[21-38-33.148] [USER GET]: key = inputborder, value = 0
[21-38-33.148] [USER GET]: key = doanimations, value = 1
[21-38-33.149] [USER GET]: key = filterchat, value = 1
[21-38-33.149] [USER GET]: key = compacttextmode, value = 0
[21-38-33.150] [USER GET]: key = silenceerrors, value = 1
[21-38-33.150] [USER GET]: key = inputfill, value = 0
[21-38-33.151] [USER GET]: key = hourlychimes, value = 1
[21-38-33.151] [USER GET]: key = fullscreen, value = 0
[21-38-33.153] [USER GET]: key = mappedexecutable, value = []
[21-38-33.154] [USER GET]: key = screenstat, value = ScreenStat{consoleX=1341, consoleY=399, consoleWidth=958,
               consoleHeight=654, monitor=0, consoleOnTop=false, consoleDirection=RIGHT}
[21-38-33.165] [USER GET]: key = name, value = Nathan
[21-38-33.166] [LOADING MESSAGE]: Cleaning users
[21-38-33.167] [LOADING MESSAGE]: Validating props
[21-38-33.318] [LOADING MESSAGE]: Validating Widgets
[21-38-33.722] [LOADING MESSAGE]: Validating Tests
[21-38-33.728] [LOADING MESSAGE]: Validating Vanilla annotations
[21-38-33.743] [LOADING MESSAGE]: Validating Handles
[21-38-33.764] [THREAD STARTED]: Splash Loader
[21-38-33.766] [THREAD STARTED]: Sufficient Subroutine Executor
[21-38-33.767] [LOADING MESSAGE]: Logging JVM args
[21-38-33.770] [THREAD STARTED]: JVM Args Logger
[21-38-33.782] [DEBUG]: Set latency ip as 172.217.4.78
[21-38-33.783] [DEBUG]: Set latency port as 80
[21-38-33.784] [DEBUG]: Set latency host name as Google
[21-38-33.790] [LOADING MESSAGE]: Checking for an AutoCypher
[21-38-33.792] [LOGIN]: AutoCypher Attempt
[21-38-33.793] [LOADING MESSAGE]: Auto Cyphering
[21-38-33.801] [USER GET]: key = name, value = Nathan [2x]
[21-38-33.859] [USER GET]: key = pass, value = 1b0a051deaadc2e793bfe185cd81a74b9c56f75bd713f28507d1abd99332a28
[21-38-33.985] [OBJECT CREATION]: Objects created since last delta (5000ms): 52
[21-38-34.087] [USER GET]: key = darkmode, value = 0 [2x]
[21-38-34.160] [THREAD STARTED]: Splash Animation
[21-38-34.434] [UNIQUE OBJECT CREATED]: Console singleton constructed
[21-38-34.436] [USER GET]: key = name, value = Nathan
[21-38-34.790] [DEBUG]: Cyder Entry = AutoCypher
[21-38-34.792] [THREAD STARTED]: High Ping Checker
[21-38-34.849] [DEBUG]: Latency of Google found to be 51ms
[21-38-35.240] [USER GET]: key = name, value = Nathan
[21-38-35.242] [USER GET]: key = randombackground, value = 0
[21-38-35.400] [USER GET]: key = fullscreen, value = 0 [3x]
[21-38-35.400] [USER GET]: key = name, value = Nathan
[21-38-35.491] [USER GET]: key = foreground, value = f0f0f0 [3x]
[21-38-35.493] [USER GET]: key = Font, value = Agency FB
[21-38-35.494] [USER GET]: key = fontsize, value = 27
[21-38-35.516] [USER GET]: key = outputborder, value = 0
[21-38-35.517] [USER GET]: key = outputfill, value = 0
[21-38-35.541] [USER GET]: key = inputborder, value = 0
[21-38-35.546] [USER GET]: key = foreground, value = f0f0f0 [3x]
[21-38-35.547] [USER GET]: key = Font, value = Agency FB
[21-38-35.548] [USER GET]: key = fontsize, value = 27
[21-38-35.549] [USER GET]: key = inputfill, value = 0
[21-38-35.556] [USER GET]: key = screenstat, value = ScreenStat{consoleX=1341, consoleY=399, consoleWidth=958,
               consoleHeight=654, monitor=0, consoleOnTop=false, consoleDirection=RIGHT}
[21-38-35.658] [THREAD STARTED]: Hourly Chime Checker
[21-38-35.660] [THREAD STARTED]: Console Clock Updater
[21-38-35.662] [THREAD STARTED]: Cyder Busy Checker
[21-38-35.666] [THREAD STARTED]: [Cyder Splash] dispose() animation thread
[21-38-35.668] [USER GET]: key = fullscreen, value = 0
[21-38-42.537] [OBJECT CREATION]: Objects created since last delta (5000ms): 71
[21-38-42.539] [USER GET]: key = screenstat, value = ScreenStat{consoleX=1341, consoleY=399, consoleWidth=958,
               consoleHeight=654, monitor=0, consoleOnTop=false, consoleDirection=RIGHT}
[21-38-48.477] [UI]: CyderFrame disposed with fastclose=true, getTitle=Cyder Splash
[21-39-06.188] [USER GET]: key = fullscreen, value = 0
[21-39-17.526] [OBJECT CREATION]: Objects created since last delta (5000ms): 1
[21-39-17.530] [THREAD STARTED]: Splash Loading Label Updater
[21-39-20.755] [THREAD STARTED]: Console Printing Animation
[21-39-20.769] [CONSOLE OUT]: [STRING]: Console loaded in 50s 191ms
[21-39-20.797] [USER GET]: key = debugwindows, value = 0
[21-39-20.800] [CONSOLE LOADED]: [Nathan] [TESTING MODE]
[21-39-20.802] [THREAD STARTED]: Manual Tests Thread
[21-39-20.802] [USER GET]: key = laststart, value = 1661395084881
[21-39-20.803] [USER GET]: key = intromusic, value = 0
[21-39-24.504] [USER GET]: key = fullscreen, value = 0
[21-39-29.620] [THREAD STARTED]: Liminal Cyder [Nathan] Opacity Decrement Animator
[21-39-30.146] [USER GET]: key = screenstat, value = ScreenStat{consoleX=1341, consoleY=399, consoleWidth=958,
               consoleHeight=654, monitor=0, consoleOnTop=false, consoleDirection=RIGHT}
[21-39-30.182] [SYSTEM IO]: [JSON WRITE] [Levenshtein = 13] User was written to file: 7d7ebb00-81fe-329f-8a78-62f463d0b7
               da\Userdata.json
[21-39-30.195] [USER GET]: key = name, value = Nathan
[21-39-30.196] [USER GET]: key = foreground, value = f0f0f0
[21-39-30.196] [USER GET]: key = Font, value = Agency FB
[21-39-30.197] [USER GET]: key = background, value = 0f0f0f
[21-39-30.197] [USER GET]: key = mappedexecutable, value = []
[21-39-30.198] [USER GET]: key = screenstat, value = ScreenStat{consoleX=1390, consoleY=330, consoleWidth=978,
               consoleHeight=643, monitor=0, consoleOnTop=false, consoleDirection=RIGHT}
[21-39-30.198] [USER GET]: key = loggedin, value = 1
[21-39-30.199] [USER GET]: key = persistentnotifications, value = 0
[21-39-30.199] [USER GET]: key = randombackground, value = 0
[21-39-30.200] [USER GET]: key = pass, value = 1b0a051deaadc2e793bfe185cd81a74b9c56f75bd713f28507d1abd99332a28
[21-39-30.200] [USER GET]: key = debugwindows, value = 0
[21-39-30.201] [USER GET]: key = intromusic, value = 0
[21-39-30.202] [USER GET]: key = outputborder, value = 0
[21-39-30.203] [USER GET]: key = fontsize, value = 27
[21-39-30.203] [USER GET]: key = wrapshell, value = 0
[21-39-30.204] [USER GET]: key = darkmode, value = 0
[21-39-30.205] [USER GET]: key = minimizeonclose, value = 0
[21-39-30.205] [USER GET]: key = laststart, value = 1661395160803
[21-39-30.207] [USER GET]: key = youtubeuuid, value = aaaaaaaaaiI
[21-39-30.207] [USER GET]: key = outputfill, value = 0
[21-39-30.208] [USER GET]: key = inputborder, value = 0
[21-39-30.208] [USER GET]: key = doanimations, value = 1
[21-39-30.209] [USER GET]: key = filterchat, value = 1
[21-39-30.209] [USER GET]: key = compacttextmode, value = 0
[21-39-30.210] [USER GET]: key = silenceerrors, value = 1
[21-39-30.210] [USER GET]: key = inputfill, value = 0
[21-39-30.211] [USER GET]: key = hourlychimes, value = 1
[21-39-30.211] [USER GET]: key = fullscreen, value = 0
[21-39-30.212] [USER GET]: key = mappedexecutable, value = []
[21-39-30.212] [USER GET]: key = screenstat, value = ScreenStat{consoleX=1390, consoleY=330, consoleWidth=978,
               consoleHeight=643, monitor=0, consoleOnTop=false, consoleDirection=RIGHT}
[21-39-30.226] [SYSTEM IO]: Requested deletion of: C:\Users\Nathan\Documents\IntelliJava\Cyder\dynamic\backup\7d7ebb00
               -81fe-329f-8a78-62f463d0b7da_1661395101168.json
[21-39-30.228] [THREAD STARTED]: Liminal Cyder [Nathan] Opacity Increment Animator
[21-39-30.951] [USER GET]: key = minimizeonclose, value = 0
[21-39-30.952] [USER GET]: key = screenstat, value = ScreenStat{consoleX=1390, consoleY=330, consoleWidth=978,
               consoleHeight=643, monitor=0, consoleOnTop=false, consoleDirection=RIGHT}
[21-39-30.957] [USER GET]: key = fullscreen, value = 0
[21-39-30.958] [THREAD STARTED]: [Liminal Cyder [Nathan]] dispose() animation thread
[21-39-30.959] [UI]: CyderFrame disposed with fastclose=false, getTitle=Liminal Cyder [Nathan]
[21-39-30.960] [USER GET]: key = doanimations, value = 1
[21-39-31.245] [EXIT]: [RUNTIME] 1m 529ms
[21-39-31.247] [EOL]: Log completed, exiting Cyder with exit code: 0 [Genesis Controlled Exit], no exceptions thrown,
               total objects created: 124
