          _____                _____                    _____                    _____                    _____
         /\    \              |\    \                  /\    \                  /\    \                  /\    \
        /::\    \             |:\____\                /::\    \                /::\    \                /::\    \
       /::::\    \            |::|   |               /::::\    \              /::::\    \              /::::\    \
      /::::::\    \           |::|   |              /::::::\    \            /::::::\    \            /::::::\    \
     /:::/\:::\    \          |::|   |             /:::/\:::\    \          /:::/\:::\    \          /:::/\:::\    \
    /:::/  \:::\    \         |::|   |            /:::/  \:::\    \        /:::/__\:::\    \        /:::/__\:::\    \
   /:::/    \:::\    \        |::|   |           /:::/    \:::\    \      /::::\   \:::\    \      /::::\   \:::\    \
  /:::/    / \:::\    \       |::|___|______    /:::/    / \:::\    \    /::::::\   \:::\    \    /::::::\   \:::\    \
 /:::/    /   \:::\    \      /::::::::\    \  /:::/    /   \:::\ ___\  /:::/\:::\   \:::\    \  /:::/\:::\   \:::\____\
/:::/____/     \:::\____\    /::::::::::\____\/:::/____/     \:::|    |/:::/__\:::\   \:::\____\/:::/  \:::\   \:::|    |
\:::\    \      \::/    /   /:::/~~~~/~~      \:::\    \     /:::|____|\:::\   \:::\   \::/    /\::/   |::::\  /:::|____|
 \:::\    \      \/____/   /:::/    /          \:::\    \   /:::/    /  \:::\   \:::\   \/____/  \/____|:::::\/:::/    /
  \:::\    \              /:::/    /            \:::\    \ /:::/    /    \:::\   \:::\    \            |:::::::::/    /
   \:::\    \            /:::/    /              \:::\    /:::/    /      \:::\   \:::\____\           |::|\::::/    /
    \:::\    \           \::/    /                \:::\  /:::/    /        \:::\   \::/    /           |::| \::/____/
     \:::\    \           \/____/                  \:::\/:::/    /          \:::\   \/____/            |::|  ~|
      \:::\    \                                    \::::::/    /            \:::\    \                |::|   |
       \:::\____\                                    \::::/    /              \:::\____\               \::|   |
        \::/    /                                     \::/____/                \::/    /                \:|   |
         \/____/                                       ~~                       \/____/                  \|___|


[21-37-07.307] [ENTRY]: Nathan
[21-37-07.233] [DEBUG]: Loaded 131 static resources
[21-37-07.255] [DEBUG]: Loaded 16 static folders
[21-37-07.274] [DEBUG]: Found prop file: props\propkeys.ini
[21-37-07.275] [DEBUG]: Found prop file: props\props.ini
[21-37-07.293] [PROP LOADED]: [key = map_quest_api_key]
[21-37-07.293] [PROP LOADED]: [key = youtube_api_3_key]
[21-37-07.293] [PROP LOADED]: [key = ip_key]
[21-37-07.293] [PROP LOADED]: [key = weather_key]
[21-37-07.293] [PROP LOADED]: [key = debug_hash_name, value = Nathan]
[21-37-07.293] [PROP LOADED]: [key = debug_hash_password, value = 571b100a3b69f7b09828c0b61d325b15e52c512c14fdcf6d248f7c
               a733d0a7f6]
[21-37-07.295] [PROP LOADED]: [key = default_weather_location, value = Austin,Tx,USA]
[21-37-07.295] [PROP LOADED]: [key = ignore_data, value = typinganimation,showseconds,roundedwindows,windowcolor
               ,audiolength,capsmode,typingsound,showbusyicon,clockonconsole,consoleclockformat]
[21-37-07.295] [PROP LOADED]: [key = font_metric, value = 1]
[21-37-07.295] [PROP LOADED]: [key = max_font_size, value = 50]
[21-37-07.295] [PROP LOADED]: [key = min_font_size, value = 25]
[21-37-07.295] [PROP LOADED]: [key = released, value = false]
[21-37-07.295] [PROP LOADED]: [key = version, value = Liminal]
[21-37-07.296] [PROP LOADED]: [key = release_date, value = 22.7.4]
[21-37-07.296] [PROP LOADED]: [key = components_relocatable, value = false]
[21-37-07.296] [PROP LOADED]: [key = testing_mode, value = true]
[21-37-07.296] [PROP LOADED]: [key = autocypher, value = true]
[21-37-07.296] [PROP LOADED]: [key = dispose_splash, value = true]
[21-37-07.296] [PROP LOADED]: [key = wipe_logs_on_start, value = false]
[21-37-07.296] [PROP LOADED]: [key = activate_watchdog, value = false]
[21-37-07.296] [PROP LOADED]: [key = ffmpeg_audio_output_format, value = mp3]
[21-37-07.296] [PROP LOADED]: [key = printing_animation_char_timeout, value = 8]
[21-37-07.296] [PROP LOADED]: [key = printing_animation_line_timeout, value = 100]
[21-37-07.296] [PROP LOADED]: [key = ui_scale, value = 1]
[21-37-07.296] [PROP LOADED]: [key = auto_trigger_similar_commands, value = true]
[21-37-07.297] [PROP LOADED]: [key = auto_trigger_similar_command_tolerance, value = 0.95]
[21-37-07.297] [PROP LOADED]: [key = latency_ip, value = 172.217.4.78]
[21-37-07.297] [PROP LOADED]: [key = latency_port, value = 80]
[21-37-07.297] [PROP LOADED]: [key = latency_name, value = Google]
[21-37-07.297] [PROP LOADED]: [key = props_reloadable, value = false]
[21-37-07.303] [DEBUG]: Jar mode set as: FALSE
[21-37-07.365] [THREAD STARTED]: Object Creation Logger
[21-37-07.862] [DEBUG]: Watchdog skipped
[21-37-07.866] [LOADING MESSAGE]: Registering fonts
[21-37-08.269] [FONT LOADED]: agency-fb
[21-37-08.272] [FONT LOADED]: arial-black
[21-37-08.273] [FONT LOADED]: beyno
[21-37-08.275] [FONT LOADED]: condiment-regular
[21-37-08.277] [FONT LOADED]: prompt-bold
[21-37-08.278] [FONT LOADED]: segoe-ui-black
[21-37-08.279] [FONT LOADED]: tahoma
[21-37-08.280] [LOADING MESSAGE]: Ensuring singular instance
[21-37-08.282] [THREAD STARTED]: Singular Cyder Instance Ensurer
[21-37-08.284] [DEBUG]: Starting instance socket on port 5150
[21-37-08.789] [LOADING MESSAGE]: Ensuring OS is supported
[21-37-08.790] [LOADING MESSAGE]: Creating dynamics
[21-37-08.791] [SYSTEM IO]: Requested deletion of: C:\Users\Nathan\Documents\IntelliJava\Cyder\dynamic\tmp
[21-37-08.810] [LOADING MESSAGE]: Validating users
[21-37-08.908] [USER GET]: key = name, value = Nathan
[21-37-08.909] [USER GET]: key = foreground, value = f0f0f0
[21-37-08.909] [USER GET]: key = Font, value = Agency FB
[21-37-08.910] [USER GET]: key = background, value = 0f0f0f
[21-37-08.925] [USER GET]: key = screenstat, value = ScreenStat{consoleX=1359, consoleY=384, consoleWidth=856,
               consoleHeight=611, monitor=0, consoleOnTop=false, consoleDirection=RIGHT}
[21-37-08.938] [USER GET]: key = mappedexecutable, value = []
[21-37-08.939] [USER GET]: key = loggedin, value = 0
[21-37-08.939] [USER GET]: key = persistentnotifications, value = 0
[21-37-08.940] [USER GET]: key = randombackground, value = 0
[21-37-08.940] [USER GET]: key = pass, value = 1b0a051deaadc2e793bfe185cd81a74b9c56f75bd713f28507d1abd99332a28
[21-37-08.941] [USER GET]: key = debugwindows, value = 0
[21-37-08.941] [USER GET]: key = inputborder, value = 0
[21-37-08.941] [USER GET]: key = filterchat, value = 1
[21-37-08.942] [USER GET]: key = youtubeuuid, value = aaaaaaaaaiI
[21-37-08.942] [USER GET]: key = hourlychimes, value = 1
[21-37-08.942] [USER GET]: key = silenceerrors, value = 1
[21-37-08.943] [USER GET]: key = inputfill, value = 0
[21-37-08.943] [USER GET]: key = intromusic, value = 0
[21-37-08.944] [USER GET]: key = doanimations, value = 1
[21-37-08.944] [USER GET]: key = outputfill, value = 0
[21-37-08.944] [USER GET]: key = darkmode, value = 0
[21-37-08.945] [USER GET]: key = wrapshell, value = 0
[21-37-08.945] [USER GET]: key = minimizeonclose, value = 0
[21-37-08.946] [USER GET]: key = fontsize, value = 27
[21-37-08.946] [USER GET]: key = outputborder, value = 0
[21-37-08.946] [USER GET]: key = fullscreen, value = 0
[21-37-08.947] [USER GET]: key = compacttextmode, value = 0
[21-37-08.947] [USER GET]: key = laststart, value = 1661394764731
[21-37-08.949] [USER GET]: key = mappedexecutable, value = []
[21-37-08.949] [USER GET]: key = screenstat, value = ScreenStat{consoleX=1359, consoleY=384, consoleWidth=856,
               consoleHeight=611, monitor=0, consoleOnTop=false, consoleDirection=RIGHT}
[21-37-08.958] [USER GET]: key = name, value = Nathan
[21-37-08.958] [LOADING MESSAGE]: Cleaning users
[21-37-08.960] [LOADING MESSAGE]: Validating props
[21-37-09.068] [LOADING MESSAGE]: Validating Widgets
[21-37-09.419] [LOADING MESSAGE]: Validating Tests
[21-37-09.424] [LOADING MESSAGE]: Validating Vanilla annotations
[21-37-09.432] [LOADING MESSAGE]: Validating Handles
[21-37-09.445] [THREAD STARTED]: Splash Loader
[21-37-09.447] [THREAD STARTED]: Sufficient Subroutine Executor
[21-37-09.448] [LOADING MESSAGE]: Logging JVM args
[21-37-09.449] [THREAD STARTED]: JVM Args Logger
[21-37-09.455] [DEBUG]: Set latency ip as 172.217.4.78
[21-37-09.457] [DEBUG]: Set latency port as 80
[21-37-09.458] [DEBUG]: Set latency host name as Google
[21-37-09.465] [LOADING MESSAGE]: Checking for an AutoCypher
[21-37-09.466] [LOGIN]: AutoCypher Attempt
[21-37-09.466] [LOADING MESSAGE]: Auto Cyphering
[21-37-09.471] [USER GET]: key = name, value = Nathan [2x]
[21-37-09.505] [USER GET]: key = pass, value = 1b0a051deaadc2e793bfe185cd81a74b9c56f75bd713f28507d1abd99332a28
[21-37-09.647] [USER GET]: key = darkmode, value = 0 [2x]
[21-37-09.701] [THREAD STARTED]: Splash Animation
[21-37-09.887] [UNIQUE OBJECT CREATED]: Console singleton constructed
[21-37-09.889] [USER GET]: key = name, value = Nathan
[21-37-10.026] [DEBUG]: Cyder Entry = AutoCypher
[21-37-10.027] [THREAD STARTED]: High Ping Checker
[21-37-10.096] [DEBUG]: Latency of Google found to be 59ms
[21-37-10.344] [USER GET]: key = name, value = Nathan
[21-37-10.345] [USER GET]: key = randombackground, value = 0
[21-37-10.346] [USER GET]: key = fullscreen, value = 0
[21-37-10.370] [OBJECT CREATION]: Objects created since last delta (5000ms): 88
[21-37-10.445] [USER GET]: key = fullscreen, value = 0 [2x]
[21-37-10.445] [USER GET]: key = name, value = Nathan
[21-37-10.506] [USER GET]: key = foreground, value = f0f0f0 [3x]
[21-37-10.508] [USER GET]: key = Font, value = Agency FB
[21-37-10.508] [USER GET]: key = fontsize, value = 27
[21-37-10.523] [USER GET]: key = outputborder, value = 0
[21-37-10.524] [USER GET]: key = outputfill, value = 0
[21-37-10.542] [USER GET]: key = inputborder, value = 0
[21-37-10.545] [USER GET]: key = foreground, value = f0f0f0 [3x]
[21-37-10.546] [USER GET]: key = Font, value = Agency FB
[21-37-10.546] [USER GET]: key = fontsize, value = 27
[21-37-10.547] [USER GET]: key = inputfill, value = 0
[21-37-10.553] [USER GET]: key = screenstat, value = ScreenStat{consoleX=1359, consoleY=384, consoleWidth=856,
               consoleHeight=611, monitor=0, consoleOnTop=false, consoleDirection=RIGHT}
[21-37-10.674] [THREAD STARTED]: Hourly Chime Checker
[21-37-10.676] [THREAD STARTED]: Console Clock Updater
[21-37-10.678] [THREAD STARTED]: Cyder Busy Checker
[21-37-10.681] [THREAD STARTED]: [Cyder Splash] dispose() animation thread
[21-37-10.682] [USER GET]: key = fullscreen, value = 0
[21-37-10.683] [USER GET]: key = screenstat, value = ScreenStat{consoleX=1359, consoleY=384, consoleWidth=856,
               consoleHeight=611, monitor=0, consoleOnTop=false, consoleDirection=RIGHT}
[21-37-10.692] [UI]: CyderFrame disposed with fastclose=true, getTitle=Cyder Splash
[21-37-10.886] [USER GET]: key = fullscreen, value = 0
[21-37-10.919] [THREAD STARTED]: Console Printing Animation
[21-37-10.922] [CONSOLE OUT]: [STRING]: Console loaded in 3s 824ms
[21-37-10.965] [USER GET]: key = debugwindows, value = 0
[21-37-10.966] [CONSOLE LOADED]: [Nathan] [TESTING MODE]
[21-37-10.967] [THREAD STARTED]: Manual Tests Thread
[21-37-10.967] [USER GET]: key = laststart, value = 1661394764731
[21-37-10.968] [USER GET]: key = intromusic, value = 0
[21-37-12.056] [THREAD STARTED]: Splash Loading Label Updater
[21-37-15.371] [OBJECT CREATION]: Objects created since last delta (5000ms): 36
[21-37-24.584] [USER GET]: key = fullscreen, value = 0
[21-37-27.319] [THREAD STARTED]: Liminal Cyder [Nathan] Opacity Decrement Animator
[21-37-27.550] [USER GET]: key = screenstat, value = ScreenStat{consoleX=1359, consoleY=384, consoleWidth=856,
               consoleHeight=611, monitor=0, consoleOnTop=false, consoleDirection=RIGHT}
[21-37-27.612] [SYSTEM IO]: [JSON WRITE] [Levenshtein = 21] User was written to file: 7d7ebb00-81fe-329f-8a78-62f463d0b7
               da\Userdata.json
[21-37-27.620] [USER GET]: key = name, value = Nathan
[21-37-27.622] [USER GET]: key = foreground, value = f0f0f0
[21-37-27.624] [USER GET]: key = Font, value = Agency FB
[21-37-27.625] [USER GET]: key = background, value = 0f0f0f
[21-37-27.626] [USER GET]: key = screenstat, value = ScreenStat{consoleX=1227, consoleY=306, consoleWidth=1308,
               consoleHeight=1000, monitor=0, consoleOnTop=false, consoleDirection=RIGHT}
[21-37-27.627] [USER GET]: key = mappedexecutable, value = []
[21-37-27.627] [USER GET]: key = loggedin, value = 1
[21-37-27.628] [USER GET]: key = persistentnotifications, value = 0
[21-37-27.628] [USER GET]: key = randombackground, value = 0
[21-37-27.629] [USER GET]: key = pass, value = 1b0a051deaadc2e793bfe185cd81a74b9c56f75bd713f28507d1abd99332a28
[21-37-27.629] [USER GET]: key = debugwindows, value = 0
[21-37-27.630] [USER GET]: key = inputborder, value = 0
[21-37-27.630] [USER GET]: key = filterchat, value = 1
[21-37-27.631] [USER GET]: key = youtubeuuid, value = aaaaaaaaaiI
[21-37-27.631] [USER GET]: key = hourlychimes, value = 1
[21-37-27.632] [USER GET]: key = silenceerrors, value = 1
[21-37-27.632] [USER GET]: key = inputfill, value = 0
[21-37-27.632] [USER GET]: key = intromusic, value = 0
[21-37-27.633] [USER GET]: key = doanimations, value = 1
[21-37-27.633] [USER GET]: key = outputfill, value = 0
[21-37-27.633] [USER GET]: key = darkmode, value = 0
[21-37-27.634] [USER GET]: key = wrapshell, value = 0
[21-37-27.634] [USER GET]: key = minimizeonclose, value = 0
[21-37-27.635] [USER GET]: key = fontsize, value = 27
[21-37-27.636] [USER GET]: key = outputborder, value = 0
[21-37-27.638] [USER GET]: key = fullscreen, value = 0
[21-37-27.639] [USER GET]: key = compacttextmode, value = 0
[21-37-27.641] [USER GET]: key = laststart, value = 1661395030968
[21-37-27.641] [USER GET]: key = mappedexecutable, value = []
[21-37-27.642] [USER GET]: key = screenstat, value = ScreenStat{consoleX=1227, consoleY=306, consoleWidth=1308,
               consoleHeight=1000, monitor=0, consoleOnTop=false, consoleDirection=RIGHT}
[21-37-27.649] [SYSTEM IO]: Requested deletion of: C:\Users\Nathan\Documents\IntelliJava\Cyder\dynamic\backup\7d7ebb00
               -81fe-329f-8a78-62f463d0b7da_1661394837851.json
[21-37-27.650] [THREAD STARTED]: Liminal Cyder [Nathan] Opacity Increment Animator
[21-37-30.399] [OBJECT CREATION]: Objects created since last delta (5000ms): 3
[21-37-32.100] [THREAD STARTED]: Liminal Cyder [Nathan] Opacity Decrement Animator
[21-37-32.571] [USER GET]: key = screenstat, value = ScreenStat{consoleX=1227, consoleY=306, consoleWidth=1308,
               consoleHeight=1000, monitor=0, consoleOnTop=false, consoleDirection=RIGHT}
[21-37-32.588] [SYSTEM IO]: [JSON WRITE] [Levenshtein = 12] User was written to file: 7d7ebb00-81fe-329f-8a78-62f463d0b7
               da\Userdata.json
[21-37-32.596] [USER GET]: key = name, value = Nathan
[21-37-32.596] [USER GET]: key = foreground, value = f0f0f0
[21-37-32.597] [USER GET]: key = Font, value = Agency FB
[21-37-32.597] [USER GET]: key = background, value = 0f0f0f
[21-37-32.598] [USER GET]: key = screenstat, value = ScreenStat{consoleX=1361, consoleY=465, consoleWidth=1004,
               consoleHeight=685, monitor=0, consoleOnTop=false, consoleDirection=RIGHT}
[21-37-32.598] [USER GET]: key = mappedexecutable, value = []
[21-37-32.599] [USER GET]: key = loggedin, value = 1
[21-37-32.600] [USER GET]: key = persistentnotifications, value = 0
[21-37-32.600] [USER GET]: key = randombackground, value = 0
[21-37-32.600] [USER GET]: key = pass, value = 1b0a051deaadc2e793bfe185cd81a74b9c56f75bd713f28507d1abd99332a28
[21-37-32.601] [USER GET]: key = debugwindows, value = 0
[21-37-32.601] [USER GET]: key = inputborder, value = 0
[21-37-32.602] [USER GET]: key = filterchat, value = 1
[21-37-32.602] [USER GET]: key = youtubeuuid, value = aaaaaaaaaiI
[21-37-32.602] [USER GET]: key = hourlychimes, value = 1
[21-37-32.603] [USER GET]: key = silenceerrors, value = 1
[21-37-32.603] [USER GET]: key = inputfill, value = 0
[21-37-32.604] [USER GET]: key = intromusic, value = 0
[21-37-32.604] [USER GET]: key = doanimations, value = 1
[21-37-32.605] [USER GET]: key = outputfill, value = 0
[21-37-32.605] [USER GET]: key = darkmode, value = 0
[21-37-32.607] [USER GET]: key = wrapshell, value = 0
[21-37-32.607] [USER GET]: key = minimizeonclose, value = 0
[21-37-32.608] [USER GET]: key = fontsize, value = 27
[21-37-32.608] [USER GET]: key = outputborder, value = 0
[21-37-32.609] [USER GET]: key = fullscreen, value = 0
[21-37-32.609] [USER GET]: key = compacttextmode, value = 0
[21-37-32.609] [USER GET]: key = laststart, value = 1661395030968
[21-37-32.610] [USER GET]: key = mappedexecutable, value = []
[21-37-32.610] [USER GET]: key = screenstat, value = ScreenStat{consoleX=1361, consoleY=465, consoleWidth=1004,
               consoleHeight=685, monitor=0, consoleOnTop=false, consoleDirection=RIGHT}
[21-37-32.614] [SYSTEM IO]: Requested deletion of: C:\Users\Nathan\Documents\IntelliJava\Cyder\dynamic\backup\7d7ebb00
               -81fe-329f-8a78-62f463d0b7da_1661395047644.json
[21-37-32.615] [THREAD STARTED]: Liminal Cyder [Nathan] Opacity Increment Animator
[21-37-33.995] [USER GET]: key = minimizeonclose, value = 0
[21-37-33.995] [USER GET]: key = screenstat, value = ScreenStat{consoleX=1361, consoleY=465, consoleWidth=1004,
               consoleHeight=685, monitor=0, consoleOnTop=false, consoleDirection=RIGHT}
[21-37-34.002] [USER GET]: key = fullscreen, value = 0
[21-37-34.003] [THREAD STARTED]: [Liminal Cyder [Nathan]] dispose() animation thread
[21-37-34.004] [UI]: CyderFrame disposed with fastclose=false, getTitle=Liminal Cyder [Nathan]
[21-37-34.005] [USER GET]: key = doanimations, value = 1
[21-37-34.181] [DEBUG]: Latency of Google found to be 55ms
[21-37-34.244] [EXIT]: [RUNTIME] 27s 55ms
[21-37-34.247] [EOL]: Log completed, exiting Cyder with exit code: 0 [Genesis Controlled Exit], no exceptions thrown,
               total objects created: 127
