          _____                _____                    _____                    _____                    _____
         /\    \              |\    \                  /\    \                  /\    \                  /\    \
        /::\    \             |:\____\                /::\    \                /::\    \                /::\    \
       /::::\    \            |::|   |               /::::\    \              /::::\    \              /::::\    \
      /::::::\    \           |::|   |              /::::::\    \            /::::::\    \            /::::::\    \
     /:::/\:::\    \          |::|   |             /:::/\:::\    \          /:::/\:::\    \          /:::/\:::\    \
    /:::/  \:::\    \         |::|   |            /:::/  \:::\    \        /:::/__\:::\    \        /:::/__\:::\    \
   /:::/    \:::\    \        |::|   |           /:::/    \:::\    \      /::::\   \:::\    \      /::::\   \:::\    \
  /:::/    / \:::\    \       |::|___|______    /:::/    / \:::\    \    /::::::\   \:::\    \    /::::::\   \:::\    \
 /:::/    /   \:::\    \      /::::::::\    \  /:::/    /   \:::\ ___\  /:::/\:::\   \:::\    \  /:::/\:::\   \:::\____\
/:::/____/     \:::\____\    /::::::::::\____\/:::/____/     \:::|    |/:::/__\:::\   \:::\____\/:::/  \:::\   \:::|    |
\:::\    \      \::/    /   /:::/~~~~/~~      \:::\    \     /:::|____|\:::\   \:::\   \::/    /\::/   |::::\  /:::|____|
 \:::\    \      \/____/   /:::/    /          \:::\    \   /:::/    /  \:::\   \:::\   \/____/  \/____|:::::\/:::/    /
  \:::\    \              /:::/    /            \:::\    \ /:::/    /    \:::\   \:::\    \            |:::::::::/    /
   \:::\    \            /:::/    /              \:::\    /:::/    /      \:::\   \:::\____\           |::|\::::/    /
    \:::\    \           \::/    /                \:::\  /:::/    /        \:::\   \::/    /           |::| \::/____/
     \:::\    \           \/____/                  \:::\/:::/    /          \:::\   \/____/            |::|  ~|
      \:::\    \                                    \::::::/    /            \:::\    \                |::|   |
       \:::\____\                                    \::::/    /              \:::\____\               \::|   |
        \::/    /                                     \::/____/                \::/    /                \:|   |
         \/____/                                       ~~                       \/____/                  \|___|


[21-38-00.587] [ENTRY]: Nathan
[21-38-00.530] [DEBUG]: Loaded 131 static resources
[21-38-00.549] [DEBUG]: Loaded 16 static folders
[21-38-00.561] [DEBUG]: Found prop file: props\propkeys.ini
[21-38-00.561] [DEBUG]: Found prop file: props\props.ini
[21-38-00.575] [PROP LOADED]: [key = map_quest_api_key]
[21-38-00.575] [PROP LOADED]: [key = youtube_api_3_key]
[21-38-00.576] [PROP LOADED]: [key = ip_key]
[21-38-00.576] [PROP LOADED]: [key = weather_key]
[21-38-00.576] [PROP LOADED]: [key = debug_hash_name, value = Nathan]
[21-38-00.576] [PROP LOADED]: [key = debug_hash_password, value = 571b100a3b69f7b09828c0b61d325b15e52c512c14fdcf6d248f7c
               a733d0a7f6]
[21-38-00.577] [PROP LOADED]: [key = default_weather_location, value = Austin,Tx,USA]
[21-38-00.577] [PROP LOADED]: [key = ignore_data, value = typinganimation,showseconds,roundedwindows,windowcolor
               ,audiolength,capsmode,typingsound,showbusyicon,clockonconsole,consoleclockformat]
[21-38-00.577] [PROP LOADED]: [key = font_metric, value = 1]
[21-38-00.577] [PROP LOADED]: [key = max_font_size, value = 50]
[21-38-00.577] [PROP LOADED]: [key = min_font_size, value = 25]
[21-38-00.578] [PROP LOADED]: [key = released, value = false]
[21-38-00.578] [PROP LOADED]: [key = version, value = Liminal]
[21-38-00.578] [PROP LOADED]: [key = release_date, value = 22.7.4]
[21-38-00.578] [PROP LOADED]: [key = components_relocatable, value = false]
[21-38-00.578] [PROP LOADED]: [key = testing_mode, value = true]
[21-38-00.578] [PROP LOADED]: [key = autocypher, value = true]
[21-38-00.578] [PROP LOADED]: [key = dispose_splash, value = true]
[21-38-00.578] [PROP LOADED]: [key = wipe_logs_on_start, value = false]
[21-38-00.578] [PROP LOADED]: [key = activate_watchdog, value = false]
[21-38-00.578] [PROP LOADED]: [key = ffmpeg_audio_output_format, value = mp3]
[21-38-00.578] [PROP LOADED]: [key = printing_animation_char_timeout, value = 8]
[21-38-00.578] [PROP LOADED]: [key = printing_animation_line_timeout, value = 100]
[21-38-00.578] [PROP LOADED]: [key = ui_scale, value = 1]
[21-38-00.578] [PROP LOADED]: [key = auto_trigger_similar_commands, value = true]
[21-38-00.578] [PROP LOADED]: [key = auto_trigger_similar_command_tolerance, value = 0.95]
[21-38-00.578] [PROP LOADED]: [key = latency_ip, value = 172.217.4.78]
[21-38-00.578] [PROP LOADED]: [key = latency_port, value = 80]
[21-38-00.579] [PROP LOADED]: [key = latency_name, value = Google]
[21-38-00.579] [PROP LOADED]: [key = props_reloadable, value = false]
[21-38-00.585] [DEBUG]: Jar mode set as: FALSE
[21-38-00.635] [THREAD STARTED]: Object Creation Logger
[21-38-01.195] [DEBUG]: Watchdog skipped
[21-38-01.201] [LOADING MESSAGE]: Registering fonts
[21-38-01.602] [FONT LOADED]: agency-fb
[21-38-01.604] [FONT LOADED]: arial-black
[21-38-01.605] [FONT LOADED]: beyno
[21-38-01.607] [FONT LOADED]: condiment-regular
[21-38-01.608] [FONT LOADED]: prompt-bold
[21-38-01.609] [FONT LOADED]: segoe-ui-black
[21-38-01.611] [FONT LOADED]: tahoma
[21-38-01.612] [LOADING MESSAGE]: Ensuring singular instance
[21-38-01.615] [THREAD STARTED]: Singular Cyder Instance Ensurer
[21-38-01.617] [DEBUG]: Starting instance socket on port 5150
[21-38-02.132] [LOADING MESSAGE]: Ensuring OS is supported
[21-38-02.135] [LOADING MESSAGE]: Creating dynamics
[21-38-02.136] [SYSTEM IO]: Requested deletion of: C:\Users\Nathan\Documents\IntelliJava\Cyder\dynamic\tmp
[21-38-02.152] [LOADING MESSAGE]: Validating users
[21-38-02.266] [USER GET]: key = name, value = Nathan
[21-38-02.266] [USER GET]: key = foreground, value = f0f0f0
[21-38-02.267] [USER GET]: key = Font, value = Agency FB
[21-38-02.267] [USER GET]: key = background, value = 0f0f0f
[21-38-02.268] [USER GET]: key = mappedexecutable, value = []
[21-38-02.282] [USER GET]: key = loggedin, value = 1
[21-38-02.293] [USER GET]: key = screenstat, value = ScreenStat{consoleX=1088, consoleY=242, consoleWidth=1308,
               consoleHeight=1000, monitor=0, consoleOnTop=false, consoleDirection=RIGHT}
[21-38-02.294] [USER GET]: key = inputfill, value = 0
[21-38-02.294] [USER GET]: key = pass, value = 1b0a051deaadc2e793bfe185cd81a74b9c56f75bd713f28507d1abd99332a28
[21-38-02.295] [USER GET]: key = laststart, value = 1661395064205
[21-38-02.295] [USER GET]: key = debugwindows, value = 0
[21-38-02.296] [USER GET]: key = hourlychimes, value = 1
[21-38-02.296] [USER GET]: key = intromusic, value = 0
[21-38-02.297] [USER GET]: key = fontsize, value = 27
[21-38-02.298] [USER GET]: key = outputborder, value = 0
[21-38-02.298] [USER GET]: key = inputborder, value = 0
[21-38-02.299] [USER GET]: key = silenceerrors, value = 1
[21-38-02.300] [USER GET]: key = fullscreen, value = 0
[21-38-02.300] [USER GET]: key = outputfill, value = 0
[21-38-02.301] [USER GET]: key = filterchat, value = 1
[21-38-02.302] [USER GET]: key = minimizeonclose, value = 0
[21-38-02.302] [USER GET]: key = youtubeuuid, value = aaaaaaaaaiI
[21-38-02.303] [USER GET]: key = compacttextmode, value = 0
[21-38-02.303] [USER GET]: key = darkmode, value = 0
[21-38-02.304] [USER GET]: key = wrapshell, value = 0
[21-38-02.304] [USER GET]: key = doanimations, value = 1
[21-38-02.305] [USER GET]: key = randombackground, value = 0
[21-38-02.305] [USER GET]: key = persistentnotifications, value = 0
[21-38-02.308] [USER GET]: key = mappedexecutable, value = []
[21-38-02.308] [USER GET]: key = screenstat, value = ScreenStat{consoleX=1088, consoleY=242, consoleWidth=1308,
               consoleHeight=1000, monitor=0, consoleOnTop=false, consoleDirection=RIGHT}
[21-38-02.319] [USER GET]: key = name, value = Nathan
[21-38-02.320] [LOADING MESSAGE]: Cleaning users
[21-38-02.323] [LOADING MESSAGE]: Validating props
[21-38-02.456] [LOADING MESSAGE]: Validating Widgets
[21-38-02.782] [LOADING MESSAGE]: Validating Tests
[21-38-02.787] [LOADING MESSAGE]: Validating Vanilla annotations
[21-38-02.796] [LOADING MESSAGE]: Validating Handles
[21-38-02.811] [THREAD STARTED]: Splash Loader
[21-38-02.813] [THREAD STARTED]: Sufficient Subroutine Executor
[21-38-02.817] [LOADING MESSAGE]: Logging JVM args
[21-38-02.820] [THREAD STARTED]: JVM Args Logger
[21-38-02.827] [DEBUG]: Set latency ip as 172.217.4.78
[21-38-02.828] [DEBUG]: Set latency port as 80
[21-38-02.829] [DEBUG]: Set latency host name as Google
[21-38-02.835] [LOADING MESSAGE]: Checking for an AutoCypher
[21-38-02.836] [LOGIN]: AutoCypher Attempt
[21-38-02.837] [LOADING MESSAGE]: Auto Cyphering
[21-38-02.842] [USER GET]: key = name, value = Nathan [2x]
[21-38-02.888] [USER GET]: key = pass, value = 1b0a051deaadc2e793bfe185cd81a74b9c56f75bd713f28507d1abd99332a28
[21-38-03.074] [USER GET]: key = darkmode, value = 0 [2x]
[21-38-03.143] [THREAD STARTED]: Splash Animation
[21-38-03.390] [UNIQUE OBJECT CREATED]: Console singleton constructed
[21-38-03.395] [USER GET]: key = name, value = Nathan
[21-38-03.643] [DEBUG]: Cyder Entry = AutoCypher
[21-38-03.645] [THREAD STARTED]: High Ping Checker
[21-38-03.650] [OBJECT CREATION]: Objects created since last delta (5000ms): 86
[21-38-03.772] [DEBUG]: Latency of Google found to be 124ms
[21-38-04.075] [USER GET]: key = name, value = Nathan
[21-38-04.076] [USER GET]: key = randombackground, value = 0
[21-38-04.229] [USER GET]: key = fullscreen, value = 0 [3x]
[21-38-04.230] [USER GET]: key = name, value = Nathan
[21-38-04.329] [USER GET]: key = foreground, value = f0f0f0 [3x]
[21-38-04.330] [USER GET]: key = Font, value = Agency FB
[21-38-04.331] [USER GET]: key = fontsize, value = 27
[21-38-04.348] [USER GET]: key = outputborder, value = 0
[21-38-04.349] [USER GET]: key = outputfill, value = 0
[21-38-04.370] [USER GET]: key = inputborder, value = 0
[21-38-04.373] [USER GET]: key = foreground, value = f0f0f0 [3x]
[21-38-04.373] [USER GET]: key = Font, value = Agency FB
[21-38-04.374] [USER GET]: key = fontsize, value = 27
[21-38-04.375] [USER GET]: key = inputfill, value = 0
[21-38-04.380] [USER GET]: key = screenstat, value = ScreenStat{consoleX=1088, consoleY=242, consoleWidth=1308,
               consoleHeight=1000, monitor=0, consoleOnTop=false, consoleDirection=RIGHT}
[21-38-04.478] [THREAD STARTED]: Hourly Chime Checker
[21-38-04.480] [THREAD STARTED]: Console Clock Updater
[21-38-04.482] [THREAD STARTED]: Cyder Busy Checker
[21-38-04.486] [THREAD STARTED]: [Cyder Splash] dispose() animation thread
[21-38-04.487] [USER GET]: key = fullscreen, value = 0
[21-38-04.488] [USER GET]: key = screenstat, value = ScreenStat{consoleX=1088, consoleY=242, consoleWidth=1308,
               consoleHeight=1000, monitor=0, consoleOnTop=false, consoleDirection=RIGHT}
[21-38-04.499] [UI]: CyderFrame disposed with fastclose=true, getTitle=Cyder Splash
[21-38-04.780] [USER GET]: key = fullscreen, value = 0
[21-38-04.827] [THREAD STARTED]: Console Printing Animation
[21-38-04.829] [CONSOLE OUT]: [STRING]: Console loaded in 4s 459ms
[21-38-04.877] [USER GET]: key = debugwindows, value = 0
[21-38-04.878] [CONSOLE LOADED]: [Nathan] [TESTING MODE]
[21-38-04.880] [THREAD STARTED]: Manual Tests Thread
[21-38-04.880] [USER GET]: key = laststart, value = 1661395064205
[21-38-04.881] [USER GET]: key = intromusic, value = 0
[21-38-05.591] [THREAD STARTED]: Splash Loading Label Updater
[21-38-08.657] [OBJECT CREATION]: Objects created since last delta (5000ms): 38
[21-38-17.478] [THREAD STARTED]: Liminal Cyder [Nathan] Opacity Decrement Animator
[21-38-17.903] [USER GET]: key = screenstat, value = ScreenStat{consoleX=1088, consoleY=242, consoleWidth=1308,
               consoleHeight=1000, monitor=0, consoleOnTop=false, consoleDirection=RIGHT}
[21-38-17.925] [SYSTEM IO]: [JSON WRITE] [Levenshtein = 11] User was written to file: 7d7ebb00-81fe-329f-8a78-62f463d0b7
               da\Userdata.json
[21-38-17.935] [USER GET]: key = name, value = Nathan
[21-38-17.936] [USER GET]: key = foreground, value = f0f0f0
[21-38-17.936] [USER GET]: key = Font, value = Agency FB
[21-38-17.936] [USER GET]: key = background, value = 0f0f0f
[21-38-17.937] [USER GET]: key = mappedexecutable, value = []
[21-38-17.937] [USER GET]: key = loggedin, value = 1
[21-38-17.937] [USER GET]: key = screenstat, value = ScreenStat{consoleX=1225, consoleY=301, consoleWidth=1308,
               consoleHeight=1000, monitor=0, consoleOnTop=false, consoleDirection=RIGHT}
[21-38-17.938] [USER GET]: key = inputfill, value = 0
[21-38-17.938] [USER GET]: key = pass, value = 1b0a051deaadc2e793bfe185cd81a74b9c56f75bd713f28507d1abd99332a28
[21-38-17.939] [USER GET]: key = laststart, value = 1661395084881
[21-38-17.939] [USER GET]: key = debugwindows, value = 0
[21-38-17.940] [USER GET]: key = hourlychimes, value = 1
[21-38-17.940] [USER GET]: key = intromusic, value = 0
[21-38-17.941] [USER GET]: key = fontsize, value = 27
[21-38-17.941] [USER GET]: key = outputborder, value = 0
[21-38-17.941] [USER GET]: key = inputborder, value = 0
[21-38-17.942] [USER GET]: key = silenceerrors, value = 1
[21-38-17.942] [USER GET]: key = fullscreen, value = 0
[21-38-17.942] [USER GET]: key = outputfill, value = 0
[21-38-17.943] [USER GET]: key = filterchat, value = 1
[21-38-17.945] [USER GET]: key = minimizeonclose, value = 0
[21-38-17.946] [USER GET]: key = youtubeuuid, value = aaaaaaaaaiI
[21-38-17.946] [USER GET]: key = compacttextmode, value = 0
[21-38-17.947] [USER GET]: key = darkmode, value = 0
[21-38-17.947] [USER GET]: key = wrapshell, value = 0
[21-38-17.947] [USER GET]: key = doanimations, value = 1
[21-38-17.948] [USER GET]: key = randombackground, value = 0
[21-38-17.949] [USER GET]: key = persistentnotifications, value = 0
[21-38-17.949] [USER GET]: key = mappedexecutable, value = []
[21-38-17.950] [USER GET]: key = screenstat, value = ScreenStat{consoleX=1225, consoleY=301, consoleWidth=1308,
               consoleHeight=1000, monitor=0, consoleOnTop=false, consoleDirection=RIGHT}
[21-38-17.957] [SYSTEM IO]: Requested deletion of: C:\Users\Nathan\Documents\IntelliJava\Cyder\dynamic\backup\7d7ebb00
               -81fe-329f-8a78-62f463d0b7da_1661395066183.json
[21-38-17.958] [THREAD STARTED]: Liminal Cyder [Nathan] Opacity Increment Animator
[21-38-18.666] [OBJECT CREATION]: Objects created since last delta (5000ms): 3
[21-38-20.648] [THREAD STARTED]: Liminal Cyder [Nathan] Opacity Decrement Animator
[21-38-21.134] [USER GET]: key = screenstat, value = ScreenStat{consoleX=1225, consoleY=301, consoleWidth=1308,
               consoleHeight=1000, monitor=0, consoleOnTop=false, consoleDirection=RIGHT}
[21-38-21.137] [SYSTEM IO]: [JSON WRITE] [Levenshtein = 12] User was written to file: 7d7ebb00-81fe-329f-8a78-62f463d0b7
               da\Userdata.json
[21-38-21.145] [USER GET]: key = name, value = Nathan
[21-38-21.145] [USER GET]: key = foreground, value = f0f0f0
[21-38-21.148] [USER GET]: key = Font, value = Agency FB
[21-38-21.150] [USER GET]: key = background, value = 0f0f0f
[21-38-21.150] [USER GET]: key = mappedexecutable, value = []
[21-38-21.151] [USER GET]: key = loggedin, value = 1
[21-38-21.152] [USER GET]: key = screenstat, value = ScreenStat{consoleX=1341, consoleY=399, consoleWidth=958,
               consoleHeight=654, monitor=0, consoleOnTop=false, consoleDirection=RIGHT}
[21-38-21.153] [USER GET]: key = inputfill, value = 0
[21-38-21.153] [USER GET]: key = pass, value = 1b0a051deaadc2e793bfe185cd81a74b9c56f75bd713f28507d1abd99332a28
[21-38-21.154] [USER GET]: key = laststart, value = 1661395084881
[21-38-21.154] [USER GET]: key = debugwindows, value = 0
[21-38-21.155] [USER GET]: key = hourlychimes, value = 1
[21-38-21.155] [USER GET]: key = intromusic, value = 0
[21-38-21.156] [USER GET]: key = fontsize, value = 27
[21-38-21.156] [USER GET]: key = outputborder, value = 0
[21-38-21.157] [USER GET]: key = inputborder, value = 0
[21-38-21.158] [USER GET]: key = silenceerrors, value = 1
[21-38-21.158] [USER GET]: key = fullscreen, value = 0
[21-38-21.159] [USER GET]: key = outputfill, value = 0
[21-38-21.159] [USER GET]: key = filterchat, value = 1
[21-38-21.160] [USER GET]: key = minimizeonclose, value = 0
[21-38-21.160] [USER GET]: key = youtubeuuid, value = aaaaaaaaaiI
[21-38-21.161] [USER GET]: key = compacttextmode, value = 0
[21-38-21.161] [USER GET]: key = darkmode, value = 0
[21-38-21.162] [USER GET]: key = wrapshell, value = 0
[21-38-21.162] [USER GET]: key = doanimations, value = 1
[21-38-21.164] [USER GET]: key = randombackground, value = 0
[21-38-21.165] [USER GET]: key = persistentnotifications, value = 0
[21-38-21.166] [USER GET]: key = mappedexecutable, value = []
[21-38-21.166] [USER GET]: key = screenstat, value = ScreenStat{consoleX=1341, consoleY=399, consoleWidth=958,
               consoleHeight=654, monitor=0, consoleOnTop=false, consoleDirection=RIGHT}
[21-38-21.170] [SYSTEM IO]: Requested deletion of: C:\Users\Nathan\Documents\IntelliJava\Cyder\dynamic\backup\7d7ebb00
               -81fe-329f-8a78-62f463d0b7da_1661395097951.json
[21-38-21.171] [THREAD STARTED]: Liminal Cyder [Nathan] Opacity Increment Animator
[21-38-22.861] [USER GET]: key = minimizeonclose, value = 0
[21-38-22.862] [USER GET]: key = screenstat, value = ScreenStat{consoleX=1341, consoleY=399, consoleWidth=958,
               consoleHeight=654, monitor=0, consoleOnTop=false, consoleDirection=RIGHT}
[21-38-22.874] [USER GET]: key = fullscreen, value = 0
[21-38-22.874] [THREAD STARTED]: [Liminal Cyder [Nathan]] dispose() animation thread
[21-38-22.875] [UI]: CyderFrame disposed with fastclose=false, getTitle=Liminal Cyder [Nathan]
[21-38-22.876] [USER GET]: key = doanimations, value = 1
[21-38-23.104] [EXIT]: [RUNTIME] 22s 622ms
[21-38-23.105] [EOL]: Log completed, exiting Cyder with exit code: 0 [Genesis Controlled Exit], no exceptions thrown,
               total objects created: 127
