          _____                _____                    _____                    _____                    _____
         /\    \              |\    \                  /\    \                  /\    \                  /\    \
        /::\    \             |:\____\                /::\    \                /::\    \                /::\    \
       /::::\    \            |::|   |               /::::\    \              /::::\    \              /::::\    \
      /::::::\    \           |::|   |              /::::::\    \            /::::::\    \            /::::::\    \
     /:::/\:::\    \          |::|   |             /:::/\:::\    \          /:::/\:::\    \          /:::/\:::\    \
    /:::/  \:::\    \         |::|   |            /:::/  \:::\    \        /:::/__\:::\    \        /:::/__\:::\    \
   /:::/    \:::\    \        |::|   |           /:::/    \:::\    \      /::::\   \:::\    \      /::::\   \:::\    \
  /:::/    / \:::\    \       |::|___|______    /:::/    / \:::\    \    /::::::\   \:::\    \    /::::::\   \:::\    \
 /:::/    /   \:::\    \      /::::::::\    \  /:::/    /   \:::\ ___\  /:::/\:::\   \:::\    \  /:::/\:::\   \:::\____\
/:::/____/     \:::\____\    /::::::::::\____\/:::/____/     \:::|    |/:::/__\:::\   \:::\____\/:::/  \:::\   \:::|    |
\:::\    \      \::/    /   /:::/~~~~/~~      \:::\    \     /:::|____|\:::\   \:::\   \::/    /\::/   |::::\  /:::|____|
 \:::\    \      \/____/   /:::/    /          \:::\    \   /:::/    /  \:::\   \:::\   \/____/  \/____|:::::\/:::/    /
  \:::\    \              /:::/    /            \:::\    \ /:::/    /    \:::\   \:::\    \            |:::::::::/    /
   \:::\    \            /:::/    /              \:::\    /:::/    /      \:::\   \:::\____\           |::|\::::/    /
    \:::\    \           \::/    /                \:::\  /:::/    /        \:::\   \::/    /           |::| \::/____/
     \:::\    \           \/____/                  \:::\/:::/    /          \:::\   \/____/            |::|  ~|
      \:::\    \                                    \::::::/    /            \:::\    \                |::|   |
       \:::\____\                                    \::::/    /              \:::\____\               \::|   |
        \::/    /                                     \::/____/                \::/    /                \:|   |
         \/____/                                       ~~                       \/____/                  \|___|


[21-23-51] [ENTRY]: Nathan
[21-23-51] [PROP LOADED]: [key = map_quest_api_key]
[21-23-51] [PROP LOADED]: [key = youtube_api_3_key]
[21-23-51] [PROP LOADED]: [key = ip_key]
[21-23-51] [PROP LOADED]: [key = weather_key]
[21-23-51] [PROP LOADED]: [key = debug_hash_name]
[21-23-51] [PROP LOADED]: [key = debug_hash_password]
[21-23-51] [PROP LOADED]: [key = default_weather_location, value = Austin,Tx,USA]
[21-23-51] [PROP LOADED]: [key = ignore_data, value = typinganimation,showseconds,roundedwindows,windowcolor,audiolength
           ,capsmode,typingsound,showbusyicon]
[21-23-51] [PROP LOADED]: [key = font_metric, value = 1]
[21-23-51] [PROP LOADED]: [key = released, value = false]
[21-23-51] [PROP LOADED]: [key = fast_test, value = false]
[21-23-51] [PROP LOADED]: [key = version, value = Liminal]
[21-23-51] [PROP LOADED]: [key = release_date, value = 22.6.2]
[21-23-51] [PROP LOADED]: [key = components_relocatable, value = false]
[21-23-51] [PROP LOADED]: [key = testing_mode, value = true]
[21-23-51] [PROP LOADED]: [key = autocypher, value = true]
[21-23-51] [PROP LOADED]: [key = dispose_splash, value = true]
[21-23-51] [PROP LOADED]: [key = wipe_logs_on_start, value = false]
[21-23-51] [PROP LOADED]: [key = activate_watchdog, value = false]
[21-23-51] [PROP LOADED]: [key = ffmpeg_audio_output_format, value = mp3]
[21-23-51] [PROP LOADED]: [key = printing_animation_char_timeout, value = 8]
[21-23-51] [PROP LOADED]: [key = printing_animation_line_timeout, value = 100]
[21-23-51] [PROP LOADED]: [key = ui_scale, value = 0.25]
[21-23-51] [THREAD STARTED]: Object Creation Logger
[21-23-51] [DEBUG]: Watchdog skipped
[21-23-51] [THREAD STARTED]: Singular Cyder Instance Ensurer
[21-23-52] [FONT LOADED]: agency-fb
[21-23-52] [FONT LOADED]: arial-black
[21-23-52] [FONT LOADED]: beyno
[21-23-52] [FONT LOADED]: condiment-regular
[21-23-52] [FONT LOADED]: prompt-bold
[21-23-52] [FONT LOADED]: segoe-ui-black
[21-23-52] [FONT LOADED]: tahoma
[21-23-52] [THREAD STARTED]: Splash Loader
[21-23-52] [SYSTEM IO]: Requested deletion of: C:\Users\Nathan\Documents\IntelliJava\Cyder\dynamic\tmp
[21-23-52] [THREAD STARTED]: Splash Animation
[21-23-52] [UNIQUE OBJECT CREATED]: ConsoleFrame singleton constructed
[21-23-53] [THREAD STARTED]: Secondary Subroutines Runner
[21-23-53] [LOGIN]: AUTOCYPHER ATTEMPT
[21-23-53] [THREAD STARTED]: JVM Args Logger
[21-23-53] [DEBUG]: Cyder Entry = AutoCypher
[21-23-54] [OBJECT CREATION]: Objects created since last delta (5000ms): 65
[21-23-54] [THREAD STARTED]: Console Printing Animation
[21-23-54] [THREAD STARTED]: Hourly Chime Checker
[21-23-54] [THREAD STARTED]: Console Clock Updater
[21-23-54] [THREAD STARTED]: Cyder Busy Checker
[21-23-54] [THREAD STARTED]: ConsoleFrame Stat Saver
[21-23-54] [THREAD STARTED]: High Ping Checker
[21-23-54] [THREAD STARTED]: [Cyder Splash] dispose() animation thread
[21-23-54] [UI]: CyderFrame disposed with fastclose: true, Component = CyderFrame, hash = 755432228, bounds = (980, 396,
           600, 600), parent frame = Component itself is a CyderFrame, getTitle() = Cyder Splash
[21-23-54] [CONSOLE OUT]: [STRING]: Console loaded in 3748ms
[21-23-54] [CONSOLE LOADED]: [Nathan] [TESTING MODE]
[21-23-54] [THREAD STARTED]: Manual Tests Thread
[21-23-54] [BACKEND CRUD]: [PUT] Put of JVM args failed
[21-23-54] [DEBUG]: Attempted to log a new or empty line
[21-23-55] [THREAD STARTED]: Splash Loading Label Updater
[21-23-57] [SYSTEM IO]: [JSON WRITE] [Levenshtein = 7] User was written to file: 7d7ebb00-81fe-329f-8a78-62f463d0b7da
           \Userdata.json
[21-23-57] [SYSTEM IO]: Requested deletion of: C:\Users\Nathan\Documents\IntelliJava\Cyder\dynamic\backup\7d7ebb00-81fe-
           329f-8a78-62f463d0b7da_1654482100426.json
[21-23-59] [OBJECT CREATION]: Objects created since last delta (5000ms): 35
[21-23-59] [THREAD STARTED]: Liminal Cyder [Nathan] Opacity Decrement Animator
[21-23-59] [THREAD STARTED]: Liminal Cyder [Nathan] Opacity Increment Animator
[21-24-00] [THREAD STARTED]: minimize menu thread
[21-24-00] [THREAD STARTED]: Console menu animator
[21-24-01] [UI]: Component = CyderLabel, hash = 1234432140, bounds = (0, 0, 75, 75), parent frame = Liminal Cyder
           [Nathan], getText() = <html><div style='text-align: center;'>Pref</html>
[21-24-01] [THREAD STARTED]: [Preferences] finalizeAndShow()
[21-24-01] [THREAD STARTED]: Preferences Opacity Decrement Animator
[21-24-04] [OBJECT CREATION]: Objects created since last delta (5000ms): 46
[21-24-05] [THREAD STARTED]: Preferences Opacity Increment Animator
[21-24-07] [THREAD STARTED]: Preferences Opacity Decrement Animator
[21-24-07] [THREAD STARTED]: Preferences Opacity Increment Animator
[21-24-10] [THREAD STARTED]: Preferences Opacity Decrement Animator
[21-24-10] [THREAD STARTED]: Preferences Opacity Increment Animator
[21-24-16] [SYSTEM IO]: [JSON WRITE] [Levenshtein = 8] User was written to file: 7d7ebb00-81fe-329f-8a78-62f463d0b7da
           \Userdata.json
[21-24-16] [SYSTEM IO]: Requested deletion of: C:\Users\Nathan\Documents\IntelliJava\Cyder\dynamic\backup\7d7ebb00-81fe-
           329f-8a78-62f463d0b7da_1654482237322.json
[21-24-16] [THREAD STARTED]: Liminal Cyder [Nathan] Opacity Decrement Animator
[21-24-18] [THREAD STARTED]: Liminal Cyder [Nathan] Opacity Increment Animator
[21-24-19] [OBJECT CREATION]: Objects created since last delta (5000ms): 1
[21-24-19] [SYSTEM IO]: [JSON WRITE] [Levenshtein = 8] User was written to file: 7d7ebb00-81fe-329f-8a78-62f463d0b7da
           \Userdata.json
[21-24-19] [SYSTEM IO]: Requested deletion of: C:\Users\Nathan\Documents\IntelliJava\Cyder\dynamic\backup\7d7ebb00-81fe-
           329f-8a78-62f463d0b7da_1654482256074.json
[21-24-20] [THREAD STARTED]: Liminal Cyder [Nathan] Opacity Decrement Animator
[21-24-21] [THREAD STARTED]: Liminal Cyder [Nathan] Opacity Increment Animator
[21-24-21] [THREAD STARTED]: Liminal Cyder [Nathan] notification queue checker
[21-24-21] [UI]: [Liminal Cyder [Nathan]] [NOTIFICATION] "<html>You only have one background image. Try<br/>adding more
           via the user editor</html>"
[21-24-21] [THREAD STARTED]: Notification Appear Animator
[21-24-21] [THREAD STARTED]: Notification Vanish Animator
[21-24-22] [THREAD STARTED]: [Preferences] dispose() animation thread
[21-24-22] [UI]: CyderFrame disposed with fastclose: false, Component = CyderFrame, hash = 284521113, bounds = (1331,
           377, 730, 560), parent frame = Component itself is a CyderFrame, getTitle() = Preferences
[21-24-22] [THREAD STARTED]: [Preferences] finalizeAndShow()
[21-24-23] [SYSTEM IO]: [JSON WRITE] [Levenshtein = 9] User was written to file: 7d7ebb00-81fe-329f-8a78-62f463d0b7da
           \Userdata.json
[21-24-23] [SYSTEM IO]: Requested deletion of: C:\Users\Nathan\Documents\IntelliJava\Cyder\dynamic\backup\7d7ebb00-81fe-
           329f-8a78-62f463d0b7da_1654482259787.json
[21-24-23] [THREAD STARTED]: Preferences Opacity Decrement Animator
[21-24-24] [OBJECT CREATION]: Objects created since last delta (5000ms): 47
[21-24-24] [THREAD STARTED]: Preferences Opacity Increment Animator
[21-24-25] [THREAD STARTED]: [Liminal Cyder [Nathan]] dispose() animation thread
[21-24-25] [UI]: CyderFrame disposed with fastclose: false, Component = ConsoleFrame (inner), hash = 1901238627, bounds
           = (1577, 268, 669, 706), parent frame = Component itself is a CyderFrame, getTitle() = Liminal Cyder [Nathan]
[21-24-25] [EXIT]: [RUNTIME] 34s
[21-24-25] [EOL]: Log completed, exiting Cyder with exit code: 0 [Genesis Controlled Exit], exceptions thrown: no
           exceptions thrown
