[21-09-16] [ENTRY]: [Nathan]
[21-09-16] [SYSTEM_IO]: System data pared in IOUtil's static block
[21-09-17] [LOGIN]: [AUTOCYPHER ATTEMPT]
[21-09-17] [JAVA ARGS]: [LOCATION] [La casa de Nathan]
[21-09-18] [LOGIN]: [AUTOCYPHER PASS, e5a50641-21d1-3654-b738-c0e4b2dc61b1]
[21-09-18] [SYSTEM_IO]: Userdata requested: Name
[21-09-18] [SYSTEM_IO]: Userdata requested: RandomBackground
[21-09-18] [SYSTEM_IO]: Userdata requested: FullScreen
[21-09-19] [SYSTEM_IO]: Userdata requested: Name
[21-09-19] [SYSTEM_IO]: Userdata requested: Foreground
[21-09-19] [SYSTEM_IO]: Userdata requested: Foreground
[21-09-19] [SYSTEM_IO]: Userdata requested: FullScreen
[21-09-19] [SYSTEM_IO]: Userdata requested: FullScreen
[21-09-19] [SYSTEM_IO]: Userdata requested: Foreground
[21-09-19] [SYSTEM_IO]: Userdata requested: Font
[21-09-19] [SYSTEM_IO]: Userdata requested: OutputBorder
[21-09-19] [SYSTEM_IO]: Userdata requested: FullScreen
[21-09-19] [SYSTEM_IO]: Userdata requested: InputBorder
[21-09-19] [SYSTEM_IO]: Userdata requested: Foreground
[21-09-19] [SYSTEM_IO]: Userdata requested: Foreground
[21-09-19] [SYSTEM_IO]: Userdata requested: Foreground
[21-09-19] [SYSTEM_IO]: Userdata requested: Font
[21-09-19] [SYSTEM_IO]: Userdata requested: OutputFill
[21-09-19] [SYSTEM_IO]: Userdata requested: InputFill
[21-09-19] [SYSTEM_IO]: Userdata requested: consolepinned
[21-09-19] [SYSTEM_IO]: Userdata requested: consolepinned
[21-09-19] [ACTION]: CyderFrame disposed with fastclose: true, CyderFrame: Name: Cyder Splash (title position: LEFT), (980,378,600x600)
[21-09-19] [ACTION]: Console loaded in 3406ms
[21-09-19] [SYSTEM_IO]: Userdata requested: windowlocx
[21-09-19] [SYSTEM_IO]: Userdata requested: windowlocy
[21-09-19] [SYSTEM_IO]: Userdata requested: DebugWindows
[21-09-19] [ENTRY]: [TESTING MODE]
[21-09-19] [SYSTEM_IO]: Userdata requested: laststart
[21-09-19] [SYSTEM_IO]: Userdata requested: IntroMusic
[21-09-22] [CONSOLE_OUT]: [STRING] Console loaded in 3406ms
[21-09-30] [CLIENT]: calc
[21-09-30] [ACTION]: CALCULATOR
[21-09-31] [ACTION]: CyderButton CLICKED, toString(): Component name = [cyder.ui.CyderButton], bounds = [(115, 215, 75, 75)], hash = [1978280654], parentFrame = [Calculator], associated text = [8]
[21-09-32] [ACTION]: CyderButton CLICKED, toString(): Component name = [cyder.ui.CyderButton], bounds = [(210, 215, 75, 75)], hash = [1213996468], parentFrame = [Calculator], associated text = [9]
[21-09-32] [ACTION]: CyderButton CLICKED, toString(): Component name = [cyder.ui.CyderButton], bounds = [(210, 120, 75, 75)], hash = [2080334084], parentFrame = [Calculator], associated text = [*]
[21-09-33] [ACTION]: CyderButton CLICKED, toString(): Component name = [cyder.ui.CyderButton], bounds = [(210, 215, 75, 75)], hash = [1213996468], parentFrame = [Calculator], associated text = [9]
[21-09-34] [ACTION]: CyderButton CLICKED, toString(): Component name = [cyder.ui.CyderButton], bounds = [(305, 215, 75, 75)], hash = [581610468], parentFrame = [Calculator], associated text = [=]
[21-09-34] [ACTION]: [Calculator] [NOTIFICATION] 801.0
[21-09-34] [SYSTEM_IO]: Userdata requested: persistentnotifications
[21-09-36] [ACTION]: CyderFrame disposed with fastclose: false, CyderFrame: Name: Calculator (title position: LEFT), (1394,417,400x595)
[21-09-36] [SYSTEM_IO]: Userdata requested: closeanimation
[21-09-38] [CLIENT]: open current log
[21-10-08] [SYSTEM_IO]: Userdata requested: minimizeonclose
[21-10-08] [SYSTEM_IO]: Userdata requested: Name
[21-10-08] [LOGOUT]: [Nathan]
[21-10-08] [ACTION]: CyderFrame disposed with fastclose: false, CyderFrame: Name: Stellar Cyder [Nathan] (title position: CENTER), (1102,223,984x984)
[21-10-08] [SYSTEM_IO]: Userdata requested: closeanimation
[21-10-08] [SYSTEM_IO]: Userdata requested: Background
[21-10-08] [EXIT]: [RUNTIME] 52s
[21-10-08] [EOL]: Log completed, exiting Cyder with exit code: 25 [Genesis Controlled Exit], exceptions thrown: 0
