[21-12-14] [ENTRY]: [Nathan]
[21-12-14] [SYSTEM_IO]: System data pared in IOUtil's static block
[21-12-15] [LOGIN]: [AUTOCYPHER ATTEMPT]
[21-12-15] [JAVA ARGS]: [LOCATION] [La casa de Nathan]
[21-12-16] [LOGIN]: [AUTOCYPHER PASS, e5a50641-21d1-3654-b738-c0e4b2dc61b1]
[21-12-16] [SYSTEM_IO]: Userdata requested: Name
[21-12-16] [SYSTEM_IO]: Userdata requested: RandomBackground
[21-12-16] [SYSTEM_IO]: Userdata requested: FullScreen
[21-12-17] [SYSTEM_IO]: Userdata requested: Name
[21-12-17] [SYSTEM_IO]: Userdata requested: Foreground
[21-12-17] [SYSTEM_IO]: Userdata requested: Foreground
[21-12-17] [SYSTEM_IO]: Userdata requested: FullScreen
[21-12-17] [SYSTEM_IO]: Userdata requested: FullScreen
[21-12-17] [SYSTEM_IO]: Userdata requested: Foreground
[21-12-17] [SYSTEM_IO]: Userdata requested: Font
[21-12-17] [SYSTEM_IO]: Userdata requested: OutputBorder
[21-12-17] [SYSTEM_IO]: Userdata requested: FullScreen
[21-12-17] [SYSTEM_IO]: Userdata requested: InputBorder
[21-12-17] [SYSTEM_IO]: Userdata requested: Foreground
[21-12-17] [SYSTEM_IO]: Userdata requested: Foreground
[21-12-17] [SYSTEM_IO]: Userdata requested: Foreground
[21-12-17] [SYSTEM_IO]: Userdata requested: Font
[21-12-17] [SYSTEM_IO]: Userdata requested: OutputFill
[21-12-17] [SYSTEM_IO]: Userdata requested: InputFill
[21-12-17] [SYSTEM_IO]: Userdata requested: consolepinned
[21-12-17] [SYSTEM_IO]: Userdata requested: consolepinned
[21-12-17] [ACTION]: CyderFrame disposed with fastclose: true, CyderFrame: Name: Cyder Splash (title position: LEFT), (980,378,600x600)
[21-12-17] [ACTION]: Console loaded in 3683ms
[21-12-17] [SYSTEM_IO]: Userdata requested: windowlocx
[21-12-17] [SYSTEM_IO]: Userdata requested: windowlocy
[21-12-17] [SYSTEM_IO]: Userdata requested: DebugWindows
[21-12-17] [ENTRY]: [TESTING MODE]
[21-12-17] [SYSTEM_IO]: Userdata requested: laststart
[21-12-17] [SYSTEM_IO]: Userdata requested: IntroMusic
[21-12-20] [CONSOLE_OUT]: [STRING] Console loaded in 3683ms
[21-12-22] [CLIENT]: calc
[21-12-22] [ACTION]: CALCULATOR
[21-12-23] [ACTION]: [null] Component name = [cyder.ui.CyderButton], bounds = [(115, 215, 75, 75)], hash = [1761390670], parentFrame = [Calculator], associated text = [8]
[21-12-24] [ACTION]: [null] Component name = [cyder.ui.CyderButton], bounds = [(115, 310, 75, 75)], hash = [97988651], parentFrame = [Calculator], associated text = [5]
[21-12-25] [ACTION]: [null] Component name = [cyder.ui.CyderButton], bounds = [(115, 120, 75, 75)], hash = [329604498], parentFrame = [Calculator], associated text = [-]
[21-12-25] [ACTION]: [null] Component name = [cyder.ui.CyderButton], bounds = [(115, 405, 75, 75)], hash = [2082102143], parentFrame = [Calculator], associated text = [2]
[21-12-26] [ACTION]: [null] Component name = [cyder.ui.CyderButton], bounds = [(210, 405, 75, 75)], hash = [420980355], parentFrame = [Calculator], associated text = [3]
[21-12-27] [ACTION]: [null] Component name = [cyder.ui.CyderButton], bounds = [(305, 215, 75, 75)], hash = [1526183236], parentFrame = [Calculator], associated text = [=]
[21-12-27] [ACTION]: [Calculator] [NOTIFICATION] 62.0
[21-12-27] [SYSTEM_IO]: Userdata requested: persistentnotifications
[21-12-35] [ACTION]: CyderFrame disposed with fastclose: false, CyderFrame: Name: Calculator (title position: LEFT), (1394,417,400x595)
[21-12-35] [SYSTEM_IO]: Userdata requested: closeanimation
[21-12-36] [SYSTEM_IO]: Userdata requested: minimizeonclose
[21-12-36] [SYSTEM_IO]: Userdata requested: Name
[21-12-36] [LOGOUT]: [Nathan]
[21-12-36] [ACTION]: CyderFrame disposed with fastclose: false, CyderFrame: Name: Stellar Cyder [Nathan] (title position: CENTER), (1102,223,984x984)
[21-12-36] [SYSTEM_IO]: Userdata requested: closeanimation
[21-12-36] [SYSTEM_IO]: Userdata requested: Background
[21-12-37] [EXIT]: [RUNTIME] 23s
[21-12-37] [EOL]: Log completed, exiting Cyder with exit code: 25 [Genesis Controlled Exit], exceptions thrown: 0
