[21-24-25] [ENTRY]: [Nathan]
[21-24-25] [SYSTEM_IO]: System data pared in IOUtil's static block
[21-24-26] [LOGIN]: [AUTOCYPHER ATTEMPT]
[21-24-26] [JAVA ARGS]: [LOCATION] [La casa de Nathan]
[21-24-27] [LOGIN]: [AUTOCYPHER PASS, e5a50641-21d1-3654-b738-c0e4b2dc61b1]
[21-24-27] [SYSTEM_IO]: Userdata requested: Name
[21-24-28] [SYSTEM_IO]: Userdata requested: RandomBackground
[21-24-28] [SYSTEM_IO]: Userdata requested: FullScreen
[21-24-28] [SYSTEM_IO]: Userdata requested: Name
[21-24-28] [SYSTEM_IO]: Userdata requested: Foreground
[21-24-28] [SYSTEM_IO]: Userdata requested: Foreground
[21-24-28] [SYSTEM_IO]: Userdata requested: FullScreen
[21-24-28] [SYSTEM_IO]: Userdata requested: FullScreen
[21-24-28] [SYSTEM_IO]: Userdata requested: Foreground
[21-24-28] [SYSTEM_IO]: Userdata requested: Font
[21-24-28] [SYSTEM_IO]: Userdata requested: OutputBorder
[21-24-28] [SYSTEM_IO]: Userdata requested: FullScreen
[21-24-28] [SYSTEM_IO]: Userdata requested: InputBorder
[21-24-28] [SYSTEM_IO]: Userdata requested: Foreground
[21-24-28] [SYSTEM_IO]: Userdata requested: Foreground
[21-24-28] [SYSTEM_IO]: Userdata requested: Foreground
[21-24-28] [SYSTEM_IO]: Userdata requested: Font
[21-24-28] [SYSTEM_IO]: Userdata requested: OutputFill
[21-24-28] [SYSTEM_IO]: Userdata requested: InputFill
[21-24-28] [SYSTEM_IO]: Userdata requested: consolepinned
[21-24-28] [SYSTEM_IO]: Userdata requested: consolepinned
[21-24-28] [ACTION]: CyderFrame disposed with fastclose: true, CyderFrame: Component name = [cyder.ui.CyderFrame], bounds = [(980, 378, 600, 600)], hash = [1730562129], parentFrame = [No associated frame], associated text = [No getText() method found], tooltip text = [No getTooltipText() method found]
[21-24-29] [ACTION]: Console loaded in 3627ms
[21-24-29] [SYSTEM_IO]: Userdata requested: windowlocx
[21-24-29] [SYSTEM_IO]: Userdata requested: windowlocy
[21-24-29] [SYSTEM_IO]: Userdata requested: DebugWindows
[21-24-29] [ENTRY]: [TESTING MODE]
[21-24-29] [SYSTEM_IO]: Userdata requested: laststart
[21-24-29] [SYSTEM_IO]: Userdata requested: IntroMusic
[21-24-31] [CONSOLE_OUT]: [STRING] Console loaded in 3627ms
[21-24-32] [CLIENT]: christmas card 2021
[21-24-32] [SYSTEM_IO]: Userdata requested: Name
[21-24-32] [ACTION]: CARD
[21-24-32] [ACTION]: [Stellar Cyder [Nathan]] [NOTIFICATION] Sorry, Nathan, but I had trouble connecting to the internet.
As a result, some features have been restired until a stable connection can be established.
[21-24-33] [SYSTEM_IO]: Userdata requested: persistentnotifications
[EXTERNAL STOP] Cyder was force closed by an external entity such as an IDE stop or the OS' Task Manager
