[21-32-13] [ENTRY]: [Nathan]
[21-32-14] [SYSTEM_IO]: System data pared in IOUtil's static block
[21-32-15] [LOGIN]: [AUTOCYPHER ATTEMPT]
[21-32-15] [JAVA ARGS]: [LOCATION] [La casa de Nathan]
[21-32-15] [LOGIN]: [AUTOCYPHER PASS, e5a50641-21d1-3654-b738-c0e4b2dc61b1]
[21-32-15] [SYSTEM_IO]: Userdata requested: Name
[21-32-16] [SYSTEM_IO]: Userdata requested: RandomBackground
[21-32-16] [SYSTEM_IO]: Userdata requested: FullScreen
[21-32-16] [SYSTEM_IO]: Userdata requested: Name
[21-32-16] [SYSTEM_IO]: Userdata requested: Foreground
[21-32-16] [SYSTEM_IO]: Userdata requested: Foreground
[21-32-16] [SYSTEM_IO]: Userdata requested: FullScreen
[21-32-16] [SYSTEM_IO]: Userdata requested: FullScreen
[21-32-16] [SYSTEM_IO]: Userdata requested: Foreground
[21-32-16] [SYSTEM_IO]: Userdata requested: Font
[21-32-16] [SYSTEM_IO]: Userdata requested: OutputBorder
[21-32-16] [SYSTEM_IO]: Userdata requested: FullScreen
[21-32-16] [SYSTEM_IO]: Userdata requested: InputBorder
[21-32-16] [SYSTEM_IO]: Userdata requested: Foreground
[21-32-16] [SYSTEM_IO]: Userdata requested: Foreground
[21-32-16] [SYSTEM_IO]: Userdata requested: Foreground
[21-32-16] [SYSTEM_IO]: Userdata requested: Font
[21-32-16] [SYSTEM_IO]: Userdata requested: OutputFill
[21-32-16] [SYSTEM_IO]: Userdata requested: InputFill
[21-32-16] [SYSTEM_IO]: Userdata requested: consolepinned
[21-32-16] [SYSTEM_IO]: Userdata requested: consolepinned
[21-32-16] [ACTION]: CyderFrame disposed with fastclose: true, CyderFrame: Component name = [cyder.ui.CyderFrame], bounds = [(980, 378, 600, 600)], hash = [1614244961], parentFrame = [No associated frame], associated text = [No getText() method found]
[21-32-16] [ACTION]: Console loaded in 3483ms
[21-32-16] [SYSTEM_IO]: Userdata requested: windowlocx
[21-32-16] [SYSTEM_IO]: Userdata requested: windowlocy
[21-32-17] [SYSTEM_IO]: Userdata requested: DebugWindows
[21-32-17] [ENTRY]: [TESTING MODE]
[21-32-17] [SYSTEM_IO]: Userdata requested: laststart
[21-32-17] [SYSTEM_IO]: Userdata requested: IntroMusic
[21-32-19] [CLIENT]: temp
[21-32-19] [ACTION]: TEMPERATURE CONVERTER
[21-32-19] [CONSOLE_OUT]: [STRING] Console loaded in 3483ms
[21-32-21] [ACTION]: cyder.ui.CyderCheckbox$2@3bd798cd
[21-32-21] [ACTION]: cyder.ui.CyderCheckbox$2@3bd798cd
[EXTERNAL STOP] Cyder was force closed by an external entity such as an IDE stop or the OS' Task Manager
