          _____                _____                    _____                    _____                    _____
         /\    \              |\    \                  /\    \                  /\    \                  /\    \
        /::\    \             |:\____\                /::\    \                /::\    \                /::\    \
       /::::\    \            |::|   |               /::::\    \              /::::\    \              /::::\    \
      /::::::\    \           |::|   |              /::::::\    \            /::::::\    \            /::::::\    \
     /:::/\:::\    \          |::|   |             /:::/\:::\    \          /:::/\:::\    \          /:::/\:::\    \
    /:::/  \:::\    \         |::|   |            /:::/  \:::\    \        /:::/__\:::\    \        /:::/__\:::\    \
   /:::/    \:::\    \        |::|   |           /:::/    \:::\    \      /::::\   \:::\    \      /::::\   \:::\    \
  /:::/    / \:::\    \       |::|___|______    /:::/    / \:::\    \    /::::::\   \:::\    \    /::::::\   \:::\    \
 /:::/    /   \:::\    \      /::::::::\    \  /:::/    /   \:::\ ___\  /:::/\:::\   \:::\    \  /:::/\:::\   \:::\____\
/:::/____/     \:::\____\    /::::::::::\____\/:::/____/     \:::|    |/:::/__\:::\   \:::\____\/:::/  \:::\   \:::|    |
\:::\    \      \::/    /   /:::/~~~~/~~      \:::\    \     /:::|____|\:::\   \:::\   \::/    /\::/   |::::\  /:::|____|
 \:::\    \      \/____/   /:::/    /          \:::\    \   /:::/    /  \:::\   \:::\   \/____/  \/____|:::::\/:::/    /
  \:::\    \              /:::/    /            \:::\    \ /:::/    /    \:::\   \:::\    \            |:::::::::/    /
   \:::\    \            /:::/    /              \:::\    /:::/    /      \:::\   \:::\____\           |::|\::::/    /
    \:::\    \           \::/    /                \:::\  /:::/    /        \:::\   \::/    /           |::| \::/____/
     \:::\    \           \/____/                  \:::\/:::/    /          \:::\   \/____/            |::|  ~|
      \:::\    \                                    \::::::/    /            \:::\    \                |::|   |
       \:::\____\                                    \::::/    /              \:::\____\               \::|   |
        \::/    /                                     \::/____/                \::/    /                \:|   |
         \/____/                                       ~~                       \/____/                  \|___|


[20-44-20] [ENTRY]: Nathan
[20-44-20] [DEBUG]: Found prop file: props\propkeys.ini
[20-44-20] [DEBUG]: Found prop file: props\props.ini
[20-44-20] [PROP LOADED]: [key = map_quest_api_key]
[20-44-20] [PROP LOADED]: [key = youtube_api_3_key]
[20-44-20] [PROP LOADED]: [key = ip_key]
[20-44-20] [PROP LOADED]: [key = weather_key]
[20-44-20] [PROP LOADED]: [key = debug_hash_name, value = Nathan]
[20-44-20] [PROP LOADED]: [key = debug_hash_password, value = 571b100a3b69f7b09828c0b61d325b15e52c512c14fdcf6d248f7ca733d0a7f6]
[20-44-20] [PROP LOADED]: [key = default_weather_location, value = Austin,Tx,USA]
[20-44-20] [PROP LOADED]: [key = ignore_data, value = typinganimation,showseconds,roundedwindows,windowcolor,audiolength
           ,capsmode,typingsound,showbusyicon]
[20-44-20] [PROP LOADED]: [key = font_metric, value = 1]
[20-44-20] [PROP LOADED]: [key = released, value = false]
[20-44-20] [PROP LOADED]: [key = version, value = Liminal]
[20-44-20] [PROP LOADED]: [key = release_date, value = 22.7.4]
[20-44-20] [PROP LOADED]: [key = components_relocatable, value = false]
[20-44-20] [PROP LOADED]: [key = testing_mode, value = true]
[20-44-20] [PROP LOADED]: [key = autocypher, value = true]
[20-44-20] [PROP LOADED]: [key = dispose_splash, value = true]
[20-44-20] [PROP LOADED]: [key = wipe_logs_on_start, value = true]
[20-44-20] [PROP LOADED]: [key = activate_watchdog, value = false]
[20-44-20] [PROP LOADED]: [key = ffmpeg_audio_output_format, value = mp3]
[20-44-20] [PROP LOADED]: [key = printing_animation_char_timeout, value = 8]
[20-44-20] [PROP LOADED]: [key = printing_animation_line_timeout, value = 100]
[20-44-20] [PROP LOADED]: [key = ui_scale, value = 0.25]
[20-44-20] [PROP LOADED]: [key = auto_trigger_similar_commands, value = true]
[20-44-20] [PROP LOADED]: [key = auto_trigger_similar_command_tolerance, value = 0.95]
[20-44-20] [DEBUG]: Jar mode set as: FALSE
[20-44-20] [THREAD STARTED]: Object Creation Logger
[20-44-20] [DEBUG]: Watchdog skipped
[20-44-20] [DEBUG]: Executing subroutine: RegisterFonts
[20-44-20] [FONT LOADED]: agency-fb
[20-44-20] [FONT LOADED]: arial-black
[20-44-20] [FONT LOADED]: beyno
[20-44-20] [FONT LOADED]: condiment-regular
[20-44-20] [FONT LOADED]: prompt-bold
[20-44-20] [FONT LOADED]: segoe-ui-black
[20-44-20] [FONT LOADED]: tahoma
[20-44-20] [DEBUG]: Executing subroutine: SingularInstance
[20-44-20] [THREAD STARTED]: Singular Cyder Instance Ensurer
[20-44-21] [DEBUG]: Executing subroutine: SufficientSubroutines
[20-44-21] [DEBUG]: Executing subroutine: SupportedOs
[20-44-21] [DEBUG]: Executing subroutine: Validations
[20-44-21] [SYSTEM IO]: Requested deletion of: C:\Users\Nathan\Documents\IntelliJava\Cyder\dynamic\tmp
[20-44-21] [DEBUG]: Class annotated with @Vanilla does not end with Widget; name: cyder.games.HangmanGame
[20-44-21] [DEBUG]: Class annotated with @Vanilla does not end with Widget; name: cyder.games.TttGame
[20-44-21] [THREAD STARTED]: Splash Loader
[20-44-21] [DEBUG]: Executing subroutine: RegisterFonts
[20-44-21] [DEBUG]: Executing subroutine: SingularInstance
[20-44-21] [DEBUG]: Executing subroutine: SufficientSubroutines
[20-44-21] [THREAD STARTED]: JVM Args Logger
[20-44-21] [DEBUG]: Executing subroutine: SupportedOs
[20-44-21] [DEBUG]: Executing subroutine: Validations
[20-44-21] [LOGIN]: AutoCypher Attempt
[20-44-21] [THREAD STARTED]: Splash Animation
[20-44-21] [THREAD STARTED]: Enter animation, frame=Cyder Splash
[20-44-21] [UNIQUE OBJECT CREATED]: Console singleton constructed
[20-44-22] [DEBUG]: Cyder Entry = AutoCypher
[20-44-22] [THREAD STARTED]: Console Printing Animation
[20-44-22] [THREAD STARTED]: High Ping Checker
[20-44-22] [THREAD STARTED]: Hourly Chime Checker
[20-44-22] [THREAD STARTED]: Console Clock Updater
[20-44-22] [THREAD STARTED]: Cyder Busy Checker
[20-44-22] [THREAD STARTED]: Console Stat Saver
[20-44-22] [DEBUG]: Latency of Google found to be 62ms
[20-44-22] [THREAD STARTED]: [Cyder Splash] dispose() animation thread
[20-44-22] [THREAD STARTED]: [Cyder Splash] dispose() animation thread
[20-44-22] [UI]: CyderFrame disposed with fastclose=true, getTitle=Cyder Splash
[20-44-22] [CONSOLE LOADED]: [Nathan] [TESTING MODE]
[20-44-22] [THREAD STARTED]: Manual Tests Thread
[20-44-22] [CONSOLE OUT]: [STRING]: Console loaded in 2779ms
[20-44-23] [OBJECT CREATION]: Objects created since last delta (5000ms): 123
[20-44-23] [DEBUG]: Attempted to log a new or empty line
[20-44-24] [THREAD STARTED]: Splash Loading Label Updater
[20-44-25] [SYSTEM IO]: [JSON WRITE] [Levenshtein = 7] User was written to file: 7d7ebb00-81fe-329f-8a78-62f463d0b7da
           \Userdata.json
[20-44-25] [SYSTEM IO]: Requested deletion of: C:\Users\Nathan\Documents\IntelliJava\Cyder\dynamic\backup\7d7ebb00-81fe-
           329f-8a78-62f463d0b7da_1658367729582.json
[20-44-28] [OBJECT CREATION]: Objects created since last delta (5000ms): 4
[20-44-49] [CLIENT]: play twillzzz lord please
[20-44-49] [THREAD STARTED]: YouTube Download Initializer
[20-44-49] [CONSOLE OUT]: [STRING]: Searching youtube for: twillzzz lord please
[20-44-49] [DEBUG]: Attempted to log a new or empty line
[20-44-50] [THREAD STARTED]: YouTube Downloader, saveName=Twillzzz - Lord Please, uuid=6RC2qlyOs7A
[20-44-50] [CONSOLE OUT]: [STRING]: Downloading audio as: Twillzzz - Lord Please.mp3
[20-44-50] [DEBUG]: Attempted to log a new or empty line
[20-44-50] [CONSOLE OUT]: [J_COMPONENT]: Component = CyderProgressBar, hash = 352216935, bounds = (0, 0, 400, 40),
           parent frame = No parent frame found
[20-44-51] [DEBUG]: Attempted to log a new or empty line
[20-44-51] [CONSOLE OUT]: [J_COMPONENT]: javax.swing.JLabel[,0,0,0x0,invalid,alignmentX=0.0,alignmentY=0.0,border=,flags
           =8388608,maximumSize=,minimumSize=,preferredSize=,defaultIcon=,disabledIcon=,horizontalAlignment=LEFT,horizontalTextPosi
           tion=TRAILING,iconTextGap=4,labelFor=,text="Twillzzz - Lord Please",verticalAlignment=CENTER,verticalTextPosition=CENTER]
[20-44-51] [DEBUG]: Attempted to log a new or empty line
[20-44-51] [CONSOLE OUT]: [J_COMPONENT]: Component = CyderButton, hash = 1659854007, bounds = (0, 0, 0, 0), parent frame
           = No parent frame found, getText() =      Cancel
[20-44-51] [DEBUG]: Attempted to log a new or empty line
[20-44-53] [OBJECT CREATION]: Objects created since last delta (5000ms): 4
[20-44-55] [SYSTEM IO]: [JSON WRITE] [Levenshtein = 2] User was written to file: 7d7ebb00-81fe-329f-8a78-62f463d0b7da
           \Userdata.json
[20-44-55] [SYSTEM IO]: Requested deletion of: C:\Users\Nathan\Documents\IntelliJava\Cyder\dynamic\backup\7d7ebb00-81fe-
           329f-8a78-62f463d0b7da_1658367865688.json
[20-44-58] [OBJECT CREATION]: Objects created since last delta (5000ms): 3
[20-45-03] [SYSTEM IO]: [JSON WRITE] [Levenshtein = 1] User was written to file: 7d7ebb00-81fe-329f-8a78-62f463d0b7da
           \Userdata.json
[20-45-03] [SYSTEM IO]: Requested deletion of: C:\Users\Nathan\Documents\IntelliJava\Cyder\dynamic\backup\7d7ebb00-81fe-
           329f-8a78-62f463d0b7da_1658367895700.json
[20-45-05] [UI]: Component = CyderButton, hash = 1659854007, bounds = (0, 0, 121, 43), parent frame = Liminal Cyder
           [Nathan], getText() =      Canceled
[20-45-05] [SYSTEM IO]: Requested deletion of: C:\Users\Nathan\Documents\IntelliJava\Cyder\dynamic\users\7d7ebb00-81fe-3
           29f-8a78-62f463d0b7da\Music\Twillzzz - Lord Please.webm.part
[20-45-06] [CONSOLE OUT]: [STRING]: Canceled download
[20-45-06] [DEBUG]: Attempted to log a new or empty line
[20-45-08] [OBJECT CREATION]: Objects created since last delta (5000ms): 3
[20-45-09] [UI]: Component = CyderButton, hash = 1659854007, bounds = (0, 0, 141, 43), parent frame = Liminal Cyder
           [Nathan], getText() =      Canceled
[20-45-10] [UI]: Component = CyderButton, hash = 1659854007, bounds = (0, 0, 141, 43), parent frame = Liminal Cyder
           [Nathan], getText() =      Canceled
[20-45-19] [THREAD STARTED]: [Liminal Cyder [Nathan]] dispose() animation thread
[20-45-19] [UI]: CyderFrame disposed with fastclose=false, getTitle=Liminal Cyder [Nathan]
[20-45-19] [EXIT]: [RUNTIME] 59.55s
[20-45-19] [EOL]: Log completed, exiting Cyder with exit code: 0 [Genesis Controlled Exit], exceptions thrown: no
           exceptions thrown
