[00-09-16] [THREAD STARTED]: Object Creation Logger
[00-09-17] [SYSTEM_IO]: Requested deletion of: C:\Users\Nathan\Documents\IntelliJava\Cyder\logs\2022-03-12
[00-09-17] [SYSTEM_IO]: Requested deletion of: C:\Users\Nathan\Documents\IntelliJava\Cyder\logs\2022-03-12\00-02-06-1.log
[00-09-17] [SYSTEM_IO]: Requested deletion of: C:\Users\Nathan\Documents\IntelliJava\Cyder\logs\2022-03-12\00-09-59-1.log
[00-09-17] [SYSTEM_IO]: Requested deletion of: C:\Users\Nathan\Documents\IntelliJava\Cyder\logs\2022-03-12\00-23-49-1.log
[00-09-17] [SYSTEM_IO]: Requested deletion of: C:\Users\Nathan\Documents\IntelliJava\Cyder\logs\2022-03-12\00-39-08-1.log
[00-09-17] [SYSTEM_IO]: Requested deletion of: C:\Users\Nathan\Documents\IntelliJava\Cyder\logs\2022-03-12\00-43-40-1.log
[00-09-17] [SYSTEM_IO]: Requested deletion of: C:\Users\Nathan\Documents\IntelliJava\Cyder\logs\2022-03-12\10-48-00-1.log
[00-09-17] [SYSTEM_IO]: Requested deletion of: C:\Users\Nathan\Documents\IntelliJava\Cyder\logs\2022-03-12\10-56-24-1.log
[00-09-17] [SYSTEM_IO]: Requested deletion of: C:\Users\Nathan\Documents\IntelliJava\Cyder\logs\2022-03-12\10-58-06-1.log
[00-09-17] [SYSTEM_IO]: Requested deletion of: C:\Users\Nathan\Documents\IntelliJava\Cyder\logs\2022-03-12\11-00-05-1.log
[00-09-17] [SYSTEM_IO]: Requested deletion of: C:\Users\Nathan\Documents\IntelliJava\Cyder\logs\2022-03-12\11-20-41-1.log
[00-09-17] [SYSTEM_IO]: Requested deletion of: C:\Users\Nathan\Documents\IntelliJava\Cyder\logs\2022-03-12\11-21-58-1.log
[00-09-17] [SYSTEM_IO]: Requested deletion of: C:\Users\Nathan\Documents\IntelliJava\Cyder\logs\2022-03-12\11-24-50-1.log
[00-09-17] [SYSTEM_IO]: Requested deletion of: C:\Users\Nathan\Documents\IntelliJava\Cyder\logs\2022-03-12\11-38-11-1.log
[00-09-17] [SYSTEM_IO]: Requested deletion of: C:\Users\Nathan\Documents\IntelliJava\Cyder\logs\2022-03-12\12-11-17-1.log
[00-09-17] [SYSTEM_IO]: Requested deletion of: C:\Users\Nathan\Documents\IntelliJava\Cyder\logs\2022-03-12\12-12-23-1.log
[00-09-17] [SYSTEM_IO]: Requested deletion of: C:\Users\Nathan\Documents\IntelliJava\Cyder\logs\2022-03-12\12-13-24-1.log
[00-09-17] [SYSTEM_IO]: Requested deletion of: C:\Users\Nathan\Documents\IntelliJava\Cyder\logs\2022-03-12\12-16-33-1.log
[00-09-17] [SYSTEM_IO]: Requested deletion of: C:\Users\Nathan\Documents\IntelliJava\Cyder\logs\2022-03-12\12-20-23-1.log
[00-09-17] [SYSTEM_IO]: Requested deletion of: C:\Users\Nathan\Documents\IntelliJava\Cyder\logs\2022-03-12\12-21-40-1.log
[00-09-17] [SYSTEM_IO]: Requested deletion of: C:\Users\Nathan\Documents\IntelliJava\Cyder\logs\2022-03-12\12-49-22-1.log
[00-09-17] [SYSTEM_IO]: Requested deletion of: C:\Users\Nathan\Documents\IntelliJava\Cyder\logs\2022-03-12\13-03-33-1.log
[00-09-17] [SYSTEM_IO]: Requested deletion of: C:\Users\Nathan\Documents\IntelliJava\Cyder\logs\2022-03-12\13-06-16-1.log
[00-09-17] [SYSTEM_IO]: Requested deletion of: C:\Users\Nathan\Documents\IntelliJava\Cyder\logs\2022-03-12\13-08-49-1.log
[00-09-17] [SYSTEM_IO]: Requested deletion of: C:\Users\Nathan\Documents\IntelliJava\Cyder\logs\2022-03-12\13-21-51-1.log
[00-09-17] [SYSTEM_IO]: Requested deletion of: C:\Users\Nathan\Documents\IntelliJava\Cyder\logs\2022-03-12\13-27-37-1.log
[00-09-17] [SYSTEM_IO]: Requested deletion of: C:\Users\Nathan\Documents\IntelliJava\Cyder\logs\2022-03-12\13-29-54-1.log
[00-09-17] [SYSTEM_IO]: Requested deletion of: C:\Users\Nathan\Documents\IntelliJava\Cyder\logs\2022-03-12\13-30-55-1.log
[00-09-17] [SYSTEM_IO]: Requested deletion of: C:\Users\Nathan\Documents\IntelliJava\Cyder\logs\2022-03-12\13-32-48-1.log
[00-09-17] [SYSTEM_IO]: Requested deletion of: C:\Users\Nathan\Documents\IntelliJava\Cyder\logs\2022-03-12\13-35-57-1.log
[00-09-17] [SYSTEM_IO]: Requested deletion of: C:\Users\Nathan\Documents\IntelliJava\Cyder\logs\2022-03-12\13-37-20-1.log
[00-09-17] [SYSTEM_IO]: Requested deletion of: C:\Users\Nathan\Documents\IntelliJava\Cyder\logs\2022-03-12\13-39-18-1.log
[00-09-17] [SYSTEM_IO]: Requested deletion of: C:\Users\Nathan\Documents\IntelliJava\Cyder\logs\2022-03-12\14-43-57-1.log
[00-09-17] [SYSTEM_IO]: Requested deletion of: C:\Users\Nathan\Documents\IntelliJava\Cyder\logs\2022-03-12\14-58-37-1.log
[00-09-17] [SYSTEM_IO]: Requested deletion of: C:\Users\Nathan\Documents\IntelliJava\Cyder\logs\2022-03-12\14-59-49-1.log
[00-09-17] [SYSTEM_IO]: Requested deletion of: C:\Users\Nathan\Documents\IntelliJava\Cyder\logs\2022-03-12\15-00-48-1.log
[00-09-17] [SYSTEM_IO]: Requested deletion of: C:\Users\Nathan\Documents\IntelliJava\Cyder\logs\2022-03-12\15-02-10-1.log
[00-09-17] [SYSTEM_IO]: Requested deletion of: C:\Users\Nathan\Documents\IntelliJava\Cyder\logs\2022-03-12\15-05-56-1.log
[00-09-17] [SYSTEM_IO]: Requested deletion of: C:\Users\Nathan\Documents\IntelliJava\Cyder\logs\2022-03-12\15-08-08-1.log
[00-09-17] [SYSTEM_IO]: Requested deletion of: C:\Users\Nathan\Documents\IntelliJava\Cyder\logs\2022-03-12\15-13-55-1.log
[00-09-17] [SYSTEM_IO]: Requested deletion of: C:\Users\Nathan\Documents\IntelliJava\Cyder\logs\2022-03-12\15-20-48-1.log
[00-09-17] [SYSTEM_IO]: Requested deletion of: C:\Users\Nathan\Documents\IntelliJava\Cyder\logs\2022-03-12\15-24-31-1.log
[00-09-17] [SYSTEM_IO]: Requested deletion of: C:\Users\Nathan\Documents\IntelliJava\Cyder\logs\2022-03-12\15-26-27-1.log
[00-09-17] [SYSTEM_IO]: Requested deletion of: C:\Users\Nathan\Documents\IntelliJava\Cyder\logs\2022-03-12\15-27-30-1.log
[00-09-17] [SYSTEM_IO]: Requested deletion of: C:\Users\Nathan\Documents\IntelliJava\Cyder\logs\2022-03-12\15-28-42-1.log
[00-09-17] [SYSTEM_IO]: Requested deletion of: C:\Users\Nathan\Documents\IntelliJava\Cyder\logs\2022-03-12\15-29-09-1.log
[00-09-17] [SYSTEM_IO]: Requested deletion of: C:\Users\Nathan\Documents\IntelliJava\Cyder\logs\2022-03-12\15-31-44-1.log
[00-09-17] [SYSTEM_IO]: Requested deletion of: C:\Users\Nathan\Documents\IntelliJava\Cyder\logs\2022-03-12\15-34-39-1.log
[00-09-17] [SYSTEM_IO]: Requested deletion of: C:\Users\Nathan\Documents\IntelliJava\Cyder\logs\2022-03-12\15-35-42-1.log
[00-09-17] [SYSTEM_IO]: Requested deletion of: C:\Users\Nathan\Documents\IntelliJava\Cyder\logs\2022-03-12\15-37-22-1.log
[00-09-17] [SYSTEM_IO]: Requested deletion of: C:\Users\Nathan\Documents\IntelliJava\Cyder\logs\2022-03-12\15-40-02-1.log
[00-09-17] [SYSTEM_IO]: Requested deletion of: C:\Users\Nathan\Documents\IntelliJava\Cyder\logs\2022-03-12\15-42-27-1.log
[00-09-17] [SYSTEM_IO]: Requested deletion of: C:\Users\Nathan\Documents\IntelliJava\Cyder\logs\2022-03-12\15-43-50-1.log
[00-09-17] [SYSTEM_IO]: Requested deletion of: C:\Users\Nathan\Documents\IntelliJava\Cyder\logs\2022-03-12\15-46-00-1.log
[00-09-17] [SYSTEM_IO]: Requested deletion of: C:\Users\Nathan\Documents\IntelliJava\Cyder\logs\2022-03-12\20-50-04-1.log
[00-09-17] [SYSTEM_IO]: Requested deletion of: C:\Users\Nathan\Documents\IntelliJava\Cyder\logs\2022-03-12\20-56-35-1.log
[00-09-17] [SYSTEM_IO]: Requested deletion of: C:\Users\Nathan\Documents\IntelliJava\Cyder\logs\2022-03-12\20-59-53-1.log
[00-09-17] [SYSTEM_IO]: Requested deletion of: C:\Users\Nathan\Documents\IntelliJava\Cyder\logs\2022-03-12\21-01-09-1.log
[00-09-17] [SYSTEM_IO]: Requested deletion of: C:\Users\Nathan\Documents\IntelliJava\Cyder\logs\2022-03-12\21-02-04-1.log
[00-09-17] [SYSTEM_IO]: Requested deletion of: C:\Users\Nathan\Documents\IntelliJava\Cyder\logs\2022-03-12\21-02-19-1.log
[00-09-17] [SYSTEM_IO]: Requested deletion of: C:\Users\Nathan\Documents\IntelliJava\Cyder\logs\2022-03-12\21-04-30-1.log
[00-09-17] [SYSTEM_IO]: Requested deletion of: C:\Users\Nathan\Documents\IntelliJava\Cyder\logs\2022-03-12\21-18-19-1.log
[00-09-17] [SYSTEM_IO]: Requested deletion of: C:\Users\Nathan\Documents\IntelliJava\Cyder\logs\2022-03-12\21-19-49-1.log
[00-09-17] [SYSTEM_IO]: Requested deletion of: C:\Users\Nathan\Documents\IntelliJava\Cyder\logs\2022-03-12\21-20-58-1.log
[00-09-17] [SYSTEM_IO]: Requested deletion of: C:\Users\Nathan\Documents\IntelliJava\Cyder\logs\2022-03-12\21-23-58-1.log
[00-09-17] [SYSTEM_IO]: Requested deletion of: C:\Users\Nathan\Documents\IntelliJava\Cyder\logs\2022-03-12\21-26-55-1.log
[00-09-17] [SYSTEM_IO]: Requested deletion of: C:\Users\Nathan\Documents\IntelliJava\Cyder\logs\2022-03-12\21-28-54-1.log
[00-09-17] [SYSTEM_IO]: Requested deletion of: C:\Users\Nathan\Documents\IntelliJava\Cyder\logs\2022-03-12\21-29-49-1.log
[00-09-17] [SYSTEM_IO]: Requested deletion of: C:\Users\Nathan\Documents\IntelliJava\Cyder\logs\2022-03-12\21-42-25-1.log
[00-09-17] [SYSTEM_IO]: Requested deletion of: C:\Users\Nathan\Documents\IntelliJava\Cyder\logs\2022-03-12\21-43-43-1.log
[00-09-17] [SYSTEM_IO]: Requested deletion of: C:\Users\Nathan\Documents\IntelliJava\Cyder\logs\2022-03-12\21-43-54-1.log
[00-09-17] [SYSTEM_IO]: Requested deletion of: C:\Users\Nathan\Documents\IntelliJava\Cyder\logs\2022-03-12\21-44-03-1.log
[00-09-17] [SYSTEM_IO]: Requested deletion of: C:\Users\Nathan\Documents\IntelliJava\Cyder\logs\2022-03-12\21-46-32-1.log
[00-09-17] [SYSTEM_IO]: Requested deletion of: C:\Users\Nathan\Documents\IntelliJava\Cyder\logs\2022-03-12\21-59-41-1.log
[00-09-17] [SYSTEM_IO]: Requested deletion of: C:\Users\Nathan\Documents\IntelliJava\Cyder\logs\2022-03-12\21-59-53-1.log
[00-09-17] [SYSTEM_IO]: Requested deletion of: C:\Users\Nathan\Documents\IntelliJava\Cyder\logs\2022-03-12\22-07-40-1.log
[00-09-17] [SYSTEM_IO]: Requested deletion of: C:\Users\Nathan\Documents\IntelliJava\Cyder\logs\2022-03-12\22-08-09-1.log
[00-09-17] [SYSTEM_IO]: Requested deletion of: C:\Users\Nathan\Documents\IntelliJava\Cyder\logs\2022-03-12\22-12-51-1.log
[00-09-17] [SYSTEM_IO]: Requested deletion of: C:\Users\Nathan\Documents\IntelliJava\Cyder\logs\2022-03-12\22-24-14-1.log
[00-09-17] [SYSTEM_IO]: Requested deletion of: C:\Users\Nathan\Documents\IntelliJava\Cyder\logs\2022-03-12\22-28-46-1.log
[00-09-17] [SYSTEM_IO]: Requested deletion of: C:\Users\Nathan\Documents\IntelliJava\Cyder\logs\2022-03-12\22-29-56-1.log
[00-09-17] [SYSTEM_IO]: Requested deletion of: C:\Users\Nathan\Documents\IntelliJava\Cyder\logs\2022-03-12\22-30-57-1.log
[00-09-17] [SYSTEM_IO]: Requested deletion of: C:\Users\Nathan\Documents\IntelliJava\Cyder\logs\2022-03-12\22-32-50-1.log
[00-09-17] [SYSTEM_IO]: Requested deletion of: C:\Users\Nathan\Documents\IntelliJava\Cyder\logs\2022-03-12\22-48-40-1.log
[00-09-17] [SYSTEM_IO]: Requested deletion of: C:\Users\Nathan\Documents\IntelliJava\Cyder\logs\2022-03-12\22-49-46-1.log
[00-09-17] [SYSTEM_IO]: Requested deletion of: C:\Users\Nathan\Documents\IntelliJava\Cyder\logs\2022-03-12\22-49-56-1.log
[00-09-17] [SYSTEM_IO]: Requested deletion of: C:\Users\Nathan\Documents\IntelliJava\Cyder\logs\2022-03-12\22-50-07-1.log
[00-09-17] [SYSTEM_IO]: Requested deletion of: C:\Users\Nathan\Documents\IntelliJava\Cyder\logs\2022-03-12\22-51-37-1.log
[00-09-17] [SYSTEM_IO]: Requested deletion of: C:\Users\Nathan\Documents\IntelliJava\Cyder\logs\2022-03-12\22-51-46-1.log
[00-09-17] [SYSTEM_IO]: Requested deletion of: C:\Users\Nathan\Documents\IntelliJava\Cyder\logs\2022-03-12\22-52-36-1.log
[00-09-17] [SYSTEM_IO]: Requested deletion of: C:\Users\Nathan\Documents\IntelliJava\Cyder\logs\2022-03-12\23-09-41-1.log
[00-09-17] [SYSTEM_IO]: Requested deletion of: C:\Users\Nathan\Documents\IntelliJava\Cyder\logs\2022-03-12\23-10-03-1.log
[00-09-17] [SYSTEM_IO]: Requested deletion of: C:\Users\Nathan\Documents\IntelliJava\Cyder\logs\2022-03-12\23-10-52-1.log
[00-09-17] [SYSTEM_IO]: Requested deletion of: C:\Users\Nathan\Documents\IntelliJava\Cyder\logs\2022-03-12\23-12-10-1.log
[00-09-17] [SYSTEM_IO]: Requested deletion of: C:\Users\Nathan\Documents\IntelliJava\Cyder\logs\2022-03-12\23-13-30-1.log
[00-09-17] [SYSTEM_IO]: Requested deletion of: C:\Users\Nathan\Documents\IntelliJava\Cyder\logs\2022-03-12\23-18-25-1.log
[00-09-17] [SYSTEM_IO]: Requested deletion of: C:\Users\Nathan\Documents\IntelliJava\Cyder\logs\2022-03-12\23-21-21-1.log
[00-09-17] [SYSTEM_IO]: Requested deletion of: C:\Users\Nathan\Documents\IntelliJava\Cyder\logs\2022-03-12\23-22-12-1.log
[00-09-17] [SYSTEM_IO]: Requested deletion of: C:\Users\Nathan\Documents\IntelliJava\Cyder\logs\2022-03-12\23-23-42-1.log
[00-09-17] [SYSTEM_IO]: Requested deletion of: C:\Users\Nathan\Documents\IntelliJava\Cyder\logs\2022-03-12\23-31-01-1.log
[00-09-17] [SYSTEM_IO]: Requested deletion of: C:\Users\Nathan\Documents\IntelliJava\Cyder\logs\2022-03-12\23-40-00-1.log
[00-09-17] [SYSTEM_IO]: Requested deletion of: C:\Users\Nathan\Documents\IntelliJava\Cyder\logs\2022-03-12\23-41-03-1.log
[00-09-17] [SYSTEM_IO]: Requested deletion of: C:\Users\Nathan\Documents\IntelliJava\Cyder\logs\2022-03-12\23-42-44-1.log
[00-09-17] [SYSTEM_IO]: Requested deletion of: C:\Users\Nathan\Documents\IntelliJava\Cyder\logs\2022-03-12\23-43-49-1.log
[00-09-17] [SYSTEM_IO]: Requested deletion of: C:\Users\Nathan\Documents\IntelliJava\Cyder\logs\2022-03-12\23-50-20-1.log
[00-09-17] [SYSTEM_IO]: Requested deletion of: C:\Users\Nathan\Documents\IntelliJava\Cyder\logs\2022-03-12\23-53-12-1.log
[00-09-17] [SYSTEM_IO]: Requested deletion of: C:\Users\Nathan\Documents\IntelliJava\Cyder\logs\2022-03-12\23-54-18-1.log
[00-09-17] [SYSTEM_IO]: Requested deletion of: C:\Users\Nathan\Documents\IntelliJava\Cyder\logs\2022-03-12\23-55-10-1.log
[00-09-17] [ENTRY]: [Nathan]
[00-09-17] [THREAD STARTED]: Singular Cyder Instance Ensurer
[00-09-18] [THREAD STARTED]: Splash Loader
[00-09-18] [THREAD STARTED]: Splash Animation
[00-09-18] [THREAD STARTED]: Cyder Start Secondary Subroutines
[00-09-18] [LOGIN]: [AUTOCYPHER ATTEMPT]
[00-09-18] [THREAD STARTED]: JVM Logger
[00-09-18] [SYSTEM_IO]: Requested deletion of: C:\Users\Nathan\Documents\IntelliJava\Cyder\dynamic\tmp
[00-09-18] [SYSTEM_IO]: [DELETION FAILED] C:\Users\Nathan\Documents\IntelliJava\Cyder\dynamic\tmp
[00-09-18] [SYSTEM_IO]: [JSON Saved] User was written to file: 7d7ebb00-81fe-329f-8a78-62f463d0b7da\Userdata.json
[00-09-18] [SYSTEM_IO]: Requested deletion of: C:\Users\Nathan\Documents\IntelliJava\Cyder\dynamic\backup\7d7ebb00-81fe-329f-8a78-62f463d0b7da_1647151396434.json
[00-09-19] [LOGIN]: [[AUTOCYPHER PASS]: 7d7ebb00-81fe-329f-8a78-62f463d0b7da]
[00-09-19] [SYSTEM_IO]: [JSON Saved] User was written to file: 7d7ebb00-81fe-329f-8a78-62f463d0b7da\Userdata.json
[00-09-19] [SYSTEM_IO]: Requested deletion of: C:\Users\Nathan\Documents\IntelliJava\Cyder\dynamic\backup\7d7ebb00-81fe-329f-8a78-62f463d0b7da_1647151758831.json
[00-09-19] [SYSTEM_IO]: Userdata requested: RandomBackground
[00-09-19] [SYSTEM_IO]: Userdata requested: FullScreen
[00-09-19] [SYSTEM_IO]: Userdata requested: fullscreen
[00-09-19] [SYSTEM_IO]: Userdata requested: FullScreen [2x]
[00-09-19] [THREAD STARTED]: Console Printing Animation
[00-09-19] [SYSTEM_IO]: Userdata requested: OutputBorder
[00-09-19] [SYSTEM_IO]: Userdata requested: FullScreen
[00-09-19] [SYSTEM_IO]: Userdata requested: InputBorder
[00-09-19] [THREAD STARTED]: Console Input Caret Position Updater
[00-09-19] [SYSTEM_IO]: Userdata requested: OutputFill
[00-09-19] [SYSTEM_IO]: Userdata requested: InputFill
[00-09-19] [THREAD STARTED]: High Ping Checker
[00-09-19] [THREAD STARTED]: Hourly Chime Checker
[00-09-19] [THREAD STARTED]: Console Clock Updater
[00-09-19] [THREAD STARTED]: Cyder Busy Checker
[00-09-19] [THREAD STARTED]: ConsoleFrame Stat Saver
[00-09-19] [UI ACTION] Console loaded in 2490ms
[00-09-19] [THREAD STARTED]: Component name = [cyder.ui.ConsoleFrame], bounds = [(447, 453, 707, 744)], hash = [2023917549], parentFrame = [Object itself is the top level frame], associated text = [No getText() method found], tooltip text = [No getTooltipText() method found], title = [Insomnia Cyder [Nathan]] notification queue checker
[00-09-19] [THREAD STARTED]: Cyder Splash CyderFrame dispose thread
[00-09-19] [UI ACTION] CyderFrame disposed with fastclose: true, CyderFrame: Component name = [cyder.ui.CyderFrame], bounds = [(980, 396, 600, 600)], hash = [536804297], parentFrame = [Object itself is the top level frame], associated text = [No getText() method found], tooltip text = [No getTooltipText() method found], title = [Cyder Splash]
[00-09-19] [SYSTEM_IO]: Userdata requested: DebugWindows
[00-09-19] [ENTRY]: [TESTING MODE]
[00-09-19] [SYSTEM_IO]: Userdata requested: laststart
[00-09-19] [SYSTEM_IO]: [JSON Saved] User was written to file: 7d7ebb00-81fe-329f-8a78-62f463d0b7da\Userdata.json
[00-09-19] [SYSTEM_IO]: Requested deletion of: C:\Users\Nathan\Documents\IntelliJava\Cyder\dynamic\backup\7d7ebb00-81fe-329f-8a78-62f463d0b7da_1647151759200.json
[00-09-19] [UI ACTION] [Insomnia Cyder [Nathan]] [NOTIFICATION] w = 288, h = 29, text = <html>Console loaded in 2490ms</html>
[00-09-19] [THREAD STARTED]: notification appear animation
[00-09-19] [SYSTEM_IO]: Userdata requested: persistentnotifications
[00-09-19] [THREAD STARTED]: Notificaiton Vanish Animator
[00-09-20] [OBJECT CREATION]: Objects created since last delta: 96
[00-09-22] [SYSTEM_IO]: [JSON Saved] User was written to file: 7d7ebb00-81fe-329f-8a78-62f463d0b7da\Userdata.json
[00-09-22] [SYSTEM_IO]: Requested deletion of: C:\Users\Nathan\Documents\IntelliJava\Cyder\dynamic\backup\7d7ebb00-81fe-329f-8a78-62f463d0b7da_1647151759474.json
[00-09-25] [OBJECT CREATION]: Objects created since last delta: 2
[00-09-26] [SYSTEM_IO]: [JSON Saved] User was written to file: 7d7ebb00-81fe-329f-8a78-62f463d0b7da\Userdata.json
[00-09-26] [SYSTEM_IO]: Requested deletion of: C:\Users\Nathan\Documents\IntelliJava\Cyder\dynamic\backup\7d7ebb00-81fe-329f-8a78-62f463d0b7da_1647151762347.json
[00-09-28] [CLIENT]: paint
[00-09-28] [SYSTEM_IO]: Userdata requested: filterchat
[00-09-29] [WIDGET OPENED]: PaintWidget, trigger = paint, triggers = [paint, draw, ]
[00-09-29] [HANDLE]: PRIMARY HANDLE
[00-09-29] [CONSOLE_OUT]: [STRING] Opening widget: PaintWidget
[00-09-29] [SYSTEM_IO]: [JSON Saved] User was written to file: 7d7ebb00-81fe-329f-8a78-62f463d0b7da\Userdata.json
[00-09-29] [SYSTEM_IO]: Requested deletion of: C:\Users\Nathan\Documents\IntelliJava\Cyder\dynamic\backup\7d7ebb00-81fe-329f-8a78-62f463d0b7da_1647151766043.json
[00-09-30] [OBJECT CREATION]: Objects created since last delta: 64
[00-09-33] [SYSTEM_IO]: [JSON Saved] User was written to file: 7d7ebb00-81fe-329f-8a78-62f463d0b7da\Userdata.json
[00-09-33] [SYSTEM_IO]: Requested deletion of: C:\Users\Nathan\Documents\IntelliJava\Cyder\dynamic\backup\7d7ebb00-81fe-329f-8a78-62f463d0b7da_1647151769668.json
[00-09-35] [OBJECT CREATION]: Objects created since last delta: 1431
[00-09-37] [SYSTEM_IO]: [JSON Saved] User was written to file: 7d7ebb00-81fe-329f-8a78-62f463d0b7da\Userdata.json
[00-09-37] [SYSTEM_IO]: Requested deletion of: C:\Users\Nathan\Documents\IntelliJava\Cyder\dynamic\backup\7d7ebb00-81fe-329f-8a78-62f463d0b7da_1647151773427.json
[00-09-40] [OBJECT CREATION]: Objects created since last delta: 1
[00-09-40] [SYSTEM_IO]: [JSON Saved] User was written to file: 7d7ebb00-81fe-329f-8a78-62f463d0b7da\Userdata.json
[00-09-40] [SYSTEM_IO]: Requested deletion of: C:\Users\Nathan\Documents\IntelliJava\Cyder\dynamic\backup\7d7ebb00-81fe-329f-8a78-62f463d0b7da_1647151777183.json
[00-09-43] [SYSTEM_IO]: Userdata requested: minimizeonclose
[00-09-43] [THREAD STARTED]: Insomnia Cyder [Nathan] CyderFrame dispose thread
[00-09-43] [UI ACTION] CyderFrame disposed with fastclose: false, CyderFrame: Component name = [cyder.ui.ConsoleFrame], bounds = [(747, 459, 707, 744)], hash = [2023917549], parentFrame = [Object itself is the top level frame], associated text = [No getText() method found], tooltip text = [No getTooltipText() method found], title = [Insomnia Cyder [Nathan]]
[00-09-43] [SYSTEM_IO]: Userdata requested: closeanimation
[00-09-43] [EXIT]: [RUNTIME] 26s
[00-09-43] [EOL]: Log completed, exiting Cyder with exit code: 0 [Genesis Controlled Exit], exceptions thrown: 0
