[18-06-33] [JVM_ENTRY]: [Nathan]
[18-06-33] [THREAD STARTED]: Object Creation Logger
[18-06-33] [THREAD STARTED]: Singular Cyder Instance Ensurer
[18-06-34] [THREAD STARTED]: Splash Loader
[18-06-34] [THREAD STARTED]: Splash Animation
[18-06-34] [THREAD STARTED]: Cyder Start Secondary Subroutines
[18-06-34] [LOGIN]: [AUTOCYPHER ATTEMPT]
[18-06-34] [THREAD STARTED]: JVM Logger
[18-06-34] [SYSTEM_IO]: Requested deletion of: C:\Users\Nathan\Documents\IntelliJava\Cyder
\dynamic\tmp
[18-06-34] [SYSTEM_IO]: [JSON WRITE] User was written to file: 7d7ebb00-81fe-329f-8a78-62f
463d0b7da\Userdata.json
[18-06-34] [SYSTEM_IO]: Requested deletion of: C:\Users\Nathan\Documents\IntelliJava\Cyder
\dynamic\backup\7d7ebb00-81fe-329f-8a78-62f463d0b7da_1647212323315.json
[18-06-35] [LOGIN]: [AUTOCYPHER PASS, 7d7ebb00-81fe-329f-8a78-62f463d0b7da]
[18-06-35] [SYSTEM_IO]: [JSON WRITE] User was written to file: 7d7ebb00-81fe-329f-8a78-62f
463d0b7da\Userdata.json
[18-06-35] [SYSTEM_IO]: Requested deletion of: C:\Users\Nathan\Documents\IntelliJava\Cyder
\dynamic\backup\7d7ebb00-81fe-329f-8a78-62f463d0b7da_1647212794829.json
[18-06-35] [SYSTEM_IO]: Userdata requested: RandomBackground
[18-06-35] [SYSTEM_IO]: Userdata requested: FullScreen
[18-06-35] [SYSTEM_IO]: Userdata requested: fullscreen
[18-06-35] [SYSTEM_IO]: Userdata requested: FullScreen [2x]
[18-06-35] [THREAD STARTED]: Console Printing Animation
[18-06-35] [SYSTEM_IO]: Userdata requested: OutputBorder
[18-06-35] [SYSTEM_IO]: Userdata requested: FullScreen
[18-06-35] [SYSTEM_IO]: Userdata requested: InputBorder
[18-06-35] [THREAD STARTED]: Console Input Caret Position Updater
[18-06-35] [SYSTEM_IO]: Userdata requested: OutputFill
[18-06-35] [SYSTEM_IO]: Userdata requested: InputFill
[18-06-35] [THREAD STARTED]: High Ping Checker
[18-06-35] [THREAD STARTED]: Hourly Chime Checker
[18-06-35] [THREAD STARTED]: Console Clock Updater
[18-06-35] [THREAD STARTED]: Cyder Busy Checker
[18-06-35] [THREAD STARTED]: ConsoleFrame Stat Saver
[18-06-35] [UI ACTION]: Console loaded in 2334ms
[18-06-35] [THREAD STARTED]: Component = ConsoleFrame (inner), hash = 1416415959, bounds =
(512, 301, 707, 744), parent frame = Component is top frame, getTitle() = Insomnia Cyder
[Nathan] notification queue checker
[18-06-35] [THREAD STARTED]: [Cyder Splash]  dispose() animation thread
[18-06-35] [UI ACTION]: CyderFrame disposed with fastclose: true, Component = CyderFrame,
hash = 2063330204, bounds = (980, 396, 600, 600), parent frame = Component is top frame,
getTitle() = Cyder Splash
[18-06-35] [SYSTEM_IO]: Userdata requested: DebugWindows
[18-06-35] [CONSOLE LOADED]: [Nathan] [TESTING MODE]
[18-06-35] [SYSTEM_IO]: Userdata requested: laststart
[18-06-35] [SYSTEM_IO]: [JSON WRITE] User was written to file: 7d7ebb00-81fe-329f-8a78-62f
463d0b7da\Userdata.json
[18-06-35] [SYSTEM_IO]: Requested deletion of: C:\Users\Nathan\Documents\IntelliJava\Cyder
\dynamic\backup\7d7ebb00-81fe-329f-8a78-62f463d0b7da_1647212795208.json
[18-06-35] [UI ACTION]: [Insomnia Cyder [Nathan]] [NOTIFICATION] w = 288, h = 29, text =
<html>Console loaded in 2334ms</html>
[18-06-35] [THREAD STARTED]: notification appear animation
[18-06-35] [SYSTEM_IO]: Userdata requested: persistentnotifications
[18-06-35] [THREAD STARTED]: Notificaiton Vanish Animator
[18-06-36] [OBJECT CREATION]: Objects created since last delta (5s): 96
[18-06-37] [CLIENT]: mp3
[18-06-37] [SYSTEM_IO]: Userdata requested: filterchat
[18-06-37] [THREAD STARTED]: Flash Player Audio Thread [drippin so pretty ft. Brennan
Savage- Loaded (official music video)]
[18-06-37] [WIDGET OPENED]: AudioPlayer, trigger = mp3
[18-06-37] [HANDLE]: PRIMARY HANDLE
[18-06-37] [CONSOLE_OUT]: [STRING] Opening widget: AudioPlayer
[18-06-38] [THREAD STARTED]: Flash Player scrolling title thread [drippin so pretty ft.
Brennan Savage- Loaded (official music video)]
[18-06-38] [THREAD STARTED]: Flash Player Progress Thread [drippin so pretty ft. Brennan
Savage- Loaded (official music video)]
[18-06-38] [THREAD STARTED]: Flash Player Progress Thread [drippin so pretty ft. Brennan
Savage- Loaded (official music video)]
[18-06-38] [THREAD STARTED]: Flash Player scrolling title thread [drippin so pretty ft.
Brennan Savage- Loaded (official music video)]
[18-06-38] [AUDIO]: [AUDIO PLAYER] drippin so pretty ft. Brennan Savage- Loaded (official
music video).mp3
[18-06-38] [SYSTEM_IO]: [JSON WRITE] User was written to file: 7d7ebb00-81fe-329f-8a78-62f
463d0b7da\Userdata.json
[18-06-38] [SYSTEM_IO]: Requested deletion of: C:\Users\Nathan\Documents\IntelliJava\Cyder
\dynamic\backup\7d7ebb00-81fe-329f-8a78-62f463d0b7da_1647212795581.json
[18-06-41] [OBJECT CREATION]: Objects created since last delta (5s): 23
[18-06-42] [SYSTEM_IO]: [JSON WRITE] User was written to file: 7d7ebb00-81fe-329f-8a78-62f
463d0b7da\Userdata.json
[18-06-42] [SYSTEM_IO]: Requested deletion of: C:\Users\Nathan\Documents\IntelliJava\Cyder
\dynamic\backup\7d7ebb00-81fe-329f-8a78-62f463d0b7da_1647212798383.json
[18-06-43] [SYSTEM_IO]: Userdata requested: minimizeonclose
[18-06-43] [THREAD STARTED]: [Insomnia Cyder [Nathan]]  dispose() animation thread
[18-06-43] [UI ACTION]: CyderFrame disposed with fastclose: false, Component = ConsoleFram
e (inner), hash = 1416415959, bounds = (512, 301, 707, 744), parent frame = Component is
top frame, getTitle() = Insomnia Cyder [Nathan]
[18-06-43] [SYSTEM_IO]: Userdata requested: closeanimation
[18-06-43] [EXIT]: [RUNTIME] 10s
[18-06-43] [EOL]: Log completed, exiting Cyder with exit
code: 0 [Genesis Controlled Exit], exceptions thrown: 0
