[18-14-15] [JVM_ENTRY]: [Nathan]
[18-14-15] [THREAD STARTED]: Object Creation Logger
[18-14-15] [THREAD STARTED]: Singular Cyder Instance Ensurer
[18-14-16] [THREAD STARTED]: Splash Loader
[18-14-16] [THREAD STARTED]: Splash Animation
[18-14-16] [THREAD STARTED]: Cyder Start Secondary Subroutines
[18-14-16] [LOGIN]: [AUTOCYPHER ATTEMPT]
[18-14-16] [THREAD STARTED]: JVM Logger
[18-14-16] [SYSTEM_IO]: Requested deletion of: C:\Users\Nathan\Documents\IntelliJava\Cyder
\dynamic\tmp
[18-14-16] [SYSTEM_IO]: [JSON WRITE] User was written to file: 7d7ebb00-81fe-329f-8a78-62f
463d0b7da\Userdata.json
[18-14-16] [SYSTEM_IO]: Requested deletion of: C:\Users\Nathan\Documents\IntelliJava\Cyder
\dynamic\backup\7d7ebb00-81fe-329f-8a78-62f463d0b7da_1647213188348.json
[18-14-17] [LOGIN]: [AUTOCYPHER PASS, 7d7ebb00-81fe-329f-8a78-62f463d0b7da]
[18-14-17] [SYSTEM_IO]: [JSON WRITE] User was written to file: 7d7ebb00-81fe-329f-8a78-62f
463d0b7da\Userdata.json
[18-14-17] [SYSTEM_IO]: Requested deletion of: C:\Users\Nathan\Documents\IntelliJava\Cyder
\dynamic\backup\7d7ebb00-81fe-329f-8a78-62f463d0b7da_1647213256936.json
[18-14-17] [SYSTEM_IO]: Userdata requested: RandomBackground
[18-14-17] [SYSTEM_IO]: Userdata requested: FullScreen
[18-14-17] [SYSTEM_IO]: Userdata requested: fullscreen
[18-14-17] [SYSTEM_IO]: Userdata requested: FullScreen [2x]
[18-14-17] [THREAD STARTED]: Console Printing Animation
[18-14-17] [SYSTEM_IO]: Userdata requested: OutputBorder
[18-14-17] [SYSTEM_IO]: Userdata requested: FullScreen
[18-14-17] [SYSTEM_IO]: Userdata requested: InputBorder
[18-14-17] [THREAD STARTED]: Console Input Caret Position Updater
[18-14-17] [SYSTEM_IO]: Userdata requested: OutputFill
[18-14-17] [SYSTEM_IO]: Userdata requested: InputFill
[18-14-17] [THREAD STARTED]: High Ping Checker
[18-14-17] [THREAD STARTED]: Hourly Chime Checker
[18-14-17] [THREAD STARTED]: Console Clock Updater
[18-14-17] [THREAD STARTED]: Cyder Busy Checker
[18-14-17] [THREAD STARTED]: ConsoleFrame Stat Saver
[18-14-17] [UI ACTION]: Console loaded in 2428ms
[18-14-17] [THREAD STARTED]: Component = ConsoleFrame (inner), hash = 1416415959, bounds =
(380, 454, 707, 744), parent frame = Component is top frame, getTitle() = Insomnia Cyder
[Nathan] notification queue checker
[18-14-17] [THREAD STARTED]: [Cyder Splash]  dispose() animation thread
[18-14-17] [UI ACTION]: CyderFrame disposed with fastclose: true, Component = CyderFrame,
hash = 866850004, bounds = (980, 396, 600, 600), parent frame = Component is top frame,
getTitle() = Cyder Splash
[18-14-17] [SYSTEM_IO]: Userdata requested: DebugWindows
[18-14-17] [CONSOLE LOADED]: [Nathan] [TESTING MODE]
[18-14-17] [SYSTEM_IO]: Userdata requested: laststart
[18-14-17] [SYSTEM_IO]: [JSON WRITE] User was written to file: 7d7ebb00-81fe-329f-8a78-62f
463d0b7da\Userdata.json
[18-14-17] [SYSTEM_IO]: Requested deletion of: C:\Users\Nathan\Documents\IntelliJava\Cyder
\dynamic\backup\7d7ebb00-81fe-329f-8a78-62f463d0b7da_1647213257325.json
[18-14-17] [UI ACTION]: [Insomnia Cyder [Nathan]] [NOTIFICATION] w = 288, h = 29, text =
<html>Console loaded in 2428ms</html>
[18-14-17] [THREAD STARTED]: notification appear animation
[18-14-17] [SYSTEM_IO]: Userdata requested: persistentnotifications
[18-14-17] [THREAD STARTED]: Notificaiton Vanish Animator
[18-14-18] [OBJECT CREATION]: Objects created since last delta (5s): 96
[18-14-20] [SYSTEM_IO]: [JSON WRITE] User was written to file: 7d7ebb00-81fe-329f-8a78-62f
463d0b7da\Userdata.json
[18-14-20] [SYSTEM_IO]: Requested deletion of: C:\Users\Nathan\Documents\IntelliJava\Cyder
\dynamic\backup\7d7ebb00-81fe-329f-8a78-62f463d0b7da_1647213257613.json
[18-14-20] [CLIENT]: mp3
[18-14-20] [SYSTEM_IO]: Userdata requested: filterchat
[18-14-20] [CONSOLE_OUT]: [STRING] Opening widget: AudioPlayer
[18-14-20] [THREAD STARTED]: Flash Player Audio Thread [drippin so pretty ft. Brennan
Savage- Loaded (official music video)]
[18-14-20] [WIDGET OPENED]: AudioPlayer, trigger = mp3
[18-14-20] [HANDLE]: PRIMARY HANDLE
[18-14-21] [THREAD STARTED]: Flash Player scrolling title thread [drippin so pretty ft.
Brennan Savage- Loaded (official music video)]
[18-14-21] [THREAD STARTED]: Flash Player Progress Thread [drippin so pretty ft. Brennan
Savage- Loaded (official music video)]
[18-14-21] [THREAD STARTED]: Flash Player Progress Thread [drippin so pretty ft. Brennan
Savage- Loaded (official music video)]
[18-14-21] [THREAD STARTED]: Flash Player scrolling title thread [drippin so pretty ft.
Brennan Savage- Loaded (official music video)]
[18-14-21] [AUDIO]: [AUDIO PLAYER] drippin so pretty ft. Brennan Savage- Loaded (official
music video).mp3
[18-14-23] [OBJECT CREATION]: Objects created since last delta (5s): 23
[18-14-23] [THREAD STARTED]: Flash Player Progress Thread [drippin so pretty ft. Brennan
Savage- Loaded (official music video)]
[18-14-24] [THREAD STARTED]: Flash Player scrolling title thread [drippin so pretty ft.
Brennan Savage- Loaded (official music video)]
[18-14-24] [SYSTEM_IO]: [JSON WRITE] User was written to file: 7d7ebb00-81fe-329f-8a78-62f
463d0b7da\Userdata.json
[18-14-24] [SYSTEM_IO]: Requested deletion of: C:\Users\Nathan\Documents\IntelliJava\Cyder
\dynamic\backup\7d7ebb00-81fe-329f-8a78-62f463d0b7da_1647213260480.json
[18-14-27] [SYSTEM_IO]: [JSON WRITE] User was written to file: 7d7ebb00-81fe-329f-8a78-62f
463d0b7da\Userdata.json
[18-14-27] [SYSTEM_IO]: Requested deletion of: C:\Users\Nathan\Documents\IntelliJava\Cyder
\dynamic\backup\7d7ebb00-81fe-329f-8a78-62f463d0b7da_1647213264122.json
[18-14-28] [OBJECT CREATION]: Objects created since last delta (5s): 2
[18-14-30] [SYSTEM_IO]: [JSON WRITE] User was written to file: 7d7ebb00-81fe-329f-8a78-62f
463d0b7da\Userdata.json
[18-14-30] [SYSTEM_IO]: Requested deletion of: C:\Users\Nathan\Documents\IntelliJava\Cyder
\dynamic\backup\7d7ebb00-81fe-329f-8a78-62f463d0b7da_1647213267850.json
[18-14-33] [OBJECT CREATION]: Objects created since last delta (5s): 1
[18-14-33] [SYSTEM_IO]: [JSON WRITE] User was written to file: 7d7ebb00-81fe-329f-8a78-62f
463d0b7da\Userdata.json
[18-14-33] [SYSTEM_IO]: Requested deletion of: C:\Users\Nathan\Documents\IntelliJava\Cyder
\dynamic\backup\7d7ebb00-81fe-329f-8a78-62f463d0b7da_1647213270910.json
[18-14-37] [SYSTEM_IO]: [JSON WRITE] User was written to file: 7d7ebb00-81fe-329f-8a78-62f
463d0b7da\Userdata.json
[18-14-37] [SYSTEM_IO]: Requested deletion of: C:\Users\Nathan\Documents\IntelliJava\Cyder
\dynamic\backup\7d7ebb00-81fe-329f-8a78-62f463d0b7da_1647213273974.json
[18-14-38] [OBJECT CREATION]: Objects created since last delta (5s): 2
[18-14-41] [SYSTEM_IO]: [JSON WRITE] User was written to file: 7d7ebb00-81fe-329f-8a78-62f
463d0b7da\Userdata.json
[18-14-41] [SYSTEM_IO]: Requested deletion of: C:\Users\Nathan\Documents\IntelliJava\Cyder
\dynamic\backup\7d7ebb00-81fe-329f-8a78-62f463d0b7da_1647213277373.json
[18-14-43] [OBJECT CREATION]: Objects created since last delta (5s): 1
[18-14-44] [SYSTEM_IO]: [JSON WRITE] User was written to file: 7d7ebb00-81fe-329f-8a78-62f
463d0b7da\Userdata.json
[18-14-44] [SYSTEM_IO]: Requested deletion of: C:\Users\Nathan\Documents\IntelliJava\Cyder
\dynamic\backup\7d7ebb00-81fe-329f-8a78-62f463d0b7da_1647213281097.json
[18-14-47] [SYSTEM_IO]: [JSON WRITE] User was written to file: 7d7ebb00-81fe-329f-8a78-62f
463d0b7da\Userdata.json
[18-14-47] [SYSTEM_IO]: Requested deletion of: C:\Users\Nathan\Documents\IntelliJava\Cyder
\dynamic\backup\7d7ebb00-81fe-329f-8a78-62f463d0b7da_1647213284239.json
[18-14-48] [OBJECT CREATION]: Objects created since last delta (5s): 2
[18-14-50] [SYSTEM_IO]: [JSON WRITE] User was written to file: 7d7ebb00-81fe-329f-8a78-62f
463d0b7da\Userdata.json
[18-14-50] [SYSTEM_IO]: Requested deletion of: C:\Users\Nathan\Documents\IntelliJava\Cyder
\dynamic\backup\7d7ebb00-81fe-329f-8a78-62f463d0b7da_1647213287302.json
[18-14-53] [OBJECT CREATION]: Objects created since last delta (5s): 1
[18-14-54] [SYSTEM_IO]: [JSON WRITE] User was written to file: 7d7ebb00-81fe-329f-8a78-62f
463d0b7da\Userdata.json
[18-14-54] [SYSTEM_IO]: Requested deletion of: C:\Users\Nathan\Documents\IntelliJava\Cyder
\dynamic\backup\7d7ebb00-81fe-329f-8a78-62f463d0b7da_1647213290637.json
[18-14-57] [SYSTEM_IO]: [JSON WRITE] User was written to file: 7d7ebb00-81fe-329f-8a78-62f
463d0b7da\Userdata.json
[18-14-57] [SYSTEM_IO]: Requested deletion of: C:\Users\Nathan\Documents\IntelliJava\Cyder
\dynamic\backup\7d7ebb00-81fe-329f-8a78-62f463d0b7da_1647213294526.json
[18-14-58] [OBJECT CREATION]: Objects created since last delta (5s): 2
[18-15-22] [EOL]: Log completed, Cyder crashed unexpectedly: exit code: -9 External Stop, exceptions thrown: 0
