[18-20-18] [JVM_ENTRY]: [Nathan]
[18-20-18] [THREAD STARTED]: Object Creation Logger
[18-20-18] [THREAD STARTED]: Singular Cyder Instance Ensurer
[18-20-19] [THREAD STARTED]: Splash Loader
[18-20-19] [THREAD STARTED]: Splash Animation
[18-20-20] [THREAD STARTED]: Cyder Start Secondary Subroutines
[18-20-20] [LOGIN]: [AUTOCYPHER ATTEMPT]
[18-20-20] [THREAD STARTED]: JVM Logger
[18-20-20] [SYSTEM_IO]: Requested deletion of: C:\Users\Nathan\Documents\IntelliJava\Cyder
\dynamic\tmp
[18-20-20] [SYSTEM_IO]: [JSON WRITE] User was written to file: 7d7ebb00-81fe-329f-8a78-62f
463d0b7da\Userdata.json
[18-20-20] [SYSTEM_IO]: Requested deletion of: C:\Users\Nathan\Documents\IntelliJava\Cyder
\dynamic\backup\7d7ebb00-81fe-329f-8a78-62f463d0b7da_1647213593771.json
[18-20-20] [LOGIN]: [AUTOCYPHER PASS, 7d7ebb00-81fe-329f-8a78-62f463d0b7da]
[18-20-20] [SYSTEM_IO]: [JSON WRITE] User was written to file: 7d7ebb00-81fe-329f-8a78-62f
463d0b7da\Userdata.json
[18-20-20] [SYSTEM_IO]: Requested deletion of: C:\Users\Nathan\Documents\IntelliJava\Cyder
\dynamic\backup\7d7ebb00-81fe-329f-8a78-62f463d0b7da_1647213620082.json
[18-20-20] [SYSTEM_IO]: Userdata requested: RandomBackground
[18-20-20] [SYSTEM_IO]: Userdata requested: FullScreen
[18-20-20] [SYSTEM_IO]: Userdata requested: fullscreen
[18-20-20] [SYSTEM_IO]: Userdata requested: FullScreen [2x]
[18-20-20] [THREAD STARTED]: Console Printing Animation
[18-20-20] [SYSTEM_IO]: Userdata requested: OutputBorder
[18-20-20] [SYSTEM_IO]: Userdata requested: FullScreen
[18-20-20] [SYSTEM_IO]: Userdata requested: InputBorder
[18-20-20] [THREAD STARTED]: Console Input Caret Position Updater
[18-20-20] [SYSTEM_IO]: Userdata requested: OutputFill
[18-20-20] [SYSTEM_IO]: Userdata requested: InputFill
[18-20-20] [THREAD STARTED]: High Ping Checker
[18-20-20] [THREAD STARTED]: Hourly Chime Checker
[18-20-20] [THREAD STARTED]: Console Clock Updater
[18-20-20] [THREAD STARTED]: Cyder Busy Checker
[18-20-20] [THREAD STARTED]: ConsoleFrame Stat Saver
[18-20-20] [UI ACTION]: Console loaded in 2465ms
[18-20-20] [THREAD STARTED]: Component = ConsoleFrame (inner), hash = 1416415959, bounds =
(380, 454, 707, 744), parent frame = Component is top frame, getTitle() = Insomnia Cyder
[Nathan] notification queue checker
[18-20-20] [THREAD STARTED]: [Cyder Splash]  dispose() animation thread
[18-20-20] [UI ACTION]: CyderFrame disposed with fastclose: true, Component = CyderFrame,
hash = 288608360, bounds = (980, 396, 600, 600), parent frame = Component is top frame,
getTitle() = Cyder Splash
[18-20-20] [SYSTEM_IO]: Userdata requested: DebugWindows
[18-20-20] [CONSOLE LOADED]: [Nathan] [TESTING MODE]
[18-20-20] [SYSTEM_IO]: Userdata requested: laststart
[18-20-20] [SYSTEM_IO]: [JSON WRITE] User was written to file: 7d7ebb00-81fe-329f-8a78-62f
463d0b7da\Userdata.json
[18-20-20] [SYSTEM_IO]: Requested deletion of: C:\Users\Nathan\Documents\IntelliJava\Cyder
\dynamic\backup\7d7ebb00-81fe-329f-8a78-62f463d0b7da_1647213620487.json
[18-20-20] [UI ACTION]: [Insomnia Cyder [Nathan]] [NOTIFICATION] w = 288, h = 29, text =
<html>Console loaded in 2465ms</html>
[18-20-20] [THREAD STARTED]: notification appear animation
[18-20-20] [SYSTEM_IO]: Userdata requested: persistentnotifications
[18-20-20] [THREAD STARTED]: Notificaiton Vanish Animator
[18-20-21] [OBJECT CREATION]: Objects created since last delta (5s): 96
[18-20-23] [SYSTEM_IO]: [JSON WRITE] User was written to file: 7d7ebb00-81fe-329f-8a78-62f
463d0b7da\Userdata.json
[18-20-23] [SYSTEM_IO]: Requested deletion of: C:\Users\Nathan\Documents\IntelliJava\Cyder
\dynamic\backup\7d7ebb00-81fe-329f-8a78-62f463d0b7da_1647213620769.json
[18-20-26] [OBJECT CREATION]: Objects created since last delta (5s): 2
[18-20-27] [SYSTEM_IO]: [JSON WRITE] User was written to file: 7d7ebb00-81fe-329f-8a78-62f
463d0b7da\Userdata.json
[18-20-27] [SYSTEM_IO]: Requested deletion of: C:\Users\Nathan\Documents\IntelliJava\Cyder
\dynamic\backup\7d7ebb00-81fe-329f-8a78-62f463d0b7da_1647213623649.json
[18-20-31] [SYSTEM_IO]: [JSON WRITE] User was written to file: 7d7ebb00-81fe-329f-8a78-62f
463d0b7da\Userdata.json
[18-20-31] [SYSTEM_IO]: Requested deletion of: C:\Users\Nathan\Documents\IntelliJava\Cyder
\dynamic\backup\7d7ebb00-81fe-329f-8a78-62f463d0b7da_1647213627399.json
[18-20-31] [OBJECT CREATION]: Objects created since last delta (5s): 2
[18-20-34] [SYSTEM_IO]: [JSON WRITE] User was written to file: 7d7ebb00-81fe-329f-8a78-62f
463d0b7da\Userdata.json
[18-20-34] [SYSTEM_IO]: Requested deletion of: C:\Users\Nathan\Documents\IntelliJava\Cyder
\dynamic\backup\7d7ebb00-81fe-329f-8a78-62f463d0b7da_1647213631128.json
[18-20-36] [OBJECT CREATION]: Objects created since last delta (5s): 1
[18-20-37] [SYSTEM_IO]: Userdata requested: minimizeonclose
[18-20-37] [THREAD STARTED]: [Insomnia Cyder [Nathan]]  dispose() animation thread
[18-20-37] [UI ACTION]: CyderFrame disposed with fastclose: false, Component = ConsoleFram
e (inner), hash = 1416415959, bounds = (1424, 535, 707, 744), parent frame = Component is
top frame, getTitle() = Insomnia Cyder [Nathan]
[18-20-37] [SYSTEM_IO]: Userdata requested: closeanimation
[18-20-37] [EXIT]: [RUNTIME] 18s
[18-20-37] [EOL]: Log completed, exiting Cyder with exit
code: 0 [Genesis Controlled Exit], exceptions thrown: 0
