[19-42-03] [ENTRY]: [Nathan]
[19-42-03] [SYSTEM_IO]: System data pared in IOUtil's static block
[19-42-03] [SYSTEM_IO]: Suggestions pared in IOUtil's static block
[19-42-03] [SYSTEM_IO]: Exit conditions pared in IOUtil's static block
[19-42-03] [SYSTEM_IO]: DebugHashes pared in IOUtil's static block
[19-42-05] [LOGIN]: [AUTOCYPHER ATTEMPT]
[19-42-05] [JAVA ARGS]: [LOCATION] [La casa de Nathan]
[19-42-05] [LOGIN]: [AUTOCYPHER PASS, e5a50641-21d1-3654-b738-c0e4b2dc61b1]
[19-42-05] [SYSTEM_IO]: Userdata requested: Name
[19-42-05] [SYSTEM_IO]: Userdata requested: RandomBackground
[19-42-05] [SYSTEM_IO]: Userdata requested: FullScreen
[19-42-05] [SYSTEM_IO]: Userdata requested: Name
[19-42-05] [SYSTEM_IO]: Userdata requested: Foreground [2x]
[19-42-05] [SYSTEM_IO]: Userdata requested: FullScreen [2x]
[19-42-05] [SYSTEM_IO]: Userdata requested: Foreground
[19-42-05] [SYSTEM_IO]: Userdata requested: Font
[19-42-05] [SYSTEM_IO]: Userdata requested: OutputBorder
[19-42-05] [SYSTEM_IO]: Userdata requested: FullScreen
[19-42-05] [SYSTEM_IO]: Userdata requested: InputBorder
[19-42-05] [SYSTEM_IO]: Userdata requested: Foreground [3x]
[19-42-05] [SYSTEM_IO]: Userdata requested: Font
[19-42-05] [SYSTEM_IO]: Userdata requested: OutputFill
[19-42-05] [SYSTEM_IO]: Userdata requested: InputFill
[19-42-06] [ACTION]: CyderFrame disposed with fastclose: true, CyderFrame: Component name = [cyder.ui.CyderFrame], bounds = [(980, 396, 600, 600)], hash = [667001178], parentFrame = [Object itself is the top level frame], associated text = [No getText() method found], tooltip text = [No getTooltipText() method found], title = [Cyder Splash]
[19-42-06] [ACTION]: Console loaded in 3509ms
[19-42-06] [SYSTEM_IO]: Userdata requested: DebugWindows
[19-42-06] [ENTRY]: [TESTING MODE]
[19-42-06] [SYSTEM_IO]: Userdata requested: laststart
[19-42-06] [ACTION]: [Stellar Cyder [Nathan]] [NOTIFICATION] Console loaded in 3509ms
[19-42-06] [SYSTEM_IO]: Userdata requested: persistentnotifications
[19-42-07] [CLIENT]: logout
[19-42-07] [SYSTEM_IO]: Userdata requested: filterchat
[19-42-07] [SYSTEM_IO]: Userdata requested: Name
[19-42-07] [LOGOUT]: [Nathan]
[19-42-07] [ACTION]: CyderFrame disposed with fastclose: true, CyderFrame: Component name = [cyder.ui.CyderFrame], bounds = [(980, 396, 600, 600)], hash = [667001178], parentFrame = [Object itself is the top level frame], associated text = [No getText() method found], tooltip text = [No getTooltipText() method found], title = [Cyder Splash]
[19-42-07] [ACTION]: CyderFrame disposed with fastclose: true, CyderFrame: Component name = [cyder.ui.ConsoleFrame], bounds = [(1052, 438, 743, 708)], hash = [1885922916], parentFrame = [Object itself is the top level frame], associated text = [No getText() method found], tooltip text = [No getTooltipText() method found], title = [Stellar Cyder [Nathan]]
[19-42-07] [ACTION]: CyderFrame disposed with fastclose: true, CyderFrame: Component name = [cyder.ui.CyderFrame], bounds = [(980, 396, 600, 600)], hash = [667001178], parentFrame = [Object itself is the top level frame], associated text = [No getText() method found], tooltip text = [No getTooltipText() method found], title = [Cyder Splash]
[19-42-07] [HANDLE]: GENERAL COMMAND HANDLED
[19-42-07] [HANDLE]: PRIMARY HANDLE
[19-42-08] [CLIENT_IO]: [LOGIN FRAME] Nathan@CypherLenovo:~$ login
[19-42-09] [CLIENT_IO]: [LOGIN FRAME] Username: nathan
[19-42-10] [LOGIN]: [STD LOGIN, e5a50641-21d1-3654-b738-c0e4b2dc61b1]
[19-42-10] [SYSTEM_IO]: Userdata requested: Name
[19-42-10] [SYSTEM_IO]: Userdata requested: RandomBackground
[19-42-10] [SYSTEM_IO]: Userdata requested: FullScreen
[19-42-11] [SYSTEM_IO]: Userdata requested: Name
[19-42-11] [SYSTEM_IO]: Userdata requested: Foreground [2x]
[19-42-11] [SYSTEM_IO]: Userdata requested: FullScreen [2x]
[19-42-11] [SYSTEM_IO]: Userdata requested: Foreground
[19-42-11] [SYSTEM_IO]: Userdata requested: Font
[19-42-11] [SYSTEM_IO]: Userdata requested: OutputBorder
[19-42-11] [SYSTEM_IO]: Userdata requested: FullScreen
[19-42-11] [SYSTEM_IO]: Userdata requested: InputBorder
[19-42-11] [SYSTEM_IO]: Userdata requested: Foreground [3x]
[19-42-11] [SYSTEM_IO]: Userdata requested: Font
[19-42-11] [SYSTEM_IO]: Userdata requested: OutputFill
[19-42-11] [SYSTEM_IO]: Userdata requested: InputFill
[19-42-11] [ACTION]: CyderFrame disposed with fastclose: true, CyderFrame: Component name = [cyder.ui.CyderFrame], bounds = [(980, 396, 600, 600)], hash = [667001178], parentFrame = [Object itself is the top level frame], associated text = [No getText() method found], tooltip text = [No getTooltipText() method found], title = [Cyder Splash]
[19-42-11] [ACTION]: CyderFrame disposed with fastclose: true, CyderFrame: Component name = [cyder.ui.ConsoleFrame], bounds = [(1052, 438, 743, 708)], hash = [1885922916], parentFrame = [Object itself is the top level frame], associated text = [No getText() method found], tooltip text = [No getTooltipText() method found], title = [Stellar Cyder [Nathan]]
[19-42-11] [ACTION]: CyderFrame disposed with fastclose: true, CyderFrame: Component name = [cyder.ui.CyderFrame], bounds = [(1123, 592, 600, 400)], hash = [32614404], parentFrame = [Object itself is the top level frame], associated text = [No getText() method found], tooltip text = [No getTooltipText() method found], title = [Cyder Login [Stellar Build]]
[19-42-11] [ACTION]: Console loaded in 3509ms
[19-42-11] [ACTION]: CyderFrame disposed with fastclose: true, CyderFrame: Component name = [cyder.ui.CyderFrame], bounds = [(1123, 592, 600, 400)], hash = [32614404], parentFrame = [Object itself is the top level frame], associated text = [No getText() method found], tooltip text = [No getTooltipText() method found], title = [Cyder Login [Stellar Build]]
[19-42-11] [SYSTEM_IO]: Userdata requested: DebugWindows
[19-42-11] [ENTRY]: [TESTING MODE]
[19-42-11] [SYSTEM_IO]: Userdata requested: laststart
[19-42-13] [CLIENT]: clear
[19-42-13] [SYSTEM_IO]: Userdata requested: filterchat
[19-42-13] [HANDLE]: GENERAL COMMAND HANDLED
[19-42-13] [HANDLE]: PRIMARY HANDLE
[19-42-14] [CLIENT]: threads
[19-42-14] [SYSTEM_IO]: Userdata requested: filterchat
[19-42-14] [HANDLE]: PRINT IMAGE COMMAND HANDLED
[19-42-14] [HANDLE]: PRIMARY HANDLE
[19-42-14] [CONSOLE_OUT]: [STRING] Singular Cyder Instance Ensurer Thread
[19-42-14] [CONSOLE_OUT]: [STRING] Final Frame Disposed Checker
[19-42-14] [CONSOLE_OUT]: [STRING] AWT-EventQueue-0
[19-42-14] [CONSOLE_OUT]: [STRING] ConsoleFrame Position Saver
[19-42-14] [CONSOLE_OUT]: [STRING] DestroyJavaVM
[19-42-14] [CONSOLE_OUT]: [STRING] Console Printing Animation
[19-42-14] [CONSOLE_OUT]: [STRING] Console Input Caret Position Updater
[19-42-14] [CONSOLE_OUT]: [STRING] Stable Network Connection Checker
[19-42-14] [CONSOLE_OUT]: [STRING] Hourly Chime Checker
[19-42-14] [CONSOLE_OUT]: [STRING] Console Clock Updater
[19-42-14] [CONSOLE_OUT]: [STRING] Cyder Busy Checker
[19-42-14] [CONSOLE_OUT]: [STRING] ConsoleFrame Position Saver
[19-42-14] [CONSOLE_OUT]: [STRING] Cyder Login [Stellar Build] CyderFrame dispose thread
[19-42-14] [CONSOLE_OUT]: [STRING] Escaped
[19-42-15] [CLIENT]: clear
[19-42-15] [SYSTEM_IO]: Userdata requested: filterchat
[19-42-15] [HANDLE]: GENERAL COMMAND HANDLED
[19-42-15] [HANDLE]: PRIMARY HANDLE
[19-42-17] [SYSTEM_IO]: Userdata requested: minimizeonclose
[19-42-17] [SYSTEM_IO]: Userdata requested: Name
[19-42-17] [LOGOUT]: [Nathan]
[19-42-19] [EXIT]: [RUNTIME] 16s
[19-42-19] [EOL]: Log completed, exiting Cyder with exit code: 120 [Final Frame Disposed], exceptions thrown: 0
