[18-47-50] [ENTRY]: [Nathan]
[18-47-51] [THREAD STARTED]: Singular Cyder Instance Ensurer
[18-47-51] [THREAD STARTED]: Splash Loader
[18-47-52] [THREAD STARTED]: Splash Animation
[18-47-52] [DEBUG]: Method annotated with @Widget is not named showGUI(); name: Christmas2020
[18-47-52] [DEBUG]: Method annotated with @Widget is not named showGUI(); name: Birthday2021
[18-47-52] [DEBUG]: Method annotated with @Widget is not named showGUI(); name: Christmas2021
[18-47-52] [DEBUG]: Method annotated with @Widget is not named showGUI(); name: FathersDay2021
[18-47-52] [THREAD STARTED]: Cyder Start Secondary Subroutines
[18-47-52] [LOGIN]: [AUTOCYPHER ATTEMPT]
[18-47-52] [JAVA ARGS]: [LOCATION] [La casa de Nathan]
[18-47-52] [ACTION]: Requested deletion of: C:\Users\Nathan\Documents\IntelliJava\Cyder\dynamic\tmp
[18-47-53] [LOGIN]: [[AUTOCYPHER PASS]: e5a50641-21d1-3654-b738-c0e4b2dc61b1]
[18-47-53] [SYSTEM_IO]: Userdata requested: RandomBackground
[18-47-53] [SYSTEM_IO]: Userdata requested: FullScreen
[18-47-53] [SYSTEM_IO]: Userdata requested: fullscreen
[18-47-53] [SYSTEM_IO]: Userdata requested: FullScreen [2x]
[18-47-53] [THREAD STARTED]: Console Printing Animation
[18-47-53] [SYSTEM_IO]: Userdata requested: OutputBorder
[18-47-53] [SYSTEM_IO]: Userdata requested: FullScreen
[18-47-53] [SYSTEM_IO]: Userdata requested: InputBorder
[18-47-53] [THREAD STARTED]: Console Input Caret Position Updater
[18-47-53] [SYSTEM_IO]: Userdata requested: OutputFill
[18-47-53] [SYSTEM_IO]: Userdata requested: InputFill
[18-47-53] [THREAD STARTED]: High Ping Checker
[18-47-53] [THREAD STARTED]: Hourly Chime Checker
[18-47-53] [THREAD STARTED]: Console Clock Updater
[18-47-53] [THREAD STARTED]: Cyder Busy Checker
[18-47-53] [THREAD STARTED]: ConsoleFrame Data Saver
[18-47-53] [ACTION]: Console loaded in 3060ms
[18-47-53] [SYSTEM_IO]: Userdata requested: DebugWindows
[18-47-53] [ENTRY]: [TESTING MODE]
[18-47-53] [SYSTEM_IO]: Userdata requested: laststart
[18-47-53] [THREAD STARTED]: Component name = [cyder.ui.ConsoleFrame], bounds = [(1467, 213, 996, 655)], hash = [2016828666], parentFrame = [Object itself is the top level frame], associated text = [No getText() method found], tooltip text = [No getTooltipText() method found], title = [Insomnia Cyder [Nathan]] notification queue checker
[18-47-53] [ACTION]: CyderFrame disposed with fastclose: true, CyderFrame: Component name = [cyder.ui.CyderFrame], bounds = [(980, 396, 600, 600)], hash = [2050314376], parentFrame = [Object itself is the top level frame], associated text = [No getText() method found], tooltip text = [No getTooltipText() method found], title = [Cyder Splash]
[18-47-53] [THREAD STARTED]: Cyder Splash CyderFrame dispose thread
[18-47-53] [ACTION]: [Insomnia Cyder [Nathan]] [NOTIFICATION] Console loaded in 3060ms
[18-47-53] [THREAD STARTED]: notification appear animation
[18-47-54] [SYSTEM_IO]: Userdata requested: persistentnotifications
[18-47-56] [THREAD STARTED]: Notificaiton vanish animater 1680890997 [2x]
[18-47-59] [CLIENT]: download
[18-47-59] [SYSTEM_IO]: Userdata requested: filterchat
[18-48-00] [CONSOLE_OUT]: [STRING] Saving file: 89ed5281-604a-3f33-b79f-f707d8840939 to files directory
[18-48-00] [THREAD STARTED]: File URL Downloader
[18-48-00] [HANDLE]: GENERAL COMMAND HANDLED
[18-48-00] [HANDLE]: PRIMARY HANDLE
[18-48-00] [CONSOLE_OUT]: [STRING] Successfully saved
[18-48-04] [CLIENT]: play
[18-48-04] [SYSTEM_IO]: Userdata requested: filterchat
[18-48-04] [THREAD STARTED]: YouTube Download Initializer Thread
[18-48-04] [HANDLE]: GENERAL COMMAND HANDLED
[18-48-04] [HANDLE]: PRIMARY HANDLE
[18-48-05] [CONSOLE_OUT]: [STRING] Downloading audio as: Chillstep Anima - You Are Truth.mp3
[18-48-05] [THREAD STARTED]: YouTube Download Progress Updater
[18-48-05] [CONSOLE_OUT]: [JCOMPONENT] Component name = [cyder.ui.CyderProgressBar], bounds = [(0, 0, 400, 40)], hash = [1589462828], parentFrame = [No associated frame], associated text = [No getText() method found], tooltip text = [No getTooltipText() method found], title = [No getTitle() method found]
[18-48-05] [CONSOLE_OUT]: [STRING]
[18-48-06] [CONSOLE_OUT]: [STRING] Downloading audio as: Chillstep  Wayr - Against Fate.mp3
[18-48-06] [THREAD STARTED]: YouTube Download Progress Updater
[18-48-06] [CONSOLE_OUT]: [JCOMPONENT] Component name = [cyder.ui.CyderProgressBar], bounds = [(0, 0, 400, 40)], hash = [356191340], parentFrame = [No associated frame], associated text = [No getText() method found], tooltip text = [No getTooltipText() method found], title = [No getTitle() method found]
[18-48-06] [CONSOLE_OUT]: [STRING]
[18-48-07] [CONSOLE_OUT]: [STRING] Downloading audio as: Chillstep  Wayr - Follow the Light.mp3
[18-48-07] [THREAD STARTED]: YouTube Download Progress Updater
[18-48-07] [CONSOLE_OUT]: [JCOMPONENT] Component name = [cyder.ui.CyderProgressBar], bounds = [(0, 0, 400, 40)], hash = [1477181168], parentFrame = [No associated frame], associated text = [No getText() method found], tooltip text = [No getTooltipText() method found], title = [No getTitle() method found]
[18-48-07] [CONSOLE_OUT]: [STRING]
[18-48-07] [CONSOLE_OUT]: [STRING] Downloading audio as: Neutralize - Lost  Chillstep.mp3
[18-48-07] [THREAD STARTED]: YouTube Download Progress Updater
[18-48-07] [CONSOLE_OUT]: [JCOMPONENT] Component name = [cyder.ui.CyderProgressBar], bounds = [(0, 0, 400, 40)], hash = [1749589220], parentFrame = [No associated frame], associated text = [No getText() method found], tooltip text = [No getTooltipText() method found], title = [No getTitle() method found]
[18-48-07] [CONSOLE_OUT]: [STRING]
[18-48-12] [CONSOLE_OUT]: [STRING] "finalParsedAsciiSaveName" file size: 6.60MiB
[18-48-12] [CONSOLE_OUT]: [STRING] "finalParsedAsciiSaveName" file size: 5.45MiB
[18-48-13] [CONSOLE_OUT]: [STRING] "finalParsedAsciiSaveName" file size: 5.48MiB
[18-48-13] [CONSOLE_OUT]: [STRING] "finalParsedAsciiSaveName" file size: 6.42MiB
[18-48-35] [THREAD STARTED]: minimize menu thread
[18-48-35] [THREAD STARTED]: Console menu animator
[18-49-28] [WIDGET OPENED]: AUDIO PLAYER
[18-49-28] [CONSOLE_OUT]: [STRING] Download complete: saved as Chillstep  Wayr - Against Fate.mp3 and added to mp3 queue
[18-49-28] [THREAD STARTED]: Flash Player Audio Thread[Chillstep  Wayr - Against Fate]
[18-49-28] [THREAD STARTED]: Flash Player Progress Thread[Chillstep  Wayr - Against Fate]
[18-49-28] [ACTION]: [AUDIO PLAYER] Chillstep  Wayr - Against Fate.mp3
[18-49-51] [ACTION]: Component name = [cyder.ui.DragLabel], bounds = [(2, 2, 496, 28)], hash = [1974838652], parentFrame = [Chillstep  Wayr - Against Fate], associated text = [No getText() method found], tooltip text = [No getTooltipText() method found], title = [No getTitle() method found]
[18-50-08] [CONSOLE_OUT]: [STRING] Download complete: saved as Chillstep  Wayr - Follow the Light.mp3 and added to mp3 queue
[18-50-19] [ACTION]: Component name = [cyder.ui.DragLabel], bounds = [(2, 2, 496, 28)], hash = [1974838652], parentFrame = [Chillstep  Wayr - Against Fate], associated text = [No getText() method found], tooltip text = [No getTooltipText() method found], title = [No getTitle() method found] [2x]
[18-50-38] [CONSOLE_OUT]: [STRING] Download complete: saved as Neutralize - Lost  Chillstep.mp3 and added to mp3 queue
[18-50-41] [CONSOLE_OUT]: [STRING] Download complete: saved as Chillstep Anima - You Are Truth.mp3 and added to mp3 queue
[18-51-22] [THREAD STARTED]: Flash Player Audio Thread[Chillstep  Wayr - Follow the Light]
[18-51-22] [THREAD STARTED]: Flash Player Progress Thread[Chillstep  Wayr - Follow the Light]
[18-51-22] [ACTION]: [AUDIO PLAYER] Chillstep  Wayr - Follow the Light.mp3
[18-51-25] [THREAD STARTED]: Flash Player Audio Thread[Chillstep Anima - You Are Truth]
[18-51-25] [THREAD STARTED]: Flash Player Progress Thread[Chillstep Anima - You Are Truth]
[18-51-25] [ACTION]: [AUDIO PLAYER] Chillstep Anima - You Are Truth.mp3
[18-51-26] [THREAD STARTED]: Flash Player Audio Thread[Neutralize - Lost  Chillstep]
[18-51-26] [THREAD STARTED]: Flash Player Progress Thread[Neutralize - Lost  Chillstep]
[18-51-26] [ACTION]: [AUDIO PLAYER] Neutralize - Lost  Chillstep.mp3
[18-51-27] [THREAD STARTED]: Flash Player Audio Thread[Chillstep  Wayr - Against Fate]
[18-51-27] [THREAD STARTED]: Flash Player Progress Thread[Chillstep  Wayr - Against Fate]
[18-51-27] [ACTION]: [AUDIO PLAYER] Chillstep  Wayr - Against Fate.mp3
[18-51-29] [THREAD STARTED]: Flash Player Audio Thread[Chillstep  Wayr - Follow the Light]
[18-51-29] [THREAD STARTED]: Flash Player Progress Thread[Chillstep  Wayr - Follow the Light]
[18-51-29] [ACTION]: [AUDIO PLAYER] Chillstep  Wayr - Follow the Light.mp3
[18-51-32] [THREAD STARTED]: Flash Player Audio Thread[Chillstep Anima - You Are Truth]
[18-51-32] [THREAD STARTED]: Flash Player Progress Thread[Chillstep Anima - You Are Truth]
[18-51-32] [ACTION]: [AUDIO PLAYER] Chillstep Anima - You Are Truth.mp3
[18-51-33] [THREAD STARTED]: Flash Player Audio Thread[Neutralize - Lost  Chillstep]
[18-51-33] [THREAD STARTED]: Flash Player Progress Thread[Neutralize - Lost  Chillstep]
[18-51-33] [ACTION]: [AUDIO PLAYER] Neutralize - Lost  Chillstep.mp3
[18-56-55] [EOL]: Log completed, Cyder crashed unexpectedly: exit code: -9 External Stop, exceptions thrown: 0
