[19-14-01] [ENTRY]: [Nathan]
[19-14-01] [THREAD STARTED]: Singular Cyder Instance Ensurer
[19-14-02] [THREAD STARTED]: Splash Loader
[19-14-02] [THREAD STARTED]: Splash Animation
[19-14-02] [DEBUG]: Method annotated with @Widget is not named showGUI(); name: Christmas2020
[19-14-02] [DEBUG]: Method annotated with @Widget is not named showGUI(); name: Birthday2021
[19-14-02] [DEBUG]: Method annotated with @Widget is not named showGUI(); name: Christmas2021
[19-14-02] [DEBUG]: Method annotated with @Widget is not named showGUI(); name: FathersDay2021
[19-14-02] [THREAD STARTED]: Cyder Start Secondary Subroutines
[19-14-02] [LOGIN]: [AUTOCYPHER ATTEMPT]
[19-14-02] [JAVA ARGS]: [LOCATION] [La casa de Nathan]
[19-14-02] [ACTION]: Requested deletion of: C:\Users\Nathan\Documents\IntelliJava\Cyder\dynamic\tmp
[19-14-02] [ACTION]: [DELETION FAILED] C:\Users\Nathan\Documents\IntelliJava\Cyder\dynamic\tmp
[19-14-03] [LOGIN]: [[AUTOCYPHER PASS]: e5a50641-21d1-3654-b738-c0e4b2dc61b1]
[19-14-03] [SYSTEM_IO]: Userdata requested: RandomBackground
[19-14-03] [SYSTEM_IO]: Userdata requested: FullScreen
[19-14-03] [SYSTEM_IO]: Userdata requested: fullscreen
[19-14-03] [SYSTEM_IO]: Userdata requested: FullScreen [2x]
[19-14-03] [THREAD STARTED]: Console Printing Animation
[19-14-03] [SYSTEM_IO]: Userdata requested: OutputBorder
[19-14-03] [SYSTEM_IO]: Userdata requested: FullScreen
[19-14-03] [SYSTEM_IO]: Userdata requested: InputBorder
[19-14-03] [THREAD STARTED]: Console Input Caret Position Updater
[19-14-03] [SYSTEM_IO]: Userdata requested: OutputFill
[19-14-03] [SYSTEM_IO]: Userdata requested: InputFill
[19-14-03] [THREAD STARTED]: High Ping Checker
[19-14-03] [THREAD STARTED]: Hourly Chime Checker
[19-14-03] [THREAD STARTED]: Console Clock Updater
[19-14-03] [THREAD STARTED]: Cyder Busy Checker
[19-14-03] [THREAD STARTED]: ConsoleFrame Data Saver
[19-14-03] [ACTION]: Console loaded in 2403ms
[19-14-03] [SYSTEM_IO]: Userdata requested: DebugWindows
[19-14-03] [ENTRY]: [TESTING MODE]
[19-14-03] [SYSTEM_IO]: Userdata requested: laststart
[19-14-03] [THREAD STARTED]: Component name = [cyder.ui.ConsoleFrame], bounds = [(476, 351, 996, 655)], hash = [1805164661], parentFrame = [Object itself is the top level frame], associated text = [No getText() method found], tooltip text = [No getTooltipText() method found], title = [Insomnia Cyder [Nathan]] notification queue checker
[19-14-03] [ACTION]: CyderFrame disposed with fastclose: true, CyderFrame: Component name = [cyder.ui.CyderFrame], bounds = [(980, 396, 600, 600)], hash = [806756922], parentFrame = [Object itself is the top level frame], associated text = [No getText() method found], tooltip text = [No getTooltipText() method found], title = [Cyder Splash]
[19-14-03] [THREAD STARTED]: Cyder Splash CyderFrame dispose thread
[19-14-03] [ACTION]: [Insomnia Cyder [Nathan]] [NOTIFICATION] Console loaded in 2403ms
[19-14-03] [THREAD STARTED]: notification appear animation
[19-14-04] [SYSTEM_IO]: Userdata requested: persistentnotifications
[19-14-04] [THREAD STARTED]: Notificaiton vanish animater -390573434
[19-14-11] [CLIENT]: play
[19-14-11] [SYSTEM_IO]: Userdata requested: filterchat
[19-14-11] [THREAD STARTED]: YouTube Download Initializer Thread
[19-14-11] [HANDLE]: GENERAL COMMAND HANDLED
[19-14-11] [HANDLE]: PRIMARY HANDLE
[19-14-11] [CONSOLE_OUT]: [STRING] Searching youtube for: solitairs future
[19-14-13] [CONSOLE_OUT]: [STRING] Downloading audio as: Future - Solitaires (Audio) ft. Travis Scott.mp3
[19-14-13] [THREAD STARTED]: YouTube Download Progress Updater
[19-14-13] [CONSOLE_OUT]: [JCOMPONENT] Component name = [cyder.ui.CyderProgressBar], bounds = [(0, 0, 400, 40)], hash = [819895621], parentFrame = [No associated frame], associated text = [No getText() method found], tooltip text = [No getTooltipText() method found], title = [No getTitle() method found]
[19-14-13] [CONSOLE_OUT]: [STRING]
[19-14-16] [CONSOLE_OUT]: [STRING] "Future - Solitaires (Audio) ft. Travis Scott" file size: 3.72MiB
[19-14-19] [SYSTEM_IO]: Userdata requested: Background
[19-14-28] [ACTION]: Component name = [cyder.ui.CyderProgressBar], bounds = [(0, 0, 943, 36)], hash = [819895621], parentFrame = [Insomnia Cyder [Nathan]], associated text = [No getText() method found], tooltip text = [No getTooltipText() method found], title = [No getTitle() method found]
[19-14-49] [SYSTEM_IO]: Userdata requested: Background
[19-15-22] [EOL]: Log completed, Cyder crashed unexpectedly: exit code: -9 External Stop, exceptions thrown: 0
