[22-12-07] [ENTRY]: [Nathan]
[22-12-07] [SYSTEM_IO]: System data pared in IOUtil's static block
[22-12-09] [LOGIN]: [AUTOCYPHER ATTEMPT]
[22-12-09] [JAVA ARGS]: [LOCATION] [La casa de Nathan]
[22-12-10] [LOGIN]: [AUTOCYPHER PASS, e5a50641-21d1-3654-b738-c0e4b2dc61b1]
[22-12-10] [SYSTEM_IO]: Userdata requested: Name
[22-12-10] [SYSTEM_IO]: Userdata requested: RandomBackground
[22-12-10] [SYSTEM_IO]: Userdata requested: FullScreen
[22-12-10] [SYSTEM_IO]: Userdata requested: Name
[22-12-10] [SYSTEM_IO]: Userdata requested: Foreground
[22-12-10] [SYSTEM_IO]: Userdata requested: Foreground
[22-12-10] [SYSTEM_IO]: Userdata requested: FullScreen
[22-12-10] [SYSTEM_IO]: Userdata requested: FullScreen
[22-12-10] [SYSTEM_IO]: Userdata requested: Foreground
[22-12-10] [SYSTEM_IO]: Userdata requested: Font
[22-12-10] [SYSTEM_IO]: Userdata requested: OutputBorder
[22-12-10] [SYSTEM_IO]: Userdata requested: FullScreen
[22-12-10] [SYSTEM_IO]: Userdata requested: InputBorder
[22-12-10] [SYSTEM_IO]: Userdata requested: Foreground
[22-12-10] [SYSTEM_IO]: Userdata requested: Foreground
[22-12-10] [SYSTEM_IO]: Userdata requested: Foreground
[22-12-10] [SYSTEM_IO]: Userdata requested: Font
[22-12-10] [SYSTEM_IO]: Userdata requested: OutputFill
[22-12-10] [SYSTEM_IO]: Userdata requested: InputFill
[22-12-11] [ACTION]: CyderFrame disposed with fastclose: true, CyderFrame: Component name = [cyder.ui.CyderFrame], bounds = [(980, 396, 600, 600)], hash = [2139894275], parentFrame = [Object itself is the top level frame], associated text = [No getText() method found], tooltip text = [No getTooltipText() method found], title = [Cyder Splash]
[22-12-11] [ACTION]: Console loaded in 3852ms
[22-12-11] [SYSTEM_IO]: Userdata requested: DebugWindows
[22-12-11] [ENTRY]: [TESTING MODE]
[22-12-11] [SYSTEM_IO]: Userdata requested: laststart
[22-12-11] [SYSTEM_IO]: Userdata requested: IntroMusic
[22-12-11] [ACTION]: [Stellar Cyder [Nathan]] [NOTIFICATION] Console loaded in 3852ms
[22-12-11] [SYSTEM_IO]: Userdata requested: persistentnotifications
[22-12-13] [SYSTEM_IO]: Userdata requested: minimizeanimation
[22-12-25] [ACTION]: Component name = [cyder.ui.DragLabel], bounds = [(2, 2, 317, 28)], hash = [517176679], parentFrame = [Flow Layout Test], associated text = [No getText() method found], tooltip text = [No getTooltipText() method found], title = [No getTitle() method found]
[22-12-25] [ACTION]: CyderFrame disposed with fastclose: false, CyderFrame: Component name = [cyder.ui.CyderFrame], bounds = [(1337, 141, 321, 600)], hash = [502737918], parentFrame = [Object itself is the top level frame], associated text = [No getText() method found], tooltip text = [No getTooltipText() method found], title = [Flow Layout Test]
[22-12-25] [SYSTEM_IO]: Userdata requested: closeanimation
[EXTERNAL STOP] Cyder was force closed by an external entity such as an IDE stop or the OS' Task Manager
