[22-39-12] [ENTRY]: [Nathan]
[22-39-12] [SYSTEM_IO]: System data pared in IOUtil's static block
[22-39-14] [LOGIN]: [AUTOCYPHER ATTEMPT]
[22-39-14] [JAVA ARGS]: [LOCATION] [La casa de Nathan]
[22-39-15] [LOGIN]: [AUTOCYPHER PASS, e5a50641-21d1-3654-b738-c0e4b2dc61b1]
[22-39-15] [SYSTEM_IO]: Userdata requested: Name
[22-39-15] [SYSTEM_IO]: Userdata requested: RandomBackground
[22-39-15] [SYSTEM_IO]: Userdata requested: FullScreen
[22-39-15] [SYSTEM_IO]: Userdata requested: Name
[22-39-15] [SYSTEM_IO]: Userdata requested: Foreground
[22-39-15] [SYSTEM_IO]: Userdata requested: Foreground
[22-39-15] [SYSTEM_IO]: Userdata requested: FullScreen
[22-39-15] [SYSTEM_IO]: Userdata requested: FullScreen
[22-39-15] [SYSTEM_IO]: Userdata requested: Foreground
[22-39-15] [SYSTEM_IO]: Userdata requested: Font
[22-39-15] [SYSTEM_IO]: Userdata requested: OutputBorder
[22-39-15] [SYSTEM_IO]: Userdata requested: FullScreen
[22-39-15] [SYSTEM_IO]: Userdata requested: InputBorder
[22-39-15] [SYSTEM_IO]: Userdata requested: Foreground
[22-39-15] [SYSTEM_IO]: Userdata requested: Foreground
[22-39-15] [SYSTEM_IO]: Userdata requested: Foreground
[22-39-15] [SYSTEM_IO]: Userdata requested: Font
[22-39-15] [SYSTEM_IO]: Userdata requested: OutputFill
[22-39-15] [SYSTEM_IO]: Userdata requested: InputFill
[22-39-16] [ACTION]: CyderFrame disposed with fastclose: true, CyderFrame: Component name = [cyder.ui.CyderFrame], bounds = [(980, 396, 600, 600)], hash = [130577952], parentFrame = [Object itself is the top level frame], associated text = [No getText() method found], tooltip text = [No getTooltipText() method found], title = [Cyder Splash]
[22-39-16] [ACTION]: Console loaded in 3796ms
[22-39-16] [SYSTEM_IO]: Userdata requested: DebugWindows
[22-39-16] [ENTRY]: [TESTING MODE]
[22-39-16] [SYSTEM_IO]: Userdata requested: laststart
[22-39-16] [SYSTEM_IO]: Userdata requested: IntroMusic
[22-39-16] [ACTION]: [Stellar Cyder [Nathan]] [NOTIFICATION] Console loaded in 3796ms
[22-39-16] [SYSTEM_IO]: Userdata requested: persistentnotifications
[22-39-25] [SYSTEM_IO]: Userdata requested: minimizeonclose
[22-39-25] [SYSTEM_IO]: Userdata requested: Name
[22-39-25] [LOGOUT]: [Nathan]
[22-39-25] [ACTION]: CyderFrame disposed with fastclose: false, CyderFrame: Component name = [cyder.ui.ConsoleFrame], bounds = [(996, 520, 1029, 675)], hash = [2053996178], parentFrame = [Object itself is the top level frame], associated text = [No getText() method found], tooltip text = [No getTooltipText() method found], title = [Stellar Cyder [Nathan]]
[22-39-25] [SYSTEM_IO]: Userdata requested: closeanimation
[22-39-25] [EXIT]: [RUNTIME] 13s
[22-39-25] [EOL]: Log completed, exiting Cyder with exit code: 25 [Genesis Controlled Exit], exceptions thrown: 0
