          _____                _____                    _____                    _____                    _____
         /\    \              |\    \                  /\    \                  /\    \                  /\    \
        /::\    \             |:\____\                /::\    \                /::\    \                /::\    \
       /::::\    \            |::|   |               /::::\    \              /::::\    \              /::::\    \
      /::::::\    \           |::|   |              /::::::\    \            /::::::\    \            /::::::\    \
     /:::/\:::\    \          |::|   |             /:::/\:::\    \          /:::/\:::\    \          /:::/\:::\    \
    /:::/  \:::\    \         |::|   |            /:::/  \:::\    \        /:::/__\:::\    \        /:::/__\:::\    \
   /:::/    \:::\    \        |::|   |           /:::/    \:::\    \      /::::\   \:::\    \      /::::\   \:::\    \
  /:::/    / \:::\    \       |::|___|______    /:::/    / \:::\    \    /::::::\   \:::\    \    /::::::\   \:::\    \
 /:::/    /   \:::\    \      /::::::::\    \  /:::/    /   \:::\ ___\  /:::/\:::\   \:::\    \  /:::/\:::\   \:::\____\
/:::/____/     \:::\____\    /::::::::::\____\/:::/____/     \:::|    |/:::/__\:::\   \:::\____\/:::/  \:::\   \:::|    |
\:::\    \      \::/    /   /:::/~~~~/~~      \:::\    \     /:::|____|\:::\   \:::\   \::/    /\::/   |::::\  /:::|____|
 \:::\    \      \/____/   /:::/    /          \:::\    \   /:::/    /  \:::\   \:::\   \/____/  \/____|:::::\/:::/    /
  \:::\    \              /:::/    /            \:::\    \ /:::/    /    \:::\   \:::\    \            |:::::::::/    /
   \:::\    \            /:::/    /              \:::\    /:::/    /      \:::\   \:::\____\           |::|\::::/    /
    \:::\    \           \::/    /                \:::\  /:::/    /        \:::\   \::/    /           |::| \::/____/
     \:::\    \           \/____/                  \:::\/:::/    /          \:::\   \/____/            |::|  ~|
      \:::\    \                                    \::::::/    /            \:::\    \                |::|   |
       \:::\____\                                    \::::/    /              \:::\____\               \::|   |
        \::/    /                                     \::/____/                \::/    /                \:|   |
         \/____/                                       ~~                       \/____/                  \|___|


[16-37-32] [ENTRY]: Nathan
[16-37-32] [PROP LOADED]: [key = map_quest_api_key]
[16-37-32] [PROP LOADED]: [key = youtube_api_3_key]
[16-37-32] [PROP LOADED]: [key = ip_key]
[16-37-32] [PROP LOADED]: [key = weather_key]
[16-37-32] [PROP LOADED]: [key = debug_hash_name]
[16-37-32] [PROP LOADED]: [key = debug_hash_password]
[16-37-32] [PROP LOADED]: [key = default_weather_location, value = Austin,Tx,USA]
[16-37-32] [PROP LOADED]: [key = ignore_data, value = typinganimation,showseconds,roundedwindows,windowcolor,audiolength
           ,capsmode,typingsound,showbusyicon]
[16-37-32] [PROP LOADED]: [key = font_metric, value = 1]
[16-37-32] [PROP LOADED]: [key = released, value = false]
[16-37-32] [PROP LOADED]: [key = fast_test, value = false]
[16-37-32] [PROP LOADED]: [key = version, value = Liminal]
[16-37-32] [PROP LOADED]: [key = release_date, value = 22.6.2]
[16-37-32] [PROP LOADED]: [key = components_relocatable, value = false]
[16-37-32] [PROP LOADED]: [key = testing_mode, value = true]
[16-37-32] [PROP LOADED]: [key = autocypher, value = true]
[16-37-32] [PROP LOADED]: [key = dispose_splash, value = true]
[16-37-32] [PROP LOADED]: [key = wipe_logs_on_start, value = false]
[16-37-32] [PROP LOADED]: [key = activate_watchdog, value = false]
[16-37-32] [PROP LOADED]: [key = ffmpeg_audio_output_format, value = mp3]
[16-37-32] [PROP LOADED]: [key = printing_animation_char_timeout, value = 8]
[16-37-32] [PROP LOADED]: [key = printing_animation_line_timeout, value = 100]
[16-37-32] [PROP LOADED]: [key = ui_scale, value = 0.25]
[16-37-32] [THREAD STARTED]: Object Creation Logger
[16-37-32] [SYSTEM IO]: Requested deletion of: C:\Users\Nathan\Documents\IntelliJava\Cyder\dynamic\logs\2022-06-05
[16-37-32] [SYSTEM IO]: Requested deletion of: C:\Users\Nathan\Documents\IntelliJava\Cyder\dynamic\logs\2022-06-05\21-16-59.log
[16-37-32] [SYSTEM IO]: Requested deletion of: C:\Users\Nathan\Documents\IntelliJava\Cyder\dynamic\logs\2022-06-05\21-17-56.log
[16-37-32] [SYSTEM IO]: Requested deletion of: C:\Users\Nathan\Documents\IntelliJava\Cyder\dynamic\logs\2022-06-05\21-20-53.log
[16-37-32] [SYSTEM IO]: Requested deletion of: C:\Users\Nathan\Documents\IntelliJava\Cyder\dynamic\logs\2022-06-05\21-21-34.log
[16-37-32] [SYSTEM IO]: Requested deletion of: C:\Users\Nathan\Documents\IntelliJava\Cyder\dynamic\logs\2022-06-05\21-23-51.log
[16-37-32] [SYSTEM IO]: Requested deletion of: C:\Users\Nathan\Documents\IntelliJava\Cyder\dynamic\logs\2022-06-05\21-35-22.log
[16-37-32] [SYSTEM IO]: Requested deletion of: C:\Users\Nathan\Documents\IntelliJava\Cyder\dynamic\logs\2022-06-05\21-35-59.log
[16-37-32] [SYSTEM IO]: Requested deletion of: C:\Users\Nathan\Documents\IntelliJava\Cyder\dynamic\logs\2022-06-05\21-36-10.log
[16-37-32] [SYSTEM IO]: Requested deletion of: C:\Users\Nathan\Documents\IntelliJava\Cyder\dynamic\logs\2022-06-05\21-37-09.log
[16-37-32] [SYSTEM IO]: Requested deletion of: C:\Users\Nathan\Documents\IntelliJava\Cyder\dynamic\logs\2022-06-05\21-38-03.log
[16-37-32] [SYSTEM IO]: Requested deletion of: C:\Users\Nathan\Documents\IntelliJava\Cyder\dynamic\logs\2022-06-05\21-38-45.log
[16-37-32] [SYSTEM IO]: Requested deletion of: C:\Users\Nathan\Documents\IntelliJava\Cyder\dynamic\logs\2022-06-05\21-40-53.log
[16-37-32] [SYSTEM IO]: Requested deletion of: C:\Users\Nathan\Documents\IntelliJava\Cyder\dynamic\logs\2022-06-05\21-43-36.log
[16-37-32] [SYSTEM IO]: Requested deletion of: C:\Users\Nathan\Documents\IntelliJava\Cyder\dynamic\logs\2022-06-05\21-43-50.log
[16-37-32] [SYSTEM IO]: Requested deletion of: C:\Users\Nathan\Documents\IntelliJava\Cyder\dynamic\logs\2022-06-05\21-44-02.log
[16-37-32] [SYSTEM IO]: Requested deletion of: C:\Users\Nathan\Documents\IntelliJava\Cyder\dynamic\logs\2022-06-05\21-45-06.log
[16-37-32] [SYSTEM IO]: Requested deletion of: C:\Users\Nathan\Documents\IntelliJava\Cyder\dynamic\logs\2022-06-05\21-45-17.log
[16-37-32] [SYSTEM IO]: Requested deletion of: C:\Users\Nathan\Documents\IntelliJava\Cyder\dynamic\logs\2022-06-05\21-47-21.log
[16-37-32] [SYSTEM IO]: Requested deletion of: C:\Users\Nathan\Documents\IntelliJava\Cyder\dynamic\logs\2022-06-05\21-47-40.log
[16-37-32] [SYSTEM IO]: Requested deletion of: C:\Users\Nathan\Documents\IntelliJava\Cyder\dynamic\logs\2022-06-05\21-50-43.log
[16-37-32] [SYSTEM IO]: Requested deletion of: C:\Users\Nathan\Documents\IntelliJava\Cyder\dynamic\logs\2022-06-05\21-51-28.log
[16-37-32] [SYSTEM IO]: Requested deletion of: C:\Users\Nathan\Documents\IntelliJava\Cyder\dynamic\logs\2022-06-05\21-51-51.log
[16-37-32] [SYSTEM IO]: Requested deletion of: C:\Users\Nathan\Documents\IntelliJava\Cyder\dynamic\logs\2022-06-05\22-14-36.log
[16-37-32] [DEBUG]: Watchdog skipped
[16-37-32] [THREAD STARTED]: Singular Cyder Instance Ensurer
[16-37-33] [FONT LOADED]: agency-fb
[16-37-33] [FONT LOADED]: arial-black
[16-37-33] [FONT LOADED]: beyno
[16-37-33] [FONT LOADED]: condiment-regular
[16-37-33] [FONT LOADED]: prompt-bold
[16-37-33] [FONT LOADED]: segoe-ui-black
[16-37-33] [FONT LOADED]: tahoma
[16-37-33] [THREAD STARTED]: Splash Loader
[16-37-33] [SYSTEM IO]: Requested deletion of: C:\Users\Nathan\Documents\IntelliJava\Cyder\dynamic\tmp
[16-37-34] [THREAD STARTED]: Splash Animation
[16-37-34] [UNIQUE OBJECT CREATED]: ConsoleFrame singleton constructed
[16-37-34] [THREAD STARTED]: Secondary Subroutines Runner
[16-37-34] [LOGIN]: AUTOCYPHER ATTEMPT
[16-37-34] [THREAD STARTED]: JVM Args Logger
[16-37-35] [DEBUG]: Cyder Entry = AutoCypher
[16-37-35] [OBJECT CREATION]: Objects created since last delta (5000ms): 62
[16-37-35] [THREAD STARTED]: Console Printing Animation
[16-37-35] [THREAD STARTED]: Hourly Chime Checker
[16-37-35] [THREAD STARTED]: Console Clock Updater
[16-37-35] [THREAD STARTED]: Cyder Busy Checker
[16-37-35] [THREAD STARTED]: ConsoleFrame Stat Saver
[16-37-35] [THREAD STARTED]: High Ping Checker
[16-37-36] [THREAD STARTED]: [Cyder Splash] dispose() animation thread
[16-37-36] [UI]: CyderFrame disposed with fastclose: true, Component = CyderFrame, hash = 1891876743, bounds = (980,
           396, 600, 600), parent frame = Component itself is a CyderFrame, getTitle() = Cyder Splash
[16-37-36] [BACKEND CRUD]: [PUT] Put of JVM args failed
[16-37-36] [CONSOLE OUT]: [STRING]: Console loaded in 4322ms
[16-37-36] [CONSOLE LOADED]: [Nathan] [TESTING MODE]
[16-37-36] [THREAD STARTED]: Manual Tests Thread
[16-37-36] [THREAD STARTED]: Splash Loading Label Updater
[16-37-36] [DEBUG]: Attempted to log a new or empty line
[16-37-38] [SYSTEM IO]: [JSON WRITE] [Levenshtein = 5] User was written to file: 7d7ebb00-81fe-329f-8a78-62f463d0b7da
           \Userdata.json
[16-37-38] [SYSTEM IO]: Requested deletion of: C:\Users\Nathan\Documents\IntelliJava\Cyder\dynamic\backup\7d7ebb00-81fe-
           329f-8a78-62f463d0b7da_1654551443428.json
[16-37-40] [OBJECT CREATION]: Objects created since last delta (5000ms): 38
[16-38-01] [SYSTEM IO]: [JSON WRITE] [Levenshtein = 5] User was written to file: 7d7ebb00-81fe-329f-8a78-62f463d0b7da
           \Userdata.json
[16-38-01] [SYSTEM IO]: Requested deletion of: C:\Users\Nathan\Documents\IntelliJava\Cyder\dynamic\backup\7d7ebb00-81fe-
           329f-8a78-62f463d0b7da_1654551458837.json
[16-38-05] [SYSTEM IO]: [JSON WRITE] [Levenshtein = 16] User was written to file: 7d7ebb00-81fe-329f-8a78-62f463d0b7da
           \Userdata.json
[16-38-05] [SYSTEM IO]: Requested deletion of: C:\Users\Nathan\Documents\IntelliJava\Cyder\dynamic\backup\7d7ebb00-81fe-
           329f-8a78-62f463d0b7da_1654551481384.json
[16-38-05] [OBJECT CREATION]: Objects created since last delta (5000ms): 2
[16-38-12] [SYSTEM IO]: [JSON WRITE] [Levenshtein = 15] User was written to file: 7d7ebb00-81fe-329f-8a78-62f463d0b7da
           \Userdata.json
[16-38-12] [SYSTEM IO]: Requested deletion of: C:\Users\Nathan\Documents\IntelliJava\Cyder\dynamic\backup\7d7ebb00-81fe-
           329f-8a78-62f463d0b7da_1654551485150.json
[16-38-14] [THREAD STARTED]: Liminal Cyder [Nathan] Opacity Decrement Animator
[16-38-14] [THREAD STARTED]: Liminal Cyder [Nathan] Opacity Increment Animator
[16-38-15] [OBJECT CREATION]: Objects created since last delta (5000ms): 1
[16-38-16] [SYSTEM IO]: [JSON WRITE] [Levenshtein = 11] User was written to file: 7d7ebb00-81fe-329f-8a78-62f463d0b7da
           \Userdata.json
[16-38-16] [SYSTEM IO]: Requested deletion of: C:\Users\Nathan\Documents\IntelliJava\Cyder\dynamic\backup\7d7ebb00-81fe-
           329f-8a78-62f463d0b7da_1654551492702.json
[16-38-19] [THREAD STARTED]: Liminal Cyder [Nathan] Opacity Decrement Animator
[16-38-19] [THREAD STARTED]: Liminal Cyder [Nathan] Opacity Increment Animator
[16-38-20] [SYSTEM IO]: [JSON WRITE] [Levenshtein = 4] User was written to file: 7d7ebb00-81fe-329f-8a78-62f463d0b7da
           \Userdata.json
[16-38-20] [SYSTEM IO]: Requested deletion of: C:\Users\Nathan\Documents\IntelliJava\Cyder\dynamic\backup\7d7ebb00-81fe-
           329f-8a78-62f463d0b7da_1654551496386.json
[16-38-20] [OBJECT CREATION]: Objects created since last delta (5000ms): 2
[16-38-20] [THREAD STARTED]: minimize menu thread
[16-38-20] [THREAD STARTED]: Console menu animator
[16-38-21] [THREAD STARTED]: Liminal Cyder [Nathan] Opacity Decrement Animator
[16-38-21] [THREAD STARTED]: Liminal Cyder [Nathan] Opacity Increment Animator
[16-38-22] [THREAD STARTED]: [Liminal Cyder [Nathan]] dispose() animation thread
[16-38-22] [UI]: CyderFrame disposed with fastclose: false, Component = ConsoleFrame (inner), hash = 1409092880, bounds
           = (1580, 246, 780, 762), parent frame = Component itself is a CyderFrame, getTitle() = Liminal Cyder [Nathan]
[16-38-22] [EXIT]: [RUNTIME] 50s
[16-38-22] [EOL]: Log completed, exiting Cyder with exit code: 0 [Genesis Controlled Exit], exceptions thrown: no
           exceptions thrown
