          _____                _____                    _____                    _____                    _____
         /\    \              |\    \                  /\    \                  /\    \                  /\    \
        /::\    \             |:\____\                /::\    \                /::\    \                /::\    \
       /::::\    \            |::|   |               /::::\    \              /::::\    \              /::::\    \
      /::::::\    \           |::|   |              /::::::\    \            /::::::\    \            /::::::\    \
     /:::/\:::\    \          |::|   |             /:::/\:::\    \          /:::/\:::\    \          /:::/\:::\    \
    /:::/  \:::\    \         |::|   |            /:::/  \:::\    \        /:::/__\:::\    \        /:::/__\:::\    \
   /:::/    \:::\    \        |::|   |           /:::/    \:::\    \      /::::\   \:::\    \      /::::\   \:::\    \
  /:::/    / \:::\    \       |::|___|______    /:::/    / \:::\    \    /::::::\   \:::\    \    /::::::\   \:::\    \
 /:::/    /   \:::\    \      /::::::::\    \  /:::/    /   \:::\ ___\  /:::/\:::\   \:::\    \  /:::/\:::\   \:::\____\
/:::/____/     \:::\____\    /::::::::::\____\/:::/____/     \:::|    |/:::/__\:::\   \:::\____\/:::/  \:::\   \:::|    |
\:::\    \      \::/    /   /:::/~~~~/~~      \:::\    \     /:::|____|\:::\   \:::\   \::/    /\::/   |::::\  /:::|____|
 \:::\    \      \/____/   /:::/    /          \:::\    \   /:::/    /  \:::\   \:::\   \/____/  \/____|:::::\/:::/    /
  \:::\    \              /:::/    /            \:::\    \ /:::/    /    \:::\   \:::\    \            |:::::::::/    /
   \:::\    \            /:::/    /              \:::\    /:::/    /      \:::\   \:::\____\           |::|\::::/    /
    \:::\    \           \::/    /                \:::\  /:::/    /        \:::\   \::/    /           |::| \::/____/
     \:::\    \           \/____/                  \:::\/:::/    /          \:::\   \/____/            |::|  ~|
      \:::\    \                                    \::::::/    /            \:::\    \                |::|   |
       \:::\____\                                    \::::/    /              \:::\____\               \::|   |
        \::/    /                                     \::/____/                \::/    /                \:|   |
         \/____/                                       ~~                       \/____/                  \|___|


[20-11-15] [ENTRY]: Nathan
[20-11-15] [PROP LOADED]: [key = map_quest_api_key]
[20-11-15] [PROP LOADED]: [key = youtube_api_3_key]
[20-11-15] [PROP LOADED]: [key = ip_key]
[20-11-15] [PROP LOADED]: [key = weather_key]
[20-11-15] [PROP LOADED]: [key = debug_hash_name]
[20-11-15] [PROP LOADED]: [key = debug_hash_password]
[20-11-15] [PROP LOADED]: [key = default_weather_location, value = Austin,Tx,USA]
[20-11-15] [PROP LOADED]: [key = ignore_data, value = typinganimation,showseconds,roundedwindows,windowcolor,audiolength
           ,capsmode,typingsound,showbusyicon]
[20-11-15] [PROP LOADED]: [key = font_metric, value = 1]
[20-11-15] [PROP LOADED]: [key = released, value = false]
[20-11-15] [PROP LOADED]: [key = fast_test, value = false]
[20-11-15] [PROP LOADED]: [key = version, value = Liminal]
[20-11-15] [PROP LOADED]: [key = release_date, value = 22.6.2]
[20-11-15] [PROP LOADED]: [key = components_relocatable, value = false]
[20-11-15] [PROP LOADED]: [key = testing_mode, value = true]
[20-11-15] [PROP LOADED]: [key = autocypher, value = true]
[20-11-15] [PROP LOADED]: [key = dispose_splash, value = true]
[20-11-15] [PROP LOADED]: [key = wipe_logs_on_start, value = false]
[20-11-15] [PROP LOADED]: [key = activate_watchdog, value = false]
[20-11-15] [PROP LOADED]: [key = ffmpeg_audio_output_format, value = mp3]
[20-11-15] [PROP LOADED]: [key = printing_animation_char_timeout, value = 8]
[20-11-15] [PROP LOADED]: [key = printing_animation_line_timeout, value = 100]
[20-11-15] [PROP LOADED]: [key = ui_scale, value = 0.25]
[20-11-15] [THREAD STARTED]: Object Creation Logger
[20-11-15] [DEBUG]: Watchdog skipped
[20-11-15] [THREAD STARTED]: Singular Cyder Instance Ensurer
[20-11-16] [FONT LOADED]: agency-fb
[20-11-16] [FONT LOADED]: arial-black
[20-11-16] [FONT LOADED]: beyno
[20-11-16] [FONT LOADED]: condiment-regular
[20-11-16] [FONT LOADED]: prompt-bold
[20-11-16] [FONT LOADED]: segoe-ui-black
[20-11-16] [FONT LOADED]: tahoma
[20-11-16] [THREAD STARTED]: Splash Loader
[20-11-16] [SYSTEM IO]: Requested deletion of: C:\Users\Nathan\Documents\IntelliJava\Cyder\dynamic\tmp
[20-11-16] [THREAD STARTED]: Splash Animation
[20-11-16] [UNIQUE OBJECT CREATED]: ConsoleFrame singleton constructed
[20-11-17] [THREAD STARTED]: Secondary Subroutines Runner
[20-11-17] [LOGIN]: AUTOCYPHER ATTEMPT
[20-11-17] [THREAD STARTED]: JVM Args Logger
[20-11-17] [DEBUG]: Cyder Entry = AutoCypher
[20-11-18] [THREAD STARTED]: Console Printing Animation
[20-11-18] [THREAD STARTED]: Hourly Chime Checker
[20-11-18] [THREAD STARTED]: Console Clock Updater
[20-11-18] [THREAD STARTED]: Cyder Busy Checker
[20-11-18] [THREAD STARTED]: ConsoleFrame Stat Saver
[20-11-18] [OBJECT CREATION]: Objects created since last delta (5000ms): 98
[20-11-18] [THREAD STARTED]: High Ping Checker
[20-11-18] [THREAD STARTED]: [Cyder Splash] dispose() animation thread
[20-11-18] [UI]: CyderFrame disposed with fastclose: true, Component = CyderFrame, hash = 2111791395, bounds = (980,
           396, 600, 600), parent frame = Component itself is a CyderFrame, getTitle() = Cyder Splash
[20-11-18] [CONSOLE OUT]: [STRING]: Console loaded in 3456ms
[20-11-18] [CONSOLE LOADED]: [Nathan] [TESTING MODE]
[20-11-18] [THREAD STARTED]: Manual Tests Thread
[20-11-18] [BACKEND CRUD]: [PUT] Put of JVM args failed
[20-11-18] [DEBUG]: Attempted to log a new or empty line
[20-11-18] [THREAD STARTED]: Splash Loading Label Updater
[20-11-21] [SYSTEM IO]: [JSON WRITE] [Levenshtein = 7] User was written to file: 7d7ebb00-81fe-329f-8a78-62f463d0b7da
           \Userdata.json
[20-11-21] [SYSTEM IO]: Requested deletion of: C:\Users\Nathan\Documents\IntelliJava\Cyder\dynamic\backup\7d7ebb00-81fe-
           329f-8a78-62f463d0b7da_1654564194643.json
[20-11-22] [THREAD STARTED]: minimize menu thread
[20-11-22] [THREAD STARTED]: Console menu animator
[20-11-22] [THREAD STARTED]: Console menu animator
[20-11-22] [THREAD STARTED]: minimize menu thread
[20-11-23] [THREAD STARTED]: minimize menu thread
[20-11-23] [THREAD STARTED]: Console menu animator
[20-11-23] [OBJECT CREATION]: Objects created since last delta (5000ms): 14
[20-11-23] [THREAD STARTED]: Console menu animator
[20-11-23] [THREAD STARTED]: minimize menu thread
[20-11-25] [THREAD STARTED]: [Liminal Cyder [Nathan]] dispose() animation thread
[20-11-25] [UI]: CyderFrame disposed with fastclose: false, Component = ConsoleFrame (inner), hash = 1812831622, bounds
           = (1527, 327, 723, 730), parent frame = Component itself is a CyderFrame, getTitle() = Liminal Cyder [Nathan]
[20-11-25] [EXIT]: [RUNTIME] 10s
[20-11-25] [EOL]: Log completed, exiting Cyder with exit code: 0 [Genesis Controlled Exit], exceptions thrown: no
           exceptions thrown
