          _____                _____                    _____                    _____                    _____
         /\    \              |\    \                  /\    \                  /\    \                  /\    \
        /::\    \             |:\____\                /::\    \                /::\    \                /::\    \
       /::::\    \            |::|   |               /::::\    \              /::::\    \              /::::\    \
      /::::::\    \           |::|   |              /::::::\    \            /::::::\    \            /::::::\    \
     /:::/\:::\    \          |::|   |             /:::/\:::\    \          /:::/\:::\    \          /:::/\:::\    \
    /:::/  \:::\    \         |::|   |            /:::/  \:::\    \        /:::/__\:::\    \        /:::/__\:::\    \
   /:::/    \:::\    \        |::|   |           /:::/    \:::\    \      /::::\   \:::\    \      /::::\   \:::\    \
  /:::/    / \:::\    \       |::|___|______    /:::/    / \:::\    \    /::::::\   \:::\    \    /::::::\   \:::\    \
 /:::/    /   \:::\    \      /::::::::\    \  /:::/    /   \:::\ ___\  /:::/\:::\   \:::\    \  /:::/\:::\   \:::\____\
/:::/____/     \:::\____\    /::::::::::\____\/:::/____/     \:::|    |/:::/__\:::\   \:::\____\/:::/  \:::\   \:::|    |
\:::\    \      \::/    /   /:::/~~~~/~~      \:::\    \     /:::|____|\:::\   \:::\   \::/    /\::/   |::::\  /:::|____|
 \:::\    \      \/____/   /:::/    /          \:::\    \   /:::/    /  \:::\   \:::\   \/____/  \/____|:::::\/:::/    /
  \:::\    \              /:::/    /            \:::\    \ /:::/    /    \:::\   \:::\    \            |:::::::::/    /
   \:::\    \            /:::/    /              \:::\    /:::/    /      \:::\   \:::\____\           |::|\::::/    /
    \:::\    \           \::/    /                \:::\  /:::/    /        \:::\   \::/    /           |::| \::/____/
     \:::\    \           \/____/                  \:::\/:::/    /          \:::\   \/____/            |::|  ~|
      \:::\    \                                    \::::::/    /            \:::\    \                |::|   |
       \:::\____\                                    \::::/    /              \:::\____\               \::|   |
        \::/    /                                     \::/____/                \::/    /                \:|   |
         \/____/                                       ~~                       \/____/                  \|___|


[23-38-40] [ENTRY]: Nathan
[23-38-40] [PROP LOADED]: [key = map_quest_api_key]
[23-38-40] [PROP LOADED]: [key = youtube_api_3_key]
[23-38-40] [PROP LOADED]: [key = ip_key]
[23-38-40] [PROP LOADED]: [key = weather_key]
[23-38-40] [PROP LOADED]: [key = debug_hash_name]
[23-38-40] [PROP LOADED]: [key = debug_hash_password]
[23-38-40] [PROP LOADED]: [key = default_weather_location, value = Austin,Tx,USA]
[23-38-40] [PROP LOADED]: [key = ignore_data, value = typinganimation,showseconds,roundedwindows,windowcolor,audiolength
           ,capsmode,typingsound,showbusyicon]
[23-38-40] [PROP LOADED]: [key = font_metric, value = 1]
[23-38-40] [PROP LOADED]: [key = released, value = false]
[23-38-40] [PROP LOADED]: [key = fast_test, value = false]
[23-38-40] [PROP LOADED]: [key = version, value = Liminal]
[23-38-40] [PROP LOADED]: [key = release_date, value = 22.6.2]
[23-38-40] [PROP LOADED]: [key = components_relocatable, value = false]
[23-38-40] [PROP LOADED]: [key = testing_mode, value = true]
[23-38-40] [PROP LOADED]: [key = autocypher, value = true]
[23-38-40] [PROP LOADED]: [key = dispose_splash, value = true]
[23-38-40] [PROP LOADED]: [key = wipe_logs_on_start, value = false]
[23-38-40] [PROP LOADED]: [key = activate_watchdog, value = false]
[23-38-40] [PROP LOADED]: [key = ffmpeg_audio_output_format, value = mp3]
[23-38-40] [PROP LOADED]: [key = printing_animation_char_timeout, value = 8]
[23-38-40] [PROP LOADED]: [key = printing_animation_line_timeout, value = 100]
[23-38-40] [PROP LOADED]: [key = ui_scale, value = 0.25]
[23-38-40] [THREAD STARTED]: Object Creation Logger
[23-38-40] [DEBUG]: Watchdog skipped
[23-38-40] [THREAD STARTED]: Singular Cyder Instance Ensurer
[23-38-41] [FONT LOADED]: agency-fb
[23-38-41] [FONT LOADED]: arial-black
[23-38-41] [FONT LOADED]: beyno
[23-38-41] [FONT LOADED]: condiment-regular
[23-38-41] [FONT LOADED]: prompt-bold
[23-38-41] [FONT LOADED]: segoe-ui-black
[23-38-41] [FONT LOADED]: tahoma
[23-38-41] [THREAD STARTED]: Splash Loader
[23-38-41] [SYSTEM IO]: Requested deletion of: C:\Users\Nathan\Documents\IntelliJava\Cyder\dynamic\tmp
[23-38-41] [THREAD STARTED]: Splash Animation
[23-38-41] [UNIQUE OBJECT CREATED]: ConsoleFrame singleton constructed
[23-38-42] [THREAD STARTED]: Secondary Subroutines Runner
[23-38-42] [LOGIN]: AUTOCYPHER ATTEMPT
[23-38-42] [THREAD STARTED]: JVM Args Logger
[23-38-42] [DEBUG]: Cyder Entry = AutoCypher
[23-38-43] [OBJECT CREATION]: Objects created since last delta (5000ms): 80
[23-38-43] [THREAD STARTED]: Console Printing Animation
[23-38-43] [THREAD STARTED]: Hourly Chime Checker
[23-38-43] [THREAD STARTED]: Console Clock Updater
[23-38-43] [THREAD STARTED]: Cyder Busy Checker
[23-38-43] [THREAD STARTED]: ConsoleFrame Stat Saver
[23-38-43] [THREAD STARTED]: High Ping Checker
[23-38-43] [THREAD STARTED]: [Cyder Splash] dispose() animation thread
[23-38-43] [UI]: CyderFrame disposed with fastclose: true, Component = CyderFrame, hash = 2086983642, bounds = (980,
           396, 600, 600), parent frame = Component itself is a CyderFrame, getTitle() = Cyder Splash
[23-38-43] [CONSOLE OUT]: [STRING]: Console loaded in 3753ms
[23-38-43] [CONSOLE LOADED]: [Nathan] [TESTING MODE]
[23-38-43] [THREAD STARTED]: Manual Tests Thread
[23-38-43] [THREAD STARTED]: Splash Loading Label Updater
[23-38-43] [DEBUG]: Attempted to log a new or empty line
[23-38-44] [BACKEND CRUD]: [PUT] Put of JVM args failed
[23-38-45] [THREAD STARTED]: Liminal Cyder [Nathan] Opacity Decrement Animator
[23-38-45] [THREAD STARTED]: Liminal Cyder [Nathan] Opacity Increment Animator
[23-38-46] [SYSTEM IO]: [JSON WRITE] [Levenshtein = 14] User was written to file: 7d7ebb00-81fe-329f-8a78-62f463d0b7da
           \Userdata.json
[23-38-46] [SYSTEM IO]: Requested deletion of: C:\Users\Nathan\Documents\IntelliJava\Cyder\dynamic\backup\7d7ebb00-81fe-
           329f-8a78-62f463d0b7da_1654575844222.json
[23-38-46] [THREAD STARTED]: minimize menu thread
[23-38-46] [THREAD STARTED]: Console menu animator
[23-38-47] [UI]: Component = CyderLabel, hash = 1605420862, bounds = (0, 0, 75, 75), parent frame = Liminal Cyder
           [Nathan], getText() = <html><div style='text-align: center;'>Pref</html>
[23-38-47] [THREAD STARTED]: [Preferences] finalizeAndShow()
[23-38-48] [OBJECT CREATION]: Objects created since last delta (5000ms): 78
[23-38-48] [THREAD STARTED]: Preferences Opacity Decrement Animator
[23-38-49] [THREAD STARTED]: Preferences Opacity Increment Animator
[23-38-50] [THREAD STARTED]: [[983x979] Moodswings] finalizeAndShow()
[23-38-51] [THREAD STARTED]: [983x979] Moodswings Opacity Decrement Animator
[23-38-52] [THREAD STARTED]: [983x979] Moodswings Opacity Increment Animator
[23-38-53] [OBJECT CREATION]: Objects created since last delta (5000ms): 22
[23-38-55] [THREAD STARTED]: Preferences Opacity Decrement Animator
[23-38-56] [THREAD STARTED]: Preferences Opacity Increment Animator
[23-38-57] [THREAD STARTED]: Preferences Opacity Decrement Animator
[23-38-57] [THREAD STARTED]: Preferences Opacity Increment Animator
[23-38-57] [UI]: Component = CyderDragLabel, hash = -14366483, bounds = (2, 2, 726, 28), parent frame = Preferences
[23-38-57] [THREAD STARTED]: [Preferences] dispose() animation thread
[23-38-57] [UI]: CyderFrame disposed with fastclose: false, Component = CyderFrame, hash = 1454370494, bounds = (1319,
           312, 730, 560), parent frame = Component itself is a CyderFrame, getTitle() = Preferences
[23-38-58] [OBJECT CREATION]: Objects created since last delta (5000ms): 1
[23-38-59] [UI]: Component = CyderDragLabel, hash = -14299213, bounds = (2, 2, 796, 28), parent frame = [983x979] Moodswings
[23-38-59] [THREAD STARTED]: [[983x979] Moodswings] dispose() animation thread
[23-38-59] [UI]: CyderFrame disposed with fastclose: false, Component = CyderFrame, hash = 2126589410, bounds = (1228,
           421, 800, 796), parent frame = Component itself is a CyderFrame, getTitle() = [983x979] Moodswings
[23-39-03] [OBJECT CREATION]: Objects created since last delta (5000ms): 1
[23-39-08] [THREAD STARTED]: [Liminal Cyder [Nathan]] dispose() animation thread
[23-39-08] [UI]: CyderFrame disposed with fastclose: false, Component = ConsoleFrame (inner), hash = 1686934746, bounds
           = (1055, 332, 723, 730), parent frame = Component itself is a CyderFrame, getTitle() = Liminal Cyder [Nathan]
[23-39-08] [EXIT]: [RUNTIME] 28s
[23-39-08] [EOL]: Log completed, exiting Cyder with exit code: 0 [Genesis Controlled Exit], exceptions thrown: no
           exceptions thrown
