          _____                _____                    _____                    _____                    _____
         /\    \              |\    \                  /\    \                  /\    \                  /\    \
        /::\    \             |:\____\                /::\    \                /::\    \                /::\    \
       /::::\    \            |::|   |               /::::\    \              /::::\    \              /::::\    \
      /::::::\    \           |::|   |              /::::::\    \            /::::::\    \            /::::::\    \
     /:::/\:::\    \          |::|   |             /:::/\:::\    \          /:::/\:::\    \          /:::/\:::\    \
    /:::/  \:::\    \         |::|   |            /:::/  \:::\    \        /:::/__\:::\    \        /:::/__\:::\    \
   /:::/    \:::\    \        |::|   |           /:::/    \:::\    \      /::::\   \:::\    \      /::::\   \:::\    \
  /:::/    / \:::\    \       |::|___|______    /:::/    / \:::\    \    /::::::\   \:::\    \    /::::::\   \:::\    \
 /:::/    /   \:::\    \      /::::::::\    \  /:::/    /   \:::\ ___\  /:::/\:::\   \:::\    \  /:::/\:::\   \:::\____\
/:::/____/     \:::\____\    /::::::::::\____\/:::/____/     \:::|    |/:::/__\:::\   \:::\____\/:::/  \:::\   \:::|    |
\:::\    \      \::/    /   /:::/~~~~/~~      \:::\    \     /:::|____|\:::\   \:::\   \::/    /\::/   |::::\  /:::|____|
 \:::\    \      \/____/   /:::/    /          \:::\    \   /:::/    /  \:::\   \:::\   \/____/  \/____|:::::\/:::/    /
  \:::\    \              /:::/    /            \:::\    \ /:::/    /    \:::\   \:::\    \            |:::::::::/    /
   \:::\    \            /:::/    /              \:::\    /:::/    /      \:::\   \:::\____\           |::|\::::/    /
    \:::\    \           \::/    /                \:::\  /:::/    /        \:::\   \::/    /           |::| \::/____/
     \:::\    \           \/____/                  \:::\/:::/    /          \:::\   \/____/            |::|  ~|
      \:::\    \                                    \::::::/    /            \:::\    \                |::|   |
       \:::\____\                                    \::::/    /              \:::\____\               \::|   |
        \::/    /                                     \::/____/                \::/    /                \:|   |
         \/____/                                       ~~                       \/____/                  \|___|


[23-44-24] [ENTRY]: Nathan
[23-44-24] [PROP LOADED]: [key = map_quest_api_key]
[23-44-24] [PROP LOADED]: [key = youtube_api_3_key]
[23-44-24] [PROP LOADED]: [key = ip_key]
[23-44-24] [PROP LOADED]: [key = weather_key]
[23-44-24] [PROP LOADED]: [key = debug_hash_name]
[23-44-24] [PROP LOADED]: [key = debug_hash_password]
[23-44-24] [PROP LOADED]: [key = default_weather_location, value = Austin,Tx,USA]
[23-44-24] [PROP LOADED]: [key = ignore_data, value = typinganimation,showseconds,roundedwindows,windowcolor,audiolength
           ,capsmode,typingsound,showbusyicon]
[23-44-24] [PROP LOADED]: [key = font_metric, value = 1]
[23-44-24] [PROP LOADED]: [key = released, value = false]
[23-44-24] [PROP LOADED]: [key = fast_test, value = false]
[23-44-24] [PROP LOADED]: [key = version, value = Liminal]
[23-44-24] [PROP LOADED]: [key = release_date, value = 22.6.2]
[23-44-24] [PROP LOADED]: [key = components_relocatable, value = false]
[23-44-24] [PROP LOADED]: [key = testing_mode, value = true]
[23-44-24] [PROP LOADED]: [key = autocypher, value = true]
[23-44-24] [PROP LOADED]: [key = dispose_splash, value = true]
[23-44-24] [PROP LOADED]: [key = wipe_logs_on_start, value = false]
[23-44-24] [PROP LOADED]: [key = activate_watchdog, value = false]
[23-44-24] [PROP LOADED]: [key = ffmpeg_audio_output_format, value = mp3]
[23-44-24] [PROP LOADED]: [key = printing_animation_char_timeout, value = 8]
[23-44-24] [PROP LOADED]: [key = printing_animation_line_timeout, value = 100]
[23-44-24] [PROP LOADED]: [key = ui_scale, value = 0.25]
[23-44-24] [THREAD STARTED]: Object Creation Logger
[23-44-24] [DEBUG]: Watchdog skipped
[23-44-24] [THREAD STARTED]: Singular Cyder Instance Ensurer
[23-44-25] [FONT LOADED]: agency-fb
[23-44-25] [FONT LOADED]: arial-black
[23-44-25] [FONT LOADED]: beyno
[23-44-25] [FONT LOADED]: condiment-regular
[23-44-25] [FONT LOADED]: prompt-bold
[23-44-25] [FONT LOADED]: segoe-ui-black
[23-44-25] [FONT LOADED]: tahoma
[23-44-25] [THREAD STARTED]: Splash Loader
[23-44-25] [SYSTEM IO]: Requested deletion of: C:\Users\Nathan\Documents\IntelliJava\Cyder\dynamic\tmp
[23-44-26] [THREAD STARTED]: Splash Animation
[23-44-26] [THREAD STARTED]: Secondary Subroutines Runner
[23-44-26] [THREAD STARTED]: JVM Args Logger
[23-44-26] [LOGIN]: AUTOCYPHER ATTEMPT
[23-44-27] [THREAD STARTED]: High Ping Checker
[23-44-27] [OBJECT CREATION]: Objects created since last delta (5000ms): 71
[23-44-27] [BACKEND CRUD]: [PUT] Put of JVM args failed
[23-44-28] [THREAD STARTED]: Splash Loading Label Updater
[23-44-28] [THREAD STARTED]: Harmonic Rectangle Animator
[23-44-28] [THREAD STARTED]: Harmonic Rectangle Animator
[23-44-28] [THREAD STARTED]: Harmonic Rectangle Animator
[23-44-28] [THREAD STARTED]: Harmonic Rectangle Animator
[23-44-28] [THREAD STARTED]: Harmonic Rectangle Animator
[23-44-28] [THREAD STARTED]: Harmonic Rectangle Animator
[23-44-28] [THREAD STARTED]: Harmonic Rectangle Animator
[23-44-28] [THREAD STARTED]: Harmonic Rectangle Animator
[23-44-29] [THREAD STARTED]: Harmonic Rectangle Animator
[23-44-29] [THREAD STARTED]: Harmonic Rectangle Animator
[23-44-29] [THREAD STARTED]: Harmonic Rectangle Animator
[23-44-29] [THREAD STARTED]: Harmonic Rectangle Animator
[23-44-29] [THREAD STARTED]: Harmonic Rectangle Animator
[23-44-29] [THREAD STARTED]: Harmonic Rectangle Animator
[23-44-29] [THREAD STARTED]: Harmonic Rectangle Animator
[23-44-29] [THREAD STARTED]: Harmonic Rectangle Animator
[23-44-29] [THREAD STARTED]: Harmonic Rectangle Animator
[23-44-29] [THREAD STARTED]: Harmonic Rectangle Animator
[23-44-30] [THREAD STARTED]: Harmonic Rectangle Animator
[23-44-30] [THREAD STARTED]: Harmonic Rectangle Animator
[23-44-32] [OBJECT CREATION]: Objects created since last delta (5000ms): 1
[23-45-00] [THREAD STARTED]: [Cyder Splash] dispose() animation thread
[23-45-00] [UI]: CyderFrame disposed with fastclose: true, Component = CyderFrame, hash = 1741436526, bounds = (0, 0,
           600, 600), parent frame = Component itself is a CyderFrame, getTitle() = Cyder Splash
[23-45-00] [DEBUG]: CyderFrame "" was attempted to be set to invalid height: 78
[23-45-02] [OBJECT CREATION]: Objects created since last delta (5000ms): 20
[23-45-55] [EOL]: Log completed, Cyder crashed unexpectedly: exit code: -9 External Stop, exceptions thrown: 0