[18-25-49] [JVM_ENTRY]: [Nathan]
[18-25-49] [THREAD STARTED]: Object Creation Logger
[18-25-50] [SYSTEM_IO]: Requested deletion of: C:\Users\Nathan\Documents\IntelliJava\Cyder
\logs\2022-03-13
[18-25-50] [SYSTEM_IO]: Requested deletion of: C:\Users\Nathan\Documents\IntelliJava\Cyder
\logs\2022-03-13\00-03-03-1.log
[18-25-50] [SYSTEM_IO]: Requested deletion of: C:\Users\Nathan\Documents\IntelliJava\Cyder
\logs\2022-03-13\00-09-16-1.log
[18-25-50] [SYSTEM_IO]: Requested deletion of: C:\Users\Nathan\Documents\IntelliJava\Cyder
\logs\2022-03-13\10-54-42-1.log
[18-25-50] [SYSTEM_IO]: Requested deletion of: C:\Users\Nathan\Documents\IntelliJava\Cyder
\logs\2022-03-13\12-00-37-1.log
[18-25-50] [SYSTEM_IO]: Requested deletion of: C:\Users\Nathan\Documents\IntelliJava\Cyder
\logs\2022-03-13\12-01-47-1.log
[18-25-50] [SYSTEM_IO]: Requested deletion of: C:\Users\Nathan\Documents\IntelliJava\Cyder
\logs\2022-03-13\12-02-41-1.log
[18-25-50] [SYSTEM_IO]: Requested deletion of: C:\Users\Nathan\Documents\IntelliJava\Cyder
\logs\2022-03-13\12-08-10-1.log
[18-25-50] [SYSTEM_IO]: Requested deletion of: C:\Users\Nathan\Documents\IntelliJava\Cyder
\logs\2022-03-13\12-10-55-1.log
[18-25-50] [SYSTEM_IO]: Requested deletion of: C:\Users\Nathan\Documents\IntelliJava\Cyder
\logs\2022-03-13\12-11-57-1.log
[18-25-50] [SYSTEM_IO]: Requested deletion of: C:\Users\Nathan\Documents\IntelliJava\Cyder
\logs\2022-03-13\12-12-12-1.log
[18-25-50] [SYSTEM_IO]: Requested deletion of: C:\Users\Nathan\Documents\IntelliJava\Cyder
\logs\2022-03-13\12-13-09-1.log
[18-25-50] [SYSTEM_IO]: Requested deletion of: C:\Users\Nathan\Documents\IntelliJava\Cyder
\logs\2022-03-13\12-15-02-1.log
[18-25-50] [SYSTEM_IO]: Requested deletion of: C:\Users\Nathan\Documents\IntelliJava\Cyder
\logs\2022-03-13\13-01-36-1.log
[18-25-50] [SYSTEM_IO]: Requested deletion of: C:\Users\Nathan\Documents\IntelliJava\Cyder
\logs\2022-03-13\13-26-38-1.log
[18-25-50] [SYSTEM_IO]: Requested deletion of: C:\Users\Nathan\Documents\IntelliJava\Cyder
\logs\2022-03-13\13-28-53-1.log
[18-25-50] [SYSTEM_IO]: Requested deletion of: C:\Users\Nathan\Documents\IntelliJava\Cyder
\logs\2022-03-13\13-30-55-1.log
[18-25-50] [SYSTEM_IO]: Requested deletion of: C:\Users\Nathan\Documents\IntelliJava\Cyder
\logs\2022-03-13\17-33-53-1.log
[18-25-50] [SYSTEM_IO]: Requested deletion of: C:\Users\Nathan\Documents\IntelliJava\Cyder
\logs\2022-03-13\17-43-03-1.log
[18-25-50] [SYSTEM_IO]: Requested deletion of: C:\Users\Nathan\Documents\IntelliJava\Cyder
\logs\2022-03-13\17-49-05-1.log
[18-25-50] [SYSTEM_IO]: Requested deletion of: C:\Users\Nathan\Documents\IntelliJava\Cyder
\logs\2022-03-13\17-50-13-1.log
[18-25-50] [SYSTEM_IO]: Requested deletion of: C:\Users\Nathan\Documents\IntelliJava\Cyder
\logs\2022-03-13\17-51-06-1.log
[18-25-50] [SYSTEM_IO]: Requested deletion of: C:\Users\Nathan\Documents\IntelliJava\Cyder
\logs\2022-03-13\17-58-37-1.log
[18-25-50] [SYSTEM_IO]: Requested deletion of: C:\Users\Nathan\Documents\IntelliJava\Cyder
\logs\2022-03-13\18-06-33-1.log
[18-25-50] [SYSTEM_IO]: Requested deletion of: C:\Users\Nathan\Documents\IntelliJava\Cyder
\logs\2022-03-13\18-07-35-1.log
[18-25-50] [SYSTEM_IO]: Requested deletion of: C:\Users\Nathan\Documents\IntelliJava\Cyder
\logs\2022-03-13\18-11-48-1.log
[18-25-50] [SYSTEM_IO]: Requested deletion of: C:\Users\Nathan\Documents\IntelliJava\Cyder
\logs\2022-03-13\18-14-15-1.log
[18-25-50] [SYSTEM_IO]: Requested deletion of: C:\Users\Nathan\Documents\IntelliJava\Cyder
\logs\2022-03-13\18-15-22-1.log
[18-25-50] [SYSTEM_IO]: Requested deletion of: C:\Users\Nathan\Documents\IntelliJava\Cyder
\logs\2022-03-13\18-19-25-1.log
[18-25-50] [SYSTEM_IO]: Requested deletion of: C:\Users\Nathan\Documents\IntelliJava\Cyder
\logs\2022-03-13\18-20-18-1.log
[18-25-50] [SYSTEM_IO]: Requested deletion of: C:\Users\Nathan\Documents\IntelliJava\Cyder
\logs\2022-03-13\18-21-44-1.log
[18-25-50] [SYSTEM_IO]: Requested deletion of: C:\Users\Nathan\Documents\IntelliJava\Cyder
\logs\2022-03-13\18-26-09-1.log
[18-25-50] [SYSTEM_IO]: Requested deletion of: C:\Users\Nathan\Documents\IntelliJava\Cyder
\logs\2022-03-13\18-27-07-1.log
[18-25-50] [THREAD STARTED]: Singular Cyder Instance Ensurer
[18-25-51] [THREAD STARTED]: Splash Loader
[18-25-51] [THREAD STARTED]: Splash Animation
[18-25-51] [THREAD STARTED]: Cyder Start Secondary Subroutines
[18-25-51] [LOGIN]: [AUTOCYPHER ATTEMPT]
[18-25-51] [THREAD STARTED]: JVM Logger
[18-25-51] [SYSTEM_IO]: Requested deletion of: C:\Users\Nathan\Documents\IntelliJava\Cyder
\dynamic\tmp
[18-25-51] [SYSTEM_IO]: [JSON WRITE] User was written to file: 7d7ebb00-81fe-329f-8a78-62f
463d0b7da\Userdata.json
[18-25-51] [SYSTEM_IO]: Requested deletion of: C:\Users\Nathan\Documents\IntelliJava\Cyder
\dynamic\backup\7d7ebb00-81fe-329f-8a78-62f463d0b7da_1647300261031.json
[18-25-52] [LOGIN]: [AUTOCYPHER PASS, 7d7ebb00-81fe-329f-8a78-62f463d0b7da]
[18-25-52] [SYSTEM_IO]: [JSON WRITE] User was written to file: 7d7ebb00-81fe-329f-8a78-62f
463d0b7da\Userdata.json
[18-25-52] [SYSTEM_IO]: Requested deletion of: C:\Users\Nathan\Documents\IntelliJava\Cyder
\dynamic\backup\7d7ebb00-81fe-329f-8a78-62f463d0b7da_1647300351716.json
[18-25-52] [SYSTEM_IO]: Userdata requested: RandomBackground
[18-25-52] [SYSTEM_IO]: Userdata requested: FullScreen
[18-25-52] [SYSTEM_IO]: Userdata requested: fullscreen
[18-25-52] [SYSTEM_IO]: Userdata requested: FullScreen [2x]
[18-25-52] [THREAD STARTED]: Console Printing Animation
[18-25-52] [SYSTEM_IO]: Userdata requested: OutputBorder
[18-25-52] [SYSTEM_IO]: Userdata requested: FullScreen
[18-25-52] [SYSTEM_IO]: Userdata requested: InputBorder
[18-25-52] [THREAD STARTED]: Console Input Caret Position Updater
[18-25-52] [SYSTEM_IO]: Userdata requested: OutputFill
[18-25-52] [SYSTEM_IO]: Userdata requested: InputFill
[18-25-52] [THREAD STARTED]: High Ping Checker
[18-25-52] [THREAD STARTED]: Hourly Chime Checker
[18-25-52] [THREAD STARTED]: Console Clock Updater
[18-25-52] [THREAD STARTED]: Cyder Busy Checker
[18-25-52] [THREAD STARTED]: ConsoleFrame Stat Saver
[18-25-52] [UI ACTION]: Console loaded in 2604ms
[18-25-52] [THREAD STARTED]: Component = ConsoleFrame (inner), hash = 979550238, bounds =
(868, 426, 707, 744), parent frame = Component is top frame, getTitle() = Insomnia Cyder
[Nathan] notification queue checker
[18-25-52] [THREAD STARTED]: [Cyder Splash]  dispose() animation thread
[18-25-52] [UI ACTION]: CyderFrame disposed with fastclose: true, Component = CyderFrame,
hash = 278091162, bounds = (980, 396, 600, 600), parent frame = Component is top frame,
getTitle() = Cyder Splash
[18-25-52] [SYSTEM_IO]: Userdata requested: DebugWindows
[18-25-52] [CONSOLE LOADED]: [Nathan] [TESTING MODE]
[18-25-52] [SYSTEM_IO]: Userdata requested: laststart
[18-25-52] [SYSTEM_IO]: [JSON WRITE] User was written to file: 7d7ebb00-81fe-329f-8a78-62f
463d0b7da\Userdata.json
[18-25-52] [SYSTEM_IO]: Requested deletion of: C:\Users\Nathan\Documents\IntelliJava\Cyder
\dynamic\backup\7d7ebb00-81fe-329f-8a78-62f463d0b7da_1647300352126.json
[18-25-52] [UI ACTION]: [Insomnia Cyder [Nathan]] [NOTIFICATION] w = 288, h = 29, text =
<html>Console loaded in 2604ms</html>
[18-25-52] [THREAD STARTED]: notification appear animation
[18-25-52] [SYSTEM_IO]: Userdata requested: persistentnotifications
[18-25-52] [THREAD STARTED]: Notificaiton Vanish Animator
[18-25-52] [OBJECT CREATION]: Objects created since last delta (5s): 99
[18-25-55] [SYSTEM_IO]: [JSON WRITE] User was written to file: 7d7ebb00-81fe-329f-8a78-62f
463d0b7da\Userdata.json
[18-25-55] [SYSTEM_IO]: Requested deletion of: C:\Users\Nathan\Documents\IntelliJava\Cyder
\dynamic\backup\7d7ebb00-81fe-329f-8a78-62f463d0b7da_1647300352419.json
[18-25-57] [THREAD STARTED]: Notificaiton Vanish Animator
[18-25-57] [UI ACTION]: [Insomnia Cyder [Nathan]] [NOTIFICATION] w = 157, h = 29, text =
<html>Happy Pi day!</html>
[18-25-57] [THREAD STARTED]: notification appear animation
[18-25-57] [SYSTEM_IO]: Userdata requested: persistentnotifications
[18-25-57] [THREAD STARTED]: Notificaiton Vanish Animator
[18-25-57] [OBJECT CREATION]: Objects created since last delta (5s): 4
[18-25-58] [SYSTEM_IO]: [JSON WRITE] User was written to file: 7d7ebb00-81fe-329f-8a78-62f
463d0b7da\Userdata.json
[18-25-58] [SYSTEM_IO]: Requested deletion of: C:\Users\Nathan\Documents\IntelliJava\Cyder
\dynamic\backup\7d7ebb00-81fe-329f-8a78-62f463d0b7da_1647300355286.json
[18-25-59] [THREAD STARTED]: Notificaiton Vanish Animator
[18-25-59] [SYSTEM_IO]: Userdata requested: minimizeonclose
[18-25-59] [THREAD STARTED]: [Insomnia Cyder [Nathan]]  dispose() animation thread
[18-25-59] [UI ACTION]: CyderFrame disposed with fastclose: false, Component = ConsoleFram
e (inner), hash = 979550238, bounds = (868, 426, 707, 744), parent frame = Component is
top frame, getTitle() = Insomnia Cyder [Nathan]
[18-25-59] [SYSTEM_IO]: Userdata requested: closeanimation
[18-26-00] [EXIT]: [RUNTIME] 10s
[18-26-00] [EOL]: Log completed, exiting Cyder with exit
code: 0 [Genesis Controlled Exit], exceptions thrown: 0
