[19-04-13] [JVM_ENTRY]: [Nathan]
[19-04-13] [THREAD STARTED]: Object Creation Logger
[19-04-13] [SYSTEM_IO]: Requested deletion of: C:\Users\Nathan\Documents\IntelliJava\Cyder\logs\2022-03-21
[19-04-13] [SYSTEM_IO]: Requested deletion of: C:\Users\Nathan\Documents\IntelliJava\Cyder\logs\2022-03-21\20-14-30-1.log
           [19-04-13] [SYSTEM_IO]: Requested deletion of: C:\Users\Nathan\Documents\IntelliJava\Cyder\logs\2022-03-21\20-14-30-1.log
[19-04-13] [SYSTEM_IO]: Requested deletion of: C:\Users\Nathan\Documents\IntelliJava\Cyder\logs\2022-03-21\20-31-08-1.log
           [19-04-13] [SYSTEM_IO]: Requested deletion of: C:\Users\Nathan\Documents\IntelliJava\Cyder\logs\2022-03-21\20-31-08-1.log
[19-04-13] [SYSTEM_IO]: Requested deletion of: C:\Users\Nathan\Documents\IntelliJava\Cyder\logs\2022-03-21\20-46-53-1.log
           [19-04-13] [SYSTEM_IO]: Requested deletion of: C:\Users\Nathan\Documents\IntelliJava\Cyder\logs\2022-03-21\20-46-53-1.log
[19-04-13] [SYSTEM_IO]: Requested deletion of: C:\Users\Nathan\Documents\IntelliJava\Cyder\logs\2022-03-21\20-49-32-1.log
           [19-04-13] [SYSTEM_IO]: Requested deletion of: C:\Users\Nathan\Documents\IntelliJava\Cyder\logs\2022-03-21\20-49-32-1.log
[19-04-13] [SYSTEM_IO]: Requested deletion of: C:\Users\Nathan\Documents\IntelliJava\Cyder\logs\2022-03-21\21-10-44-1.log
           [19-04-13] [SYSTEM_IO]: Requested deletion of: C:\Users\Nathan\Documents\IntelliJava\Cyder\logs\2022-03-21\21-10-44-1.log
[19-04-13] [SYSTEM_IO]: Requested deletion of: C:\Users\Nathan\Documents\IntelliJava\Cyder\logs\2022-03-21\22-08-23-1.log
           [19-04-13] [SYSTEM_IO]: Requested deletion of: C:\Users\Nathan\Documents\IntelliJava\Cyder\logs\2022-03-21\22-08-23-1.log
[19-04-13] [SYSTEM_IO]: Requested deletion of: C:\Users\Nathan\Documents\IntelliJava\Cyder\logs\2022-03-21\22-14-05-1.log
           [19-04-13] [SYSTEM_IO]: Requested deletion of: C:\Users\Nathan\Documents\IntelliJava\Cyder\logs\2022-03-21\22-14-05-1.log
[19-04-13] [SYSTEM_IO]: Requested deletion of: C:\Users\Nathan\Documents\IntelliJava\Cyder\logs\2022-03-21\22-15-06-1.log
           [19-04-13] [SYSTEM_IO]: Requested deletion of: C:\Users\Nathan\Documents\IntelliJava\Cyder\logs\2022-03-21\22-15-06-1.log
[19-04-13] [SYSTEM_IO]: Requested deletion of: C:\Users\Nathan\Documents\IntelliJava\Cyder\logs\2022-03-21\22-16-24-1.log
           [19-04-13] [SYSTEM_IO]: Requested deletion of: C:\Users\Nathan\Documents\IntelliJava\Cyder\logs\2022-03-21\22-16-24-1.log
[19-04-13] [SYSTEM_IO]: Requested deletion of: C:\Users\Nathan\Documents\IntelliJava\Cyder\logs\2022-03-21\22-28-21-1.log
           [19-04-13] [SYSTEM_IO]: Requested deletion of: C:\Users\Nathan\Documents\IntelliJava\Cyder\logs\2022-03-21\22-28-21-1.log
[19-04-13] [SYSTEM_IO]: Requested deletion of: C:\Users\Nathan\Documents\IntelliJava\Cyder\logs\2022-03-21\22-30-51-1.log
           [19-04-13] [SYSTEM_IO]: Requested deletion of: C:\Users\Nathan\Documents\IntelliJava\Cyder\logs\2022-03-21\22-30-51-1.log
[19-04-13] [SYSTEM_IO]: Requested deletion of: C:\Users\Nathan\Documents\IntelliJava\Cyder\logs\2022-03-21\22-32-01-1.log
           [19-04-13] [SYSTEM_IO]: Requested deletion of: C:\Users\Nathan\Documents\IntelliJava\Cyder\logs\2022-03-21\22-32-01-1.log
[19-04-13] [THREAD STARTED]: Watchdog Initializer
[19-04-13] [THREAD STARTED]: Singular Cyder Instance Ensurer
[19-04-14] [FONT LOADED]: font name = agency-fb
[19-04-14] [FONT LOADED]: font name = arial-black
[19-04-14] [FONT LOADED]: font name = beyno
[19-04-14] [FONT LOADED]: font name = darling-in-paris
[19-04-14] [FONT LOADED]: font name = Prompt-Bold
[19-04-14] [FONT LOADED]: font name = segoe-ui-black
[19-04-14] [FONT LOADED]: font name = tahoma
[19-04-14] [THREAD STARTED]: Splash Loader
[19-04-14] [THREAD STARTED]: Splash Animation
[19-04-14] [THREAD STARTED]: Cyder Start Secondary Subroutines
[19-04-14] [LOGIN]: [AUTOCYPHER ATTEMPT]
[19-04-14] [THREAD STARTED]: JVM Args Logger
[19-04-14] [SYSTEM_IO]: Requested deletion of: C:\Users\Nathan\Documents\IntelliJava\Cyder\dynamic\tmp
[19-04-14] [SYSTEM_IO]: [JSON WRITE] [Levenshtein = 1] User was written to file: 7d7ebb00-81fe-329f-8a78-62f463d0b7da\Us
           erdata.json
[19-04-14] [SYSTEM_IO]: Requested deletion of: C:\Users\Nathan\Documents\IntelliJava\Cyder\dynamic\backup\7d7ebb00-81fe-
           329f-8a78-62f463d0b7da_1647993571822.json
[19-04-15] [LOGIN]: [AUTOCYPHER PASS, 7d7ebb00-81fe-329f-8a78-62f463d0b7da]
[19-04-15] [SYSTEM_IO]: [JSON WRITE] [Levenshtein = 0] User was written to file: 7d7ebb00-81fe-329f-8a78-62f463d0b7da\Us
           erdata.json
[19-04-15] [SYSTEM_IO]: Requested deletion of: C:\Users\Nathan\Documents\IntelliJava\Cyder\dynamic\backup\7d7ebb00-81fe-
           329f-8a78-62f463d0b7da_1647993854978.json
[19-04-15] [SYSTEM_IO]: Userdata requested: RandomBackground
[19-04-16] [SYSTEM_IO]: Userdata requested: FullScreen [4x]
[19-04-16] [THREAD STARTED]: Console Printing Animation
[19-04-16] [SYSTEM_IO]: Userdata requested: OutputBorder
[19-04-16] [SYSTEM_IO]: Userdata requested: FullScreen
[19-04-16] [SYSTEM_IO]: Userdata requested: InputBorder
[19-04-16] [THREAD STARTED]: Console Input Caret Position Updater
[19-04-16] [SYSTEM_IO]: Userdata requested: OutputFill
[19-04-16] [SYSTEM_IO]: Userdata requested: InputFill
[19-04-16] [THREAD STARTED]: High Ping Checker
[19-04-16] [THREAD STARTED]: Hourly Chime Checker
[19-04-16] [THREAD STARTED]: Console Clock Updater
[19-04-16] [THREAD STARTED]: Cyder Busy Checker
[19-04-16] [THREAD STARTED]: ConsoleFrame Stat Saver
[19-04-16] [OBJECT CREATION]: Objects created since last delta (5s): 95
[19-04-16] [THREAD STARTED]: Cyder Watchdog
[19-04-16] [UI ACTION]: Console loaded in 3302ms
[19-04-16] [SYSTEM_IO]: Userdata requested: DebugWindows
[19-04-16] [CONSOLE LOADED]: [Nathan] [TESTING MODE]
[19-04-16] [SYSTEM_IO]: Userdata requested: laststart
[19-04-16] [THREAD STARTED]: Component = ConsoleFrame (inner), hash = 333693383, bounds = (1333, 347, 900, 600), parent
           frame = Component is top frame, getTitle() = Insomnia Cyder [Nathan] notification queue checker
[19-04-16] [THREAD STARTED]: [Cyder Splash]  dispose() animation thread
[19-04-16] [UI ACTION]: CyderFrame disposed with fastclose: true, Component = CyderFrame, hash = 73005234, bounds =
           (980, 396, 600, 600), parent frame = Component is top frame, getTitle() = Cyder Splash
[19-04-16] [SYSTEM_IO]: [JSON WRITE] [Levenshtein = 5] User was written to file: 7d7ebb00-81fe-329f-8a78-62f463d0b7da\Us
           erdata.json
[19-04-16] [UI ACTION]: [Insomnia Cyder [Nathan]] [NOTIFICATION] w = 287, h = 29, text = <html>Console loaded in 3302ms</html>
           [19-04-16] [UI ACTION]: [Insomnia Cyder [Nathan]] [NOTIFICATION] w = 287, h = 29, text = <html>Console loaded in 3302ms</html>
[19-04-16] [SYSTEM_IO]: Requested deletion of: C:\Users\Nathan\Documents\IntelliJava\Cyder\dynamic\backup\7d7ebb00-81fe-
           329f-8a78-62f463d0b7da_1647993855753.json
[19-04-16] [THREAD STARTED]: notification appear animation
[19-04-16] [SYSTEM_IO]: Userdata requested: persistentnotifications
[19-04-16] [THREAD STARTED]: Notificaiton Vanish Animator
[19-04-18] [CLIENT]: conway
[19-04-18] [SYSTEM_IO]: Userdata requested: filterchat
[19-04-18] [WIDGET OPENED]: GameOfLifeWidget, trigger = conway
[19-04-18] [HANDLE]: PRIMARY HANDLE
[19-04-18] [CONSOLE_OUT]: [STRING] Opening widget: GameOfLifeWidget
[19-04-18] [THREAD STATUS POLLED]: name = AWT-EventQueue-0 in RUNNABLE state; incrementing watchdog counter
[19-04-19] [SYSTEM_IO]: [JSON WRITE] [Levenshtein = 0] User was written to file: 7d7ebb00-81fe-329f-8a78-62f463d0b7da\Us
           erdata.json
[19-04-19] [SYSTEM_IO]: Requested deletion of: C:\Users\Nathan\Documents\IntelliJava\Cyder\dynamic\backup\7d7ebb00-81fe-
           329f-8a78-62f463d0b7da_1647993856475.json
[19-04-20] [THREAD STATUS POLLED]: name = AWT-EventQueue-0 in RUNNABLE state; incrementing watchdog counter [2x]
[19-04-21] [OBJECT CREATION]: Objects created since last delta (5s): 32
[19-04-22] [THREAD STATUS POLLED]: name = AWT-EventQueue-0 in RUNNABLE state; incrementing watchdog counter [2x]
[19-04-23] [SYSTEM_IO]: [JSON WRITE] [Levenshtein = 0] User was written to file: 7d7ebb00-81fe-329f-8a78-62f463d0b7da\Us
           erdata.json
[19-04-23] [SYSTEM_IO]: Requested deletion of: C:\Users\Nathan\Documents\IntelliJava\Cyder\dynamic\backup\7d7ebb00-81fe-
           329f-8a78-62f463d0b7da_1647993859263.json
[19-04-25] [THREAD STATUS POLLED]: name = AWT-EventQueue-0 in RUNNABLE state; incrementing watchdog counter [3x]
[19-04-26] [OBJECT CREATION]: Objects created since last delta (5s): 1
[19-04-26] [THREAD STATUS POLLED]: name = AWT-EventQueue-0 in RUNNABLE state; incrementing watchdog counter
[19-04-26] [SYSTEM_IO]: [JSON WRITE] [Levenshtein = 0] User was written to file: 7d7ebb00-81fe-329f-8a78-62f463d0b7da\Us
           erdata.json
[19-04-26] [SYSTEM_IO]: Requested deletion of: C:\Users\Nathan\Documents\IntelliJava\Cyder\dynamic\backup\7d7ebb00-81fe-
           329f-8a78-62f463d0b7da_1647993863044.json
[19-04-30] [THREAD STATUS POLLED]: name = AWT-EventQueue-0 in RUNNABLE state; incrementing watchdog counter [4x]
[19-04-30] [SYSTEM_IO]: [JSON WRITE] [Levenshtein = 0] User was written to file: 7d7ebb00-81fe-329f-8a78-62f463d0b7da\Us
           erdata.json
[19-04-30] [SYSTEM_IO]: Requested deletion of: C:\Users\Nathan\Documents\IntelliJava\Cyder\dynamic\backup\7d7ebb00-81fe-
           329f-8a78-62f463d0b7da_1647993866860.json
[19-04-31] [OBJECT CREATION]: Objects created since last delta (5s): 2
[19-04-34] [THREAD STATUS POLLED]: name = AWT-EventQueue-0 in RUNNABLE state; incrementing watchdog counter [4x]
[19-04-34] [SYSTEM_IO]: [JSON WRITE] [Levenshtein = 0] User was written to file: 7d7ebb00-81fe-329f-8a78-62f463d0b7da\Us
           erdata.json
[19-04-34] [SYSTEM_IO]: Requested deletion of: C:\Users\Nathan\Documents\IntelliJava\Cyder\dynamic\backup\7d7ebb00-81fe-
           329f-8a78-62f463d0b7da_1647993870689.json
[19-04-35] [THREAD STATUS POLLED]: name = AWT-EventQueue-0 in RUNNABLE state; incrementing watchdog counter
[19-04-36] [OBJECT CREATION]: Objects created since last delta (5s): 1
[19-04-37] [THREAD STATUS POLLED]: name = AWT-EventQueue-0 in RUNNABLE state; incrementing watchdog counter [2x]
[19-04-38] [SYSTEM_IO]: [JSON WRITE] [Levenshtein = 0] User was written to file: 7d7ebb00-81fe-329f-8a78-62f463d0b7da\Us
           erdata.json
[19-04-38] [SYSTEM_IO]: Requested deletion of: C:\Users\Nathan\Documents\IntelliJava\Cyder\dynamic\backup\7d7ebb00-81fe-
           329f-8a78-62f463d0b7da_1647993874645.json
[19-04-40] [THREAD STATUS POLLED]: name = AWT-EventQueue-0 in RUNNABLE state; incrementing watchdog counter [3x]
[19-04-41] [OBJECT CREATION]: Objects created since last delta (5s): 1
[19-04-41] [THREAD STATUS POLLED]: name = AWT-EventQueue-0 in RUNNABLE state; incrementing watchdog counter
[19-04-42] [SYSTEM_IO]: [JSON WRITE] [Levenshtein = 0] User was written to file: 7d7ebb00-81fe-329f-8a78-62f463d0b7da\Us
           erdata.json
[19-04-42] [SYSTEM_IO]: Requested deletion of: C:\Users\Nathan\Documents\IntelliJava\Cyder\dynamic\backup\7d7ebb00-81fe-
           329f-8a78-62f463d0b7da_1647993878464.json
[19-04-45] [THREAD STATUS POLLED]: name = AWT-EventQueue-0 in RUNNABLE state; incrementing watchdog counter [4x]
[19-04-46] [SYSTEM_IO]: [JSON WRITE] [Levenshtein = 0] User was written to file: 7d7ebb00-81fe-329f-8a78-62f463d0b7da\Us
           erdata.json
[19-04-46] [SYSTEM_IO]: Requested deletion of: C:\Users\Nathan\Documents\IntelliJava\Cyder\dynamic\backup\7d7ebb00-81fe-
           329f-8a78-62f463d0b7da_1647993882248.json
[19-04-46] [OBJECT CREATION]: Objects created since last delta (5s): 2
[19-04-49] [THREAD STATUS POLLED]: name = AWT-EventQueue-0 in RUNNABLE state; incrementing watchdog counter [4x]
[19-04-49] [SYSTEM_IO]: [JSON WRITE] [Levenshtein = 0] User was written to file: 7d7ebb00-81fe-329f-8a78-62f463d0b7da\Us
           erdata.json
[19-04-49] [SYSTEM_IO]: Requested deletion of: C:\Users\Nathan\Documents\IntelliJava\Cyder\dynamic\backup\7d7ebb00-81fe-
           329f-8a78-62f463d0b7da_1647993886055.json
[19-04-50] [THREAD STATUS POLLED]: name = AWT-EventQueue-0 in RUNNABLE state; incrementing watchdog counter
[19-04-51] [OBJECT CREATION]: Objects created since last delta (5s): 1
[19-04-53] [THREAD STATUS POLLED]: name = AWT-EventQueue-0 in RUNNABLE state; incrementing watchdog counter [3x]
[19-04-53] [SYSTEM_IO]: [JSON WRITE] [Levenshtein = 0] User was written to file: 7d7ebb00-81fe-329f-8a78-62f463d0b7da\Us
           erdata.json
[19-04-53] [SYSTEM_IO]: Requested deletion of: C:\Users\Nathan\Documents\IntelliJava\Cyder\dynamic\backup\7d7ebb00-81fe-
           329f-8a78-62f463d0b7da_1647993889857.json
[19-04-55] [THREAD STATUS POLLED]: name = AWT-EventQueue-0 in RUNNABLE state; incrementing watchdog counter [2x]
[19-04-56] [OBJECT CREATION]: Objects created since last delta (5s): 1
[19-04-56] [THREAD STATUS POLLED]: name = AWT-EventQueue-0 in RUNNABLE state; incrementing watchdog counter
[19-04-57] [SYSTEM_IO]: [JSON WRITE] [Levenshtein = 0] User was written to file: 7d7ebb00-81fe-329f-8a78-62f463d0b7da\Us
           erdata.json
[19-04-57] [SYSTEM_IO]: Requested deletion of: C:\Users\Nathan\Documents\IntelliJava\Cyder\dynamic\backup\7d7ebb00-81fe-
           329f-8a78-62f463d0b7da_1647993893662.json
[19-05-00] [THREAD STATUS POLLED]: name = AWT-EventQueue-0 in RUNNABLE state; incrementing watchdog counter [4x]
[19-05-01] [SYSTEM_IO]: [JSON WRITE] [Levenshtein = 0] User was written to file: 7d7ebb00-81fe-329f-8a78-62f463d0b7da\Us
           erdata.json
[19-05-01] [SYSTEM_IO]: Requested deletion of: C:\Users\Nathan\Documents\IntelliJava\Cyder\dynamic\backup\7d7ebb00-81fe-
           329f-8a78-62f463d0b7da_1647993897505.json
[19-05-01] [OBJECT CREATION]: Objects created since last delta (5s): 2
[19-05-04] [THREAD STATUS POLLED]: name = AWT-EventQueue-0 in RUNNABLE state; incrementing watchdog counter [4x]
[19-05-05] [SYSTEM_IO]: [JSON WRITE] [Levenshtein = 0] User was written to file: 7d7ebb00-81fe-329f-8a78-62f463d0b7da\Us
           erdata.json
[19-05-05] [SYSTEM_IO]: Requested deletion of: C:\Users\Nathan\Documents\IntelliJava\Cyder\dynamic\backup\7d7ebb00-81fe-
           329f-8a78-62f463d0b7da_1647993901316.json
[19-05-05] [THREAD STATUS POLLED]: name = AWT-EventQueue-0 in RUNNABLE state; incrementing watchdog counter
[19-05-06] [OBJECT CREATION]: Objects created since last delta (5s): 1
[19-05-08] [THREAD STATUS POLLED]: name = AWT-EventQueue-0 in RUNNABLE state; incrementing watchdog counter [3x]
[19-05-08] [SYSTEM_IO]: [JSON WRITE] [Levenshtein = 0] User was written to file: 7d7ebb00-81fe-329f-8a78-62f463d0b7da\Us
           erdata.json
[19-05-08] [SYSTEM_IO]: Requested deletion of: C:\Users\Nathan\Documents\IntelliJava\Cyder\dynamic\backup\7d7ebb00-81fe-
           329f-8a78-62f463d0b7da_1647993905116.json
[19-05-10] [THREAD STATUS POLLED]: name = AWT-EventQueue-0 in RUNNABLE state; incrementing watchdog counter [2x]
[19-05-11] [OBJECT CREATION]: Objects created since last delta (5s): 1
[19-05-11] [THREAD STATUS POLLED]: name = AWT-EventQueue-0 in RUNNABLE state; incrementing watchdog counter
[19-05-12] [SYSTEM_IO]: [JSON WRITE] [Levenshtein = 0] User was written to file: 7d7ebb00-81fe-329f-8a78-62f463d0b7da\Us
           erdata.json
[19-05-12] [THREAD STATUS POLLED]: name = AWT-EventQueue-0 in RUNNABLE state; incrementing watchdog counter
[19-05-12] [SYSTEM_IO]: Requested deletion of: C:\Users\Nathan\Documents\IntelliJava\Cyder\dynamic\backup\7d7ebb00-81fe-
           329f-8a78-62f463d0b7da_1647993908948.json
[19-05-15] [THREAD STATUS POLLED]: name = AWT-EventQueue-0 in RUNNABLE state; incrementing watchdog counter [3x]
[19-05-16] [OBJECT CREATION]: Objects created since last delta (5s): 1
[19-05-16] [SYSTEM_IO]: [JSON WRITE] [Levenshtein = 0] User was written to file: 7d7ebb00-81fe-329f-8a78-62f463d0b7da\Us
           erdata.json
[19-05-16] [SYSTEM_IO]: Requested deletion of: C:\Users\Nathan\Documents\IntelliJava\Cyder\dynamic\backup\7d7ebb00-81fe-
           329f-8a78-62f463d0b7da_1647993912747.json
[19-05-19] [THREAD STATUS POLLED]: name = AWT-EventQueue-0 in RUNNABLE state; incrementing watchdog counter [4x]
[19-05-20] [SYSTEM_IO]: [JSON WRITE] [Levenshtein = 0] User was written to file: 7d7ebb00-81fe-329f-8a78-62f463d0b7da\Us
           erdata.json
[19-05-20] [SYSTEM_IO]: Requested deletion of: C:\Users\Nathan\Documents\IntelliJava\Cyder\dynamic\backup\7d7ebb00-81fe-
           329f-8a78-62f463d0b7da_1647993916569.json
[19-05-20] [THREAD STATUS POLLED]: name = AWT-EventQueue-0 in RUNNABLE state; incrementing watchdog counter
[19-05-21] [OBJECT CREATION]: Objects created since last delta (5s): 2
[19-05-23] [THREAD STATUS POLLED]: name = AWT-EventQueue-0 in RUNNABLE state; incrementing watchdog counter [3x]
[19-05-24] [SYSTEM_IO]: [JSON WRITE] [Levenshtein = 0] User was written to file: 7d7ebb00-81fe-329f-8a78-62f463d0b7da\Us
           erdata.json
[19-05-24] [SYSTEM_IO]: Requested deletion of: C:\Users\Nathan\Documents\IntelliJava\Cyder\dynamic\backup\7d7ebb00-81fe-
           329f-8a78-62f463d0b7da_1647993920361.json
[19-05-25] [THREAD STATUS POLLED]: name = AWT-EventQueue-0 in RUNNABLE state; incrementing watchdog counter [2x]
[19-05-26] [OBJECT CREATION]: Objects created since last delta (5s): 1
[19-05-27] [THREAD STATUS POLLED]: name = AWT-EventQueue-0 in RUNNABLE state; incrementing watchdog counter [2x]
[19-05-27] [SYSTEM_IO]: [JSON WRITE] [Levenshtein = 0] User was written to file: 7d7ebb00-81fe-329f-8a78-62f463d0b7da\Us
           erdata.json
[19-05-27] [SYSTEM_IO]: Requested deletion of: C:\Users\Nathan\Documents\IntelliJava\Cyder\dynamic\backup\7d7ebb00-81fe-
           329f-8a78-62f463d0b7da_1647993924176.json
[19-05-30] [THREAD STATUS POLLED]: name = AWT-EventQueue-0 in RUNNABLE state; incrementing watchdog counter [3x]
[19-05-31] [OBJECT CREATION]: Objects created since last delta (5s): 1
[19-05-31] [SYSTEM_IO]: [JSON WRITE] [Levenshtein = 0] User was written to file: 7d7ebb00-81fe-329f-8a78-62f463d0b7da\Us
           erdata.json
[19-05-31] [SYSTEM_IO]: Requested deletion of: C:\Users\Nathan\Documents\IntelliJava\Cyder\dynamic\backup\7d7ebb00-81fe-
           329f-8a78-62f463d0b7da_1647993927981.json
[19-05-34] [THREAD STATUS POLLED]: name = AWT-EventQueue-0 in RUNNABLE state; incrementing watchdog counter [4x]
[19-05-35] [SYSTEM_IO]: [JSON WRITE] [Levenshtein = 0] User was written to file: 7d7ebb00-81fe-329f-8a78-62f463d0b7da\Us
           erdata.json
[19-05-35] [SYSTEM_IO]: Requested deletion of: C:\Users\Nathan\Documents\IntelliJava\Cyder\dynamic\backup\7d7ebb00-81fe-
           329f-8a78-62f463d0b7da_1647993931805.json
[19-05-35] [THREAD STATUS POLLED]: name = AWT-EventQueue-0 in RUNNABLE state; incrementing watchdog counter
[19-05-36] [OBJECT CREATION]: Objects created since last delta (5s): 2
[19-05-38] [THREAD STATUS POLLED]: name = AWT-EventQueue-0 in RUNNABLE state; incrementing watchdog counter [3x]
[19-05-39] [SYSTEM_IO]: [JSON WRITE] [Levenshtein = 0] User was written to file: 7d7ebb00-81fe-329f-8a78-62f463d0b7da\Us
           erdata.json
[19-05-39] [SYSTEM_IO]: Requested deletion of: C:\Users\Nathan\Documents\IntelliJava\Cyder\dynamic\backup\7d7ebb00-81fe-
           329f-8a78-62f463d0b7da_1647993935608.json
[19-05-40] [THREAD STATUS POLLED]: name = AWT-EventQueue-0 in RUNNABLE state; incrementing watchdog counter [2x]
[19-05-41] [OBJECT CREATION]: Objects created since last delta (5s): 1
[19-05-42] [THREAD STATUS POLLED]: name = AWT-EventQueue-0 in RUNNABLE state; incrementing watchdog counter [2x]
[19-05-43] [SYSTEM_IO]: [JSON WRITE] [Levenshtein = 0] User was written to file: 7d7ebb00-81fe-329f-8a78-62f463d0b7da\Us
           erdata.json
[19-05-43] [SYSTEM_IO]: Requested deletion of: C:\Users\Nathan\Documents\IntelliJava\Cyder\dynamic\backup\7d7ebb00-81fe-
           329f-8a78-62f463d0b7da_1647993939453.json
[19-05-45] [THREAD STATUS POLLED]: name = AWT-EventQueue-0 in RUNNABLE state; incrementing watchdog counter [3x]
[19-05-46] [OBJECT CREATION]: Objects created since last delta (5s): 1
[19-05-46] [THREAD STATUS POLLED]: name = AWT-EventQueue-0 in RUNNABLE state; incrementing watchdog counter
[19-05-47] [SYSTEM_IO]: [JSON WRITE] [Levenshtein = 0] User was written to file: 7d7ebb00-81fe-329f-8a78-62f463d0b7da\Us
           erdata.json
[19-05-47] [SYSTEM_IO]: Requested deletion of: C:\Users\Nathan\Documents\IntelliJava\Cyder\dynamic\backup\7d7ebb00-81fe-
           329f-8a78-62f463d0b7da_1647993943269.json
[19-05-49] [THREAD STATUS POLLED]: name = AWT-EventQueue-0 in RUNNABLE state; incrementing watchdog counter [3x]
[19-05-50] [SYSTEM_IO]: [JSON WRITE] [Levenshtein = 0] User was written to file: 7d7ebb00-81fe-329f-8a78-62f463d0b7da\Us
           erdata.json
[19-05-50] [SYSTEM_IO]: Requested deletion of: C:\Users\Nathan\Documents\IntelliJava\Cyder\dynamic\backup\7d7ebb00-81fe-
           329f-8a78-62f463d0b7da_1647993947058.json
[19-05-50] [THREAD STATUS POLLED]: name = AWT-EventQueue-0 in RUNNABLE state; incrementing watchdog counter
[19-05-51] [OBJECT CREATION]: Objects created since last delta (5s): 2
[19-05-54] [THREAD STATUS POLLED]: name = AWT-EventQueue-0 in RUNNABLE state; incrementing watchdog counter [3x]
[19-05-54] [SYSTEM_IO]: [JSON WRITE] [Levenshtein = 0] User was written to file: 7d7ebb00-81fe-329f-8a78-62f463d0b7da\Us
           erdata.json
[19-05-54] [SYSTEM_IO]: Requested deletion of: C:\Users\Nathan\Documents\IntelliJava\Cyder\dynamic\backup\7d7ebb00-81fe-
           329f-8a78-62f463d0b7da_1647993950853.json
[19-05-56] [THREAD STATUS POLLED]: name = AWT-EventQueue-0 in RUNNABLE state; incrementing watchdog counter [2x]
[19-05-56] [OBJECT CREATION]: Objects created since last delta (5s): 1
[19-05-58] [THREAD STATUS POLLED]: name = AWT-EventQueue-0 in RUNNABLE state; incrementing watchdog counter [2x]
[19-05-58] [SYSTEM_IO]: [JSON WRITE] [Levenshtein = 0] User was written to file: 7d7ebb00-81fe-329f-8a78-62f463d0b7da\Us
           erdata.json
[19-05-58] [SYSTEM_IO]: Requested deletion of: C:\Users\Nathan\Documents\IntelliJava\Cyder\dynamic\backup\7d7ebb00-81fe-
           329f-8a78-62f463d0b7da_1647993954694.json
[19-06-01] [THREAD STATUS POLLED]: name = AWT-EventQueue-0 in RUNNABLE state; incrementing watchdog counter [3x]
[19-06-01] [OBJECT CREATION]: Objects created since last delta (5s): 1
[19-06-02] [THREAD STATUS POLLED]: name = AWT-EventQueue-0 in RUNNABLE state; incrementing watchdog counter
[19-06-02] [SYSTEM_IO]: [JSON WRITE] [Levenshtein = 0] User was written to file: 7d7ebb00-81fe-329f-8a78-62f463d0b7da\Us
           erdata.json
[19-06-02] [SYSTEM_IO]: Requested deletion of: C:\Users\Nathan\Documents\IntelliJava\Cyder\dynamic\backup\7d7ebb00-81fe-
           329f-8a78-62f463d0b7da_1647993958502.json
[19-06-06] [THREAD STATUS POLLED]: name = AWT-EventQueue-0 in RUNNABLE state; incrementing watchdog counter [4x]
[19-06-06] [SYSTEM_IO]: [JSON WRITE] [Levenshtein = 0] User was written to file: 7d7ebb00-81fe-329f-8a78-62f463d0b7da\Us
           erdata.json
[19-06-06] [SYSTEM_IO]: Requested deletion of: C:\Users\Nathan\Documents\IntelliJava\Cyder\dynamic\backup\7d7ebb00-81fe-
           329f-8a78-62f463d0b7da_1647993962296.json
[19-06-06] [OBJECT CREATION]: Objects created since last delta (5s): 2
[19-06-09] [THREAD STATUS POLLED]: name = AWT-EventQueue-0 in RUNNABLE state; incrementing watchdog counter [3x]
[19-06-09] [SYSTEM_IO]: [JSON WRITE] [Levenshtein = 0] User was written to file: 7d7ebb00-81fe-329f-8a78-62f463d0b7da\Us
           erdata.json
[19-06-09] [SYSTEM_IO]: Requested deletion of: C:\Users\Nathan\Documents\IntelliJava\Cyder\dynamic\backup\7d7ebb00-81fe-
           329f-8a78-62f463d0b7da_1647993966114.json
[19-06-11] [THREAD STATUS POLLED]: name = AWT-EventQueue-0 in RUNNABLE state; incrementing watchdog counter [2x]
[19-06-11] [OBJECT CREATION]: Objects created since last delta (5s): 1
[19-06-13] [THREAD STATUS POLLED]: name = AWT-EventQueue-0 in RUNNABLE state; incrementing watchdog counter [2x]
[19-06-13] [SYSTEM_IO]: [JSON WRITE] [Levenshtein = 0] User was written to file: 7d7ebb00-81fe-329f-8a78-62f463d0b7da\Us
           erdata.json
[19-06-13] [SYSTEM_IO]: Requested deletion of: C:\Users\Nathan\Documents\IntelliJava\Cyder\dynamic\backup\7d7ebb00-81fe-
           329f-8a78-62f463d0b7da_1647993969908.json
[19-06-16] [THREAD STATUS POLLED]: name = AWT-EventQueue-0 in RUNNABLE state; incrementing watchdog counter [3x]
[19-06-16] [OBJECT CREATION]: Objects created since last delta (5s): 1
[19-06-17] [THREAD STATUS POLLED]: name = AWT-EventQueue-0 in RUNNABLE state; incrementing watchdog counter
[19-06-17] [SYSTEM_IO]: [JSON WRITE] [Levenshtein = 0] User was written to file: 7d7ebb00-81fe-329f-8a78-62f463d0b7da\Us
           erdata.json
[19-06-17] [SYSTEM_IO]: Requested deletion of: C:\Users\Nathan\Documents\IntelliJava\Cyder\dynamic\backup\7d7ebb00-81fe-
           329f-8a78-62f463d0b7da_1647993973707.json
[19-06-21] [THREAD STATUS POLLED]: name = AWT-EventQueue-0 in RUNNABLE state; incrementing watchdog counter [4x]
[19-06-21] [SYSTEM_IO]: [JSON WRITE] [Levenshtein = 0] User was written to file: 7d7ebb00-81fe-329f-8a78-62f463d0b7da\Us
           erdata.json
[19-06-21] [SYSTEM_IO]: Requested deletion of: C:\Users\Nathan\Documents\IntelliJava\Cyder\dynamic\backup\7d7ebb00-81fe-
           329f-8a78-62f463d0b7da_1647993977517.json
[19-06-21] [OBJECT CREATION]: Objects created since last delta (5s): 2
[19-06-24] [THREAD STATUS POLLED]: name = AWT-EventQueue-0 in RUNNABLE state; incrementing watchdog counter [3x]
[19-06-25] [SYSTEM_IO]: [JSON WRITE] [Levenshtein = 0] User was written to file: 7d7ebb00-81fe-329f-8a78-62f463d0b7da\Us
           erdata.json
[19-06-25] [SYSTEM_IO]: Requested deletion of: C:\Users\Nathan\Documents\IntelliJava\Cyder\dynamic\backup\7d7ebb00-81fe-
           329f-8a78-62f463d0b7da_1647993981331.json
[19-06-26] [THREAD STATUS POLLED]: name = AWT-EventQueue-0 in RUNNABLE state; incrementing watchdog counter [2x]
[19-06-26] [OBJECT CREATION]: Objects created since last delta (5s): 1
[19-06-28] [THREAD STATUS POLLED]: name = AWT-EventQueue-0 in RUNNABLE state; incrementing watchdog counter [2x]
[19-06-28] [SYSTEM_IO]: [JSON WRITE] [Levenshtein = 0] User was written to file: 7d7ebb00-81fe-329f-8a78-62f463d0b7da\Us
           erdata.json
[19-06-28] [SYSTEM_IO]: Requested deletion of: C:\Users\Nathan\Documents\IntelliJava\Cyder\dynamic\backup\7d7ebb00-81fe-
           329f-8a78-62f463d0b7da_1647993985154.json
[19-06-31] [THREAD STATUS POLLED]: name = AWT-EventQueue-0 in RUNNABLE state; incrementing watchdog counter [3x]
[19-06-31] [OBJECT CREATION]: Objects created since last delta (5s): 1
[19-06-32] [THREAD STATUS POLLED]: name = AWT-EventQueue-0 in RUNNABLE state; incrementing watchdog counter
[19-06-32] [SYSTEM_IO]: [JSON WRITE] [Levenshtein = 0] User was written to file: 7d7ebb00-81fe-329f-8a78-62f463d0b7da\Us
           erdata.json
[19-06-32] [SYSTEM_IO]: Requested deletion of: C:\Users\Nathan\Documents\IntelliJava\Cyder\dynamic\backup\7d7ebb00-81fe-
           329f-8a78-62f463d0b7da_1647993988954.json
[19-06-36] [THREAD STATUS POLLED]: name = AWT-EventQueue-0 in RUNNABLE state; incrementing watchdog counter [4x]
[19-06-36] [OBJECT CREATION]: Objects created since last delta (5s): 1
[19-06-36] [SYSTEM_IO]: [JSON WRITE] [Levenshtein = 0] User was written to file: 7d7ebb00-81fe-329f-8a78-62f463d0b7da\Us
           erdata.json
[19-06-36] [SYSTEM_IO]: Requested deletion of: C:\Users\Nathan\Documents\IntelliJava\Cyder\dynamic\backup\7d7ebb00-81fe-
           329f-8a78-62f463d0b7da_1647993992776.json
[19-06-40] [THREAD STATUS POLLED]: name = AWT-EventQueue-0 in RUNNABLE state; incrementing watchdog counter [4x]
[19-06-40] [SYSTEM_IO]: [JSON WRITE] [Levenshtein = 0] User was written to file: 7d7ebb00-81fe-329f-8a78-62f463d0b7da\Us
           erdata.json
[19-06-40] [SYSTEM_IO]: Requested deletion of: C:\Users\Nathan\Documents\IntelliJava\Cyder\dynamic\backup\7d7ebb00-81fe-
           329f-8a78-62f463d0b7da_1647993996645.json
[19-06-41] [THREAD STATUS POLLED]: name = AWT-EventQueue-0 in RUNNABLE state; incrementing watchdog counter
[19-06-41] [OBJECT CREATION]: Objects created since last delta (5s): 2
[19-06-43] [THREAD STATUS POLLED]: name = AWT-EventQueue-0 in RUNNABLE state; incrementing watchdog counter [2x]
[19-06-44] [SYSTEM_IO]: [JSON WRITE] [Levenshtein = 0] User was written to file: 7d7ebb00-81fe-329f-8a78-62f463d0b7da\Us
           erdata.json
[19-06-44] [SYSTEM_IO]: Requested deletion of: C:\Users\Nathan\Documents\IntelliJava\Cyder\dynamic\backup\7d7ebb00-81fe-
           329f-8a78-62f463d0b7da_1647994000453.json
[19-06-46] [THREAD STATUS POLLED]: name = AWT-EventQueue-0 in RUNNABLE state; incrementing watchdog counter [3x]
[19-06-46] [OBJECT CREATION]: Objects created since last delta (5s): 1
[19-06-47] [THREAD STATUS POLLED]: name = AWT-EventQueue-0 in RUNNABLE state; incrementing watchdog counter
[19-06-48] [SYSTEM_IO]: [JSON WRITE] [Levenshtein = 0] User was written to file: 7d7ebb00-81fe-329f-8a78-62f463d0b7da\Us
           erdata.json
[19-06-48] [SYSTEM_IO]: Requested deletion of: C:\Users\Nathan\Documents\IntelliJava\Cyder\dynamic\backup\7d7ebb00-81fe-
           329f-8a78-62f463d0b7da_1647994004244.json
[19-06-50] [THREAD STATUS POLLED]: name = AWT-EventQueue-0 in RUNNABLE state; incrementing watchdog counter [3x]
[19-06-51] [OBJECT CREATION]: Objects created since last delta (5s): 1
[19-06-51] [THREAD STATUS POLLED]: name = AWT-EventQueue-0 in RUNNABLE state; incrementing watchdog counter
[19-06-51] [SYSTEM_IO]: [JSON WRITE] [Levenshtein = 0] User was written to file: 7d7ebb00-81fe-329f-8a78-62f463d0b7da\Us
           erdata.json
[19-06-51] [SYSTEM_IO]: Requested deletion of: C:\Users\Nathan\Documents\IntelliJava\Cyder\dynamic\backup\7d7ebb00-81fe-
           329f-8a78-62f463d0b7da_1647994008054.json
[19-06-55] [THREAD STATUS POLLED]: name = AWT-EventQueue-0 in RUNNABLE state; incrementing watchdog counter [4x]
[19-06-55] [SYSTEM_IO]: [JSON WRITE] [Levenshtein = 0] User was written to file: 7d7ebb00-81fe-329f-8a78-62f463d0b7da\Us
           erdata.json
[19-06-55] [SYSTEM_IO]: Requested deletion of: C:\Users\Nathan\Documents\IntelliJava\Cyder\dynamic\backup\7d7ebb00-81fe-
           329f-8a78-62f463d0b7da_1647994011847.json
[19-06-56] [OBJECT CREATION]: Objects created since last delta (5s): 2
[19-06-58] [THREAD STATUS POLLED]: name = AWT-EventQueue-0 in RUNNABLE state; incrementing watchdog counter [3x]
[19-06-59] [SYSTEM_IO]: [JSON WRITE] [Levenshtein = 0] User was written to file: 7d7ebb00-81fe-329f-8a78-62f463d0b7da\Us
           erdata.json
[19-06-59] [SYSTEM_IO]: Requested deletion of: C:\Users\Nathan\Documents\IntelliJava\Cyder\dynamic\backup\7d7ebb00-81fe-
           329f-8a78-62f463d0b7da_1647994015644.json
[19-07-00] [THREAD STATUS POLLED]: name = AWT-EventQueue-0 in RUNNABLE state; incrementing watchdog counter [2x]
[19-07-01] [OBJECT CREATION]: Objects created since last delta (5s): 1
[19-07-02] [THREAD STATUS POLLED]: name = AWT-EventQueue-0 in RUNNABLE state; incrementing watchdog counter [2x]
[19-07-03] [SYSTEM_IO]: [JSON WRITE] [Levenshtein = 0] User was written to file: 7d7ebb00-81fe-329f-8a78-62f463d0b7da\Us
           erdata.json
[19-07-03] [SYSTEM_IO]: Requested deletion of: C:\Users\Nathan\Documents\IntelliJava\Cyder\dynamic\backup\7d7ebb00-81fe-
           329f-8a78-62f463d0b7da_1647994019476.json
[19-07-03] [THREAD STATUS POLLED]: name = AWT-EventQueue-0 in RUNNABLE state; incrementing watchdog counter
[19-07-27] [EOL]: Log completed, Cyder crashed unexpectedly: exit code: -9 External Stop, exceptions thrown: 0
