[19-28-24] [JVM_ENTRY]: [Nathan]
[19-28-24] [THREAD STARTED]: Object Creation Logger
[19-28-24] [THREAD STARTED]: Watchdog Initializer
[19-28-24] [THREAD STARTED]: Singular Cyder Instance Ensurer
[19-28-25] [FONT LOADED]: font name = agency-fb
[19-28-25] [FONT LOADED]: font name = arial-black
[19-28-25] [FONT LOADED]: font name = beyno
[19-28-25] [FONT LOADED]: font name = darling-in-paris
[19-28-25] [FONT LOADED]: font name = Prompt-Bold
[19-28-25] [FONT LOADED]: font name = segoe-ui-black
[19-28-25] [FONT LOADED]: font name = tahoma
[19-28-25] [THREAD STARTED]: Splash Loader
[19-28-25] [THREAD STARTED]: Splash Animation
[19-28-26] [THREAD STARTED]: Cyder Start Secondary Subroutines
[19-28-26] [LOGIN]: [AUTOCYPHER ATTEMPT]
[19-28-26] [THREAD STARTED]: JVM Args Logger
[19-28-26] [SYSTEM_IO]: Requested deletion of: C:\Users\Nathan\Documents\IntelliJava\Cyder\dynamic\tmp
[19-28-26] [SYSTEM_IO]: [JSON WRITE] [Levenshtein = 1] User was written to file: 7d7ebb00-81fe-329f-8a78-62f463d0b7da\Us
           erdata.json
[19-28-26] [SYSTEM_IO]: Requested deletion of: C:\Users\Nathan\Documents\IntelliJava\Cyder\dynamic\backup\7d7ebb00-81fe-
           329f-8a78-62f463d0b7da_1647995031339.json
[19-28-27] [LOGIN]: [AUTOCYPHER PASS, 7d7ebb00-81fe-329f-8a78-62f463d0b7da]
[19-28-27] [OBJECT CREATION]: Objects created since last delta (5s): 62
[19-28-27] [SYSTEM_IO]: [JSON WRITE] [Levenshtein = 0] User was written to file: 7d7ebb00-81fe-329f-8a78-62f463d0b7da\Us
           erdata.json
[19-28-27] [THREAD STARTED]: Cyder Watchdog
[19-28-27] [SYSTEM_IO]: Requested deletion of: C:\Users\Nathan\Documents\IntelliJava\Cyder\dynamic\backup\7d7ebb00-81fe-
           329f-8a78-62f463d0b7da_1647995306772.json
[19-28-27] [SYSTEM_IO]: Userdata requested: RandomBackground
[19-28-28] [SYSTEM_IO]: Userdata requested: FullScreen [4x]
[19-28-28] [THREAD STARTED]: Console Printing Animation
[19-28-28] [SYSTEM_IO]: Userdata requested: OutputBorder
[19-28-28] [SYSTEM_IO]: Userdata requested: FullScreen
[19-28-28] [SYSTEM_IO]: Userdata requested: InputBorder
[19-28-28] [THREAD STARTED]: Console Input Caret Position Updater
[19-28-28] [SYSTEM_IO]: Userdata requested: OutputFill
[19-28-28] [SYSTEM_IO]: Userdata requested: InputFill
[19-28-28] [THREAD STARTED]: High Ping Checker
[19-28-28] [THREAD STARTED]: Hourly Chime Checker
[19-28-28] [THREAD STARTED]: Console Clock Updater
[19-28-28] [THREAD STARTED]: Cyder Busy Checker
[19-28-28] [THREAD STARTED]: ConsoleFrame Stat Saver
[19-28-28] [UI ACTION]: Console loaded in 4086ms
[19-28-28] [SYSTEM_IO]: Userdata requested: DebugWindows
[19-28-28] [CONSOLE LOADED]: [Nathan] [TESTING MODE]
[19-28-28] [SYSTEM_IO]: Userdata requested: laststart
[19-28-28] [THREAD STARTED]: Component = ConsoleFrame (inner), hash = 333693383, bounds = (583, 357, 900, 600), parent
           frame = Component is top frame, getTitle() = Insomnia Cyder [Nathan] notification queue checker
[19-28-28] [THREAD STARTED]: [Cyder Splash]  dispose() animation thread
[19-28-28] [UI ACTION]: CyderFrame disposed with fastclose: true, Component = CyderFrame, hash = 2019434094, bounds =
           (980, 396, 600, 600), parent frame = Component is top frame, getTitle() = Cyder Splash
[19-28-28] [SYSTEM_IO]: [JSON WRITE] [Levenshtein = 7] User was written to file: 7d7ebb00-81fe-329f-8a78-62f463d0b7da\Us
           erdata.json
[19-28-28] [UI ACTION]: [Insomnia Cyder [Nathan]] [NOTIFICATION] w = 288, h = 29, text = <html>Console loaded in 4086ms</html>
           [19-28-28] [UI ACTION]: [Insomnia Cyder [Nathan]] [NOTIFICATION] w = 288, h = 29, text = <html>Console loaded in 4086ms</html>
[19-28-28] [THREAD STARTED]: notification appear animation
[19-28-28] [SYSTEM_IO]: Requested deletion of: C:\Users\Nathan\Documents\IntelliJava\Cyder\dynamic\backup\7d7ebb00-81fe-
           329f-8a78-62f463d0b7da_1647995307696.json
[19-28-28] [SYSTEM_IO]: Userdata requested: persistentnotifications
[19-28-28] [THREAD STARTED]: Notificaiton Vanish Animator
[19-28-31] [SYSTEM_IO]: [JSON WRITE] [Levenshtein = 0] User was written to file: 7d7ebb00-81fe-329f-8a78-62f463d0b7da\Us
           erdata.json
[19-28-31] [SYSTEM_IO]: Requested deletion of: C:\Users\Nathan\Documents\IntelliJava\Cyder\dynamic\backup\7d7ebb00-81fe-
           329f-8a78-62f463d0b7da_1647995308459.json
[19-28-32] [OBJECT CREATION]: Objects created since last delta (5s): 41
[19-28-35] [SYSTEM_IO]: [JSON WRITE] [Levenshtein = 0] User was written to file: 7d7ebb00-81fe-329f-8a78-62f463d0b7da\Us
           erdata.json
[19-28-35] [SYSTEM_IO]: Requested deletion of: C:\Users\Nathan\Documents\IntelliJava\Cyder\dynamic\backup\7d7ebb00-81fe-
           329f-8a78-62f463d0b7da_1647995311264.json
[19-28-37] [OBJECT CREATION]: Objects created since last delta (5s): 1
[19-28-38] [SYSTEM_IO]: [JSON WRITE] [Levenshtein = 0] User was written to file: 7d7ebb00-81fe-329f-8a78-62f463d0b7da\Us
           erdata.json
[19-28-38] [SYSTEM_IO]: Requested deletion of: C:\Users\Nathan\Documents\IntelliJava\Cyder\dynamic\backup\7d7ebb00-81fe-
           329f-8a78-62f463d0b7da_1647995315029.json
[19-28-39] [THREAD STATUS POLLED]: name = AWT-EventQueue-0 in RUNNABLE state; incrementing watchdog counter
[19-28-39] [SYSTEM_IO]: Userdata requested: Background
[19-28-41] [CLIENT]: conway
[19-28-41] [SYSTEM_IO]: Userdata requested: filterchat
[19-28-41] [WIDGET OPENED]: GameOfLifeWidget, trigger = conway
[19-28-41] [HANDLE]: PRIMARY HANDLE
[19-28-41] [CONSOLE_OUT]: [STRING] Opening widget: GameOfLifeWidget
[19-28-41] [THREAD STATUS POLLED]: name = AWT-EventQueue-0 in RUNNABLE state; incrementing watchdog counter
[19-28-42] [SYSTEM_IO]: [JSON WRITE] [Levenshtein = 0] User was written to file: 7d7ebb00-81fe-329f-8a78-62f463d0b7da\Us
           erdata.json
[19-28-42] [SYSTEM_IO]: Requested deletion of: C:\Users\Nathan\Documents\IntelliJava\Cyder\dynamic\backup\7d7ebb00-81fe-
           329f-8a78-62f463d0b7da_1647995318794.json
[19-28-42] [OBJECT CREATION]: Objects created since last delta (5s): 37
[19-28-42] [THREAD STATUS POLLED]: name = AWT-EventQueue-0 in RUNNABLE state; incrementing watchdog counter
[19-28-43] [THREAD STARTED]: Component = CyderFrame, hash = 1823852946, bounds = (733, 257, 600, 800), parent frame =
           Component is top frame, getTitle() = Conway's Game of Life notification queue checker
[19-28-43] [UI ACTION]: Component = CyderButton, hash = 1477453925, bounds = (120, 0, 40, 40), parent frame = Conway's
           Game of Life, getText() = ?
[19-28-43] [UI ACTION]: [Conway's Game of Life] [NOTIFICATION] w = 510, h = 116, text = <html>SwitcherState, hash =
           347055904, reflection<br/>data = class = SwitcherState, getMappedValue<br/>= Copper, getDisplayValue = Copper,<br/>getCl
           ass = class cyder.ui.objects.SwitcherSta</html>
[19-28-43] [THREAD STARTED]: notification appear animation
[19-28-43] [SYSTEM_IO]: Userdata requested: persistentnotifications
[19-28-43] [THREAD STARTED]: Notificaiton Vanish Animator
[19-28-45] [THREAD STATUS POLLED]: name = AWT-EventQueue-0 in RUNNABLE state; incrementing watchdog counter [3x]
[19-28-46] [SYSTEM_IO]: [JSON WRITE] [Levenshtein = 0] User was written to file: 7d7ebb00-81fe-329f-8a78-62f463d0b7da\Us
           erdata.json
[19-28-46] [SYSTEM_IO]: Requested deletion of: C:\Users\Nathan\Documents\IntelliJava\Cyder\dynamic\backup\7d7ebb00-81fe-
           329f-8a78-62f463d0b7da_1647995322479.json
[19-28-46] [THREAD STATUS POLLED]: name = AWT-EventQueue-0 in RUNNABLE state; incrementing watchdog counter
[19-28-46] [UI ACTION]: Component = CyderButton, hash = 1477453925, bounds = (120, 0, 40, 40), parent frame = Conway's
           Game of Life, getText() = ?
[19-28-47] [OBJECT CREATION]: Objects created since last delta (5s): 9
[19-28-47] [THREAD STARTED]: Notificaiton Vanish Animator
[19-28-47] [THREAD STATUS POLLED]: name = AWT-EventQueue-0 in RUNNABLE state; incrementing watchdog counter
[19-28-47] [UI ACTION]: [Conway's Game of Life] [NOTIFICATION] w = 510, h = 116, text = <html>SwitcherState, hash =
           1133416640, reflection<br/>data = class = SwitcherState, getMappedValue<br/>= Gliders, getDisplayValue = Gliders,<br/>ge
           tClass = class cyder.ui.objects.SwitcherSta</html>
[19-28-47] [THREAD STARTED]: notification appear animation
[19-28-48] [SYSTEM_IO]: Userdata requested: persistentnotifications
[19-28-48] [THREAD STARTED]: Notificaiton Vanish Animator
[19-28-48] [THREAD STATUS POLLED]: name = AWT-EventQueue-0 in RUNNABLE state; incrementing watchdog counter
[19-28-48] [THREAD STARTED]: Notificaiton Vanish Animator
[19-28-49] [UI ACTION]: Component = CyderDragLabel, hash = -14491413, bounds = (2, 2, 596, 28), parent frame = Conway's
           Game of Life
[19-28-49] [THREAD STARTED]: [Conway's Game of Life]  dispose() animation thread
[19-28-49] [UI ACTION]: CyderFrame disposed with fastclose: false, Component = CyderFrame, hash = 1823852946, bounds =
           (733, 257, 600, 800), parent frame = Component is top frame, getTitle() = Conway's Game of Life
[19-28-49] [SYSTEM_IO]: Userdata requested: closeanimation
[19-28-49] [SYSTEM_IO]: [JSON WRITE] [Levenshtein = 0] User was written to file: 7d7ebb00-81fe-329f-8a78-62f463d0b7da\Us
           erdata.json
[19-28-49] [SYSTEM_IO]: Requested deletion of: C:\Users\Nathan\Documents\IntelliJava\Cyder\dynamic\backup\7d7ebb00-81fe-
           329f-8a78-62f463d0b7da_1647995326234.json
[19-28-50] [SYSTEM_IO]: Userdata requested: minimizeonclose
[19-28-50] [THREAD STARTED]: [Insomnia Cyder [Nathan]]  dispose() animation thread
[19-28-50] [UI ACTION]: CyderFrame disposed with fastclose: false, Component = ConsoleFrame (inner), hash = 333693383,
           bounds = (583, 357, 900, 600), parent frame = Component is top frame, getTitle() = Insomnia Cyder [Nathan]
[19-28-50] [SYSTEM_IO]: Userdata requested: closeanimation
[19-28-50] [EXIT]: [RUNTIME] 26s
[19-28-50] [EOL]: Log completed, exiting Cyder with exit code: 0 [Genesis Controlled
           Exit], exceptions thrown: 0
