[19-23-07] [JVM_ENTRY]: [Nathan]
[19-23-07] [THREAD STARTED]: Object Creation Logger
[19-23-07] [THREAD STARTED]: Watchdog Initializer
[19-23-07] [THREAD STARTED]: Singular Cyder Instance Ensurer
[19-23-08] [FONT LOADED]: font name = agency-fb
[19-23-08] [FONT LOADED]: font name = arial-black
[19-23-08] [FONT LOADED]: font name = beyno
[19-23-08] [FONT LOADED]: font name = darling-in-paris
[19-23-08] [FONT LOADED]: font name = Prompt-Bold
[19-23-08] [FONT LOADED]: font name = segoe-ui-black
[19-23-08] [FONT LOADED]: font name = tahoma
[19-23-08] [THREAD STARTED]: Splash Loader
[19-23-08] [THREAD STARTED]: Splash Animation
[19-23-08] [THREAD STARTED]: Cyder Start Secondary Subroutines
[19-23-08] [LOGIN]: [AUTOCYPHER ATTEMPT]
[19-23-08] [THREAD STARTED]: JVM Args Logger
[19-23-08] [SYSTEM_IO]: Requested deletion of: C:\Users\Nathan\Documents\IntelliJava\Cyder\dynamic\tmp
[19-23-08] [SYSTEM_IO]: [JSON WRITE] [Levenshtein = 1] User was written to file: 7d7ebb00-81fe-329f-8a78-62f463d0b7da\Us
           erdata.json
[19-23-08] [SYSTEM_IO]: Requested deletion of: C:\Users\Nathan\Documents\IntelliJava\Cyder\dynamic\backup\7d7ebb00-81fe-
           329f-8a78-62f463d0b7da_1647994961763.json
[19-23-09] [LOGIN]: [AUTOCYPHER PASS, 7d7ebb00-81fe-329f-8a78-62f463d0b7da]
[19-23-09] [SYSTEM_IO]: [JSON WRITE] [Levenshtein = 0] User was written to file: 7d7ebb00-81fe-329f-8a78-62f463d0b7da\Us
           erdata.json
[19-23-09] [SYSTEM_IO]: Requested deletion of: C:\Users\Nathan\Documents\IntelliJava\Cyder\dynamic\backup\7d7ebb00-81fe-
           329f-8a78-62f463d0b7da_1647994988965.json
[19-23-09] [SYSTEM_IO]: Userdata requested: RandomBackground
[19-23-10] [SYSTEM_IO]: Userdata requested: FullScreen [3x]
[19-23-10] [OBJECT CREATION]: Objects created since last delta (5s): 84
[19-23-10] [SYSTEM_IO]: Userdata requested: FullScreen
[19-23-10] [THREAD STARTED]: Cyder Watchdog
[19-23-10] [THREAD STARTED]: Console Printing Animation
[19-23-10] [SYSTEM_IO]: Userdata requested: OutputBorder
[19-23-10] [SYSTEM_IO]: Userdata requested: FullScreen
[19-23-10] [SYSTEM_IO]: Userdata requested: InputBorder
[19-23-10] [THREAD STARTED]: Console Input Caret Position Updater
[19-23-10] [SYSTEM_IO]: Userdata requested: OutputFill
[19-23-10] [SYSTEM_IO]: Userdata requested: InputFill
[19-23-10] [THREAD STARTED]: High Ping Checker
[19-23-10] [THREAD STARTED]: Hourly Chime Checker
[19-23-10] [THREAD STARTED]: Console Clock Updater
[19-23-10] [THREAD STARTED]: Cyder Busy Checker
[19-23-10] [THREAD STARTED]: ConsoleFrame Stat Saver
[19-23-10] [UI ACTION]: Console loaded in 3573ms
[19-23-10] [THREAD STARTED]: Component = ConsoleFrame (inner), hash = 1658512704, bounds = (583, 357, 900, 600), parent
           frame = Component is top frame, getTitle() = Insomnia Cyder [Nathan] notification queue checker
[19-23-10] [THREAD STARTED]: [Cyder Splash]  dispose() animation thread
[19-23-10] [UI ACTION]: CyderFrame disposed with fastclose: true, Component = CyderFrame, hash = 895513726, bounds =
           (980, 396, 600, 600), parent frame = Component is top frame, getTitle() = Cyder Splash
[19-23-10] [SYSTEM_IO]: Userdata requested: DebugWindows
[19-23-10] [CONSOLE LOADED]: [Nathan] [TESTING MODE]
[19-23-10] [SYSTEM_IO]: Userdata requested: laststart
[19-23-10] [UI ACTION]: [Insomnia Cyder [Nathan]] [NOTIFICATION] w = 287, h = 29, text = <html>Console loaded in 3573ms</html>
           [19-23-10] [UI ACTION]: [Insomnia Cyder [Nathan]] [NOTIFICATION] w = 287, h = 29, text = <html>Console loaded in 3573ms</html>
[19-23-10] [SYSTEM_IO]: [JSON WRITE] [Levenshtein = 4] User was written to file: 7d7ebb00-81fe-329f-8a78-62f463d0b7da\Us
           erdata.json
[19-23-10] [THREAD STARTED]: notification appear animation
[19-23-10] [SYSTEM_IO]: Requested deletion of: C:\Users\Nathan\Documents\IntelliJava\Cyder\dynamic\backup\7d7ebb00-81fe-
           329f-8a78-62f463d0b7da_1647994989870.json
[19-23-10] [SYSTEM_IO]: Userdata requested: persistentnotifications
[19-23-10] [THREAD STARTED]: Notificaiton Vanish Animator
[19-23-11] [THREAD STATUS POLLED]: name = AWT-EventQueue-0 in RUNNABLE state; incrementing watchdog counter
[19-23-11] [CLIENT]: conway
[19-23-11] [SYSTEM_IO]: Userdata requested: filterchat
[19-23-11] [WIDGET OPENED]: GameOfLifeWidget, trigger = conway
[19-23-11] [HANDLE]: PRIMARY HANDLE
[19-23-12] [CONSOLE_OUT]: [STRING] Opening widget: GameOfLifeWidget
[19-23-13] [THREAD STATUS POLLED]: name = AWT-EventQueue-0 in RUNNABLE state; incrementing watchdog counter [2x]
[19-23-13] [SYSTEM_IO]: [JSON WRITE] [Levenshtein = 0] User was written to file: 7d7ebb00-81fe-329f-8a78-62f463d0b7da\Us
           erdata.json
[19-23-13] [SYSTEM_IO]: Requested deletion of: C:\Users\Nathan\Documents\IntelliJava\Cyder\dynamic\backup\7d7ebb00-81fe-
           329f-8a78-62f463d0b7da_1647994990749.json
[19-23-13] [UI ACTION]: Component = CyderButton, hash = 1503632690, bounds = (120, 0, 40, 40), parent frame = Conway's
           Game of Life, getText() = ?
[19-23-13] [UI ACTION]: Component = CyderButton, hash = 1503632690, bounds = (120, 0, 40, 40), parent frame = Conway's
           Game of Life, getText() = ?
[19-23-14] [THREAD STATUS POLLED]: name = AWT-EventQueue-0 in RUNNABLE state; incrementing watchdog counter
[19-23-14] [UI ACTION]: Component = CyderButton, hash = 1503632690, bounds = (120, 0, 40, 40), parent frame = Conway's
           Game of Life, getText() = ?
[19-23-15] [OBJECT CREATION]: Objects created since last delta (5s): 54
[19-23-16] [THREAD STATUS POLLED]: name = AWT-EventQueue-0 in RUNNABLE state; incrementing watchdog counter [2x]
[19-23-17] [SYSTEM_IO]: [JSON WRITE] [Levenshtein = 0] User was written to file: 7d7ebb00-81fe-329f-8a78-62f463d0b7da\Us
           erdata.json
[19-23-17] [SYSTEM_IO]: Requested deletion of: C:\Users\Nathan\Documents\IntelliJava\Cyder\dynamic\backup\7d7ebb00-81fe-
           329f-8a78-62f463d0b7da_1647994993471.json
[19-23-17] [THREAD STATUS POLLED]: name = AWT-EventQueue-0 in RUNNABLE state; incrementing watchdog counter
[19-23-17] [UI ACTION]: Component = CyderButton, hash = 1503632690, bounds = (120, 0, 40, 40), parent frame = Conway's
           Game of Life, getText() = ?
[19-23-18] [UI ACTION]: Component = CyderButton, hash = 1503632690, bounds = (120, 0, 40, 40), parent frame = Conway's
           Game of Life, getText() = ?
[19-23-19] [THREAD STATUS POLLED]: name = AWT-EventQueue-0 in RUNNABLE state; incrementing watchdog counter [2x]
[19-23-20] [OBJECT CREATION]: Objects created since last delta (5s): 1
[19-23-20] [THREAD STATUS POLLED]: name = AWT-EventQueue-0 in RUNNABLE state; incrementing watchdog counter
[19-23-21] [SYSTEM_IO]: [JSON WRITE] [Levenshtein = 0] User was written to file: 7d7ebb00-81fe-329f-8a78-62f463d0b7da\Us
           erdata.json
[19-23-21] [SYSTEM_IO]: Requested deletion of: C:\Users\Nathan\Documents\IntelliJava\Cyder\dynamic\backup\7d7ebb00-81fe-
           329f-8a78-62f463d0b7da_1647994997236.json
[19-23-23] [THREAD STATUS POLLED]: name = AWT-EventQueue-0 in RUNNABLE state; incrementing watchdog counter [3x]
[19-23-24] [UI ACTION]: Component = CyderTextField, hash = 883477812, bounds = (0, 0, 125, 40), parent frame = Conway's
           Game of Life, getText() = Copperhead
[19-23-24] [THREAD STATUS POLLED]: name = AWT-EventQueue-0 in RUNNABLE state; incrementing watchdog counter
[19-23-24] [SYSTEM_IO]: [JSON WRITE] [Levenshtein = 0] User was written to file: 7d7ebb00-81fe-329f-8a78-62f463d0b7da\Us
           erdata.json
[19-23-24] [SYSTEM_IO]: Requested deletion of: C:\Users\Nathan\Documents\IntelliJava\Cyder\dynamic\backup\7d7ebb00-81fe-
           329f-8a78-62f463d0b7da_1647995001035.json
[19-23-25] [OBJECT CREATION]: Objects created since last delta (5s): 2
[19-23-26] [THREAD STATUS POLLED]: name = AWT-EventQueue-0 in RUNNABLE state; incrementing watchdog counter [2x]
[19-23-26] [UI ACTION]: Component = CyderButton, hash = 1503632690, bounds = (120, 0, 40, 40), parent frame = Conway's
           Game of Life, getText() = ?
[19-23-28] [THREAD STATUS POLLED]: name = AWT-EventQueue-0 in RUNNABLE state; incrementing watchdog counter [2x]
[19-23-28] [SYSTEM_IO]: [JSON WRITE] [Levenshtein = 0] User was written to file: 7d7ebb00-81fe-329f-8a78-62f463d0b7da\Us
           erdata.json
[19-23-28] [SYSTEM_IO]: Requested deletion of: C:\Users\Nathan\Documents\IntelliJava\Cyder\dynamic\backup\7d7ebb00-81fe-
           329f-8a78-62f463d0b7da_1647995004837.json
[19-23-29] [THREAD STATUS POLLED]: name = AWT-EventQueue-0 in RUNNABLE state; incrementing watchdog counter
[19-23-29] [UI ACTION]: Component = CyderButton, hash = 1503632690, bounds = (120, 0, 40, 40), parent frame = Conway's
           Game of Life, getText() = ?
[19-23-30] [OBJECT CREATION]: Objects created since last delta (5s): 1
[19-23-30] [THREAD STATUS POLLED]: name = AWT-EventQueue-0 in RUNNABLE state; incrementing watchdog counter
[19-23-30] [UI ACTION]: Component = CyderButton, hash = 1503632690, bounds = (120, 0, 40, 40), parent frame = Conway's
           Game of Life, getText() = ?
[19-23-30] [UI ACTION]: Component = CyderButton, hash = 1503632690, bounds = (120, 0, 40, 40), parent frame = Conway's
           Game of Life, getText() = ?
[19-23-31] [UI ACTION]: Component = CyderButton, hash = 1503632690, bounds = (120, 0, 40, 40), parent frame = Conway's
           Game of Life, getText() = ?
[19-23-31] [UI ACTION]: Component = CyderButton, hash = 1503632690, bounds = (120, 0, 40, 40), parent frame = Conway's
           Game of Life, getText() = ?
[19-23-31] [THREAD STATUS POLLED]: name = AWT-EventQueue-0 in RUNNABLE state; incrementing watchdog counter
[19-23-31] [UI ACTION]: Component = CyderButton, hash = 1503632690, bounds = (120, 0, 40, 40), parent frame = Conway's
           Game of Life, getText() = ?
[19-23-31] [UI ACTION]: Component = CyderButton, hash = 1503632690, bounds = (120, 0, 40, 40), parent frame = Conway's
           Game of Life, getText() = ?
[19-23-31] [UI ACTION]: Component = CyderButton, hash = 1503632690, bounds = (120, 0, 40, 40), parent frame = Conway's
           Game of Life, getText() = ?
[19-23-31] [UI ACTION]: Component = CyderButton, hash = 1503632690, bounds = (120, 0, 40, 40), parent frame = Conway's
           Game of Life, getText() = ?
[19-23-32] [SYSTEM_IO]: [JSON WRITE] [Levenshtein = 0] User was written to file: 7d7ebb00-81fe-329f-8a78-62f463d0b7da\Us
           erdata.json
[19-23-32] [SYSTEM_IO]: Requested deletion of: C:\Users\Nathan\Documents\IntelliJava\Cyder\dynamic\backup\7d7ebb00-81fe-
           329f-8a78-62f463d0b7da_1647995008595.json
[19-23-34] [THREAD STATUS POLLED]: name = AWT-EventQueue-0 in RUNNABLE state; incrementing watchdog counter [3x]
[19-23-35] [OBJECT CREATION]: Objects created since last delta (5s): 1
[19-23-35] [THREAD STATUS POLLED]: name = AWT-EventQueue-0 in RUNNABLE state; incrementing watchdog counter
[19-23-36] [SYSTEM_IO]: [JSON WRITE] [Levenshtein = 0] User was written to file: 7d7ebb00-81fe-329f-8a78-62f463d0b7da\Us
           erdata.json
[19-23-36] [SYSTEM_IO]: Requested deletion of: C:\Users\Nathan\Documents\IntelliJava\Cyder\dynamic\backup\7d7ebb00-81fe-
           329f-8a78-62f463d0b7da_1647995012393.json
[19-23-39] [THREAD STATUS POLLED]: name = AWT-EventQueue-0 in RUNNABLE state; incrementing watchdog counter [4x]
[19-23-39] [SYSTEM_IO]: [JSON WRITE] [Levenshtein = 0] User was written to file: 7d7ebb00-81fe-329f-8a78-62f463d0b7da\Us
           erdata.json
[19-23-39] [SYSTEM_IO]: Requested deletion of: C:\Users\Nathan\Documents\IntelliJava\Cyder\dynamic\backup\7d7ebb00-81fe-
           329f-8a78-62f463d0b7da_1647995016205.json
[19-23-40] [OBJECT CREATION]: Objects created since last delta (5s): 2
[19-23-43] [THREAD STATUS POLLED]: name = AWT-EventQueue-0 in RUNNABLE state; incrementing watchdog counter [4x]
[19-23-43] [SYSTEM_IO]: [JSON WRITE] [Levenshtein = 0] User was written to file: 7d7ebb00-81fe-329f-8a78-62f463d0b7da\Us
           erdata.json
[19-23-43] [SYSTEM_IO]: Requested deletion of: C:\Users\Nathan\Documents\IntelliJava\Cyder\dynamic\backup\7d7ebb00-81fe-
           329f-8a78-62f463d0b7da_1647995019984.json
[19-23-44] [THREAD STATUS POLLED]: name = AWT-EventQueue-0 in RUNNABLE state; incrementing watchdog counter
[19-23-45] [OBJECT CREATION]: Objects created since last delta (5s): 1
[19-23-46] [THREAD STATUS POLLED]: name = AWT-EventQueue-0 in RUNNABLE state; incrementing watchdog counter [2x]
[19-23-47] [SYSTEM_IO]: [JSON WRITE] [Levenshtein = 0] User was written to file: 7d7ebb00-81fe-329f-8a78-62f463d0b7da\Us
           erdata.json
[19-23-47] [SYSTEM_IO]: Requested deletion of: C:\Users\Nathan\Documents\IntelliJava\Cyder\dynamic\backup\7d7ebb00-81fe-
           329f-8a78-62f463d0b7da_1647995023758.json
[19-23-49] [THREAD STATUS POLLED]: name = AWT-EventQueue-0 in RUNNABLE state; incrementing watchdog counter [3x]
[19-23-50] [SYSTEM_IO]: Userdata requested: Background
[19-23-50] [OBJECT CREATION]: Objects created since last delta (5s): 1
[19-23-50] [THREAD STATUS POLLED]: name = AWT-EventQueue-0 in RUNNABLE state; incrementing watchdog counter
[19-23-51] [UI ACTION]: Component = CyderDragLabel, hash = -14491413, bounds = (2, 2, 596, 28), parent frame = Conway's
           Game of Life
[19-23-51] [THREAD STARTED]: [Conway's Game of Life]  dispose() animation thread
[19-23-51] [UI ACTION]: CyderFrame disposed with fastclose: false, Component = CyderFrame, hash = 1125407238, bounds =
           (678, 319, 600, 800), parent frame = Component is top frame, getTitle() = Conway's Game of Life
[19-23-51] [SYSTEM_IO]: Userdata requested: closeanimation
[19-23-51] [SYSTEM_IO]: Userdata requested: Background
[19-23-51] [SYSTEM_IO]: [JSON WRITE] [Levenshtein = 0] User was written to file: 7d7ebb00-81fe-329f-8a78-62f463d0b7da\Us
           erdata.json
[19-23-51] [SYSTEM_IO]: Requested deletion of: C:\Users\Nathan\Documents\IntelliJava\Cyder\dynamic\backup\7d7ebb00-81fe-
           329f-8a78-62f463d0b7da_1647995027561.json
[19-23-52] [SYSTEM_IO]: Userdata requested: minimizeonclose
[19-23-52] [THREAD STARTED]: [Insomnia Cyder [Nathan]]  dispose() animation thread
[19-23-52] [UI ACTION]: CyderFrame disposed with fastclose: false, Component = ConsoleFrame (inner), hash = 1658512704,
           bounds = (583, 357, 900, 600), parent frame = Component is top frame, getTitle() = Insomnia Cyder [Nathan]
[19-23-52] [SYSTEM_IO]: Userdata requested: closeanimation
[19-23-52] [THREAD STATUS POLLED]: name = AWT-EventQueue-0 in RUNNABLE state; incrementing watchdog counter
[19-23-52] [EXIT]: [RUNTIME] 45s
[19-23-52] [EOL]: Log completed, exiting Cyder with exit code: 0 [Genesis Controlled
           Exit], exceptions thrown: 0
