[22-00-00] [JVM_ENTRY]: [Nathan]
[22-00-00] [THREAD STARTED]: Object Creation Logger
[22-00-00] [THREAD STARTED]: Watchdog Initializer
[22-00-01] [THREAD STARTED]: Singular Cyder Instance Ensurer
[22-00-02] [FONT LOADED]: font name = agency-fb
[22-00-02] [FONT LOADED]: font name = arial-black
[22-00-02] [FONT LOADED]: font name = beyno
[22-00-02] [FONT LOADED]: font name = darling-in-paris
[22-00-02] [FONT LOADED]: font name = Prompt-Bold
[22-00-02] [FONT LOADED]: font name = segoe-ui-black
[22-00-02] [FONT LOADED]: font name = tahoma
[22-00-02] [THREAD STARTED]: Splash Loader
[22-00-02] [THREAD STARTED]: Splash Animation
[22-00-02] [THREAD STARTED]: Cyder Start Secondary Subroutines
[22-00-02] [LOGIN]: [AUTOCYPHER ATTEMPT]
[22-00-02] [THREAD STARTED]: JVM Args Logger
[22-00-02] [SYSTEM_IO]: Requested deletion of: C:\Users\Nathan\Documents\IntelliJava\Cyder\dynamic\tmp
[22-00-03] [SYSTEM_IO]: [JSON WRITE] [Levenshtein = 1] User was written to file: 7d7ebb00-81fe-329f-8a78-62f463d0b7da\Us
           erdata.json
[22-00-03] [SYSTEM_IO]: Requested deletion of: C:\Users\Nathan\Documents\IntelliJava\Cyder\dynamic\backup\7d7ebb00-81fe-
           329f-8a78-62f463d0b7da_1647658682653.json
[22-00-03] [OBJECT CREATION]: Objects created since last delta (5s): 55
[22-00-03] [LOGIN]: [AUTOCYPHER PASS, 7d7ebb00-81fe-329f-8a78-62f463d0b7da]
[22-00-03] [THREAD STARTED]: Cyder Watchdog
[22-00-04] [SYSTEM_IO]: [JSON WRITE] [Levenshtein = 0] User was written to file: 7d7ebb00-81fe-329f-8a78-62f463d0b7da\Us
           erdata.json
[22-00-04] [SYSTEM_IO]: Requested deletion of: C:\Users\Nathan\Documents\IntelliJava\Cyder\dynamic\backup\7d7ebb00-81fe-
           329f-8a78-62f463d0b7da_1647658803047.json
[22-00-04] [SYSTEM_IO]: Userdata requested: RandomBackground
[22-00-05] [SYSTEM_IO]: Userdata requested: FullScreen [4x]
[22-00-05] [THREAD STARTED]: Console Printing Animation
[22-00-05] [SYSTEM_IO]: Userdata requested: OutputBorder
[22-00-05] [SYSTEM_IO]: Userdata requested: FullScreen
[22-00-05] [SYSTEM_IO]: Userdata requested: InputBorder
[22-00-05] [THREAD STARTED]: Console Input Caret Position Updater
[22-00-05] [SYSTEM_IO]: Userdata requested: OutputFill
[22-00-05] [SYSTEM_IO]: Userdata requested: InputFill
[22-00-05] [THREAD STARTED]: High Ping Checker
[22-00-05] [THREAD STARTED]: Hourly Chime Checker
[22-00-05] [THREAD STARTED]: Console Clock Updater
[22-00-05] [THREAD STARTED]: Cyder Busy Checker
[22-00-05] [THREAD STARTED]: ConsoleFrame Stat Saver
[22-00-05] [UI ACTION]: Console loaded in 5445ms
[22-00-05] [SYSTEM_IO]: Userdata requested: DebugWindows
[22-00-05] [THREAD STARTED]: Component = ConsoleFrame (inner), hash = 2054757222, bounds = (1214, 251, 900, 600), parent 
           frame = Component is top frame, getTitle() = Insomnia Cyder [Nathan] notification queue checker
[22-00-05] [CONSOLE LOADED]: [Nathan] [TESTING MODE]
[22-00-05] [SYSTEM_IO]: Userdata requested: laststart
[22-00-05] [THREAD STARTED]: [Cyder Splash]  dispose() animation thread
[22-00-05] [UI ACTION]: CyderFrame disposed with fastclose: true, Component = CyderFrame, hash = 2137537195, bounds =
           (980, 378, 600, 600), parent frame = Component is top frame, getTitle() = Cyder Splash
[22-00-05] [UI ACTION]: [Insomnia Cyder [Nathan]] [NOTIFICATION] w = 288, h = 29, text = <html>Console loaded in
           5445ms</html>
[22-00-05] [THREAD STARTED]: notification appear animation
[22-00-05] [SYSTEM_IO]: [JSON WRITE] [Levenshtein = 5] User was written to file: 7d7ebb00-81fe-329f-8a78-62f463d0b7da\Us
           erdata.json
[22-00-05] [SYSTEM_IO]: Requested deletion of: C:\Users\Nathan\Documents\IntelliJava\Cyder\dynamic\backup\7d7ebb00-81fe-
           329f-8a78-62f463d0b7da_1647658804579.json
[22-00-05] [SYSTEM_IO]: Userdata requested: persistentnotifications
[22-00-05] [THREAD STARTED]: Notificaiton Vanish Animator
[22-00-07] [CLIENT]: analyze code
[22-00-07] [SYSTEM_IO]: Userdata requested: filterchat
[22-00-07] [THREAD STARTED]: Unknown Input Handler
[22-00-07] [CONSOLE_OUT]: [STRING] Unknown command, looking for similar ones...
[22-00-07] [DEBUG]: Similar command to "analyze" found with tol of 0.7368421, command = "analyzecode"
[22-00-08] [CONSOLE_OUT]: [STRING] Unknown command
[22-00-08] [SYSTEM_IO]: [JSON WRITE] [Levenshtein = 0] User was written to file: 7d7ebb00-81fe-329f-8a78-62f463d0b7da\Us
           erdata.json
[22-00-08] [SYSTEM_IO]: Requested deletion of: C:\Users\Nathan\Documents\IntelliJava\Cyder\dynamic\backup\7d7ebb00-81fe-
           329f-8a78-62f463d0b7da_1647658805745.json
[22-00-08] [OBJECT CREATION]: Objects created since last delta (5s): 43
[22-00-08] [CLIENT]: analyzecode
[22-00-08] [SYSTEM_IO]: Userdata requested: filterchat
[22-00-08] [THREAD STARTED]: Code Analyzer
[22-00-08] [HANDLE]: GENERAL COMMAND HANDLED
[22-00-08] [HANDLE]: PRIMARY HANDLE
[22-00-09] [CONSOLE_OUT]: [STRING] Total lines: 49510
[22-00-09] [THREAD STATUS POLLED]: name = AWT-EventQueue-0 in RUNNABLE state; incrementing watchdog counter
[22-00-10] [CONSOLE_OUT]: [STRING] Code lines: 31903
[22-00-10] [CONSOLE_OUT]: [STRING] Blank lines: 7569
[22-00-10] [THREAD STATUS POLLED]: name = AWT-EventQueue-0 in RUNNABLE state; incrementing watchdog counter
[22-00-11] [CONSOLE_OUT]: [STRING] Comment lines: 10044
[22-00-11] [SYSTEM_IO]: [JSON WRITE] [Levenshtein = 0] User was written to file: 7d7ebb00-81fe-329f-8a78-62f463d0b7da\Us
           erdata.json
[22-00-11] [CONSOLE_OUT]: [STRING] Java Files: 142
[22-00-11] [SYSTEM_IO]: Requested deletion of: C:\Users\Nathan\Documents\IntelliJava\Cyder\dynamic\backup\7d7ebb00-81fe-
           329f-8a78-62f463d0b7da_1647658808479.json
[22-00-12] [CONSOLE_OUT]: [STRING] Code to comment ratio: 3.18
[22-00-13] [OBJECT CREATION]: Objects created since last delta (5s): 1
[22-00-15] [SYSTEM_IO]: [JSON WRITE] [Levenshtein = 0] User was written to file: 7d7ebb00-81fe-329f-8a78-62f463d0b7da\Us
           erdata.json
[22-00-15] [SYSTEM_IO]: Requested deletion of: C:\Users\Nathan\Documents\IntelliJava\Cyder\dynamic\backup\7d7ebb00-81fe-
           329f-8a78-62f463d0b7da_1647658811803.json
[22-00-17] [SYSTEM_IO]: Userdata requested: minimizeonclose
[22-00-17] [THREAD STARTED]: [Insomnia Cyder [Nathan]]  dispose() animation thread
[22-00-17] [UI ACTION]: CyderFrame disposed with fastclose: false, Component = ConsoleFrame (inner), hash = 2054757222,
           bounds = (1214, 251, 900, 600), parent frame = Component is top frame, getTitle() = Insomnia Cyder [Nathan]
[22-00-17] [SYSTEM_IO]: Userdata requested: closeanimation
[22-00-18] [EXIT]: [RUNTIME] 18s
[22-00-18] [EOL]: Log completed, exiting Cyder with exit code: 0 [Genesis Controlled
           Exit], exceptions thrown: 0
