          _____                _____                    _____                    _____                    _____
         /\    \              |\    \                  /\    \                  /\    \                  /\    \
        /::\    \             |:\____\                /::\    \                /::\    \                /::\    \
       /::::\    \            |::|   |               /::::\    \              /::::\    \              /::::\    \
      /::::::\    \           |::|   |              /::::::\    \            /::::::\    \            /::::::\    \
     /:::/\:::\    \          |::|   |             /:::/\:::\    \          /:::/\:::\    \          /:::/\:::\    \
    /:::/  \:::\    \         |::|   |            /:::/  \:::\    \        /:::/__\:::\    \        /:::/__\:::\    \
   /:::/    \:::\    \        |::|   |           /:::/    \:::\    \      /::::\   \:::\    \      /::::\   \:::\    \
  /:::/    / \:::\    \       |::|___|______    /:::/    / \:::\    \    /::::::\   \:::\    \    /::::::\   \:::\    \
 /:::/    /   \:::\    \      /::::::::\    \  /:::/    /   \:::\ ___\  /:::/\:::\   \:::\    \  /:::/\:::\   \:::\____\
/:::/____/     \:::\____\    /::::::::::\____\/:::/____/     \:::|    |/:::/__\:::\   \:::\____\/:::/  \:::\   \:::|    |
\:::\    \      \::/    /   /:::/~~~~/~~      \:::\    \     /:::|____|\:::\   \:::\   \::/    /\::/   |::::\  /:::|____|
 \:::\    \      \/____/   /:::/    /          \:::\    \   /:::/    /  \:::\   \:::\   \/____/  \/____|:::::\/:::/    /
  \:::\    \              /:::/    /            \:::\    \ /:::/    /    \:::\   \:::\    \            |:::::::::/    /
   \:::\    \            /:::/    /              \:::\    /:::/    /      \:::\   \:::\____\           |::|\::::/    /
    \:::\    \           \::/    /                \:::\  /:::/    /        \:::\   \::/    /           |::| \::/____/
     \:::\    \           \/____/                  \:::\/:::/    /          \:::\   \/____/            |::|  ~|
      \:::\    \                                    \::::::/    /            \:::\    \                |::|   |
       \:::\____\                                    \::::/    /              \:::\____\               \::|   |
        \::/    /                                     \::/____/                \::/    /                \:|   |
         \/____/                                       ~~                       \/____/                  \|___|


[17-47-41.239] [ENTRY]: Nathan
[17-47-41.170] [DEBUG]: Loaded 131 static resources
[17-47-41.194] [DEBUG]: Loaded 16 static folders
[17-47-41.209] [DEBUG]: Found prop file: props\propkeys.ini
[17-47-41.209] [DEBUG]: Found prop file: props\props.ini
[17-47-41.229] [PROP LOADED]: [key = map_quest_api_key]
[17-47-41.229] [PROP LOADED]: [key = youtube_api_3_key]
[17-47-41.229] [PROP LOADED]: [key = ip_key]
[17-47-41.229] [PROP LOADED]: [key = weather_key]
[17-47-41.229] [PROP LOADED]: [key = debug_hash_name, value = Nathan]
[17-47-41.229] [PROP LOADED]: [key = debug_hash_password, value = 571b100a3b69f7b09828c0b61d325b15e52c512c14fdcf6d248f7c
               a733d0a7f6]
[17-47-41.230] [PROP LOADED]: [key = default_weather_location, value = Austin,Tx,USA]
[17-47-41.230] [PROP LOADED]: [key = ignore_data, value = typinganimation,showseconds,roundedwindows,windowcolor
               ,audiolength,capsmode,typingsound,showbusyicon,clockonconsole,consoleclockformat]
[17-47-41.231] [PROP LOADED]: [key = font_metric, value = 1]
[17-47-41.231] [PROP LOADED]: [key = max_font_size, value = 50]
[17-47-41.231] [PROP LOADED]: [key = min_font_size, value = 25]
[17-47-41.231] [PROP LOADED]: [key = released, value = false]
[17-47-41.231] [PROP LOADED]: [key = version, value = Liminal]
[17-47-41.231] [PROP LOADED]: [key = release_date, value = 22.7.4]
[17-47-41.231] [PROP LOADED]: [key = components_relocatable, value = false]
[17-47-41.231] [PROP LOADED]: [key = testing_mode, value = true]
[17-47-41.231] [PROP LOADED]: [key = autocypher, value = true]
[17-47-41.231] [PROP LOADED]: [key = dispose_splash, value = true]
[17-47-41.231] [PROP LOADED]: [key = wipe_logs_on_start, value = false]
[17-47-41.231] [PROP LOADED]: [key = activate_watchdog, value = false]
[17-47-41.231] [PROP LOADED]: [key = ffmpeg_audio_output_format, value = mp3]
[17-47-41.232] [PROP LOADED]: [key = printing_animation_char_timeout, value = 8]
[17-47-41.232] [PROP LOADED]: [key = printing_animation_line_timeout, value = 100]
[17-47-41.232] [PROP LOADED]: [key = ui_scale, value = 1]
[17-47-41.232] [PROP LOADED]: [key = auto_trigger_similar_commands, value = true]
[17-47-41.232] [PROP LOADED]: [key = auto_trigger_similar_command_tolerance, value = 0.95]
[17-47-41.232] [PROP LOADED]: [key = latency_ip, value = 172.217.4.78]
[17-47-41.232] [PROP LOADED]: [key = latency_port, value = 80]
[17-47-41.232] [PROP LOADED]: [key = latency_name, value = Google]
[17-47-41.232] [PROP LOADED]: [key = props_reloadable, value = false]
[17-47-41.236] [DEBUG]: Jar mode set as: FALSE
[17-47-41.289] [THREAD STARTED]: Object Creation Logger
[17-47-41.555] [DEBUG]: Watchdog skipped
[17-47-41.559] [LOADING MESSAGE]: Registering fonts
[17-47-41.859] [FONT LOADED]: agency-fb
[17-47-41.861] [FONT LOADED]: arial-black
[17-47-41.862] [FONT LOADED]: beyno
[17-47-41.863] [FONT LOADED]: condiment-regular
[17-47-41.865] [FONT LOADED]: prompt-bold
[17-47-41.866] [FONT LOADED]: segoe-ui-black
[17-47-41.867] [FONT LOADED]: tahoma
[17-47-41.867] [LOADING MESSAGE]: Ensuring singular instance
[17-47-41.868] [THREAD STARTED]: Singular Cyder Instance Ensurer
[17-47-41.869] [DEBUG]: Starting instance socket on port 5150
[17-47-42.384] [LOADING MESSAGE]: Ensuring OS is supported
[17-47-42.384] [LOADING MESSAGE]: Creating dynamics
[17-47-42.385] [SYSTEM IO]: Requested deletion of: C:\Users\Nathan\Documents\IntelliJava\Cyder\dynamic\tmp
[17-47-42.398] [LOADING MESSAGE]: Validating users
[17-47-42.509] [USER GET]: key = name, value = Nathan
[17-47-42.509] [USER GET]: key = foreground, value = f0f0f0
[17-47-42.510] [USER GET]: key = Font, value = Agency FB
[17-47-42.510] [USER GET]: key = background, value = 0f0f0f
[17-47-42.511] [USER GET]: key = mappedexecutable, value = []
[17-47-42.537] [USER GET]: key = screenstat, value = ScreenStat{consoleX=352, consoleY=353, consoleWidth=978, consoleHeight=662,
               monitor=0, consoleOnTop=false, consoleDirection=RIGHT}
[17-47-42.538] [USER GET]: key = loggedin, value = 0
[17-47-42.539] [USER GET]: key = outputborder, value = 0
[17-47-42.539] [USER GET]: key = silenceerrors, value = 1
[17-47-42.540] [USER GET]: key = filterchat, value = 1
[17-47-42.540] [USER GET]: key = fullscreen, value = 0
[17-47-42.541] [USER GET]: key = laststart, value = 1661467602931
[17-47-42.541] [USER GET]: key = inputfill, value = 0
[17-47-42.542] [USER GET]: key = minimizeonclose, value = 0
[17-47-42.542] [USER GET]: key = intromusic, value = 0
[17-47-42.543] [USER GET]: key = fontsize, value = 27
[17-47-42.544] [USER GET]: key = outputfill, value = 0
[17-47-42.544] [USER GET]: key = hourlychimes, value = 1
[17-47-42.545] [USER GET]: key = inputborder, value = 0
[17-47-42.546] [USER GET]: key = pass, value = 1b0a051deaadc2e793bfe185cd81a74b9c56f75bd713f28507d1abd99332a28
[17-47-42.546] [USER GET]: key = debugwindows, value = 0
[17-47-42.547] [USER GET]: key = darkmode, value = 0
[17-47-42.548] [USER GET]: key = youtubeuuid, value = aaaaaaaaaiI
[17-47-42.548] [USER GET]: key = doanimations, value = 1
[17-47-42.549] [USER GET]: key = wrapshell, value = 0
[17-47-42.549] [USER GET]: key = compacttextmode, value = 0
[17-47-42.549] [USER GET]: key = randombackground, value = 0
[17-47-42.550] [USER GET]: key = persistentnotifications, value = 0
[17-47-42.552] [USER GET]: key = mappedexecutable, value = []
[17-47-42.552] [USER GET]: key = screenstat, value = ScreenStat{consoleX=352, consoleY=353, consoleWidth=978, consoleHeight=662,
               monitor=0, consoleOnTop=false, consoleDirection=RIGHT}
[17-47-42.560] [USER GET]: key = name, value = Nathan
[17-47-42.561] [LOADING MESSAGE]: Cleaning users
[17-47-42.563] [LOADING MESSAGE]: Validating props
[17-47-42.680] [LOADING MESSAGE]: Validating Widgets
[17-47-42.953] [LOADING MESSAGE]: Validating Tests
[17-47-42.956] [LOADING MESSAGE]: Validating Vanilla annotations
[17-47-42.965] [LOADING MESSAGE]: Validating Handles
[17-47-42.978] [THREAD STARTED]: Splash Loader
[17-47-42.979] [THREAD STARTED]: Sufficient Subroutine Executor
[17-47-42.980] [LOADING MESSAGE]: Logging JVM args
[17-47-42.982] [THREAD STARTED]: JVM Args Logger
[17-47-42.987] [DEBUG]: Set latency ip as 172.217.4.78
[17-47-42.988] [DEBUG]: Set latency port as 80
[17-47-42.989] [DEBUG]: Set latency host name as Google
[17-47-42.995] [LOADING MESSAGE]: Checking for an AutoCypher
[17-47-42.996] [LOGIN]: AutoCypher Attempt
[17-47-42.996] [LOADING MESSAGE]: Auto Cyphering
[17-47-42.999] [USER GET]: key = name, value = Nathan [2x]
[17-47-43.049] [USER GET]: key = pass, value = 1b0a051deaadc2e793bfe185cd81a74b9c56f75bd713f28507d1abd99332a28
[17-47-43.162] [USER GET]: key = darkmode, value = 0 [2x]
[17-47-43.215] [THREAD STARTED]: Splash Animation
[17-47-43.421] [UNIQUE OBJECT CREATED]: Console singleton constructed
[17-47-43.423] [USER GET]: key = name, value = Nathan
[17-47-43.562] [DEBUG]: Cyder Entry = AutoCypher
[17-47-43.563] [THREAD STARTED]: High Ping Checker
[17-47-43.611] [DEBUG]: Latency of Google found to be 43ms
[17-47-43.851] [USER GET]: key = name, value = Nathan
[17-47-43.852] [USER GET]: key = randombackground, value = 0
[17-47-43.959] [USER GET]: key = fullscreen, value = 0 [3x]
[17-47-43.960] [USER GET]: key = name, value = Nathan
[17-47-44.015] [USER GET]: key = foreground, value = f0f0f0 [3x]
[17-47-44.015] [USER GET]: key = Font, value = Agency FB
[17-47-44.016] [USER GET]: key = fontsize, value = 27
[17-47-44.027] [USER GET]: key = outputborder, value = 0
[17-47-44.028] [USER GET]: key = outputfill, value = 0
[17-47-44.040] [USER GET]: key = inputborder, value = 0
[17-47-44.042] [USER GET]: key = foreground, value = f0f0f0 [3x]
[17-47-44.042] [USER GET]: key = Font, value = Agency FB
[17-47-44.043] [USER GET]: key = fontsize, value = 27
[17-47-44.044] [USER GET]: key = inputfill, value = 0
[17-47-44.046] [USER GET]: key = screenstat, value = ScreenStat{consoleX=352, consoleY=353, consoleWidth=978, consoleHeight=662,
               monitor=0, consoleOnTop=false, consoleDirection=RIGHT}
[17-47-44.097] [THREAD STARTED]: Hourly Chime Checker
[17-47-44.099] [THREAD STARTED]: Console Clock Updater
[17-47-44.101] [THREAD STARTED]: Cyder Busy Checker
[17-47-44.104] [THREAD STARTED]: [Cyder Splash] dispose() animation thread
[17-47-44.105] [USER GET]: key = fullscreen, value = 0
[17-47-44.105] [USER GET]: key = screenstat, value = ScreenStat{consoleX=352, consoleY=353, consoleWidth=978, consoleHeight=662,
               monitor=0, consoleOnTop=false, consoleDirection=RIGHT}
[17-47-44.108] [UI]: CyderFrame disposed with fastclose=true, getTitle=Cyder Splash
[17-47-44.290] [THREAD STARTED]: Console Printing Animation
[17-47-44.301] [CONSOLE OUT]: [STRING]: Console loaded in 3s 234ms
[17-47-44.304] [OBJECT CREATION]: Objects created since last delta (5000ms): 122
[17-47-44.348] [USER GET]: key = debugwindows, value = 0
[17-47-44.349] [CONSOLE LOADED]: [Nathan] [TESTING MODE]
[17-47-44.350] [THREAD STARTED]: Manual Tests Thread
[17-47-44.351] [USER GET]: key = laststart, value = 1661467602931
[17-47-44.352] [USER GET]: key = intromusic, value = 0
[17-47-44.379] [THREAD STARTED]: CyderFrame finalizeAndShow Thread, frame =
[17-47-45.631] [THREAD STARTED]: Splash Loading Label Updater
[17-47-46.929] [THREAD STARTED]:  Opacity Decrement Animator
[17-47-47.361] [THREAD STARTED]:  Opacity Increment Animator
[17-47-49.307] [OBJECT CREATION]: Objects created since last delta (5000ms): 19
[17-47-50.808] [THREAD STARTED]: Liminal Cyder [Nathan] Opacity Decrement Animator
[17-47-50.951] [USER GET]: key = screenstat, value = ScreenStat{consoleX=352, consoleY=353, consoleWidth=978, consoleHeight=662,
               monitor=0, consoleOnTop=false, consoleDirection=RIGHT}
[17-47-50.982] [SYSTEM IO]: [JSON WRITE] [Levenshtein = 9] User was written to file: 7d7ebb00-81fe-329f-8a78-62f463d0b7d
               a\Userdata.json
[17-47-50.991] [USER GET]: key = name, value = Nathan
[17-47-50.992] [USER GET]: key = foreground, value = f0f0f0
[17-47-50.993] [USER GET]: key = Font, value = Agency FB
[17-47-50.994] [USER GET]: key = background, value = 0f0f0f
[17-47-50.994] [USER GET]: key = mappedexecutable, value = []
[17-47-50.995] [USER GET]: key = screenstat, value = ScreenStat{consoleX=300, consoleY=355, consoleWidth=978, consoleHeight=662,
               monitor=0, consoleOnTop=false, consoleDirection=RIGHT}
[17-47-50.995] [USER GET]: key = loggedin, value = 1
[17-47-50.996] [USER GET]: key = outputborder, value = 0
[17-47-50.997] [USER GET]: key = silenceerrors, value = 1
[17-47-50.997] [USER GET]: key = filterchat, value = 1
[17-47-50.998] [USER GET]: key = fullscreen, value = 0
[17-47-50.998] [USER GET]: key = laststart, value = 1661467664352
[17-47-50.999] [USER GET]: key = inputfill, value = 0
[17-47-50.999] [USER GET]: key = minimizeonclose, value = 0
[17-47-51.000] [USER GET]: key = intromusic, value = 0
[17-47-51.000] [USER GET]: key = fontsize, value = 27
[17-47-51.001] [USER GET]: key = outputfill, value = 0
[17-47-51.001] [USER GET]: key = hourlychimes, value = 1
[17-47-51.002] [USER GET]: key = inputborder, value = 0
[17-47-51.002] [USER GET]: key = pass, value = 1b0a051deaadc2e793bfe185cd81a74b9c56f75bd713f28507d1abd99332a28
[17-47-51.003] [USER GET]: key = debugwindows, value = 0
[17-47-51.003] [USER GET]: key = darkmode, value = 0
[17-47-51.004] [USER GET]: key = youtubeuuid, value = aaaaaaaaaiI
[17-47-51.004] [USER GET]: key = doanimations, value = 1
[17-47-51.005] [USER GET]: key = wrapshell, value = 0
[17-47-51.005] [USER GET]: key = compacttextmode, value = 0
[17-47-51.006] [USER GET]: key = randombackground, value = 0
[17-47-51.006] [USER GET]: key = persistentnotifications, value = 0
[17-47-51.008] [USER GET]: key = mappedexecutable, value = []
[17-47-51.009] [USER GET]: key = screenstat, value = ScreenStat{consoleX=300, consoleY=355, consoleWidth=978, consoleHeight=662,
               monitor=0, consoleOnTop=false, consoleDirection=RIGHT}
[17-47-51.019] [SYSTEM IO]: Requested deletion of: C:\Users\Nathan\Documents\IntelliJava\Cyder\dynamic\backup\7d7ebb00
               -81fe-329f-8a78-62f463d0b7da_1661467614614.json
[17-47-51.020] [THREAD STARTED]: Liminal Cyder [Nathan] Opacity Increment Animator
[17-47-51.946] [USER GET]: key = minimizeonclose, value = 0
[17-47-51.947] [USER GET]: key = screenstat, value = ScreenStat{consoleX=300, consoleY=355, consoleWidth=978, consoleHeight=662,
               monitor=0, consoleOnTop=false, consoleDirection=RIGHT}
[17-47-51.952] [USER GET]: key = fullscreen, value = 0
[17-47-51.952] [THREAD STARTED]: [Liminal Cyder [Nathan]] dispose() animation thread
[17-47-51.953] [UI]: CyderFrame disposed with fastclose=false, getTitle=Liminal Cyder [Nathan]
[17-47-51.953] [USER GET]: key = doanimations, value = 1
[17-47-52.173] [EXIT]: [RUNTIME] 11s 47ms
[17-47-52.175] [EOL]: Log completed, exiting Cyder with exit code: 0 [Genesis Controlled Exit], no exceptions thrown,
               total objects created: 141
