          _____                _____                    _____                    _____                    _____
         /\    \              |\    \                  /\    \                  /\    \                  /\    \
        /::\    \             |:\____\                /::\    \                /::\    \                /::\    \
       /::::\    \            |::|   |               /::::\    \              /::::\    \              /::::\    \
      /::::::\    \           |::|   |              /::::::\    \            /::::::\    \            /::::::\    \
     /:::/\:::\    \          |::|   |             /:::/\:::\    \          /:::/\:::\    \          /:::/\:::\    \
    /:::/  \:::\    \         |::|   |            /:::/  \:::\    \        /:::/__\:::\    \        /:::/__\:::\    \
   /:::/    \:::\    \        |::|   |           /:::/    \:::\    \      /::::\   \:::\    \      /::::\   \:::\    \
  /:::/    / \:::\    \       |::|___|______    /:::/    / \:::\    \    /::::::\   \:::\    \    /::::::\   \:::\    \
 /:::/    /   \:::\    \      /::::::::\    \  /:::/    /   \:::\ ___\  /:::/\:::\   \:::\    \  /:::/\:::\   \:::\____\
/:::/____/     \:::\____\    /::::::::::\____\/:::/____/     \:::|    |/:::/__\:::\   \:::\____\/:::/  \:::\   \:::|    |
\:::\    \      \::/    /   /:::/~~~~/~~      \:::\    \     /:::|____|\:::\   \:::\   \::/    /\::/   |::::\  /:::|____|
 \:::\    \      \/____/   /:::/    /          \:::\    \   /:::/    /  \:::\   \:::\   \/____/  \/____|:::::\/:::/    /
  \:::\    \              /:::/    /            \:::\    \ /:::/    /    \:::\   \:::\    \            |:::::::::/    /
   \:::\    \            /:::/    /              \:::\    /:::/    /      \:::\   \:::\____\           |::|\::::/    /
    \:::\    \           \::/    /                \:::\  /:::/    /        \:::\   \::/    /           |::| \::/____/
     \:::\    \           \/____/                  \:::\/:::/    /          \:::\   \/____/            |::|  ~|
      \:::\    \                                    \::::::/    /            \:::\    \                |::|   |
       \:::\____\                                    \::::/    /              \:::\____\               \::|   |
        \::/    /                                     \::/____/                \::/    /                \:|   |
         \/____/                                       ~~                       \/____/                  \|___|


[17-53-18.068] [ENTRY]: Nathan
[17-53-18.021] [DEBUG]: Loaded 131 static resources
[17-53-18.038] [DEBUG]: Loaded 16 static folders
[17-53-18.049] [DEBUG]: Found prop file: props\propkeys.ini
[17-53-18.049] [DEBUG]: Found prop file: props\props.ini
[17-53-18.059] [PROP LOADED]: [key = map_quest_api_key]
[17-53-18.059] [PROP LOADED]: [key = youtube_api_3_key]
[17-53-18.059] [PROP LOADED]: [key = ip_key]
[17-53-18.059] [PROP LOADED]: [key = weather_key]
[17-53-18.059] [PROP LOADED]: [key = debug_hash_name, value = Nathan]
[17-53-18.059] [PROP LOADED]: [key = debug_hash_password, value = 571b100a3b69f7b09828c0b61d325b15e52c512c14fdcf6d248f7c
               a733d0a7f6]
[17-53-18.060] [PROP LOADED]: [key = default_weather_location, value = Austin,Tx,USA]
[17-53-18.061] [PROP LOADED]: [key = ignore_data, value = typinganimation,showseconds,roundedwindows,windowcolor
               ,audiolength,capsmode,typingsound,showbusyicon,clockonconsole,consoleclockformat]
[17-53-18.061] [PROP LOADED]: [key = font_metric, value = 1]
[17-53-18.061] [PROP LOADED]: [key = max_font_size, value = 50]
[17-53-18.061] [PROP LOADED]: [key = min_font_size, value = 25]
[17-53-18.061] [PROP LOADED]: [key = released, value = false]
[17-53-18.061] [PROP LOADED]: [key = version, value = Liminal]
[17-53-18.061] [PROP LOADED]: [key = release_date, value = 22.7.4]
[17-53-18.061] [PROP LOADED]: [key = components_relocatable, value = false]
[17-53-18.061] [PROP LOADED]: [key = testing_mode, value = true]
[17-53-18.061] [PROP LOADED]: [key = autocypher, value = true]
[17-53-18.061] [PROP LOADED]: [key = dispose_splash, value = true]
[17-53-18.061] [PROP LOADED]: [key = wipe_logs_on_start, value = false]
[17-53-18.061] [PROP LOADED]: [key = activate_watchdog, value = false]
[17-53-18.061] [PROP LOADED]: [key = ffmpeg_audio_output_format, value = mp3]
[17-53-18.061] [PROP LOADED]: [key = printing_animation_char_timeout, value = 8]
[17-53-18.062] [PROP LOADED]: [key = printing_animation_line_timeout, value = 100]
[17-53-18.062] [PROP LOADED]: [key = ui_scale, value = 1]
[17-53-18.062] [PROP LOADED]: [key = auto_trigger_similar_commands, value = true]
[17-53-18.062] [PROP LOADED]: [key = auto_trigger_similar_command_tolerance, value = 0.95]
[17-53-18.062] [PROP LOADED]: [key = latency_ip, value = 172.217.4.78]
[17-53-18.062] [PROP LOADED]: [key = latency_port, value = 80]
[17-53-18.062] [PROP LOADED]: [key = latency_name, value = Google]
[17-53-18.062] [PROP LOADED]: [key = props_reloadable, value = false]
[17-53-18.066] [DEBUG]: Jar mode set as: FALSE
[17-53-18.111] [THREAD STARTED]: Object Creation Logger
[17-53-18.494] [DEBUG]: Watchdog skipped
[17-53-18.498] [LOADING MESSAGE]: Registering fonts
[17-53-18.826] [FONT LOADED]: agency-fb
[17-53-18.829] [FONT LOADED]: arial-black
[17-53-18.832] [FONT LOADED]: beyno
[17-53-18.835] [FONT LOADED]: condiment-regular
[17-53-18.837] [FONT LOADED]: prompt-bold
[17-53-18.839] [FONT LOADED]: segoe-ui-black
[17-53-18.840] [FONT LOADED]: tahoma
[17-53-18.846] [LOADING MESSAGE]: Ensuring singular instance
[17-53-18.848] [THREAD STARTED]: Singular Cyder Instance Ensurer
[17-53-18.852] [DEBUG]: Starting instance socket on port 5150
[17-53-19.353] [LOADING MESSAGE]: Ensuring OS is supported
[17-53-19.353] [LOADING MESSAGE]: Creating dynamics
[17-53-19.354] [SYSTEM IO]: Requested deletion of: C:\Users\Nathan\Documents\IntelliJava\Cyder\dynamic\tmp
[17-53-19.367] [LOADING MESSAGE]: Validating users
[17-53-19.455] [USER GET]: key = name, value = Nathan
[17-53-19.463] [USER GET]: key = screenstat, value = ScreenStat{consoleX=214, consoleY=361, consoleWidth=978, consoleHeight=662,
               monitor=0, consoleOnTop=false, consoleDirection=RIGHT}
[17-53-19.476] [USER GET]: key = mappedexecutable, value = []
[17-53-19.477] [USER GET]: key = randombackground, value = 0
[17-53-19.477] [USER GET]: key = persistentnotifications, value = 0
[17-53-19.478] [USER GET]: key = debugwindows, value = 0
[17-53-19.478] [USER GET]: key = hourlychimes, value = 1
[17-53-19.478] [USER GET]: key = outputfill, value = 0
[17-53-19.479] [USER GET]: key = inputborder, value = 0
[17-53-19.479] [USER GET]: key = inputfill, value = 0
[17-53-19.480] [USER GET]: key = intromusic, value = 0
[17-53-19.480] [USER GET]: key = pass, value = 1b0a051deaadc2e793bfe185cd81a74b9c56f75bd713f28507d1abd99332a28
[17-53-19.480] [USER GET]: key = fontsize, value = 27
[17-53-19.481] [USER GET]: key = silenceerrors, value = 1
[17-53-19.481] [USER GET]: key = outputborder, value = 0
[17-53-19.482] [USER GET]: key = fullscreen, value = 0
[17-53-19.482] [USER GET]: key = darkmode, value = 0
[17-53-19.482] [USER GET]: key = minimizeonclose, value = 0
[17-53-19.483] [USER GET]: key = filterchat, value = 1
[17-53-19.483] [USER GET]: key = compacttextmode, value = 0
[17-53-19.484] [USER GET]: key = youtubeuuid, value = aaaaaaaaaiI
[17-53-19.484] [USER GET]: key = laststart, value = 1661467706841
[17-53-19.485] [USER GET]: key = wrapshell, value = 0
[17-53-19.485] [USER GET]: key = doanimations, value = 1
[17-53-19.486] [USER GET]: key = loggedin, value = 0
[17-53-19.486] [USER GET]: key = foreground, value = f0f0f0
[17-53-19.486] [USER GET]: key = background, value = 0f0f0f
[17-53-19.487] [USER GET]: key = Font, value = Agency FB
[17-53-19.488] [USER GET]: key = mappedexecutable, value = []
[17-53-19.489] [USER GET]: key = screenstat, value = ScreenStat{consoleX=214, consoleY=361, consoleWidth=978, consoleHeight=662,
               monitor=0, consoleOnTop=false, consoleDirection=RIGHT}
[17-53-19.496] [USER GET]: key = name, value = Nathan
[17-53-19.496] [LOADING MESSAGE]: Cleaning users
[17-53-19.499] [LOADING MESSAGE]: Validating props
[17-53-19.604] [LOADING MESSAGE]: Validating Widgets
[17-53-19.900] [LOADING MESSAGE]: Validating Tests
[17-53-19.903] [LOADING MESSAGE]: Validating Vanilla annotations
[17-53-19.911] [LOADING MESSAGE]: Validating Handles
[17-53-19.923] [THREAD STARTED]: Splash Loader
[17-53-19.925] [THREAD STARTED]: Sufficient Subroutine Executor
[17-53-19.927] [LOADING MESSAGE]: Logging JVM args
[17-53-19.929] [THREAD STARTED]: JVM Args Logger
[17-53-19.934] [DEBUG]: Set latency ip as 172.217.4.78
[17-53-19.935] [DEBUG]: Set latency port as 80
[17-53-19.936] [DEBUG]: Set latency host name as Google
[17-53-19.942] [LOADING MESSAGE]: Checking for an AutoCypher
[17-53-19.943] [LOGIN]: AutoCypher Attempt
[17-53-19.944] [LOADING MESSAGE]: Auto Cyphering
[17-53-19.947] [USER GET]: key = name, value = Nathan [2x]
[17-53-19.989] [USER GET]: key = pass, value = 1b0a051deaadc2e793bfe185cd81a74b9c56f75bd713f28507d1abd99332a28
[17-53-20.094] [USER GET]: key = darkmode, value = 0 [2x]
[17-53-20.138] [THREAD STARTED]: Splash Animation
[17-53-20.315] [UNIQUE OBJECT CREATED]: Console singleton constructed
[17-53-20.317] [USER GET]: key = name, value = Nathan
[17-53-20.446] [DEBUG]: Cyder Entry = AutoCypher
[17-53-20.447] [THREAD STARTED]: High Ping Checker
[17-53-20.504] [DEBUG]: Latency of Google found to be 54ms
[17-53-20.718] [USER GET]: key = name, value = Nathan
[17-53-20.719] [USER GET]: key = randombackground, value = 0
[17-53-20.812] [USER GET]: key = fullscreen, value = 0 [3x]
[17-53-20.813] [USER GET]: key = name, value = Nathan
[17-53-20.889] [USER GET]: key = foreground, value = f0f0f0 [3x]
[17-53-20.890] [USER GET]: key = Font, value = Agency FB
[17-53-20.890] [USER GET]: key = fontsize, value = 27
[17-53-20.901] [USER GET]: key = outputborder, value = 0
[17-53-20.902] [USER GET]: key = outputfill, value = 0
[17-53-20.915] [USER GET]: key = inputborder, value = 0
[17-53-20.917] [USER GET]: key = foreground, value = f0f0f0 [3x]
[17-53-20.918] [USER GET]: key = Font, value = Agency FB
[17-53-20.918] [USER GET]: key = fontsize, value = 27
[17-53-20.919] [USER GET]: key = inputfill, value = 0
[17-53-20.922] [USER GET]: key = screenstat, value = ScreenStat{consoleX=214, consoleY=361, consoleWidth=978, consoleHeight=662,
               monitor=0, consoleOnTop=false, consoleDirection=RIGHT}
[17-53-20.984] [THREAD STARTED]: Hourly Chime Checker
[17-53-20.985] [THREAD STARTED]: Console Clock Updater
[17-53-20.986] [THREAD STARTED]: Cyder Busy Checker
[17-53-20.989] [THREAD STARTED]: [Cyder Splash] dispose() animation thread
[17-53-20.990] [USER GET]: key = fullscreen, value = 0
[17-53-20.991] [USER GET]: key = screenstat, value = ScreenStat{consoleX=214, consoleY=361, consoleWidth=978, consoleHeight=662,
               monitor=0, consoleOnTop=false, consoleDirection=RIGHT}
[17-53-20.993] [UI]: CyderFrame disposed with fastclose=true, getTitle=Cyder Splash
[17-53-21.128] [OBJECT CREATION]: Objects created since last delta (5000ms): 122
[17-53-21.151] [THREAD STARTED]: Console Printing Animation
[17-53-21.154] [CONSOLE OUT]: [STRING]: Console loaded in 3s 237ms
[17-53-21.189] [USER GET]: key = debugwindows, value = 0
[17-53-21.190] [CONSOLE LOADED]: [Nathan] [TESTING MODE]
[17-53-21.191] [THREAD STARTED]: Manual Tests Thread
[17-53-21.191] [USER GET]: key = laststart, value = 1661467706841
[17-53-21.192] [USER GET]: key = intromusic, value = 0
[17-53-21.208] [THREAD STARTED]: CyderFrame finalizeAndShow Thread, frame =
[17-53-22.517] [THREAD STARTED]: Splash Loading Label Updater
[17-53-26.159] [OBJECT CREATION]: Objects created since last delta (5000ms): 19
[17-53-39.535] [EOL]: Log completed, Cyder crashed unexpectedly: exit code: -9 External Stop, exceptions thrown: 0
