          _____                _____                    _____                    _____                    _____
         /\    \              |\    \                  /\    \                  /\    \                  /\    \
        /::\    \             |:\____\                /::\    \                /::\    \                /::\    \
       /::::\    \            |::|   |               /::::\    \              /::::\    \              /::::\    \
      /::::::\    \           |::|   |              /::::::\    \            /::::::\    \            /::::::\    \
     /:::/\:::\    \          |::|   |             /:::/\:::\    \          /:::/\:::\    \          /:::/\:::\    \
    /:::/  \:::\    \         |::|   |            /:::/  \:::\    \        /:::/__\:::\    \        /:::/__\:::\    \
   /:::/    \:::\    \        |::|   |           /:::/    \:::\    \      /::::\   \:::\    \      /::::\   \:::\    \
  /:::/    / \:::\    \       |::|___|______    /:::/    / \:::\    \    /::::::\   \:::\    \    /::::::\   \:::\    \
 /:::/    /   \:::\    \      /::::::::\    \  /:::/    /   \:::\ ___\  /:::/\:::\   \:::\    \  /:::/\:::\   \:::\____\
/:::/____/     \:::\____\    /::::::::::\____\/:::/____/     \:::|    |/:::/__\:::\   \:::\____\/:::/  \:::\   \:::|    |
\:::\    \      \::/    /   /:::/~~~~/~~      \:::\    \     /:::|____|\:::\   \:::\   \::/    /\::/   |::::\  /:::|____|
 \:::\    \      \/____/   /:::/    /          \:::\    \   /:::/    /  \:::\   \:::\   \/____/  \/____|:::::\/:::/    /
  \:::\    \              /:::/    /            \:::\    \ /:::/    /    \:::\   \:::\    \            |:::::::::/    /
   \:::\    \            /:::/    /              \:::\    /:::/    /      \:::\   \:::\____\           |::|\::::/    /
    \:::\    \           \::/    /                \:::\  /:::/    /        \:::\   \::/    /           |::| \::/____/
     \:::\    \           \/____/                  \:::\/:::/    /          \:::\   \/____/            |::|  ~|
      \:::\    \                                    \::::::/    /            \:::\    \                |::|   |
       \:::\____\                                    \::::/    /              \:::\____\               \::|   |
        \::/    /                                     \::/____/                \::/    /                \:|   |
         \/____/                                       ~~                       \/____/                  \|___|


[18-31-51.726] [ENTRY]: Nathan
[18-31-51.666] [DEBUG]: Loaded 131 static resources
[18-31-51.688] [DEBUG]: Loaded 16 static folders
[18-31-51.701] [DEBUG]: Found prop file: props\propkeys.ini
[18-31-51.702] [DEBUG]: Found prop file: props\props.ini
[18-31-51.715] [PROP LOADED]: [key = map_quest_api_key]
[18-31-51.715] [PROP LOADED]: [key = youtube_api_3_key]
[18-31-51.715] [PROP LOADED]: [key = ip_key]
[18-31-51.716] [PROP LOADED]: [key = weather_key]
[18-31-51.716] [PROP LOADED]: [key = debug_hash_name, value = Nathan]
[18-31-51.716] [PROP LOADED]: [key = debug_hash_password, value = 571b100a3b69f7b09828c0b61d325b15e52c512c14fdcf6d248f7c
               a733d0a7f6]
[18-31-51.717] [PROP LOADED]: [key = default_weather_location, value = Austin,Tx,USA]
[18-31-51.717] [PROP LOADED]: [key = ignore_data, value = typinganimation,showseconds,roundedwindows,windowcolor
               ,audiolength,capsmode,typingsound,showbusyicon,clockonconsole,consoleclockformat]
[18-31-51.717] [PROP LOADED]: [key = font_metric, value = 1]
[18-31-51.717] [PROP LOADED]: [key = max_font_size, value = 50]
[18-31-51.717] [PROP LOADED]: [key = min_font_size, value = 25]
[18-31-51.718] [PROP LOADED]: [key = released, value = false]
[18-31-51.718] [PROP LOADED]: [key = version, value = Liminal]
[18-31-51.718] [PROP LOADED]: [key = release_date, value = 22.7.4]
[18-31-51.718] [PROP LOADED]: [key = components_relocatable, value = false]
[18-31-51.718] [PROP LOADED]: [key = testing_mode, value = true]
[18-31-51.718] [PROP LOADED]: [key = autocypher, value = true]
[18-31-51.718] [PROP LOADED]: [key = dispose_splash, value = true]
[18-31-51.718] [PROP LOADED]: [key = wipe_logs_on_start, value = false]
[18-31-51.718] [PROP LOADED]: [key = activate_watchdog, value = false]
[18-31-51.718] [PROP LOADED]: [key = ffmpeg_audio_output_format, value = mp3]
[18-31-51.718] [PROP LOADED]: [key = printing_animation_char_timeout, value = 8]
[18-31-51.718] [PROP LOADED]: [key = printing_animation_line_timeout, value = 100]
[18-31-51.718] [PROP LOADED]: [key = ui_scale, value = 1]
[18-31-51.719] [PROP LOADED]: [key = auto_trigger_similar_commands, value = true]
[18-31-51.719] [PROP LOADED]: [key = auto_trigger_similar_command_tolerance, value = 0.95]
[18-31-51.719] [PROP LOADED]: [key = latency_ip, value = 172.217.4.78]
[18-31-51.719] [PROP LOADED]: [key = latency_port, value = 80]
[18-31-51.719] [PROP LOADED]: [key = latency_name, value = Google]
[18-31-51.719] [PROP LOADED]: [key = props_reloadable, value = false]
[18-31-51.723] [DEBUG]: Jar mode set as: FALSE
[18-31-51.779] [THREAD STARTED]: Object Creation Logger
[18-31-52.252] [DEBUG]: Watchdog skipped
[18-31-52.256] [LOADING MESSAGE]: Registering fonts
[18-31-52.641] [FONT LOADED]: agency-fb
[18-31-52.643] [FONT LOADED]: arial-black
[18-31-52.645] [FONT LOADED]: beyno
[18-31-52.646] [FONT LOADED]: condiment-regular
[18-31-52.647] [FONT LOADED]: prompt-bold
[18-31-52.649] [FONT LOADED]: segoe-ui-black
[18-31-52.650] [FONT LOADED]: tahoma
[18-31-52.651] [LOADING MESSAGE]: Ensuring singular instance
[18-31-52.652] [THREAD STARTED]: Singular Cyder Instance Ensurer
[18-31-52.654] [DEBUG]: Starting instance socket on port 5150
[18-31-53.164] [LOADING MESSAGE]: Ensuring OS is supported
[18-31-53.164] [LOADING MESSAGE]: Creating dynamics
[18-31-53.165] [SYSTEM IO]: Requested deletion of: C:\Users\Nathan\Documents\IntelliJava\Cyder\dynamic\tmp
[18-31-53.177] [LOADING MESSAGE]: Validating users
[18-31-53.265] [USER GET]: key = name, value = Nathan
[18-31-53.266] [USER GET]: key = foreground, value = f0f0f0
[18-31-53.267] [USER GET]: key = Font, value = Agency FB
[18-31-53.267] [USER GET]: key = background, value = 0f0f0f
[18-31-53.268] [USER GET]: key = mappedexecutable, value = []
[18-31-53.285] [USER GET]: key = screenstat, value = ScreenStat{consoleX=214, consoleY=361, consoleWidth=978, consoleHeight=662,
               monitor=0, consoleOnTop=false, consoleDirection=RIGHT}
[18-31-53.286] [USER GET]: key = loggedin, value = 0
[18-31-53.287] [USER GET]: key = debugwindows, value = 0
[18-31-53.287] [USER GET]: key = intromusic, value = 0
[18-31-53.288] [USER GET]: key = outputborder, value = 0
[18-31-53.288] [USER GET]: key = inputfill, value = 0
[18-31-53.288] [USER GET]: key = filterchat, value = 1
[18-31-53.289] [USER GET]: key = laststart, value = 1661467706841
[18-31-53.289] [USER GET]: key = pass, value = 1b0a051deaadc2e793bfe185cd81a74b9c56f75bd713f28507d1abd99332a28
[18-31-53.289] [USER GET]: key = fontsize, value = 27
[18-31-53.290] [USER GET]: key = hourlychimes, value = 1
[18-31-53.290] [USER GET]: key = inputborder, value = 0
[18-31-53.291] [USER GET]: key = silenceerrors, value = 1
[18-31-53.291] [USER GET]: key = fullscreen, value = 0
[18-31-53.292] [USER GET]: key = outputfill, value = 0
[18-31-53.292] [USER GET]: key = minimizeonclose, value = 0
[18-31-53.292] [USER GET]: key = wrapshell, value = 0
[18-31-53.293] [USER GET]: key = darkmode, value = 0
[18-31-53.293] [USER GET]: key = doanimations, value = 1
[18-31-53.294] [USER GET]: key = compacttextmode, value = 0
[18-31-53.294] [USER GET]: key = youtubeuuid, value = aaaaaaaaaiI
[18-31-53.294] [USER GET]: key = persistentnotifications, value = 0
[18-31-53.295] [USER GET]: key = randombackground, value = 0
[18-31-53.296] [USER GET]: key = mappedexecutable, value = []
[18-31-53.297] [USER GET]: key = screenstat, value = ScreenStat{consoleX=214, consoleY=361, consoleWidth=978, consoleHeight=662,
               monitor=0, consoleOnTop=false, consoleDirection=RIGHT}
[18-31-53.304] [USER GET]: key = name, value = Nathan
[18-31-53.305] [LOADING MESSAGE]: Cleaning users
[18-31-53.307] [LOADING MESSAGE]: Validating props
[18-31-53.424] [LOADING MESSAGE]: Validating Widgets
[18-31-53.697] [LOADING MESSAGE]: Validating Tests
[18-31-53.699] [LOADING MESSAGE]: Validating Vanilla annotations
[18-31-53.709] [LOADING MESSAGE]: Validating Handles
[18-31-53.721] [THREAD STARTED]: Splash Loader
[18-31-53.722] [THREAD STARTED]: Sufficient Subroutine Executor
[18-31-53.723] [LOADING MESSAGE]: Logging JVM args
[18-31-53.725] [THREAD STARTED]: JVM Args Logger
[18-31-53.731] [DEBUG]: Set latency ip as 172.217.4.78
[18-31-53.732] [DEBUG]: Set latency port as 80
[18-31-53.740] [LOADING MESSAGE]: Checking for an AutoCypher
[18-31-53.742] [DEBUG]: Set latency host name as Google
[18-31-53.742] [LOGIN]: AutoCypher Attempt
[18-31-53.743] [LOADING MESSAGE]: Auto Cyphering
[18-31-53.746] [USER GET]: key = name, value = Nathan [2x]
[18-31-53.792] [USER GET]: key = pass, value = 1b0a051deaadc2e793bfe185cd81a74b9c56f75bd713f28507d1abd99332a28
[18-31-54.044] [USER GET]: key = darkmode, value = 0 [2x]
[18-31-54.097] [THREAD STARTED]: Splash Animation
[18-31-54.242] [UNIQUE OBJECT CREATED]: Console singleton constructed
[18-31-54.244] [USER GET]: key = name, value = Nathan
[18-31-54.393] [DEBUG]: Cyder Entry = AutoCypher
[18-31-54.395] [THREAD STARTED]: High Ping Checker
[18-31-54.443] [DEBUG]: Latency of Google found to be 46ms
[18-31-54.632] [THREAD STARTED]: Cyder Splash Opacity Decrement Animator
[18-31-54.661] [USER GET]: key = name, value = Nathan
[18-31-54.662] [USER GET]: key = randombackground, value = 0
[18-31-54.663] [USER GET]: key = fullscreen, value = 0
[18-31-54.782] [OBJECT CREATION]: Objects created since last delta (5000ms): 92
[18-31-54.801] [USER GET]: key = fullscreen, value = 0 [2x]
[18-31-54.801] [USER GET]: key = name, value = Nathan
[18-31-54.859] [THREAD STARTED]: Cyder Splash Opacity Increment Animator
[18-31-54.875] [USER GET]: key = foreground, value = f0f0f0 [3x]
[18-31-54.876] [USER GET]: key = Font, value = Agency FB
[18-31-54.877] [USER GET]: key = fontsize, value = 27
[18-31-54.890] [USER GET]: key = outputborder, value = 0
[18-31-54.891] [USER GET]: key = outputfill, value = 0
[18-31-54.905] [USER GET]: key = inputborder, value = 0
[18-31-54.908] [USER GET]: key = foreground, value = f0f0f0 [3x]
[18-31-54.909] [USER GET]: key = Font, value = Agency FB
[18-31-54.909] [USER GET]: key = fontsize, value = 27
[18-31-54.910] [USER GET]: key = inputfill, value = 0
[18-31-54.913] [USER GET]: key = screenstat, value = ScreenStat{consoleX=214, consoleY=361, consoleWidth=978, consoleHeight=662,
               monitor=0, consoleOnTop=false, consoleDirection=RIGHT}
[18-31-55.003] [THREAD STARTED]: Hourly Chime Checker
[18-31-55.005] [THREAD STARTED]: Console Clock Updater
[18-31-55.007] [THREAD STARTED]: Cyder Busy Checker
[18-31-55.010] [THREAD STARTED]: [Cyder Splash] dispose() animation thread
[18-31-55.011] [USER GET]: key = fullscreen, value = 0
[18-31-55.011] [USER GET]: key = screenstat, value = ScreenStat{consoleX=214, consoleY=361, consoleWidth=978, consoleHeight=662,
               monitor=0, consoleOnTop=false, consoleDirection=RIGHT}
[18-31-55.014] [UI]: CyderFrame disposed with fastclose=true, getTitle=Cyder Splash
[18-31-55.214] [THREAD STARTED]: Console Printing Animation
[18-31-55.215] [CONSOLE OUT]: [STRING]: Console loaded in 3s 680ms
[18-31-55.256] [USER GET]: key = debugwindows, value = 0
[18-31-55.260] [CONSOLE LOADED]: [Nathan] [TESTING MODE]
[18-31-55.261] [THREAD STARTED]: Manual Tests Thread
[18-31-55.262] [USER GET]: key = laststart, value = 1661467706841
[18-31-55.263] [USER GET]: key = intromusic, value = 0
[18-31-55.282] [THREAD STARTED]: CyderFrame finalizeAndShow Thread, frame =
[18-31-56.534] [THREAD STARTED]: Splash Loading Label Updater
[18-31-59.783] [OBJECT CREATION]: Objects created since last delta (5000ms): 49
[18-33-02.906] [USER GET]: key = minimizeonclose, value = 0
[18-33-02.907] [USER GET]: key = screenstat, value = ScreenStat{consoleX=214, consoleY=361, consoleWidth=978, consoleHeight=662,
               monitor=0, consoleOnTop=false, consoleDirection=RIGHT}
[18-33-02.916] [USER GET]: key = fullscreen, value = 0
[18-33-02.916] [THREAD STARTED]: [Liminal Cyder [Nathan]] dispose() animation thread
[18-33-02.918] [UI]: CyderFrame disposed with fastclose=false, getTitle=Liminal Cyder [Nathan]
[18-33-02.919] [USER GET]: key = doanimations, value = 1
[18-33-03.163] [EXIT]: [RUNTIME] 1m 11s 554ms
[18-33-03.164] [EOL]: Log completed, exiting Cyder with exit code: 0 [Genesis Controlled Exit], no exceptions thrown,
               total objects created: 141
