          _____                _____                    _____                    _____                    _____
         /\    \              |\    \                  /\    \                  /\    \                  /\    \
        /::\    \             |:\____\                /::\    \                /::\    \                /::\    \
       /::::\    \            |::|   |               /::::\    \              /::::\    \              /::::\    \
      /::::::\    \           |::|   |              /::::::\    \            /::::::\    \            /::::::\    \
     /:::/\:::\    \          |::|   |             /:::/\:::\    \          /:::/\:::\    \          /:::/\:::\    \
    /:::/  \:::\    \         |::|   |            /:::/  \:::\    \        /:::/__\:::\    \        /:::/__\:::\    \
   /:::/    \:::\    \        |::|   |           /:::/    \:::\    \      /::::\   \:::\    \      /::::\   \:::\    \
  /:::/    / \:::\    \       |::|___|______    /:::/    / \:::\    \    /::::::\   \:::\    \    /::::::\   \:::\    \
 /:::/    /   \:::\    \      /::::::::\    \  /:::/    /   \:::\ ___\  /:::/\:::\   \:::\    \  /:::/\:::\   \:::\____\
/:::/____/     \:::\____\    /::::::::::\____\/:::/____/     \:::|    |/:::/__\:::\   \:::\____\/:::/  \:::\   \:::|    |
\:::\    \      \::/    /   /:::/~~~~/~~      \:::\    \     /:::|____|\:::\   \:::\   \::/    /\::/   |::::\  /:::|____|
 \:::\    \      \/____/   /:::/    /          \:::\    \   /:::/    /  \:::\   \:::\   \/____/  \/____|:::::\/:::/    /
  \:::\    \              /:::/    /            \:::\    \ /:::/    /    \:::\   \:::\    \            |:::::::::/    /
   \:::\    \            /:::/    /              \:::\    /:::/    /      \:::\   \:::\____\           |::|\::::/    /
    \:::\    \           \::/    /                \:::\  /:::/    /        \:::\   \::/    /           |::| \::/____/
     \:::\    \           \/____/                  \:::\/:::/    /          \:::\   \/____/            |::|  ~|
      \:::\    \                                    \::::::/    /            \:::\    \                |::|   |
       \:::\____\                                    \::::/    /              \:::\____\               \::|   |
        \::/    /                                     \::/____/                \::/    /                \:|   |
         \/____/                                       ~~                       \/____/                  \|___|


[20-06-45.223] [ENTRY]: Nathan
[20-06-45.158] [DEBUG]: Loaded 131 static resources
[20-06-45.181] [DEBUG]: Loaded 16 static folders
[20-06-45.197] [DEBUG]: Found prop file: props\propkeys.ini
[20-06-45.197] [DEBUG]: Found prop file: props\props.ini
[20-06-45.211] [PROP LOADED]: [key = map_quest_api_key]
[20-06-45.211] [PROP LOADED]: [key = youtube_api_3_key]
[20-06-45.211] [PROP LOADED]: [key = ip_key]
[20-06-45.211] [PROP LOADED]: [key = weather_key]
[20-06-45.211] [PROP LOADED]: [key = debug_hash_name, value = Nathan]
[20-06-45.211] [PROP LOADED]: [key = debug_hash_password, value = 571b100a3b69f7b09828c0b61d325b15e52c512c14fdcf6d248f7c
               a733d0a7f6]
[20-06-45.213] [PROP LOADED]: [key = default_weather_location, value = Austin,Tx,USA]
[20-06-45.213] [PROP LOADED]: [key = ignore_data, value = typinganimation,showseconds,roundedwindows,windowcolor
               ,audiolength,capsmode,typingsound,showbusyicon,clockonconsole,consoleclockformat]
[20-06-45.213] [PROP LOADED]: [key = font_metric, value = 1]
[20-06-45.213] [PROP LOADED]: [key = max_font_size, value = 50]
[20-06-45.213] [PROP LOADED]: [key = min_font_size, value = 25]
[20-06-45.213] [PROP LOADED]: [key = released, value = false]
[20-06-45.213] [PROP LOADED]: [key = version, value = Liminal]
[20-06-45.213] [PROP LOADED]: [key = release_date, value = 22.7.4]
[20-06-45.213] [PROP LOADED]: [key = components_relocatable, value = false]
[20-06-45.213] [PROP LOADED]: [key = testing_mode, value = true]
[20-06-45.213] [PROP LOADED]: [key = autocypher, value = true]
[20-06-45.213] [PROP LOADED]: [key = dispose_splash, value = true]
[20-06-45.214] [PROP LOADED]: [key = wipe_logs_on_start, value = false]
[20-06-45.214] [PROP LOADED]: [key = activate_watchdog, value = false]
[20-06-45.214] [PROP LOADED]: [key = ffmpeg_audio_output_format, value = mp3]
[20-06-45.214] [PROP LOADED]: [key = printing_animation_char_timeout, value = 8]
[20-06-45.214] [PROP LOADED]: [key = printing_animation_line_timeout, value = 100]
[20-06-45.214] [PROP LOADED]: [key = ui_scale, value = 1]
[20-06-45.214] [PROP LOADED]: [key = auto_trigger_similar_commands, value = true]
[20-06-45.214] [PROP LOADED]: [key = auto_trigger_similar_command_tolerance, value = 0.95]
[20-06-45.214] [PROP LOADED]: [key = latency_ip, value = 172.217.4.78]
[20-06-45.214] [PROP LOADED]: [key = latency_port, value = 80]
[20-06-45.214] [PROP LOADED]: [key = latency_name, value = Google]
[20-06-45.214] [PROP LOADED]: [key = props_reloadable, value = false]
[20-06-45.220] [DEBUG]: Jar mode set as: FALSE
[20-06-45.285] [THREAD STARTED]: Object Creation Logger
[20-06-46.013] [DEBUG]: Watchdog skipped
[20-06-46.021] [LOADING MESSAGE]: Registering fonts
[20-06-46.391] [FONT LOADED]: agency-fb
[20-06-46.393] [FONT LOADED]: arial-black
[20-06-46.394] [FONT LOADED]: beyno
[20-06-46.396] [FONT LOADED]: condiment-regular
[20-06-46.397] [FONT LOADED]: prompt-bold
[20-06-46.399] [FONT LOADED]: segoe-ui-black
[20-06-46.400] [FONT LOADED]: tahoma
[20-06-46.401] [LOADING MESSAGE]: Ensuring singular instance
[20-06-46.402] [THREAD STARTED]: Singular Cyder Instance Ensurer
[20-06-46.404] [DEBUG]: Starting instance socket on port 5150
[20-06-46.915] [LOADING MESSAGE]: Ensuring OS is supported
[20-06-46.916] [LOADING MESSAGE]: Creating dynamics
[20-06-46.916] [SYSTEM IO]: Requested deletion of: C:\Users\Nathan\Documents\IntelliJava\Cyder\dynamic\tmp
[20-06-46.927] [LOADING MESSAGE]: Validating users
[20-06-47.042] [USER GET]: key = name, value = Nathan
[20-06-47.053] [USER GET]: key = screenstat, value = ScreenStat{consoleX=640, consoleY=406, consoleWidth=978, consoleHeight=662,
               monitor=0, consoleOnTop=true, consoleDirection=RIGHT}
[20-06-47.069] [USER GET]: key = mappedexecutable, value = []
[20-06-47.070] [USER GET]: key = loggedin, value = 0
[20-06-47.070] [USER GET]: key = minimizeonclose, value = 0
[20-06-47.071] [USER GET]: key = fontsize, value = 27
[20-06-47.071] [USER GET]: key = hourlychimes, value = 1
[20-06-47.072] [USER GET]: key = inputfill, value = 0
[20-06-47.072] [USER GET]: key = intromusic, value = 0
[20-06-47.073] [USER GET]: key = outputborder, value = 0
[20-06-47.073] [USER GET]: key = inputborder, value = 0
[20-06-47.074] [USER GET]: key = silenceerrors, value = 1
[20-06-47.074] [USER GET]: key = debugwindows, value = 0
[20-06-47.075] [USER GET]: key = pass, value = 1b0a051deaadc2e793bfe185cd81a74b9c56f75bd713f28507d1abd99332a28
[20-06-47.075] [USER GET]: key = fullscreen, value = 0
[20-06-47.076] [USER GET]: key = outputfill, value = 0
[20-06-47.076] [USER GET]: key = filterchat, value = 1
[20-06-47.077] [USER GET]: key = laststart, value = 1661475838035
[20-06-47.078] [USER GET]: key = randombackground, value = 0
[20-06-47.078] [USER GET]: key = persistentnotifications, value = 0
[20-06-47.079] [USER GET]: key = doanimations, value = 1
[20-06-47.079] [USER GET]: key = wrapshell, value = 0
[20-06-47.080] [USER GET]: key = youtubeuuid, value = aaaaaaaaaiI
[20-06-47.080] [USER GET]: key = compacttextmode, value = 0
[20-06-47.080] [USER GET]: key = darkmode, value = 0
[20-06-47.081] [USER GET]: key = foreground, value = f0f0f0
[20-06-47.081] [USER GET]: key = Font, value = Agency FB
[20-06-47.082] [USER GET]: key = background, value = 0f0f0f
[20-06-47.084] [USER GET]: key = mappedexecutable, value = []
[20-06-47.084] [USER GET]: key = screenstat, value = ScreenStat{consoleX=640, consoleY=406, consoleWidth=978, consoleHeight=662,
               monitor=0, consoleOnTop=true, consoleDirection=RIGHT}
[20-06-47.095] [USER GET]: key = name, value = Nathan
[20-06-47.095] [LOADING MESSAGE]: Cleaning users
[20-06-47.098] [LOADING MESSAGE]: Validating props
[20-06-47.228] [LOADING MESSAGE]: Validating Widgets
[20-06-47.528] [LOADING MESSAGE]: Validating Tests
[20-06-47.532] [LOADING MESSAGE]: Validating Vanilla annotations
[20-06-47.546] [LOADING MESSAGE]: Validating Handles
[20-06-47.563] [THREAD STARTED]: Splash Loader
[20-06-47.564] [THREAD STARTED]: Sufficient Subroutine Executor
[20-06-47.566] [LOADING MESSAGE]: Logging JVM args
[20-06-47.568] [THREAD STARTED]: JVM Args Logger
[20-06-47.574] [DEBUG]: Set latency ip as 172.217.4.78
[20-06-47.575] [DEBUG]: Set latency port as 80
[20-06-47.577] [DEBUG]: Set latency host name as Google
[20-06-47.582] [LOADING MESSAGE]: Checking for an AutoCypher
[20-06-47.584] [LOGIN]: AutoCypher Attempt
[20-06-47.584] [LOADING MESSAGE]: Auto Cyphering
[20-06-47.588] [USER GET]: key = name, value = Nathan [2x]
[20-06-47.630] [USER GET]: key = pass, value = 1b0a051deaadc2e793bfe185cd81a74b9c56f75bd713f28507d1abd99332a28
[20-06-47.767] [USER GET]: key = darkmode, value = 0 [2x]
[20-06-47.820] [THREAD STARTED]: Splash Animation
[20-06-48.021] [UNIQUE OBJECT CREATED]: Console singleton constructed
[20-06-48.022] [USER GET]: key = name, value = Nathan
[20-06-48.190] [DEBUG]: Cyder Entry = AutoCypher
[20-06-48.191] [THREAD STARTED]: High Ping Checker
[20-06-48.247] [DEBUG]: Latency of Google found to be 44ms
[20-06-48.295] [OBJECT CREATION]: Objects created since last delta (5000ms): 85
[20-06-48.504] [USER GET]: key = name, value = Nathan
[20-06-48.505] [USER GET]: key = randombackground, value = 0
[20-06-48.608] [USER GET]: key = fullscreen, value = 0 [3x]
[20-06-48.608] [USER GET]: key = name, value = Nathan
[20-06-48.686] [USER GET]: key = foreground, value = f0f0f0 [3x]
[20-06-48.687] [USER GET]: key = Font, value = Agency FB
[20-06-48.688] [USER GET]: key = fontsize, value = 27
[20-06-48.700] [USER GET]: key = outputborder, value = 0
[20-06-48.701] [USER GET]: key = outputfill, value = 0
[20-06-48.714] [USER GET]: key = inputborder, value = 0
[20-06-48.717] [USER GET]: key = foreground, value = f0f0f0 [3x]
[20-06-48.718] [USER GET]: key = Font, value = Agency FB
[20-06-48.718] [USER GET]: key = fontsize, value = 27
[20-06-48.719] [USER GET]: key = inputfill, value = 0
[20-06-53.738] [OBJECT CREATION]: Objects created since last delta (5000ms): 25
[20-06-53.843] [THREAD STARTED]: Hourly Chime Checker
[20-06-53.845] [THREAD STARTED]: Console Clock Updater
[20-06-53.849] [THREAD STARTED]: Cyder Busy Checker
[20-06-53.858] [THREAD STARTED]: [Cyder Splash] dispose() animation thread
[20-06-53.859] [USER GET]: key = fullscreen, value = 0
[20-06-53.860] [USER GET]: key = screenstat, value = ScreenStat{consoleX=640, consoleY=406, consoleWidth=978, consoleHeight=662,
               monitor=0, consoleOnTop=true, consoleDirection=RIGHT}
[20-06-53.893] [UI]: CyderFrame disposed with fastclose=true, getTitle=Cyder Splash
[20-07-13.671] [EOL]: Log completed, Cyder crashed unexpectedly: exit code: -9 External Stop, exceptions thrown: 0
