          _____                _____                    _____                    _____                    _____
         /\    \              |\    \                  /\    \                  /\    \                  /\    \
        /::\    \             |:\____\                /::\    \                /::\    \                /::\    \
       /::::\    \            |::|   |               /::::\    \              /::::\    \              /::::\    \
      /::::::\    \           |::|   |              /::::::\    \            /::::::\    \            /::::::\    \
     /:::/\:::\    \          |::|   |             /:::/\:::\    \          /:::/\:::\    \          /:::/\:::\    \
    /:::/  \:::\    \         |::|   |            /:::/  \:::\    \        /:::/__\:::\    \        /:::/__\:::\    \
   /:::/    \:::\    \        |::|   |           /:::/    \:::\    \      /::::\   \:::\    \      /::::\   \:::\    \
  /:::/    / \:::\    \       |::|___|______    /:::/    / \:::\    \    /::::::\   \:::\    \    /::::::\   \:::\    \
 /:::/    /   \:::\    \      /::::::::\    \  /:::/    /   \:::\ ___\  /:::/\:::\   \:::\    \  /:::/\:::\   \:::\____\
/:::/____/     \:::\____\    /::::::::::\____\/:::/____/     \:::|    |/:::/__\:::\   \:::\____\/:::/  \:::\   \:::|    |
\:::\    \      \::/    /   /:::/~~~~/~~      \:::\    \     /:::|____|\:::\   \:::\   \::/    /\::/   |::::\  /:::|____|
 \:::\    \      \/____/   /:::/    /          \:::\    \   /:::/    /  \:::\   \:::\   \/____/  \/____|:::::\/:::/    /
  \:::\    \              /:::/    /            \:::\    \ /:::/    /    \:::\   \:::\    \            |:::::::::/    /
   \:::\    \            /:::/    /              \:::\    /:::/    /      \:::\   \:::\____\           |::|\::::/    /
    \:::\    \           \::/    /                \:::\  /:::/    /        \:::\   \::/    /           |::| \::/____/
     \:::\    \           \/____/                  \:::\/:::/    /          \:::\   \/____/            |::|  ~|
      \:::\    \                                    \::::::/    /            \:::\    \                |::|   |
       \:::\____\                                    \::::/    /              \:::\____\               \::|   |
        \::/    /                                     \::/____/                \::/    /                \:|   |
         \/____/                                       ~~                       \/____/                  \|___|


[20-22-12.104] [ENTRY]: Nathan
[20-22-12.057] [DEBUG]: Loaded 131 static resources
[20-22-12.075] [DEBUG]: Loaded 16 static folders
[20-22-12.085] [DEBUG]: Found prop file: props\propkeys.ini
[20-22-12.086] [DEBUG]: Found prop file: props\props.ini
[20-22-12.096] [PROP LOADED]: [key = map_quest_api_key]
[20-22-12.096] [PROP LOADED]: [key = youtube_api_3_key]
[20-22-12.096] [PROP LOADED]: [key = ip_key]
[20-22-12.096] [PROP LOADED]: [key = weather_key]
[20-22-12.096] [PROP LOADED]: [key = debug_hash_name, value = Nathan]
[20-22-12.096] [PROP LOADED]: [key = debug_hash_password, value = 571b100a3b69f7b09828c0b61d325b15e52c512c14fdcf6d248f7c
               a733d0a7f6]
[20-22-12.097] [PROP LOADED]: [key = default_weather_location, value = Austin,Tx,USA]
[20-22-12.097] [PROP LOADED]: [key = ignore_data, value = typinganimation,showseconds,roundedwindows,windowcolor
               ,audiolength,capsmode,typingsound,showbusyicon,clockonconsole,consoleclockformat]
[20-22-12.098] [PROP LOADED]: [key = font_metric, value = 1]
[20-22-12.098] [PROP LOADED]: [key = max_font_size, value = 50]
[20-22-12.098] [PROP LOADED]: [key = min_font_size, value = 25]
[20-22-12.098] [PROP LOADED]: [key = released, value = false]
[20-22-12.098] [PROP LOADED]: [key = version, value = Liminal]
[20-22-12.098] [PROP LOADED]: [key = release_date, value = 22.7.4]
[20-22-12.098] [PROP LOADED]: [key = components_relocatable, value = false]
[20-22-12.098] [PROP LOADED]: [key = testing_mode, value = true]
[20-22-12.098] [PROP LOADED]: [key = autocypher, value = true]
[20-22-12.098] [PROP LOADED]: [key = dispose_splash, value = true]
[20-22-12.098] [PROP LOADED]: [key = wipe_logs_on_start, value = false]
[20-22-12.098] [PROP LOADED]: [key = activate_watchdog, value = false]
[20-22-12.098] [PROP LOADED]: [key = ffmpeg_audio_output_format, value = mp3]
[20-22-12.098] [PROP LOADED]: [key = printing_animation_char_timeout, value = 8]
[20-22-12.098] [PROP LOADED]: [key = printing_animation_line_timeout, value = 100]
[20-22-12.098] [PROP LOADED]: [key = ui_scale, value = 1]
[20-22-12.098] [PROP LOADED]: [key = auto_trigger_similar_commands, value = true]
[20-22-12.098] [PROP LOADED]: [key = auto_trigger_similar_command_tolerance, value = 0.95]
[20-22-12.098] [PROP LOADED]: [key = latency_ip, value = 172.217.4.78]
[20-22-12.098] [PROP LOADED]: [key = latency_port, value = 80]
[20-22-12.098] [PROP LOADED]: [key = latency_name, value = Google]
[20-22-12.099] [PROP LOADED]: [key = props_reloadable, value = false]
[20-22-12.102] [DEBUG]: Jar mode set as: FALSE
[20-22-12.147] [THREAD STARTED]: Object Creation Logger
[20-22-12.912] [DEBUG]: Watchdog skipped
[20-22-12.918] [LOADING MESSAGE]: Registering fonts
[20-22-13.283] [FONT LOADED]: agency-fb
[20-22-13.285] [FONT LOADED]: arial-black
[20-22-13.286] [FONT LOADED]: beyno
[20-22-13.287] [FONT LOADED]: condiment-regular
[20-22-13.288] [FONT LOADED]: prompt-bold
[20-22-13.290] [FONT LOADED]: segoe-ui-black
[20-22-13.293] [FONT LOADED]: tahoma
[20-22-13.294] [LOADING MESSAGE]: Ensuring singular instance
[20-22-13.296] [THREAD STARTED]: Singular Cyder Instance Ensurer
[20-22-13.297] [DEBUG]: Starting instance socket on port 5150
[20-22-13.798] [LOADING MESSAGE]: Ensuring OS is supported
[20-22-13.798] [LOADING MESSAGE]: Creating dynamics
[20-22-13.799] [SYSTEM IO]: Requested deletion of: C:\Users\Nathan\Documents\IntelliJava\Cyder\dynamic\tmp
[20-22-13.810] [LOADING MESSAGE]: Validating users
[20-22-13.899] [USER GET]: key = name, value = Nathan
[20-22-13.900] [USER GET]: key = foreground, value = f0f0f0
[20-22-13.901] [USER GET]: key = Font, value = Agency FB
[20-22-13.901] [USER GET]: key = background, value = 0f0f0f
[20-22-13.911] [USER GET]: key = screenstat, value = ScreenStat{consoleX=372, consoleY=505, consoleWidth=978, consoleHeight=662,
               monitor=0, consoleOnTop=true, consoleDirection=RIGHT}
[20-22-13.921] [USER GET]: key = mappedexecutable, value = []
[20-22-13.921] [USER GET]: key = loggedin, value = 0
[20-22-13.922] [USER GET]: key = hourlychimes, value = 1
[20-22-13.922] [USER GET]: key = outputborder, value = 0
[20-22-13.923] [USER GET]: key = outputfill, value = 0
[20-22-13.923] [USER GET]: key = intromusic, value = 0
[20-22-13.924] [USER GET]: key = silenceerrors, value = 1
[20-22-13.925] [USER GET]: key = fullscreen, value = 0
[20-22-13.926] [USER GET]: key = laststart, value = 1661476859745
[20-22-13.926] [USER GET]: key = minimizeonclose, value = 0
[20-22-13.927] [USER GET]: key = filterchat, value = 1
[20-22-13.928] [USER GET]: key = inputfill, value = 0
[20-22-13.928] [USER GET]: key = pass, value = 1b0a051deaadc2e793bfe185cd81a74b9c56f75bd713f28507d1abd99332a28
[20-22-13.929] [USER GET]: key = fontsize, value = 27
[20-22-13.929] [USER GET]: key = debugwindows, value = 0
[20-22-13.929] [USER GET]: key = inputborder, value = 0
[20-22-13.930] [USER GET]: key = youtubeuuid, value = aaaaaaaaaiI
[20-22-13.930] [USER GET]: key = darkmode, value = 0
[20-22-13.931] [USER GET]: key = compacttextmode, value = 0
[20-22-13.931] [USER GET]: key = doanimations, value = 1
[20-22-13.932] [USER GET]: key = wrapshell, value = 0
[20-22-13.932] [USER GET]: key = randombackground, value = 0
[20-22-13.932] [USER GET]: key = persistentnotifications, value = 0
[20-22-13.934] [USER GET]: key = mappedexecutable, value = []
[20-22-13.934] [USER GET]: key = screenstat, value = ScreenStat{consoleX=372, consoleY=505, consoleWidth=978, consoleHeight=662,
               monitor=0, consoleOnTop=true, consoleDirection=RIGHT}
[20-22-13.941] [USER GET]: key = name, value = Nathan
[20-22-13.942] [LOADING MESSAGE]: Cleaning users
[20-22-13.944] [LOADING MESSAGE]: Validating props
[20-22-14.048] [LOADING MESSAGE]: Validating Widgets
[20-22-14.283] [LOADING MESSAGE]: Validating Tests
[20-22-14.286] [LOADING MESSAGE]: Validating Vanilla annotations
[20-22-14.300] [LOADING MESSAGE]: Validating Handles
[20-22-14.314] [THREAD STARTED]: Splash Loader
[20-22-14.315] [THREAD STARTED]: Sufficient Subroutine Executor
[20-22-14.316] [LOADING MESSAGE]: Logging JVM args
[20-22-14.318] [THREAD STARTED]: JVM Args Logger
[20-22-14.324] [DEBUG]: Set latency ip as 172.217.4.78
[20-22-14.326] [DEBUG]: Set latency port as 80
[20-22-14.327] [DEBUG]: Set latency host name as Google
[20-22-14.331] [LOADING MESSAGE]: Checking for an AutoCypher
[20-22-14.332] [LOGIN]: AutoCypher Attempt
[20-22-14.332] [LOADING MESSAGE]: Auto Cyphering
[20-22-14.334] [USER GET]: key = name, value = Nathan
[20-22-14.335] [USER GET]: key = name, value = Nathan
[20-22-14.386] [USER GET]: key = pass, value = 1b0a051deaadc2e793bfe185cd81a74b9c56f75bd713f28507d1abd99332a28
[20-22-14.571] [USER GET]: key = darkmode, value = 0
[20-22-14.579] [USER GET]: key = darkmode, value = 0
[20-22-14.630] [THREAD STARTED]: Splash Animation
[20-22-14.763] [UNIQUE OBJECT CREATED]: Console singleton constructed
[20-22-14.765] [USER GET]: key = name, value = Nathan
[20-22-14.881] [DEBUG]: Cyder Entry = AutoCypher
[20-22-14.883] [THREAD STARTED]: High Ping Checker
[20-22-14.942] [DEBUG]: Latency of Google found to be 56ms
[20-22-15.159] [OBJECT CREATION]: Objects created since last delta (5000ms): 86
[20-22-15.179] [USER GET]: key = name, value = Nathan
[20-22-15.180] [USER GET]: key = randombackground, value = 0
[20-22-15.181] [USER GET]: key = fullscreen, value = 0
[20-22-15.295] [USER GET]: key = fullscreen, value = 0
[20-22-15.296] [USER GET]: key = fullscreen, value = 0
[20-22-15.296] [USER GET]: key = name, value = Nathan
[20-22-15.360] [USER GET]: key = foreground, value = f0f0f0
[20-22-15.361] [USER GET]: key = foreground, value = f0f0f0
[20-22-15.364] [USER GET]: key = foreground, value = f0f0f0
[20-22-15.365] [USER GET]: key = Font, value = Agency FB
[20-22-15.365] [USER GET]: key = fontsize, value = 27
[20-22-15.382] [USER GET]: key = outputborder, value = 0
[20-22-15.382] [USER GET]: key = outputfill, value = 0
[20-22-15.401] [USER GET]: key = inputborder, value = 0
[20-22-15.403] [USER GET]: key = foreground, value = f0f0f0
[20-22-15.403] [USER GET]: key = foreground, value = f0f0f0
[20-22-15.404] [USER GET]: key = foreground, value = f0f0f0
[20-22-15.405] [USER GET]: key = Font, value = Agency FB
[20-22-15.405] [USER GET]: key = fontsize, value = 27
[20-22-15.406] [USER GET]: key = inputfill, value = 0
[20-22-15.482] [THREAD STARTED]: Hourly Chime Checker
[20-22-15.483] [THREAD STARTED]: Console Clock Updater
[20-22-15.485] [THREAD STARTED]: Cyder Busy Checker
[20-22-15.488] [THREAD STARTED]: [Cyder Splash] dispose() animation thread
[20-22-15.489] [USER GET]: key = fullscreen, value = 0
[20-22-15.490] [USER GET]: key = screenstat, value = ScreenStat{consoleX=372, consoleY=505, consoleWidth=978, consoleHeight=662,
               monitor=0, consoleOnTop=true, consoleDirection=RIGHT}
[20-22-15.496] [UI]: CyderFrame disposed with fastclose=true, getTitle=Cyder Splash
[20-22-15.670] [THREAD STARTED]: Console Printing Animation
[20-22-15.672] [CONSOLE OUT]: [STRING]: Console loaded in 3s 756ms
[20-22-15.701] [USER GET]: key = debugwindows, value = 0
[20-22-15.702] [CONSOLE LOADED]: [Nathan] [TESTING MODE]
[20-22-15.702] [THREAD STARTED]: Manual Tests Thread
[20-22-15.703] [USER GET]: key = laststart, value = 1661476859745
[20-22-15.703] [USER GET]: key = intromusic, value = 0
[20-22-16.983] [THREAD STARTED]: Splash Loading Label Updater
[20-22-20.169] [OBJECT CREATION]: Objects created since last delta (5000ms): 37
[20-22-41.125] [THREAD STARTED]: Liminal Cyder [Nathan] Opacity Decrement Animator
[20-22-41.752] [USER GET]: key = screenstat, value = ScreenStat{consoleX=372, consoleY=505, consoleWidth=978, consoleHeight=662,
               monitor=0, consoleOnTop=true, consoleDirection=RIGHT}
[20-22-41.779] [SYSTEM IO]: [JSON WRITE] [Levenshtein = 16] User was written to file: 7d7ebb00-81fe-329f-8a78-62f463d0b7
               da\Userdata.json
[20-22-41.785] [USER GET]: key = name, value = Nathan
[20-22-41.785] [USER GET]: key = foreground, value = f0f0f0
[20-22-41.785] [USER GET]: key = Font, value = Agency FB
[20-22-41.786] [USER GET]: key = background, value = 0f0f0f
[20-22-41.786] [USER GET]: key = screenstat, value = ScreenStat{consoleX=1491, consoleY=365, consoleWidth=978,
               consoleHeight=662, monitor=0, consoleOnTop=false, consoleDirection=RIGHT}
[20-22-41.786] [USER GET]: key = mappedexecutable, value = []
[20-22-41.787] [USER GET]: key = loggedin, value = 1
[20-22-41.787] [USER GET]: key = hourlychimes, value = 1
[20-22-41.788] [USER GET]: key = outputborder, value = 0
[20-22-41.788] [USER GET]: key = outputfill, value = 0
[20-22-41.788] [USER GET]: key = intromusic, value = 0
[20-22-41.789] [USER GET]: key = silenceerrors, value = 1
[20-22-41.789] [USER GET]: key = fullscreen, value = 0
[20-22-41.789] [USER GET]: key = laststart, value = 1661476935703
[20-22-41.790] [USER GET]: key = minimizeonclose, value = 0
[20-22-41.790] [USER GET]: key = filterchat, value = 1
[20-22-41.790] [USER GET]: key = inputfill, value = 0
[20-22-41.791] [USER GET]: key = pass, value = 1b0a051deaadc2e793bfe185cd81a74b9c56f75bd713f28507d1abd99332a28
[20-22-41.791] [USER GET]: key = fontsize, value = 27
[20-22-41.791] [USER GET]: key = debugwindows, value = 0
[20-22-41.792] [USER GET]: key = inputborder, value = 0
[20-22-41.792] [USER GET]: key = youtubeuuid, value = aaaaaaaaaiI
[20-22-41.792] [USER GET]: key = darkmode, value = 0
[20-22-41.793] [USER GET]: key = compacttextmode, value = 0
[20-22-41.793] [USER GET]: key = doanimations, value = 1
[20-22-41.794] [USER GET]: key = wrapshell, value = 0
[20-22-41.794] [USER GET]: key = randombackground, value = 0
[20-22-41.795] [USER GET]: key = persistentnotifications, value = 0
[20-22-41.795] [USER GET]: key = mappedexecutable, value = []
[20-22-41.796] [USER GET]: key = screenstat, value = ScreenStat{consoleX=1491, consoleY=365, consoleWidth=978,
               consoleHeight=662, monitor=0, consoleOnTop=false, consoleDirection=RIGHT}
[20-22-41.803] [SYSTEM IO]: Requested deletion of: C:\Users\Nathan\Documents\IntelliJava\Cyder\dynamic\backup\7d7ebb00
               -81fe-329f-8a78-62f463d0b7da_1661476871084.json
[20-22-41.804] [THREAD STARTED]: Liminal Cyder [Nathan] Opacity Increment Animator
[20-22-45.211] [OBJECT CREATION]: Objects created since last delta (5000ms): 3
[20-22-45.966] [THREAD STARTED]: Liminal Cyder [Nathan] Opacity Decrement Animator
[20-22-46.146] [USER GET]: key = screenstat, value = ScreenStat{consoleX=1491, consoleY=365, consoleWidth=978,
               consoleHeight=662, monitor=0, consoleOnTop=false, consoleDirection=RIGHT}
[20-22-46.164] [SYSTEM IO]: [JSON WRITE] [Levenshtein = 5] User was written to file: 7d7ebb00-81fe-329f-8a78-62f463d0b7d
               a\Userdata.json
[20-22-46.172] [USER GET]: key = name, value = Nathan
[20-22-46.173] [USER GET]: key = foreground, value = f0f0f0
[20-22-46.173] [USER GET]: key = Font, value = Agency FB
[20-22-46.174] [USER GET]: key = background, value = 0f0f0f
[20-22-46.174] [USER GET]: key = screenstat, value = ScreenStat{consoleX=1225, consoleY=396, consoleWidth=978,
               consoleHeight=662, monitor=0, consoleOnTop=false, consoleDirection=RIGHT}
[20-22-46.174] [USER GET]: key = mappedexecutable, value = []
[20-22-46.175] [USER GET]: key = loggedin, value = 1
[20-22-46.175] [USER GET]: key = hourlychimes, value = 1
[20-22-46.175] [USER GET]: key = outputborder, value = 0
[20-22-46.176] [USER GET]: key = outputfill, value = 0
[20-22-46.176] [USER GET]: key = intromusic, value = 0
[20-22-46.176] [USER GET]: key = silenceerrors, value = 1
[20-22-46.177] [USER GET]: key = fullscreen, value = 0
[20-22-46.177] [USER GET]: key = laststart, value = 1661476935703
[20-22-46.177] [USER GET]: key = minimizeonclose, value = 0
[20-22-46.178] [USER GET]: key = filterchat, value = 1
[20-22-46.178] [USER GET]: key = inputfill, value = 0
[20-22-46.178] [USER GET]: key = pass, value = 1b0a051deaadc2e793bfe185cd81a74b9c56f75bd713f28507d1abd99332a28
[20-22-46.178] [USER GET]: key = fontsize, value = 27
[20-22-46.179] [USER GET]: key = debugwindows, value = 0
[20-22-46.179] [USER GET]: key = inputborder, value = 0
[20-22-46.180] [USER GET]: key = youtubeuuid, value = aaaaaaaaaiI
[20-22-46.181] [USER GET]: key = darkmode, value = 0
[20-22-46.181] [USER GET]: key = compacttextmode, value = 0
[20-22-46.181] [USER GET]: key = doanimations, value = 1
[20-22-46.182] [USER GET]: key = wrapshell, value = 0
[20-22-46.183] [USER GET]: key = randombackground, value = 0
[20-22-46.185] [USER GET]: key = persistentnotifications, value = 0
[20-22-46.186] [USER GET]: key = mappedexecutable, value = []
[20-22-46.187] [USER GET]: key = screenstat, value = ScreenStat{consoleX=1225, consoleY=396, consoleWidth=978,
               consoleHeight=662, monitor=0, consoleOnTop=false, consoleDirection=RIGHT}
[20-22-46.191] [SYSTEM IO]: Requested deletion of: C:\Users\Nathan\Documents\IntelliJava\Cyder\dynamic\backup\7d7ebb00
               -81fe-329f-8a78-62f463d0b7da_1661476961799.json
[20-22-46.192] [THREAD STARTED]: Liminal Cyder [Nathan] Opacity Increment Animator
[20-22-47.318] [USER GET]: key = background, value = 0f0f0f
[20-22-50.216] [OBJECT CREATION]: Objects created since last delta (5000ms): 3
[20-22-50.346] [USER GET]: key = outputborder, value = 0
[20-22-52.933] [USER GET]: key = background, value = 0f0f0f
[20-22-52.934] [USER GET]: key = outputborder, value = 0
[20-23-39.167] [USER GET]: key = minimizeonclose, value = 0
[20-23-39.168] [USER GET]: key = screenstat, value = ScreenStat{consoleX=1225, consoleY=396, consoleWidth=978,
               consoleHeight=662, monitor=0, consoleOnTop=false, consoleDirection=RIGHT}
[20-23-39.173] [USER GET]: key = fullscreen, value = 0
[20-23-39.174] [THREAD STARTED]: [Liminal Cyder [Nathan]] dispose() animation thread
[20-23-39.175] [UI]: CyderFrame disposed with fastclose=false, getTitle=Liminal Cyder [Nathan]
[20-23-39.175] [USER GET]: key = doanimations, value = 1
[20-23-39.397] [EXIT]: [RUNTIME] 1m 27s 380ms
[20-23-39.399] [EOL]: Log completed, exiting Cyder with exit code: 0 [Genesis Controlled Exit], no exceptions thrown,
               total objects created: 129
