          _____                _____                    _____                    _____                    _____
         /\    \              |\    \                  /\    \                  /\    \                  /\    \
        /::\    \             |:\____\                /::\    \                /::\    \                /::\    \
       /::::\    \            |::|   |               /::::\    \              /::::\    \              /::::\    \
      /::::::\    \           |::|   |              /::::::\    \            /::::::\    \            /::::::\    \
     /:::/\:::\    \          |::|   |             /:::/\:::\    \          /:::/\:::\    \          /:::/\:::\    \
    /:::/  \:::\    \         |::|   |            /:::/  \:::\    \        /:::/__\:::\    \        /:::/__\:::\    \
   /:::/    \:::\    \        |::|   |           /:::/    \:::\    \      /::::\   \:::\    \      /::::\   \:::\    \
  /:::/    / \:::\    \       |::|___|______    /:::/    / \:::\    \    /::::::\   \:::\    \    /::::::\   \:::\    \
 /:::/    /   \:::\    \      /::::::::\    \  /:::/    /   \:::\ ___\  /:::/\:::\   \:::\    \  /:::/\:::\   \:::\____\
/:::/____/     \:::\____\    /::::::::::\____\/:::/____/     \:::|    |/:::/__\:::\   \:::\____\/:::/  \:::\   \:::|    |
\:::\    \      \::/    /   /:::/~~~~/~~      \:::\    \     /:::|____|\:::\   \:::\   \::/    /\::/   |::::\  /:::|____|
 \:::\    \      \/____/   /:::/    /          \:::\    \   /:::/    /  \:::\   \:::\   \/____/  \/____|:::::\/:::/    /
  \:::\    \              /:::/    /            \:::\    \ /:::/    /    \:::\   \:::\    \            |:::::::::/    /
   \:::\    \            /:::/    /              \:::\    /:::/    /      \:::\   \:::\____\           |::|\::::/    /
    \:::\    \           \::/    /                \:::\  /:::/    /        \:::\   \::/    /           |::| \::/____/
     \:::\    \           \/____/                  \:::\/:::/    /          \:::\   \/____/            |::|  ~|
      \:::\    \                                    \::::::/    /            \:::\    \                |::|   |
       \:::\____\                                    \::::/    /              \:::\____\               \::|   |
        \::/    /                                     \::/____/                \::/    /                \:|   |
         \/____/                                       ~~                       \/____/                  \|___|


[21-41-59.586] [ENTRY]: Nathan
[21-41-59.514] [DEBUG]: Loaded 131 static resources
[21-41-59.534] [DEBUG]: Loaded 16 static folders
[21-41-59.551] [DEBUG]: Found prop file: props\propkeys.ini
[21-41-59.551] [DEBUG]: Found prop file: props\props.ini
[21-41-59.570] [PROP LOADED]: [key = map_quest_api_key]
[21-41-59.570] [PROP LOADED]: [key = youtube_api_3_key]
[21-41-59.570] [PROP LOADED]: [key = ip_key]
[21-41-59.570] [PROP LOADED]: [key = weather_key]
[21-41-59.570] [PROP LOADED]: [key = debug_hash_name, value = Nathan]
[21-41-59.570] [PROP LOADED]: [key = debug_hash_password, value = 571b100a3b69f7b09828c0b61d325b15e52c512c14fdcf6d248f7c
               a733d0a7f6]
[21-41-59.572] [PROP LOADED]: [key = default_weather_location, value = Austin,Tx,USA]
[21-41-59.572] [PROP LOADED]: [key = ignore_data, value = typinganimation,showseconds,roundedwindows,windowcolor
               ,audiolength,capsmode,typingsound,showbusyicon,clockonconsole,consoleclockformat]
[21-41-59.572] [PROP LOADED]: [key = font_metric, value = 1]
[21-41-59.572] [PROP LOADED]: [key = max_font_size, value = 50]
[21-41-59.572] [PROP LOADED]: [key = min_font_size, value = 25]
[21-41-59.572] [PROP LOADED]: [key = released, value = false]
[21-41-59.573] [PROP LOADED]: [key = version, value = Liminal]
[21-41-59.573] [PROP LOADED]: [key = release_date, value = 22.7.4]
[21-41-59.573] [PROP LOADED]: [key = components_relocatable, value = false]
[21-41-59.573] [PROP LOADED]: [key = testing_mode, value = true]
[21-41-59.573] [PROP LOADED]: [key = autocypher, value = true]
[21-41-59.573] [PROP LOADED]: [key = dispose_splash, value = true]
[21-41-59.573] [PROP LOADED]: [key = wipe_logs_on_start, value = false]
[21-41-59.573] [PROP LOADED]: [key = activate_watchdog, value = false]
[21-41-59.573] [PROP LOADED]: [key = ffmpeg_audio_output_format, value = mp3]
[21-41-59.573] [PROP LOADED]: [key = printing_animation_char_timeout, value = 8]
[21-41-59.574] [PROP LOADED]: [key = printing_animation_line_timeout, value = 100]
[21-41-59.574] [PROP LOADED]: [key = ui_scale, value = 1]
[21-41-59.574] [PROP LOADED]: [key = auto_trigger_similar_commands, value = true]
[21-41-59.574] [PROP LOADED]: [key = auto_trigger_similar_command_tolerance, value = 0.95]
[21-41-59.574] [PROP LOADED]: [key = latency_ip, value = 172.217.4.78]
[21-41-59.574] [PROP LOADED]: [key = latency_port, value = 80]
[21-41-59.574] [PROP LOADED]: [key = latency_name, value = Google]
[21-41-59.574] [PROP LOADED]: [key = props_reloadable, value = false]
[21-41-59.581] [DEBUG]: Jar mode set as: FALSE
[21-41-59.657] [THREAD STARTED]: Object Creation Logger
[21-42-00.813] [DEBUG]: Watchdog skipped
[21-42-00.818] [LOADING MESSAGE]: Registering fonts
[21-42-01.224] [FONT LOADED]: agency-fb
[21-42-01.226] [FONT LOADED]: arial-black
[21-42-01.227] [FONT LOADED]: beyno
[21-42-01.229] [FONT LOADED]: condiment-regular
[21-42-01.231] [FONT LOADED]: prompt-bold
[21-42-01.232] [FONT LOADED]: segoe-ui-black
[21-42-01.235] [FONT LOADED]: tahoma
[21-42-01.235] [LOADING MESSAGE]: Ensuring singular instance
[21-42-01.237] [THREAD STARTED]: Singular Cyder Instance Ensurer
[21-42-01.243] [DEBUG]: Starting instance socket on port 5150
[21-42-01.748] [LOADING MESSAGE]: Ensuring OS is supported
[21-42-01.749] [LOADING MESSAGE]: Creating dynamics
[21-42-01.750] [SYSTEM IO]: Requested deletion of: C:\Users\Nathan\Documents\IntelliJava\Cyder\dynamic\tmp
[21-42-01.760] [LOADING MESSAGE]: Validating users
[21-42-01.857] [USER GET]: key = name, value = Nathan
[21-42-01.858] [USER GET]: key = foreground, value = f0f0f0
[21-42-01.858] [USER GET]: key = Font, value = Agency FB
[21-42-01.859] [USER GET]: key = background, value = 0f0f0f
[21-42-01.860] [USER GET]: key = mappedexecutable, value = []
[21-42-01.886] [USER GET]: key = screenstat, value = ScreenStat{consoleX=1189, consoleY=320, consoleWidth=978,
               consoleHeight=662, monitor=0, consoleOnTop=false, consoleDirection=RIGHT}
[21-42-01.887] [USER GET]: key = loggedin, value = 1
[21-42-01.888] [USER GET]: key = fontsize, value = 27
[21-42-01.888] [USER GET]: key = intromusic, value = 0
[21-42-01.889] [USER GET]: key = debugwindows, value = 0
[21-42-01.889] [USER GET]: key = pass, value = 1b0a051deaadc2e793bfe185cd81a74b9c56f75bd713f28507d1abd99332a28
[21-42-01.889] [USER GET]: key = silenceerrors, value = 1
[21-42-01.890] [USER GET]: key = youtubeuuid, value = aaaaaaaaaiI
[21-42-01.891] [USER GET]: key = wrapshell, value = 0
[21-42-01.891] [USER GET]: key = outputfill, value = 0
[21-42-01.892] [USER GET]: key = hourlychimes, value = 1
[21-42-01.893] [USER GET]: key = inputfill, value = 0
[21-42-01.893] [USER GET]: key = outputborder, value = 0
[21-42-01.894] [USER GET]: key = minimizeonclose, value = 0
[21-42-01.895] [USER GET]: key = doanimations, value = 1
[21-42-01.895] [USER GET]: key = inputborder, value = 0
[21-42-01.896] [USER GET]: key = compacttextmode, value = 0
[21-42-01.896] [USER GET]: key = laststart, value = 1661480761807
[21-42-01.896] [USER GET]: key = darkmode, value = 0
[21-42-01.897] [USER GET]: key = filterchat, value = 1
[21-42-01.897] [USER GET]: key = fullscreen, value = 0
[21-42-01.898] [USER GET]: key = persistentnotifications, value = 0
[21-42-01.898] [USER GET]: key = randombackground, value = 0
[21-42-01.900] [USER GET]: key = mappedexecutable, value = []
[21-42-01.901] [USER GET]: key = screenstat, value = ScreenStat{consoleX=1189, consoleY=320, consoleWidth=978,
               consoleHeight=662, monitor=0, consoleOnTop=false, consoleDirection=RIGHT}
[21-42-01.909] [USER GET]: key = name, value = Nathan
[21-42-01.910] [LOADING MESSAGE]: Cleaning users
[21-42-01.912] [LOADING MESSAGE]: Validating props
[21-42-02.038] [LOADING MESSAGE]: Validating Widgets
[21-42-02.669] [OBJECT CREATION]: Objects created since last delta (5000ms): 46
[21-42-02.718] [LOADING MESSAGE]: Validating Tests
[21-42-02.723] [LOADING MESSAGE]: Validating Vanilla annotations
[21-42-02.729] [LOADING MESSAGE]: Validating Handles
[21-42-02.739] [THREAD STARTED]: Splash Loader
[21-42-02.741] [THREAD STARTED]: Sufficient Subroutine Executor
[21-42-02.742] [LOADING MESSAGE]: Logging JVM args
[21-42-02.743] [THREAD STARTED]: JVM Args Logger
[21-42-02.747] [DEBUG]: Set latency ip as 172.217.4.78
[21-42-02.748] [DEBUG]: Set latency port as 80
[21-42-02.748] [DEBUG]: Set latency host name as Google
[21-42-02.760] [LOADING MESSAGE]: Checking for an AutoCypher
[21-42-02.760] [LOGIN]: AutoCypher Attempt
[21-42-02.761] [LOADING MESSAGE]: Auto Cyphering
[21-42-02.763] [USER GET]: key = name, value = Nathan [2x]
[21-42-02.793] [USER GET]: key = pass, value = 1b0a051deaadc2e793bfe185cd81a74b9c56f75bd713f28507d1abd99332a28
[21-42-02.997] [USER GET]: key = darkmode, value = 0 [2x]
[21-42-03.182] [UNIQUE OBJECT CREATED]: Console singleton constructed
[21-42-03.183] [USER GET]: key = name, value = Nathan
[21-42-03.184] [EXCEPTION]:
               Exception origin: cyder.ui.CyderDragLabel.buildRightButtonList(CyderDragLabel.java:380)
               From line: 380
               Trace: java.lang.NullPointerException: Cannot invoke "cyder.ui.CyderFrame.isAlwaysOnTop()" because the return value of "cyder.console.Console.getConsoleCyderFrame()" is null
               at cyder.ui.CyderDragLabel.buildRightButtonList(CyderDragLabel.java:380)
               at cyder.ui.CyderDragLabel.<init>(CyderDragLabel.java:84)
               at cyder.ui.CyderFrame.<init>(CyderFrame.java:541)
               at cyder.ui.CyderFrame.generateBorderlessFrame(CyderFrame.java:466)
               at cyder.genesis.CyderSplash.lambda$showSplash$4(CyderSplash.java:152)
               at java.base/java.lang.Thread.run(Thread.java:833)
[21-42-03.339] [DEBUG]: Cyder Entry = AutoCypher
[21-42-03.342] [THREAD STARTED]: High Ping Checker
[21-42-03.390] [DEBUG]: Latency of Google found to be 43ms
[21-42-03.586] [USER GET]: key = name, value = Nathan
[21-42-03.587] [USER GET]: key = randombackground, value = 0
[21-42-03.588] [USER GET]: key = fullscreen, value = 0
[21-42-07.685] [OBJECT CREATION]: Objects created since last delta (5000ms): 38
[21-43-43.889] [EOL]: Log completed, Cyder crashed unexpectedly: exit code: -9 External Stop, exceptions thrown: 1
