[12-57-56] [ENTRY]: [Nathan]
[12-57-56] [THREAD STARTED]: Singular Cyder Instance Ensurer
[12-57-56] [THREAD STARTED]: Splash Loader
[12-57-57] [THREAD STARTED]: Splash Animation
[12-57-57] [THREAD STARTED]: Cyder Start Secondary Subroutines
[12-57-57] [LOGIN]: [AUTOCYPHER ATTEMPT]
[12-57-57] [THREAD STARTED]: JVM Logger
[12-57-57] [ACTION]: Requested deletion of: C:\Users\Nathan\Documents\IntelliJava\Cyder\dynamic\tmp
[12-57-57] [ACTION]: [DELETION FAILED] C:\Users\Nathan\Documents\IntelliJava\Cyder\dynamic\tmp
[12-57-57] [SYSTEM_IO]: [JSON Saved] User was written to file: 7d7ebb00-81fe-329f-8a78-62f463d0b7da\Userdata.json
[12-57-57] [ACTION]: Requested deletion of: C:\Users\Nathan\Documents\IntelliJava\Cyder\dynamic\backup\7d7ebb00-81fe-329f-8a78-62f463d0b7da_1647025072969.json
[12-57-57] [LOGIN]: [[AUTOCYPHER PASS]: 7d7ebb00-81fe-329f-8a78-62f463d0b7da]
[12-57-57] [SYSTEM_IO]: [JSON Saved] User was written to file: 7d7ebb00-81fe-329f-8a78-62f463d0b7da\Userdata.json
[12-57-57] [ACTION]: Requested deletion of: C:\Users\Nathan\Documents\IntelliJava\Cyder\dynamic\backup\7d7ebb00-81fe-329f-8a78-62f463d0b7da_1647025077552.json
[12-57-57] [SYSTEM_IO]: Userdata requested: RandomBackground
[12-57-57] [SYSTEM_IO]: Userdata requested: FullScreen
[12-57-57] [SYSTEM_IO]: Userdata requested: fullscreen
[12-57-58] [SYSTEM_IO]: Userdata requested: FullScreen [2x]
[12-57-58] [THREAD STARTED]: Console Printing Animation
[12-57-58] [SYSTEM_IO]: Userdata requested: OutputBorder
[12-57-58] [SYSTEM_IO]: Userdata requested: FullScreen
[12-57-58] [SYSTEM_IO]: Userdata requested: InputBorder
[12-57-58] [THREAD STARTED]: Console Input Caret Position Updater
[12-57-58] [SYSTEM_IO]: Userdata requested: OutputFill
[12-57-58] [SYSTEM_IO]: Userdata requested: InputFill
[12-57-58] [THREAD STARTED]: High Ping Checker
[12-57-58] [THREAD STARTED]: Hourly Chime Checker
[12-57-58] [THREAD STARTED]: Console Clock Updater
[12-57-58] [THREAD STARTED]: Cyder Busy Checker
[12-57-58] [THREAD STARTED]: ConsoleFrame Stat Saver
[12-57-58] [ACTION]: Console loaded in 2416ms
[12-57-58] [THREAD STARTED]: Component name = [cyder.ui.ConsoleFrame], bounds = [(1385, 355, 707, 744)], hash = [865858182], parentFrame = [Object itself is the top level frame], associated text = [No getText() method found], tooltip text = [No getTooltipText() method found], title = [Insomnia Cyder [Nathan]] notification queue checker
[12-57-58] [ACTION]: CyderFrame disposed with fastclose: true, CyderFrame: Component name = [cyder.ui.CyderFrame], bounds = [(980, 396, 600, 600)], hash = [1610778392], parentFrame = [Object itself is the top level frame], associated text = [No getText() method found], tooltip text = [No getTooltipText() method found], title = [Cyder Splash]
[12-57-58] [THREAD STARTED]: Cyder Splash CyderFrame dispose thread
[12-57-58] [SYSTEM_IO]: Userdata requested: DebugWindows
[12-57-58] [ENTRY]: [TESTING MODE]
[12-57-58] [SYSTEM_IO]: Userdata requested: laststart
[12-57-58] [SYSTEM_IO]: [JSON Saved] User was written to file: 7d7ebb00-81fe-329f-8a78-62f463d0b7da\Userdata.json
[12-57-58] [ACTION]: Requested deletion of: C:\Users\Nathan\Documents\IntelliJava\Cyder\dynamic\backup\7d7ebb00-81fe-329f-8a78-62f463d0b7da_1647025077932.json
[12-57-58] [ACTION]: [Insomnia Cyder [Nathan]] [NOTIFICATION] w = 285, h = 29, text = <html>Console loaded in 2416ms</html>
[12-57-58] [THREAD STARTED]: notification appear animation
[12-57-58] [SYSTEM_IO]: Userdata requested: persistentnotifications
[12-57-58] [THREAD STARTED]: Notificaiton Vanish Animator
[12-58-01] [SYSTEM_IO]: [JSON Saved] User was written to file: 7d7ebb00-81fe-329f-8a78-62f463d0b7da\Userdata.json
[12-58-01] [ACTION]: Requested deletion of: C:\Users\Nathan\Documents\IntelliJava\Cyder\dynamic\backup\7d7ebb00-81fe-329f-8a78-62f463d0b7da_1647025078213.json
[12-58-02] [CLIENT]: showseconds
[12-58-02] [SYSTEM_IO]: Userdata requested: filterchat
[12-58-02] [SYSTEM_IO]: [JSON Saved] User was written to file: 7d7ebb00-81fe-329f-8a78-62f463d0b7da\Userdata.json
[12-58-02] [ACTION]: Requested deletion of: C:\Users\Nathan\Documents\IntelliJava\Cyder\dynamic\backup\7d7ebb00-81fe-329f-8a78-62f463d0b7da_1647025081089.json
[12-58-02] [PREFERENCE REFRESH INVOKED]: key = showseconds
[12-58-02] [HANDLE]: CONSOLE PREFERENCE TOGGLE HANDLED
[12-58-02] [HANDLE]: FINAL HANDLE
[12-58-02] [CONSOLE_OUT]: [STRING] Show Seconds set to false
[12-58-05] [EOL]: Log completed, Cyder crashed unexpectedly: exit code: -9 External Stop, exceptions thrown: 0
