[16-36-10] [ENTRY]: [Nathan]
[16-36-10] [THREAD STARTED]: Singular Cyder Instance Ensurer
[16-36-11] [THREAD STARTED]: Splash Loader
[16-36-11] [THREAD STARTED]: Splash Animation
[16-36-11] [THREAD STARTED]: Cyder Start Secondary Subroutines
[16-36-11] [LOGIN]: [AUTOCYPHER ATTEMPT]
[16-36-11] [THREAD STARTED]: JVM Logger
[16-36-11] [ACTION]: Requested deletion of: C:\Users\Nathan\Documents\IntelliJava\Cyder\dynamic\tmp
[16-36-11] [ACTION]: [DELETION FAILED] C:\Users\Nathan\Documents\IntelliJava\Cyder\dynamic\tmp
[16-36-11] [SYSTEM_IO]: [JSON Saved] User was written to file: 7d7ebb00-81fe-329f-8a78-62f463d0b7da\Userdata.json
[16-36-11] [ACTION]: Requested deletion of: C:\Users\Nathan\Documents\IntelliJava\Cyder\dynamic\backup\7d7ebb00-81fe-329f-8a78-62f463d0b7da_1647025124518.json
[16-36-12] [LOGIN]: [[AUTOCYPHER PASS]: 7d7ebb00-81fe-329f-8a78-62f463d0b7da]
[16-36-12] [SYSTEM_IO]: [JSON Saved] User was written to file: 7d7ebb00-81fe-329f-8a78-62f463d0b7da\Userdata.json
[16-36-12] [ACTION]: Requested deletion of: C:\Users\Nathan\Documents\IntelliJava\Cyder\dynamic\backup\7d7ebb00-81fe-329f-8a78-62f463d0b7da_1647038171694.json
[16-36-12] [SYSTEM_IO]: Userdata requested: RandomBackground
[16-36-12] [SYSTEM_IO]: Userdata requested: FullScreen
[16-36-12] [SYSTEM_IO]: Userdata requested: fullscreen
[16-36-12] [SYSTEM_IO]: Userdata requested: FullScreen [2x]
[16-36-12] [THREAD STARTED]: Console Printing Animation
[16-36-12] [SYSTEM_IO]: Userdata requested: OutputBorder
[16-36-12] [SYSTEM_IO]: Userdata requested: FullScreen
[16-36-12] [SYSTEM_IO]: Userdata requested: InputBorder
[16-36-12] [THREAD STARTED]: Console Input Caret Position Updater
[16-36-12] [SYSTEM_IO]: Userdata requested: OutputFill
[16-36-12] [SYSTEM_IO]: Userdata requested: InputFill
[16-36-12] [THREAD STARTED]: High Ping Checker
[16-36-12] [THREAD STARTED]: Hourly Chime Checker
[16-36-12] [THREAD STARTED]: Console Clock Updater
[16-36-12] [THREAD STARTED]: Cyder Busy Checker
[16-36-12] [THREAD STARTED]: ConsoleFrame Stat Saver
[16-36-12] [ACTION]: Console loaded in 2364ms
[16-36-12] [SYSTEM_IO]: Userdata requested: DebugWindows
[16-36-12] [ENTRY]: [TESTING MODE]
[16-36-12] [SYSTEM_IO]: Userdata requested: laststart
[16-36-12] [SYSTEM_IO]: [JSON Saved] User was written to file: 7d7ebb00-81fe-329f-8a78-62f463d0b7da\Userdata.json
[16-36-12] [THREAD STARTED]: Component name = [cyder.ui.ConsoleFrame], bounds = [(1385, 355, 707, 744)], hash = [176955204], parentFrame = [Object itself is the top level frame], associated text = [No getText() method found], tooltip text = [No getTooltipText() method found], title = [Insomnia Cyder [Nathan]] notification queue checker
[16-36-12] [ACTION]: CyderFrame disposed with fastclose: true, CyderFrame: Component name = [cyder.ui.CyderFrame], bounds = [(980, 396, 600, 600)], hash = [1310116302], parentFrame = [Object itself is the top level frame], associated text = [No getText() method found], tooltip text = [No getTooltipText() method found], title = [Cyder Splash]
[16-36-12] [THREAD STARTED]: Cyder Splash CyderFrame dispose thread
[16-36-12] [ACTION]: Requested deletion of: C:\Users\Nathan\Documents\IntelliJava\Cyder\dynamic\backup\7d7ebb00-81fe-329f-8a78-62f463d0b7da_1647038172120.json
[16-36-12] [ACTION]: [Insomnia Cyder [Nathan]] [NOTIFICATION] w = 288, h = 29, text = <html>Console loaded in 2364ms</html>
[16-36-12] [THREAD STARTED]: notification appear animation
[16-36-12] [SYSTEM_IO]: Userdata requested: persistentnotifications
[16-36-12] [THREAD STARTED]: Notificaiton Vanish Animator
[16-36-14] [CLIENT]: note
[16-36-14] [SYSTEM_IO]: Userdata requested: filterchat
[16-36-14] [WIDGET OPENED]: NOTE
[16-36-14] [HANDLE]: PRIMARY HANDLE
[16-36-15] [CONSOLE_OUT]: [STRING] Opening widget: NotesWidget
[16-36-15] [SYSTEM_IO]: [JSON Saved] User was written to file: 7d7ebb00-81fe-329f-8a78-62f463d0b7da\Userdata.json
[16-36-15] [ACTION]: Requested deletion of: C:\Users\Nathan\Documents\IntelliJava\Cyder\dynamic\backup\7d7ebb00-81fe-329f-8a78-62f463d0b7da_1647038172365.json
[16-36-18] [SYSTEM_IO]: [JSON Saved] User was written to file: 7d7ebb00-81fe-329f-8a78-62f463d0b7da\Userdata.json
[16-36-18] [ACTION]: Requested deletion of: C:\Users\Nathan\Documents\IntelliJava\Cyder\dynamic\backup\7d7ebb00-81fe-329f-8a78-62f463d0b7da_1647038175285.json
[16-36-19] [THREAD STARTED]: Component name = [cyder.ui.CyderFrame], bounds = [(1438, 414, 600, 625)], hash = [1545687907], parentFrame = [Object itself is the top level frame], associated text = [No getText() method found], tooltip text = [No getTooltipText() method found], title = [Editing note: My custom note] notification queue checker
[16-36-19] [ACTION]: Component name = [cyder.ui.CyderButton], bounds = [(50, 550, 500, 40)], hash = [1715731210], parentFrame = [Editing note: My custom note], associated text = [Save], tooltip text = [No getTooltipText() method found], title = [No getTitle() method found]
[16-36-19] [ACTION]: [Editing note: My custom note] [NOTIFICATION] w = 281, h = 58, text = <html>My custom note has been<br/>successfully saved</html>
[16-36-19] [THREAD STARTED]: notification appear animation
[16-36-19] [SYSTEM_IO]: Userdata requested: persistentnotifications
[16-36-20] [THREAD STARTED]: Notificaiton Vanish Animator [2x]
[16-36-22] [ACTION]: Component name = [cyder.ui.CyderDragLabel], bounds = [(2, 2, 596, 28)], hash = [-14491413], parentFrame = [Editing note: My custom note], associated text = [No getText() method found], tooltip text = [No getTooltipText() method found], title = [No getTitle() method found]
[16-36-22] [ACTION]: CyderFrame disposed with fastclose: false, CyderFrame: Component name = [cyder.ui.CyderFrame], bounds = [(1438, 414, 600, 625)], hash = [1545687907], parentFrame = [Object itself is the top level frame], associated text = [No getText() method found], tooltip text = [No getTooltipText() method found], title = [Editing note: My custom note]
[16-36-22] [THREAD STARTED]: Editing note: My custom note CyderFrame dispose thread
[16-36-22] [SYSTEM_IO]: Userdata requested: closeanimation
[16-36-22] [SYSTEM_IO]: [JSON Saved] User was written to file: 7d7ebb00-81fe-329f-8a78-62f463d0b7da\Userdata.json
[16-36-22] [ACTION]: Requested deletion of: C:\Users\Nathan\Documents\IntelliJava\Cyder\dynamic\backup\7d7ebb00-81fe-329f-8a78-62f463d0b7da_1647038178948.json
[16-36-25] [ACTION]: Component name = [cyder.ui.CyderDragLabel], bounds = [(2, 2, 596, 28)], hash = [-14491413], parentFrame = [Editing note: My custom note], associated text = [No getText() method found], tooltip text = [No getTooltipText() method found], title = [No getTitle() method found]
[16-36-25] [ACTION]: CyderFrame disposed with fastclose: false, CyderFrame: Component name = [cyder.ui.CyderFrame], bounds = [(1438, 414, 600, 625)], hash = [1560471377], parentFrame = [Object itself is the top level frame], associated text = [No getText() method found], tooltip text = [No getTooltipText() method found], title = [Editing note: My custom note]
[16-36-25] [THREAD STARTED]: Editing note: My custom note CyderFrame dispose thread
[16-36-25] [SYSTEM_IO]: Userdata requested: closeanimation
[16-36-26] [SYSTEM_IO]: [JSON Saved] User was written to file: 7d7ebb00-81fe-329f-8a78-62f463d0b7da\Userdata.json
[16-36-26] [ACTION]: Requested deletion of: C:\Users\Nathan\Documents\IntelliJava\Cyder\dynamic\backup\7d7ebb00-81fe-329f-8a78-62f463d0b7da_1647038182629.json
[16-36-26] [ACTION]: Component name = [cyder.ui.CyderScrollPane], bounds = [(0, 0, 520, 500)], hash = [99909144], parentFrame = [Nathan's notes], associated text = [No getText() method found], tooltip text = [No getTooltipText() method found], title = [No getTitle() method found]
[16-36-28] [THREAD STARTED]: Component name = [cyder.ui.CyderFrame], bounds = [(1438, 414, 600, 625)], hash = [2115991644], parentFrame = [Object itself is the top level frame], associated text = [No getText() method found], tooltip text = [No getTooltipText() method found], title = [Editing note: My custom note] notification queue checker
[16-36-28] [ACTION]: Component name = [cyder.ui.CyderButton], bounds = [(50, 550, 500, 40)], hash = [191910810], parentFrame = [Editing note: My custom note], associated text = [Save], tooltip text = [No getTooltipText() method found], title = [No getTitle() method found]
[16-36-28] [ACTION]: [Editing note: My custom note] [NOTIFICATION] w = 281, h = 58, text = <html>My custom note has been<br/>successfully saved</html>
[16-36-28] [THREAD STARTED]: notification appear animation
[16-36-28] [SYSTEM_IO]: Userdata requested: persistentnotifications
[16-36-29] [THREAD STARTED]: Notificaiton Vanish Animator [2x]
[16-36-30] [SYSTEM_IO]: [JSON Saved] User was written to file: 7d7ebb00-81fe-329f-8a78-62f463d0b7da\Userdata.json
[16-36-30] [ACTION]: Requested deletion of: C:\Users\Nathan\Documents\IntelliJava\Cyder\dynamic\backup\7d7ebb00-81fe-329f-8a78-62f463d0b7da_1647038186380.json
[16-36-30] [ACTION]: Component name = [cyder.ui.CyderDragLabel], bounds = [(2, 2, 596, 28)], hash = [-14491413], parentFrame = [Editing note: My custom note], associated text = [No getText() method found], tooltip text = [No getTooltipText() method found], title = [No getTitle() method found]
[16-36-30] [ACTION]: CyderFrame disposed with fastclose: false, CyderFrame: Component name = [cyder.ui.CyderFrame], bounds = [(1438, 414, 600, 625)], hash = [2115991644], parentFrame = [Object itself is the top level frame], associated text = [No getText() method found], tooltip text = [No getTooltipText() method found], title = [Editing note: My custom note]
[16-36-30] [THREAD STARTED]: Editing note: My custom note CyderFrame dispose thread
[16-36-30] [THREAD STARTED]: cyder.utilities.GetterUtil@6f41f128getConfirmation thread
[16-36-31] [ACTION]: Component name = [cyder.ui.CyderButton], bounds = [(260, 83, 220, 40)], hash = [1891888921], parentFrame = [Confirmation], associated text = [No], tooltip text = [No getTooltipText() method found], title = [No getTitle() method found]
[16-36-31] [ACTION]: CyderFrame disposed with fastclose: false, CyderFrame: Component name = [cyder.ui.CyderFrame], bounds = [(1488, 650, 500, 153)], hash = [419607164], parentFrame = [Object itself is the top level frame], associated text = [No getText() method found], tooltip text = [No getTooltipText() method found], title = [Confirmation]
[16-36-31] [THREAD STARTED]: Confirmation CyderFrame dispose thread
[16-36-31] [SYSTEM_IO]: Userdata requested: closeanimation
[16-36-32] [ACTION]: Component name = [cyder.ui.CyderDragLabel], bounds = [(2, 2, 596, 28)], hash = [-14491413], parentFrame = [Editing note: My custom note], associated text = [No getText() method found], tooltip text = [No getTooltipText() method found], title = [No getTitle() method found]
[16-36-32] [ACTION]: CyderFrame disposed with fastclose: false, CyderFrame: Component name = [cyder.ui.CyderFrame], bounds = [(1438, 414, 600, 625)], hash = [2115991644], parentFrame = [Object itself is the top level frame], associated text = [No getText() method found], tooltip text = [No getTooltipText() method found], title = [Editing note: My custom note]
[16-36-32] [THREAD STARTED]: Editing note: My custom note CyderFrame dispose thread
[16-36-33] [SYSTEM_IO]: [JSON Saved] User was written to file: 7d7ebb00-81fe-329f-8a78-62f463d0b7da\Userdata.json
[16-36-33] [ACTION]: Requested deletion of: C:\Users\Nathan\Documents\IntelliJava\Cyder\dynamic\backup\7d7ebb00-81fe-329f-8a78-62f463d0b7da_1647038190052.json
[16-36-35] [ACTION]: Component name = [cyder.ui.CyderTextField], bounds = [(50, 50, 500, 40)], hash = [785395782], parentFrame = [Editing note: My custom note], associated text = [My custom note], tooltip text = [No getTooltipText() method found], title = [No getTitle() method found]
[16-36-36] [ACTION]: Component name = [cyder.ui.CyderDragLabel], bounds = [(2, 2, 596, 28)], hash = [-14491413], parentFrame = [Editing note: My custom note], associated text = [No getText() method found], tooltip text = [No getTooltipText() method found], title = [No getTitle() method found]
[16-36-36] [ACTION]: CyderFrame disposed with fastclose: false, CyderFrame: Component name = [cyder.ui.CyderFrame], bounds = [(1438, 414, 600, 625)], hash = [2115991644], parentFrame = [Object itself is the top level frame], associated text = [No getText() method found], tooltip text = [No getTooltipText() method found], title = [Editing note: My custom note]
[16-36-36] [THREAD STARTED]: Editing note: My custom note CyderFrame dispose thread
[16-36-36] [ACTION]: Component name = [cyder.ui.CyderDragLabel], bounds = [(2, 2, 596, 28)], hash = [-14491413], parentFrame = [Editing note: My custom note], associated text = [No getText() method found], tooltip text = [No getTooltipText() method found], title = [No getTitle() method found]
[16-36-36] [ACTION]: CyderFrame disposed with fastclose: false, CyderFrame: Component name = [cyder.ui.CyderFrame], bounds = [(1438, 414, 600, 625)], hash = [2115991644], parentFrame = [Object itself is the top level frame], associated text = [No getText() method found], tooltip text = [No getTooltipText() method found], title = [Editing note: My custom note]
[16-36-36] [THREAD STARTED]: Editing note: My custom note CyderFrame dispose thread
[16-36-37] [SYSTEM_IO]: [JSON Saved] User was written to file: 7d7ebb00-81fe-329f-8a78-62f463d0b7da\Userdata.json
[16-36-37] [ACTION]: Requested deletion of: C:\Users\Nathan\Documents\IntelliJava\Cyder\dynamic\backup\7d7ebb00-81fe-329f-8a78-62f463d0b7da_1647038193815.json
[16-36-38] [ACTION]: Component name = [cyder.ui.CyderTextField], bounds = [(50, 50, 500, 40)], hash = [785395782], parentFrame = [Editing note: My custom note], associated text = [My custom note], tooltip text = [No getTooltipText() method found], title = [No getTitle() method found]
[16-36-39] [ACTION]: Component name = [cyder.ui.CyderDragLabel], bounds = [(2, 2, 596, 28)], hash = [-14491413], parentFrame = [Editing note: My custom note], associated text = [No getText() method found], tooltip text = [No getTooltipText() method found], title = [No getTitle() method found]
[16-36-39] [ACTION]: CyderFrame disposed with fastclose: false, CyderFrame: Component name = [cyder.ui.CyderFrame], bounds = [(1438, 410, 600, 625)], hash = [2115991644], parentFrame = [Object itself is the top level frame], associated text = [No getText() method found], tooltip text = [No getTooltipText() method found], title = [Editing note: My custom note]
[16-36-39] [THREAD STARTED]: Editing note: My custom note CyderFrame dispose thread
[16-36-41] [SYSTEM_IO]: Userdata requested: Background
[16-36-41] [SYSTEM_IO]: [JSON Saved] User was written to file: 7d7ebb00-81fe-329f-8a78-62f463d0b7da\Userdata.json
[16-36-41] [ACTION]: Requested deletion of: C:\Users\Nathan\Documents\IntelliJava\Cyder\dynamic\backup\7d7ebb00-81fe-329f-8a78-62f463d0b7da_1647038197575.json
[16-36-45] [SYSTEM_IO]: [JSON Saved] User was written to file: 7d7ebb00-81fe-329f-8a78-62f463d0b7da\Userdata.json
[16-36-45] [ACTION]: Requested deletion of: C:\Users\Nathan\Documents\IntelliJava\Cyder\dynamic\backup\7d7ebb00-81fe-329f-8a78-62f463d0b7da_1647038201327.json
[16-36-48] [SYSTEM_IO]: [JSON Saved] User was written to file: 7d7ebb00-81fe-329f-8a78-62f463d0b7da\Userdata.json
[16-36-48] [ACTION]: Requested deletion of: C:\Users\Nathan\Documents\IntelliJava\Cyder\dynamic\backup\7d7ebb00-81fe-329f-8a78-62f463d0b7da_1647038205082.json
[16-36-52] [SYSTEM_IO]: [JSON Saved] User was written to file: 7d7ebb00-81fe-329f-8a78-62f463d0b7da\Userdata.json
[16-36-52] [ACTION]: Requested deletion of: C:\Users\Nathan\Documents\IntelliJava\Cyder\dynamic\backup\7d7ebb00-81fe-329f-8a78-62f463d0b7da_1647038208851.json
[16-36-53] [THREAD STARTED]: Component name = [cyder.ui.CyderFrame], bounds = [(1431, 435, 600, 625)], hash = [2115991644], parentFrame = [Object itself is the top level frame], associated text = [No getText() method found], tooltip text = [No getTooltipText() method found], title = [Editing note: My custom note] notification queue checker
[16-36-53] [ACTION]: [Editing note: My custom note] [NOTIFICATION] w = 366, h = 29, text = <html>Note has been successfully saved</html>
[16-36-53] [ACTION]: Component name = [cyder.ui.CyderButton], bounds = [(50, 550, 500, 40)], hash = [191910810], parentFrame = [Editing note: My custom note], associated text = [Save], tooltip text = [No getTooltipText() method found], title = [No getTitle() method found]
[16-36-53] [THREAD STARTED]: notification appear animation
[16-36-53] [SYSTEM_IO]: Userdata requested: persistentnotifications
[16-36-54] [THREAD STARTED]: Notificaiton Vanish Animator [2x]
[16-36-55] [ACTION]: Component name = [cyder.ui.CyderDragLabel], bounds = [(2, 2, 596, 28)], hash = [-14491413], parentFrame = [Editing note: My custom note], associated text = [No getText() method found], tooltip text = [No getTooltipText() method found], title = [No getTitle() method found]
[16-36-55] [ACTION]: CyderFrame disposed with fastclose: false, CyderFrame: Component name = [cyder.ui.CyderFrame], bounds = [(1431, 435, 600, 625)], hash = [2115991644], parentFrame = [Object itself is the top level frame], associated text = [No getText() method found], tooltip text = [No getTooltipText() method found], title = [Editing note: My custom note]
[16-36-55] [THREAD STARTED]: Editing note: My custom note CyderFrame dispose thread
[16-36-56] [SYSTEM_IO]: [JSON Saved] User was written to file: 7d7ebb00-81fe-329f-8a78-62f463d0b7da\Userdata.json
[16-36-56] [ACTION]: Requested deletion of: C:\Users\Nathan\Documents\IntelliJava\Cyder\dynamic\backup\7d7ebb00-81fe-329f-8a78-62f463d0b7da_1647038212602.json
[16-36-56] [ACTION]: Component name = [cyder.ui.CyderDragLabel], bounds = [(2, 2, 596, 28)], hash = [-14491413], parentFrame = [Editing note: My custom note], associated text = [No getText() method found], tooltip text = [No getTooltipText() method found], title = [No getTitle() method found]
[16-36-56] [ACTION]: CyderFrame disposed with fastclose: false, CyderFrame: Component name = [cyder.ui.CyderFrame], bounds = [(1431, 435, 600, 625)], hash = [2115991644], parentFrame = [Object itself is the top level frame], associated text = [No getText() method found], tooltip text = [No getTooltipText() method found], title = [Editing note: My custom note]
[16-36-56] [THREAD STARTED]: Editing note: My custom note CyderFrame dispose thread
[16-36-58] [SYSTEM_IO]: Userdata requested: Background
[16-37-00] [SYSTEM_IO]: [JSON Saved] User was written to file: 7d7ebb00-81fe-329f-8a78-62f463d0b7da\Userdata.json
[16-37-00] [ACTION]: Requested deletion of: C:\Users\Nathan\Documents\IntelliJava\Cyder\dynamic\backup\7d7ebb00-81fe-329f-8a78-62f463d0b7da_1647038216293.json
[16-37-01] [CLIENT]: mp3
[16-37-01] [SYSTEM_IO]: Userdata requested: filterchat
[16-37-01] [WIDGET OPENED]: AUDIO PLAYER
[16-37-01] [THREAD STARTED]: Flash Player Audio Thread[Skizzy Mars - Gift and Curse feat. Yung Pinch [Music Video]]
[16-37-01] [HANDLE]: PRIMARY HANDLE
[16-37-01] [CONSOLE_OUT]: [STRING] Opening widget: AudioPlayer
[16-37-01] [THREAD STARTED]: Flash Player scrolling title thread[Skizzy Mars - Gift and Curse feat. Yung Pinch [Music Video]]
[16-37-01] [THREAD STARTED]: Flash Player Progress Thread[Skizzy Mars - Gift and Curse feat. Yung Pinch [Music Video]] [2x]
[16-37-01] [THREAD STARTED]: Flash Player scrolling title thread[Skizzy Mars - Gift and Curse feat. Yung Pinch [Music Video]]
[16-37-01] [ACTION]: [AUDIO PLAYER] Skizzy Mars - Gift and Curse feat. Yung Pinch [Music Video].mp3
[16-37-03] [THREAD STARTED]: wait thread for GetterUtil().getFile()
[16-37-03] [THREAD STARTED]: inner wait thread for audio player file getter
[16-37-03] [THREAD STARTED]: cyder.utilities.GetterUtil@30c5c952 getFile thread
[16-37-03] [SYSTEM_IO]: [JSON Saved] User was written to file: 7d7ebb00-81fe-329f-8a78-62f463d0b7da\Userdata.json
[16-37-03] [ACTION]: Requested deletion of: C:\Users\Nathan\Documents\IntelliJava\Cyder\dynamic\backup\7d7ebb00-81fe-329f-8a78-62f463d0b7da_1647038220050.json
[16-37-06] [ACTION]: Component name = [cyder.ui.CyderDragLabel], bounds = [(2, 2, 626, 28)], hash = [-14462583], parentFrame = [Cyder], associated text = [No getText() method found], tooltip text = [No getTooltipText() method found], title = [No getTitle() method found]
[16-37-06] [ACTION]: CyderFrame disposed with fastclose: false, CyderFrame: Component name = [cyder.ui.CyderFrame], bounds = [(1485, 462, 630, 510)], hash = [1331354800], parentFrame = [Object itself is the top level frame], associated text = [No getText() method found], tooltip text = [No getTooltipText() method found], title = [Cyder]
[16-37-06] [THREAD STARTED]: Cyder CyderFrame dispose thread
[16-37-06] [SYSTEM_IO]: Userdata requested: closeanimation
[16-37-07] [SYSTEM_IO]: [JSON Saved] User was written to file: 7d7ebb00-81fe-329f-8a78-62f463d0b7da\Userdata.json
[16-37-07] [ACTION]: Requested deletion of: C:\Users\Nathan\Documents\IntelliJava\Cyder\dynamic\backup\7d7ebb00-81fe-329f-8a78-62f463d0b7da_1647038223699.json
[16-37-08] [ACTION]: Component name = [cyder.ui.CyderDragLabel], bounds = [(2, 2, 496, 28)], hash = [-14587513], parentFrame = [Skizzy Mars - Gift and Curse feat. Yung Pinch [...], associated text = [No getText() method found], tooltip text = [No getTooltipText() method found], title = [No getTitle() method found]
[16-37-08] [ACTION]: CyderFrame disposed with fastclose: false, CyderFrame: Component name = [cyder.ui.CyderFrame], bounds = [(1550, 477, 500, 480)], hash = [1301960428], parentFrame = [Object itself is the top level frame], associated text = [No getText() method found], tooltip text = [No getTooltipText() method found], title = [Skizzy Mars - Gift and Curse feat. Yung Pinch [...]
[16-37-08] [THREAD STARTED]: Skizzy Mars - Gift and Curse feat. Yung Pinch [... CyderFrame dispose thread
[16-37-08] [SYSTEM_IO]: Userdata requested: closeanimation
[16-37-08] [THREAD STARTED]: Flash Player Progress Thread[Skizzy Mars - Gift and Curse feat. Yung Pinch [Music Video]]
[16-37-08] [THREAD STARTED]: Flash Player scrolling title thread[Skizzy Mars - Gift and Curse feat. Yung Pinch [Music Video]]
[16-37-08] [THREAD STARTED]: Console Audio Menu Minimizer
[16-37-10] [SYSTEM_IO]: [JSON Saved] User was written to file: 7d7ebb00-81fe-329f-8a78-62f463d0b7da\Userdata.json
[16-37-10] [ACTION]: Requested deletion of: C:\Users\Nathan\Documents\IntelliJava\Cyder\dynamic\backup\7d7ebb00-81fe-329f-8a78-62f463d0b7da_1647038227112.json
[16-37-11] [CLIENT]: paint
[16-37-11] [SYSTEM_IO]: Userdata requested: filterchat
[16-37-12] [CONSOLE_OUT]: [STRING] Opening widget: PaintWidget
[16-37-12] [HANDLE]: PRIMARY HANDLE
[16-37-14] [SYSTEM_IO]: [JSON Saved] User was written to file: 7d7ebb00-81fe-329f-8a78-62f463d0b7da\Userdata.json
[16-37-14] [ACTION]: Requested deletion of: C:\Users\Nathan\Documents\IntelliJava\Cyder\dynamic\backup\7d7ebb00-81fe-329f-8a78-62f463d0b7da_1647038230573.json
[16-37-15] [THREAD STARTED]: Paint menu label animator
[16-37-16] [THREAD STARTED]: Paint Grid Exporter
[16-37-16] [THREAD STARTED]: Component name = [cyder.ui.CyderFrame], bounds = [(1401, 302, 800, 830)], hash = [1930846594], parentFrame = [Object itself is the top level frame], associated text = [No getText() method found], tooltip text = [No getTooltipText() method found], title = [Paint] notification queue checker
[16-37-16] [ACTION]: [Paint] [NOTIFICATION] w = 487, h = 29, text = <html>Please place at least one node before saving</html>
[16-37-16] [THREAD STARTED]: notification appear animation
[16-37-16] [SYSTEM_IO]: Userdata requested: persistentnotifications
[16-37-16] [THREAD STARTED]: Notificaiton Vanish Animator
[16-37-17] [SYSTEM_IO]: [JSON Saved] User was written to file: 7d7ebb00-81fe-329f-8a78-62f463d0b7da\Userdata.json
[16-37-17] [ACTION]: Requested deletion of: C:\Users\Nathan\Documents\IntelliJava\Cyder\dynamic\backup\7d7ebb00-81fe-329f-8a78-62f463d0b7da_1647038234241.json
[16-37-18] [THREAD STARTED]: Notificaiton Vanish Animator
[16-37-18] [THREAD STARTED]: Paint Grid Image Layerer
[16-37-18] [THREAD STARTED]: cyder.utilities.GetterUtil@372b5198 getFile thread
[16-37-20] [ACTION]: Component name = [cyder.ui.CyderDragLabel], bounds = [(2, 2, 626, 28)], hash = [-14462583], parentFrame = [Cyder], associated text = [No getText() method found], tooltip text = [No getTooltipText() method found], title = [No getTitle() method found]
[16-37-20] [ACTION]: CyderFrame disposed with fastclose: false, CyderFrame: Component name = [cyder.ui.CyderFrame], bounds = [(1486, 462, 630, 510)], hash = [1473775277], parentFrame = [Object itself is the top level frame], associated text = [No getText() method found], tooltip text = [No getTooltipText() method found], title = [Cyder]
[16-37-20] [THREAD STARTED]: Cyder CyderFrame dispose thread
[16-37-20] [SYSTEM_IO]: Userdata requested: closeanimation
[16-37-21] [THREAD STARTED]: Paint Grid Pixelator
[16-37-21] [THREAD STARTED]: cyder.utilities.GetterUtil@4eaab6bdgetString thread
[16-37-21] [SYSTEM_IO]: [JSON Saved] User was written to file: 7d7ebb00-81fe-329f-8a78-62f463d0b7da\Userdata.json
[16-37-21] [ACTION]: Requested deletion of: C:\Users\Nathan\Documents\IntelliJava\Cyder\dynamic\backup\7d7ebb00-81fe-329f-8a78-62f463d0b7da_1647038237940.json
[16-37-22] [ACTION]: Component name = [cyder.ui.CyderDragLabel], bounds = [(2, 2, 396, 28)], hash = [-14683613], parentFrame = [Enter pixel size], associated text = [No getText() method found], tooltip text = [No getTooltipText() method found], title = [No getTitle() method found]
[16-37-22] [ACTION]: CyderFrame disposed with fastclose: false, CyderFrame: Component name = [cyder.ui.CyderFrame], bounds = [(1601, 632, 400, 170)], hash = [1679453661], parentFrame = [Object itself is the top level frame], associated text = [No getText() method found], tooltip text = [No getTooltipText() method found], title = [Enter pixel size]
[16-37-22] [THREAD STARTED]: Enter pixel size CyderFrame dispose thread
[16-37-22] [ACTION]: CyderFrame disposed with fastclose: false, CyderFrame: Component name = [cyder.ui.CyderFrame], bounds = [(1601, 632, 400, 170)], hash = [1679453661], parentFrame = [Object itself is the top level frame], associated text = [No getText() method found], tooltip text = [No getTooltipText() method found], title = [Enter pixel size]
[16-37-22] [THREAD STARTED]: Enter pixel size CyderFrame dispose thread
[16-37-22] [ACTION]: Component name = [cyder.ui.CyderButton], bounds = [(40, 100, 320, 40)], hash = [1284810021], parentFrame = [Enter pixel size], associated text = [Pixelate grid], tooltip text = [No getTooltipText() method found], title = [No getTitle() method found]
[16-37-22] [SYSTEM_IO]: Userdata requested: closeanimation
[16-37-23] [THREAD STARTED]: Paint Grid Resizer
[16-37-23] [THREAD STARTED]: cyder.utilities.GetterUtil@3b4f1b57getString thread
[16-37-24] [ACTION]: Component name = [cyder.ui.CyderDragLabel], bounds = [(2, 2, 396, 28)], hash = [-14683613], parentFrame = [Enter grid length], associated text = [No getText() method found], tooltip text = [No getTooltipText() method found], title = [No getTitle() method found]
[16-37-24] [ACTION]: CyderFrame disposed with fastclose: false, CyderFrame: Component name = [cyder.ui.CyderFrame], bounds = [(1601, 632, 400, 170)], hash = [98643724], parentFrame = [Object itself is the top level frame], associated text = [No getText() method found], tooltip text = [No getTooltipText() method found], title = [Enter grid length]
[16-37-24] [THREAD STARTED]: Enter grid length CyderFrame dispose thread
[16-37-24] [ACTION]: CyderFrame disposed with fastclose: false, CyderFrame: Component name = [cyder.ui.CyderFrame], bounds = [(1601, 632, 400, 170)], hash = [98643724], parentFrame = [Object itself is the top level frame], associated text = [No getText() method found], tooltip text = [No getTooltipText() method found], title = [Enter grid length]
[16-37-24] [THREAD STARTED]: Enter grid length CyderFrame dispose thread
[16-37-24] [ACTION]: Component name = [cyder.ui.CyderButton], bounds = [(40, 100, 320, 40)], hash = [1555881526], parentFrame = [Enter grid length], associated text = [Resize], tooltip text = [No getTooltipText() method found], title = [No getTitle() method found]
[16-37-24] [SYSTEM_IO]: Userdata requested: closeanimation
[16-37-25] [THREAD STARTED]: Paint Grid Pixelator
[16-37-25] [THREAD STARTED]: cyder.utilities.GetterUtil@12c4b458getString thread
[16-37-25] [SYSTEM_IO]: [JSON Saved] User was written to file: 7d7ebb00-81fe-329f-8a78-62f463d0b7da\Userdata.json
[16-37-25] [ACTION]: Requested deletion of: C:\Users\Nathan\Documents\IntelliJava\Cyder\dynamic\backup\7d7ebb00-81fe-329f-8a78-62f463d0b7da_1647038241670.json
[16-37-27] [ACTION]: Component name = [cyder.ui.CyderDragLabel], bounds = [(2, 2, 396, 28)], hash = [-14683613], parentFrame = [Enter pixel size], associated text = [No getText() method found], tooltip text = [No getTooltipText() method found], title = [No getTitle() method found]
[16-37-27] [ACTION]: CyderFrame disposed with fastclose: false, CyderFrame: Component name = [cyder.ui.CyderFrame], bounds = [(1601, 632, 400, 170)], hash = [2012134096], parentFrame = [Object itself is the top level frame], associated text = [No getText() method found], tooltip text = [No getTooltipText() method found], title = [Enter pixel size]
[16-37-27] [THREAD STARTED]: Enter pixel size CyderFrame dispose thread
[16-37-27] [ACTION]: CyderFrame disposed with fastclose: false, CyderFrame: Component name = [cyder.ui.CyderFrame], bounds = [(1601, 632, 400, 170)], hash = [2012134096], parentFrame = [Object itself is the top level frame], associated text = [No getText() method found], tooltip text = [No getTooltipText() method found], title = [Enter pixel size]
[16-37-27] [THREAD STARTED]: Enter pixel size CyderFrame dispose thread
[16-37-27] [ACTION]: Component name = [cyder.ui.CyderButton], bounds = [(40, 100, 320, 40)], hash = [1821211109], parentFrame = [Enter pixel size], associated text = [Pixelate grid], tooltip text = [No getTooltipText() method found], title = [No getTitle() method found]
[16-37-27] [SYSTEM_IO]: Userdata requested: closeanimation
[16-37-27] [ACTION]: Component name = [cyder.ui.CyderDragLabel], bounds = [(2, 2, 796, 28)], hash = [-14299213], parentFrame = [Paint], associated text = [No getText() method found], tooltip text = [No getTooltipText() method found], title = [No getTitle() method found]
[16-37-27] [ACTION]: CyderFrame disposed with fastclose: false, CyderFrame: Component name = [cyder.ui.CyderFrame], bounds = [(1401, 302, 800, 830)], hash = [1930846594], parentFrame = [Object itself is the top level frame], associated text = [No getText() method found], tooltip text = [No getTooltipText() method found], title = [Paint]
[16-37-27] [THREAD STARTED]: Paint CyderFrame dispose thread
[16-37-27] [SYSTEM_IO]: Userdata requested: closeanimation
[16-37-28] [ACTION]: CyderFrame disposed with fastclose: true, CyderFrame: Component name = [cyder.ui.CyderFrame], bounds = [(1401, 1132, 800, 230)], hash = [529972514], parentFrame = [Object itself is the top level frame], associated text = [No getText() method found], tooltip text = [No getTooltipText() method found], title = [Paint Controls]
[16-37-28] [THREAD STARTED]: Paint Controls CyderFrame dispose thread
[16-37-29] [SYSTEM_IO]: [JSON Saved] User was written to file: 7d7ebb00-81fe-329f-8a78-62f463d0b7da\Userdata.json
[16-37-29] [ACTION]: Requested deletion of: C:\Users\Nathan\Documents\IntelliJava\Cyder\dynamic\backup\7d7ebb00-81fe-329f-8a78-62f463d0b7da_1647038245395.json
[16-37-29] [SYSTEM_IO]: Userdata requested: minimizeonclose
[16-37-29] [ACTION]: CyderFrame disposed with fastclose: false, CyderFrame: Component name = [cyder.ui.ConsoleFrame], bounds = [(1447, 345, 707, 744)], hash = [176955204], parentFrame = [Object itself is the top level frame], associated text = [No getText() method found], tooltip text = [No getTooltipText() method found], title = [Insomnia Cyder [Nathan]]
[16-37-29] [THREAD STARTED]: Insomnia Cyder [Nathan] CyderFrame dispose thread
[16-37-29] [SYSTEM_IO]: Userdata requested: closeanimation
[16-37-29] [EXIT]: [RUNTIME] 1m 19s
[16-37-29] [EOL]: Log completed, exiting Cyder with exit code: 0 [Genesis Controlled Exit], exceptions thrown: 0
