[17-31-30] [ENTRY]: [Nathan]
[17-31-30] [THREAD STARTED]: Singular Cyder Instance Ensurer
[17-31-31] [THREAD STARTED]: Splash Loader
[17-31-31] [THREAD STARTED]: Splash Animation
[17-31-32] [THREAD STARTED]: Cyder Start Secondary Subroutines
[17-31-32] [LOGIN]: [AUTOCYPHER ATTEMPT]
[17-31-32] [THREAD STARTED]: JVM Logger
[17-31-32] [ACTION]: Requested deletion of: C:\Users\Nathan\Documents\IntelliJava\Cyder\dynamic\tmp
[17-31-32] [ACTION]: [DELETION FAILED] C:\Users\Nathan\Documents\IntelliJava\Cyder\dynamic\tmp
[17-31-32] [SYSTEM_IO]: [JSON Saved] User was written to file: 7d7ebb00-81fe-329f-8a78-62f463d0b7da\Userdata.json
[17-31-32] [ACTION]: Requested deletion of: C:\Users\Nathan\Documents\IntelliJava\Cyder\dynamic\backup\7d7ebb00-81fe-329f-8a78-62f463d0b7da_1647041426543.json
[17-31-32] [LOGIN]: [[AUTOCYPHER PASS]: 7d7ebb00-81fe-329f-8a78-62f463d0b7da]
[17-31-32] [SYSTEM_IO]: [JSON Saved] User was written to file: 7d7ebb00-81fe-329f-8a78-62f463d0b7da\Userdata.json
[17-31-32] [ACTION]: Requested deletion of: C:\Users\Nathan\Documents\IntelliJava\Cyder\dynamic\backup\7d7ebb00-81fe-329f-8a78-62f463d0b7da_1647041492044.json
[17-31-32] [SYSTEM_IO]: Userdata requested: RandomBackground
[17-31-32] [SYSTEM_IO]: Userdata requested: FullScreen
[17-31-32] [SYSTEM_IO]: Userdata requested: fullscreen
[17-31-32] [SYSTEM_IO]: Userdata requested: FullScreen [2x]
[17-31-32] [THREAD STARTED]: Console Printing Animation
[17-31-32] [SYSTEM_IO]: Userdata requested: OutputBorder
[17-31-32] [SYSTEM_IO]: Userdata requested: FullScreen
[17-31-32] [SYSTEM_IO]: Userdata requested: InputBorder
[17-31-32] [THREAD STARTED]: Console Input Caret Position Updater
[17-31-32] [SYSTEM_IO]: Userdata requested: OutputFill
[17-31-32] [SYSTEM_IO]: Userdata requested: InputFill
[17-31-32] [THREAD STARTED]: High Ping Checker
[17-31-32] [THREAD STARTED]: Hourly Chime Checker
[17-31-32] [THREAD STARTED]: Console Clock Updater
[17-31-32] [THREAD STARTED]: Cyder Busy Checker
[17-31-32] [THREAD STARTED]: ConsoleFrame Stat Saver
[17-31-32] [ACTION]: Console loaded in 2134ms
[17-31-32] [THREAD STARTED]: Component name = [cyder.ui.ConsoleFrame], bounds = [(536, 346, 707, 744)], hash = [979550238], parentFrame = [Object itself is the top level frame], associated text = [No getText() method found], tooltip text = [No getTooltipText() method found], title = [Insomnia Cyder [Nathan]] notification queue checker
[17-31-32] [THREAD STARTED]: Cyder Splash CyderFrame dispose thread
[17-31-32] [SYSTEM_IO]: Userdata requested: DebugWindows
[17-31-32] [ACTION]: CyderFrame disposed with fastclose: true, CyderFrame: Component name = [cyder.ui.CyderFrame], bounds = [(980, 396, 600, 600)], hash = [1867316463], parentFrame = [Object itself is the top level frame], associated text = [No getText() method found], tooltip text = [No getTooltipText() method found], title = [Cyder Splash]
[17-31-32] [ENTRY]: [TESTING MODE]
[17-31-32] [THREAD STARTED]: test
[17-31-32] [SYSTEM_IO]: Userdata requested: laststart
[17-31-32] [SYSTEM_IO]: [JSON Saved] User was written to file: 7d7ebb00-81fe-329f-8a78-62f463d0b7da\Userdata.json
[17-31-32] [ACTION]: Requested deletion of: C:\Users\Nathan\Documents\IntelliJava\Cyder\dynamic\backup\7d7ebb00-81fe-329f-8a78-62f463d0b7da_1647041492368.json
[17-31-32] Instance of cyder.utilities.GetterUtil created
[17-31-32] [THREAD STARTED]:  getConfirmation() thread, title = [title]
[17-31-32] [ACTION]: [Insomnia Cyder [Nathan]] [NOTIFICATION] w = 285, h = 29, text = <html>Console loaded in 2134ms</html>
[17-31-32] [THREAD STARTED]: notification appear animation
[17-31-32] [SYSTEM_IO]: Userdata requested: persistentnotifications
[17-31-32] [THREAD STARTED]: Notificaiton Vanish Animator
[17-31-35] [SYSTEM_IO]: [JSON Saved] User was written to file: 7d7ebb00-81fe-329f-8a78-62f463d0b7da\Userdata.json
[17-31-35] [ACTION]: Requested deletion of: C:\Users\Nathan\Documents\IntelliJava\Cyder\dynamic\backup\7d7ebb00-81fe-329f-8a78-62f463d0b7da_1647041492620.json
[17-31-39] [SYSTEM_IO]: [JSON Saved] User was written to file: 7d7ebb00-81fe-329f-8a78-62f463d0b7da\Userdata.json
[17-31-39] [ACTION]: Requested deletion of: C:\Users\Nathan\Documents\IntelliJava\Cyder\dynamic\backup\7d7ebb00-81fe-329f-8a78-62f463d0b7da_1647041495506.json
[17-31-42] [SYSTEM_IO]: [JSON Saved] User was written to file: 7d7ebb00-81fe-329f-8a78-62f463d0b7da\Userdata.json
[17-31-42] [ACTION]: Requested deletion of: C:\Users\Nathan\Documents\IntelliJava\Cyder\dynamic\backup\7d7ebb00-81fe-329f-8a78-62f463d0b7da_1647041499215.json
[17-31-45] [THREAD STARTED]: title CyderFrame dispose thread
[17-31-45] [ACTION]: Component name = [cyder.ui.CyderButton], bounds = [(262, 83, 222, 40)], hash = [855621435], parentFrame = [title], associated text = [Nevermind], tooltip text = [No getTooltipText() method found], title = [No getTitle() method found]
[17-31-45] [ACTION]: CyderFrame disposed with fastclose: false, CyderFrame: Component name = [cyder.ui.CyderFrame], bounds = [(637, 641, 504, 153)], hash = [1905652482], parentFrame = [Object itself is the top level frame], associated text = [No getText() method found], tooltip text = [No getTooltipText() method found], title = [title]
[17-31-45] [SYSTEM_IO]: Userdata requested: closeanimation
[17-31-46] [SYSTEM_IO]: [JSON Saved] User was written to file: 7d7ebb00-81fe-329f-8a78-62f463d0b7da\Userdata.json
[17-31-46] [ACTION]: Requested deletion of: C:\Users\Nathan\Documents\IntelliJava\Cyder\dynamic\backup\7d7ebb00-81fe-329f-8a78-62f463d0b7da_1647041502955.json
[17-31-49] [CLIENT]: test
[17-31-49] [SYSTEM_IO]: Userdata requested: filterchat
[17-31-49] [THREAD STARTED]: test
[17-31-49] [HANDLE]: GENERAL COMMAND HANDLED
[17-31-49] Instance of cyder.utilities.GetterUtil created
[17-31-49] [HANDLE]: PRIMARY HANDLE
[17-31-49] [THREAD STARTED]:  getConfirmation() thread, title = [title]
[17-31-50] [SYSTEM_IO]: [JSON Saved] User was written to file: 7d7ebb00-81fe-329f-8a78-62f463d0b7da\Userdata.json
[17-31-50] [ACTION]: Requested deletion of: C:\Users\Nathan\Documents\IntelliJava\Cyder\dynamic\backup\7d7ebb00-81fe-329f-8a78-62f463d0b7da_1647041506723.json
[17-31-50] [THREAD STARTED]: title CyderFrame dispose thread
[17-31-50] [ACTION]: Component name = [cyder.ui.CyderButton], bounds = [(20, 83, 222, 40)], hash = [96813030], parentFrame = [title], associated text = [Aces, lets do it], tooltip text = [No getTooltipText() method found], title = [No getTitle() method found]
[17-31-50] [ACTION]: CyderFrame disposed with fastclose: false, CyderFrame: Component name = [cyder.ui.CyderFrame], bounds = [(637, 641, 504, 153)], hash = [846168432], parentFrame = [Object itself is the top level frame], associated text = [No getText() method found], tooltip text = [No getTooltipText() method found], title = [title]
[17-31-50] [SYSTEM_IO]: Userdata requested: closeanimation
[17-31-54] [SYSTEM_IO]: [JSON Saved] User was written to file: 7d7ebb00-81fe-329f-8a78-62f463d0b7da\Userdata.json
[17-31-54] [ACTION]: Requested deletion of: C:\Users\Nathan\Documents\IntelliJava\Cyder\dynamic\backup\7d7ebb00-81fe-329f-8a78-62f463d0b7da_1647041510479.json
[17-31-57] [SYSTEM_IO]: [JSON Saved] User was written to file: 7d7ebb00-81fe-329f-8a78-62f463d0b7da\Userdata.json
[17-31-57] [ACTION]: Requested deletion of: C:\Users\Nathan\Documents\IntelliJava\Cyder\dynamic\backup\7d7ebb00-81fe-329f-8a78-62f463d0b7da_1647041514201.json
[17-32-01] [SYSTEM_IO]: Userdata requested: minimizeonclose
[17-32-01] [THREAD STARTED]: Insomnia Cyder [Nathan] CyderFrame dispose thread
[17-32-01] [ACTION]: CyderFrame disposed with fastclose: false, CyderFrame: Component name = [cyder.ui.ConsoleFrame], bounds = [(536, 346, 707, 744)], hash = [979550238], parentFrame = [Object itself is the top level frame], associated text = [No getText() method found], tooltip text = [No getTooltipText() method found], title = [Insomnia Cyder [Nathan]]
[17-32-01] [SYSTEM_IO]: Userdata requested: closeanimation
[17-32-01] [EXIT]: [RUNTIME] 31s
[17-32-01] [EOL]: Log completed, exiting Cyder with exit code: 0 [Genesis Controlled Exit], exceptions thrown: 0
