[13-03-02] [ENTRY]: [Nathan]
[13-03-02] [SYSTEM_IO]: System data pared in IOUtil's static block
[13-03-02] [SYSTEM_IO]: Suggestions pared in IOUtil's static block
[13-03-02] [SYSTEM_IO]: Exit conditions pared in IOUtil's static block
[13-03-02] [SYSTEM_IO]: DebugHashes pared in IOUtil's static block
[13-03-03] [LOGIN]: [AUTOCYPHER ATTEMPT]
[13-03-03] [JAVA ARGS]: [LOCATION] [La casa de Nathan]
[13-03-04] [LOGIN]: [[AUTOCYPHER PASS]: e5a50641-21d1-3654-b738-c0e4b2dc61b1]
[13-03-04] [SYSTEM_IO]: Userdata requested: RandomBackground
[13-03-04] [SYSTEM_IO]: Userdata requested: FullScreen [3x]
[13-03-04] [SYSTEM_IO]: Userdata requested: OutputBorder
[13-03-04] [SYSTEM_IO]: Userdata requested: FullScreen
[13-03-04] [SYSTEM_IO]: Userdata requested: InputBorder
[13-03-04] [SYSTEM_IO]: Userdata requested: OutputFill
[13-03-04] [SYSTEM_IO]: Userdata requested: InputFill
[13-03-04] [ACTION]: CyderFrame disposed with fastclose: true, CyderFrame: Component name = [cyder.ui.CyderFrame], bounds = [(980, 396, 600, 600)], hash = [872295276], parentFrame = [Object itself is the top level frame], associated text = [No getText() method found], tooltip text = [No getTooltipText() method found], title = [Cyder Splash]
[13-03-04] [ACTION]: Console loaded in 2620ms
[13-03-04] [SYSTEM_IO]: Userdata requested: DebugWindows
[13-03-04] [ENTRY]: [TESTING MODE]
[13-03-04] [SYSTEM_IO]: Userdata requested: laststart
[13-03-04] [ACTION]: [Stellar Cyder [Nathan]] [NOTIFICATION] Console loaded in 2620ms
[13-03-05] [SYSTEM_IO]: Userdata requested: persistentnotifications
[13-03-15] [CLIENT]: chameleon
[13-03-15] [SYSTEM_IO]: Userdata requested: filterchat
[13-03-15] [HANDLE]: GENERAL COMMAND HANDLED
[13-03-15] [HANDLE]: PRIMARY HANDLE
[13-03-18] [CLIENT]: chameleon
[13-03-18] [SYSTEM_IO]: Userdata requested: filterchat
[13-03-18] [HANDLE]: GENERAL COMMAND HANDLED
[13-03-18] [HANDLE]: PRIMARY HANDLE
[13-03-21] [CLIENT]: chameleon
[13-03-21] [SYSTEM_IO]: Userdata requested: filterchat
[13-03-21] [HANDLE]: GENERAL COMMAND HANDLED
[13-03-21] [HANDLE]: PRIMARY HANDLE
[13-03-24] [CLIENT]: chameleon
[13-03-24] [SYSTEM_IO]: Userdata requested: filterchat
[13-03-24] [HANDLE]: GENERAL COMMAND HANDLED
[13-03-24] [HANDLE]: PRIMARY HANDLE
[13-03-28] [CLIENT]: chameleon
[13-03-28] [SYSTEM_IO]: Userdata requested: filterchat
[13-03-28] [EXIT]: [RUNTIME] 26s
[13-03-28] [EOL]: Log completed, exiting Cyder with exit code: 120 [Final Frame Disposed], exceptions thrown: 0
