[13-06-27] [ENTRY]: [Nathan]
[13-06-27] [SYSTEM_IO]: System data pared in IOUtil's static block
[13-06-27] [SYSTEM_IO]: Suggestions pared in IOUtil's static block
[13-06-27] [SYSTEM_IO]: Exit conditions pared in IOUtil's static block
[13-06-27] [SYSTEM_IO]: DebugHashes pared in IOUtil's static block
[13-06-28] [LOGIN]: [AUTOCYPHER ATTEMPT]
[13-06-28] [JAVA ARGS]: [LOCATION] [La casa de Nathan]
[13-06-29] [LOGIN]: [[AUTOCYPHER PASS]: e5a50641-21d1-3654-b738-c0e4b2dc61b1]
[13-06-29] [SYSTEM_IO]: Userdata requested: RandomBackground
[13-06-29] [SYSTEM_IO]: Userdata requested: FullScreen [3x]
[13-06-29] [SYSTEM_IO]: Userdata requested: OutputBorder
[13-06-29] [SYSTEM_IO]: Userdata requested: FullScreen
[13-06-29] [SYSTEM_IO]: Userdata requested: InputBorder
[13-06-29] [SYSTEM_IO]: Userdata requested: OutputFill
[13-06-29] [SYSTEM_IO]: Userdata requested: InputFill
[13-06-29] [ACTION]: CyderFrame disposed with fastclose: true, CyderFrame: Component name = [cyder.ui.CyderFrame], bounds = [(980, 396, 600, 600)], hash = [661018710], parentFrame = [Object itself is the top level frame], associated text = [No getText() method found], tooltip text = [No getTooltipText() method found], title = [Cyder Splash]
[13-06-29] [ACTION]: Console loaded in 2935ms
[13-06-29] [SYSTEM_IO]: Userdata requested: DebugWindows
[13-06-29] [ENTRY]: [TESTING MODE]
[13-06-29] [SYSTEM_IO]: Userdata requested: laststart
[13-06-30] [ACTION]: [Stellar Cyder [Nathan]] [NOTIFICATION] Console loaded in 2935ms
[13-06-30] [SYSTEM_IO]: Userdata requested: persistentnotifications
[13-06-36] [CLIENT]: chameleon
[13-06-36] [SYSTEM_IO]: Userdata requested: filterchat
[13-06-36] [HANDLE]: GENERAL COMMAND HANDLED
[13-06-36] [HANDLE]: PRIMARY HANDLE
[13-07-01] [ACTION]: Component name = [cyder.ui.DragLabel], bounds = [(2, 2, 5116, 28)], hash = [1944612875], parentFrame = [], associated text = [No getText() method found], tooltip text = [No getTooltipText() method found], title = [No getTitle() method found]
[13-07-01] [ACTION]: CyderFrame disposed with fastclose: false, CyderFrame: Component name = [cyder.ui.CyderFrame], bounds = [(-3149, 189, 5120, 1440)], hash = [559058249], parentFrame = [Object itself is the top level frame], associated text = [No getText() method found], tooltip text = [No getTooltipText() method found], title = [No getTitle() method found]
[13-07-01] [SYSTEM_IO]: Userdata requested: closeanimation
[13-07-26] [SYSTEM_IO]: Userdata requested: Background [3x]
[13-07-27] [SYSTEM_IO]: Userdata requested: minimizeonclose
[13-07-27] [ACTION]: CyderFrame disposed with fastclose: false, CyderFrame: Component name = [cyder.ui.ConsoleFrame], bounds = [(1006, 392, 996, 655)], hash = [2097905212], parentFrame = [Object itself is the top level frame], associated text = [No getText() method found], tooltip text = [No getTooltipText() method found], title = [Stellar Cyder [Nathan]]
[13-07-27] [SYSTEM_IO]: Userdata requested: closeanimation
[13-07-27] [EXIT]: [RUNTIME] 60s
[13-07-27] [EOL]: Log completed, exiting Cyder with exit code: 25 [Genesis Controlled Exit], exceptions thrown: 0
