[17-32-45] [ENTRY]: [Nathan]
[17-32-45] [SYSTEM_IO]: System data pared in IOUtil's static block
[17-32-45] [SYSTEM_IO]: Suggestions pared in IOUtil's static block
[17-32-45] [SYSTEM_IO]: Exit conditions pared in IOUtil's static block
[17-32-45] [SYSTEM_IO]: DebugHashes pared in IOUtil's static block
[17-32-47] [LOGIN]: [AUTOCYPHER ATTEMPT]
[17-32-47] [JAVA ARGS]: [LOCATION] [La casa de Nathan]
[17-32-47] [LOGIN]: [[AUTOCYPHER PASS]: e5a50641-21d1-3654-b738-c0e4b2dc61b1]
[17-32-47] [SYSTEM_IO]: Userdata requested: RandomBackground
[17-32-47] [SYSTEM_IO]: Userdata requested: FullScreen [3x]
[17-32-48] [SYSTEM_IO]: Userdata requested: OutputBorder
[17-32-48] [SYSTEM_IO]: Userdata requested: FullScreen
[17-32-48] [SYSTEM_IO]: Userdata requested: InputBorder
[17-32-48] [SYSTEM_IO]: Userdata requested: OutputFill
[17-32-48] [SYSTEM_IO]: Userdata requested: InputFill
[17-32-48] [ACTION]: CyderFrame disposed with fastclose: true, CyderFrame: Component name = [cyder.ui.CyderFrame], bounds = [(980, 396, 600, 600)], hash = [1250483909], parentFrame = [Object itself is the top level frame], associated text = [No getText() method found], tooltip text = [No getTooltipText() method found], title = [Cyder Splash]
[17-32-48] [ACTION]: Console loaded in 2834ms
[17-32-48] [SYSTEM_IO]: Userdata requested: DebugWindows
[17-32-48] [ENTRY]: [TESTING MODE]
[17-32-48] [SYSTEM_IO]: Userdata requested: laststart
[17-32-48] [ACTION]: [Stellar Cyder [Nathan]] [NOTIFICATION] Console loaded in 2834ms
[17-32-48] [SYSTEM_IO]: Userdata requested: persistentnotifications
[17-33-06] [CLIENT]: chameleon
[17-33-06] [SYSTEM_IO]: Userdata requested: filterchat
[17-33-07] [HANDLE]: GENERAL COMMAND HANDLED
[17-33-07] [HANDLE]: PRIMARY HANDLE
[17-33-10] [CLIENT]: chameleon
[17-33-10] [SYSTEM_IO]: Userdata requested: filterchat
[17-33-10] [HANDLE]: GENERAL COMMAND HANDLED
[17-33-10] [HANDLE]: PRIMARY HANDLE
[17-33-10] [CONSOLE_OUT]: [STRING] Chameleon started with ms delay of: 100
[17-34-04] [EOL]: Log completed, Cyder crashed unexpectedly: exit code: -200 [External Stop], exceptions thrown: 0
