[17-36-27] [ENTRY]: [Nathan]
[17-36-27] [SYSTEM_IO]: System data pared in IOUtil's static block
[17-36-27] [SYSTEM_IO]: Suggestions pared in IOUtil's static block
[17-36-27] [SYSTEM_IO]: Exit conditions pared in IOUtil's static block
[17-36-27] [SYSTEM_IO]: DebugHashes pared in IOUtil's static block
[17-36-29] [LOGIN]: [AUTOCYPHER ATTEMPT]
[17-36-29] [JAVA ARGS]: [LOCATION] [La casa de Nathan]
[17-36-29] [LOGIN]: [[AUTOCYPHER PASS]: e5a50641-21d1-3654-b738-c0e4b2dc61b1]
[17-36-29] [SYSTEM_IO]: Userdata requested: RandomBackground
[17-36-29] [SYSTEM_IO]: Userdata requested: FullScreen [3x]
[17-36-29] [SYSTEM_IO]: Userdata requested: OutputBorder
[17-36-29] [SYSTEM_IO]: Userdata requested: FullScreen
[17-36-29] [SYSTEM_IO]: Userdata requested: InputBorder
[17-36-29] [SYSTEM_IO]: Userdata requested: OutputFill
[17-36-29] [SYSTEM_IO]: Userdata requested: InputFill
[17-36-29] [ACTION]: CyderFrame disposed with fastclose: true, CyderFrame: Component name = [cyder.ui.CyderFrame], bounds = [(980, 396, 600, 600)], hash = [1048850913], parentFrame = [Object itself is the top level frame], associated text = [No getText() method found], tooltip text = [No getTooltipText() method found], title = [Cyder Splash]
[17-36-30] [ACTION]: Console loaded in 2862ms
[17-36-30] [SYSTEM_IO]: Userdata requested: DebugWindows
[17-36-30] [ENTRY]: [TESTING MODE]
[17-36-30] [SYSTEM_IO]: Userdata requested: laststart
[17-36-30] [ACTION]: [Stellar Cyder [Nathan]] [NOTIFICATION] Console loaded in 2862ms
[17-36-30] [SYSTEM_IO]: Userdata requested: persistentnotifications
[17-36-33] [CLIENT]: chameleon
[17-36-33] [SYSTEM_IO]: Userdata requested: filterchat
[17-36-33] [HANDLE]: GENERAL COMMAND HANDLED
[17-36-33] [HANDLE]: PRIMARY HANDLE
[17-36-33] [CONSOLE_OUT]: [STRING] Chameleon started with ms delay of: 100
[17-37-00] [CLIENT]: chameleon
[17-37-00] [SYSTEM_IO]: Userdata requested: filterchat
[17-37-00] [HANDLE]: GENERAL COMMAND HANDLED
[17-37-00] [HANDLE]: PRIMARY HANDLE
[17-37-28] [SYSTEM_IO]: Userdata requested: minimizeonclose
[17-37-28] [ACTION]: CyderFrame disposed with fastclose: false, CyderFrame: Component name = [cyder.ui.ConsoleFrame], bounds = [(284, 294, 996, 655)], hash = [1528195520], parentFrame = [Object itself is the top level frame], associated text = [No getText() method found], tooltip text = [No getTooltipText() method found], title = [Stellar Cyder [Nathan]]
[17-37-28] [SYSTEM_IO]: Userdata requested: closeanimation
[17-37-28] [EXIT]: [RUNTIME] 1m 1s
[17-37-28] [EOL]: Log completed, exiting Cyder with exit code: 25 [Genesis Controlled Exit], exceptions thrown: 0
