[18-30-43] [ENTRY]: [Nathan]
[18-30-43] [SYSTEM_IO]: System data pared in IOUtil's static block
[18-30-43] [SYSTEM_IO]: Suggestions pared in IOUtil's static block
[18-30-43] [SYSTEM_IO]: Exit conditions pared in IOUtil's static block
[18-30-43] [SYSTEM_IO]: DebugHashes pared in IOUtil's static block
[18-30-45] [LOGIN]: [AUTOCYPHER ATTEMPT]
[18-30-45] [JAVA ARGS]: [LOCATION] [La casa de Nathan]
[18-30-45] [LOGIN]: [[AUTOCYPHER PASS]: e5a50641-21d1-3654-b738-c0e4b2dc61b1]
[18-30-45] [SYSTEM_IO]: Userdata requested: RandomBackground
[18-30-45] [SYSTEM_IO]: Userdata requested: FullScreen [3x]
[18-30-45] [SYSTEM_IO]: Userdata requested: OutputBorder
[18-30-45] [SYSTEM_IO]: Userdata requested: FullScreen
[18-30-45] [SYSTEM_IO]: Userdata requested: InputBorder
[18-30-45] [SYSTEM_IO]: Userdata requested: OutputFill
[18-30-45] [SYSTEM_IO]: Userdata requested: InputFill
[18-30-45] [ACTION]: CyderFrame disposed with fastclose: true, CyderFrame: Component name = [cyder.ui.CyderFrame], bounds = [(980, 396, 600, 600)], hash = [1075104328], parentFrame = [Object itself is the top level frame], associated text = [No getText() method found], tooltip text = [No getTooltipText() method found], title = [Cyder Splash]
[18-30-46] [ACTION]: Console loaded in 2902ms
[18-30-46] [SYSTEM_IO]: Userdata requested: DebugWindows
[18-30-46] [ENTRY]: [TESTING MODE]
[18-30-46] [SYSTEM_IO]: Userdata requested: laststart
[18-30-46] [ACTION]: [Stellar Cyder [Nathan]] [NOTIFICATION] Console loaded in 2902ms
[18-30-46] [SYSTEM_IO]: Userdata requested: persistentnotifications
[18-31-23] [EOL]: Log completed, Cyder crashed unexpectedly: exit code: -200 [External Stop], exceptions thrown: 0
