[19-19-01] [ENTRY]: [Nathan]
[19-19-02] [SYSTEM_IO]: System data pared in IOUtil's static block
[19-19-02] [SYSTEM_IO]: Suggestions pared in IOUtil's static block
[19-19-02] [SYSTEM_IO]: Exit conditions pared in IOUtil's static block
[19-19-02] [SYSTEM_IO]: DebugHashes pared in IOUtil's static block
[19-19-03] [LOGIN]: [AUTOCYPHER ATTEMPT]
[19-19-03] [JAVA ARGS]: [LOCATION] [La casa de Nathan]
[19-19-03] [LOGIN]: [[AUTOCYPHER PASS]: e5a50641-21d1-3654-b738-c0e4b2dc61b1]
[19-19-03] [SYSTEM_IO]: Userdata requested: RandomBackground
[19-19-04] [SYSTEM_IO]: Userdata requested: FullScreen [3x]
[19-19-04] [SYSTEM_IO]: Userdata requested: OutputBorder
[19-19-04] [SYSTEM_IO]: Userdata requested: FullScreen
[19-19-04] [SYSTEM_IO]: Userdata requested: InputBorder
[19-19-04] [SYSTEM_IO]: Userdata requested: OutputFill
[19-19-04] [SYSTEM_IO]: Userdata requested: InputFill
[19-19-04] [ACTION]: CyderFrame disposed with fastclose: true, CyderFrame: Component name = [cyder.ui.CyderFrame], bounds = [(980, 396, 600, 600)], hash = [289899981], parentFrame = [Object itself is the top level frame], associated text = [No getText() method found], tooltip text = [No getTooltipText() method found], title = [Cyder Splash]
[19-19-04] [ACTION]: Console loaded in 3058ms
[19-19-04] [SYSTEM_IO]: Userdata requested: DebugWindows
[19-19-04] [ENTRY]: [TESTING MODE]
[19-19-04] [SYSTEM_IO]: Userdata requested: laststart
[19-19-04] [ACTION]: [Stellar Cyder [Nathan]] [NOTIFICATION] Console loaded in 3058ms
[19-19-04] [SYSTEM_IO]: Userdata requested: persistentnotifications
[19-19-06] [CLIENT]: chameleon
[19-19-06] [SYSTEM_IO]: Userdata requested: filterchat
[19-19-06] [HANDLE]: GENERAL COMMAND HANDLED
[19-19-06] [HANDLE]: PRIMARY HANDLE
[19-19-09] [CLIENT]: chameleon
[19-19-09] [SYSTEM_IO]: Userdata requested: filterchat
[19-19-09] [HANDLE]: GENERAL COMMAND HANDLED
[19-19-09] [HANDLE]: PRIMARY HANDLE
[19-19-11] [SYSTEM_IO]: Userdata requested: minimizeonclose
[19-19-11] [ACTION]: CyderFrame disposed with fastclose: false, CyderFrame: Component name = [cyder.ui.ConsoleFrame], bounds = [(777, 372, 996, 655)], hash = [1413623320], parentFrame = [Object itself is the top level frame], associated text = [No getText() method found], tooltip text = [No getTooltipText() method found], title = [Stellar Cyder [Nathan]]
[19-19-11] [SYSTEM_IO]: Userdata requested: closeanimation
[19-19-12] [EXIT]: [RUNTIME] 10s
[19-19-12] [EOL]: Log completed, exiting Cyder with exit code: 25 [Genesis Controlled Exit], exceptions thrown: 0
