[19-14-26] [ENTRY]: [Nathan]
[19-14-26] [SYSTEM_IO]: System data pared in IOUtil's static block
[19-14-26] [SYSTEM_IO]: Suggestions pared in IOUtil's static block
[19-14-26] [SYSTEM_IO]: Exit conditions pared in IOUtil's static block
[19-14-26] [SYSTEM_IO]: DebugHashes pared in IOUtil's static block
[19-14-28] [LOGIN]: [AUTOCYPHER ATTEMPT]
[19-14-28] [JAVA ARGS]: [LOCATION] [La casa de Nathan]
[19-14-28] [LOGIN]: [[AUTOCYPHER PASS]: e5a50641-21d1-3654-b738-c0e4b2dc61b1]
[19-14-28] [SYSTEM_IO]: Userdata requested: RandomBackground
[19-14-28] [SYSTEM_IO]: Userdata requested: FullScreen [3x]
[19-14-28] [SYSTEM_IO]: Userdata requested: OutputBorder
[19-14-28] [SYSTEM_IO]: Userdata requested: FullScreen
[19-14-28] [SYSTEM_IO]: Userdata requested: InputBorder
[19-14-28] [SYSTEM_IO]: Userdata requested: OutputFill
[19-14-28] [SYSTEM_IO]: Userdata requested: InputFill
[19-14-28] [ACTION]: CyderFrame disposed with fastclose: true, CyderFrame: Component name = [cyder.ui.CyderFrame], bounds = [(980, 396, 600, 600)], hash = [856836448], parentFrame = [Object itself is the top level frame], associated text = [No getText() method found], tooltip text = [No getTooltipText() method found], title = [Cyder Splash]
[19-14-29] [ACTION]: Console loaded in 2599ms
[19-14-29] [SYSTEM_IO]: Userdata requested: DebugWindows
[19-14-29] [ENTRY]: [TESTING MODE]
[19-14-29] [SYSTEM_IO]: Userdata requested: laststart
[19-14-29] [ACTION]: [Stellar Cyder [Nathan]] [NOTIFICATION] Console loaded in 2599ms
[19-14-29] [SYSTEM_IO]: Userdata requested: persistentnotifications
[19-14-34] [ACTION]: Component name = [cyder.ui.Notification], bounds = [(341, 29, 315, 67)], hash = [878960621], parentFrame = [Stellar Cyder [Nathan]], associated text = [No getText() method found], tooltip text = [No getTooltipText() method found], title = [No getTitle() method found]
[19-14-35] [SYSTEM_IO]: Userdata requested: minimizeonclose
[19-14-35] [ACTION]: CyderFrame disposed with fastclose: false, CyderFrame: Component name = [cyder.ui.ConsoleFrame], bounds = [(789, 380, 996, 655)], hash = [1855026648], parentFrame = [Object itself is the top level frame], associated text = [No getText() method found], tooltip text = [No getTooltipText() method found], title = [Stellar Cyder [Nathan]]
[19-14-35] [SYSTEM_IO]: Userdata requested: closeanimation
[19-14-35] [EXIT]: [RUNTIME] 9s
[19-14-35] [EOL]: Log completed, exiting Cyder with exit code: 25 [Genesis Controlled Exit], exceptions thrown: 0
