[17-38-13] [ENTRY]: [Nathan]
[17-38-13] [SYSTEM_IO]: System data pared in IOUtil's static block
[17-38-13] [SYSTEM_IO]: Suggestions pared in IOUtil's static block
[17-38-13] [SYSTEM_IO]: Exit conditions pared in IOUtil's static block
[17-38-13] [SYSTEM_IO]: DebugHashes pared in IOUtil's static block
[17-38-14] [LOGIN]: [AUTOCYPHER ATTEMPT]
[17-38-14] [JAVA ARGS]: [LOCATION] [La casa de Nathan]
[17-38-15] [LOGIN]: [[AUTOCYPHER PASS]: e5a50641-21d1-3654-b738-c0e4b2dc61b1]
[17-38-15] [SYSTEM_IO]: Userdata requested: RandomBackground
[17-38-15] [SYSTEM_IO]: Userdata requested: FullScreen [3x]
[17-38-15] [SYSTEM_IO]: Userdata requested: Font
[17-38-15] [SYSTEM_IO]: Userdata requested: OutputBorder
[17-38-15] [SYSTEM_IO]: Userdata requested: FullScreen
[17-38-15] [SYSTEM_IO]: Userdata requested: InputBorder
[17-38-15] [SYSTEM_IO]: Userdata requested: Font
[17-38-15] [SYSTEM_IO]: Userdata requested: OutputFill
[17-38-15] [SYSTEM_IO]: Userdata requested: InputFill
[17-38-15] [ACTION]: CyderFrame disposed with fastclose: true, CyderFrame: Component name = [cyder.ui.CyderFrame], bounds = [(980, 396, 600, 600)], hash = [1599461346], parentFrame = [Object itself is the top level frame], associated text = [No getText() method found], tooltip text = [No getTooltipText() method found], title = [Cyder Splash]
[17-38-15] [ACTION]: Console loaded in 2806ms
[17-38-15] [SYSTEM_IO]: Userdata requested: DebugWindows
[17-38-15] [ENTRY]: [TESTING MODE]
[17-38-15] [SYSTEM_IO]: Userdata requested: laststart
[17-38-16] [ACTION]: [Stellar Cyder [Nathan]] [NOTIFICATION] Console loaded in 2806ms
[17-38-16] [SYSTEM_IO]: Userdata requested: persistentnotifications
[17-38-19] [EOL]: Log completed, Cyder crashed unexpectedly: exit code: -200 [External Stop], exceptions thrown: 0
