[18-14-51] [ENTRY]: [Nathan]
[18-14-51] [SYSTEM_IO]: System data pared in IOUtil's static block
[18-14-51] [SYSTEM_IO]: Suggestions pared in IOUtil's static block
[18-14-51] [SYSTEM_IO]: Exit conditions pared in IOUtil's static block
[18-14-51] [SYSTEM_IO]: DebugHashes pared in IOUtil's static block
[18-14-52] [LOGIN]: [AUTOCYPHER ATTEMPT]
[18-14-52] [JAVA ARGS]: [LOCATION] [La casa de Nathan]
[18-14-53] [LOGIN]: [[AUTOCYPHER PASS]: e5a50641-21d1-3654-b738-c0e4b2dc61b1]
[18-14-53] [SYSTEM_IO]: Userdata requested: RandomBackground
[18-14-53] [SYSTEM_IO]: Userdata requested: FullScreen [3x]
[18-14-53] [SYSTEM_IO]: Userdata requested: Font
[18-14-53] [SYSTEM_IO]: Userdata requested: OutputBorder
[18-14-53] [SYSTEM_IO]: Userdata requested: FullScreen
[18-14-53] [SYSTEM_IO]: Userdata requested: InputBorder
[18-14-53] [SYSTEM_IO]: Userdata requested: Font
[18-14-53] [SYSTEM_IO]: Userdata requested: OutputFill
[18-14-53] [SYSTEM_IO]: Userdata requested: InputFill
[18-14-53] [ACTION]: CyderFrame disposed with fastclose: true, CyderFrame: Component name = [cyder.ui.CyderFrame], bounds = [(980, 396, 600, 600)], hash = [415860975], parentFrame = [Object itself is the top level frame], associated text = [No getText() method found], tooltip text = [No getTooltipText() method found], title = [Cyder Splash]
[18-14-53] [ACTION]: Console loaded in 2870ms
[18-14-53] [SYSTEM_IO]: Userdata requested: DebugWindows
[18-14-53] [ENTRY]: [TESTING MODE]
[18-14-53] [SYSTEM_IO]: Userdata requested: laststart
[18-14-53] [ACTION]: [Stellar Cyder [Nathan]] [NOTIFICATION] Console loaded in 2870ms
[18-14-54] [SYSTEM_IO]: Userdata requested: persistentnotifications
[18-15-04] [CLIENT]: hello
[18-15-04] [SYSTEM_IO]: Userdata requested: filterchat
[18-15-04] [HANDLE]: GENERAL PRINT COMMAND HANDLED
[18-15-04] [HANDLE]: PRIMARY HANDLE
[18-15-05] [CONSOLE_OUT]: [STRING] Good evening, Nathan. How can I help?
[18-15-11] [CLIENT]: what
[18-15-11] [SYSTEM_IO]: Userdata requested: filterchat
[18-15-11] [CONSOLE_OUT]: [STRING] Unknown command
[18-15-11] [ACTION]: Similar command to "what" found with tol of 0.5714286, command = "why"
[18-15-13] [CLIENT]: hi
[18-15-13] [SYSTEM_IO]: Userdata requested: filterchat
[18-15-13] [HANDLE]: GENERAL PRINT COMMAND HANDLED
[18-15-13] [HANDLE]: PRIMARY HANDLE
[18-15-13] [CONSOLE_OUT]: [STRING] Good evening, Nathan. How can I help?
[18-15-24] [SYSTEM_IO]: Userdata requested: minimizeonclose
[18-15-24] [ACTION]: CyderFrame disposed with fastclose: false, CyderFrame: Component name = [cyder.ui.ConsoleFrame], bounds = [(1382, 196, 996, 655)], hash = [605052357], parentFrame = [Object itself is the top level frame], associated text = [No getText() method found], tooltip text = [No getTooltipText() method found], title = [Stellar Cyder [Nathan]]
[18-15-24] [SYSTEM_IO]: Userdata requested: closeanimation
[18-15-25] [EXIT]: [RUNTIME] 34s
[18-15-25] [EOL]: Log completed, exiting Cyder with exit code: 25 [Genesis Controlled Exit], exceptions thrown: 0
