[18-22-26] [ENTRY]: [Nathan]
[18-22-26] [SYSTEM_IO]: System data pared in IOUtil's static block
[18-22-26] [SYSTEM_IO]: Suggestions pared in IOUtil's static block
[18-22-26] [SYSTEM_IO]: Exit conditions pared in IOUtil's static block
[18-22-26] [SYSTEM_IO]: DebugHashes pared in IOUtil's static block
[18-22-28] [LOGIN]: [AUTOCYPHER ATTEMPT]
[18-22-28] [JAVA ARGS]: [LOCATION] [La casa de Nathan]
[18-22-28] [LOGIN]: [[AUTOCYPHER PASS]: e5a50641-21d1-3654-b738-c0e4b2dc61b1]
[18-22-28] [SYSTEM_IO]: Userdata requested: RandomBackground
[18-22-29] [SYSTEM_IO]: Userdata requested: FullScreen [3x]
[18-22-29] [SYSTEM_IO]: Userdata requested: Font
[18-22-29] [SYSTEM_IO]: Userdata requested: OutputBorder
[18-22-29] [SYSTEM_IO]: Userdata requested: FullScreen
[18-22-29] [SYSTEM_IO]: Userdata requested: InputBorder
[18-22-29] [SYSTEM_IO]: Userdata requested: Font
[18-22-29] [SYSTEM_IO]: Userdata requested: OutputFill
[18-22-29] [SYSTEM_IO]: Userdata requested: InputFill
[18-22-29] [ACTION]: CyderFrame disposed with fastclose: true, CyderFrame: Component name = [cyder.ui.CyderFrame], bounds = [(980, 396, 600, 600)], hash = [1263991064], parentFrame = [Object itself is the top level frame], associated text = [No getText() method found], tooltip text = [No getTooltipText() method found], title = [Cyder Splash]
[18-22-29] [ACTION]: Console loaded in 3190ms
[18-22-29] [SYSTEM_IO]: Userdata requested: DebugWindows
[18-22-29] [ENTRY]: [TESTING MODE]
[18-22-29] [SYSTEM_IO]: Userdata requested: laststart
[18-22-29] [ACTION]: [Stellar Cyder [Nathan]] [NOTIFICATION] Console loaded in 3190ms
[18-22-29] [SYSTEM_IO]: Userdata requested: persistentnotifications
[18-22-38] [SYSTEM_IO]: Userdata requested: Background [2x]
[18-22-47] [CLIENT]: what
[18-22-47] [SYSTEM_IO]: Userdata requested: filterchat
[18-22-47] [ACTION]: Similar command to "what" found with tol of 0.5714286, command = "why"
[18-22-47] [CONSOLE_OUT]: [STRING] Unknown command
[18-22-59] [SYSTEM_IO]: Userdata requested: minimizeonclose
[18-23-00] [ACTION]: CyderFrame disposed with fastclose: false, CyderFrame: Component name = [cyder.ui.ConsoleFrame], bounds = [(1162, 284, 996, 655)], hash = [1807015220], parentFrame = [Object itself is the top level frame], associated text = [No getText() method found], tooltip text = [No getTooltipText() method found], title = [Stellar Cyder [Nathan]]
[18-23-00] [SYSTEM_IO]: Userdata requested: closeanimation
[18-23-00] [EXIT]: [RUNTIME] 33s
[18-23-00] [EOL]: Log completed, exiting Cyder with exit code: 25 [Genesis Controlled Exit], exceptions thrown: 0
