[18-29-55] [ENTRY]: [Nathan]
[18-29-55] [SYSTEM_IO]: System data pared in IOUtil's static block
[18-29-55] [SYSTEM_IO]: Suggestions pared in IOUtil's static block
[18-29-55] [SYSTEM_IO]: Exit conditions pared in IOUtil's static block
[18-29-55] [SYSTEM_IO]: DebugHashes pared in IOUtil's static block
[18-29-57] [LOGIN]: [AUTOCYPHER ATTEMPT]
[18-29-57] [JAVA ARGS]: [LOCATION] [La casa de Nathan]
[18-29-57] [LOGIN]: [[AUTOCYPHER PASS]: e5a50641-21d1-3654-b738-c0e4b2dc61b1]
[18-29-57] [SYSTEM_IO]: Userdata requested: RandomBackground
[18-29-58] [SYSTEM_IO]: Userdata requested: FullScreen [3x]
[18-29-58] [SYSTEM_IO]: Userdata requested: Font
[18-29-58] [SYSTEM_IO]: Userdata requested: OutputBorder
[18-29-58] [SYSTEM_IO]: Userdata requested: FullScreen
[18-29-58] [SYSTEM_IO]: Userdata requested: InputBorder
[18-29-58] [SYSTEM_IO]: Userdata requested: Font
[18-29-58] [SYSTEM_IO]: Userdata requested: OutputFill
[18-29-58] [SYSTEM_IO]: Userdata requested: InputFill
[18-29-58] [ACTION]: CyderFrame disposed with fastclose: true, CyderFrame: Component name = [cyder.ui.CyderFrame], bounds = [(980, 396, 600, 600)], hash = [339274033], parentFrame = [Object itself is the top level frame], associated text = [No getText() method found], tooltip text = [No getTooltipText() method found], title = [Cyder Splash]
[18-29-58] [ACTION]: Console loaded in 3066ms
[18-29-58] [SYSTEM_IO]: Userdata requested: DebugWindows
[18-29-58] [ENTRY]: [TESTING MODE]
[18-29-58] [SYSTEM_IO]: Userdata requested: laststart
[18-29-58] [ACTION]: [Stellar Cyder [Nathan]] [NOTIFICATION] Console loaded in 3066ms
[18-29-58] [SYSTEM_IO]: Userdata requested: persistentnotifications
[18-30-23] [EOL]: Log completed, Cyder crashed unexpectedly: exit code: -200 [External Stop], exceptions thrown: 0
