[19-10-23] [ENTRY]: [Nathan]
[19-10-23] [SYSTEM_IO]: System data pared in IOUtil's static block
[19-10-23] [SYSTEM_IO]: Suggestions pared in IOUtil's static block
[19-10-23] [SYSTEM_IO]: Exit conditions pared in IOUtil's static block
[19-10-23] [SYSTEM_IO]: DebugHashes pared in IOUtil's static block
[19-10-26] [LOGIN]: [AUTOCYPHER ATTEMPT]
[19-10-26] [JAVA ARGS]: [LOCATION] [La casa de Nathan]
[19-10-26] [LOGIN]: [[AUTOCYPHER PASS]: e5a50641-21d1-3654-b738-c0e4b2dc61b1]
[19-10-26] [SYSTEM_IO]: Userdata requested: RandomBackground
[19-10-27] [SYSTEM_IO]: Userdata requested: FullScreen [3x]
[19-10-27] [SYSTEM_IO]: Userdata requested: Font
[19-10-27] [SYSTEM_IO]: Userdata requested: FontMetric
[19-10-27] [SYSTEM_IO]: Userdata requested: FontSize
[19-10-27] [SYSTEM_IO]: Userdata requested: OutputBorder
[19-10-27] [SYSTEM_IO]: Userdata requested: FullScreen
[19-10-27] [SYSTEM_IO]: Userdata requested: InputBorder
[19-10-27] [SYSTEM_IO]: Userdata requested: Font
[19-10-27] [SYSTEM_IO]: Userdata requested: FontMetric
[19-10-27] [SYSTEM_IO]: Userdata requested: FontSize
[19-10-27] [SYSTEM_IO]: Userdata requested: OutputFill
[19-10-27] [SYSTEM_IO]: Userdata requested: InputFill
[19-10-27] [ACTION]: CyderFrame disposed with fastclose: true, CyderFrame: Component name = [cyder.ui.CyderFrame], bounds = [(980, 396, 600, 600)], hash = [1580191428], parentFrame = [Object itself is the top level frame], associated text = [No getText() method found], tooltip text = [No getTooltipText() method found], title = [Cyder Splash]
[19-10-27] [ACTION]: Console loaded in 4282ms
[19-10-27] [SYSTEM_IO]: Userdata requested: DebugWindows
[19-10-27] [ENTRY]: [TESTING MODE]
[19-10-27] [SYSTEM_IO]: Userdata requested: laststart
[19-10-27] [ACTION]: [Stellar Cyder [Nathan]] [NOTIFICATION] Console loaded in 4282ms
[19-10-28] [SYSTEM_IO]: Userdata requested: persistentnotifications
[19-10-49] [CLIENT]: hi
[19-10-49] [SYSTEM_IO]: Userdata requested: filterchat
[19-10-49] [HANDLE]: GENERAL PRINT COMMAND HANDLED
[19-10-49] [HANDLE]: PRIMARY HANDLE
[19-10-49] [CONSOLE_OUT]: [STRING] Go ahead...
[19-10-52] [CLIENT]: what
[19-10-52] [SYSTEM_IO]: Userdata requested: filterchat
[19-10-52] [CONSOLE_OUT]: [STRING] Unknown command
[19-10-52] [ACTION]: Similar command to "what" found with tol of 0.5714286, command = "why"
[19-10-53] [CLIENT]: clear
[19-10-53] [SYSTEM_IO]: Userdata requested: filterchat
[19-10-53] [HANDLE]: GENERAL COMMAND HANDLED
[19-10-53] [HANDLE]: PRIMARY HANDLE
[19-10-55] [SYSTEM_IO]: Userdata requested: minimizeonclose
[19-10-55] [ACTION]: CyderFrame disposed with fastclose: false, CyderFrame: Component name = [cyder.ui.ConsoleFrame], bounds = [(953, 222, 655, 996)], hash = [596470015], parentFrame = [Object itself is the top level frame], associated text = [No getText() method found], tooltip text = [No getTooltipText() method found], title = [Stellar Cyder [Nathan]]
[19-10-55] [SYSTEM_IO]: Userdata requested: closeanimation
[19-10-55] [EXIT]: [RUNTIME] 32s
[19-10-55] [EOL]: Log completed, exiting Cyder with exit code: 25 [Genesis Controlled Exit], exceptions thrown: 0
