[20-45-42] [ENTRY]: [Nathan]
[20-45-42] [THREAD STARTED]: Singular Cyder Instance Ensurer
[20-45-43] [THREAD STARTED]: Splash Loader
[20-45-43] [THREAD STARTED]: Splash Animation
[20-45-43] [THREAD STARTED]: Cyder Start Secondary Subroutines
[20-45-43] [LOGIN]: [AUTOCYPHER ATTEMPT]
[20-45-43] [THREAD STARTED]: JVM Logger
[20-45-43] [ACTION]: Requested deletion of: C:\Users\Nathan\Documents\IntelliJava\Cyder\dynamic\tmp
[20-45-43] [ACTION]: [DELETION FAILED] C:\Users\Nathan\Documents\IntelliJava\Cyder\dynamic\tmp
[20-45-43] [LOGIN]: [[AUTOCYPHER PASS]: 7d7ebb00-81fe-329f-8a78-62f463d0b7da]
[20-45-43] [SYSTEM_IO]: Userdata requested: RandomBackground
[20-45-43] [SYSTEM_IO]: Userdata requested: FullScreen
[20-45-43] [SYSTEM_IO]: Userdata requested: fullscreen
[20-45-43] [SYSTEM_IO]: Userdata requested: FullScreen
[20-45-43] [SYSTEM_IO]: Userdata requested: FullScreen
[20-45-43] [THREAD STARTED]: Console Printing Animation
[20-45-43] [SYSTEM_IO]: Userdata requested: OutputBorder
[20-45-43] [SYSTEM_IO]: Userdata requested: FullScreen
[20-45-43] [SYSTEM_IO]: Userdata requested: InputBorder
[20-45-43] [THREAD STARTED]: Console Input Caret Position Updater
[20-45-43] [SYSTEM_IO]: Userdata requested: OutputFill
[20-45-43] [SYSTEM_IO]: Userdata requested: InputFill
[20-45-43] [THREAD STARTED]: High Ping Checker
[20-45-43] [THREAD STARTED]: Hourly Chime Checker
[20-45-43] [THREAD STARTED]: Console Clock Updater
[20-45-43] [THREAD STARTED]: Cyder Busy Checker
[20-45-43] [THREAD STARTED]: ConsoleFrame Stat Saver
[20-45-43] [ACTION]: Console loaded in 1963ms
[20-45-43] [SYSTEM_IO]: Userdata requested: DebugWindows
[20-45-43] [ENTRY]: [TESTING MODE]
[20-45-43] [SYSTEM_IO]: Userdata requested: laststart
[20-45-43] [THREAD STARTED]: Component name = [cyder.ui.ConsoleFrame], bounds = [(-1000, 0, 1000, 1000)], hash = [1463022229], parentFrame = [Object itself is the top level frame], associated text = [No getText() method found], tooltip text = [No getTooltipText() method found], title = [Insomnia Cyder [Nathan]] notification queue checker
[20-45-43] [ACTION]: CyderFrame disposed with fastclose: true, CyderFrame: Component name = [cyder.ui.CyderFrame], bounds = [(980, 396, 600, 600)], hash = [1495409025], parentFrame = [Object itself is the top level frame], associated text = [No getText() method found], tooltip text = [No getTooltipText() method found], title = [Cyder Splash]
[20-45-43] [THREAD STARTED]: Cyder Splash CyderFrame dispose thread
[20-45-44] [ACTION]: [Insomnia Cyder [Nathan]] [NOTIFICATION] w = 285, h = 29, text = <html>Console loaded in 1963ms</html>
[20-45-44] [THREAD STARTED]: notification appear animation
[20-45-44] [SYSTEM_IO]: Userdata requested: persistentnotifications
[20-45-44] [THREAD STARTED]: Notificaiton Vanish Animator
[20-45-53] [SYSTEM_IO]: Userdata requested: minimizeonclose
[20-45-53] [ACTION]: CyderFrame disposed with fastclose: false, CyderFrame: Component name = [cyder.ui.ConsoleFrame], bounds = [(546, 216, 808, 835)], hash = [1463022229], parentFrame = [Object itself is the top level frame], associated text = [No getText() method found], tooltip text = [No getTooltipText() method found], title = [Insomnia Cyder [Nathan]]
[20-45-53] [THREAD STARTED]: Insomnia Cyder [Nathan] CyderFrame dispose thread
[20-45-53] [SYSTEM_IO]: Userdata requested: closeanimation
[20-45-53] [EXIT]: [RUNTIME] 11s
[20-45-53] [EOL]: Log completed, exiting Cyder with exit code: 0 [Genesis Controlled Exit], exceptions thrown: 0
