[16-28-41] [ENTRY]: [Nathan]
[16-28-41] [SYSTEM_IO]: System data pared in IOUtil's static block
[16-28-41] [SYSTEM_IO]: Suggestions pared in IOUtil's static block
[16-28-41] [SYSTEM_IO]: Exit conditions pared in IOUtil's static block
[16-28-41] [SYSTEM_IO]: DebugHashes pared in IOUtil's static block
[16-28-44] [JAVA ARGS]: [LOCATION] [La casa de Nathan]
[16-28-44] [LOGIN]: [AUTOCYPHER ATTEMPT]
[16-28-44] [LOGIN]: [AUTOCYPHER PASS, e5a50641-21d1-3654-b738-c0e4b2dc61b1]
[16-28-44] [SYSTEM_IO]: Userdata requested: Name
[16-28-44] [SYSTEM_IO]: Userdata requested: RandomBackground
[16-28-44] [SYSTEM_IO]: Userdata requested: FullScreen
[16-28-45] [SYSTEM_IO]: Userdata requested: Name
[16-28-45] [SYSTEM_IO]: Userdata requested: Foreground
[16-28-45] [SYSTEM_IO]: Userdata requested: Foreground
[16-28-45] [SYSTEM_IO]: Userdata requested: FullScreen
[16-28-45] [SYSTEM_IO]: Userdata requested: FullScreen
[16-28-45] [SYSTEM_IO]: Userdata requested: Foreground
[16-28-45] [SYSTEM_IO]: Userdata requested: Font
[16-28-45] [SYSTEM_IO]: Userdata requested: OutputBorder
[16-28-45] [SYSTEM_IO]: Userdata requested: FullScreen
[16-28-45] [SYSTEM_IO]: Userdata requested: InputBorder
[16-28-45] [SYSTEM_IO]: Userdata requested: Foreground
[16-28-45] [SYSTEM_IO]: Userdata requested: Foreground
[16-28-45] [SYSTEM_IO]: Userdata requested: Foreground
[16-28-45] [SYSTEM_IO]: Userdata requested: Font
[16-28-45] [SYSTEM_IO]: Userdata requested: OutputFill
[16-28-45] [SYSTEM_IO]: Userdata requested: InputFill
[16-28-45] [ACTION]: CyderFrame disposed with fastclose: true, CyderFrame: Component name = [cyder.ui.CyderFrame], bounds = [(831, 437, 600, 600)], hash = [837428155], parentFrame = [Object itself is the top level frame], associated text = [No getText() method found], tooltip text = [No getTooltipText() method found], title = [Cyder Splash]
[16-28-45] [ACTION]: Console loaded in 4392ms
[16-28-45] [SYSTEM_IO]: Userdata requested: DebugWindows
[16-28-45] [ENTRY]: [TESTING MODE]
[16-28-45] [SYSTEM_IO]: Userdata requested: laststart
[16-28-45] [SYSTEM_IO]: Userdata requested: IntroMusic
[16-28-45] [ACTION]: [Stellar Cyder [Nathan]] [NOTIFICATION] Console loaded in 4392ms
[16-28-46] [SYSTEM_IO]: Userdata requested: persistentnotifications
[16-28-49] [CLIENT]: convex
[16-28-49] [SYSTEM_IO]: Userdata requested: filterchat
[16-28-49] [WIDGET OPENED]: CONVEX HULL
[16-28-49] [HANDLE]: PRIMARY HANDLE
[16-28-49] [CONSOLE_OUT]: [STRING] Opening widget: cyder.widgets.ConvexHullWidget
[16-30-09] [EOL]: Log completed, Cyder was force closed by an external entity: exit code: -200 [External Stop], exceptions thrown: 0