[23-24-13] [ENTRY]: [Nathan]
[23-24-13] [SYSTEM_IO]: System data pared in IOUtil's static block
[23-24-13] [SYSTEM_IO]: Suggestions pared in IOUtil's static block
[23-24-13] [SYSTEM_IO]: Exit conditions pared in IOUtil's static block
[23-24-13] [SYSTEM_IO]: DebugHashes pared in IOUtil's static block
[23-24-15] [LOGIN]: [AUTOCYPHER ATTEMPT]
[23-24-15] [JAVA ARGS]: [LOCATION] [La casa de Nathan]
[23-24-15] [LOGIN]: [AUTOCYPHER PASS, e5a50641-21d1-3654-b738-c0e4b2dc61b1]
[23-24-15] [SYSTEM_IO]: Userdata requested: Name
[23-24-15] [SYSTEM_IO]: Userdata requested: RandomBackground
[23-24-15] [SYSTEM_IO]: Userdata requested: FullScreen
[23-24-16] [SYSTEM_IO]: Userdata requested: Name
[23-24-16] [SYSTEM_IO]: Userdata requested: Foreground
[23-24-16] [SYSTEM_IO]: Userdata requested: Foreground
[23-24-16] [SYSTEM_IO]: Userdata requested: FullScreen
[23-24-16] [SYSTEM_IO]: Userdata requested: FullScreen
[23-24-16] [SYSTEM_IO]: Userdata requested: Foreground
[23-24-16] [SYSTEM_IO]: Userdata requested: Font
[23-24-16] [SYSTEM_IO]: Userdata requested: OutputBorder
[23-24-16] [SYSTEM_IO]: Userdata requested: FullScreen
[23-24-16] [SYSTEM_IO]: Userdata requested: InputBorder
[23-24-16] [SYSTEM_IO]: Userdata requested: Foreground
[23-24-16] [SYSTEM_IO]: Userdata requested: Foreground
[23-24-16] [SYSTEM_IO]: Userdata requested: Foreground
[23-24-16] [SYSTEM_IO]: Userdata requested: Font
[23-24-16] [SYSTEM_IO]: Userdata requested: OutputFill
[23-24-16] [SYSTEM_IO]: Userdata requested: InputFill
[23-24-16] [ACTION]: CyderFrame disposed with fastclose: true, CyderFrame: Component name = [cyder.ui.CyderFrame], bounds = [(980, 396, 600, 600)], hash = [171106977], parentFrame = [Object itself is the top level frame], associated text = [No getText() method found], tooltip text = [No getTooltipText() method found], title = [Cyder Splash]
[23-24-16] [ACTION]: Console loaded in 2974ms
[23-24-16] [SYSTEM_IO]: Userdata requested: DebugWindows
[23-24-16] [ENTRY]: [TESTING MODE]
[23-24-16] [SYSTEM_IO]: Userdata requested: laststart
[23-24-16] [SYSTEM_IO]: Userdata requested: IntroMusic
[23-24-16] [ACTION]: [Stellar Cyder [Nathan]] [NOTIFICATION] Console loaded in 2974ms
[23-24-16] [SYSTEM_IO]: Userdata requested: persistentnotifications
[23-24-20] [CLIENT]: mp3
[23-24-20] [SYSTEM_IO]: Userdata requested: filterchat
[23-24-20] [WIDGET OPENED]: AUDIO PLAYER
[23-24-20] [HANDLE]: PRIMARY HANDLE
[23-24-20] [CONSOLE_OUT]: [STRING] Opening widget: cyder.handlers.external.AudioPlayer
[23-24-25] [ACTION]: Component name = [cyder.ui.CyderTextField], bounds = [(60, 40, 500, 40)], hash = [508030185], parentFrame = [Nathan], associated text = [c:\users\Nathan], tooltip text = [No getTooltipText() method found], title = [No getTitle() method found]
[23-24-29] [ACTION]: CyderFrame disposed with fastclose: false, CyderFrame: Component name = [cyder.ui.CyderFrame], bounds = [(638, 349, 630, 510)], hash = [1164396425], parentFrame = [Object itself is the top level frame], associated text = [No getText() method found], tooltip text = [No getTooltipText() method found], title = [music]
[23-24-29] [SYSTEM_IO]: Userdata requested: closeanimation
[23-24-29] [ACTION]: [AUDIO PLAYER] Timeflies - Glad You Came.mp3
[23-24-30] [ACTION]: [AUDIO PLAYER] Timeflies Tuesday - Paranoid.mp3
[23-24-31] [ACTION]: [AUDIO PLAYER] twenty one pilots vs. Khalid - Young Dumb Ride (Mashup).mp3
[23-24-31] [ACTION]: [AUDIO PLAYER] YNW Melly - Freestyle (Classic) (Shot By DrewFilmedit).mp3
[23-24-32] [ACTION]: [AUDIO PLAYER] Abstract - Neverland.mp3
[23-24-32] [ACTION]: [AUDIO PLAYER] Ariana Grande vs. Post Malone ft. Ozzy Osbourne, Travis Scott - Take 7 Rings From Me (Mashup).mp3
[23-24-32] [ACTION]: [AUDIO PLAYER] BadApple.mp3
[23-24-32] [EXCEPTION]: 
Exception origin: java.base/jdk.internal.util.Preconditions.outOfBounds(Preconditions.java:64)
From line: 64
Trace: java.lang.IndexOutOfBoundsException: Index 3 out-of-bounds for length 0
	at java.base/jdk.internal.util.Preconditions.outOfBounds(Preconditions.java:64)
	at java.base/jdk.internal.util.Preconditions.outOfBoundsCheckIndex(Preconditions.java:70)
	at java.base/jdk.internal.util.Preconditions.checkIndex(Preconditions.java:248)
	at java.base/java.util.Objects.checkIndex(Objects.java:372)
	at java.base/java.util.ArrayList.get(ArrayList.java:440)
	at cyder.handlers.external.AudioPlayer.lambda$startAudio$10(AudioPlayer.java:897)
	at java.base/java.lang.Thread.run(Thread.java:844)
[23-24-32] [SYSTEM_IO]: Userdata requested: SilenceErrors
[23-24-32] [DEBUG]: 
Exception origin: java.base/jdk.internal.util.Preconditions.outOfBounds(Preconditions.java:64)
From line: 64
Trace: java.lang.IndexOutOfBoundsException: Index 3 out-of-bounds for length 0
	at java.base/jdk.internal.util.Preconditions.outOfBounds(Preconditions.java:64)
	at java.base/jdk.internal.util.Preconditions.outOfBoundsCheckIndex(Preconditions.java:70)
	at java.base/jdk.internal.util.Preconditions.checkIndex(Preconditions.java:248)
	at java.base/java.util.Objects.checkIndex(Objects.java:372)
	at java.base/java.util.ArrayList.get(ArrayList.java:440)
	at cyder.handlers.external.AudioPlayer.lambda$startAudio$10(AudioPlayer.java:897)
	at java.base/java.lang.Thread.run(Thread.java:844)
[23-24-32] [ACTION]: [AUDIO PLAYER] Calvin Harris ft. Dua Lipa - This Is What New Rules Are For (Mashup).mp3
[23-24-32] [ACTION]: [AUDIO PLAYER] Camila Cabello - Havana ( cover by Donald Trump ).mp3
[23-26-17] [EOL]: Log completed, Cyder was force closed by an external entity: exit code: -200 [External Stop], exceptions thrown: 1