          _____                _____                    _____                    _____                    _____
         /\    \              |\    \                  /\    \                  /\    \                  /\    \
        /::\    \             |:\____\                /::\    \                /::\    \                /::\    \
       /::::\    \            |::|   |               /::::\    \              /::::\    \              /::::\    \
      /::::::\    \           |::|   |              /::::::\    \            /::::::\    \            /::::::\    \
     /:::/\:::\    \          |::|   |             /:::/\:::\    \          /:::/\:::\    \          /:::/\:::\    \
    /:::/  \:::\    \         |::|   |            /:::/  \:::\    \        /:::/__\:::\    \        /:::/__\:::\    \
   /:::/    \:::\    \        |::|   |           /:::/    \:::\    \      /::::\   \:::\    \      /::::\   \:::\    \
  /:::/    / \:::\    \       |::|___|______    /:::/    / \:::\    \    /::::::\   \:::\    \    /::::::\   \:::\    \
 /:::/    /   \:::\    \      /::::::::\    \  /:::/    /   \:::\ ___\  /:::/\:::\   \:::\    \  /:::/\:::\   \:::\____\
/:::/____/     \:::\____\    /::::::::::\____\/:::/____/     \:::|    |/:::/__\:::\   \:::\____\/:::/  \:::\   \:::|    |
\:::\    \      \::/    /   /:::/~~~~/~~      \:::\    \     /:::|____|\:::\   \:::\   \::/    /\::/   |::::\  /:::|____|
 \:::\    \      \/____/   /:::/    /          \:::\    \   /:::/    /  \:::\   \:::\   \/____/  \/____|:::::\/:::/    /
  \:::\    \              /:::/    /            \:::\    \ /:::/    /    \:::\   \:::\    \            |:::::::::/    /
   \:::\    \            /:::/    /              \:::\    /:::/    /      \:::\   \:::\____\           |::|\::::/    /
    \:::\    \           \::/    /                \:::\  /:::/    /        \:::\   \::/    /           |::| \::/____/
     \:::\    \           \/____/                  \:::\/:::/    /          \:::\   \/____/            |::|  ~|
      \:::\    \                                    \::::::/    /            \:::\    \                |::|   |
       \:::\____\                                    \::::/    /              \:::\____\               \::|   |
        \::/    /                                     \::/____/                \::/    /                \:|   |
         \/____/                                       ~~                       \/____/                  \|___|


[21-36-45.593] [ENTRY]: Nathan
[21-36-45.454] [DEBUG]: Found prop file: props\propkeys.ini
[21-36-45.469] [DEBUG]: Found prop file: props\props.ini
[21-36-45.487] [PROP LOADED]: [key = map_quest_api_key]
[21-36-45.487] [PROP LOADED]: [key = youtube_api_3_key]
[21-36-45.487] [PROP LOADED]: [key = ip_key]
[21-36-45.488] [PROP LOADED]: [key = weather_key]
[21-36-45.488] [PROP LOADED]: [key = debug_hash_name, value = Nathan]
[21-36-45.488] [PROP LOADED]: [key = debug_hash_password, value = 571b100a3b69f7b09828c0b61d325b15e52c512c14fdcf6d248f7c
               a733d0a7f6]
[21-36-45.495] [PROP LOADED]: [key = default_weather_location, value = Austin,Tx,USA]
[21-36-45.495] [PROP LOADED]: [key = ignore_data, value = typinganimation,showseconds,roundedwindows,windowcolor,audiole
               ngth,capsmode,typingsound,showbusyicon]
[21-36-45.495] [PROP LOADED]: [key = font_metric, value = 1]
[21-36-45.495] [PROP LOADED]: [key = max_font_size, value = 50]
[21-36-45.495] [PROP LOADED]: [key = min_font_size, value = 25]
[21-36-45.496] [PROP LOADED]: [key = released, value = false]
[21-36-45.496] [PROP LOADED]: [key = version, value = Liminal]
[21-36-45.496] [PROP LOADED]: [key = release_date, value = 22.7.4]
[21-36-45.496] [PROP LOADED]: [key = components_relocatable, value = false]
[21-36-45.496] [PROP LOADED]: [key = testing_mode, value = true]
[21-36-45.496] [PROP LOADED]: [key = autocypher, value = true]
[21-36-45.498] [PROP LOADED]: [key = dispose_splash, value = true]
[21-36-45.498] [PROP LOADED]: [key = wipe_logs_on_start, value = true]
[21-36-45.498] [PROP LOADED]: [key = activate_watchdog, value = false]
[21-36-45.498] [PROP LOADED]: [key = ffmpeg_audio_output_format, value = mp3]
[21-36-45.498] [PROP LOADED]: [key = printing_animation_char_timeout, value = 8]
[21-36-45.498] [PROP LOADED]: [key = printing_animation_line_timeout, value = 100]
[21-36-45.498] [PROP LOADED]: [key = ui_scale, value = 1]
[21-36-45.498] [PROP LOADED]: [key = auto_trigger_similar_commands, value = true]
[21-36-45.498] [PROP LOADED]: [key = auto_trigger_similar_command_tolerance, value = 0.95]
[21-36-45.515] [DEBUG]: Jar mode set as: FALSE
[21-36-45.572] [DEBUG]: Loaded 131 static resources
[21-36-45.585] [DEBUG]: Loaded 16 static folders
[21-36-45.652] [THREAD STARTED]: Object Creation Logger
[21-36-45.809] [DEBUG]: Watchdog skipped
[21-36-45.823] [LOADING MESSAGE]: Registering fonts
[21-36-46.226] [FONT LOADED]: agency-fb
[21-36-46.228] [FONT LOADED]: arial-black
[21-36-46.230] [FONT LOADED]: beyno
[21-36-46.231] [FONT LOADED]: condiment-regular
[21-36-46.233] [FONT LOADED]: prompt-bold
[21-36-46.234] [FONT LOADED]: segoe-ui-black
[21-36-46.236] [FONT LOADED]: tahoma
[21-36-46.237] [LOADING MESSAGE]: Ensuring singular instance
[21-36-46.238] [THREAD STARTED]: Singular Cyder Instance Ensurer
[21-36-46.240] [DEBUG]: Starting instance socket on port 5150
[21-36-46.748] [LOADING MESSAGE]: Ensuring OS is supported
[21-36-46.749] [LOADING MESSAGE]: Creating dynamics
[21-36-46.750] [SYSTEM IO]: Requested deletion of: C:\Users\Nathan\Documents\IntelliJava\Cyder\dynamic\tmp
[21-36-46.773] [LOADING MESSAGE]: Validating users
[21-36-46.952] [LOADING MESSAGE]: Cleaning users
[21-36-46.955] [LOADING MESSAGE]: Validating props
[21-36-47.122] [LOADING MESSAGE]: Validating Widgets
[21-36-47.543] [LOADING MESSAGE]: Validating Tests
[21-36-47.546] [LOADING MESSAGE]: Validating Vanilla annotations
[21-36-47.559] [LOADING MESSAGE]: Validating Handles
[21-36-47.570] [THREAD STARTED]: Splash Loader
[21-36-47.571] [THREAD STARTED]: Sufficient Subroutine Executor
[21-36-47.573] [LOADING MESSAGE]: Logging JVM args
[21-36-47.574] [THREAD STARTED]: JVM Args Logger
[21-36-47.587] [LOADING MESSAGE]: Checking for an AutoCypher
[21-36-47.588] [LOGIN]: AutoCypher Attempt
[21-36-47.589] [LOADING MESSAGE]: Auto Cyphering
[21-36-47.842] [THREAD STARTED]: Splash Animation
[21-36-47.844] [THREAD STARTED]: Enter animation, frame=Cyder Splash
[21-36-48.046] [UNIQUE OBJECT CREATED]: Console singleton constructed
[21-36-48.378] [DEBUG]: Cyder Entry = AutoCypher
[21-36-48.657] [OBJECT CREATION]: Objects created since last delta (5000ms): 88
[21-36-49.022] [THREAD STARTED]: Console Printing Animation
[21-36-49.071] [THREAD STARTED]: High Ping Checker
[21-36-49.114] [THREAD STARTED]: Hourly Chime Checker
[21-36-49.116] [THREAD STARTED]: Console Clock Updater
[21-36-49.118] [THREAD STARTED]: Cyder Busy Checker
[21-36-49.122] [THREAD STARTED]: [Cyder Splash] dispose() animation thread
[21-36-49.123] [THREAD STARTED]: [Cyder Splash] dispose() animation thread
[21-36-49.128] [UI]: CyderFrame disposed with fastclose=true, getTitle=Cyder Splash
[21-36-49.128] [DEBUG]: Latency of Google found to be 56ms
[21-36-49.392] [CONSOLE LOADED]: [Nathan] [TESTING MODE]
[21-36-49.394] [THREAD STARTED]: Manual Tests Thread
[21-36-49.440] [CONSOLE OUT]: [STRING]: Console loaded in 3979ms
[21-36-49.790] [DEBUG]: Attempted to log a new or empty line
[21-36-50.296] [THREAD STARTED]: Splash Loading Label Updater
[21-36-50.612] [CLIENT]: mp3
[21-36-50.670] [CONSOLE OUT]: [STRING]: Opening widget: AudioPlayer
[21-36-51.023] [THREAD STARTED]: Vexento - Pixel Party Progress Label Thread
[21-36-51.029] [THREAD STARTED]: Audio Progress Label Animator
[21-36-51.032] [DEBUG]: Attempted to log a new or empty line
[21-36-51.300] [THREAD STARTED]: Enter animation, frame=Vexento - pixel party
[21-36-51.354] [THREAD STARTED]: CyderFrame alwaysOnTop restorer: frame = Vexento - pixel party
[21-36-51.587] [WIDGET]: AudioPlayer, trigger = mp3
[21-36-53.361] [UI]: Component = CyderDragLabel, hash = -1325696892, bounds = (2, 2, 596, 28), parent frame = Vexento -
               pixel party
[21-36-53.363] [THREAD STARTED]: [Vexento - pixel party] dispose() animation thread
[21-36-53.369] [UI]: CyderFrame disposed with fastclose=false, getTitle=Vexento - pixel party
[21-36-53.612] [THREAD STARTED]: [Vexento - pixel party] dispose() animation thread
[21-36-53.659] [OBJECT CREATION]: Objects created since last delta (5000ms): 55
[21-36-56.591] [CLIENT]: notification test
[21-36-56.634] [THREAD STARTED]: Enter animation, frame=Notification Test
[21-36-56.658] [THREAD STARTED]: CyderFrame alwaysOnTop restorer: frame = Notification Test
[21-36-56.659] [CONSOLE OUT]: [STRING]: Invoking manual test notificationTest
[21-36-57.118] [DEBUG]: Attempted to log a new or empty line
[21-36-58.673] [OBJECT CREATION]: Objects created since last delta (5000ms): 37
[21-36-58.833] [THREAD STARTED]: Notification Test Frame Notification Queue
[21-36-58.833] [UI]: Component = CyderButton, hash = 515892385, bounds = (23, 74, 150, 40), parent frame = Notification
               Test, getText() = Top Left
[21-36-58.844] [UI]: [Notification Test] [NOTIFICATION] "<html>asdfasdf</html>"
[21-36-58.847] [THREAD STARTED]: Notification Appear Animator
[21-36-59.026] [THREAD STARTED]: Notification Vanish Animator
[21-36-59.383] [UI]: Component = CyderButton, hash = 1771066871, bounds = (219, 74, 150, 40), parent frame = Notificatio
               n Test, getText() = Top
[21-36-59.892] [THREAD STARTED]: Notification Vanish Animator
[21-37-00.063] [UI]: [Notification Test] [NOTIFICATION] "<html>asdfasdf</html>"
[21-37-00.064] [THREAD STARTED]: Notification Appear Animator
[21-37-00.153] [THREAD STARTED]: Notification Vanish Animator
[21-37-00.468] [THREAD STARTED]: Notification Vanish Animator
[21-37-01.416] [UI]: Component = CyderDragLabel, hash = 1432679705, bounds = (2, 2, 596, 28), parent frame = Notificatio
               n Test, getText() = Top
[21-37-01.417] [THREAD STARTED]: [Notification Test] dispose() animation thread
[21-37-01.418] [UI]: CyderFrame disposed with fastclose=false, getTitle=Notification Test
[21-37-02.175] [THREAD STARTED]: [Liminal Cyder [Nathan]] dispose() animation thread
[21-37-02.176] [UI]: CyderFrame disposed with fastclose=false, getTitle=Liminal Cyder [Nathan]
[21-37-02.433] [EXIT]: [RUNTIME] 16s 981ms
[21-37-02.436] [EOL]: Log completed, exiting Cyder with exit code: 0 [Genesis Controlled Exit], no exceptions thrown,
               total objects created: 180
