          _____                _____                    _____                    _____                    _____
         /\    \              |\    \                  /\    \                  /\    \                  /\    \
        /::\    \             |:\____\                /::\    \                /::\    \                /::\    \
       /::::\    \            |::|   |               /::::\    \              /::::\    \              /::::\    \
      /::::::\    \           |::|   |              /::::::\    \            /::::::\    \            /::::::\    \
     /:::/\:::\    \          |::|   |             /:::/\:::\    \          /:::/\:::\    \          /:::/\:::\    \
    /:::/  \:::\    \         |::|   |            /:::/  \:::\    \        /:::/__\:::\    \        /:::/__\:::\    \
   /:::/    \:::\    \        |::|   |           /:::/    \:::\    \      /::::\   \:::\    \      /::::\   \:::\    \
  /:::/    / \:::\    \       |::|___|______    /:::/    / \:::\    \    /::::::\   \:::\    \    /::::::\   \:::\    \
 /:::/    /   \:::\    \      /::::::::\    \  /:::/    /   \:::\ ___\  /:::/\:::\   \:::\    \  /:::/\:::\   \:::\____\
/:::/____/     \:::\____\    /::::::::::\____\/:::/____/     \:::|    |/:::/__\:::\   \:::\____\/:::/  \:::\   \:::|    |
\:::\    \      \::/    /   /:::/~~~~/~~      \:::\    \     /:::|____|\:::\   \:::\   \::/    /\::/   |::::\  /:::|____|
 \:::\    \      \/____/   /:::/    /          \:::\    \   /:::/    /  \:::\   \:::\   \/____/  \/____|:::::\/:::/    /
  \:::\    \              /:::/    /            \:::\    \ /:::/    /    \:::\   \:::\    \            |:::::::::/    /
   \:::\    \            /:::/    /              \:::\    /:::/    /      \:::\   \:::\____\           |::|\::::/    /
    \:::\    \           \::/    /                \:::\  /:::/    /        \:::\   \::/    /           |::| \::/____/
     \:::\    \           \/____/                  \:::\/:::/    /          \:::\   \/____/            |::|  ~|
      \:::\    \                                    \::::::/    /            \:::\    \                |::|   |
       \:::\____\                                    \::::/    /              \:::\____\               \::|   |
        \::/    /                                     \::/____/                \::/    /                \:|   |
         \/____/                                       ~~                       \/____/                  \|___|


[22-30-26.426] [ENTRY]: Nathan
[22-30-26.354] [DEBUG]: Found prop file: props\propkeys.ini
[22-30-26.371] [DEBUG]: Found prop file: props\props.ini
[22-30-26.389] [PROP LOADED]: [key = map_quest_api_key]
[22-30-26.389] [PROP LOADED]: [key = youtube_api_3_key]
[22-30-26.390] [PROP LOADED]: [key = ip_key]
[22-30-26.390] [PROP LOADED]: [key = weather_key]
[22-30-26.390] [PROP LOADED]: [key = debug_hash_name, value = Nathan]
[22-30-26.390] [PROP LOADED]: [key = debug_hash_password, value = 571b100a3b69f7b09828c0b61d325b15e52c512c14fdcf6d248f7c
               a733d0a7f6]
[22-30-26.392] [PROP LOADED]: [key = default_weather_location, value = Austin,Tx,USA]
[22-30-26.392] [PROP LOADED]: [key = ignore_data, value = typinganimation,showseconds,roundedwindows,windowcolor,audiole
               ngth,capsmode,typingsound,showbusyicon]
[22-30-26.393] [PROP LOADED]: [key = font_metric, value = 1]
[22-30-26.393] [PROP LOADED]: [key = max_font_size, value = 50]
[22-30-26.393] [PROP LOADED]: [key = min_font_size, value = 25]
[22-30-26.393] [PROP LOADED]: [key = released, value = false]
[22-30-26.393] [PROP LOADED]: [key = version, value = Liminal]
[22-30-26.393] [PROP LOADED]: [key = release_date, value = 22.7.4]
[22-30-26.393] [PROP LOADED]: [key = components_relocatable, value = false]
[22-30-26.394] [PROP LOADED]: [key = testing_mode, value = true]
[22-30-26.394] [PROP LOADED]: [key = autocypher, value = true]
[22-30-26.394] [PROP LOADED]: [key = dispose_splash, value = true]
[22-30-26.394] [PROP LOADED]: [key = wipe_logs_on_start, value = true]
[22-30-26.394] [PROP LOADED]: [key = activate_watchdog, value = false]
[22-30-26.394] [PROP LOADED]: [key = ffmpeg_audio_output_format, value = mp3]
[22-30-26.395] [PROP LOADED]: [key = printing_animation_char_timeout, value = 8]
[22-30-26.395] [PROP LOADED]: [key = printing_animation_line_timeout, value = 100]
[22-30-26.395] [PROP LOADED]: [key = ui_scale, value = 1]
[22-30-26.395] [PROP LOADED]: [key = auto_trigger_similar_commands, value = true]
[22-30-26.395] [PROP LOADED]: [key = auto_trigger_similar_command_tolerance, value = 0.95]
[22-30-26.416] [DEBUG]: Jar mode set as: FALSE
[22-30-26.501] [THREAD STARTED]: Object Creation Logger
[22-30-26.745] [DEBUG]: Watchdog skipped
[22-30-26.755] [LOADING MESSAGE]: Registering fonts
[22-30-27.157] [FONT LOADED]: agency-fb
[22-30-27.159] [FONT LOADED]: arial-black
[22-30-27.160] [FONT LOADED]: beyno
[22-30-27.161] [FONT LOADED]: condiment-regular
[22-30-27.163] [FONT LOADED]: prompt-bold
[22-30-27.164] [FONT LOADED]: segoe-ui-black
[22-30-27.165] [FONT LOADED]: tahoma
[22-30-27.166] [LOADING MESSAGE]: Ensuring singular instance
[22-30-27.168] [THREAD STARTED]: Singular Cyder Instance Ensurer
[22-30-27.169] [DEBUG]: Starting instance socket on port 5150
[22-30-27.680] [LOADING MESSAGE]: Ensuring OS is supported
[22-30-27.681] [LOADING MESSAGE]: Creating dynamics
[22-30-27.683] [SYSTEM IO]: Requested deletion of: C:\Users\Nathan\Documents\IntelliJava\Cyder\dynamic\tmp
[22-30-27.705] [LOADING MESSAGE]: Validating users
[22-30-27.852] [LOADING MESSAGE]: Cleaning users
[22-30-27.855] [LOADING MESSAGE]: Validating props
[22-30-28.023] [LOADING MESSAGE]: Validating Widgets
[22-30-28.559] [LOADING MESSAGE]: Validating Tests
[22-30-28.563] [LOADING MESSAGE]: Validating Vanilla annotations
[22-30-28.574] [LOADING MESSAGE]: Validating Handles
[22-30-28.587] [THREAD STARTED]: Splash Loader
[22-30-28.588] [THREAD STARTED]: Sufficient Subroutine Executor
[22-30-28.589] [LOADING MESSAGE]: Logging JVM args
[22-30-28.591] [THREAD STARTED]: JVM Args Logger
[22-30-28.603] [LOADING MESSAGE]: Checking for an AutoCypher
[22-30-28.604] [LOGIN]: AutoCypher Attempt
[22-30-28.605] [LOADING MESSAGE]: Auto Cyphering
[22-30-28.925] [THREAD STARTED]: Splash Animation
[22-30-28.927] [THREAD STARTED]: Enter animation, frame=Cyder Splash
[22-30-29.130] [UNIQUE OBJECT CREATED]: Console singleton constructed
[22-30-29.517] [OBJECT CREATION]: Objects created since last delta (5000ms): 86
[22-30-29.521] [DEBUG]: Cyder Entry = AutoCypher
[22-30-30.200] [THREAD STARTED]: Console Printing Animation
[22-30-30.289] [THREAD STARTED]: Hourly Chime Checker
[22-30-30.291] [THREAD STARTED]: Console Clock Updater
[22-30-30.293] [THREAD STARTED]: Cyder Busy Checker
[22-30-30.297] [THREAD STARTED]: [Cyder Splash] dispose() animation thread
[22-30-30.298] [THREAD STARTED]: [Cyder Splash] dispose() animation thread
[22-30-30.311] [UI]: CyderFrame disposed with fastclose=true, getTitle=Cyder Splash
[22-30-30.480] [THREAD STARTED]: High Ping Checker
[22-30-30.542] [DEBUG]: Latency of Google found to be 57ms
[22-30-30.732] [CONSOLE OUT]: [STRING]: Console loaded in 4438ms
[22-30-30.760] [CONSOLE LOADED]: [Nathan] [TESTING MODE]
[22-30-30.762] [THREAD STARTED]: Manual Tests Thread
[22-30-31.098] [DEBUG]: Attempted to log a new or empty line
[22-30-31.361] [THREAD STARTED]: Splash Loading Label Updater
[22-30-32.183] [THREAD STARTED]: Liminal Cyder [Nathan] Opacity Decrement Animator
[22-30-32.271] [SYSTEM IO]: [JSON WRITE] [Levenshtein = 9] User was written to file: 7d7ebb00-81fe-329f-8a78-62f463d0b7d
               a\Userdata.json
[22-30-32.286] [SYSTEM IO]: Requested deletion of: C:\Users\Nathan\Documents\IntelliJava\Cyder\dynamic\backup\7d7ebb00-8
               1fe-329f-8a78-62f463d0b7da_1660617168952.json
[22-30-32.287] [THREAD STARTED]: Liminal Cyder [Nathan] Opacity Increment Animator
[22-30-33.137] [THREAD STARTED]: [Liminal Cyder [Nathan]] dispose() animation thread
[22-30-33.138] [UI]: CyderFrame disposed with fastclose=false, getTitle=Liminal Cyder [Nathan]
[22-30-33.375] [EXIT]: [RUNTIME] 7s 23ms
[22-30-33.378] [EOL]: Log completed, exiting Cyder with exit code: 0 [Genesis Controlled Exit], no exceptions thrown,
               total objects created: 86
