[22-54-22] [JVM_ENTRY]: [Nathan]
[22-54-22] [THREAD STARTED]: Object Creation Logger
[22-54-22] [THREAD STARTED]: Watchdog Initializer
[22-54-23] [THREAD STARTED]: Singular Cyder Instance Ensurer
[22-54-23] [FONT LOADED]: font name = agency-fb
[22-54-23] [FONT LOADED]: font name = arial-black
[22-54-23] [FONT LOADED]: font name = beyno
[22-54-23] [FONT LOADED]: font name = darling-in-paris
[22-54-23] [FONT LOADED]: font name = Prompt-Bold
[22-54-23] [FONT LOADED]: font name = segoe-ui-black
[22-54-23] [FONT LOADED]: font name = tahoma
[22-54-23] [THREAD STARTED]: Splash Loader
[22-54-24] [THREAD STARTED]: Splash Animation
[22-54-24] [THREAD STARTED]: Cyder Start Secondary Subroutines
[22-54-24] [LOGIN]: [AUTOCYPHER ATTEMPT]
[22-54-24] [THREAD STARTED]: JVM Args Logger
[22-54-24] [SYSTEM_IO]: Requested deletion of: C:\Users\Nathan\Documents\IntelliJava\Cyder\dynamic\tmp
[22-54-24] [SYSTEM_IO]: [JSON WRITE] [Levenshtein = 1] User was written to file: 7d7ebb00-81fe-329f-8a78-62f463d0b7da\Us
           erdata.json
[22-54-24] [SYSTEM_IO]: Requested deletion of: C:\Users\Nathan\Documents\IntelliJava\Cyder\dynamic\backup\7d7ebb00-81fe-
           329f-8a78-62f463d0b7da_1647748457280.json
[22-54-25] [OBJECT CREATION]: Objects created since last delta (5s): 56
[22-54-25] [LOGIN]: [AUTOCYPHER PASS, 7d7ebb00-81fe-329f-8a78-62f463d0b7da]
[22-54-25] [THREAD STARTED]: Cyder Watchdog
[22-54-26] [SYSTEM_IO]: [JSON WRITE] [Levenshtein = 0] User was written to file: 7d7ebb00-81fe-329f-8a78-62f463d0b7da\Us
           erdata.json
[22-54-26] [SYSTEM_IO]: Requested deletion of: C:\Users\Nathan\Documents\IntelliJava\Cyder\dynamic\backup\7d7ebb00-81fe-
           329f-8a78-62f463d0b7da_1647748464800.json
[22-54-26] [SYSTEM_IO]: Userdata requested: RandomBackground
[22-54-26] [SYSTEM_IO]: Userdata requested: FullScreen [4x]
[22-54-27] [THREAD STARTED]: Console Printing Animation
[22-54-27] [SYSTEM_IO]: Userdata requested: OutputBorder
[22-54-27] [SYSTEM_IO]: Userdata requested: FullScreen
[22-54-27] [SYSTEM_IO]: Userdata requested: InputBorder
[22-54-27] [THREAD STARTED]: Console Input Caret Position Updater
[22-54-27] [SYSTEM_IO]: Userdata requested: OutputFill
[22-54-27] [SYSTEM_IO]: Userdata requested: InputFill
[22-54-27] [THREAD STARTED]: High Ping Checker
[22-54-27] [THREAD STARTED]: Hourly Chime Checker
[22-54-27] [THREAD STARTED]: Console Clock Updater
[22-54-27] [THREAD STARTED]: Cyder Busy Checker
[22-54-27] [THREAD STARTED]: ConsoleFrame Stat Saver
[22-54-27] [UI ACTION]: Console loaded in 5233ms
[22-54-27] [THREAD STARTED]: Component = ConsoleFrame (inner), hash = 1819038759, bounds = (1214, 251, 900, 600), parent 
           frame = Component is top frame, getTitle() = Insomnia Cyder [Nathan] notification queue checker
[22-54-27] [THREAD STARTED]: [Cyder Splash]  dispose() animation thread
[22-54-27] [SYSTEM_IO]: Userdata requested: DebugWindows
[22-54-27] [CONSOLE LOADED]: [Nathan] [TESTING MODE]
[22-54-27] [SYSTEM_IO]: Userdata requested: laststart
[22-54-27] [UI ACTION]: CyderFrame disposed with fastclose: true, Component = CyderFrame, hash = 99998448, bounds =
           (980, 378, 600, 600), parent frame = Component is top frame, getTitle() = Cyder Splash
[22-54-27] [UI ACTION]: [Insomnia Cyder [Nathan]] [NOTIFICATION] w = 287, h = 29, text = <html>Console loaded in
           5233ms</html>
[22-54-27] [SYSTEM_IO]: [JSON WRITE] [Levenshtein = 5] User was written to file: 7d7ebb00-81fe-329f-8a78-62f463d0b7da\Us
           erdata.json
[22-54-27] [THREAD STARTED]: notification appear animation
[22-54-27] [SYSTEM_IO]: Requested deletion of: C:\Users\Nathan\Documents\IntelliJava\Cyder\dynamic\backup\7d7ebb00-81fe-
           329f-8a78-62f463d0b7da_1647748466397.json
[22-54-27] [SYSTEM_IO]: Userdata requested: persistentnotifications
[22-54-27] [THREAD STARTED]: Notificaiton Vanish Animator
[22-54-28] [THREAD STATUS POLLED]: name = AWT-EventQueue-0 in RUNNABLE state; incrementing watchdog counter
[22-54-30] [SYSTEM_IO]: [JSON WRITE] [Levenshtein = 0] User was written to file: 7d7ebb00-81fe-329f-8a78-62f463d0b7da\Us
           erdata.json
[22-54-30] [SYSTEM_IO]: Requested deletion of: C:\Users\Nathan\Documents\IntelliJava\Cyder\dynamic\backup\7d7ebb00-81fe-
           329f-8a78-62f463d0b7da_1647748467634.json
[22-54-30] [OBJECT CREATION]: Objects created since last delta (5s): 43
[22-54-32] [CLIENT]: prefs
[22-54-32] [SYSTEM_IO]: Userdata requested: filterchat
[22-54-32] [CONSOLE_OUT]: [STRING] Opening widget: UserEditor
[22-54-32] [WIDGET OPENED]: UserEditor, trigger = prefs
[22-54-32] [HANDLE]: PRIMARY HANDLE
[22-54-32] [THREAD STATUS POLLED]: name = AWT-EventQueue-0 in RUNNABLE state; incrementing watchdog counter
[22-54-33] [THREAD STARTED]: wait thread for GetterUtil().getFile()
[22-54-33] [UI ACTION]: Component = CyderButton, hash = 1539745668, bounds = (20, 440, 155, 40), parent frame =
           Preferences, getText() = Add
[22-54-33] [THREAD STARTED]:  getFile() thread, title = [Add File]
[22-54-33] [SYSTEM_IO]: [JSON WRITE] [Levenshtein = 0] User was written to file: 7d7ebb00-81fe-329f-8a78-62f463d0b7da\Us
           erdata.json
[22-54-33] [SYSTEM_IO]: Requested deletion of: C:\Users\Nathan\Documents\IntelliJava\Cyder\dynamic\backup\7d7ebb00-81fe-
           329f-8a78-62f463d0b7da_1647748470371.json
[22-54-34] [THREAD STATUS POLLED]: name = AWT-EventQueue-0 in RUNNABLE state; incrementing watchdog counter [2x]
[22-54-35] [OBJECT CREATION]: Objects created since last delta (5s): 151
[22-54-35] [THREAD STATUS POLLED]: name = AWT-EventQueue-0 in RUNNABLE state; incrementing watchdog counter
[22-54-36] [UI ACTION]: Component = CyderDragLabel, hash = -14462583, bounds = (2, 2, 626, 28), parent frame = Cyder
[22-54-36] [THREAD STARTED]: [Cyder]  dispose() animation thread
[22-54-36] [UI ACTION]: CyderFrame disposed with fastclose: false, Component = CyderFrame, hash = 1009993364, bounds =
           (1349, 296, 630, 510), parent frame = Component is top frame, getTitle() = Cyder
[22-54-36] [SYSTEM_IO]: Userdata requested: closeanimation
[22-54-36] [THREAD STATUS POLLED]: name = AWT-EventQueue-0 in RUNNABLE state; incrementing watchdog counter
[22-54-36] [UI ACTION]: Component = CyderDragLabel, hash = -14203113, bounds = (2, 2, 896, 28), parent frame = Preferenc
           es
[22-54-36] [THREAD STARTED]: [Preferences]  dispose() animation thread
[22-54-36] [UI ACTION]: CyderFrame disposed with fastclose: false, Component = CyderFrame, hash = 32060213, bounds =
           (1214, 261, 900, 580), parent frame = Component is top frame, getTitle() = Preferences
[22-54-36] [SYSTEM_IO]: Userdata requested: closeanimation
[22-54-37] [SYSTEM_IO]: [JSON WRITE] [Levenshtein = 0] User was written to file: 7d7ebb00-81fe-329f-8a78-62f463d0b7da\Us
           erdata.json
[22-54-37] [SYSTEM_IO]: Requested deletion of: C:\Users\Nathan\Documents\IntelliJava\Cyder\dynamic\backup\7d7ebb00-81fe-
           329f-8a78-62f463d0b7da_1647748473773.json
[22-54-38] [CLIENT]: darkmode
[22-54-38] [SYSTEM_IO]: Userdata requested: filterchat
[22-54-38] [SYSTEM_IO]: Userdata requested: darkmode
[22-54-38] [SYSTEM_IO]: [JSON WRITE] [Levenshtein = 1] User was written to file: 7d7ebb00-81fe-329f-8a78-62f463d0b7da\Us
           erdata.json
[22-54-38] [SYSTEM_IO]: Requested deletion of: C:\Users\Nathan\Documents\IntelliJava\Cyder\dynamic\backup\7d7ebb00-81fe-
           329f-8a78-62f463d0b7da_1647748477344.json
[22-54-38] [PREFERENCE REFRESH INVOKED]: key = darkmode
[22-54-38] [HANDLE]: CONSOLE PREFERENCE TOGGLE HANDLED
[22-54-38] [HANDLE]: FINAL HANDLE
[22-54-38] [CONSOLE_OUT]: [STRING] Dark Mode set to true
[22-54-39] [CLIENT]: prefs
[22-54-39] [SYSTEM_IO]: Userdata requested: filterchat
[22-54-39] [THREAD STARTED]: [Preferences]  dispose() animation thread
[22-54-39] [CONSOLE_OUT]: [STRING] Opening widget: UserEditor
[22-54-39] [WIDGET OPENED]: UserEditor, trigger = prefs
[22-54-39] [HANDLE]: PRIMARY HANDLE
[22-54-39] [THREAD STATUS POLLED]: name = AWT-EventQueue-0 in RUNNABLE state; incrementing watchdog counter
[22-54-40] [THREAD STARTED]: wait thread for GetterUtil().getFile()
[22-54-40] [UI ACTION]: Component = CyderButton, hash = 575905735, bounds = (20, 440, 155, 40), parent frame = Preferenc
           es, getText() = Add
[22-54-40] [THREAD STARTED]:  getFile() thread, title = [Add File]
[22-54-40] [OBJECT CREATION]: Objects created since last delta (5s): 94
[22-54-40] [SYSTEM_IO]: [JSON WRITE] [Levenshtein = 0] User was written to file: 7d7ebb00-81fe-329f-8a78-62f463d0b7da\Us
           erdata.json
[22-54-40] [SYSTEM_IO]: Requested deletion of: C:\Users\Nathan\Documents\IntelliJava\Cyder\dynamic\backup\7d7ebb00-81fe-
           329f-8a78-62f463d0b7da_1647748478784.json
[22-54-41] [THREAD STATUS POLLED]: name = AWT-EventQueue-0 in RUNNABLE state; incrementing watchdog counter [2x]
[22-54-42] [UI ACTION]: Component = CyderDragLabel, hash = -14462583, bounds = (2, 2, 626, 28), parent frame = Cyder
[22-54-42] [THREAD STARTED]: [Cyder]  dispose() animation thread
[22-54-42] [UI ACTION]: CyderFrame disposed with fastclose: false, Component = CyderFrame, hash = 689914816, bounds =
           (1349, 296, 630, 510), parent frame = Component is top frame, getTitle() = Cyder
[22-54-42] [SYSTEM_IO]: Userdata requested: closeanimation
[22-54-42] [THREAD STATUS POLLED]: name = AWT-EventQueue-0 in RUNNABLE state; incrementing watchdog counter
[22-54-43] [UI ACTION]: Component = CyderDragLabel, hash = -14203113, bounds = (2, 2, 896, 28), parent frame = Preferenc
           es
[22-54-43] [THREAD STARTED]: [Preferences]  dispose() animation thread
[22-54-43] [UI ACTION]: CyderFrame disposed with fastclose: false, Component = CyderFrame, hash = 1686421584, bounds =
           (1214, 261, 900, 580), parent frame = Component is top frame, getTitle() = Preferences
[22-54-43] [SYSTEM_IO]: Userdata requested: closeanimation
[22-54-44] [SYSTEM_IO]: [JSON WRITE] [Levenshtein = 0] User was written to file: 7d7ebb00-81fe-329f-8a78-62f463d0b7da\Us
           erdata.json
[22-54-44] [SYSTEM_IO]: Requested deletion of: C:\Users\Nathan\Documents\IntelliJava\Cyder\dynamic\backup\7d7ebb00-81fe-
           329f-8a78-62f463d0b7da_1647748480763.json
[22-54-44] [CLIENT]: darkmode
[22-54-44] [SYSTEM_IO]: Userdata requested: filterchat
[22-54-44] [SYSTEM_IO]: Userdata requested: darkmode
[22-54-44] [SYSTEM_IO]: [JSON WRITE] [Levenshtein = 1] User was written to file: 7d7ebb00-81fe-329f-8a78-62f463d0b7da\Us
           erdata.json
[22-54-44] [SYSTEM_IO]: Requested deletion of: C:\Users\Nathan\Documents\IntelliJava\Cyder\dynamic\backup\7d7ebb00-81fe-
           329f-8a78-62f463d0b7da_1647748484255.json
[22-54-44] [PREFERENCE REFRESH INVOKED]: key = darkmode
[22-54-44] [HANDLE]: CONSOLE PREFERENCE TOGGLE HANDLED
[22-54-44] [HANDLE]: FINAL HANDLE
[22-54-44] [CONSOLE_OUT]: [STRING] Dark Mode set to false
[22-54-45] [OBJECT CREATION]: Objects created since last delta (5s): 61
[22-54-46] [SYSTEM_IO]: Userdata requested: minimizeonclose
[22-54-46] [THREAD STARTED]: [Insomnia Cyder [Nathan]]  dispose() animation thread
[22-54-46] [UI ACTION]: CyderFrame disposed with fastclose: false, Component = ConsoleFrame (inner), hash = 1819038759,
           bounds = (1214, 251, 900, 600), parent frame = Component is top frame, getTitle() = Insomnia Cyder [Nathan]
[22-54-46] [SYSTEM_IO]: Userdata requested: closeanimation
[22-54-46] [EXIT]: [RUNTIME] 24s
[22-54-46] [EOL]: Log completed, exiting Cyder with exit code: 0 [Genesis Controlled
           Exit], exceptions thrown: 0
