          _____                _____                    _____                    _____                    _____
         /\    \              |\    \                  /\    \                  /\    \                  /\    \
        /::\    \             |:\____\                /::\    \                /::\    \                /::\    \
       /::::\    \            |::|   |               /::::\    \              /::::\    \              /::::\    \
      /::::::\    \           |::|   |              /::::::\    \            /::::::\    \            /::::::\    \
     /:::/\:::\    \          |::|   |             /:::/\:::\    \          /:::/\:::\    \          /:::/\:::\    \
    /:::/  \:::\    \         |::|   |            /:::/  \:::\    \        /:::/__\:::\    \        /:::/__\:::\    \
   /:::/    \:::\    \        |::|   |           /:::/    \:::\    \      /::::\   \:::\    \      /::::\   \:::\    \
  /:::/    / \:::\    \       |::|___|______    /:::/    / \:::\    \    /::::::\   \:::\    \    /::::::\   \:::\    \
 /:::/    /   \:::\    \      /::::::::\    \  /:::/    /   \:::\ ___\  /:::/\:::\   \:::\    \  /:::/\:::\   \:::\____\
/:::/____/     \:::\____\    /::::::::::\____\/:::/____/     \:::|    |/:::/__\:::\   \:::\____\/:::/  \:::\   \:::|    |
\:::\    \      \::/    /   /:::/~~~~/~~      \:::\    \     /:::|____|\:::\   \:::\   \::/    /\::/   |::::\  /:::|____|
 \:::\    \      \/____/   /:::/    /          \:::\    \   /:::/    /  \:::\   \:::\   \/____/  \/____|:::::\/:::/    /
  \:::\    \              /:::/    /            \:::\    \ /:::/    /    \:::\   \:::\    \            |:::::::::/    /
   \:::\    \            /:::/    /              \:::\    /:::/    /      \:::\   \:::\____\           |::|\::::/    /
    \:::\    \           \::/    /                \:::\  /:::/    /        \:::\   \::/    /           |::| \::/____/
     \:::\    \           \/____/                  \:::\/:::/    /          \:::\   \/____/            |::|  ~|
      \:::\    \                                    \::::::/    /            \:::\    \                |::|   |
       \:::\____\                                    \::::/    /              \:::\____\               \::|   |
        \::/    /                                     \::/____/                \::/    /                \:|   |
         \/____/                                       ~~                       \/____/                  \|___|


[19-02-06.479] [ENTRY]: Nathan
[19-02-06.414] [DEBUG]: Loaded 131 static resources
[19-02-06.435] [DEBUG]: Loaded 16 static folders
[19-02-06.454] [DEBUG]: Found prop file: props\propkeys.ini
[19-02-06.455] [DEBUG]: Found prop file: props\props.ini
[19-02-06.469] [PROP LOADED]: [key = map_quest_api_key]
[19-02-06.469] [PROP LOADED]: [key = youtube_api_3_key]
[19-02-06.469] [PROP LOADED]: [key = ip_key]
[19-02-06.470] [PROP LOADED]: [key = weather_key]
[19-02-06.470] [PROP LOADED]: [key = debug_hash_name, value = Nathan]
[19-02-06.470] [PROP LOADED]: [key = debug_hash_password, value = 571b100a3b69f7b09828c0b61d325b15e52c512c14fdcf6d248f7c
               a733d0a7f6]
[19-02-06.471] [PROP LOADED]: [key = default_weather_location, value = Austin,Tx,USA]
[19-02-06.471] [PROP LOADED]: [key = ignore_data, value = typinganimation,showseconds,roundedwindows,windowcolor
               ,audiolength,capsmode,typingsound,showbusyicon,clockonconsole,consoleclockformat]
[19-02-06.471] [PROP LOADED]: [key = font_metric, value = 1]
[19-02-06.471] [PROP LOADED]: [key = max_font_size, value = 50]
[19-02-06.471] [PROP LOADED]: [key = min_font_size, value = 25]
[19-02-06.472] [PROP LOADED]: [key = released, value = false]
[19-02-06.472] [PROP LOADED]: [key = version, value = Liminal]
[19-02-06.472] [PROP LOADED]: [key = release_date, value = 22.7.4]
[19-02-06.472] [PROP LOADED]: [key = components_relocatable, value = false]
[19-02-06.472] [PROP LOADED]: [key = testing_mode, value = true]
[19-02-06.472] [PROP LOADED]: [key = autocypher, value = true]
[19-02-06.472] [PROP LOADED]: [key = dispose_splash, value = true]
[19-02-06.472] [PROP LOADED]: [key = wipe_logs_on_start, value = false]
[19-02-06.472] [PROP LOADED]: [key = activate_watchdog, value = false]
[19-02-06.472] [PROP LOADED]: [key = ffmpeg_audio_output_format, value = mp3]
[19-02-06.472] [PROP LOADED]: [key = printing_animation_char_timeout, value = 8]
[19-02-06.472] [PROP LOADED]: [key = printing_animation_line_timeout, value = 100]
[19-02-06.472] [PROP LOADED]: [key = ui_scale, value = 1]
[19-02-06.473] [PROP LOADED]: [key = auto_trigger_similar_commands, value = true]
[19-02-06.473] [PROP LOADED]: [key = auto_trigger_similar_command_tolerance, value = 0.95]
[19-02-06.473] [PROP LOADED]: [key = latency_ip, value = 172.217.4.78]
[19-02-06.473] [PROP LOADED]: [key = latency_port, value = 80]
[19-02-06.473] [PROP LOADED]: [key = latency_name, value = Google]
[19-02-06.473] [PROP LOADED]: [key = props_reloadable, value = false]
[19-02-06.477] [DEBUG]: Jar mode set as: FALSE
[19-02-06.548] [THREAD STARTED]: Object Creation Logger
[19-02-06.921] [DEBUG]: Watchdog skipped
[19-02-06.927] [LOADING MESSAGE]: Registering fonts
[19-02-07.431] [FONT LOADED]: agency-fb
[19-02-07.433] [FONT LOADED]: arial-black
[19-02-07.435] [FONT LOADED]: beyno
[19-02-07.437] [FONT LOADED]: condiment-regular
[19-02-07.439] [FONT LOADED]: prompt-bold
[19-02-07.440] [FONT LOADED]: segoe-ui-black
[19-02-07.441] [FONT LOADED]: tahoma
[19-02-07.444] [LOADING MESSAGE]: Ensuring singular instance
[19-02-07.446] [THREAD STARTED]: Singular Cyder Instance Ensurer
[19-02-07.447] [DEBUG]: Starting instance socket on port 5150
[19-02-07.961] [LOADING MESSAGE]: Ensuring OS is supported
[19-02-07.962] [LOADING MESSAGE]: Creating dynamics
[19-02-07.962] [SYSTEM IO]: Requested deletion of: C:\Users\Nathan\Documents\IntelliJava\Cyder\dynamic\tmp
[19-02-07.976] [LOADING MESSAGE]: Validating users
[19-02-08.088] [USER GET]: key = name, value = Nathan
[19-02-08.088] [USER GET]: key = randombackground, value = 0
[19-02-08.089] [USER GET]: key = persistentnotifications, value = 0
[19-02-08.098] [USER GET]: key = screenstat, value = ScreenStat{consoleX=1489, consoleY=277, consoleWidth=832,
               consoleHeight=797, monitor=0, consoleOnTop=false, consoleDirection=RIGHT}
[19-02-08.121] [USER GET]: key = mappedexecutable, value = []
[19-02-08.122] [USER GET]: key = loggedin, value = 0
[19-02-08.123] [USER GET]: key = debugwindows, value = 0
[19-02-08.124] [USER GET]: key = outputborder, value = 0
[19-02-08.125] [USER GET]: key = fontsize, value = 27
[19-02-08.126] [USER GET]: key = hourlychimes, value = 1
[19-02-08.127] [USER GET]: key = inputborder, value = 0
[19-02-08.130] [USER GET]: key = silenceerrors, value = 1
[19-02-08.133] [USER GET]: key = inputfill, value = 0
[19-02-08.134] [USER GET]: key = fullscreen, value = 0
[19-02-08.136] [USER GET]: key = pass, value = 1b0a051deaadc2e793bfe185cd81a74b9c56f75bd713f28507d1abd99332a28
[19-02-08.137] [USER GET]: key = intromusic, value = 0
[19-02-08.138] [USER GET]: key = outputfill, value = 0
[19-02-08.139] [USER GET]: key = filterchat, value = 1
[19-02-08.140] [USER GET]: key = minimizeonclose, value = 0
[19-02-08.140] [USER GET]: key = compacttextmode, value = 0
[19-02-08.141] [USER GET]: key = darkmode, value = 0
[19-02-08.142] [USER GET]: key = wrapshell, value = 1
[19-02-08.142] [USER GET]: key = doanimations, value = 1
[19-02-08.143] [USER GET]: key = youtubeuuid, value = aaaaaaaaaiI
[19-02-08.144] [USER GET]: key = laststart, value = 1661904095783
[19-02-08.145] [USER GET]: key = foreground, value = f0f0f0
[19-02-08.145] [USER GET]: key = Font, value = Agency FB
[19-02-08.146] [USER GET]: key = background, value = 0f0f0f
[19-02-08.149] [USER GET]: key = mappedexecutable, value = []
[19-02-08.149] [USER GET]: key = screenstat, value = ScreenStat{consoleX=1489, consoleY=277, consoleWidth=832,
               consoleHeight=797, monitor=0, consoleOnTop=false, consoleDirection=RIGHT}
[19-02-08.161] [USER GET]: key = name, value = Nathan
[19-02-08.162] [LOADING MESSAGE]: Cleaning users
[19-02-08.165] [LOADING MESSAGE]: Validating props
[19-02-08.290] [LOADING MESSAGE]: Validating Widgets
[19-02-08.545] [LOADING MESSAGE]: Validating Tests
[19-02-08.548] [LOADING MESSAGE]: Validating Vanilla annotations
[19-02-08.557] [LOADING MESSAGE]: Validating Handles
[19-02-08.567] [THREAD STARTED]: Splash Loader
[19-02-08.569] [THREAD STARTED]: Sufficient Subroutine Executor
[19-02-08.570] [LOADING MESSAGE]: Logging JVM args
[19-02-08.571] [THREAD STARTED]: JVM Args Logger
[19-02-08.576] [DEBUG]: Set latency ip as 172.217.4.78
[19-02-08.578] [DEBUG]: Set latency port as 80
[19-02-08.579] [DEBUG]: Set latency host name as Google
[19-02-08.583] [LOADING MESSAGE]: Checking for an AutoCypher
[19-02-08.585] [LOGIN]: AutoCypher Attempt
[19-02-08.587] [LOADING MESSAGE]: Auto Cyphering
[19-02-08.591] [USER GET]: key = name, value = Nathan [2x]
[19-02-08.649] [USER GET]: key = pass, value = 1b0a051deaadc2e793bfe185cd81a74b9c56f75bd713f28507d1abd99332a28
[19-02-08.939] [USER GET]: key = darkmode, value = 0 [2x]
[19-02-09.147] [UNIQUE OBJECT CREATED]: Console singleton constructed
[19-02-09.149] [USER GET]: key = name, value = Nathan
[19-02-09.172] [THREAD STARTED]: Splash Animation
[19-02-09.297] [DEBUG]: Cyder Entry = AutoCypher
[19-02-09.298] [THREAD STARTED]: High Ping Checker
[19-02-09.350] [DEBUG]: Latency of Google found to be 44ms
[19-02-09.361] [USER GET]: key = name, value = Nathan
[19-02-09.362] [USER GET]: key = randombackground, value = 0
[19-02-09.406] [USER GET]: key = fullscreen, value = 0 [3x]
[19-02-09.407] [USER GET]: key = name, value = Nathan
[19-02-09.443] [USER GET]: key = foreground, value = f0f0f0 [3x]
[19-02-09.445] [USER GET]: key = Font, value = Agency FB
[19-02-09.445] [USER GET]: key = fontsize, value = 27
[19-02-09.459] [USER GET]: key = outputborder, value = 0
[19-02-09.460] [USER GET]: key = outputfill, value = 0
[19-02-09.474] [USER GET]: key = inputborder, value = 0
[19-02-09.476] [USER GET]: key = foreground, value = f0f0f0 [3x]
[19-02-09.477] [USER GET]: key = Font, value = Agency FB
[19-02-09.477] [USER GET]: key = fontsize, value = 27
[19-02-09.478] [USER GET]: key = inputfill, value = 0
[19-02-09.544] [THREAD STARTED]: Hourly Chime Checker
[19-02-09.546] [THREAD STARTED]: Console Clock Updater
[19-02-09.548] [THREAD STARTED]: Cyder Busy Checker
[19-02-09.551] [THREAD STARTED]: [Cyder Splash] dispose() animation thread
[19-02-09.552] [USER GET]: key = fullscreen, value = 0
[19-02-09.552] [USER GET]: key = screenstat, value = ScreenStat{consoleX=1489, consoleY=277, consoleWidth=832,
               consoleHeight=797, monitor=0, consoleOnTop=false, consoleDirection=RIGHT}
[19-02-09.559] [UI]: CyderFrame disposed with fastclose=true, getTitle=Cyder Splash
[19-02-09.561] [OBJECT CREATION]: Objects created since last delta (5000ms): 116
[19-02-09.725] [THREAD STARTED]: Console Printing Animation
[19-02-09.727] [CONSOLE OUT]: [STRING]: Console loaded in 3s 466ms
[19-02-09.765] [USER GET]: key = debugwindows, value = 0
[19-02-09.766] [CONSOLE LOADED]: [Nathan] [TESTING MODE]
[19-02-09.767] [THREAD STARTED]: Manual Tests Thread
[19-02-09.768] [USER GET]: key = laststart, value = 1661904095783
[19-02-09.769] [USER GET]: key = intromusic, value = 0
[19-02-11.620] [THREAD STARTED]: Splash Loading Label Updater
[19-02-13.239] [THREAD STARTED]: Liminal Cyder [Nathan] Opacity Decrement Animator
[19-02-13.891] [USER GET]: key = screenstat, value = ScreenStat{consoleX=1489, consoleY=277, consoleWidth=832,
               consoleHeight=797, monitor=0, consoleOnTop=false, consoleDirection=RIGHT}
[19-02-13.916] [SYSTEM IO]: [JSON WRITE] [Levenshtein = 10] User was written to file: 7d7ebb00-81fe-329f-8a78-62f463d0b7
               da\Userdata.json
[19-02-13.921] [USER GET]: key = name, value = Nathan
[19-02-13.921] [USER GET]: key = randombackground, value = 0
[19-02-13.922] [USER GET]: key = persistentnotifications, value = 0
[19-02-13.922] [USER GET]: key = screenstat, value = ScreenStat{consoleX=1447, consoleY=281, consoleWidth=832,
               consoleHeight=797, monitor=0, consoleOnTop=false, consoleDirection=RIGHT}
[19-02-13.923] [USER GET]: key = mappedexecutable, value = []
[19-02-13.923] [USER GET]: key = loggedin, value = 1
[19-02-13.924] [USER GET]: key = debugwindows, value = 0
[19-02-13.924] [USER GET]: key = outputborder, value = 0
[19-02-13.924] [USER GET]: key = fontsize, value = 27
[19-02-13.925] [USER GET]: key = hourlychimes, value = 1
[19-02-13.925] [USER GET]: key = inputborder, value = 0
[19-02-13.926] [USER GET]: key = silenceerrors, value = 1
[19-02-13.926] [USER GET]: key = inputfill, value = 0
[19-02-13.926] [USER GET]: key = fullscreen, value = 0
[19-02-13.927] [USER GET]: key = pass, value = 1b0a051deaadc2e793bfe185cd81a74b9c56f75bd713f28507d1abd99332a28
[19-02-13.928] [USER GET]: key = intromusic, value = 0
[19-02-13.928] [USER GET]: key = outputfill, value = 0
[19-02-13.929] [USER GET]: key = filterchat, value = 1
[19-02-13.929] [USER GET]: key = minimizeonclose, value = 0
[19-02-13.930] [USER GET]: key = compacttextmode, value = 0
[19-02-13.930] [USER GET]: key = darkmode, value = 0
[19-02-13.930] [USER GET]: key = wrapshell, value = 1
[19-02-13.931] [USER GET]: key = doanimations, value = 1
[19-02-13.931] [USER GET]: key = youtubeuuid, value = aaaaaaaaaiI
[19-02-13.931] [USER GET]: key = laststart, value = 1661904129769
[19-02-13.932] [USER GET]: key = foreground, value = f0f0f0
[19-02-13.932] [USER GET]: key = Font, value = Agency FB
[19-02-13.933] [USER GET]: key = background, value = 0f0f0f
[19-02-13.933] [USER GET]: key = mappedexecutable, value = []
[19-02-13.934] [USER GET]: key = screenstat, value = ScreenStat{consoleX=1447, consoleY=281, consoleWidth=832,
               consoleHeight=797, monitor=0, consoleOnTop=false, consoleDirection=RIGHT}
[19-02-13.942] [SYSTEM IO]: Requested deletion of: C:\Users\Nathan\Documents\IntelliJava\Cyder\dynamic\backup\7d7ebb00
               -81fe-329f-8a78-62f463d0b7da_1661904106466.json
[19-02-13.943] [THREAD STARTED]: Liminal Cyder [Nathan] Opacity Increment Animator
[19-02-14.563] [OBJECT CREATION]: Objects created since last delta (5000ms): 5
[19-02-23.234] [THREAD STARTED]: Liminal Cyder [Nathan] Opacity Decrement Animator
[19-02-23.527] [USER GET]: key = screenstat, value = ScreenStat{consoleX=1447, consoleY=281, consoleWidth=832,
               consoleHeight=797, monitor=0, consoleOnTop=false, consoleDirection=RIGHT}
[19-02-23.552] [SYSTEM IO]: [JSON WRITE] [Levenshtein = 5] User was written to file: 7d7ebb00-81fe-329f-8a78-62f463d0b7d
               a\Userdata.json
[19-02-23.561] [USER GET]: key = name, value = Nathan
[19-02-23.562] [USER GET]: key = randombackground, value = 0
[19-02-23.563] [USER GET]: key = persistentnotifications, value = 0
[19-02-23.563] [USER GET]: key = screenstat, value = ScreenStat{consoleX=1336, consoleY=253, consoleWidth=832,
               consoleHeight=797, monitor=0, consoleOnTop=false, consoleDirection=RIGHT}
[19-02-23.564] [USER GET]: key = mappedexecutable, value = []
[19-02-23.566] [USER GET]: key = loggedin, value = 1
[19-02-23.567] [USER GET]: key = debugwindows, value = 0
[19-02-23.567] [USER GET]: key = outputborder, value = 0
[19-02-23.568] [USER GET]: key = fontsize, value = 27
[19-02-23.568] [USER GET]: key = hourlychimes, value = 1
[19-02-23.569] [USER GET]: key = inputborder, value = 0
[19-02-23.569] [USER GET]: key = silenceerrors, value = 1
[19-02-23.570] [USER GET]: key = inputfill, value = 0
[19-02-23.570] [USER GET]: key = fullscreen, value = 0
[19-02-23.571] [USER GET]: key = pass, value = 1b0a051deaadc2e793bfe185cd81a74b9c56f75bd713f28507d1abd99332a28
[19-02-23.571] [USER GET]: key = intromusic, value = 0
[19-02-23.571] [USER GET]: key = outputfill, value = 0
[19-02-23.572] [USER GET]: key = filterchat, value = 1
[19-02-23.572] [USER GET]: key = minimizeonclose, value = 0
[19-02-23.573] [USER GET]: key = compacttextmode, value = 0
[19-02-23.573] [USER GET]: key = darkmode, value = 0
[19-02-23.573] [USER GET]: key = wrapshell, value = 1
[19-02-23.574] [USER GET]: key = doanimations, value = 1
[19-02-23.574] [USER GET]: key = youtubeuuid, value = aaaaaaaaaiI
[19-02-23.575] [USER GET]: key = laststart, value = 1661904129769
[19-02-23.575] [USER GET]: key = foreground, value = f0f0f0
[19-02-23.575] [USER GET]: key = Font, value = Agency FB
[19-02-23.576] [USER GET]: key = background, value = 0f0f0f
[19-02-23.576] [USER GET]: key = mappedexecutable, value = []
[19-02-23.577] [USER GET]: key = screenstat, value = ScreenStat{consoleX=1336, consoleY=253, consoleWidth=832,
               consoleHeight=797, monitor=0, consoleOnTop=false, consoleDirection=RIGHT}
[19-02-23.580] [SYSTEM IO]: Requested deletion of: C:\Users\Nathan\Documents\IntelliJava\Cyder\dynamic\backup\7d7ebb00
               -81fe-329f-8a78-62f463d0b7da_1661904133935.json
[19-02-23.582] [THREAD STARTED]: Liminal Cyder [Nathan] Opacity Increment Animator
[19-02-24.380] [USER GET]: key = minimizeonclose, value = 0
[19-02-24.381] [USER GET]: key = screenstat, value = ScreenStat{consoleX=1336, consoleY=253, consoleWidth=832,
               consoleHeight=797, monitor=0, consoleOnTop=false, consoleDirection=RIGHT}
[19-02-24.387] [USER GET]: key = fullscreen, value = 0
[19-02-24.387] [THREAD STARTED]: [Liminal Cyder [Nathan]] dispose() animation thread
[19-02-24.388] [UI]: CyderFrame disposed with fastclose=false, getTitle=Liminal Cyder [Nathan]
[19-02-24.389] [USER GET]: key = doanimations, value = 1
[19-02-24.611] [OBJECT CREATION]: Objects created since last delta (5000ms): 3
[19-02-24.661] [EXIT]: [RUNTIME] 18s 302ms
[19-02-24.663] [EOL]: Log completed, exiting Cyder with exit code: 0 [Genesis Controlled Exit], no exceptions thrown,
               total objects created: 124
