          _____                _____                    _____                    _____                    _____
         /\    \              |\    \                  /\    \                  /\    \                  /\    \
        /::\    \             |:\____\                /::\    \                /::\    \                /::\    \
       /::::\    \            |::|   |               /::::\    \              /::::\    \              /::::\    \
      /::::::\    \           |::|   |              /::::::\    \            /::::::\    \            /::::::\    \
     /:::/\:::\    \          |::|   |             /:::/\:::\    \          /:::/\:::\    \          /:::/\:::\    \
    /:::/  \:::\    \         |::|   |            /:::/  \:::\    \        /:::/__\:::\    \        /:::/__\:::\    \
   /:::/    \:::\    \        |::|   |           /:::/    \:::\    \      /::::\   \:::\    \      /::::\   \:::\    \
  /:::/    / \:::\    \       |::|___|______    /:::/    / \:::\    \    /::::::\   \:::\    \    /::::::\   \:::\    \
 /:::/    /   \:::\    \      /::::::::\    \  /:::/    /   \:::\ ___\  /:::/\:::\   \:::\    \  /:::/\:::\   \:::\____\
/:::/____/     \:::\____\    /::::::::::\____\/:::/____/     \:::|    |/:::/__\:::\   \:::\____\/:::/  \:::\   \:::|    |
\:::\    \      \::/    /   /:::/~~~~/~~      \:::\    \     /:::|____|\:::\   \:::\   \::/    /\::/   |::::\  /:::|____|
 \:::\    \      \/____/   /:::/    /          \:::\    \   /:::/    /  \:::\   \:::\   \/____/  \/____|:::::\/:::/    /
  \:::\    \              /:::/    /            \:::\    \ /:::/    /    \:::\   \:::\    \            |:::::::::/    /
   \:::\    \            /:::/    /              \:::\    /:::/    /      \:::\   \:::\____\           |::|\::::/    /
    \:::\    \           \::/    /                \:::\  /:::/    /        \:::\   \::/    /           |::| \::/____/
     \:::\    \           \/____/                  \:::\/:::/    /          \:::\   \/____/            |::|  ~|
      \:::\    \                                    \::::::/    /            \:::\    \                |::|   |
       \:::\____\                                    \::::/    /              \:::\____\               \::|   |
        \::/    /                                     \::/____/                \::/    /                \:|   |
         \/____/                                       ~~                       \/____/                  \|___|


[20-53-20.509] [ENTRY]: Nathan
[20-53-20.433] [DEBUG]: Loaded 131 static resources
[20-53-20.449] [DEBUG]: Loaded 16 static folders
[20-53-20.463] [DEBUG]: Found prop file: props\propkeys.ini
[20-53-20.463] [DEBUG]: Found prop file: props\props.ini
[20-53-20.474] [PROP LOADED]: [key = map_quest_api_key]
[20-53-20.474] [PROP LOADED]: [key = youtube_api_3_key]
[20-53-20.474] [PROP LOADED]: [key = ip_key]
[20-53-20.474] [PROP LOADED]: [key = weather_key]
[20-53-20.474] [PROP LOADED]: [key = debug_hash_name, value = Nathan]
[20-53-20.474] [PROP LOADED]: [key = debug_hash_password, value = 571b100a3b69f7b09828c0b61d325b15e52c512c14fdcf6d248f7c
               a733d0a7f6]
[20-53-20.475] [PROP LOADED]: [key = default_weather_location, value = Austin,Tx,USA]
[20-53-20.475] [PROP LOADED]: [key = ignore_data, value = typinganimation,showseconds,roundedwindows,windowcolor
               ,audiolength,capsmode,typingsound,showbusyicon,clockonconsole,consoleclockformat]
[20-53-20.475] [PROP LOADED]: [key = font_metric, value = 1]
[20-53-20.475] [PROP LOADED]: [key = max_font_size, value = 50]
[20-53-20.475] [PROP LOADED]: [key = min_font_size, value = 25]
[20-53-20.475] [PROP LOADED]: [key = released, value = false]
[20-53-20.475] [PROP LOADED]: [key = version, value = Liminal]
[20-53-20.475] [PROP LOADED]: [key = release_date, value = 22.7.4]
[20-53-20.475] [PROP LOADED]: [key = components_relocatable, value = false]
[20-53-20.475] [PROP LOADED]: [key = testing_mode, value = true]
[20-53-20.475] [PROP LOADED]: [key = autocypher, value = true]
[20-53-20.476] [PROP LOADED]: [key = dispose_splash, value = true]
[20-53-20.476] [PROP LOADED]: [key = wipe_logs_on_start, value = false]
[20-53-20.476] [PROP LOADED]: [key = activate_watchdog, value = false]
[20-53-20.476] [PROP LOADED]: [key = ffmpeg_audio_output_format, value = mp3]
[20-53-20.476] [PROP LOADED]: [key = printing_animation_char_timeout, value = 8]
[20-53-20.476] [PROP LOADED]: [key = printing_animation_line_timeout, value = 100]
[20-53-20.476] [PROP LOADED]: [key = ui_scale, value = 1]
[20-53-20.476] [PROP LOADED]: [key = auto_trigger_similar_commands, value = true]
[20-53-20.476] [PROP LOADED]: [key = auto_trigger_similar_command_tolerance, value = 0.95]
[20-53-20.476] [PROP LOADED]: [key = latency_ip, value = 172.217.4.78]
[20-53-20.476] [PROP LOADED]: [key = latency_port, value = 80]
[20-53-20.476] [PROP LOADED]: [key = latency_name, value = Google]
[20-53-20.476] [PROP LOADED]: [key = props_reloadable, value = false]
[20-53-20.502] [DEBUG]: Jar mode set as: FALSE
[20-53-20.586] [THREAD STARTED]: Object Creation Logger
[20-53-21.178] [DEBUG]: Watchdog skipped
[20-53-21.233] [LOADING MESSAGE]: Registering fonts
[20-53-21.812] [FONT LOADED]: agency-fb
[20-53-21.820] [FONT LOADED]: arial-black
[20-53-21.827] [FONT LOADED]: beyno
[20-53-21.835] [FONT LOADED]: condiment-regular
[20-53-21.844] [FONT LOADED]: prompt-bold
[20-53-21.854] [FONT LOADED]: segoe-ui-black
[20-53-21.864] [FONT LOADED]: tahoma
[20-53-21.865] [LOADING MESSAGE]: Ensuring singular instance
[20-53-21.868] [THREAD STARTED]: Singular Cyder Instance Ensurer
[20-53-21.869] [DEBUG]: Starting instance socket on port 5150
[20-53-22.372] [LOADING MESSAGE]: Ensuring OS is supported
[20-53-22.373] [LOADING MESSAGE]: Creating dynamics
[20-53-22.373] [SYSTEM IO]: Requested deletion of: C:\Users\Nathan\Documents\IntelliJava\Cyder\dynamic\tmp
[20-53-22.385] [LOADING MESSAGE]: Validating users
[20-53-22.559] [USER GET]: key = name, value = Nathan
[20-53-22.559] [USER GET]: key = foreground, value = f0f0f0
[20-53-22.560] [USER GET]: key = Font, value = Agency FB
[20-53-22.560] [USER GET]: key = background, value = 0f0f0f
[20-53-22.561] [USER GET]: key = loggedin, value = 0
[20-53-22.571] [USER GET]: key = screenstat, value = ScreenStat{consoleX=258, consoleY=267, consoleWidth=832, consoleHeight=797,
               monitor=0, consoleOnTop=true, consoleDirection=RIGHT}
[20-53-22.598] [USER GET]: key = mappedexecutable, value = []
[20-53-22.599] [USER GET]: key = laststart, value = 1661904843682
[20-53-22.599] [USER GET]: key = minimizeonclose, value = 0
[20-53-22.600] [USER GET]: key = pass, value = 1b0a051deaadc2e793bfe185cd81a74b9c56f75bd713f28507d1abd99332a28
[20-53-22.600] [USER GET]: key = youtubeuuid, value = aaaaaaaaaiI
[20-53-22.600] [USER GET]: key = debugwindows, value = 0
[20-53-22.601] [USER GET]: key = hourlychimes, value = 1
[20-53-22.601] [USER GET]: key = intromusic, value = 0
[20-53-22.602] [USER GET]: key = fullscreen, value = 0
[20-53-22.602] [USER GET]: key = outputfill, value = 0
[20-53-22.602] [USER GET]: key = inputfill, value = 0
[20-53-22.603] [USER GET]: key = filterchat, value = 1
[20-53-22.604] [USER GET]: key = inputborder, value = 0
[20-53-22.604] [USER GET]: key = fontsize, value = 27
[20-53-22.605] [USER GET]: key = outputborder, value = 0
[20-53-22.605] [USER GET]: key = silenceerrors, value = 1
[20-53-22.606] [USER GET]: key = doanimations, value = 1
[20-53-22.606] [USER GET]: key = compacttextmode, value = 0
[20-53-22.607] [USER GET]: key = darkmode, value = 0
[20-53-22.608] [USER GET]: key = wrapshell, value = 1
[20-53-22.608] [USER GET]: key = persistentnotifications, value = 0
[20-53-22.609] [USER GET]: key = randombackground, value = 0
[20-53-22.611] [USER GET]: key = mappedexecutable, value = []
[20-53-22.612] [USER GET]: key = screenstat, value = ScreenStat{consoleX=258, consoleY=267, consoleWidth=832, consoleHeight=797,
               monitor=0, consoleOnTop=true, consoleDirection=RIGHT}
[20-53-22.620] [USER GET]: key = name, value = Nathan
[20-53-22.621] [LOADING MESSAGE]: Cleaning users
[20-53-22.633] [LOADING MESSAGE]: Validating props
[20-53-22.745] [LOADING MESSAGE]: Validating Widgets
[20-53-23.604] [OBJECT CREATION]: Objects created since last delta (5000ms): 46
[20-53-24.165] [LOADING MESSAGE]: Validating Tests
[20-53-24.168] [LOADING MESSAGE]: Validating Vanilla annotations
[20-53-24.179] [LOADING MESSAGE]: Validating Handles
[20-53-24.194] [THREAD STARTED]: Splash Loader
[20-53-24.195] [THREAD STARTED]: Sufficient Subroutine Executor
[20-53-24.196] [LOADING MESSAGE]: Logging JVM args
[20-53-24.198] [THREAD STARTED]: JVM Args Logger
[20-53-24.203] [DEBUG]: Set latency ip as 172.217.4.78
[20-53-24.204] [DEBUG]: Set latency port as 80
[20-53-24.204] [DEBUG]: Set latency host name as Google
[20-53-24.216] [LOADING MESSAGE]: Checking for an AutoCypher
[20-53-24.216] [LOGIN]: AutoCypher Attempt
[20-53-24.217] [LOADING MESSAGE]: Auto Cyphering
[20-53-24.220] [USER GET]: key = name, value = Nathan [2x]
[20-53-24.255] [USER GET]: key = pass, value = 1b0a051deaadc2e793bfe185cd81a74b9c56f75bd713f28507d1abd99332a28
[20-53-24.357] [USER GET]: key = darkmode, value = 0 [2x]
[20-53-24.598] [UNIQUE OBJECT CREATED]: Console singleton constructed
[20-53-24.599] [USER GET]: key = name, value = Nathan
[20-53-24.631] [THREAD STARTED]: Splash Animation
[20-53-24.651] [DEBUG]: Cyder Entry = AutoCypher
[20-53-24.653] [THREAD STARTED]: High Ping Checker
[20-53-24.710] [DEBUG]: Latency of Google found to be 43ms
[20-53-24.747] [USER GET]: key = name, value = Nathan
[20-53-24.748] [USER GET]: key = randombackground, value = 0
[20-53-24.878] [USER GET]: key = fullscreen, value = 0 [3x]
[20-53-24.879] [USER GET]: key = name, value = Nathan
[20-53-24.918] [USER GET]: key = foreground, value = f0f0f0 [3x]
[20-53-24.919] [USER GET]: key = Font, value = Agency FB
[20-53-24.919] [USER GET]: key = fontsize, value = 27
[20-53-24.951] [USER GET]: key = outputborder, value = 0
[20-53-24.952] [USER GET]: key = outputfill, value = 0
[20-53-24.974] [USER GET]: key = inputborder, value = 0
[20-53-24.978] [USER GET]: key = foreground, value = f0f0f0 [3x]
[20-53-24.979] [USER GET]: key = Font, value = Agency FB
[20-53-24.979] [USER GET]: key = fontsize, value = 27
[20-53-24.981] [USER GET]: key = inputfill, value = 0
[20-53-25.094] [THREAD STARTED]: Hourly Chime Checker
[20-53-25.096] [THREAD STARTED]: Console Clock Updater
[20-53-25.098] [THREAD STARTED]: Cyder Busy Checker
[20-53-25.101] [THREAD STARTED]: [Cyder Splash] dispose() animation thread
[20-53-25.102] [USER GET]: key = fullscreen, value = 0
[20-53-25.103] [USER GET]: key = screenstat, value = ScreenStat{consoleX=258, consoleY=267, consoleWidth=832, consoleHeight=797,
               monitor=0, consoleOnTop=true, consoleDirection=RIGHT}
[20-53-25.110] [UI]: CyderFrame disposed with fastclose=true, getTitle=Cyder Splash
[20-53-25.254] [THREAD STARTED]: Console Printing Animation
[20-53-25.266] [CONSOLE OUT]: [STRING]: Console loaded in 5s 5ms
[20-53-25.300] [USER GET]: key = debugwindows, value = 0
[20-53-25.301] [CONSOLE LOADED]: [Nathan] [TESTING MODE]
[20-53-25.302] [THREAD STARTED]: Manual Tests Thread
[20-53-25.303] [USER GET]: key = laststart, value = 1661904843682
[20-53-25.303] [USER GET]: key = intromusic, value = 0
[20-53-26.898] [THREAD STARTED]: Liminal Cyder [Nathan] Opacity Decrement Animator
[20-53-27.098] [THREAD STARTED]: Splash Loading Label Updater
[20-53-27.224] [USER GET]: key = screenstat, value = ScreenStat{consoleX=258, consoleY=267, consoleWidth=832, consoleHeight=797,
               monitor=0, consoleOnTop=true, consoleDirection=RIGHT}
[20-53-27.277] [SYSTEM IO]: [JSON WRITE] [Levenshtein = 18] User was written to file: 7d7ebb00-81fe-329f-8a78-62f463d0b7
               da\Userdata.json
[20-53-27.287] [USER GET]: key = name, value = Nathan
[20-53-27.288] [USER GET]: key = foreground, value = f0f0f0
[20-53-27.288] [USER GET]: key = Font, value = Agency FB
[20-53-27.289] [USER GET]: key = background, value = 0f0f0f
[20-53-27.289] [USER GET]: key = loggedin, value = 1
[20-53-27.290] [USER GET]: key = screenstat, value = ScreenStat{consoleX=1014, consoleY=327, consoleWidth=832,
               consoleHeight=797, monitor=0, consoleOnTop=false, consoleDirection=RIGHT}
[20-53-27.291] [USER GET]: key = mappedexecutable, value = []
[20-53-27.293] [USER GET]: key = laststart, value = 1661910805303
[20-53-27.294] [USER GET]: key = minimizeonclose, value = 0
[20-53-27.295] [USER GET]: key = pass, value = 1b0a051deaadc2e793bfe185cd81a74b9c56f75bd713f28507d1abd99332a28
[20-53-27.295] [USER GET]: key = youtubeuuid, value = aaaaaaaaaiI
[20-53-27.296] [USER GET]: key = debugwindows, value = 0
[20-53-27.297] [USER GET]: key = hourlychimes, value = 1
[20-53-27.297] [USER GET]: key = intromusic, value = 0
[20-53-27.298] [USER GET]: key = fullscreen, value = 0
[20-53-27.298] [USER GET]: key = outputfill, value = 0
[20-53-27.299] [USER GET]: key = inputfill, value = 0
[20-53-27.300] [USER GET]: key = filterchat, value = 1
[20-53-27.300] [USER GET]: key = inputborder, value = 0
[20-53-27.301] [USER GET]: key = fontsize, value = 27
[20-53-27.301] [USER GET]: key = outputborder, value = 0
[20-53-27.302] [USER GET]: key = silenceerrors, value = 1
[20-53-27.303] [USER GET]: key = doanimations, value = 1
[20-53-27.304] [USER GET]: key = compacttextmode, value = 0
[20-53-27.304] [USER GET]: key = darkmode, value = 0
[20-53-27.305] [USER GET]: key = wrapshell, value = 1
[20-53-27.306] [USER GET]: key = persistentnotifications, value = 0
[20-53-27.306] [USER GET]: key = randombackground, value = 0
[20-53-27.307] [USER GET]: key = mappedexecutable, value = []
[20-53-27.309] [USER GET]: key = screenstat, value = ScreenStat{consoleX=1014, consoleY=327, consoleWidth=832,
               consoleHeight=797, monitor=0, consoleOnTop=false, consoleDirection=RIGHT}
[20-53-27.320] [SYSTEM IO]: Requested deletion of: C:\Users\Nathan\Documents\IntelliJava\Cyder\dynamic\backup\7d7ebb00
               -81fe-329f-8a78-62f463d0b7da_1661904846259.json
[20-53-27.322] [THREAD STARTED]: Liminal Cyder [Nathan] Opacity Increment Animator
[20-53-28.499] [THREAD STARTED]: Liminal Cyder [Nathan] Opacity Decrement Animator
[20-53-28.546] [USER GET]: key = screenstat, value = ScreenStat{consoleX=1014, consoleY=327, consoleWidth=832,
               consoleHeight=797, monitor=0, consoleOnTop=false, consoleDirection=RIGHT}
[20-53-28.549] [THREAD STARTED]: Liminal Cyder [Nathan] Opacity Increment Animator
[20-53-28.619] [OBJECT CREATION]: Objects created since last delta (5000ms): 75
[20-53-31.490] [THREAD STARTED]: Liminal Cyder [Nathan] Opacity Decrement Animator
[20-53-31.559] [USER GET]: key = screenstat, value = ScreenStat{consoleX=1014, consoleY=327, consoleWidth=832,
               consoleHeight=797, monitor=0, consoleOnTop=false, consoleDirection=RIGHT}
[20-53-31.589] [SYSTEM IO]: [JSON WRITE] [Levenshtein = 2] User was written to file: 7d7ebb00-81fe-329f-8a78-62f463d0b7d
               a\Userdata.json
[20-53-31.602] [USER GET]: key = name, value = Nathan
[20-53-31.603] [USER GET]: key = foreground, value = f0f0f0
[20-53-31.604] [USER GET]: key = Font, value = Agency FB
[20-53-31.604] [USER GET]: key = background, value = 0f0f0f
[20-53-31.605] [USER GET]: key = loggedin, value = 1
[20-53-31.605] [USER GET]: key = screenstat, value = ScreenStat{consoleX=1020, consoleY=327, consoleWidth=832,
               consoleHeight=797, monitor=0, consoleOnTop=false, consoleDirection=RIGHT}
[20-53-31.606] [USER GET]: key = mappedexecutable, value = []
[20-53-31.607] [USER GET]: key = laststart, value = 1661910805303
[20-53-31.607] [USER GET]: key = minimizeonclose, value = 0
[20-53-31.608] [USER GET]: key = pass, value = 1b0a051deaadc2e793bfe185cd81a74b9c56f75bd713f28507d1abd99332a28
[20-53-31.609] [USER GET]: key = youtubeuuid, value = aaaaaaaaaiI
[20-53-31.609] [USER GET]: key = debugwindows, value = 0
[20-53-31.682] [USER GET]: key = hourlychimes, value = 1
[20-53-31.683] [USER GET]: key = intromusic, value = 0
[20-53-31.684] [USER GET]: key = fullscreen, value = 0
[20-53-31.684] [USER GET]: key = outputfill, value = 0
[20-53-31.685] [USER GET]: key = inputfill, value = 0
[20-53-31.686] [USER GET]: key = filterchat, value = 1
[20-53-31.686] [USER GET]: key = inputborder, value = 0
[20-53-31.687] [USER GET]: key = fontsize, value = 27
[20-53-31.688] [USER GET]: key = outputborder, value = 0
[20-53-31.688] [USER GET]: key = silenceerrors, value = 1
[20-53-31.689] [USER GET]: key = doanimations, value = 1
[20-53-31.689] [USER GET]: key = compacttextmode, value = 0
[20-53-31.690] [USER GET]: key = darkmode, value = 0
[20-53-31.691] [USER GET]: key = wrapshell, value = 1
[20-53-31.692] [USER GET]: key = persistentnotifications, value = 0
[20-53-31.692] [USER GET]: key = randombackground, value = 0
[20-53-31.693] [USER GET]: key = mappedexecutable, value = []
[20-53-31.694] [USER GET]: key = screenstat, value = ScreenStat{consoleX=1020, consoleY=327, consoleWidth=832,
               consoleHeight=797, monitor=0, consoleOnTop=false, consoleDirection=RIGHT}
[20-53-31.700] [SYSTEM IO]: Requested deletion of: C:\Users\Nathan\Documents\IntelliJava\Cyder\dynamic\backup\7d7ebb00
               -81fe-329f-8a78-62f463d0b7da_1661910807311.json
[20-53-31.701] [THREAD STARTED]: Liminal Cyder [Nathan] Opacity Increment Animator
[20-53-32.281] [USER GET]: key = minimizeonclose, value = 0
[20-53-32.281] [USER GET]: key = screenstat, value = ScreenStat{consoleX=1020, consoleY=327, consoleWidth=832,
               consoleHeight=797, monitor=0, consoleOnTop=false, consoleDirection=RIGHT}
[20-53-32.288] [USER GET]: key = fullscreen, value = 0
[20-53-32.289] [THREAD STARTED]: [Liminal Cyder [Nathan]] dispose() animation thread
[20-53-32.384] [UI]: CyderFrame disposed with fastclose=false, getTitle=Liminal Cyder [Nathan]
[20-53-32.385] [USER GET]: key = doanimations, value = 1
[20-53-32.679] [EXIT]: [RUNTIME] 12s 296ms
[20-53-32.682] [EOL]: Log completed, exiting Cyder with exit code: 0 [Genesis Controlled Exit], no exceptions thrown,
               total objects created: 121
