          _____                _____                    _____                    _____                    _____
         /\    \              |\    \                  /\    \                  /\    \                  /\    \
        /::\    \             |:\____\                /::\    \                /::\    \                /::\    \
       /::::\    \            |::|   |               /::::\    \              /::::\    \              /::::\    \
      /::::::\    \           |::|   |              /::::::\    \            /::::::\    \            /::::::\    \
     /:::/\:::\    \          |::|   |             /:::/\:::\    \          /:::/\:::\    \          /:::/\:::\    \
    /:::/  \:::\    \         |::|   |            /:::/  \:::\    \        /:::/__\:::\    \        /:::/__\:::\    \
   /:::/    \:::\    \        |::|   |           /:::/    \:::\    \      /::::\   \:::\    \      /::::\   \:::\    \
  /:::/    / \:::\    \       |::|___|______    /:::/    / \:::\    \    /::::::\   \:::\    \    /::::::\   \:::\    \
 /:::/    /   \:::\    \      /::::::::\    \  /:::/    /   \:::\ ___\  /:::/\:::\   \:::\    \  /:::/\:::\   \:::\____\
/:::/____/     \:::\____\    /::::::::::\____\/:::/____/     \:::|    |/:::/__\:::\   \:::\____\/:::/  \:::\   \:::|    |
\:::\    \      \::/    /   /:::/~~~~/~~      \:::\    \     /:::|____|\:::\   \:::\   \::/    /\::/   |::::\  /:::|____|
 \:::\    \      \/____/   /:::/    /          \:::\    \   /:::/    /  \:::\   \:::\   \/____/  \/____|:::::\/:::/    /
  \:::\    \              /:::/    /            \:::\    \ /:::/    /    \:::\   \:::\    \            |:::::::::/    /
   \:::\    \            /:::/    /              \:::\    /:::/    /      \:::\   \:::\____\           |::|\::::/    /
    \:::\    \           \::/    /                \:::\  /:::/    /        \:::\   \::/    /           |::| \::/____/
     \:::\    \           \/____/                  \:::\/:::/    /          \:::\   \/____/            |::|  ~|
      \:::\    \                                    \::::::/    /            \:::\    \                |::|   |
       \:::\____\                                    \::::/    /              \:::\____\               \::|   |
        \::/    /                                     \::/____/                \::/    /                \:|   |
         \/____/                                       ~~                       \/____/                  \|___|


[22-35-59.611] [ENTRY]: Nathan
[22-35-59.547] [DEBUG]: Loaded 131 static resources
[22-35-59.571] [DEBUG]: Loaded 16 static folders
[22-35-59.582] [DEBUG]: Found prop file: props\propkeys.ini
[22-35-59.583] [DEBUG]: Found prop file: props\props.ini
[22-35-59.595] [PROP LOADED]: [key = map_quest_api_key]
[22-35-59.595] [PROP LOADED]: [key = youtube_api_3_key]
[22-35-59.595] [PROP LOADED]: [key = ip_key]
[22-35-59.595] [PROP LOADED]: [key = weather_key]
[22-35-59.595] [PROP LOADED]: [key = debug_hash_name, value = Nathan]
[22-35-59.595] [PROP LOADED]: [key = debug_hash_password, value = 571b100a3b69f7b09828c0b61d325b15e52c512c14fdcf6d248f7c
               a733d0a7f6]
[22-35-59.601] [PROP LOADED]: [key = default_weather_location, value = Austin,Tx,USA]
[22-35-59.601] [PROP LOADED]: [key = ignore_data, value = typinganimation,showseconds,roundedwindows,windowcolor
               ,audiolength,capsmode,typingsound,showbusyicon,clockonconsole,consoleclockformat]
[22-35-59.601] [PROP LOADED]: [key = font_metric, value = 1]
[22-35-59.601] [PROP LOADED]: [key = max_font_size, value = 50]
[22-35-59.602] [PROP LOADED]: [key = min_font_size, value = 25]
[22-35-59.602] [PROP LOADED]: [key = released, value = false]
[22-35-59.602] [PROP LOADED]: [key = version, value = Liminal]
[22-35-59.602] [PROP LOADED]: [key = release_date, value = 22.7.4]
[22-35-59.602] [PROP LOADED]: [key = components_relocatable, value = false]
[22-35-59.602] [PROP LOADED]: [key = testing_mode, value = true]
[22-35-59.602] [PROP LOADED]: [key = autocypher, value = true]
[22-35-59.602] [PROP LOADED]: [key = dispose_splash, value = true]
[22-35-59.602] [PROP LOADED]: [key = wipe_logs_on_start, value = false]
[22-35-59.602] [PROP LOADED]: [key = activate_watchdog, value = false]
[22-35-59.602] [PROP LOADED]: [key = ffmpeg_audio_output_format, value = mp3]
[22-35-59.602] [PROP LOADED]: [key = printing_animation_char_timeout, value = 8]
[22-35-59.603] [PROP LOADED]: [key = printing_animation_line_timeout, value = 100]
[22-35-59.603] [PROP LOADED]: [key = ui_scale, value = 1]
[22-35-59.603] [PROP LOADED]: [key = auto_trigger_similar_commands, value = true]
[22-35-59.603] [PROP LOADED]: [key = auto_trigger_similar_command_tolerance, value = 0.95]
[22-35-59.603] [PROP LOADED]: [key = latency_ip, value = 172.217.4.78]
[22-35-59.603] [PROP LOADED]: [key = latency_port, value = 80]
[22-35-59.603] [PROP LOADED]: [key = latency_name, value = Google]
[22-35-59.603] [PROP LOADED]: [key = props_reloadable, value = false]
[22-35-59.608] [DEBUG]: Jar mode set as: FALSE
[22-35-59.669] [THREAD STARTED]: Object Creation Logger
[22-36-00.382] [DEBUG]: Watchdog skipped
[22-36-00.390] [LOADING MESSAGE]: Registering fonts
[22-36-00.748] [FONT LOADED]: agency-fb
[22-36-00.750] [FONT LOADED]: arial-black
[22-36-00.751] [FONT LOADED]: beyno
[22-36-00.753] [FONT LOADED]: condiment-regular
[22-36-00.754] [FONT LOADED]: prompt-bold
[22-36-00.755] [FONT LOADED]: segoe-ui-black
[22-36-00.756] [FONT LOADED]: tahoma
[22-36-00.757] [LOADING MESSAGE]: Ensuring singular instance
[22-36-00.758] [THREAD STARTED]: Singular Cyder Instance Ensurer
[22-36-00.759] [DEBUG]: Starting instance socket on port 5150
[22-36-01.265] [LOADING MESSAGE]: Ensuring OS is supported
[22-36-01.266] [LOADING MESSAGE]: Creating dynamics
[22-36-01.267] [SYSTEM IO]: Requested deletion of: C:\Users\Nathan\Documents\IntelliJava\Cyder\dynamic\tmp
[22-36-01.278] [LOADING MESSAGE]: Validating users
[22-36-01.398] [USER GET]: key = name, value = Nathan
[22-36-01.398] [USER GET]: key = foreground, value = f0f0f0
[22-36-01.399] [USER GET]: key = Font, value = Agency FB
[22-36-01.399] [USER GET]: key = background, value = 0f0f0f
[22-36-01.400] [USER GET]: key = mappedexecutable, value = []
[22-36-01.417] [USER GET]: key = loggedin, value = 0
[22-36-01.435] [USER GET]: key = screenstat, value = ScreenStat{consoleX=1405, consoleY=286, consoleWidth=832,
               consoleHeight=797, monitor=0, consoleOnTop=true, consoleDirection=RIGHT}
[22-36-01.436] [USER GET]: key = persistentnotifications, value = 0
[22-36-01.437] [USER GET]: key = randombackground, value = 0
[22-36-01.438] [USER GET]: key = pass, value = 1b0a051deaadc2e793bfe185cd81a74b9c56f75bd713f28507d1abd99332a28
[22-36-01.438] [USER GET]: key = fontsize, value = 27
[22-36-01.439] [USER GET]: key = hourlychimes, value = 1
[22-36-01.440] [USER GET]: key = wrapshell, value = 1
[22-36-01.440] [USER GET]: key = intromusic, value = 0
[22-36-01.441] [USER GET]: key = debugwindows, value = 0
[22-36-01.442] [USER GET]: key = outputfill, value = 0
[22-36-01.442] [USER GET]: key = doanimations, value = 1
[22-36-01.443] [USER GET]: key = youtubeuuid, value = aaaaaaaaaiI
[22-36-01.444] [USER GET]: key = inputborder, value = 0
[22-36-01.444] [USER GET]: key = filterchat, value = 1
[22-36-01.445] [USER GET]: key = minimizeonclose, value = 0
[22-36-01.446] [USER GET]: key = compacttextmode, value = 0
[22-36-01.446] [USER GET]: key = fullscreen, value = 0
[22-36-01.447] [USER GET]: key = darkmode, value = 0
[22-36-01.448] [USER GET]: key = laststart, value = 1661916529569
[22-36-01.448] [USER GET]: key = outputborder, value = 0
[22-36-01.449] [USER GET]: key = inputfill, value = 0
[22-36-01.449] [USER GET]: key = silenceerrors, value = 1
[22-36-01.451] [USER GET]: key = mappedexecutable, value = []
[22-36-01.452] [USER GET]: key = screenstat, value = ScreenStat{consoleX=1405, consoleY=286, consoleWidth=832,
               consoleHeight=797, monitor=0, consoleOnTop=true, consoleDirection=RIGHT}
[22-36-01.462] [USER GET]: key = name, value = Nathan
[22-36-01.463] [LOADING MESSAGE]: Cleaning users
[22-36-01.466] [LOADING MESSAGE]: Validating props
[22-36-01.581] [LOADING MESSAGE]: Validating Widgets
[22-36-01.882] [LOADING MESSAGE]: Validating Tests
[22-36-01.888] [LOADING MESSAGE]: Validating Vanilla annotations
[22-36-01.900] [LOADING MESSAGE]: Validating Handles
[22-36-01.915] [THREAD STARTED]: Splash Loader
[22-36-01.917] [THREAD STARTED]: Sufficient Subroutine Executor
[22-36-01.920] [LOADING MESSAGE]: Logging JVM args
[22-36-01.921] [THREAD STARTED]: JVM Args Logger
[22-36-01.931] [DEBUG]: Set latency ip as 172.217.4.78
[22-36-01.932] [DEBUG]: Set latency port as 80
[22-36-01.933] [DEBUG]: Set latency host name as Google
[22-36-01.940] [LOADING MESSAGE]: Checking for an AutoCypher
[22-36-01.942] [LOGIN]: AutoCypher Attempt
[22-36-01.942] [LOADING MESSAGE]: Auto Cyphering
[22-36-01.947] [USER GET]: key = name, value = Nathan [2x]
[22-36-01.992] [USER GET]: key = pass, value = 1b0a051deaadc2e793bfe185cd81a74b9c56f75bd713f28507d1abd99332a28
[22-36-02.162] [USER GET]: key = darkmode, value = 0 [2x]
[22-36-02.402] [UNIQUE OBJECT CREATED]: Console singleton constructed
[22-36-02.404] [USER GET]: key = name, value = Nathan
[22-36-02.416] [THREAD STARTED]: Splash Animation
[22-36-02.466] [DEBUG]: Cyder Entry = AutoCypher
[22-36-02.468] [THREAD STARTED]: High Ping Checker
[22-36-02.530] [DEBUG]: Latency of Google found to be 45ms
[22-36-02.564] [USER GET]: key = name, value = Nathan
[22-36-02.565] [USER GET]: key = randombackground, value = 0
[22-36-02.614] [USER GET]: key = fullscreen, value = 0 [3x]
[22-36-02.615] [USER GET]: key = name, value = Nathan
[22-36-02.658] [USER GET]: key = foreground, value = f0f0f0 [3x]
[22-36-02.660] [USER GET]: key = Font, value = Agency FB
[22-36-02.660] [USER GET]: key = fontsize, value = 27
[22-36-02.684] [USER GET]: key = outputborder, value = 0
[22-36-02.684] [USER GET]: key = outputfill, value = 0
[22-36-02.690] [OBJECT CREATION]: Objects created since last delta (5000ms): 100
[22-36-02.721] [USER GET]: key = inputborder, value = 0
[22-36-02.726] [USER GET]: key = foreground, value = f0f0f0 [3x]
[22-36-02.726] [USER GET]: key = Font, value = Agency FB
[22-36-02.727] [USER GET]: key = fontsize, value = 27
[22-36-02.728] [USER GET]: key = inputfill, value = 0
[22-36-02.837] [THREAD STARTED]: Hourly Chime Checker
[22-36-02.842] [THREAD STARTED]: Console Clock Updater
[22-36-02.844] [THREAD STARTED]: Cyder Busy Checker
[22-36-02.848] [THREAD STARTED]: [Cyder Splash] dispose() animation thread
[22-36-02.849] [USER GET]: key = fullscreen, value = 0
[22-36-02.850] [USER GET]: key = screenstat, value = ScreenStat{consoleX=1405, consoleY=286, consoleWidth=832,
               consoleHeight=797, monitor=0, consoleOnTop=true, consoleDirection=RIGHT}
[22-36-02.858] [UI]: CyderFrame disposed with fastclose=true, getTitle=Cyder Splash
[22-36-02.992] [THREAD STARTED]: Console Printing Animation
[22-36-02.994] [CONSOLE OUT]: [STRING]: Console loaded in 3s 647ms
[22-36-03.023] [USER GET]: key = debugwindows, value = 0
[22-36-03.025] [CONSOLE LOADED]: [Nathan] [TESTING MODE]
[22-36-03.026] [THREAD STARTED]: Manual Tests Thread
[22-36-03.027] [USER GET]: key = laststart, value = 1661916529569
[22-36-03.028] [USER GET]: key = intromusic, value = 0
[22-36-04.832] [THREAD STARTED]: Splash Loading Label Updater
[22-36-07.694] [OBJECT CREATION]: Objects created since last delta (5000ms): 17
[22-36-07.847] [CLIENT]: open current log
[22-36-07.848] [USER GET]: key = filterchat, value = 1
[22-36-52.993] [THREAD STARTED]: Unknown Input Handler
[22-36-53.007] [USER GET]: key = wrapshell, value = 1
[22-37-40.195] [EOL]: Log completed, Cyder crashed unexpectedly: exit code: -9 External Stop, exceptions thrown: 0
