[12-14-40] [ENTRY]: [Nathan]
[12-14-40] [THREAD STARTED]: Singular Cyder Instance Ensurer
[12-14-41] [THREAD STARTED]: Splash Loader
[12-14-41] [THREAD STARTED]: Splash Animation
[12-14-41] [DEBUG]: Method annotated with @Widget is not named showGUI(); name: Christmas2020
[12-14-41] [DEBUG]: Method annotated with @Widget is not named showGUI(); name: Birthday2021
[12-14-41] [DEBUG]: Method annotated with @Widget is not named showGUI(); name: Christmas2021
[12-14-41] [DEBUG]: Method annotated with @Widget is not named showGUI(); name: FathersDay2021
[12-14-41] [THREAD STARTED]: Cyder Start Secondary Subroutines
[12-14-41] [LOGIN]: [AUTOCYPHER ATTEMPT]
[12-14-41] [JAVA ARGS]: [LOCATION] [La casa de Nathan]
[12-14-41] [ACTION]: Requested deletion of: C:\Users\Nathan\Documents\IntelliJava\Cyder\dynamic\tmp
[12-14-41] [SYSTEM_IO]: [User Write] User was written to file: 7d7ebb00-81fe-329f-8a78-62f463d0b7da\Userdata.json [4x]
[12-14-42] [LOGIN]: [[AUTOCYPHER PASS]: 7d7ebb00-81fe-329f-8a78-62f463d0b7da]
[12-14-42] [SYSTEM_IO]: [User Write] User was written to file: 7d7ebb00-81fe-329f-8a78-62f463d0b7da\Userdata.json
[12-14-42] [SYSTEM_IO]: Userdata requested: RandomBackground
[12-14-42] [SYSTEM_IO]: Userdata requested: FullScreen
[12-14-42] [SYSTEM_IO]: Userdata requested: fullscreen
[12-14-42] [SYSTEM_IO]: Userdata requested: FullScreen [2x]
[12-14-42] [THREAD STARTED]: Console Printing Animation
[12-14-42] [SYSTEM_IO]: Userdata requested: OutputBorder
[12-14-42] [SYSTEM_IO]: Userdata requested: FullScreen
[12-14-42] [SYSTEM_IO]: Userdata requested: InputBorder
[12-14-42] [THREAD STARTED]: Console Input Caret Position Updater
[12-14-42] [SYSTEM_IO]: Userdata requested: OutputFill
[12-14-42] [SYSTEM_IO]: Userdata requested: InputFill
[12-14-42] [THREAD STARTED]: High Ping Checker
[12-14-42] [THREAD STARTED]: Hourly Chime Checker
[12-14-42] [THREAD STARTED]: Console Clock Updater
[12-14-42] [THREAD STARTED]: Cyder Busy Checker
[12-14-42] [THREAD STARTED]: ConsoleFrame Data Saver
[12-14-42] [ACTION]: Console loaded in 2979ms
[12-14-42] [THREAD STARTED]: Component name = [cyder.ui.ConsoleFrame], bounds = [(1412, 362, 842, 638)], hash = [593103894], parentFrame = [Object itself is the top level frame], associated text = [No getText() method found], tooltip text = [No getTooltipText() method found], title = [Insomnia Cyder [Nathan]] notification queue checker
[12-14-42] [ACTION]: CyderFrame disposed with fastclose: true, CyderFrame: Component name = [cyder.ui.CyderFrame], bounds = [(980, 396, 600, 600)], hash = [2050314376], parentFrame = [Object itself is the top level frame], associated text = [No getText() method found], tooltip text = [No getTooltipText() method found], title = [Cyder Splash]
[12-14-42] [THREAD STARTED]: Cyder Splash CyderFrame dispose thread
[12-14-42] [SYSTEM_IO]: Userdata requested: DebugWindows
[12-14-42] [ENTRY]: [TESTING MODE]
[12-14-43] [ACTION]: [Insomnia Cyder [Nathan]] [NOTIFICATION] Console loaded in 2979ms
[12-14-43] [THREAD STARTED]: notification appear animation
[12-14-43] [SYSTEM_IO]: Userdata requested: laststart
[12-14-43] [SYSTEM_IO]: [User Write] User was written to file: 7d7ebb00-81fe-329f-8a78-62f463d0b7da\Userdata.json
[12-14-43] [SYSTEM_IO]: Userdata requested: persistentnotifications
[12-14-43] [THREAD STARTED]: Notificaiton vanish animater 1603096293
[12-14-45] [CLIENT]: conway
[12-14-45] [SYSTEM_IO]: Userdata requested: filterchat
[12-14-45] [SYSTEM_IO]: [User Write] User was written to file: 7d7ebb00-81fe-329f-8a78-62f463d0b7da\Userdata.json
[12-14-45] [WIDGET OPENED]: CONWAY
[12-14-45] [CONSOLE_OUT]: [STRING] Opening widget: GameOfLifeWidget
[12-14-45] [HANDLE]: PRIMARY HANDLE
[12-14-47] [THREAD STARTED]: component left thread
[12-14-47] [ACTION]: Component name = [cyder.ui.CyderButton], bounds = [(10, 10, 137, 40)], hash = [629048758], parentFrame = [Conway's Game of Life], associated text = [Copperhead], tooltip text = [No getTooltipText() method found], title = [No getTitle() method found]
[12-14-48] [THREAD STARTED]: component right thread
[12-14-48] [ACTION]: Component name = [cyder.ui.CyderButton], bounds = [(147, 10, 137, 40)], hash = [629048758], parentFrame = [Conway's Game of Life], associated text = [Gliders], tooltip text = [No getTooltipText() method found], title = [No getTitle() method found]
[12-14-49] [THREAD STARTED]: component left thread
[12-14-49] [ACTION]: Component name = [cyder.ui.CyderButton], bounds = [(10, 10, 137, 40)], hash = [629048758], parentFrame = [Conway's Game of Life], associated text = [Copperhead], tooltip text = [No getTooltipText() method found], title = [No getTitle() method found]
[12-14-53] [SYSTEM_IO]: [User Write] User was written to file: 7d7ebb00-81fe-329f-8a78-62f463d0b7da\Userdata.json [2x]
[12-14-54] [THREAD STARTED]: component right thread
[12-14-54] [ACTION]: Component name = [cyder.ui.CyderButton], bounds = [(147, 10, 137, 40)], hash = [629048758], parentFrame = [Conway's Game of Life], associated text = [Gliders], tooltip text = [No getTooltipText() method found], title = [No getTitle() method found]
[12-15-42] [SYSTEM_IO]: [User Write] User was written to file: 7d7ebb00-81fe-329f-8a78-62f463d0b7da\Userdata.json [13x]
[12-16-06] [EOL]: Log completed, Cyder crashed unexpectedly: exit code: -9 External Stop, exceptions thrown: 0
