[12-20-36] [ENTRY]: [Nathan]
[12-20-36] [THREAD STARTED]: Singular Cyder Instance Ensurer
[12-20-37] [THREAD STARTED]: Splash Loader
[12-20-37] [THREAD STARTED]: Splash Animation
[12-20-38] [DEBUG]: Method annotated with @Widget is not named showGUI(); name: FathersDay2021
[12-20-38] [DEBUG]: Method annotated with @Widget is not named showGUI(); name: Christmas2020
[12-20-38] [DEBUG]: Method annotated with @Widget is not named showGUI(); name: Birthday2021
[12-20-38] [DEBUG]: Method annotated with @Widget is not named showGUI(); name: Christmas2021
[12-20-38] [THREAD STARTED]: Cyder Start Secondary Subroutines
[12-20-38] [LOGIN]: [AUTOCYPHER ATTEMPT]
[12-20-38] [JAVA ARGS]: [LOCATION] [La casa de Nathan]
[12-20-38] [ACTION]: Requested deletion of: C:\Users\Nathan\Documents\IntelliJava\Cyder\dynamic\tmp
[12-20-38] [ACTION]: [DELETION FAILED] C:\Users\Nathan\Documents\IntelliJava\Cyder\dynamic\tmp
[12-20-38] [SYSTEM_IO]: [User Write] User was written to file: 7d7ebb00-81fe-329f-8a78-62f463d0b7da\Userdata.json [4x]
[12-20-38] [LOGIN]: [[AUTOCYPHER PASS]: 7d7ebb00-81fe-329f-8a78-62f463d0b7da]
[12-20-38] [SYSTEM_IO]: [User Write] User was written to file: 7d7ebb00-81fe-329f-8a78-62f463d0b7da\Userdata.json
[12-20-38] [SYSTEM_IO]: Userdata requested: RandomBackground
[12-20-38] [SYSTEM_IO]: Userdata requested: FullScreen
[12-20-38] [SYSTEM_IO]: Userdata requested: fullscreen
[12-20-38] [SYSTEM_IO]: Userdata requested: FullScreen [2x]
[12-20-38] [THREAD STARTED]: Console Printing Animation
[12-20-38] [SYSTEM_IO]: Userdata requested: OutputBorder
[12-20-38] [SYSTEM_IO]: Userdata requested: FullScreen
[12-20-38] [SYSTEM_IO]: Userdata requested: InputBorder
[12-20-39] [THREAD STARTED]: Console Input Caret Position Updater
[12-20-39] [SYSTEM_IO]: Userdata requested: OutputFill
[12-20-39] [SYSTEM_IO]: Userdata requested: InputFill
[12-20-39] [THREAD STARTED]: High Ping Checker
[12-20-39] [THREAD STARTED]: Hourly Chime Checker
[12-20-39] [THREAD STARTED]: Console Clock Updater
[12-20-39] [THREAD STARTED]: Cyder Busy Checker
[12-20-39] [THREAD STARTED]: ConsoleFrame Data Saver
[12-20-39] [ACTION]: Console loaded in 3291ms
[12-20-39] [THREAD STARTED]: Component name = [cyder.ui.ConsoleFrame], bounds = [(1412, 362, 842, 638)], hash = [1700721442], parentFrame = [Object itself is the top level frame], associated text = [No getText() method found], tooltip text = [No getTooltipText() method found], title = [Insomnia Cyder [Nathan]] notification queue checker
[12-20-39] [ACTION]: CyderFrame disposed with fastclose: true, CyderFrame: Component name = [cyder.ui.CyderFrame], bounds = [(980, 396, 600, 600)], hash = [1967104749], parentFrame = [Object itself is the top level frame], associated text = [No getText() method found], tooltip text = [No getTooltipText() method found], title = [Cyder Splash]
[12-20-39] [THREAD STARTED]: Cyder Splash CyderFrame dispose thread
[12-20-39] [SYSTEM_IO]: Userdata requested: DebugWindows
[12-20-39] [ENTRY]: [TESTING MODE]
[12-20-39] [ACTION]: [Insomnia Cyder [Nathan]] [NOTIFICATION] Console loaded in 3291ms
[12-20-39] [THREAD STARTED]: notification appear animation
[12-20-39] [SYSTEM_IO]: Userdata requested: laststart
[12-20-39] [SYSTEM_IO]: [User Write] User was written to file: 7d7ebb00-81fe-329f-8a78-62f463d0b7da\Userdata.json
[12-20-39] [SYSTEM_IO]: Userdata requested: persistentnotifications
[12-20-39] [THREAD STARTED]: Notificaiton vanish animater 1396615218
[12-20-41] [CLIENT]: conway
[12-20-41] [SYSTEM_IO]: Userdata requested: filterchat
[12-20-41] [WIDGET OPENED]: CONWAY
[12-20-41] [CONSOLE_OUT]: [STRING] Opening widget: GameOfLifeWidget
[12-20-41] [HANDLE]: PRIMARY HANDLE
[12-20-42] [SYSTEM_IO]: [User Write] User was written to file: 7d7ebb00-81fe-329f-8a78-62f463d0b7da\Userdata.json
[12-20-43] [THREAD STARTED]: Conway's Game of Life start button timeout
[12-20-43] [ACTION]: Component name = [cyder.ui.CyderButton], bounds = [(20, 1002, 294, 40)], hash = [1885857181], parentFrame = [Conway's Game of Life], associated text = [Reset], tooltip text = [No getTooltipText() method found], title = [No getTitle() method found]
[12-20-43] [THREAD STARTED]: component left thread
[12-20-43] [ACTION]: Component name = [cyder.ui.CyderButton], bounds = [(10, 10, 137, 40)], hash = [690717523], parentFrame = [Conway's Game of Life], associated text = [Copperhead], tooltip text = [No getTooltipText() method found], title = [No getTitle() method found]
[12-20-44] [THREAD STARTED]: Conway's Game of Life start button timeout
[12-20-44] [ACTION]: Component name = [cyder.ui.CyderButton], bounds = [(20, 1002, 294, 40)], hash = [1885857181], parentFrame = [Conway's Game of Life], associated text = [Reset], tooltip text = [No getTooltipText() method found], title = [No getTitle() method found]
[12-20-44] [THREAD STARTED]: component right thread
[12-20-44] [ACTION]: Component name = [cyder.ui.CyderButton], bounds = [(147, 10, 137, 40)], hash = [690717523], parentFrame = [Conway's Game of Life], associated text = [Gliders], tooltip text = [No getTooltipText() method found], title = [No getTitle() method found]
[12-20-45] [THREAD STARTED]: Conway's Game of Life start button timeout
[12-20-45] [ACTION]: Component name = [cyder.ui.CyderButton], bounds = [(20, 1002, 294, 40)], hash = [1885857181], parentFrame = [Conway's Game of Life], associated text = [Reset], tooltip text = [No getTooltipText() method found], title = [No getTitle() method found]
[12-20-45] [THREAD STARTED]: component left thread
[12-20-45] [ACTION]: Component name = [cyder.ui.CyderButton], bounds = [(10, 10, 137, 40)], hash = [690717523], parentFrame = [Conway's Game of Life], associated text = [Copperhead], tooltip text = [No getTooltipText() method found], title = [No getTitle() method found]
[12-20-45] [SYSTEM_IO]: [User Write] User was written to file: 7d7ebb00-81fe-329f-8a78-62f463d0b7da\Userdata.json
[12-20-45] [THREAD STARTED]: Conway's Game of Life start button timeout
[12-20-45] [ACTION]: Component name = [cyder.ui.CyderButton], bounds = [(20, 1002, 294, 40)], hash = [1885857181], parentFrame = [Conway's Game of Life], associated text = [Reset], tooltip text = [No getTooltipText() method found], title = [No getTitle() method found]
[12-20-45] [THREAD STARTED]: component right thread
[12-20-45] [ACTION]: Component name = [cyder.ui.CyderButton], bounds = [(147, 10, 137, 40)], hash = [690717523], parentFrame = [Conway's Game of Life], associated text = [Gliders], tooltip text = [No getTooltipText() method found], title = [No getTitle() method found]
[12-20-47] [THREAD STARTED]: Conway's Game of Life start button timeout
[12-20-47] [ACTION]: Component name = [cyder.ui.CyderButton], bounds = [(20, 1002, 294, 40)], hash = [1885857181], parentFrame = [Conway's Game of Life], associated text = [Reset], tooltip text = [No getTooltipText() method found], title = [No getTitle() method found]
[12-20-47] [THREAD STARTED]: component left thread
[12-20-47] [ACTION]: Component name = [cyder.ui.CyderButton], bounds = [(10, 10, 137, 40)], hash = [690717523], parentFrame = [Conway's Game of Life], associated text = [Copperhead], tooltip text = [No getTooltipText() method found], title = [No getTitle() method found]
[12-20-48] [THREAD STARTED]: Conway's Game of Life start button timeout
[12-20-48] [ACTION]: Component name = [cyder.ui.CyderButton], bounds = [(20, 1002, 294, 40)], hash = [1885857181], parentFrame = [Conway's Game of Life], associated text = [Reset], tooltip text = [No getTooltipText() method found], title = [No getTitle() method found]
[12-20-48] [THREAD STARTED]: component right thread
[12-20-48] [ACTION]: Component name = [cyder.ui.CyderButton], bounds = [(147, 10, 137, 40)], hash = [690717523], parentFrame = [Conway's Game of Life], associated text = [Gliders], tooltip text = [No getTooltipText() method found], title = [No getTitle() method found]
[12-20-48] [THREAD STARTED]: Conway's Game of Life start button timeout
[12-20-48] [ACTION]: Component name = [cyder.ui.CyderButton], bounds = [(20, 1002, 294, 40)], hash = [1885857181], parentFrame = [Conway's Game of Life], associated text = [Reset], tooltip text = [No getTooltipText() method found], title = [No getTitle() method found]
[12-20-48] [THREAD STARTED]: component left thread
[12-20-48] [ACTION]: Component name = [cyder.ui.CyderButton], bounds = [(10, 10, 137, 40)], hash = [690717523], parentFrame = [Conway's Game of Life], associated text = [Copperhead], tooltip text = [No getTooltipText() method found], title = [No getTitle() method found]
[12-20-49] [SYSTEM_IO]: [User Write] User was written to file: 7d7ebb00-81fe-329f-8a78-62f463d0b7da\Userdata.json
[12-20-49] [THREAD STARTED]: Conway's Game of Life start button timeout
[12-20-49] [ACTION]: Component name = [cyder.ui.CyderButton], bounds = [(20, 1002, 294, 40)], hash = [1885857181], parentFrame = [Conway's Game of Life], associated text = [Reset], tooltip text = [No getTooltipText() method found], title = [No getTitle() method found]
[12-20-49] [THREAD STARTED]: component right thread
[12-20-49] [ACTION]: Component name = [cyder.ui.CyderButton], bounds = [(147, 10, 137, 40)], hash = [690717523], parentFrame = [Conway's Game of Life], associated text = [Gliders], tooltip text = [No getTooltipText() method found], title = [No getTitle() method found]
[12-20-50] [THREAD STARTED]: Conway's Game of Life start button timeout
[12-20-50] [ACTION]: Component name = [cyder.ui.CyderButton], bounds = [(20, 1002, 294, 40)], hash = [1885857181], parentFrame = [Conway's Game of Life], associated text = [Reset], tooltip text = [No getTooltipText() method found], title = [No getTitle() method found]
[12-20-50] [THREAD STARTED]: component left thread
[12-20-50] [ACTION]: Component name = [cyder.ui.CyderButton], bounds = [(10, 10, 137, 40)], hash = [690717523], parentFrame = [Conway's Game of Life], associated text = [Copperhead], tooltip text = [No getTooltipText() method found], title = [No getTitle() method found]
[12-21-46] [SYSTEM_IO]: [User Write] User was written to file: 7d7ebb00-81fe-329f-8a78-62f463d0b7da\Userdata.json [15x]
[12-22-10] [EOL]: Log completed, Cyder crashed unexpectedly: exit code: -9 External Stop, exceptions thrown: 0
