[12-22-10] [ENTRY]: [Nathan]
[12-22-10] [THREAD STARTED]: Singular Cyder Instance Ensurer
[12-22-11] [THREAD STARTED]: Splash Loader
[12-22-11] [THREAD STARTED]: Splash Animation
[12-22-12] [DEBUG]: Method annotated with @Widget is not named showGUI(); name: Christmas2021
[12-22-12] [DEBUG]: Method annotated with @Widget is not named showGUI(); name: Christmas2020
[12-22-12] [DEBUG]: Method annotated with @Widget is not named showGUI(); name: FathersDay2021
[12-22-12] [DEBUG]: Method annotated with @Widget is not named showGUI(); name: Birthday2021
[12-22-12] [THREAD STARTED]: Cyder Start Secondary Subroutines
[12-22-12] [LOGIN]: [AUTOCYPHER ATTEMPT]
[12-22-12] [JAVA ARGS]: [LOCATION] [La casa de Nathan]
[12-22-12] [ACTION]: Requested deletion of: C:\Users\Nathan\Documents\IntelliJava\Cyder\dynamic\tmp
[12-22-12] [ACTION]: [DELETION FAILED] C:\Users\Nathan\Documents\IntelliJava\Cyder\dynamic\tmp
[12-22-12] [SYSTEM_IO]: [User Write] User was written to file: 7d7ebb00-81fe-329f-8a78-62f463d0b7da\Userdata.json
[12-22-12] [SYSTEM_IO]: [User Write] User was written to file: 7d7ebb00-81fe-329f-8a78-62f463d0b7da\Userdata.json
[12-22-12] [SYSTEM_IO]: [User Write] User was written to file: 7d7ebb00-81fe-329f-8a78-62f463d0b7da\Userdata.json
[12-22-12] [SYSTEM_IO]: [User Write] User was written to file: 7d7ebb00-81fe-329f-8a78-62f463d0b7da\Userdata.json
[12-22-12] [LOGIN]: [[AUTOCYPHER PASS]: 7d7ebb00-81fe-329f-8a78-62f463d0b7da]
[12-22-12] [SYSTEM_IO]: [User Write] User was written to file: 7d7ebb00-81fe-329f-8a78-62f463d0b7da\Userdata.json
[12-22-12] [SYSTEM_IO]: Userdata requested: RandomBackground
[12-22-12] [SYSTEM_IO]: Userdata requested: FullScreen
[12-22-12] [SYSTEM_IO]: Userdata requested: fullscreen
[12-22-12] [SYSTEM_IO]: Userdata requested: FullScreen
[12-22-12] [SYSTEM_IO]: Userdata requested: FullScreen
[12-22-13] [THREAD STARTED]: Console Printing Animation
[12-22-13] [SYSTEM_IO]: Userdata requested: OutputBorder
[12-22-13] [SYSTEM_IO]: Userdata requested: FullScreen
[12-22-13] [SYSTEM_IO]: Userdata requested: InputBorder
[12-22-13] [THREAD STARTED]: Console Input Caret Position Updater
[12-22-13] [SYSTEM_IO]: Userdata requested: OutputFill
[12-22-13] [SYSTEM_IO]: Userdata requested: InputFill
[12-22-13] [THREAD STARTED]: High Ping Checker
[12-22-13] [THREAD STARTED]: Hourly Chime Checker
[12-22-13] [THREAD STARTED]: Console Clock Updater
[12-22-13] [THREAD STARTED]: Cyder Busy Checker
[12-22-13] [THREAD STARTED]: ConsoleFrame Data Saver
[12-22-13] [ACTION]: Console loaded in 2938ms
[12-22-13] [SYSTEM_IO]: Userdata requested: DebugWindows
[12-22-13] [ENTRY]: [TESTING MODE]
[12-22-13] [THREAD STARTED]: Component name = [cyder.ui.ConsoleFrame], bounds = [(1412, 362, 842, 638)], hash = [727666004], parentFrame = [Object itself is the top level frame], associated text = [No getText() method found], tooltip text = [No getTooltipText() method found], title = [Insomnia Cyder [Nathan]] notification queue checker
[12-22-13] [ACTION]: CyderFrame disposed with fastclose: true, CyderFrame: Component name = [cyder.ui.CyderFrame], bounds = [(980, 396, 600, 600)], hash = [517623519], parentFrame = [Object itself is the top level frame], associated text = [No getText() method found], tooltip text = [No getTooltipText() method found], title = [Cyder Splash]
[12-22-13] [THREAD STARTED]: Cyder Splash CyderFrame dispose thread
[12-22-13] [SYSTEM_IO]: Userdata requested: laststart
[12-22-13] [ACTION]: [Insomnia Cyder [Nathan]] [NOTIFICATION] Console loaded in 2938ms
[12-22-13] [THREAD STARTED]: notification appear animation
[12-22-13] [SYSTEM_IO]: [User Write] User was written to file: 7d7ebb00-81fe-329f-8a78-62f463d0b7da\Userdata.json
[12-22-13] [SYSTEM_IO]: Userdata requested: persistentnotifications
[12-22-13] [THREAD STARTED]: Notificaiton vanish animater 1532132868
[12-22-16] [SYSTEM_IO]: [User Write] User was written to file: 7d7ebb00-81fe-329f-8a78-62f463d0b7da\Userdata.json
[12-22-16] [CLIENT]: conway
[12-22-16] [SYSTEM_IO]: Userdata requested: filterchat
[12-22-16] [CONSOLE_OUT]: [STRING] Opening widget: GameOfLifeWidget
[12-22-16] [WIDGET OPENED]: CONWAY
[12-22-16] [HANDLE]: PRIMARY HANDLE
[12-22-17] [THREAD STARTED]: Conway's Game of Life start button timeout
[12-22-17] [THREAD STARTED]: component left thread
[12-22-17] [ACTION]: Component name = [cyder.ui.CyderButton], bounds = [(10, 10, 137, 40)], hash = [438029743], parentFrame = [Conway's Game of Life], associated text = [Copperhead], tooltip text = [No getTooltipText() method found], title = [No getTitle() method found]
[12-22-18] [THREAD STARTED]: Conway's Game of Life start button timeout
[12-22-18] [THREAD STARTED]: component right thread
[12-22-18] [ACTION]: Component name = [cyder.ui.CyderButton], bounds = [(147, 10, 137, 40)], hash = [438029743], parentFrame = [Conway's Game of Life], associated text = [Gliders], tooltip text = [No getTooltipText() method found], title = [No getTitle() method found]
[12-22-19] [THREAD STARTED]: Conway's Game of Life start button timeout
[12-22-19] [THREAD STARTED]: component left thread
[12-22-19] [ACTION]: Component name = [cyder.ui.CyderButton], bounds = [(10, 10, 137, 40)], hash = [438029743], parentFrame = [Conway's Game of Life], associated text = [Copperhead], tooltip text = [No getTooltipText() method found], title = [No getTitle() method found]
[12-22-19] [SYSTEM_IO]: [User Write] User was written to file: 7d7ebb00-81fe-329f-8a78-62f463d0b7da\Userdata.json
[12-22-20] [THREAD STARTED]: Conway's Game of Life start button timeout
[12-22-20] [THREAD STARTED]: component right thread
[12-22-20] [ACTION]: Component name = [cyder.ui.CyderButton], bounds = [(147, 10, 137, 40)], hash = [438029743], parentFrame = [Conway's Game of Life], associated text = [Gliders], tooltip text = [No getTooltipText() method found], title = [No getTitle() method found]
[12-22-21] [THREAD STARTED]: Conway's Game of Life game thread
[12-22-21] [ACTION]: Component name = [cyder.ui.CyderButton], bounds = [(324, 1002, 294, 40)], hash = [616901162], parentFrame = [Conway's Game of Life], associated text = [Stop], tooltip text = [No getTooltipText() method found], title = [No getTitle() method found]
[12-22-23] [SYSTEM_IO]: [User Write] User was written to file: 7d7ebb00-81fe-329f-8a78-62f463d0b7da\Userdata.json
[12-22-24] [THREAD STARTED]: Conway's Game of Life start button timeout
[12-22-24] [THREAD STARTED]: component left thread
[12-22-24] [ACTION]: Component name = [cyder.ui.CyderButton], bounds = [(10, 10, 137, 40)], hash = [438029743], parentFrame = [Conway's Game of Life], associated text = [Copperhead], tooltip text = [No getTooltipText() method found], title = [No getTitle() method found]
[12-22-26] [THREAD STARTED]: Conway's Game of Life game thread
[12-22-26] [ACTION]: Component name = [cyder.ui.CyderButton], bounds = [(324, 1002, 294, 40)], hash = [616901162], parentFrame = [Conway's Game of Life], associated text = [Stop], tooltip text = [No getTooltipText() method found], title = [No getTitle() method found]
[12-22-26] [SYSTEM_IO]: [User Write] User was written to file: 7d7ebb00-81fe-329f-8a78-62f463d0b7da\Userdata.json
[12-22-27] [THREAD STARTED]: Conway's Game of Life start button timeout
[12-22-27] [ACTION]: Component name = [cyder.ui.CyderButton], bounds = [(20, 1002, 294, 40)], hash = [764227278], parentFrame = [Conway's Game of Life], associated text = [Reset], tooltip text = [No getTooltipText() method found], title = [No getTitle() method found]
[12-22-28] [THREAD STARTED]: Conway's Game of Life start button timeout
[12-22-28] [THREAD STARTED]: component right thread
[12-22-28] [ACTION]: Component name = [cyder.ui.CyderButton], bounds = [(147, 10, 137, 40)], hash = [438029743], parentFrame = [Conway's Game of Life], associated text = [Gliders], tooltip text = [No getTooltipText() method found], title = [No getTitle() method found]
[12-22-30] [THREAD STARTED]: Conway's Game of Life game thread
[12-22-30] [ACTION]: Component name = [cyder.ui.CyderButton], bounds = [(324, 1002, 294, 40)], hash = [616901162], parentFrame = [Conway's Game of Life], associated text = [Stop], tooltip text = [No getTooltipText() method found], title = [No getTitle() method found]
[12-22-30] [SYSTEM_IO]: [User Write] User was written to file: 7d7ebb00-81fe-329f-8a78-62f463d0b7da\Userdata.json
[12-22-31] [THREAD STARTED]: Conway's Game of Life start button timeout
[12-22-31] [ACTION]: Component name = [cyder.ui.CyderButton], bounds = [(20, 1002, 294, 40)], hash = [764227278], parentFrame = [Conway's Game of Life], associated text = [Reset], tooltip text = [No getTooltipText() method found], title = [No getTitle() method found]
[12-22-32] [THREAD STARTED]: Conway's Game of Life game thread
[12-22-32] [ACTION]: Component name = [cyder.ui.CyderButton], bounds = [(324, 1002, 294, 40)], hash = [616901162], parentFrame = [Conway's Game of Life], associated text = [Stop], tooltip text = [No getTooltipText() method found], title = [No getTitle() method found]
[12-22-32] [THREAD STARTED]: Component name = [cyder.ui.CyderFrame], bounds = [(1363, 121, 940, 1120)], hash = [619759052], parentFrame = [Object itself is the top level frame], associated text = [No getText() method found], tooltip text = [No getTooltipText() method found], title = [Conway's Game of Life] notification queue checker
[12-22-32] [ACTION]: [Conway's Game of Life] [NOTIFICATION] Simulation ended with total elimination
[12-22-32] [THREAD STARTED]: notification appear animation
[12-22-32] [SYSTEM_IO]: Userdata requested: persistentnotifications
[12-22-32] [THREAD STARTED]: Notificaiton vanish animater 1532137580
[12-22-33] [THREAD STARTED]: Conway's Game of Life start button timeout
[12-22-33] [THREAD STARTED]: component left thread
[12-22-33] [ACTION]: Component name = [cyder.ui.CyderButton], bounds = [(10, 10, 137, 40)], hash = [438029743], parentFrame = [Conway's Game of Life], associated text = [Copperhead], tooltip text = [No getTooltipText() method found], title = [No getTitle() method found]
[12-22-33] [SYSTEM_IO]: [User Write] User was written to file: 7d7ebb00-81fe-329f-8a78-62f463d0b7da\Userdata.json
[12-22-34] [THREAD STARTED]: Conway's Game of Life start button timeout
[12-22-34] [THREAD STARTED]: component right thread
[12-22-34] [ACTION]: Component name = [cyder.ui.CyderButton], bounds = [(147, 10, 137, 40)], hash = [438029743], parentFrame = [Conway's Game of Life], associated text = [Gliders], tooltip text = [No getTooltipText() method found], title = [No getTitle() method found]
[12-22-36] [THREAD STARTED]: Conway's Game of Life game thread
[12-22-36] [ACTION]: Component name = [cyder.ui.CyderButton], bounds = [(324, 1002, 294, 40)], hash = [616901162], parentFrame = [Conway's Game of Life], associated text = [Stop], tooltip text = [No getTooltipText() method found], title = [No getTitle() method found]
[12-22-36] [ACTION]: Component name = [cyder.ui.CyderCheckbox], bounds = [(60, 1057, 50, 50)], hash = [810038743], parentFrame = [Conway's Game of Life], associated text = [No getText() method found], tooltip text = [No getTooltipText() method found], title = [No getTitle() method found]
[12-22-37] [SYSTEM_IO]: [User Write] User was written to file: 7d7ebb00-81fe-329f-8a78-62f463d0b7da\Userdata.json
[12-22-40] [THREAD STARTED]: Conway's Game of Life start button timeout
[12-22-40] [THREAD STARTED]: component left thread
[12-22-40] [ACTION]: Component name = [cyder.ui.CyderButton], bounds = [(10, 10, 137, 40)], hash = [438029743], parentFrame = [Conway's Game of Life], associated text = [Copperhead], tooltip text = [No getTooltipText() method found], title = [No getTitle() method found]
[12-22-40] [SYSTEM_IO]: [User Write] User was written to file: 7d7ebb00-81fe-329f-8a78-62f463d0b7da\Userdata.json
[12-22-41] [THREAD STARTED]: Conway's Game of Life game thread
[12-22-41] [ACTION]: Component name = [cyder.ui.CyderButton], bounds = [(324, 1002, 294, 40)], hash = [616901162], parentFrame = [Conway's Game of Life], associated text = [Stop], tooltip text = [No getTooltipText() method found], title = [No getTitle() method found]
[12-22-43] [THREAD STARTED]: Conway's Game of Life start button timeout
[12-22-43] [ACTION]: Component name = [cyder.ui.CyderButton], bounds = [(324, 1002, 294, 40)], hash = [616901162], parentFrame = [Conway's Game of Life], associated text = [Simulate], tooltip text = [No getTooltipText() method found], title = [No getTitle() method found]
[12-22-43] [THREAD STARTED]: Conway's Game of Life start button timeout
[12-22-43] [ACTION]: Component name = [cyder.ui.CyderButton], bounds = [(20, 1002, 294, 40)], hash = [764227278], parentFrame = [Conway's Game of Life], associated text = [Reset], tooltip text = [No getTooltipText() method found], title = [No getTitle() method found]
[12-22-44] [SYSTEM_IO]: [User Write] User was written to file: 7d7ebb00-81fe-329f-8a78-62f463d0b7da\Userdata.json
[12-22-44] [ACTION]: Component name = [cyder.ui.DragLabel], bounds = [(2, 2, 936, 28)], hash = [-14164673], parentFrame = [Conway's Game of Life], associated text = [No getText() method found], tooltip text = [No getTooltipText() method found], title = [No getTitle() method found]
[12-22-44] [ACTION]: CyderFrame disposed with fastclose: false, CyderFrame: Component name = [cyder.ui.CyderFrame], bounds = [(1363, 121, 940, 1120)], hash = [619759052], parentFrame = [Object itself is the top level frame], associated text = [No getText() method found], tooltip text = [No getTooltipText() method found], title = [Conway's Game of Life]
[12-22-44] [THREAD STARTED]: Conway's Game of Life CyderFrame dispose thread
[12-22-44] [SYSTEM_IO]: Userdata requested: closeanimation
[12-22-45] [ACTION]: Component name = [cyder.ui.DragLabel], bounds = [(2, 2, 796, 28)], hash = [-14299213], parentFrame = [Paint], associated text = [No getText() method found], tooltip text = [No getTooltipText() method found], title = [No getTitle() method found]
[12-22-45] [ACTION]: CyderFrame disposed with fastclose: false, CyderFrame: Component name = [cyder.ui.CyderFrame], bounds = [(1433, 266, 800, 830)], hash = [164006415], parentFrame = [Object itself is the top level frame], associated text = [No getText() method found], tooltip text = [No getTooltipText() method found], title = [Paint]
[12-22-45] [THREAD STARTED]: Paint CyderFrame dispose thread
[12-22-45] [SYSTEM_IO]: Userdata requested: closeanimation
[12-22-46] [SYSTEM_IO]: Userdata requested: minimizeonclose
[12-22-46] [SYSTEM_IO]: [User Write] User was written to file: 7d7ebb00-81fe-329f-8a78-62f463d0b7da\Userdata.json
[12-22-46] [ACTION]: CyderFrame disposed with fastclose: false, CyderFrame: Component name = [cyder.ui.ConsoleFrame], bounds = [(1412, 362, 842, 638)], hash = [727666004], parentFrame = [Object itself is the top level frame], associated text = [No getText() method found], tooltip text = [No getTooltipText() method found], title = [Insomnia Cyder [Nathan]]
[12-22-46] [THREAD STARTED]: Insomnia Cyder [Nathan] CyderFrame dispose thread
[12-22-46] [SYSTEM_IO]: Userdata requested: closeanimation
[12-22-46] [EXIT]: [RUNTIME] 36s
[12-22-46] [EOL]: Log completed, exiting Cyder with exit code: 0 [Genesis Controlled Exit], exceptions thrown: 0
