[13-27-04] [ENTRY]: [Nathan]
[13-27-04] [THREAD STARTED]: Singular Cyder Instance Ensurer
[13-27-05] [THREAD STARTED]: Splash Loader
[13-27-05] [THREAD STARTED]: Splash Animation
[13-27-06] [DEBUG]: Method annotated with @Widget is not named showGUI(); name: Christmas2020
[13-27-06] [DEBUG]: Method annotated with @Widget is not named showGUI(); name: Birthday2021
[13-27-06] [DEBUG]: Method annotated with @Widget is not named showGUI(); name: FathersDay2021
[13-27-06] [DEBUG]: Method annotated with @Widget is not named showGUI(); name: Christmas2021
[13-27-06] [THREAD STARTED]: Cyder Start Secondary Subroutines
[13-27-06] [LOGIN]: [AUTOCYPHER ATTEMPT]
[13-27-06] [JAVA ARGS]: [LOCATION] [La casa de Nathan]
[13-27-06] [ACTION]: Requested deletion of: C:\Users\Nathan\Documents\IntelliJava\Cyder\dynamic\tmp
[13-27-06] [ACTION]: [DELETION FAILED] C:\Users\Nathan\Documents\IntelliJava\Cyder\dynamic\tmp
[13-27-06] [SYSTEM_IO]: [User Write] User was written to file: 7d7ebb00-81fe-329f-8a78-62f463d0b7da\Userdata.json [4x]
[13-27-06] [LOGIN]: [[AUTOCYPHER PASS]: 7d7ebb00-81fe-329f-8a78-62f463d0b7da]
[13-27-06] [SYSTEM_IO]: [User Write] User was written to file: 7d7ebb00-81fe-329f-8a78-62f463d0b7da\Userdata.json
[13-27-06] [SYSTEM_IO]: Userdata requested: RandomBackground
[13-27-06] [SYSTEM_IO]: Userdata requested: FullScreen
[13-27-06] [SYSTEM_IO]: Userdata requested: fullscreen
[13-27-06] [SYSTEM_IO]: Userdata requested: FullScreen [2x]
[13-27-06] [THREAD STARTED]: Console Printing Animation
[13-27-06] [SYSTEM_IO]: Userdata requested: OutputBorder
[13-27-06] [SYSTEM_IO]: Userdata requested: FullScreen
[13-27-06] [SYSTEM_IO]: Userdata requested: InputBorder
[13-27-06] [THREAD STARTED]: Console Input Caret Position Updater
[13-27-06] [SYSTEM_IO]: Userdata requested: OutputFill
[13-27-06] [SYSTEM_IO]: Userdata requested: InputFill
[13-27-06] [THREAD STARTED]: High Ping Checker
[13-27-06] [THREAD STARTED]: Hourly Chime Checker
[13-27-06] [THREAD STARTED]: Console Clock Updater
[13-27-06] [THREAD STARTED]: Cyder Busy Checker
[13-27-06] [THREAD STARTED]: ConsoleFrame Data Saver
[13-27-07] [ACTION]: Console loaded in 3035ms
[13-27-07] [SYSTEM_IO]: Userdata requested: DebugWindows
[13-27-07] [ENTRY]: [TESTING MODE]
[13-27-07] [THREAD STARTED]: Component name = [cyder.ui.ConsoleFrame], bounds = [(1412, 362, 842, 638)], hash = [1280603381], parentFrame = [Object itself is the top level frame], associated text = [No getText() method found], tooltip text = [No getTooltipText() method found], title = [Insomnia Cyder [Nathan]] notification queue checker
[13-27-07] [ACTION]: CyderFrame disposed with fastclose: true, CyderFrame: Component name = [cyder.ui.CyderFrame], bounds = [(980, 396, 600, 600)], hash = [1181564754], parentFrame = [Object itself is the top level frame], associated text = [No getText() method found], tooltip text = [No getTooltipText() method found], title = [Cyder Splash]
[13-27-07] [THREAD STARTED]: Cyder Splash CyderFrame dispose thread
[13-27-07] [SYSTEM_IO]: Userdata requested: laststart
[13-27-07] [SYSTEM_IO]: [User Write] User was written to file: 7d7ebb00-81fe-329f-8a78-62f463d0b7da\Userdata.json
[13-27-07] [ACTION]: [Insomnia Cyder [Nathan]] [NOTIFICATION] Console loaded in 3035ms
[13-27-07] [THREAD STARTED]: notification appear animation
[13-27-07] [SYSTEM_IO]: Userdata requested: persistentnotifications
[13-27-07] [THREAD STARTED]: Notificaiton vanish animater -2143093031
[13-27-13] [SYSTEM_IO]: [User Write] User was written to file: 7d7ebb00-81fe-329f-8a78-62f463d0b7da\Userdata.json [2x]
[13-27-13] [ACTION]: Component name = [cyder.ui.CyderButton], bounds = [(160, 0, 40, 40)], hash = [1021975530], parentFrame = [Switcher test], associated text = [?], tooltip text = [No getTooltipText() method found], title = [No getTitle() method found]
[13-27-25] [SYSTEM_IO]: [User Write] User was written to file: 7d7ebb00-81fe-329f-8a78-62f463d0b7da\Userdata.json [3x]
[13-27-27] [ACTION]: Component name = [cyder.ui.CyderButton], bounds = [(160, 0, 40, 40)], hash = [1021975530], parentFrame = [Switcher test], associated text = [?], tooltip text = [No getTooltipText() method found], title = [No getTitle() method found] [5x]
[13-27-37] [SYSTEM_IO]: [User Write] User was written to file: 7d7ebb00-81fe-329f-8a78-62f463d0b7da\Userdata.json [3x]
[13-27-40] [ACTION]: Component name = [cyder.ui.CyderButton], bounds = [(160, 0, 40, 40)], hash = [1021975530], parentFrame = [Switcher test], associated text = [?], tooltip text = [No getTooltipText() method found], title = [No getTitle() method found] [2x]
[13-27-48] [SYSTEM_IO]: [User Write] User was written to file: 7d7ebb00-81fe-329f-8a78-62f463d0b7da\Userdata.json [3x]
[13-27-49] [ACTION]: Component name = [cyder.ui.CyderButton], bounds = [(160, 0, 40, 40)], hash = [1021975530], parentFrame = [Switcher test], associated text = [?], tooltip text = [No getTooltipText() method found], title = [No getTitle() method found]
[13-28-23] [SYSTEM_IO]: [User Write] User was written to file: 7d7ebb00-81fe-329f-8a78-62f463d0b7da\Userdata.json [9x]
[13-28-46] [EOL]: Log completed, Cyder crashed unexpectedly: exit code: -9 External Stop, exceptions thrown: 0
