[13-35-43] [ENTRY]: [Nathan]
[13-35-43] [THREAD STARTED]: Singular Cyder Instance Ensurer
[13-35-44] [THREAD STARTED]: Splash Loader
[13-35-44] [THREAD STARTED]: Splash Animation
[13-35-44] [DEBUG]: Method annotated with @Widget is not named showGUI(); name: Christmas2020
[13-35-44] [DEBUG]: Method annotated with @Widget is not named showGUI(); name: Birthday2021
[13-35-44] [DEBUG]: Method annotated with @Widget is not named showGUI(); name: FathersDay2021
[13-35-44] [DEBUG]: Method annotated with @Widget is not named showGUI(); name: Christmas2021
[13-35-44] [THREAD STARTED]: Cyder Start Secondary Subroutines
[13-35-44] [LOGIN]: [AUTOCYPHER ATTEMPT]
[13-35-44] [JAVA ARGS]: [LOCATION] [La casa de Nathan]
[13-35-44] [ACTION]: Requested deletion of: C:\Users\Nathan\Documents\IntelliJava\Cyder\dynamic\tmp
[13-35-44] [ACTION]: [DELETION FAILED] C:\Users\Nathan\Documents\IntelliJava\Cyder\dynamic\tmp
[13-35-44] [SYSTEM_IO]: [User Write] User was written to file: 7d7ebb00-81fe-329f-8a78-62f463d0b7da\Userdata.json [4x]
[13-35-45] [LOGIN]: [[AUTOCYPHER PASS]: 7d7ebb00-81fe-329f-8a78-62f463d0b7da]
[13-35-45] [SYSTEM_IO]: [User Write] User was written to file: 7d7ebb00-81fe-329f-8a78-62f463d0b7da\Userdata.json
[13-35-45] [SYSTEM_IO]: Userdata requested: RandomBackground
[13-35-45] [SYSTEM_IO]: Userdata requested: FullScreen
[13-35-45] [SYSTEM_IO]: Userdata requested: fullscreen
[13-35-45] [SYSTEM_IO]: Userdata requested: FullScreen [2x]
[13-35-45] [THREAD STARTED]: Console Printing Animation
[13-35-45] [SYSTEM_IO]: Userdata requested: OutputBorder
[13-35-45] [SYSTEM_IO]: Userdata requested: FullScreen
[13-35-45] [SYSTEM_IO]: Userdata requested: InputBorder
[13-35-45] [THREAD STARTED]: Console Input Caret Position Updater
[13-35-45] [SYSTEM_IO]: Userdata requested: OutputFill
[13-35-45] [SYSTEM_IO]: Userdata requested: InputFill
[13-35-45] [THREAD STARTED]: High Ping Checker
[13-35-45] [THREAD STARTED]: Hourly Chime Checker
[13-35-45] [THREAD STARTED]: Console Clock Updater
[13-35-45] [THREAD STARTED]: Cyder Busy Checker
[13-35-45] [THREAD STARTED]: ConsoleFrame Data Saver
[13-35-45] [ACTION]: Console loaded in 2674ms
[13-35-45] [THREAD STARTED]: Component name = [cyder.ui.ConsoleFrame], bounds = [(1412, 362, 842, 638)], hash = [832292933], parentFrame = [Object itself is the top level frame], associated text = [No getText() method found], tooltip text = [No getTooltipText() method found], title = [Insomnia Cyder [Nathan]] notification queue checker
[13-35-45] [ACTION]: CyderFrame disposed with fastclose: true, CyderFrame: Component name = [cyder.ui.CyderFrame], bounds = [(980, 396, 600, 600)], hash = [33646818], parentFrame = [Object itself is the top level frame], associated text = [No getText() method found], tooltip text = [No getTooltipText() method found], title = [Cyder Splash]
[13-35-45] [THREAD STARTED]: Cyder Splash CyderFrame dispose thread
[13-35-45] [SYSTEM_IO]: Userdata requested: DebugWindows
[13-35-45] [ENTRY]: [TESTING MODE]
[13-35-46] [ACTION]: [Insomnia Cyder [Nathan]] [NOTIFICATION] Console loaded in 2674ms
[13-35-46] [THREAD STARTED]: notification appear animation
[13-35-46] [SYSTEM_IO]: Userdata requested: laststart
[13-35-46] [SYSTEM_IO]: [User Write] User was written to file: 7d7ebb00-81fe-329f-8a78-62f463d0b7da\Userdata.json
[13-35-46] [SYSTEM_IO]: Userdata requested: persistentnotifications
[13-35-46] [THREAD STARTED]: Notificaiton vanish animater 1797393221
[13-35-48] [SYSTEM_IO]: [User Write] User was written to file: 7d7ebb00-81fe-329f-8a78-62f463d0b7da\Userdata.json
[13-35-49] [CLIENT]: hash
[13-35-49] [SYSTEM_IO]: Userdata requested: filterchat
[13-35-49] [CONSOLE_OUT]: [STRING] Opening widget: HashingWidget
[13-35-49] [WIDGET OPENED]: HASH
[13-35-49] [HANDLE]: PRIMARY HANDLE
[13-35-52] [ACTION]: Component name = [cyder.ui.CyderButton], bounds = [(140, 0, 40, 40)], hash = [1852137024], parentFrame = [Hasher], associated text = [?], tooltip text = [No getTooltipText() method found], title = [No getTitle() method found] [3x]
[13-35-52] [SYSTEM_IO]: [User Write] User was written to file: 7d7ebb00-81fe-329f-8a78-62f463d0b7da\Userdata.json
[13-35-52] [ACTION]: Component name = [cyder.ui.CyderButton], bounds = [(140, 0, 40, 40)], hash = [1852137024], parentFrame = [Hasher], associated text = [?], tooltip text = [No getTooltipText() method found], title = [No getTitle() method found] [2x]
[13-35-53] [ACTION]: Component name = [cyder.ui.CyderPasswordField], bounds = [(50, 90, 400, 40)], hash = [286474391], parentFrame = [Hasher], associated text = [No getText() method found], tooltip text = [No getTooltipText() method found], title = [No getTitle() method found]
[13-35-54] [ACTION]: Component name = [cyder.ui.CyderButton], bounds = [(50, 140, 180, 40)], hash = [1836970042], parentFrame = [Hasher], associated text = [Hash], tooltip text = [No getTooltipText() method found], title = [No getTitle() method found]
[13-35-55] [ACTION]: Component name = [cyder.ui.DragLabel], bounds = [(2, 2, 328, 28)], hash = [-14748961], parentFrame = [MD5 Hash Result], associated text = [No getText() method found], tooltip text = [No getTooltipText() method found], title = [No getTitle() method found]
[13-35-55] [ACTION]: CyderFrame disposed with fastclose: false, CyderFrame: Component name = [cyder.ui.CyderFrame], bounds = [(1667, 605, 332, 152)], hash = [849650279], parentFrame = [Object itself is the top level frame], associated text = [No getText() method found], tooltip text = [No getTooltipText() method found], title = [MD5 Hash Result]
[13-35-55] [THREAD STARTED]: MD5 Hash Result CyderFrame dispose thread
[13-35-55] [SYSTEM_IO]: Userdata requested: closeanimation
[13-35-55] [ACTION]: Component name = [cyder.ui.CyderButton], bounds = [(140, 0, 40, 40)], hash = [1852137024], parentFrame = [Hasher], associated text = [?], tooltip text = [No getTooltipText() method found], title = [No getTitle() method found]
[13-35-56] [SYSTEM_IO]: [User Write] User was written to file: 7d7ebb00-81fe-329f-8a78-62f463d0b7da\Userdata.json
[13-35-56] [ACTION]: Component name = [cyder.ui.CyderButton], bounds = [(50, 140, 180, 40)], hash = [1836970042], parentFrame = [Hasher], associated text = [Hash], tooltip text = [No getTooltipText() method found], title = [No getTitle() method found]
[13-35-57] [ACTION]: Component name = [cyder.ui.CyderPasswordField], bounds = [(50, 90, 400, 40)], hash = [286474391], parentFrame = [Hasher], associated text = [No getText() method found], tooltip text = [No getTooltipText() method found], title = [No getTitle() method found]
[13-35-57] [ACTION]: Component name = [cyder.ui.CyderButton], bounds = [(50, 140, 180, 40)], hash = [1836970042], parentFrame = [Hasher], associated text = [Hash], tooltip text = [No getTooltipText() method found], title = [No getTitle() method found]
[13-35-58] [ACTION]: Component name = [cyder.ui.DragLabel], bounds = [(2, 2, 582, 28)], hash = [-14504867], parentFrame = [SHA-256 Hash Result], associated text = [No getText() method found], tooltip text = [No getTooltipText() method found], title = [No getTitle() method found]
[13-35-58] [ACTION]: CyderFrame disposed with fastclose: false, CyderFrame: Component name = [cyder.ui.CyderFrame], bounds = [(1540, 605, 586, 152)], hash = [523274211], parentFrame = [Object itself is the top level frame], associated text = [No getText() method found], tooltip text = [No getTooltipText() method found], title = [SHA-256 Hash Result]
[13-35-58] [THREAD STARTED]: SHA-256 Hash Result CyderFrame dispose thread
[13-35-58] [SYSTEM_IO]: Userdata requested: closeanimation
[13-35-59] [ACTION]: Component name = [cyder.ui.CyderButton], bounds = [(140, 0, 40, 40)], hash = [1852137024], parentFrame = [Hasher], associated text = [?], tooltip text = [No getTooltipText() method found], title = [No getTitle() method found]
[13-35-59] [SYSTEM_IO]: [User Write] User was written to file: 7d7ebb00-81fe-329f-8a78-62f463d0b7da\Userdata.json
[13-36-00] [ACTION]: Component name = [cyder.ui.CyderPasswordField], bounds = [(50, 90, 400, 40)], hash = [286474391], parentFrame = [Hasher], associated text = [No getText() method found], tooltip text = [No getTooltipText() method found], title = [No getTitle() method found]
[13-36-00] [ACTION]: Component name = [cyder.ui.CyderButton], bounds = [(50, 140, 180, 40)], hash = [1836970042], parentFrame = [Hasher], associated text = [Hash], tooltip text = [No getTooltipText() method found], title = [No getTitle() method found]
[13-36-02] [ACTION]: Component name = [cyder.ui.DragLabel], bounds = [(2, 2, 387, 28)], hash = [-14692262], parentFrame = [SHA-1 Hash Result], associated text = [No getText() method found], tooltip text = [No getTooltipText() method found], title = [No getTitle() method found]
[13-36-02] [ACTION]: CyderFrame disposed with fastclose: false, CyderFrame: Component name = [cyder.ui.CyderFrame], bounds = [(1637, 605, 391, 152)], hash = [1224682685], parentFrame = [Object itself is the top level frame], associated text = [No getText() method found], tooltip text = [No getTooltipText() method found], title = [SHA-1 Hash Result]
[13-36-02] [THREAD STARTED]: SHA-1 Hash Result CyderFrame dispose thread
[13-36-02] [SYSTEM_IO]: Userdata requested: closeanimation
[13-36-15] [SYSTEM_IO]: [User Write] User was written to file: 7d7ebb00-81fe-329f-8a78-62f463d0b7da\Userdata.json [4x]
[13-36-35] [EOL]: Log completed, Cyder crashed unexpectedly: exit code: -9 External Stop, exceptions thrown: 0
