[13-39-41] [ENTRY]: [Nathan]
[13-39-41] [THREAD STARTED]: Singular Cyder Instance Ensurer
[13-39-42] [THREAD STARTED]: Splash Loader
[13-39-42] [THREAD STARTED]: Splash Animation
[13-39-43] [DEBUG]: Method annotated with @Widget is not named showGUI(); name: Christmas2020
[13-39-43] [DEBUG]: Method annotated with @Widget is not named showGUI(); name: FathersDay2021
[13-39-43] [DEBUG]: Method annotated with @Widget is not named showGUI(); name: Birthday2021
[13-39-43] [DEBUG]: Method annotated with @Widget is not named showGUI(); name: Christmas2021
[13-39-43] [THREAD STARTED]: Cyder Start Secondary Subroutines
[13-39-43] [LOGIN]: [AUTOCYPHER ATTEMPT]
[13-39-43] [JAVA ARGS]: [LOCATION] [La casa de Nathan]
[13-39-43] [ACTION]: Requested deletion of: C:\Users\Nathan\Documents\IntelliJava\Cyder\dynamic\tmp
[13-39-43] [ACTION]: [DELETION FAILED] C:\Users\Nathan\Documents\IntelliJava\Cyder\dynamic\tmp
[13-39-43] [SYSTEM_IO]: [User Write] User was written to file: 7d7ebb00-81fe-329f-8a78-62f463d0b7da\Userdata.json [4x]
[13-39-43] [LOGIN]: [[AUTOCYPHER PASS]: 7d7ebb00-81fe-329f-8a78-62f463d0b7da]
[13-39-43] [SYSTEM_IO]: [User Write] User was written to file: 7d7ebb00-81fe-329f-8a78-62f463d0b7da\Userdata.json
[13-39-43] [SYSTEM_IO]: Userdata requested: RandomBackground
[13-39-43] [SYSTEM_IO]: Userdata requested: FullScreen
[13-39-43] [SYSTEM_IO]: Userdata requested: fullscreen
[13-39-43] [SYSTEM_IO]: Userdata requested: FullScreen [2x]
[13-39-43] [THREAD STARTED]: Console Printing Animation
[13-39-43] [SYSTEM_IO]: Userdata requested: OutputBorder
[13-39-43] [SYSTEM_IO]: Userdata requested: FullScreen
[13-39-44] [SYSTEM_IO]: Userdata requested: InputBorder
[13-39-44] [THREAD STARTED]: Console Input Caret Position Updater
[13-39-44] [SYSTEM_IO]: Userdata requested: OutputFill
[13-39-44] [SYSTEM_IO]: Userdata requested: InputFill
[13-39-44] [THREAD STARTED]: High Ping Checker
[13-39-44] [THREAD STARTED]: Hourly Chime Checker
[13-39-44] [THREAD STARTED]: Console Clock Updater
[13-39-44] [THREAD STARTED]: Cyder Busy Checker
[13-39-44] [THREAD STARTED]: ConsoleFrame Data Saver
[13-39-44] [ACTION]: Console loaded in 2691ms
[13-39-44] [THREAD STARTED]: Component name = [cyder.ui.ConsoleFrame], bounds = [(1412, 362, 842, 638)], hash = [832292933], parentFrame = [Object itself is the top level frame], associated text = [No getText() method found], tooltip text = [No getTooltipText() method found], title = [Insomnia Cyder [Nathan]] notification queue checker
[13-39-44] [ACTION]: CyderFrame disposed with fastclose: true, CyderFrame: Component name = [cyder.ui.CyderFrame], bounds = [(980, 396, 600, 600)], hash = [1449038073], parentFrame = [Object itself is the top level frame], associated text = [No getText() method found], tooltip text = [No getTooltipText() method found], title = [Cyder Splash]
[13-39-44] [THREAD STARTED]: Cyder Splash CyderFrame dispose thread
[13-39-44] [SYSTEM_IO]: Userdata requested: DebugWindows
[13-39-44] [ENTRY]: [TESTING MODE]
[13-39-44] [ACTION]: [Insomnia Cyder [Nathan]] [NOTIFICATION] Console loaded in 2691ms
[13-39-44] [THREAD STARTED]: notification appear animation
[13-39-44] [SYSTEM_IO]: Userdata requested: laststart
[13-39-44] [SYSTEM_IO]: [User Write] User was written to file: 7d7ebb00-81fe-329f-8a78-62f463d0b7da\Userdata.json
[13-39-44] [SYSTEM_IO]: Userdata requested: persistentnotifications
[13-39-44] [THREAD STARTED]: Notificaiton vanish animater -913868731
[13-39-58] [SYSTEM_IO]: [User Write] User was written to file: 7d7ebb00-81fe-329f-8a78-62f463d0b7da\Userdata.json [4x]
[13-39-58] [CLIENT]: hash
[13-39-58] [SYSTEM_IO]: Userdata requested: filterchat
[13-39-58] [CONSOLE_OUT]: [STRING] Opening widget: HashingWidget
[13-39-58] [WIDGET OPENED]: HASH
[13-39-58] [HANDLE]: PRIMARY HANDLE
[13-39-59] [ACTION]: Component name = [cyder.ui.DragLabel], bounds = [(2, 2, 496, 28)], hash = [-14587513], parentFrame = [Hasher], associated text = [No getText() method found], tooltip text = [No getTooltipText() method found], title = [No getTitle() method found]
[13-39-59] [ACTION]: CyderFrame disposed with fastclose: false, CyderFrame: Component name = [cyder.ui.CyderFrame], bounds = [(1583, 581, 500, 200)], hash = [1954677740], parentFrame = [Object itself is the top level frame], associated text = [No getText() method found], tooltip text = [No getTooltipText() method found], title = [Hasher]
[13-39-59] [THREAD STARTED]: Hasher CyderFrame dispose thread
[13-39-59] [SYSTEM_IO]: Userdata requested: closeanimation
[13-40-06] [SYSTEM_IO]: [User Write] User was written to file: 7d7ebb00-81fe-329f-8a78-62f463d0b7da\Userdata.json [2x]
[13-40-06] [ACTION]: Component name = [cyder.ui.DragLabel], bounds = [(2, 2, 596, 28)], hash = [-14491413], parentFrame = [Controls], associated text = [No getText() method found], tooltip text = [No getTooltipText() method found], title = [No getTitle() method found]
[13-40-09] [ACTION]: Component name = [cyder.ui.CyderCheckbox], bounds = [(240, 60, 50, 50)], hash = [1961321107], parentFrame = [Controls], associated text = [No getText() method found], tooltip text = [No getTooltipText() method found], title = [No getTitle() method found]
[13-40-17] [SYSTEM_IO]: [User Write] User was written to file: 7d7ebb00-81fe-329f-8a78-62f463d0b7da\Userdata.json [3x]
[13-40-17] [ACTION]: Component name = [cyder.ui.CyderCheckbox], bounds = [(180, 60, 50, 50)], hash = [290875121], parentFrame = [Controls], associated text = [No getText() method found], tooltip text = [No getTooltipText() method found], title = [No getTitle() method found]
[13-40-20] [ACTION]: Component name = [cyder.ui.CyderCheckbox], bounds = [(240, 60, 50, 50)], hash = [1961321107], parentFrame = [Controls], associated text = [No getText() method found], tooltip text = [No getTooltipText() method found], title = [No getTitle() method found]
[13-40-24] [SYSTEM_IO]: [User Write] User was written to file: 7d7ebb00-81fe-329f-8a78-62f463d0b7da\Userdata.json [2x]
[13-40-25] [ACTION]: Component name = [cyder.ui.CyderCheckbox], bounds = [(180, 60, 50, 50)], hash = [290875121], parentFrame = [Controls], associated text = [No getText() method found], tooltip text = [No getTooltipText() method found], title = [No getTitle() method found]
[13-40-51] [SYSTEM_IO]: [User Write] User was written to file: 7d7ebb00-81fe-329f-8a78-62f463d0b7da\Userdata.json [7x]
[13-40-52] [ACTION]: Component name = [cyder.ui.CyderCheckbox], bounds = [(240, 60, 50, 50)], hash = [1961321107], parentFrame = [Controls], associated text = [No getText() method found], tooltip text = [No getTooltipText() method found], title = [No getTitle() method found]
[13-41-14] [SYSTEM_IO]: [User Write] User was written to file: 7d7ebb00-81fe-329f-8a78-62f463d0b7da\Userdata.json [6x]
[13-41-15] [ACTION]: Component name = [cyder.ui.DragLabel], bounds = [(2, 2, 796, 28)], hash = [-14299213], parentFrame = [Paint], associated text = [No getText() method found], tooltip text = [No getTooltipText() method found], title = [No getTitle() method found]
[13-41-15] [ACTION]: CyderFrame disposed with fastclose: false, CyderFrame: Component name = [cyder.ui.CyderFrame], bounds = [(1433, 266, 800, 830)], hash = [383443425], parentFrame = [Object itself is the top level frame], associated text = [No getText() method found], tooltip text = [No getTooltipText() method found], title = [Paint]
[13-41-15] [THREAD STARTED]: Paint CyderFrame dispose thread
[13-41-15] [SYSTEM_IO]: Userdata requested: closeanimation
[13-41-17] [SYSTEM_IO]: Userdata requested: minimizeonclose
[13-41-17] [SYSTEM_IO]: [User Write] User was written to file: 7d7ebb00-81fe-329f-8a78-62f463d0b7da\Userdata.json
[13-41-17] [ACTION]: CyderFrame disposed with fastclose: false, CyderFrame: Component name = [cyder.ui.ConsoleFrame], bounds = [(1412, 362, 842, 638)], hash = [832292933], parentFrame = [Object itself is the top level frame], associated text = [No getText() method found], tooltip text = [No getTooltipText() method found], title = [Insomnia Cyder [Nathan]]
[13-41-17] [THREAD STARTED]: Insomnia Cyder [Nathan] CyderFrame dispose thread
[13-41-17] [SYSTEM_IO]: Userdata requested: closeanimation
[13-41-17] [EXIT]: [RUNTIME] 1m 35s
[13-41-17] [EOL]: Log completed, exiting Cyder with exit code: 0 [Genesis Controlled Exit], exceptions thrown: 0
