[17-42-53] [ENTRY]: [Nathan]
[17-42-54] [THREAD STARTED]: Singular Cyder Instance Ensurer
[17-42-54] [THREAD STARTED]: Splash Loader
[17-42-55] [THREAD STARTED]: Splash Animation
[17-42-55] [DEBUG]: Method annotated with @Widget is not named showGUI(); name: Birthday2021
[17-42-55] [DEBUG]: Method annotated with @Widget is not named showGUI(); name: Christmas2021
[17-42-55] [DEBUG]: Method annotated with @Widget is not named showGUI(); name: Christmas2020
[17-42-55] [DEBUG]: Method annotated with @Widget is not named showGUI(); name: FathersDay2021
[17-42-55] [THREAD STARTED]: Cyder Start Secondary Subroutines
[17-42-55] [LOGIN]: [AUTOCYPHER ATTEMPT]
[17-42-55] [JAVA ARGS]: [LOCATION] [La casa de Nathan]
[17-42-55] [ACTION]: Requested deletion of: C:\Users\Nathan\Documents\IntelliJava\Cyder\dynamic\tmp
[17-42-55] [ACTION]: [DELETION FAILED] C:\Users\Nathan\Documents\IntelliJava\Cyder\dynamic\tmp
[17-42-55] [SYSTEM_IO]: [User Write] User was written to file: 7d7ebb00-81fe-329f-8a78-62f463d0b7da\Userdata.json [4x]
[17-42-55] [LOGIN]: [[AUTOCYPHER PASS]: 7d7ebb00-81fe-329f-8a78-62f463d0b7da]
[17-42-55] [SYSTEM_IO]: [User Write] User was written to file: 7d7ebb00-81fe-329f-8a78-62f463d0b7da\Userdata.json
[17-42-55] [SYSTEM_IO]: Userdata requested: RandomBackground
[17-42-55] [SYSTEM_IO]: Userdata requested: FullScreen
[17-42-55] [SYSTEM_IO]: Userdata requested: fullscreen
[17-42-55] [SYSTEM_IO]: Userdata requested: FullScreen [2x]
[17-42-55] [THREAD STARTED]: Console Printing Animation
[17-42-55] [SYSTEM_IO]: Userdata requested: OutputBorder
[17-42-55] [SYSTEM_IO]: Userdata requested: FullScreen
[17-42-56] [SYSTEM_IO]: Userdata requested: InputBorder
[17-42-56] [THREAD STARTED]: Console Input Caret Position Updater
[17-42-56] [SYSTEM_IO]: Userdata requested: OutputFill
[17-42-56] [SYSTEM_IO]: Userdata requested: InputFill
[17-42-56] [THREAD STARTED]: High Ping Checker
[17-42-56] [THREAD STARTED]: Hourly Chime Checker
[17-42-56] [THREAD STARTED]: Console Clock Updater
[17-42-56] [THREAD STARTED]: Cyder Busy Checker
[17-42-56] [THREAD STARTED]: ConsoleFrame Data Saver
[17-42-56] [ACTION]: Console loaded in 2626ms
[17-42-56] [THREAD STARTED]: Component name = [cyder.ui.ConsoleFrame], bounds = [(1412, 754, 842, 638)], hash = [1280603381], parentFrame = [Object itself is the top level frame], associated text = [No getText() method found], tooltip text = [No getTooltipText() method found], title = [Insomnia Cyder [Nathan]] notification queue checker
[17-42-56] [ACTION]: CyderFrame disposed with fastclose: true, CyderFrame: Component name = [cyder.ui.CyderFrame], bounds = [(980, 396, 600, 600)], hash = [680134213], parentFrame = [Object itself is the top level frame], associated text = [No getText() method found], tooltip text = [No getTooltipText() method found], title = [Cyder Splash]
[17-42-56] [THREAD STARTED]: Cyder Splash CyderFrame dispose thread
[17-42-56] [SYSTEM_IO]: Userdata requested: DebugWindows
[17-42-56] [ENTRY]: [TESTING MODE]
[17-42-56] [WIDGET OPENED]: CONVEX HULL
[17-42-56] [SYSTEM_IO]: Userdata requested: laststart
[17-42-56] [SYSTEM_IO]: [User Write] User was written to file: 7d7ebb00-81fe-329f-8a78-62f463d0b7da\Userdata.json
[17-42-56] [ACTION]: [Insomnia Cyder [Nathan]] [NOTIFICATION] Console loaded in 2626ms
[17-42-56] [THREAD STARTED]: notification appear animation
[17-42-56] [SYSTEM_IO]: Userdata requested: persistentnotifications
[17-42-56] [THREAD STARTED]: Notificaiton vanish animater -1381507577
[17-42-59] [SYSTEM_IO]: [User Write] User was written to file: 7d7ebb00-81fe-329f-8a78-62f463d0b7da\Userdata.json
[17-43-01] [ACTION]: Component name = [cyder.ui.CyderButton], bounds = [(50, 780, 325, 40)], hash = [2023714963], parentFrame = [Convex hull], associated text = [Solve], tooltip text = [No getTooltipText() method found], title = [No getTitle() method found]
[17-43-02] [SYSTEM_IO]: [User Write] User was written to file: 7d7ebb00-81fe-329f-8a78-62f463d0b7da\Userdata.json
[17-43-05] [ACTION]: Component name = [cyder.ui.CyderButton], bounds = [(50, 780, 325, 40)], hash = [2023714963], parentFrame = [Convex hull], associated text = [Solve], tooltip text = [No getTooltipText() method found], title = [No getTitle() method found] [2x]
[17-43-10] [SYSTEM_IO]: [User Write] User was written to file: 7d7ebb00-81fe-329f-8a78-62f463d0b7da\Userdata.json [2x]
[17-43-31] [EOL]: Log completed, Cyder crashed unexpectedly: exit code: -9 External Stop, exceptions thrown: 0
