          _____                _____                    _____                    _____                    _____
         /\    \              |\    \                  /\    \                  /\    \                  /\    \
        /::\    \             |:\____\                /::\    \                /::\    \                /::\    \
       /::::\    \            |::|   |               /::::\    \              /::::\    \              /::::\    \
      /::::::\    \           |::|   |              /::::::\    \            /::::::\    \            /::::::\    \
     /:::/\:::\    \          |::|   |             /:::/\:::\    \          /:::/\:::\    \          /:::/\:::\    \
    /:::/  \:::\    \         |::|   |            /:::/  \:::\    \        /:::/__\:::\    \        /:::/__\:::\    \
   /:::/    \:::\    \        |::|   |           /:::/    \:::\    \      /::::\   \:::\    \      /::::\   \:::\    \
  /:::/    / \:::\    \       |::|___|______    /:::/    / \:::\    \    /::::::\   \:::\    \    /::::::\   \:::\    \
 /:::/    /   \:::\    \      /::::::::\    \  /:::/    /   \:::\ ___\  /:::/\:::\   \:::\    \  /:::/\:::\   \:::\____\
/:::/____/     \:::\____\    /::::::::::\____\/:::/____/     \:::|    |/:::/__\:::\   \:::\____\/:::/  \:::\   \:::|    |
\:::\    \      \::/    /   /:::/~~~~/~~      \:::\    \     /:::|____|\:::\   \:::\   \::/    /\::/   |::::\  /:::|____|
 \:::\    \      \/____/   /:::/    /          \:::\    \   /:::/    /  \:::\   \:::\   \/____/  \/____|:::::\/:::/    /
  \:::\    \              /:::/    /            \:::\    \ /:::/    /    \:::\   \:::\    \            |:::::::::/    /
   \:::\    \            /:::/    /              \:::\    /:::/    /      \:::\   \:::\____\           |::|\::::/    /
    \:::\    \           \::/    /                \:::\  /:::/    /        \:::\   \::/    /           |::| \::/____/
     \:::\    \           \/____/                  \:::\/:::/    /          \:::\   \/____/            |::|  ~|
      \:::\    \                                    \::::::/    /            \:::\    \                |::|   |
       \:::\____\                                    \::::/    /              \:::\____\               \::|   |
        \::/    /                                     \::/____/                \::/    /                \:|   |
         \/____/                                       ~~                       \/____/                  \|___|


[20-46-29] [ENTRY]: Nathan
[20-46-29] [PROP LOADED]: [key = map_quest_api_key]
[20-46-29] [PROP LOADED]: [key = youtube_api_3_key]
[20-46-29] [PROP LOADED]: [key = ip_key]
[20-46-29] [PROP LOADED]: [key = weather_key]
[20-46-29] [PROP LOADED]: [key = debug_hash_name]
[20-46-29] [PROP LOADED]: [key = debug_hash_password]
[20-46-29] [PROP LOADED]: [key = default_weather_location, value = Austin,Tx,USA]
[20-46-29] [PROP LOADED]: [key = ignore_data, value = typinganimation,showseconds,roundedwindows,windowcolor,audiolength
           ,capsmode,typingsound,showbusyicon]
[20-46-29] [PROP LOADED]: [key = font_metric, value = 1]
[20-46-29] [PROP LOADED]: [key = released, value = false]
[20-46-29] [PROP LOADED]: [key = fast_test, value = false]
[20-46-29] [PROP LOADED]: [key = version, value = Liminal]
[20-46-29] [PROP LOADED]: [key = release_date, value = 22.6.2]
[20-46-29] [PROP LOADED]: [key = components_relocatable, value = false]
[20-46-29] [PROP LOADED]: [key = testing_mode, value = true]
[20-46-29] [PROP LOADED]: [key = autocypher, value = true]
[20-46-29] [PROP LOADED]: [key = dispose_splash, value = true]
[20-46-29] [PROP LOADED]: [key = wipe_logs_on_start, value = false]
[20-46-29] [PROP LOADED]: [key = activate_watchdog, value = false]
[20-46-29] [PROP LOADED]: [key = ffmpeg_audio_output_format, value = mp3]
[20-46-29] [PROP LOADED]: [key = printing_animation_char_timeout, value = 8]
[20-46-29] [PROP LOADED]: [key = printing_animation_line_timeout, value = 100]
[20-46-29] [PROP LOADED]: [key = ui_scale, value = 0.25]
[20-46-29] [THREAD STARTED]: Object Creation Logger
[20-46-30] [DEBUG]: Watchdog skipped
[20-46-30] [THREAD STARTED]: Singular Cyder Instance Ensurer
[20-46-31] [FONT LOADED]: agency-fb
[20-46-31] [FONT LOADED]: arial-black
[20-46-31] [FONT LOADED]: beyno
[20-46-31] [FONT LOADED]: condiment-regular
[20-46-31] [FONT LOADED]: prompt-bold
[20-46-31] [FONT LOADED]: segoe-ui-black
[20-46-31] [FONT LOADED]: tahoma
[20-46-31] [THREAD STARTED]: Splash Loader
[20-46-31] [SYSTEM IO]: Requested deletion of: C:\Users\Nathan\Documents\IntelliJava\Cyder\dynamic\tmp
[20-46-31] [THREAD STARTED]: Splash Animation
[20-46-32] [UNIQUE OBJECT CREATED]: ConsoleFrame singleton constructed
[20-46-32] [THREAD STARTED]: Secondary Subroutines Runner
[20-46-32] [THREAD STARTED]: JVM Args Logger
[20-46-32] [LOGIN]: AUTOCYPHER ATTEMPT
[20-46-32] [OBJECT CREATION]: Objects created since last delta (5000ms): 75
[20-46-33] [DEBUG]: Cyder Entry = AutoCypher
[20-46-34] [THREAD STARTED]: High Ping Checker
[20-46-34] [THREAD STARTED]: Console Printing Animation
[20-46-34] [THREAD STARTED]: Hourly Chime Checker
[20-46-34] [THREAD STARTED]: Console Clock Updater
[20-46-34] [THREAD STARTED]: Cyder Busy Checker
[20-46-34] [THREAD STARTED]: ConsoleFrame Stat Saver
[20-46-34] [THREAD STARTED]: [Cyder Splash] dispose() animation thread
[20-46-34] [THREAD STARTED]: [Cyder Splash] dispose() animation thread
[20-46-34] [UI]: CyderFrame disposed with fastclose: true, Component = CyderFrame, hash = 2097760216, bounds = (980,
           396, 600, 600), parent frame = Component itself is a CyderFrame, getTitle() = Cyder Splash
[20-46-34] [BACKEND CRUD]: [PUT] Put of JVM args failed
[20-46-34] [THREAD STARTED]: Splash Loading Label Updater
[20-46-34] [CONSOLE LOADED]: [Nathan] [TESTING MODE]
[20-46-34] [THREAD STARTED]: Manual Tests Thread
[20-46-34] [CONSOLE OUT]: [STRING]: Console loaded in 5131ms
[20-46-35] [DEBUG]: Attempted to log a new or empty line
[20-46-37] [SYSTEM IO]: [JSON WRITE] [Levenshtein = 7] User was written to file: 7d7ebb00-81fe-329f-8a78-62f463d0b7da
           \Userdata.json
[20-46-37] [SYSTEM IO]: Requested deletion of: C:\Users\Nathan\Documents\IntelliJava\Cyder\dynamic\backup\7d7ebb00-81fe-
           329f-8a78-62f463d0b7da_1654825218370.json
[20-46-37] [OBJECT CREATION]: Objects created since last delta (5000ms): 41
[20-46-41] [THREAD STARTED]: Liminal Cyder [Nathan] Opacity Decrement Animator
[20-46-41] [THREAD STARTED]: Liminal Cyder [Nathan] Opacity Increment Animator
[20-46-42] [THREAD STARTED]: minimize menu thread
[20-46-42] [THREAD STARTED]: Console menu animator
[20-46-42] [OBJECT CREATION]: Objects created since last delta (5000ms): 16
[20-46-44] [UI]: Component = CyderLabel, hash = 1507828164, bounds = (0, 0, 75, 75), parent frame = Liminal Cyder
           [Nathan], getText() = <html><div style='text-align: center;'>Pref</html>
[20-46-44] [THREAD STARTED]: [Preferences] finalizeAndShow()
[20-46-45] [THREAD STARTED]: Preferences Opacity Decrement Animator
[20-46-45] [THREAD STARTED]: Preferences Opacity Increment Animator
[20-46-46] [THREAD STARTED]: Preferences Opacity Decrement Animator
[20-46-46] [THREAD STARTED]: Preferences Opacity Increment Animator
[20-46-46] [THREAD STARTED]: Liminal Cyder [Nathan] Opacity Decrement Animator
[20-46-47] [THREAD STARTED]: Liminal Cyder [Nathan] Opacity Increment Animator
[20-46-47] [THREAD STARTED]: Liminal Cyder [Nathan] Opacity Decrement Animator
[20-46-47] [THREAD STARTED]: Liminal Cyder [Nathan] Opacity Increment Animator
[20-46-47] [THREAD STARTED]: Liminal Cyder [Nathan] Opacity Decrement Animator
[20-46-47] [OBJECT CREATION]: Objects created since last delta (5000ms): 43
[20-46-48] [SYSTEM IO]: [JSON WRITE] [Levenshtein = 6] User was written to file: 7d7ebb00-81fe-329f-8a78-62f463d0b7da
           \Userdata.json
[20-46-48] [SYSTEM IO]: Requested deletion of: C:\Users\Nathan\Documents\IntelliJava\Cyder\dynamic\backup\7d7ebb00-81fe-
           329f-8a78-62f463d0b7da_1654825597242.json
[20-46-48] [THREAD STARTED]: Liminal Cyder [Nathan] Opacity Increment Animator
[20-46-49] [THREAD STARTED]: Console menu animator
[20-46-49] [THREAD STARTED]: minimize menu thread
[20-46-49] [THREAD STARTED]: minimize menu thread
[20-46-49] [THREAD STARTED]: Console menu animator
[20-46-50] [THREAD STARTED]: Console menu animator
[20-46-50] [THREAD STARTED]: minimize menu thread
[20-46-51] [THREAD STARTED]: minimize menu thread
[20-46-51] [THREAD STARTED]: Console menu animator
[20-46-51] [SYSTEM IO]: [JSON WRITE] [Levenshtein = 6] User was written to file: 7d7ebb00-81fe-329f-8a78-62f463d0b7da
           \Userdata.json
[20-46-51] [SYSTEM IO]: Requested deletion of: C:\Users\Nathan\Documents\IntelliJava\Cyder\dynamic\backup\7d7ebb00-81fe-
           329f-8a78-62f463d0b7da_1654825608175.json
[20-46-52] [OBJECT CREATION]: Objects created since last delta (5000ms): 26
[20-46-54] [THREAD STARTED]: Preferences Opacity Decrement Animator
[20-46-55] [THREAD STARTED]: Preferences Opacity Increment Animator
[20-46-57] [THREAD STARTED]: [[983x979] Moodswings] finalizeAndShow()
[20-46-57] [OBJECT CREATION]: Objects created since last delta (5000ms): 31
[20-46-58] [UI]: Component = CyderDragLabel, hash = -14299213, bounds = (2, 2, 796, 28), parent frame = [983x979] Moodswings
[20-46-58] [THREAD STARTED]: [[983x979] Moodswings] dispose() animation thread
[20-46-58] [UI]: CyderFrame disposed with fastclose: false, Component = CyderFrame, hash = 961556620, bounds = (801,
           364, 800, 796), parent frame = Component itself is a CyderFrame, getTitle() = [983x979] Moodswings
[20-47-02] [OBJECT CREATION]: Objects created since last delta (5000ms): 9
[20-47-17] [EOL]: Log completed, Cyder crashed unexpectedly: exit code: -9 External Stop, exceptions thrown: 0