          _____                _____                    _____                    _____                    _____
         /\    \              |\    \                  /\    \                  /\    \                  /\    \
        /::\    \             |:\____\                /::\    \                /::\    \                /::\    \
       /::::\    \            |::|   |               /::::\    \              /::::\    \              /::::\    \
      /::::::\    \           |::|   |              /::::::\    \            /::::::\    \            /::::::\    \
     /:::/\:::\    \          |::|   |             /:::/\:::\    \          /:::/\:::\    \          /:::/\:::\    \
    /:::/  \:::\    \         |::|   |            /:::/  \:::\    \        /:::/__\:::\    \        /:::/__\:::\    \
   /:::/    \:::\    \        |::|   |           /:::/    \:::\    \      /::::\   \:::\    \      /::::\   \:::\    \
  /:::/    / \:::\    \       |::|___|______    /:::/    / \:::\    \    /::::::\   \:::\    \    /::::::\   \:::\    \
 /:::/    /   \:::\    \      /::::::::\    \  /:::/    /   \:::\ ___\  /:::/\:::\   \:::\    \  /:::/\:::\   \:::\____\
/:::/____/     \:::\____\    /::::::::::\____\/:::/____/     \:::|    |/:::/__\:::\   \:::\____\/:::/  \:::\   \:::|    |
\:::\    \      \::/    /   /:::/~~~~/~~      \:::\    \     /:::|____|\:::\   \:::\   \::/    /\::/   |::::\  /:::|____|
 \:::\    \      \/____/   /:::/    /          \:::\    \   /:::/    /  \:::\   \:::\   \/____/  \/____|:::::\/:::/    /
  \:::\    \              /:::/    /            \:::\    \ /:::/    /    \:::\   \:::\    \            |:::::::::/    /
   \:::\    \            /:::/    /              \:::\    /:::/    /      \:::\   \:::\____\           |::|\::::/    /
    \:::\    \           \::/    /                \:::\  /:::/    /        \:::\   \::/    /           |::| \::/____/
     \:::\    \           \/____/                  \:::\/:::/    /          \:::\   \/____/            |::|  ~|
      \:::\    \                                    \::::::/    /            \:::\    \                |::|   |
       \:::\____\                                    \::::/    /              \:::\____\               \::|   |
        \::/    /                                     \::/____/                \::/    /                \:|   |
         \/____/                                       ~~                       \/____/                  \|___|


[21-17-43] [ENTRY]: Nathan
[21-17-43] [PROP LOADED]: [key = map_quest_api_key]
[21-17-43] [PROP LOADED]: [key = youtube_api_3_key]
[21-17-43] [PROP LOADED]: [key = ip_key]
[21-17-43] [PROP LOADED]: [key = weather_key]
[21-17-43] [PROP LOADED]: [key = debug_hash_name]
[21-17-43] [PROP LOADED]: [key = debug_hash_password]
[21-17-43] [PROP LOADED]: [key = default_weather_location, value = Austin,Tx,USA]
[21-17-43] [PROP LOADED]: [key = ignore_data, value = typinganimation,showseconds,roundedwindows,windowcolor,audiolength
           ,capsmode,typingsound,showbusyicon]
[21-17-43] [PROP LOADED]: [key = font_metric, value = 1]
[21-17-43] [PROP LOADED]: [key = released, value = false]
[21-17-43] [PROP LOADED]: [key = fast_test, value = false]
[21-17-43] [PROP LOADED]: [key = version, value = Liminal]
[21-17-43] [PROP LOADED]: [key = release_date, value = 22.6.2]
[21-17-43] [PROP LOADED]: [key = components_relocatable, value = false]
[21-17-43] [PROP LOADED]: [key = testing_mode, value = true]
[21-17-43] [PROP LOADED]: [key = autocypher, value = true]
[21-17-43] [PROP LOADED]: [key = dispose_splash, value = true]
[21-17-43] [PROP LOADED]: [key = wipe_logs_on_start, value = false]
[21-17-43] [PROP LOADED]: [key = activate_watchdog, value = false]
[21-17-43] [PROP LOADED]: [key = ffmpeg_audio_output_format, value = mp3]
[21-17-43] [PROP LOADED]: [key = printing_animation_char_timeout, value = 8]
[21-17-43] [PROP LOADED]: [key = printing_animation_line_timeout, value = 100]
[21-17-43] [PROP LOADED]: [key = ui_scale, value = 0.25]
[21-17-43] [THREAD STARTED]: Object Creation Logger
[21-17-43] [DEBUG]: Watchdog skipped
[21-17-43] [THREAD STARTED]: Singular Cyder Instance Ensurer
[21-17-44] [FONT LOADED]: agency-fb
[21-17-44] [FONT LOADED]: arial-black
[21-17-44] [FONT LOADED]: beyno
[21-17-44] [FONT LOADED]: condiment-regular
[21-17-44] [FONT LOADED]: prompt-bold
[21-17-44] [FONT LOADED]: segoe-ui-black
[21-17-44] [FONT LOADED]: tahoma
[21-17-44] [THREAD STARTED]: Splash Loader
[21-17-44] [SYSTEM IO]: Requested deletion of: C:\Users\Nathan\Documents\IntelliJava\Cyder\dynamic\tmp
[21-17-45] [THREAD STARTED]: Splash Animation
[21-17-45] [UNIQUE OBJECT CREATED]: ConsoleFrame singleton constructed
[21-17-45] [THREAD STARTED]: Secondary Subroutines Runner
[21-17-45] [LOGIN]: AUTOCYPHER ATTEMPT
[21-17-45] [THREAD STARTED]: JVM Args Logger
[21-17-46] [DEBUG]: Cyder Entry = AutoCypher
[21-17-46] [OBJECT CREATION]: Objects created since last delta (5000ms): 75
[21-17-47] [THREAD STARTED]: Console Printing Animation
[21-17-47] [THREAD STARTED]: Hourly Chime Checker
[21-17-47] [THREAD STARTED]: Console Clock Updater
[21-17-47] [THREAD STARTED]: Cyder Busy Checker
[21-17-47] [THREAD STARTED]: ConsoleFrame Stat Saver
[21-17-47] [THREAD STARTED]: [Cyder Splash] dispose() animation thread
[21-17-47] [THREAD STARTED]: [Cyder Splash] dispose() animation thread
[21-17-47] [UI]: CyderFrame disposed with fastclose: true, Component = CyderFrame, hash = 1096262838, bounds = (980,
           396, 600, 600), parent frame = Component itself is a CyderFrame, getTitle() = Cyder Splash
[21-17-47] [THREAD STARTED]: High Ping Checker
[21-17-47] [THREAD STARTED]: Splash Loading Label Updater
[21-17-48] [BACKEND CRUD]: [PUT] Put of JVM args failed
[21-17-48] [CONSOLE OUT]: [STRING]: Console loaded in 4909ms
[21-17-48] [CONSOLE LOADED]: [Nathan] [TESTING MODE]
[21-17-48] [THREAD STARTED]: Manual Tests Thread
[21-17-48] [DEBUG]: Attempted to log a new or empty line
[21-17-50] [THREAD STARTED]: minimize menu thread
[21-17-50] [THREAD STARTED]: Console menu animator
[21-17-50] [SYSTEM IO]: [JSON WRITE] [Levenshtein = 5] User was written to file: 7d7ebb00-81fe-329f-8a78-62f463d0b7da
           \Userdata.json
[21-17-50] [SYSTEM IO]: Requested deletion of: C:\Users\Nathan\Documents\IntelliJava\Cyder\dynamic\backup\7d7ebb00-81fe-
           329f-8a78-62f463d0b7da_1654827368268.json
[21-17-51] [OBJECT CREATION]: Objects created since last delta (5000ms): 46
[21-17-54] [CLIENT]: compacttextmode
[21-17-54] [SYSTEM IO]: Userdata requested: compacttextmode
[21-17-54] [SYSTEM IO]: [JSON WRITE] [Levenshtein = 1] User was written to file: 7d7ebb00-81fe-329f-8a78-62f463d0b7da
           \Userdata.json
[21-17-54] [SYSTEM IO]: Requested deletion of: C:\Users\Nathan\Documents\IntelliJava\Cyder\dynamic\backup\7d7ebb00-81fe-
           329f-8a78-62f463d0b7da_1654827470604.json
[21-17-54] [PREFERENCE REFRESH]: key = compacttextmode
[21-17-54] [CONSOLE OUT]: [STRING]: Compact Text set to false
[21-17-55] [DEBUG]: Attempted to log a new or empty line
[21-17-55] [CLIENT]: compacttextmode
[21-17-55] [SYSTEM IO]: Userdata requested: compacttextmode
[21-17-55] [SYSTEM IO]: [JSON WRITE] [Levenshtein = 1] User was written to file: 7d7ebb00-81fe-329f-8a78-62f463d0b7da
           \Userdata.json
[21-17-55] [SYSTEM IO]: Requested deletion of: C:\Users\Nathan\Documents\IntelliJava\Cyder\dynamic\backup\7d7ebb00-81fe-
           329f-8a78-62f463d0b7da_1654827474869.json
[21-17-55] [PREFERENCE REFRESH]: key = compacttextmode
[21-17-55] [CONSOLE OUT]: [STRING]: Compact Text set to true
[21-17-56] [DEBUG]: Attempted to log a new or empty line
[21-17-56] [OBJECT CREATION]: Objects created since last delta (5000ms): 17
[21-18-06] [THREAD STARTED]: [Preferences] finalizeAndShow()
[21-18-07] [THREAD STARTED]: Preferences Opacity Decrement Animator
[21-18-07] [THREAD STARTED]: Preferences Opacity Increment Animator
[21-18-09] [THREAD STARTED]: [[983x979] Moodswings] finalizeAndShow()
[21-18-10] [THREAD STARTED]: [983x979] Moodswings Opacity Decrement Animator
[21-18-10] [THREAD STARTED]: [983x979] Moodswings Opacity Increment Animator
[21-18-11] [OBJECT CREATION]: Objects created since last delta (5000ms): 61
[21-18-32] [CLIENT]: compacttextmode
[21-18-32] [SYSTEM IO]: Userdata requested: compacttextmode
[21-18-32] [SYSTEM IO]: [JSON WRITE] [Levenshtein = 1] User was written to file: 7d7ebb00-81fe-329f-8a78-62f463d0b7da
           \Userdata.json
[21-18-32] [SYSTEM IO]: Requested deletion of: C:\Users\Nathan\Documents\IntelliJava\Cyder\dynamic\backup\7d7ebb00-81fe-
           329f-8a78-62f463d0b7da_1654827475606.json
[21-18-32] [PREFERENCE REFRESH]: key = compacttextmode
[21-18-32] [CONSOLE OUT]: [STRING]: Compact Text set to false
[21-18-32] [DEBUG]: Attempted to log a new or empty line
[21-18-33] [CLIENT]: compacttextmode
[21-18-33] [SYSTEM IO]: Userdata requested: compacttextmode
[21-18-33] [SYSTEM IO]: [JSON WRITE] [Levenshtein = 1] User was written to file: 7d7ebb00-81fe-329f-8a78-62f463d0b7da
           \Userdata.json
[21-18-33] [SYSTEM IO]: Requested deletion of: C:\Users\Nathan\Documents\IntelliJava\Cyder\dynamic\backup\7d7ebb00-81fe-
           329f-8a78-62f463d0b7da_1654827512482.json
[21-18-33] [PREFERENCE REFRESH]: key = compacttextmode
[21-18-33] [CONSOLE OUT]: [STRING]: Compact Text set to true
[21-18-33] [DEBUG]: Attempted to log a new or empty line
[21-18-34] [THREAD STARTED]: Console menu animator
[21-18-34] [THREAD STARTED]: minimize menu thread
[21-18-34] [THREAD STARTED]: minimize menu thread
[21-18-34] [THREAD STARTED]: Console menu animator
[21-18-36] [CLIENT]: compacttextmode
[21-18-36] [SYSTEM IO]: Userdata requested: compacttextmode
[21-18-36] [SYSTEM IO]: [JSON WRITE] [Levenshtein = 1] User was written to file: 7d7ebb00-81fe-329f-8a78-62f463d0b7da
           \Userdata.json
[21-18-36] [SYSTEM IO]: Requested deletion of: C:\Users\Nathan\Documents\IntelliJava\Cyder\dynamic\backup\7d7ebb00-81fe-
           329f-8a78-62f463d0b7da_1654827513223.json
[21-18-36] [PREFERENCE REFRESH]: key = compacttextmode
[21-18-36] [CONSOLE OUT]: [STRING]: Compact Text set to false
[21-18-36] [OBJECT CREATION]: Objects created since last delta (5000ms): 48
[21-18-36] [DEBUG]: Attempted to log a new or empty line
[21-18-37] [THREAD STARTED]: Console menu animator
[21-18-37] [THREAD STARTED]: minimize menu thread
[21-18-38] [THREAD STARTED]: minimize menu thread
[21-18-38] [THREAD STARTED]: Console menu animator
[21-18-41] [THREAD STARTED]: Liminal Cyder [Nathan] Opacity Decrement Animator
[21-18-41] [THREAD STARTED]: Liminal Cyder [Nathan] Opacity Increment Animator
[21-18-42] [THREAD STARTED]: Preferences Opacity Decrement Animator
[21-18-42] [THREAD STARTED]: Preferences Opacity Increment Animator
[21-18-42] [SYSTEM IO]: [JSON WRITE] [Levenshtein = 3] User was written to file: 7d7ebb00-81fe-329f-8a78-62f463d0b7da
           \Userdata.json
[21-18-42] [SYSTEM IO]: Requested deletion of: C:\Users\Nathan\Documents\IntelliJava\Cyder\dynamic\backup\7d7ebb00-81fe-
           329f-8a78-62f463d0b7da_1654827516332.json
[21-18-43] [UI]: Component = CyderDragLabel, hash = -14366483, bounds = (2, 2, 726, 28), parent frame = Preferences
[21-18-43] [THREAD STARTED]: [Preferences] dispose() animation thread
[21-18-43] [UI]: CyderFrame disposed with fastclose: false, Component = CyderFrame, hash = 184018254, bounds = (978,
           339, 730, 560), parent frame = Component itself is a CyderFrame, getTitle() = Preferences
[21-18-46] [OBJECT CREATION]: Objects created since last delta (5000ms): 12
[21-18-49] [UI]: Component = CyderDragLabel, hash = -14299213, bounds = (2, 2, 796, 28), parent frame = [983x979] Moodswings
[21-19-21] [UI]: Component = CyderLabel, hash = 1950914955, bounds = (0, 0, 75, 75), parent frame = Liminal Cyder
           [Nathan], getText() = <html><div style='text-align: center;'>GitH</html>
[21-19-21] [LINK]: https://github.com/NathanCheshire/Cyder
[21-19-21] [THREAD STARTED]: Liminal Cyder [Nathan] notification queue checker
[21-19-21] [UI]: [Liminal Cyder [Nathan]] [NOTIFICATION] "<html>Invoking mapped exe: GitHub</html>"
[21-19-21] [THREAD STARTED]: Notification Appear Animator
[21-19-22] [THREAD STARTED]: Notification Vanish Animator
[21-19-25] [UI]: Component = CyderLabel, hash = 356170953, bounds = (0, 0, 75, 75), parent frame = Liminal Cyder
           [Nathan], getText() = <html><div style='text-align: center;'>Pref</html>
[21-19-25] [THREAD STARTED]: [Preferences] dispose() animation thread
[21-19-25] [THREAD STARTED]: [Preferences] finalizeAndShow()
[21-19-25] [THREAD STARTED]: Preferences Opacity Decrement Animator
[21-19-26] [THREAD STARTED]: Preferences Opacity Increment Animator
[21-19-26] [OBJECT CREATION]: Objects created since last delta (5000ms): 47
[21-19-27] [CLIENT]: compacttextmode
[21-19-27] [SYSTEM IO]: Userdata requested: compacttextmode
[21-19-27] [SYSTEM IO]: [JSON WRITE] [Levenshtein = 1] User was written to file: 7d7ebb00-81fe-329f-8a78-62f463d0b7da
           \Userdata.json
[21-19-27] [SYSTEM IO]: Requested deletion of: C:\Users\Nathan\Documents\IntelliJava\Cyder\dynamic\backup\7d7ebb00-81fe-
           329f-8a78-62f463d0b7da_1654827522898.json
[21-19-27] [PREFERENCE REFRESH]: key = compacttextmode
[21-19-27] [CONSOLE OUT]: [STRING]: Compact Text set to true
[21-19-27] [DEBUG]: Attempted to log a new or empty line
[21-19-29] [UI]: Component = CyderDragLabel, hash = -14366483, bounds = (2, 2, 726, 28), parent frame = Preferences
[21-19-29] [THREAD STARTED]: [Preferences] dispose() animation thread
[21-19-29] [UI]: CyderFrame disposed with fastclose: false, Component = CyderFrame, hash = 733912483, bounds = (1244,
           374, 730, 560), parent frame = Component itself is a CyderFrame, getTitle() = Preferences
[21-19-31] [OBJECT CREATION]: Objects created since last delta (5000ms): 15
[21-20-29] [EOL]: Log completed, Cyder crashed unexpectedly: exit code: -9 External Stop, exceptions thrown: 0