          _____                _____                    _____                    _____                    _____
         /\    \              |\    \                  /\    \                  /\    \                  /\    \
        /::\    \             |:\____\                /::\    \                /::\    \                /::\    \
       /::::\    \            |::|   |               /::::\    \              /::::\    \              /::::\    \
      /::::::\    \           |::|   |              /::::::\    \            /::::::\    \            /::::::\    \
     /:::/\:::\    \          |::|   |             /:::/\:::\    \          /:::/\:::\    \          /:::/\:::\    \
    /:::/  \:::\    \         |::|   |            /:::/  \:::\    \        /:::/__\:::\    \        /:::/__\:::\    \
   /:::/    \:::\    \        |::|   |           /:::/    \:::\    \      /::::\   \:::\    \      /::::\   \:::\    \
  /:::/    / \:::\    \       |::|___|______    /:::/    / \:::\    \    /::::::\   \:::\    \    /::::::\   \:::\    \
 /:::/    /   \:::\    \      /::::::::\    \  /:::/    /   \:::\ ___\  /:::/\:::\   \:::\    \  /:::/\:::\   \:::\____\
/:::/____/     \:::\____\    /::::::::::\____\/:::/____/     \:::|    |/:::/__\:::\   \:::\____\/:::/  \:::\   \:::|    |
\:::\    \      \::/    /   /:::/~~~~/~~      \:::\    \     /:::|____|\:::\   \:::\   \::/    /\::/   |::::\  /:::|____|
 \:::\    \      \/____/   /:::/    /          \:::\    \   /:::/    /  \:::\   \:::\   \/____/  \/____|:::::\/:::/    /
  \:::\    \              /:::/    /            \:::\    \ /:::/    /    \:::\   \:::\    \            |:::::::::/    /
   \:::\    \            /:::/    /              \:::\    /:::/    /      \:::\   \:::\____\           |::|\::::/    /
    \:::\    \           \::/    /                \:::\  /:::/    /        \:::\   \::/    /           |::| \::/____/
     \:::\    \           \/____/                  \:::\/:::/    /          \:::\   \/____/            |::|  ~|
      \:::\    \                                    \::::::/    /            \:::\    \                |::|   |
       \:::\____\                                    \::::/    /              \:::\____\               \::|   |
        \::/    /                                     \::/____/                \::/    /                \:|   |
         \/____/                                       ~~                       \/____/                  \|___|


[22-01-12] [ENTRY]: Nathan
[22-01-12] [PROP LOADED]: [key = map_quest_api_key]
[22-01-12] [PROP LOADED]: [key = youtube_api_3_key]
[22-01-12] [PROP LOADED]: [key = ip_key]
[22-01-12] [PROP LOADED]: [key = weather_key]
[22-01-12] [PROP LOADED]: [key = debug_hash_name]
[22-01-12] [PROP LOADED]: [key = debug_hash_password]
[22-01-12] [PROP LOADED]: [key = default_weather_location, value = Austin,Tx,USA]
[22-01-12] [PROP LOADED]: [key = ignore_data, value = typinganimation,showseconds,roundedwindows,windowcolor,audiolength
           ,capsmode,typingsound,showbusyicon]
[22-01-12] [PROP LOADED]: [key = font_metric, value = 1]
[22-01-12] [PROP LOADED]: [key = released, value = false]
[22-01-12] [PROP LOADED]: [key = fast_test, value = false]
[22-01-12] [PROP LOADED]: [key = version, value = Liminal]
[22-01-12] [PROP LOADED]: [key = release_date, value = 22.6.2]
[22-01-12] [PROP LOADED]: [key = components_relocatable, value = false]
[22-01-12] [PROP LOADED]: [key = testing_mode, value = true]
[22-01-12] [PROP LOADED]: [key = autocypher, value = true]
[22-01-12] [PROP LOADED]: [key = dispose_splash, value = true]
[22-01-12] [PROP LOADED]: [key = wipe_logs_on_start, value = false]
[22-01-12] [PROP LOADED]: [key = activate_watchdog, value = false]
[22-01-12] [PROP LOADED]: [key = ffmpeg_audio_output_format, value = mp3]
[22-01-12] [PROP LOADED]: [key = printing_animation_char_timeout, value = 8]
[22-01-12] [PROP LOADED]: [key = printing_animation_line_timeout, value = 100]
[22-01-12] [PROP LOADED]: [key = ui_scale, value = 0.25]
[22-01-12] [THREAD STARTED]: Object Creation Logger
[22-01-13] [DEBUG]: Watchdog skipped
[22-01-13] [THREAD STARTED]: Singular Cyder Instance Ensurer
[22-01-14] [FONT LOADED]: agency-fb
[22-01-14] [FONT LOADED]: arial-black
[22-01-14] [FONT LOADED]: beyno
[22-01-14] [FONT LOADED]: condiment-regular
[22-01-14] [FONT LOADED]: prompt-bold
[22-01-14] [FONT LOADED]: segoe-ui-black
[22-01-14] [FONT LOADED]: tahoma
[22-01-14] [THREAD STARTED]: Splash Loader
[22-01-14] [SYSTEM IO]: Requested deletion of: C:\Users\Nathan\Documents\IntelliJava\Cyder\dynamic\tmp
[22-01-14] [THREAD STARTED]: Splash Animation
[22-01-14] [UNIQUE OBJECT CREATED]: ConsoleFrame singleton constructed
[22-01-15] [THREAD STARTED]: Secondary Subroutines Runner
[22-01-15] [LOGIN]: AUTOCYPHER ATTEMPT
[22-01-15] [THREAD STARTED]: JVM Args Logger
[22-01-15] [OBJECT CREATION]: Objects created since last delta (5000ms): 75
[22-01-16] [DEBUG]: Cyder Entry = AutoCypher
[22-01-16] [THREAD STARTED]: Console Printing Animation
[22-01-16] [THREAD STARTED]: High Ping Checker
[22-01-17] [THREAD STARTED]: Hourly Chime Checker
[22-01-17] [THREAD STARTED]: Console Clock Updater
[22-01-17] [THREAD STARTED]: Cyder Busy Checker
[22-01-17] [THREAD STARTED]: ConsoleFrame Stat Saver
[22-01-17] [THREAD STARTED]: [Cyder Splash] dispose() animation thread
[22-01-17] [THREAD STARTED]: [Cyder Splash] dispose() animation thread
[22-01-17] [UI]: CyderFrame disposed with fastclose: true, Component = CyderFrame, hash = 1418245586, bounds = (980,
           396, 600, 600), parent frame = Component itself is a CyderFrame, getTitle() = Cyder Splash
[22-01-17] [THREAD STARTED]: Splash Loading Label Updater
[22-01-17] [BACKEND CRUD]: [PUT] Put of JVM args failed
[22-01-17] [CONSOLE LOADED]: [Nathan] [TESTING MODE]
[22-01-17] [THREAD STARTED]: Manual Tests Thread
[22-01-17] [CONSOLE OUT]: [STRING]: Console loaded in 4717ms
[22-01-17] [DEBUG]: Attempted to log a new or empty line
[22-01-20] [SYSTEM IO]: [JSON WRITE] [Levenshtein = 5] User was written to file: 7d7ebb00-81fe-329f-8a78-62f463d0b7da
           \Userdata.json
[22-01-20] [SYSTEM IO]: Requested deletion of: C:\Users\Nathan\Documents\IntelliJava\Cyder\dynamic\backup\7d7ebb00-81fe-
           329f-8a78-62f463d0b7da_1654830026392.json
[22-01-20] [THREAD STARTED]: Liminal Cyder [Nathan] Opacity Decrement Animator
[22-01-20] [THREAD STARTED]: Liminal Cyder [Nathan] Opacity Increment Animator
[22-01-20] [OBJECT CREATION]: Objects created since last delta (5000ms): 41
[22-01-21] [THREAD STARTED]: minimize menu thread
[22-01-21] [THREAD STARTED]: Console menu animator
[22-01-23] [SYSTEM IO]: [JSON WRITE] [Levenshtein = 7] User was written to file: 7d7ebb00-81fe-329f-8a78-62f463d0b7da
           \Userdata.json
[22-01-23] [SYSTEM IO]: Requested deletion of: C:\Users\Nathan\Documents\IntelliJava\Cyder\dynamic\backup\7d7ebb00-81fe-
           329f-8a78-62f463d0b7da_1654830080098.json
[22-01-26] [OBJECT CREATION]: Objects created since last delta (5000ms): 8
[22-01-34] [THREAD STARTED]: [Liminal Cyder [Nathan]] dispose() animation thread
[22-01-34] [UI]: CyderFrame disposed with fastclose: false, Component = ConsoleFrame (inner), hash = 1633013890, bounds
           = (1554, 221, 722, 708), parent frame = Component itself is a CyderFrame, getTitle() = Liminal Cyder [Nathan]
[22-01-34] [EXIT]: [RUNTIME] 21s
[22-01-34] [EOL]: Log completed, exiting Cyder with exit code: 0 [Genesis Controlled Exit], exceptions thrown: no
           exceptions thrown
