[22-03-07] [JVM_ENTRY]: [Nathan]
[22-03-07] [THREAD STARTED]: Object Creation Logger
[22-03-07] [THREAD STARTED]: Watchdog Initializer
[22-03-07] [THREAD STARTED]: Singular Cyder Instance Ensurer
[22-03-08] [FONT LOADED]: font name = agency-fb
[22-03-08] [FONT LOADED]: font name = arial-black
[22-03-08] [FONT LOADED]: font name = beyno
[22-03-08] [FONT LOADED]: font name = darling-in-paris
[22-03-08] [FONT LOADED]: font name = Prompt-Bold
[22-03-08] [FONT LOADED]: font name = segoe-ui-black
[22-03-08] [FONT LOADED]: font name = tahoma
[22-03-08] [THREAD STARTED]: Splash Loader
[22-03-08] [CORRUPTION]: [BACKUP SUCCESS] Successfully restored 7d7ebb00-81fe-329f-8a78-62f463d0b7da from: 7d7ebb00-81fe
           -329f-8a78-62f463d0b7da_1647571204975
[22-03-08] [THREAD STARTED]: Splash Animation
[22-03-08] [THREAD STARTED]: Cyder Start Secondary Subroutines
[22-03-08] [LOGIN]: [AUTOCYPHER ATTEMPT]
[22-03-08] [THREAD STARTED]: JVM Args Logger
[22-03-08] [SYSTEM_IO]: Requested deletion of: C:\Users\Nathan\Documents\IntelliJava\Cyder\dynamic\tmp
[22-03-08] [SYSTEM_IO]: Requested deletion of: C:\Users\Nathan\Documents\IntelliJava\Cyder\dynamic\backup\7d7ebb00-81fe-
           329f-8a78-62f463d0b7da_1647571204975.json
[22-03-09] [LOGIN]: [AUTOCYPHER PASS, 7d7ebb00-81fe-329f-8a78-62f463d0b7da]
[22-03-09] [SYSTEM_IO]: Requested deletion of: C:\Users\Nathan\Documents\IntelliJava\Cyder\dynamic\backup\7d7ebb00-81fe-
           329f-8a78-62f463d0b7da_1647572588992.json
[22-03-09] [SYSTEM_IO]: Userdata requested: RandomBackground
[22-03-10] [SYSTEM_IO]: Userdata requested: FullScreen [3x]
[22-03-10] [OBJECT CREATION]: Objects created since last delta (5s): 79
[22-03-10] [SYSTEM_IO]: Userdata requested: FullScreen
[22-03-10] [THREAD STARTED]: Console Printing Animation
[22-03-10] [SYSTEM_IO]: Userdata requested: OutputBorder
[22-03-10] [SYSTEM_IO]: Userdata requested: FullScreen
[22-03-10] [THREAD STARTED]: Cyder Watchdog
[22-03-10] [SYSTEM_IO]: Userdata requested: InputBorder
[22-03-10] [THREAD STARTED]: Console Input Caret Position Updater
[22-03-10] [SYSTEM_IO]: Userdata requested: OutputFill
[22-03-10] [SYSTEM_IO]: Userdata requested: InputFill
[22-03-10] [THREAD STARTED]: High Ping Checker
[22-03-10] [THREAD STARTED]: Hourly Chime Checker
[22-03-10] [THREAD STARTED]: Console Clock Updater
[22-03-10] [THREAD STARTED]: Cyder Busy Checker
[22-03-10] [THREAD STARTED]: ConsoleFrame Stat Saver
[22-03-10] [UI ACTION]: Console loaded in 3466ms
[22-03-10] [THREAD STARTED]: Component = ConsoleFrame (inner), hash = 453398853, bounds = (370, 350, 900, 600), parent
           frame = Component is top frame, getTitle() = Insomnia Cyder [Nathan] notification queue checker
[22-03-10] [SYSTEM_IO]: Userdata requested: DebugWindows
[22-03-10] [THREAD STARTED]: [Cyder Splash]  dispose() animation thread
[22-03-10] [CONSOLE LOADED]: [Nathan] [TESTING MODE]
[22-03-10] [SYSTEM_IO]: Userdata requested: laststart
[22-03-10] [UI ACTION]: CyderFrame disposed with fastclose: true, Component = CyderFrame, hash = 1037884967, bounds =
           (980, 396, 600, 600), parent frame = Component is top frame, getTitle() = Cyder Splash
[22-03-10] [UI ACTION]: [Insomnia Cyder [Nathan]] [NOTIFICATION] w = 288, h = 29, text = <html>Console loaded in
           3466ms</html>
[22-03-10] [THREAD STARTED]: notification appear animation
[22-03-10] [SYSTEM_IO]: Requested deletion of: C:\Users\Nathan\Documents\IntelliJava\Cyder\dynamic\backup\7d7ebb00-81fe-
           329f-8a78-62f463d0b7da_1647572589793.json
[22-03-10] [SYSTEM_IO]: Userdata requested: persistentnotifications
[22-03-10] [THREAD STARTED]: Notificaiton Vanish Animator
[22-03-11] [THREAD STATUS POLLED]: name = AWT-EventQueue-0 in RUNNABLE state; incrementing watchdog counter
[22-03-13] [SYSTEM_IO]: Requested deletion of: C:\Users\Nathan\Documents\IntelliJava\Cyder\dynamic\backup\7d7ebb00-81fe-
           329f-8a78-62f463d0b7da_1647572590652.json
[22-03-15] [OBJECT CREATION]: Objects created since last delta (5s): 19
[22-03-15] [THREAD STATUS POLLED]: name = AWT-EventQueue-0 in RUNNABLE state; incrementing watchdog counter
[22-03-17] [SYSTEM_IO]: Requested deletion of: C:\Users\Nathan\Documents\IntelliJava\Cyder\dynamic\backup\7d7ebb00-81fe-
           329f-8a78-62f463d0b7da_1647572593457.json
[22-03-20] [OBJECT CREATION]: Objects created since last delta (5s): 1
[22-03-20] [SYSTEM_IO]: Requested deletion of: C:\Users\Nathan\Documents\IntelliJava\Cyder\dynamic\backup\7d7ebb00-81fe-
           329f-8a78-62f463d0b7da_1647572597201.json
[22-03-24] [SYSTEM_IO]: Requested deletion of: C:\Users\Nathan\Documents\IntelliJava\Cyder\dynamic\backup\7d7ebb00-81fe-
           329f-8a78-62f463d0b7da_1647572600971.json
[22-03-25] [OBJECT CREATION]: Objects created since last delta (5s): 2
[22-03-28] [SYSTEM_IO]: Requested deletion of: C:\Users\Nathan\Documents\IntelliJava\Cyder\dynamic\backup\7d7ebb00-81fe-
           329f-8a78-62f463d0b7da_1647572604747.json
[22-03-30] [OBJECT CREATION]: Objects created since last delta (5s): 1
[22-03-32] [SYSTEM_IO]: Requested deletion of: C:\Users\Nathan\Documents\IntelliJava\Cyder\dynamic\backup\7d7ebb00-81fe-
           329f-8a78-62f463d0b7da_1647572608517.json
[22-03-35] [OBJECT CREATION]: Objects created since last delta (5s): 1
[22-03-36] [SYSTEM_IO]: Requested deletion of: C:\Users\Nathan\Documents\IntelliJava\Cyder\dynamic\backup\7d7ebb00-81fe-
           329f-8a78-62f463d0b7da_1647572612311.json
[22-04-00] [EOL]: Log completed, Cyder crashed unexpectedly: exit code: -9 External Stop, exceptions thrown: 0
