[20-59-07] [JVM_ENTRY]: [Nathan]
[20-59-07] [THREAD STARTED]: Object Creation Logger
[20-59-07] [THREAD STARTED]: Watchdog Initializer
[20-59-07] [THREAD STARTED]: Singular Cyder Instance Ensurer
[20-59-08] [FONT LOADED]: font name = agency-fb
[20-59-08] [FONT LOADED]: font name = arial-black
[20-59-08] [FONT LOADED]: font name = beyno
[20-59-08] [FONT LOADED]: font name = darling-in-paris
[20-59-08] [FONT LOADED]: font name = Prompt-Bold
[20-59-08] [FONT LOADED]: font name = segoe-ui-black
[20-59-08] [FONT LOADED]: font name = tahoma
[20-59-08] [THREAD STARTED]: Splash Loader
[20-59-08] [THREAD STARTED]: Splash Animation
[20-59-08] [THREAD STARTED]: Cyder Start Secondary Subroutines
[20-59-08] [LOGIN]: [AUTOCYPHER ATTEMPT]
[20-59-08] [THREAD STARTED]: JVM Args Logger
[20-59-08] [SYSTEM_IO]: Requested deletion of: C:\Users\Nathan\Documents\IntelliJava\Cyder\dynamic\tmp
[20-59-09] [SYSTEM_IO]: [JSON WRITE] [Levenshtein = 1] User was written to file: 7d7ebb00-81fe-329f-8a78-62f463d0b7da
           \Userdata.json
[20-59-09] [SYSTEM_IO]: Requested deletion of: C:\Users\Nathan\Documents\IntelliJava\Cyder\dynamic\backup\7d7ebb00-81fe-
           329f-8a78-62f463d0b7da_1648259786072.json
[20-59-09] [LOGIN]: [AUTOCYPHER PASS, 7d7ebb00-81fe-329f-8a78-62f463d0b7da]
[20-59-09] [SYSTEM_IO]: Userdata requested: RandomBackground
[20-59-10] [SYSTEM_IO]: Userdata requested: FullScreen [4x]
[20-59-10] [THREAD STARTED]: Console Printing Animation
[20-59-10] [SYSTEM_IO]: Userdata requested: OutputBorder
[20-59-10] [SYSTEM_IO]: Userdata requested: FullScreen
[20-59-10] [SYSTEM_IO]: Userdata requested: InputBorder
[20-59-10] [THREAD STARTED]: Console Input Caret Position Updater
[20-59-10] [SYSTEM_IO]: Userdata requested: OutputFill
[20-59-10] [SYSTEM_IO]: Userdata requested: InputFill
[20-59-10] [THREAD STARTED]: High Ping Checker
[20-59-10] [THREAD STARTED]: Hourly Chime Checker
[20-59-10] [THREAD STARTED]: Console Clock Updater
[20-59-10] [THREAD STARTED]: Cyder Busy Checker
[20-59-10] [THREAD STARTED]: ConsoleFrame Stat Saver
[20-59-10] [OBJECT CREATION]: Objects created since last delta (5s): 94
[20-59-10] [THREAD STARTED]: Cyder Watchdog
[20-59-10] [UI ACTION]: Console loaded in 3252ms
[20-59-10] [THREAD STARTED]: Component = ConsoleFrame (inner), hash = 617928649, bounds = (1449, 389, 896, 600), parent
           frame = Component is top frame, getTitle() = Insomnia Cyder [Nathan] notification queue checker
[20-59-10] [THREAD STARTED]: [Cyder Splash]  dispose() animation thread
[20-59-10] [SYSTEM_IO]: Userdata requested: DebugWindows
[20-59-10] [CONSOLE LOADED]: [Nathan] [TESTING MODE]
[20-59-10] [UI ACTION]: CyderFrame disposed with fastclose: true, Component = CyderFrame, hash = 1587040257, bounds =
           (980, 396, 600, 600), parent frame = Component is top frame, getTitle() = Cyder Splash
[20-59-10] [UI ACTION]: [Insomnia Cyder [Nathan]] [NOTIFICATION] w = 287, h = 29, text = <html>Console loaded in 3252ms</html>
[20-59-10] [THREAD STARTED]: notification appear animation
[20-59-10] [SYSTEM_IO]: Userdata requested: persistentnotifications
[20-59-10] [THREAD STARTED]: Notificaiton Vanish Animator
[20-59-10] [THREAD STARTED]: [Pathfinding Visualizer]  finalizeAndShow
[20-59-10] [SYSTEM_IO]: Userdata requested: laststart
[20-59-10] [SYSTEM_IO]: [JSON WRITE] [Levenshtein = 5] User was written to file: 7d7ebb00-81fe-329f-8a78-62f463d0b7da
           \Userdata.json
[20-59-10] [SYSTEM_IO]: Requested deletion of: C:\Users\Nathan\Documents\IntelliJava\Cyder\dynamic\backup\7d7ebb00-81fe-
           329f-8a78-62f463d0b7da_1648259949148.json
[20-59-13] [THREAD STATUS POLLED]: name = AWT-EventQueue-0 in RUNNABLE state; incrementing watchdog counter [3x]
[20-59-14] [THREAD STARTED]: Path Solver
[20-59-14] [UI ACTION]: Component = CyderButton, hash = 79731100, bounds = (400, 940, 170, 40), parent frame = Pathfindi
           ng Visualizer, getText() = Stop
[20-59-14] [THREAD STATUS POLLED]: name = AWT-EventQueue-0 in RUNNABLE state; incrementing watchdog counter
[20-59-15] [OBJECT CREATION]: Objects created since last delta (5s): 14684
[20-59-15] [THREAD STARTED]: Path Solver
[20-59-15] [UI ACTION]: Component = CyderButton, hash = 79731100, bounds = (400, 940, 170, 40), parent frame = Pathfindi
           ng Visualizer, getText() = Stop
[20-59-16] [THREAD STATUS POLLED]: name = AWT-EventQueue-0 in RUNNABLE state; incrementing watchdog counter [2x]
[20-59-16] [UI ACTION]: Component = CyderCheckbox, hash = 2082499928, bounds = (240, 920, 50, 50), parent frame =
           Pathfinding Visualizer
[20-59-16] [THREAD STARTED]: Path Solver
[20-59-16] [UI ACTION]: Component = CyderButton, hash = 79731100, bounds = (400, 940, 170, 40), parent frame = Pathfindi
           ng Visualizer, getText() = Stop
[20-59-19] [THREAD STATUS POLLED]: name = AWT-EventQueue-0 in RUNNABLE state; incrementing watchdog counter [3x]
[20-59-20] [OBJECT CREATION]: Objects created since last delta (5s): 15995
[20-59-20] [UI ACTION]: Component = CyderButton, hash = 79731100, bounds = (400, 940, 170, 40), parent frame = Pathfindi
           ng Visualizer, getText() = Start
[20-59-20] [THREAD STATUS POLLED]: name = AWT-EventQueue-0 in RUNNABLE state; incrementing watchdog counter
[20-59-21] [THREAD STARTED]: Path Solver
[20-59-21] [UI ACTION]: Component = CyderButton, hash = 79731100, bounds = (400, 940, 170, 40), parent frame = Pathfindi
           ng Visualizer, getText() = Stop
[20-59-22] [THREAD STATUS POLLED]: name = AWT-EventQueue-0 in RUNNABLE state; incrementing watchdog counter [2x]
[20-59-23] [UI ACTION]: Component = CyderButton, hash = 79731100, bounds = (400, 940, 170, 40), parent frame = Pathfindi
           ng Visualizer, getText() = Start
[20-59-24] [THREAD STATUS POLLED]: name = AWT-EventQueue-0 in RUNNABLE state; incrementing watchdog counter [2x]
[20-59-24] [UI ACTION]: Component = CyderButton, hash = 912711154, bounds = (400, 890, 170, 40), parent frame =
           Pathfinding Visualizer, getText() = Reset
[20-59-25] [OBJECT CREATION]: Objects created since last delta (5s): 6580
[20-59-25] [THREAD STATUS POLLED]: name = AWT-EventQueue-0 in RUNNABLE state; incrementing watchdog counter
[20-59-25] [THREAD STARTED]: Path Solver
[20-59-25] [UI ACTION]: Component = CyderButton, hash = 79731100, bounds = (400, 940, 170, 40), parent frame = Pathfindi
           ng Visualizer, getText() = Stop
[20-59-26] [THREAD STATUS POLLED]: name = AWT-EventQueue-0 in RUNNABLE state; incrementing watchdog counter
[20-59-27] [UI ACTION]: Component = CyderCheckbox, hash = 2082499928, bounds = (240, 920, 50, 50), parent frame =
           Pathfinding Visualizer
[20-59-27] [THREAD STARTED]: Path Solver
[20-59-27] [UI ACTION]: Component = CyderButton, hash = 79731100, bounds = (400, 940, 170, 40), parent frame = Pathfindi
           ng Visualizer, getText() = Stop
[20-59-29] [THREAD STATUS POLLED]: name = AWT-EventQueue-0 in RUNNABLE state; incrementing watchdog counter [3x]
[20-59-30] [OBJECT CREATION]: Objects created since last delta (5s): 5858
[20-59-32] [THREAD STATUS POLLED]: name = AWT-EventQueue-0 in RUNNABLE state; incrementing watchdog counter [3x]
[20-59-33] [UI ACTION]: Component = CyderButton, hash = 912711154, bounds = (400, 890, 170, 40), parent frame =
           Pathfinding Visualizer, getText() = Reset
[20-59-33] [THREAD STATUS POLLED]: name = AWT-EventQueue-0 in RUNNABLE state; incrementing watchdog counter
[20-59-34] [THREAD STARTED]: Path Solver
[20-59-34] [UI ACTION]: Component = CyderButton, hash = 79731100, bounds = (400, 940, 170, 40), parent frame = Pathfindi
           ng Visualizer, getText() = Stop
[20-59-34] [THREAD STATUS POLLED]: name = AWT-EventQueue-0 in RUNNABLE state; incrementing watchdog counter
[20-59-35] [UI ACTION]: Component = CyderButton, hash = 912711154, bounds = (400, 890, 170, 40), parent frame =
           Pathfinding Visualizer, getText() = Reset
[20-59-35] [OBJECT CREATION]: Objects created since last delta (5s): 2933
[20-59-36] [THREAD STATUS POLLED]: name = AWT-EventQueue-0 in RUNNABLE state; incrementing watchdog counter [2x]
[20-59-37] [THREAD STARTED]: component right thread
[20-59-37] [UI ACTION]: Component = CyderButton, hash = 395031023, bounds = (145, 10, 135, 30), parent frame = Pathfindi
           ng Visualizer, getText() = Euclidean
[20-59-37] [THREAD STATUS POLLED]: name = AWT-EventQueue-0 in RUNNABLE state; incrementing watchdog counter
[20-59-38] [THREAD STARTED]: Path Solver
[20-59-38] [UI ACTION]: Component = CyderButton, hash = 79731100, bounds = (400, 940, 170, 40), parent frame = Pathfindi
           ng Visualizer, getText() = Stop
[20-59-39] [THREAD STATUS POLLED]: name = AWT-EventQueue-0 in RUNNABLE state; incrementing watchdog counter [2x]
[20-59-40] [OBJECT CREATION]: Objects created since last delta (5s): 183633
[20-59-40] [THREAD STATUS POLLED]: name = AWT-EventQueue-0 in RUNNABLE state; incrementing watchdog counter
[20-59-41] [THREAD STARTED]: component left thread
[20-59-41] [UI ACTION]: Component = CyderButton, hash = 395031023, bounds = (10, 10, 135, 30), parent frame = Pathfindin
           g Visualizer, getText() = Manhattan
[20-59-41] [THREAD STATUS POLLED]: name = AWT-EventQueue-0 in RUNNABLE state; incrementing watchdog counter
[20-59-42] [THREAD STARTED]: Path Solver
[20-59-42] [UI ACTION]: Component = CyderButton, hash = 79731100, bounds = (400, 940, 170, 40), parent frame = Pathfindi
           ng Visualizer, getText() = Stop
[20-59-42] [THREAD STATUS POLLED]: name = AWT-EventQueue-0 in RUNNABLE state; incrementing watchdog counter
[20-59-43] [THREAD STARTED]: component right thread
[20-59-43] [UI ACTION]: Component = CyderButton, hash = 395031023, bounds = (145, 10, 135, 30), parent frame = Pathfindi
           ng Visualizer, getText() = Euclidean
[20-59-43] [THREAD STARTED]: Path Solver
[20-59-43] [UI ACTION]: Component = CyderButton, hash = 79731100, bounds = (400, 940, 170, 40), parent frame = Pathfindi
           ng Visualizer, getText() = Stop
[20-59-43] [THREAD STATUS POLLED]: name = AWT-EventQueue-0 in RUNNABLE state; incrementing watchdog counter
[20-59-44] [THREAD STARTED]: component left thread
[20-59-44] [UI ACTION]: Component = CyderButton, hash = 912711154, bounds = (400, 890, 170, 40), parent frame =
           Pathfinding Visualizer, getText() = Reset
[20-59-44] [THREAD STATUS POLLED]: name = AWT-EventQueue-0 in RUNNABLE state; incrementing watchdog counter
[20-59-45] [OBJECT CREATION]: Objects created since last delta (5s): 186564
[20-59-46] [THREAD STATUS POLLED]: name = AWT-EventQueue-0 in RUNNABLE state; incrementing watchdog counter [2x]
[20-59-47] [UI ACTION]: Component = CyderCheckbox, hash = 2082499928, bounds = (240, 920, 50, 50), parent frame =
           Pathfinding Visualizer
[20-59-47] [THREAD STARTED]: Path Solver
[20-59-47] [UI ACTION]: Component = CyderButton, hash = 79731100, bounds = (400, 940, 170, 40), parent frame = Pathfindi
           ng Visualizer, getText() = Stop
[20-59-48] [THREAD STATUS POLLED]: name = AWT-EventQueue-0 in RUNNABLE state; incrementing watchdog counter [2x]
[20-59-48] [UI ACTION]: Component = CyderButton, hash = 79731100, bounds = (400, 940, 170, 40), parent frame = Pathfindi
           ng Visualizer, getText() = Start
[20-59-49] [THREAD STARTED]: component right thread
[20-59-49] [UI ACTION]: Component = CyderButton, hash = 395031023, bounds = (145, 10, 135, 30), parent frame = Pathfindi
           ng Visualizer, getText() = Euclidean
[20-59-49] [THREAD STARTED]: Path Solver
[20-59-49] [UI ACTION]: Component = CyderButton, hash = 79731100, bounds = (400, 940, 170, 40), parent frame = Pathfindi
           ng Visualizer, getText() = Stop
[20-59-49] [THREAD STATUS POLLED]: name = AWT-EventQueue-0 in RUNNABLE state; incrementing watchdog counter
[20-59-50] [OBJECT CREATION]: Objects created since last delta (5s): 714
[20-59-54] [THREAD STATUS POLLED]: name = AWT-EventQueue-0 in RUNNABLE state; incrementing watchdog counter [5x]
[20-59-55] [OBJECT CREATION]: Objects created since last delta (5s): 8231
[20-59-56] [THREAD STATUS POLLED]: name = AWT-EventQueue-0 in RUNNABLE state; incrementing watchdog counter [2x]
[20-59-56] [THREAD STARTED]: component left thread
[20-59-56] [UI ACTION]: Component = CyderButton, hash = 912711154, bounds = (400, 890, 170, 40), parent frame =
           Pathfinding Visualizer, getText() = Reset
[20-59-57] [THREAD STATUS POLLED]: name = AWT-EventQueue-0 in RUNNABLE state; incrementing watchdog counter
[20-59-57] [THREAD STARTED]: component right thread
[20-59-57] [UI ACTION]: Component = CyderButton, hash = 1862177606, bounds = (200, 10, 190, 30), parent frame =
           Pathfinding Visualizer, getText() = Dijkstras
[20-59-58] [THREAD STARTED]: component left thread
[20-59-58] [UI ACTION]: Component = CyderButton, hash = 1862177606, bounds = (10, 10, 190, 30), parent frame = Pathfindi
           ng Visualizer, getText() = A*
[20-59-58] [THREAD STATUS POLLED]: name = AWT-EventQueue-0 in RUNNABLE state; incrementing watchdog counter
[20-59-58] [THREAD STARTED]: Path Solver
[20-59-58] [UI ACTION]: Component = CyderButton, hash = 79731100, bounds = (400, 940, 170, 40), parent frame = Pathfindi
           ng Visualizer, getText() = Stop
[20-59-59] [THREAD STATUS POLLED]: name = AWT-EventQueue-0 in RUNNABLE state; incrementing watchdog counter
[21-00-00] [OBJECT CREATION]: Objects created since last delta (5s): 11029
[21-00-00] [UI ACTION]: Component = CyderButton, hash = 912711154, bounds = (400, 890, 170, 40), parent frame =
           Pathfinding Visualizer, getText() = Reset
[21-00-00] [THREAD STATUS POLLED]: name = AWT-EventQueue-0 in RUNNABLE state; incrementing watchdog counter
[21-00-01] [THREAD STARTED]: component right thread
[21-00-01] [UI ACTION]: Component = CyderButton, hash = 395031023, bounds = (145, 10, 135, 30), parent frame = Pathfindi
           ng Visualizer, getText() = Euclidean
[21-00-01] [THREAD STATUS POLLED]: name = AWT-EventQueue-0 in RUNNABLE state; incrementing watchdog counter
[21-00-02] [THREAD STARTED]: Path Solver
[21-00-02] [UI ACTION]: Component = CyderButton, hash = 79731100, bounds = (400, 940, 170, 40), parent frame = Pathfindi
           ng Visualizer, getText() = Stop
[21-00-03] [THREAD STATUS POLLED]: name = AWT-EventQueue-0 in RUNNABLE state; incrementing watchdog counter [2x]
[21-00-03] [THREAD STARTED]: component left thread
[21-00-03] [UI ACTION]: Component = CyderButton, hash = 395031023, bounds = (10, 10, 135, 30), parent frame = Pathfindin
           g Visualizer, getText() = Manhattan
[21-00-04] [UI ACTION]: Component = CyderButton, hash = 912711154, bounds = (400, 890, 170, 40), parent frame =
           Pathfinding Visualizer, getText() = Reset
[21-00-04] [THREAD STATUS POLLED]: name = AWT-EventQueue-0 in RUNNABLE state; incrementing watchdog counter
[21-00-05] [THREAD STARTED]: component right thread
[21-00-05] [UI ACTION]: Component = CyderButton, hash = 1862177606, bounds = (200, 10, 190, 30), parent frame =
           Pathfinding Visualizer, getText() = Dijkstras
[21-00-05] [OBJECT CREATION]: Objects created since last delta (5s): 183637
[21-00-05] [THREAD STATUS POLLED]: name = AWT-EventQueue-0 in RUNNABLE state; incrementing watchdog counter
[21-00-05] [THREAD STARTED]: component left thread
[21-00-05] [UI ACTION]: Component = CyderButton, hash = 1862177606, bounds = (10, 10, 190, 30), parent frame = Pathfindi
           ng Visualizer, getText() = A*
[21-00-06] [THREAD STARTED]: Path Solver
[21-00-06] [UI ACTION]: Component = CyderButton, hash = 79731100, bounds = (400, 940, 170, 40), parent frame = Pathfindi
           ng Visualizer, getText() = Stop
[21-00-06] [THREAD STATUS POLLED]: name = AWT-EventQueue-0 in RUNNABLE state; incrementing watchdog counter
[21-00-07] [UI ACTION]: Component = CyderButton, hash = 912711154, bounds = (400, 890, 170, 40), parent frame =
           Pathfinding Visualizer, getText() = Reset
[21-00-07] [UI ACTION]: Component = CyderButton, hash = 912711154, bounds = (400, 890, 170, 40), parent frame =
           Pathfinding Visualizer, getText() = Reset
[21-00-07] [THREAD STATUS POLLED]: name = AWT-EventQueue-0 in RUNNABLE state; incrementing watchdog counter
[21-00-07] [UI ACTION]: Component = CyderButton, hash = 912711154, bounds = (400, 890, 170, 40), parent frame =
           Pathfinding Visualizer, getText() = Reset
[21-00-07] [UI ACTION]: Component = CyderButton, hash = 912711154, bounds = (400, 890, 170, 40), parent frame =
           Pathfinding Visualizer, getText() = Reset
[21-00-08] [UI ACTION]: Component = CyderSwitch, hash = 1882100374, bounds = (300, 1000, 400, 50), parent frame =
           Pathfinding Visualizer
[21-00-08] [THREAD STARTED]: component right thread
[21-00-08] [UI ACTION]: Component = CyderButton, hash = 1862177606, bounds = (200, 10, 190, 30), parent frame =
           Pathfinding Visualizer, getText() = Dijkstras
[21-00-08] [THREAD STATUS POLLED]: name = AWT-EventQueue-0 in RUNNABLE state; incrementing watchdog counter
[21-00-09] [THREAD STARTED]: component left thread
[21-00-09] [UI ACTION]: Component = CyderButton, hash = 1862177606, bounds = (10, 10, 190, 30), parent frame = Pathfindi
           ng Visualizer, getText() = A*
[21-00-09] [THREAD STARTED]: component right thread
[21-00-09] [UI ACTION]: Component = CyderButton, hash = 395031023, bounds = (145, 10, 135, 30), parent frame = Pathfindi
           ng Visualizer, getText() = Euclidean
[21-00-09] [THREAD STATUS POLLED]: name = AWT-EventQueue-0 in RUNNABLE state; incrementing watchdog counter
[21-00-10] [THREAD STARTED]: Path Solver
[21-00-10] [UI ACTION]: Component = CyderButton, hash = 79731100, bounds = (400, 940, 170, 40), parent frame = Pathfindi
           ng Visualizer, getText() = Stop
[21-00-10] [OBJECT CREATION]: Objects created since last delta (5s): 186570
[21-00-10] [SYSTEM_IO]: Userdata requested: HourlyChimes
[21-00-10] [THREAD STATUS POLLED]: name = AWT-EventQueue-0 in RUNNABLE state; incrementing watchdog counter
[21-00-10] [AUDIO]: [SYSTEM AUDIO] static/audio/chime.mp3
[21-00-10] [THREAD STARTED]: system audio thread
[21-00-11] [THREAD STATUS POLLED]: name = AWT-EventQueue-0 in RUNNABLE state; incrementing watchdog counter
[21-00-11] [THREAD STARTED]: component left thread
[21-00-11] [UI ACTION]: Component = CyderButton, hash = 912711154, bounds = (400, 890, 170, 40), parent frame =
           Pathfinding Visualizer, getText() = Reset
[21-00-12] [THREAD STATUS POLLED]: name = AWT-EventQueue-0 in RUNNABLE state; incrementing watchdog counter
[21-00-13] [UI ACTION]: Component = CyderCheckbox, hash = 2082499928, bounds = (240, 920, 50, 50), parent frame =
           Pathfinding Visualizer
[21-00-13] [THREAD STATUS POLLED]: name = AWT-EventQueue-0 in RUNNABLE state; incrementing watchdog counter
[21-00-14] [THREAD STARTED]: component right thread
[21-00-14] [UI ACTION]: Component = CyderButton, hash = 395031023, bounds = (145, 10, 135, 30), parent frame = Pathfindi
           ng Visualizer, getText() = Euclidean
[21-00-14] [THREAD STARTED]: Path Solver
[21-00-14] [UI ACTION]: Component = CyderButton, hash = 79731100, bounds = (400, 940, 170, 40), parent frame = Pathfindi
           ng Visualizer, getText() = Stop
[21-00-14] [THREAD STATUS POLLED]: name = AWT-EventQueue-0 in RUNNABLE state; incrementing watchdog counter
[21-00-15] [OBJECT CREATION]: Objects created since last delta (5s): 638
[21-00-17] [THREAD STATUS POLLED]: name = AWT-EventQueue-0 in RUNNABLE state; incrementing watchdog counter [3x]
[21-00-18] [THREAD STARTED]: component left thread
[21-00-18] [UI ACTION]: Component = CyderButton, hash = 912711154, bounds = (400, 890, 170, 40), parent frame =
           Pathfinding Visualizer, getText() = Reset
[21-00-19] [THREAD STATUS POLLED]: name = AWT-EventQueue-0 in RUNNABLE state; incrementing watchdog counter [2x]
[21-00-20] [OBJECT CREATION]: Objects created since last delta (5s): 182999
[21-00-47] [THREAD STATUS POLLED]: name = AWT-EventQueue-0 in RUNNABLE state; incrementing watchdog counter [27x]
[21-00-47] [THREAD STARTED]: Path Solver
[21-00-47] [UI ACTION]: Component = CyderButton, hash = 79731100, bounds = (400, 940, 170, 40), parent frame = Pathfindi
           ng Visualizer, getText() = Stop
[21-00-49] [THREAD STATUS POLLED]: name = AWT-EventQueue-0 in RUNNABLE state; incrementing watchdog counter [2x]
[21-00-49] [THREAD STARTED]: component right thread
[21-00-49] [UI ACTION]: Component = CyderButton, hash = 395031023, bounds = (145, 10, 135, 30), parent frame = Pathfindi
           ng Visualizer, getText() = Euclidean
[21-00-49] [THREAD STARTED]: Path Solver
[21-00-49] [UI ACTION]: Component = CyderButton, hash = 79731100, bounds = (400, 940, 170, 40), parent frame = Pathfindi
           ng Visualizer, getText() = Stop
[21-00-50] [THREAD STATUS POLLED]: name = AWT-EventQueue-0 in RUNNABLE state; incrementing watchdog counter
[21-00-50] [OBJECT CREATION]: Objects created since last delta (5s): 103182
[21-00-51] [THREAD STATUS POLLED]: name = AWT-EventQueue-0 in RUNNABLE state; incrementing watchdog counter
[21-00-51] [THREAD STARTED]: component left thread
[21-00-51] [UI ACTION]: Component = CyderButton, hash = 912711154, bounds = (400, 890, 170, 40), parent frame =
           Pathfinding Visualizer, getText() = Reset
[21-00-54] [THREAD STATUS POLLED]: name = AWT-EventQueue-0 in RUNNABLE state; incrementing watchdog counter [3x]
[21-00-55] [UI ACTION]: Component = CyderCheckbox, hash = 2082499928, bounds = (240, 920, 50, 50), parent frame =
           Pathfinding Visualizer
[21-00-55] [THREAD STATUS POLLED]: name = AWT-EventQueue-0 in RUNNABLE state; incrementing watchdog counter
[21-00-55] [OBJECT CREATION]: Objects created since last delta (5s): 2
[21-00-56] [THREAD STATUS POLLED]: name = AWT-EventQueue-0 in RUNNABLE state; incrementing watchdog counter
[21-00-56] [THREAD STARTED]: component right thread
[21-00-56] [UI ACTION]: Component = CyderButton, hash = 395031023, bounds = (145, 10, 135, 30), parent frame = Pathfindi
           ng Visualizer, getText() = Euclidean
[21-00-57] [THREAD STATUS POLLED]: name = AWT-EventQueue-0 in RUNNABLE state; incrementing watchdog counter
[21-00-57] [THREAD STARTED]: Path Solver
[21-00-57] [UI ACTION]: Component = CyderButton, hash = 79731100, bounds = (400, 940, 170, 40), parent frame = Pathfindi
           ng Visualizer, getText() = Stop
[21-01-00] [THREAD STATUS POLLED]: name = AWT-EventQueue-0 in RUNNABLE state; incrementing watchdog counter [3x]
[21-01-00] [OBJECT CREATION]: Objects created since last delta (5s): 710
[21-01-05] [THREAD STATUS POLLED]: name = AWT-EventQueue-0 in RUNNABLE state; incrementing watchdog counter [5x]
[21-01-05] [OBJECT CREATION]: Objects created since last delta (5s): 13494
[21-01-10] [THREAD STATUS POLLED]: name = AWT-EventQueue-0 in RUNNABLE state; incrementing watchdog counter [5x]
[21-01-10] [OBJECT CREATION]: Objects created since last delta (5s): 40953
[21-01-13] [THREAD STATUS POLLED]: name = AWT-EventQueue-0 in RUNNABLE state; incrementing watchdog counter [3x]
[21-01-13] [THREAD STARTED]: component left thread
[21-01-13] [UI ACTION]: Component = CyderButton, hash = 912711154, bounds = (400, 890, 170, 40), parent frame =
           Pathfinding Visualizer, getText() = Reset
[21-01-14] [THREAD STATUS POLLED]: name = AWT-EventQueue-0 in RUNNABLE state; incrementing watchdog counter
[21-01-14] [THREAD STARTED]: component right thread
[21-01-14] [UI ACTION]: Component = CyderButton, hash = 1862177606, bounds = (200, 10, 190, 30), parent frame =
           Pathfinding Visualizer, getText() = Dijkstras
[21-01-15] [THREAD STATUS POLLED]: name = AWT-EventQueue-0 in RUNNABLE state; incrementing watchdog counter
[21-01-15] [THREAD STARTED]: component right thread
[21-01-15] [UI ACTION]: Component = CyderButton, hash = 395031023, bounds = (145, 10, 135, 30), parent frame = Pathfindi
           ng Visualizer, getText() = Euclidean
[21-01-15] [OBJECT CREATION]: Objects created since last delta (5s): 39931
[21-01-15] [THREAD STARTED]: Path Solver
[21-01-15] [UI ACTION]: Component = CyderButton, hash = 79731100, bounds = (400, 940, 170, 40), parent frame = Pathfindi
           ng Visualizer, getText() = Stop
[21-01-20] [THREAD STATUS POLLED]: name = AWT-EventQueue-0 in RUNNABLE state; incrementing watchdog counter [5x]
[21-01-20] [OBJECT CREATION]: Objects created since last delta (5s): 207028
[21-01-21] [THREAD STATUS POLLED]: name = AWT-EventQueue-0 in RUNNABLE state; incrementing watchdog counter
[21-01-21] [THREAD STARTED]: component left thread [2x]
[21-01-21] [UI ACTION]: Component = CyderButton, hash = 912711154, bounds = (400, 890, 170, 40), parent frame =
           Pathfinding Visualizer, getText() = Reset
[21-01-24] [THREAD STATUS POLLED]: name = AWT-EventQueue-0 in RUNNABLE state; incrementing watchdog counter [3x]
[21-01-24] [THREAD STARTED]: component right thread
[21-01-24] [UI ACTION]: Component = CyderButton, hash = 395031023, bounds = (145, 10, 135, 30), parent frame = Pathfindi
           ng Visualizer, getText() = Euclidean
[21-01-25] [THREAD STATUS POLLED]: name = AWT-EventQueue-0 in RUNNABLE state; incrementing watchdog counter
[21-01-25] [OBJECT CREATION]: Objects created since last delta (5s): 2
[21-01-26] [THREAD STATUS POLLED]: name = AWT-EventQueue-0 in RUNNABLE state; incrementing watchdog counter
[21-01-26] [UI ACTION]: Component = CyderCheckbox, hash = 2082499928, bounds = (240, 920, 50, 50), parent frame =
           Pathfinding Visualizer
[21-01-26] [THREAD STARTED]: Path Solver
[21-01-26] [UI ACTION]: Component = CyderButton, hash = 79731100, bounds = (400, 940, 170, 40), parent frame = Pathfindi
           ng Visualizer, getText() = Stop
[21-01-28] [THREAD STATUS POLLED]: name = AWT-EventQueue-0 in RUNNABLE state; incrementing watchdog counter [2x]
[21-01-28] [UI ACTION]: Component = CyderButton, hash = 79731100, bounds = (400, 940, 170, 40), parent frame = Pathfindi
           ng Visualizer, getText() = Start
[21-01-29] [THREAD STARTED]: component right thread
[21-01-29] [UI ACTION]: Component = CyderButton, hash = 1862177606, bounds = (200, 10, 190, 30), parent frame =
           Pathfinding Visualizer, getText() = Dijkstras
[21-01-29] [THREAD STATUS POLLED]: name = AWT-EventQueue-0 in RUNNABLE state; incrementing watchdog counter
[21-01-29] [THREAD STARTED]: Path Solver
[21-01-29] [UI ACTION]: Component = CyderButton, hash = 79731100, bounds = (400, 940, 170, 40), parent frame = Pathfindi
           ng Visualizer, getText() = Stop
[21-01-30] [THREAD STATUS POLLED]: name = AWT-EventQueue-0 in RUNNABLE state; incrementing watchdog counter
[21-01-30] [OBJECT CREATION]: Objects created since last delta (5s): 4181
[21-01-31] [THREAD STATUS POLLED]: name = AWT-EventQueue-0 in RUNNABLE state; incrementing watchdog counter
[21-01-31] [UI ACTION]: Component = CyderButton, hash = 79731100, bounds = (400, 940, 170, 40), parent frame = Pathfindi
           ng Visualizer, getText() = Start
[21-01-32] [THREAD STARTED]: Path Solver
[21-01-32] [UI ACTION]: Component = CyderButton, hash = 79731100, bounds = (400, 940, 170, 40), parent frame = Pathfindi
           ng Visualizer, getText() = Stop
[21-01-35] [THREAD STATUS POLLED]: name = AWT-EventQueue-0 in RUNNABLE state; incrementing watchdog counter [4x]
[21-01-35] [OBJECT CREATION]: Objects created since last delta (5s): 17695
[21-01-40] [THREAD STATUS POLLED]: name = AWT-EventQueue-0 in RUNNABLE state; incrementing watchdog counter [5x]
[21-01-40] [OBJECT CREATION]: Objects created since last delta (5s): 40045
[21-01-45] [THREAD STATUS POLLED]: name = AWT-EventQueue-0 in RUNNABLE state; incrementing watchdog counter [5x]
[21-01-45] [OBJECT CREATION]: Objects created since last delta (5s): 63467
[21-01-50] [THREAD STATUS POLLED]: name = AWT-EventQueue-0 in RUNNABLE state; incrementing watchdog counter [5x]
[21-01-50] [OBJECT CREATION]: Objects created since last delta (5s): 90156
[21-02-03] [THREAD STATUS POLLED]: name = AWT-EventQueue-0 in RUNNABLE state; incrementing watchdog counter [12x]
[21-02-32] [EOL]: Log completed, Cyder crashed unexpectedly: exit code: -9 External Stop, exceptions thrown: 0
