[00-28-22] [ACTION]: Requested deletion of: C:\Users\Nathan\Documents\IntelliJava\Cyder\logs\2022-03-04
[00-28-22] [ENTRY]: [Nathan]
[00-28-22] [THREAD STARTED]: Singular Cyder Instance Ensurer
[00-28-23] [THREAD STARTED]: Splash Loader
[00-28-24] [THREAD STARTED]: Splash Animation
[00-28-24] [THREAD STARTED]: Cyder Start Secondary Subroutines
[00-28-24] [LOGIN]: [AUTOCYPHER ATTEMPT]
[00-28-24] [JAVA ARGS]: [LOCATION] [La casa de Nathan]
[00-28-24] [ACTION]: Requested deletion of: C:\Users\Nathan\Documents\IntelliJava\Cyder\dynamic\tmp
[00-28-24] [ACTION]: [DELETION FAILED] C:\Users\Nathan\Documents\IntelliJava\Cyder\dynamic\tmp
[00-28-24] [SYSTEM_IO]: [User Write] User was written to file: 7d7ebb00-81fe-329f-8a78-62f463d0b7da\Userdata.json [4x]
[00-28-24] [LOGIN]: [[AUTOCYPHER PASS]: 7d7ebb00-81fe-329f-8a78-62f463d0b7da]
[00-28-24] [SYSTEM_IO]: [User Write] User was written to file: 7d7ebb00-81fe-329f-8a78-62f463d0b7da\Userdata.json
[00-28-24] [SYSTEM_IO]: Userdata requested: RandomBackground
[00-28-24] [SYSTEM_IO]: Userdata requested: FullScreen
[00-28-24] [SYSTEM_IO]: Userdata requested: fullscreen
[00-28-24] [SYSTEM_IO]: Userdata requested: FullScreen [2x]
[00-28-24] [THREAD STARTED]: Console Printing Animation
[00-28-24] [SYSTEM_IO]: Userdata requested: OutputBorder
[00-28-24] [SYSTEM_IO]: Userdata requested: FullScreen
[00-28-24] [SYSTEM_IO]: Userdata requested: InputBorder
[00-28-24] [THREAD STARTED]: Console Input Caret Position Updater
[00-28-24] [SYSTEM_IO]: Userdata requested: OutputFill
[00-28-24] [SYSTEM_IO]: Userdata requested: InputFill
[00-28-24] [THREAD STARTED]: High Ping Checker
[00-28-24] [THREAD STARTED]: Hourly Chime Checker
[00-28-24] [THREAD STARTED]: Console Clock Updater
[00-28-24] [THREAD STARTED]: Cyder Busy Checker
[00-28-24] [THREAD STARTED]: ConsoleFrame Data Saver
[00-28-25] [ACTION]: Console loaded in 2846ms
[00-28-25] [THREAD STARTED]: Component name = [cyder.ui.ConsoleFrame], bounds = [(1450, 256, 860, 825)], hash = [391506011], parentFrame = [Object itself is the top level frame], associated text = [No getText() method found], tooltip text = [No getTooltipText() method found], title = [Insomnia Cyder [Nathan]] notification queue checker
[00-28-25] [ACTION]: CyderFrame disposed with fastclose: true, CyderFrame: Component name = [cyder.ui.CyderFrame], bounds = [(980, 396, 600, 600)], hash = [1942918205], parentFrame = [Object itself is the top level frame], associated text = [No getText() method found], tooltip text = [No getTooltipText() method found], title = [Cyder Splash]
[00-28-25] [THREAD STARTED]: Cyder Splash CyderFrame dispose thread
[00-28-25] [SYSTEM_IO]: Userdata requested: DebugWindows
[00-28-25] [ENTRY]: [TESTING MODE]
[00-28-25] [ACTION]: [Insomnia Cyder [Nathan]] [NOTIFICATION] Console loaded in 2846ms
[00-28-25] [THREAD STARTED]: notification appear animation
[00-28-25] [SYSTEM_IO]: Userdata requested: laststart
[00-28-25] [SYSTEM_IO]: [User Write] User was written to file: 7d7ebb00-81fe-329f-8a78-62f463d0b7da\Userdata.json
[00-28-25] [SYSTEM_IO]: Userdata requested: persistentnotifications
[00-28-25] [THREAD STARTED]: Notificaiton vanish animater 395192252
[00-28-31] [SYSTEM_IO]: [User Write] User was written to file: 7d7ebb00-81fe-329f-8a78-62f463d0b7da\Userdata.json [2x]
[00-28-35] [ACTION]: Component name = [cyder.ui.CyderCheckbox], bounds = [(65, 45, 50, 50)], hash = [652456967], parentFrame = [Paint Controls], associated text = [No getText() method found], tooltip text = [No getTooltipText() method found], title = [No getTitle() method found]
[00-28-50] [SYSTEM_IO]: [User Write] User was written to file: 7d7ebb00-81fe-329f-8a78-62f463d0b7da\Userdata.json [5x]
[00-28-51] [ACTION]: Component name = [cyder.ui.CyderCheckbox], bounds = [(65, 45, 50, 50)], hash = [652456967], parentFrame = [Paint Controls], associated text = [No getText() method found], tooltip text = [No getTooltipText() method found], title = [No getTitle() method found]
[00-29-09] [SYSTEM_IO]: [User Write] User was written to file: 7d7ebb00-81fe-329f-8a78-62f463d0b7da\Userdata.json [5x]
[00-29-09] [ACTION]: Component name = [cyder.ui.CyderCheckbox], bounds = [(5, 45, 50, 50)], hash = [1568164278], parentFrame = [Paint Controls], associated text = [No getText() method found], tooltip text = [No getTooltipText() method found], title = [No getTitle() method found]
[00-29-10] [ACTION]: Component name = [cyder.ui.CyderCheckbox], bounds = [(65, 45, 50, 50)], hash = [652456967], parentFrame = [Paint Controls], associated text = [No getText() method found], tooltip text = [No getTooltipText() method found], title = [No getTitle() method found]
[00-30-32] [SYSTEM_IO]: [User Write] User was written to file: 7d7ebb00-81fe-329f-8a78-62f463d0b7da\Userdata.json [22x]
[00-30-35] [ACTION]: Component name = [cyder.ui.CyderCheckbox], bounds = [(65, 45, 50, 50)], hash = [652456967], parentFrame = [Paint Controls], associated text = [No getText() method found], tooltip text = [No getTooltipText() method found], title = [No getTitle() method found]
[00-30-36] [SYSTEM_IO]: [User Write] User was written to file: 7d7ebb00-81fe-329f-8a78-62f463d0b7da\Userdata.json
[00-30-38] [ACTION]: Component name = [cyder.ui.CyderCheckbox], bounds = [(5, 45, 50, 50)], hash = [1568164278], parentFrame = [Paint Controls], associated text = [No getText() method found], tooltip text = [No getTooltipText() method found], title = [No getTitle() method found]
[00-30-40] [SYSTEM_IO]: [User Write] User was written to file: 7d7ebb00-81fe-329f-8a78-62f463d0b7da\Userdata.json
[00-30-42] [ACTION]: Component name = [cyder.ui.CyderCheckbox], bounds = [(65, 45, 50, 50)], hash = [652456967], parentFrame = [Paint Controls], associated text = [No getText() method found], tooltip text = [No getTooltipText() method found], title = [No getTitle() method found]
[00-30-55] [SYSTEM_IO]: [User Write] User was written to file: 7d7ebb00-81fe-329f-8a78-62f463d0b7da\Userdata.json [4x]
[00-30-59] [ACTION]: Component name = [cyder.ui.DragLabel], bounds = [(2, 2, 796, 28)], hash = [-14299213], parentFrame = [Paint], associated text = [No getText() method found], tooltip text = [No getTooltipText() method found], title = [No getTitle() method found]
[00-30-59] [ACTION]: CyderFrame disposed with fastclose: false, CyderFrame: Component name = [cyder.ui.CyderFrame], bounds = [(1427, 300, 800, 830)], hash = [140914220], parentFrame = [Object itself is the top level frame], associated text = [No getText() method found], tooltip text = [No getTooltipText() method found], title = [Paint]
[00-30-59] [THREAD STARTED]: Paint CyderFrame dispose thread
[00-30-59] [SYSTEM_IO]: Userdata requested: closeanimation
[00-30-59] [ACTION]: CyderFrame disposed with fastclose: true, CyderFrame: Component name = [cyder.ui.CyderFrame], bounds = [(1480, 1084, 800, 230)], hash = [1360015602], parentFrame = [Object itself is the top level frame], associated text = [No getText() method found], tooltip text = [No getTooltipText() method found], title = [Paint Controls]
[00-30-59] [THREAD STARTED]: Paint Controls CyderFrame dispose thread
[00-30-59] [SYSTEM_IO]: [User Write] User was written to file: 7d7ebb00-81fe-329f-8a78-62f463d0b7da\Userdata.json
[00-31-00] [CLIENT]: paint
[00-31-00] [SYSTEM_IO]: Userdata requested: filterchat
[00-31-00] [CONSOLE_OUT]: [STRING] Opening widget: PaintWidget
[00-31-00] [ACTION]: CyderFrame disposed with fastclose: true, CyderFrame: Component name = [cyder.ui.CyderFrame], bounds = [(1427, 300, 800, 830)], hash = [140914220], parentFrame = [Object itself is the top level frame], associated text = [No getText() method found], tooltip text = [No getTooltipText() method found], title = [Paint]
[00-31-00] [THREAD STARTED]: Paint CyderFrame dispose thread
[00-31-00] [ACTION]: CyderFrame disposed with fastclose: false, CyderFrame: Component name = [cyder.ui.CyderFrame], bounds = [(1480, 1084, 800, 230)], hash = [1360015602], parentFrame = [Object itself is the top level frame], associated text = [No getText() method found], tooltip text = [No getTooltipText() method found], title = [Paint Controls]
[00-31-00] [THREAD STARTED]: Paint Controls CyderFrame dispose thread
[00-31-00] [HANDLE]: PRIMARY HANDLE
[00-31-10] [SYSTEM_IO]: [User Write] User was written to file: 7d7ebb00-81fe-329f-8a78-62f463d0b7da\Userdata.json [3x]
[00-31-12] [ACTION]: Component name = [cyder.ui.CyderCheckbox], bounds = [(65, 45, 50, 50)], hash = [1122811193], parentFrame = [Paint Controls], associated text = [No getText() method found], tooltip text = [No getTooltipText() method found], title = [No getTitle() method found]
[00-31-22] [SYSTEM_IO]: [User Write] User was written to file: 7d7ebb00-81fe-329f-8a78-62f463d0b7da\Userdata.json [3x]
[00-31-22] [ACTION]: Component name = [cyder.ui.CyderCheckbox], bounds = [(65, 45, 50, 50)], hash = [1122811193], parentFrame = [Paint Controls], associated text = [No getText() method found], tooltip text = [No getTooltipText() method found], title = [No getTitle() method found]
[00-31-26] [SYSTEM_IO]: [User Write] User was written to file: 7d7ebb00-81fe-329f-8a78-62f463d0b7da\Userdata.json
[00-31-26] [SYSTEM_IO]: Userdata requested: minimizeonclose
[00-31-26] [SYSTEM_IO]: [User Write] User was written to file: 7d7ebb00-81fe-329f-8a78-62f463d0b7da\Userdata.json
[00-31-26] [ACTION]: CyderFrame disposed with fastclose: false, CyderFrame: Component name = [cyder.ui.ConsoleFrame], bounds = [(1450, 256, 860, 825)], hash = [391506011], parentFrame = [Object itself is the top level frame], associated text = [No getText() method found], tooltip text = [No getTooltipText() method found], title = [Insomnia Cyder [Nathan]]
[00-31-26] [THREAD STARTED]: Insomnia Cyder [Nathan] CyderFrame dispose thread
[00-31-26] [SYSTEM_IO]: Userdata requested: closeanimation
[00-31-26] [EXIT]: [RUNTIME] 3m 4s
[00-31-26] [EOL]: Log completed, exiting Cyder with exit code: 0 [Genesis Controlled Exit], exceptions thrown: 0
