[10-46-32] [ENTRY]: [Nathan]
[10-46-32] [THREAD STARTED]: Singular Cyder Instance Ensurer
[10-46-33] [THREAD STARTED]: Splash Loader
[10-46-34] [THREAD STARTED]: Splash Animation
[10-46-34] [THREAD STARTED]: Cyder Start Secondary Subroutines
[10-46-34] [LOGIN]: [AUTOCYPHER ATTEMPT]
[10-46-34] [JAVA ARGS]: [LOCATION] [La casa de Nathan]
[10-46-34] [ACTION]: Requested deletion of: C:\Users\Nathan\Documents\IntelliJava\Cyder\dynamic\tmp
[10-46-34] [ACTION]: [DELETION FAILED] C:\Users\Nathan\Documents\IntelliJava\Cyder\dynamic\tmp
[10-46-34] [SYSTEM_IO]: [User Write] User was written to file: 7d7ebb00-81fe-329f-8a78-62f463d0b7da\Userdata.json [4x]
[10-46-34] [LOGIN]: [[AUTOCYPHER PASS]: 7d7ebb00-81fe-329f-8a78-62f463d0b7da]
[10-46-34] [SYSTEM_IO]: [User Write] User was written to file: 7d7ebb00-81fe-329f-8a78-62f463d0b7da\Userdata.json
[10-46-34] [SYSTEM_IO]: Userdata requested: RandomBackground
[10-46-34] [SYSTEM_IO]: Userdata requested: FullScreen
[10-46-34] [SYSTEM_IO]: Userdata requested: fullscreen
[10-46-34] [SYSTEM_IO]: Userdata requested: FullScreen [2x]
[10-46-34] [THREAD STARTED]: Console Printing Animation
[10-46-34] [SYSTEM_IO]: Userdata requested: OutputBorder
[10-46-34] [SYSTEM_IO]: Userdata requested: FullScreen
[10-46-35] [SYSTEM_IO]: Userdata requested: InputBorder
[10-46-35] [THREAD STARTED]: Console Input Caret Position Updater
[10-46-35] [SYSTEM_IO]: Userdata requested: OutputFill
[10-46-35] [SYSTEM_IO]: Userdata requested: InputFill
[10-46-35] [THREAD STARTED]: High Ping Checker
[10-46-35] [THREAD STARTED]: Hourly Chime Checker
[10-46-35] [THREAD STARTED]: Console Clock Updater
[10-46-35] [THREAD STARTED]: Cyder Busy Checker
[10-46-35] [THREAD STARTED]: ConsoleFrame Data Saver
[10-46-35] [ACTION]: Console loaded in 2567ms
[10-46-35] [THREAD STARTED]: Component name = [cyder.ui.ConsoleFrame], bounds = [(1392, 252, 860, 825)], hash = [594651850], parentFrame = [Object itself is the top level frame], associated text = [No getText() method found], tooltip text = [No getTooltipText() method found], title = [Insomnia Cyder [Nathan]] notification queue checker
[10-46-35] [ACTION]: CyderFrame disposed with fastclose: true, CyderFrame: Component name = [cyder.ui.CyderFrame], bounds = [(980, 396, 600, 600)], hash = [860376743], parentFrame = [Object itself is the top level frame], associated text = [No getText() method found], tooltip text = [No getTooltipText() method found], title = [Cyder Splash]
[10-46-35] [SYSTEM_IO]: Userdata requested: DebugWindows
[10-46-35] [THREAD STARTED]: Cyder Splash CyderFrame dispose thread
[10-46-35] [ENTRY]: [TESTING MODE]
[10-46-35] [ACTION]: [Insomnia Cyder [Nathan]] [NOTIFICATION] Console loaded in 2567ms
[10-46-35] [THREAD STARTED]: notification appear animation
[10-46-35] [SYSTEM_IO]: Userdata requested: persistentnotifications
[10-46-35] [THREAD STARTED]: Notificaiton vanish animater -572398501
[10-46-35] [SYSTEM_IO]: Userdata requested: laststart
[10-47-19] [SYSTEM_IO]: [User Write] User was written to file: 7d7ebb00-81fe-329f-8a78-62f463d0b7da\Userdata.json [13x]
[10-47-20] [ACTION]: Component name = [cyder.ui.CyderCheckbox], bounds = [(65, 45, 50, 50)], hash = [680007298], parentFrame = [Paint Controls], associated text = [No getText() method found], tooltip text = [No getTooltipText() method found], title = [No getTitle() method found]
[10-50-08] [SYSTEM_IO]: [User Write] User was written to file: 7d7ebb00-81fe-329f-8a78-62f463d0b7da\Userdata.json [44x]
[10-50-29] [EOL]: Log completed, Cyder crashed unexpectedly: exit code: -9 External Stop, exceptions thrown: 0
