[10-53-07] [ENTRY]: [Nathan]
[10-53-07] [THREAD STARTED]: Singular Cyder Instance Ensurer
[10-53-08] [THREAD STARTED]: Splash Loader
[10-53-08] [THREAD STARTED]: Splash Animation
[10-53-09] [THREAD STARTED]: Cyder Start Secondary Subroutines
[10-53-09] [LOGIN]: [AUTOCYPHER ATTEMPT]
[10-53-09] [JAVA ARGS]: [LOCATION] [La casa de Nathan]
[10-53-09] [ACTION]: Requested deletion of: C:\Users\Nathan\Documents\IntelliJava\Cyder\dynamic\tmp
[10-53-09] [ACTION]: [DELETION FAILED] C:\Users\Nathan\Documents\IntelliJava\Cyder\dynamic\tmp
[10-53-09] [SYSTEM_IO]: [User Write] User was written to file: 7d7ebb00-81fe-329f-8a78-62f463d0b7da\Userdata.json [4x]
[10-53-09] [LOGIN]: [[AUTOCYPHER PASS]: 7d7ebb00-81fe-329f-8a78-62f463d0b7da]
[10-53-09] [SYSTEM_IO]: [User Write] User was written to file: 7d7ebb00-81fe-329f-8a78-62f463d0b7da\Userdata.json
[10-53-09] [SYSTEM_IO]: Userdata requested: RandomBackground
[10-53-09] [SYSTEM_IO]: Userdata requested: FullScreen
[10-53-09] [SYSTEM_IO]: Userdata requested: fullscreen
[10-53-09] [SYSTEM_IO]: Userdata requested: FullScreen [2x]
[10-53-09] [THREAD STARTED]: Console Printing Animation
[10-53-09] [SYSTEM_IO]: Userdata requested: OutputBorder
[10-53-09] [SYSTEM_IO]: Userdata requested: FullScreen
[10-53-09] [SYSTEM_IO]: Userdata requested: InputBorder
[10-53-09] [THREAD STARTED]: Console Input Caret Position Updater
[10-53-09] [SYSTEM_IO]: Userdata requested: OutputFill
[10-53-09] [SYSTEM_IO]: Userdata requested: InputFill
[10-53-09] [THREAD STARTED]: High Ping Checker
[10-53-09] [THREAD STARTED]: Hourly Chime Checker
[10-53-09] [THREAD STARTED]: Console Clock Updater
[10-53-09] [THREAD STARTED]: Cyder Busy Checker
[10-53-09] [THREAD STARTED]: ConsoleFrame Data Saver
[10-53-09] [ACTION]: Console loaded in 2472ms
[10-53-09] [THREAD STARTED]: Component name = [cyder.ui.ConsoleFrame], bounds = [(1392, 252, 860, 825)], hash = [1936550492], parentFrame = [Object itself is the top level frame], associated text = [No getText() method found], tooltip text = [No getTooltipText() method found], title = [Insomnia Cyder [Nathan]] notification queue checker
[10-53-09] [ACTION]: CyderFrame disposed with fastclose: true, CyderFrame: Component name = [cyder.ui.CyderFrame], bounds = [(980, 396, 600, 600)], hash = [2105772286], parentFrame = [Object itself is the top level frame], associated text = [No getText() method found], tooltip text = [No getTooltipText() method found], title = [Cyder Splash]
[10-53-09] [THREAD STARTED]: Cyder Splash CyderFrame dispose thread
[10-53-09] [SYSTEM_IO]: Userdata requested: DebugWindows
[10-53-09] [ENTRY]: [TESTING MODE]
[10-53-10] [ACTION]: [Insomnia Cyder [Nathan]] [NOTIFICATION] Console loaded in 2472ms
[10-53-10] [THREAD STARTED]: notification appear animation
[10-53-10] [SYSTEM_IO]: Userdata requested: persistentnotifications
[10-53-10] [THREAD STARTED]: Notificaiton vanish animater -1117532570
[10-53-10] [SYSTEM_IO]: Userdata requested: laststart
[10-53-55] [SYSTEM_IO]: [User Write] User was written to file: 7d7ebb00-81fe-329f-8a78-62f463d0b7da\Userdata.json [13x]
[10-54-17] [EOL]: Log completed, Cyder crashed unexpectedly: exit code: -9 External Stop, exceptions thrown: 0
