[11-27-41] [ENTRY]: [Nathan]
[11-27-42] [THREAD STARTED]: Singular Cyder Instance Ensurer
[11-27-42] [THREAD STARTED]: Splash Loader
[11-27-42] [THREAD STARTED]: Splash Animation
[11-27-43] [THREAD STARTED]: Cyder Start Secondary Subroutines
[11-27-43] [LOGIN]: [AUTOCYPHER ATTEMPT]
[11-27-43] [JAVA ARGS]: [LOCATION] [La casa de Nathan]
[11-27-43] [ACTION]: Requested deletion of: C:\Users\Nathan\Documents\IntelliJava\Cyder\dynamic\tmp
[11-27-43] [ACTION]: [DELETION FAILED] C:\Users\Nathan\Documents\IntelliJava\Cyder\dynamic\tmp
[11-27-43] [SYSTEM_IO]: [User Write] User was written to file: 7d7ebb00-81fe-329f-8a78-62f463d0b7da\Userdata.json [4x]
[11-27-43] [LOGIN]: [[AUTOCYPHER PASS]: 7d7ebb00-81fe-329f-8a78-62f463d0b7da]
[11-27-43] [SYSTEM_IO]: [User Write] User was written to file: 7d7ebb00-81fe-329f-8a78-62f463d0b7da\Userdata.json
[11-27-43] [SYSTEM_IO]: Userdata requested: RandomBackground
[11-27-43] [SYSTEM_IO]: Userdata requested: FullScreen
[11-27-43] [SYSTEM_IO]: Userdata requested: fullscreen
[11-27-43] [SYSTEM_IO]: Userdata requested: FullScreen [2x]
[11-27-43] [THREAD STARTED]: Console Printing Animation
[11-27-43] [SYSTEM_IO]: Userdata requested: OutputBorder
[11-27-43] [SYSTEM_IO]: Userdata requested: FullScreen
[11-27-43] [SYSTEM_IO]: Userdata requested: InputBorder
[11-27-43] [THREAD STARTED]: Console Input Caret Position Updater
[11-27-43] [SYSTEM_IO]: Userdata requested: OutputFill
[11-27-43] [SYSTEM_IO]: Userdata requested: InputFill
[11-27-43] [THREAD STARTED]: High Ping Checker
[11-27-43] [THREAD STARTED]: Hourly Chime Checker
[11-27-43] [THREAD STARTED]: Console Clock Updater
[11-27-43] [THREAD STARTED]: Cyder Busy Checker
[11-27-43] [THREAD STARTED]: ConsoleFrame Data Saver
[11-27-43] [ACTION]: Console loaded in 2018ms
[11-27-43] [SYSTEM_IO]: Userdata requested: DebugWindows
[11-27-43] [ENTRY]: [TESTING MODE]
[11-27-43] [THREAD STARTED]: Component name = [cyder.ui.ConsoleFrame], bounds = [(1392, 252, 860, 825)], hash = [594651850], parentFrame = [Object itself is the top level frame], associated text = [No getText() method found], tooltip text = [No getTooltipText() method found], title = [Insomnia Cyder [Nathan]] notification queue checker
[11-27-43] [ACTION]: CyderFrame disposed with fastclose: true, CyderFrame: Component name = [cyder.ui.CyderFrame], bounds = [(980, 396, 600, 600)], hash = [1148334315], parentFrame = [Object itself is the top level frame], associated text = [No getText() method found], tooltip text = [No getTooltipText() method found], title = [Cyder Splash]
[11-27-43] [THREAD STARTED]: Cyder Splash CyderFrame dispose thread
[11-27-43] [ACTION]: [Insomnia Cyder [Nathan]] [NOTIFICATION] Console loaded in 2018ms
[11-27-43] [THREAD STARTED]: notification appear animation
[11-27-44] [SYSTEM_IO]: Userdata requested: laststart
[11-27-44] [SYSTEM_IO]: [User Write] User was written to file: 7d7ebb00-81fe-329f-8a78-62f463d0b7da\Userdata.json
[11-27-44] [SYSTEM_IO]: Userdata requested: persistentnotifications
[11-27-44] [THREAD STARTED]: Notificaiton vanish animater -242935776
[11-28-05] [SYSTEM_IO]: [User Write] User was written to file: 7d7ebb00-81fe-329f-8a78-62f463d0b7da\Userdata.json [6x]
[11-28-31] [EOL]: Log completed, Cyder crashed unexpectedly: exit code: -9 External Stop, exceptions thrown: 0
