[13-49-26] [ENTRY]: [Nathan]
[13-49-26] [THREAD STARTED]: Singular Cyder Instance Ensurer
[13-49-27] [THREAD STARTED]: Splash Loader
[13-49-27] [THREAD STARTED]: Splash Animation
[13-49-28] [THREAD STARTED]: Cyder Start Secondary Subroutines
[13-49-28] [LOGIN]: [AUTOCYPHER ATTEMPT]
[13-49-28] [JAVA ARGS]: [LOCATION] [La casa de Nathan]
[13-49-28] [ACTION]: Requested deletion of: C:\Users\Nathan\Documents\IntelliJava\Cyder\dynamic\tmp
[13-49-28] [SYSTEM_IO]: [User Write] User was written to file: 7d7ebb00-81fe-329f-8a78-62f463d0b7da\Userdata.json [4x]
[13-49-28] [LOGIN]: [[AUTOCYPHER PASS]: 7d7ebb00-81fe-329f-8a78-62f463d0b7da]
[13-49-28] [SYSTEM_IO]: [User Write] User was written to file: 7d7ebb00-81fe-329f-8a78-62f463d0b7da\Userdata.json
[13-49-28] [SYSTEM_IO]: Userdata requested: RandomBackground
[13-49-28] [SYSTEM_IO]: Userdata requested: FullScreen
[13-49-28] [SYSTEM_IO]: Userdata requested: fullscreen
[13-49-28] [SYSTEM_IO]: Userdata requested: FullScreen [2x]
[13-49-28] [THREAD STARTED]: Console Printing Animation
[13-49-28] [SYSTEM_IO]: Userdata requested: OutputBorder
[13-49-28] [SYSTEM_IO]: Userdata requested: FullScreen
[13-49-28] [SYSTEM_IO]: Userdata requested: InputBorder
[13-49-28] [THREAD STARTED]: Console Input Caret Position Updater
[13-49-28] [SYSTEM_IO]: Userdata requested: OutputFill
[13-49-28] [SYSTEM_IO]: Userdata requested: InputFill
[13-49-28] [THREAD STARTED]: High Ping Checker
[13-49-28] [THREAD STARTED]: Hourly Chime Checker
[13-49-28] [THREAD STARTED]: Console Clock Updater
[13-49-28] [THREAD STARTED]: Cyder Busy Checker
[13-49-28] [THREAD STARTED]: ConsoleFrame Data Saver
[13-49-28] [ACTION]: Console loaded in 2564ms
[13-49-28] [SYSTEM_IO]: Userdata requested: DebugWindows
[13-49-28] [ENTRY]: [TESTING MODE]
[13-49-28] [THREAD STARTED]: Component name = [cyder.ui.ConsoleFrame], bounds = [(1409, 300, 860, 825)], hash = [852026681], parentFrame = [Object itself is the top level frame], associated text = [No getText() method found], tooltip text = [No getTooltipText() method found], title = [Insomnia Cyder [Nathan]] notification queue checker
[13-49-28] [ACTION]: CyderFrame disposed with fastclose: true, CyderFrame: Component name = [cyder.ui.CyderFrame], bounds = [(980, 396, 600, 600)], hash = [1337242974], parentFrame = [Object itself is the top level frame], associated text = [No getText() method found], tooltip text = [No getTooltipText() method found], title = [Cyder Splash]
[13-49-28] [THREAD STARTED]: Cyder Splash CyderFrame dispose thread
[13-49-29] [ACTION]: [Insomnia Cyder [Nathan]] [NOTIFICATION] Console loaded in 2564ms
[13-49-29] [THREAD STARTED]: notification appear animation
[13-49-29] [SYSTEM_IO]: Userdata requested: laststart
[13-49-29] [SYSTEM_IO]: [User Write] User was written to file: 7d7ebb00-81fe-329f-8a78-62f463d0b7da\Userdata.json
[13-49-29] [SYSTEM_IO]: Userdata requested: persistentnotifications
[13-49-29] [THREAD STARTED]: Notificaiton vanish animater 1703653626
[13-49-35] [SYSTEM_IO]: [User Write] User was written to file: 7d7ebb00-81fe-329f-8a78-62f463d0b7da\Userdata.json [2x]
[13-49-36] [CLIENT]: mp3
[13-49-36] [SYSTEM_IO]: Userdata requested: filterchat
[13-49-36] [CONSOLE_OUT]: [STRING] Opening widget: AudioPlayer
[13-49-36] [WIDGET OPENED]: AUDIO PLAYER
[13-49-36] [THREAD STARTED]: Flash Player Audio Thread[Twillzzz - Lord Please]
[13-49-36] [SYSTEM_IO]: Created temperatory file: 13-49-36.stacktrace
[13-49-36] [EXCEPTION]:
Exception origin: java.base/jdk.internal.reflect.NativeMethodAccessorImpl.invoke0(Native Method)
From line: -2
Trace: java.lang.reflect.InvocationTargetException
at java.base/jdk.internal.reflect.NativeMethodAccessorImpl.invoke0(Native Method)
at java.base/jdk.internal.reflect.NativeMethodAccessorImpl.invoke(NativeMethodAccessorImpl.java:62)
at java.base/jdk.internal.reflect.DelegatingMethodAccessorImpl.invoke(DelegatingMethodAccessorImpl.java:43)
at java.base/java.lang.reflect.Method.invoke(Method.java:564)
at cyder.utilities.ReflectionUtil.openWidget(ReflectionUtil.java:338)
at cyder.handlers.internal.InputHandler.handle(InputHandler.java:233)
at cyder.ui.ConsoleFrame.lambda$launch$2(ConsoleFrame.java:558)
at java.desktop/javax.swing.JTextField.fireActionPerformed(JTextField.java:508)
at java.desktop/javax.swing.JTextField.postActionEvent(JTextField.java:723)
at java.desktop/javax.swing.JTextField$NotifyAction.actionPerformed(JTextField.java:839)
at java.desktop/javax.swing.SwingUtilities.notifyAction(SwingUtilities.java:1805)
at java.desktop/javax.swing.JComponent.processKeyBinding(JComponent.java:2901)
at java.desktop/javax.swing.JComponent.processKeyBindings(JComponent.java:2949)
at java.desktop/javax.swing.JComponent.processKeyEvent(JComponent.java:2863)
at java.desktop/java.awt.Component.processEvent(Component.java:6355)
at java.desktop/java.awt.Container.processEvent(Container.java:2259)
at java.desktop/java.awt.Component.dispatchEventImpl(Component.java:4961)
at java.desktop/java.awt.Container.dispatchEventImpl(Container.java:2317)
at java.desktop/java.awt.Component.dispatchEvent(Component.java:4793)
at java.desktop/java.awt.KeyboardFocusManager.redispatchEvent(KeyboardFocusManager.java:1955)
at java.desktop/java.awt.DefaultKeyboardFocusManager.dispatchKeyEvent(DefaultKeyboardFocusManager.java:827)
at java.desktop/java.awt.DefaultKeyboardFocusManager.preDispatchKeyEvent(DefaultKeyboardFocusManager.java:1096)
at java.desktop/java.awt.DefaultKeyboardFocusManager.typeAheadAssertions(DefaultKeyboardFocusManager.java:966)
at java.desktop/java.awt.DefaultKeyboardFocusManager.dispatchEvent(DefaultKeyboardFocusManager.java:792)
at java.desktop/java.awt.Component.dispatchEventImpl(Component.java:4842)
at java.desktop/java.awt.Container.dispatchEventImpl(Container.java:2317)
at java.desktop/java.awt.Window.dispatchEventImpl(Window.java:2758)
at java.desktop/java.awt.Component.dispatchEvent(Component.java:4793)
at java.desktop/java.awt.EventQueue.dispatchEventImpl(EventQueue.java:766)
at java.desktop/java.awt.EventQueue.access$500(EventQueue.java:97)
at java.desktop/java.awt.EventQueue$3.run(EventQueue.java:717)
at java.desktop/java.awt.EventQueue$3.run(EventQueue.java:711)
at java.base/java.security.AccessController.doPrivileged(Native Method)
at java.base/java.security.ProtectionDomain$JavaSecurityAccessImpl.doIntersectionPrivilege(ProtectionDomain.java:89)
at java.base/java.security.ProtectionDomain$JavaSecurityAccessImpl.doIntersectionPrivilege(ProtectionDomain.java:99)
at java.desktop/java.awt.EventQueue$4.run(EventQueue.java:739)
at java.desktop/java.awt.EventQueue$4.run(EventQueue.java:737)
at java.base/java.security.AccessController.doPrivileged(Native Method)
at java.base/java.security.ProtectionDomain$JavaSecurityAccessImpl.doIntersectionPrivilege(ProtectionDomain.java:89)
at java.desktop/java.awt.EventQueue.dispatchEvent(EventQueue.java:736)
at java.desktop/java.awt.EventDispatchThread.pumpOneEventForFilters(EventDispatchThread.java:199)
at java.desktop/java.awt.EventDispatchThread.pumpEventsForFilter(EventDispatchThread.java:124)
at java.desktop/java.awt.EventDispatchThread.pumpEventsForHierarchy(EventDispatchThread.java:113)
at java.desktop/java.awt.EventDispatchThread.pumpEvents(EventDispatchThread.java:109)
at java.desktop/java.awt.EventDispatchThread.pumpEvents(EventDispatchThread.java:101)
at java.desktop/java.awt.EventDispatchThread.run(EventDispatchThread.java:90)
Caused by: java.lang.IndexOutOfBoundsException: Index 4 out-of-bounds for length 0
at java.base/jdk.internal.util.Preconditions.outOfBounds(Preconditions.java:64)
at java.base/jdk.internal.util.Preconditions.outOfBoundsCheckIndex(Preconditions.java:70)
at java.base/jdk.internal.util.Preconditions.checkIndex(Preconditions.java:248)
at java.base/java.util.Objects.checkIndex(Objects.java:372)
at java.base/java.util.ArrayList.get(ArrayList.java:440)
at cyder.handlers.external.AudioPlayer.enterDefaultPlayer(AudioPlayer.java:1439)
at cyder.handlers.external.AudioPlayer.incrementWindowState(AudioPlayer.java:1391)
at cyder.handlers.external.AudioPlayer.enterAlbumArtPlayer(AudioPlayer.java:1466)
at cyder.handlers.external.AudioPlayer.showGUI(AudioPlayer.java:622)
at cyder.handlers.external.AudioPlayer.showGUI(AudioPlayer.java:237)
... 46 more
[13-49-36] [SYSTEM_IO]: Userdata requested: SilenceErrors
[13-49-36] [CONSOLE_OUT]: [STRING] Unknown command, looking for similar ones...
[13-49-36] [THREAD STARTED]: Unknown Input Handler
[13-49-36] [THREAD STARTED]: Flash Player scrolling title thread[Twillzzz - Lord Please]
[13-49-36] [THREAD STARTED]: Flash Player Progress Thread[Twillzzz - Lord Please]
[13-49-36] [ACTION]: [AUDIO PLAYER] Twillzzz - Lord Please.mp3
[13-49-37] [ACTION]: Similar command to "mp3" found with tol of 0.85714287, command = "mp3"
[13-49-37] [CONSOLE_OUT]: [STRING] Unknown command
[13-49-37] [CONSOLE_OUT]: [STRING] Most similar command: "mp3"
[13-49-42] [SYSTEM_IO]: [User Write] User was written to file: 7d7ebb00-81fe-329f-8a78-62f463d0b7da\Userdata.json [2x]
[13-49-43] [ACTION]: Component name = [cyder.ui.DragLabel], bounds = [(2, 2, 496, 28)], hash = [-14587513], parentFrame = [Twillzzz - Lord Please], associated text = [No getText() method found], tooltip text = [No getTooltipText() method found], title = [No getTitle() method found]
[13-49-43] [ACTION]: CyderFrame disposed with fastclose: false, CyderFrame: Component name = [cyder.ui.CyderFrame], bounds = [(247, 474, 500, 450)], hash = [260828713], parentFrame = [Object itself is the top level frame], associated text = [No getText() method found], tooltip text = [No getTooltipText() method found], title = [Twillzzz - Lord Please]
[13-49-43] [THREAD STARTED]: Twillzzz - Lord Please CyderFrame dispose thread
[13-49-43] [SYSTEM_IO]: Userdata requested: closeanimation
[13-49-43] [THREAD STARTED]: Console Audio Menu Minimizer
[13-50-36] [SYSTEM_IO]: [User Write] User was written to file: 7d7ebb00-81fe-329f-8a78-62f463d0b7da\Userdata.json [14x]
[13-51-03] [EOL]: Log completed, Cyder crashed unexpectedly: exit code: -9 External Stop, exceptions thrown: 1
