[14-02-33] [ENTRY]: [Nathan]
[14-02-33] [THREAD STARTED]: Singular Cyder Instance Ensurer
[14-02-34] [THREAD STARTED]: Splash Loader
[14-02-34] [THREAD STARTED]: Splash Animation
[14-02-34] [THREAD STARTED]: Cyder Start Secondary Subroutines
[14-02-34] [LOGIN]: [AUTOCYPHER ATTEMPT]
[14-02-34] [JAVA ARGS]: [LOCATION] [La casa de Nathan]
[14-02-34] [ACTION]: Requested deletion of: C:\Users\Nathan\Documents\IntelliJava\Cyder\dynamic\tmp
[14-02-34] [ACTION]: [DELETION FAILED] C:\Users\Nathan\Documents\IntelliJava\Cyder\dynamic\tmp
[14-02-35] [SYSTEM_IO]: [User Write] User was written to file: 7d7ebb00-81fe-329f-8a78-62f463d0b7da\Userdata.json [4x]
[14-02-35] [LOGIN]: [[AUTOCYPHER PASS]: 7d7ebb00-81fe-329f-8a78-62f463d0b7da]
[14-02-35] [SYSTEM_IO]: [User Write] User was written to file: 7d7ebb00-81fe-329f-8a78-62f463d0b7da\Userdata.json
[14-02-35] [SYSTEM_IO]: Userdata requested: RandomBackground
[14-02-35] [SYSTEM_IO]: Userdata requested: FullScreen
[14-02-35] [SYSTEM_IO]: Userdata requested: fullscreen
[14-02-35] [SYSTEM_IO]: Userdata requested: FullScreen [2x]
[14-02-35] [THREAD STARTED]: Console Printing Animation
[14-02-35] [SYSTEM_IO]: Userdata requested: OutputBorder
[14-02-35] [SYSTEM_IO]: Userdata requested: FullScreen
[14-02-35] [SYSTEM_IO]: Userdata requested: InputBorder
[14-02-35] [THREAD STARTED]: Console Input Caret Position Updater
[14-02-35] [SYSTEM_IO]: Userdata requested: OutputFill
[14-02-35] [SYSTEM_IO]: Userdata requested: InputFill
[14-02-35] [THREAD STARTED]: High Ping Checker
[14-02-35] [THREAD STARTED]: Hourly Chime Checker
[14-02-35] [THREAD STARTED]: Console Clock Updater
[14-02-35] [THREAD STARTED]: Cyder Busy Checker
[14-02-35] [THREAD STARTED]: ConsoleFrame Data Saver
[14-02-35] [ACTION]: Console loaded in 2212ms
[14-02-35] [SYSTEM_IO]: Userdata requested: DebugWindows
[14-02-35] [ENTRY]: [TESTING MODE]
[14-02-35] [WIDGET OPENED]: AUDIO PLAYER
[14-02-35] [THREAD STARTED]: Component name = [cyder.ui.ConsoleFrame], bounds = [(1409, 300, 860, 825)], hash = [852026681], parentFrame = [Object itself is the top level frame], associated text = [No getText() method found], tooltip text = [No getTooltipText() method found], title = [Insomnia Cyder [Nathan]] notification queue checker
[14-02-35] [ACTION]: CyderFrame disposed with fastclose: true, CyderFrame: Component name = [cyder.ui.CyderFrame], bounds = [(980, 396, 600, 600)], hash = [184488480], parentFrame = [Object itself is the top level frame], associated text = [No getText() method found], tooltip text = [No getTooltipText() method found], title = [Cyder Splash]
[14-02-35] [THREAD STARTED]: Cyder Splash CyderFrame dispose thread
[14-02-35] [THREAD STARTED]: Flash Player Audio Thread[Twillzzz - Lord Please]
[14-02-35] [SYSTEM_IO]: Userdata requested: laststart
[14-02-35] [SYSTEM_IO]: [User Write] User was written to file: 7d7ebb00-81fe-329f-8a78-62f463d0b7da\Userdata.json
[14-02-36] [ACTION]: [Insomnia Cyder [Nathan]] [NOTIFICATION] Console loaded in 2212ms
[14-02-36] [THREAD STARTED]: notification appear animation
[14-02-36] [SYSTEM_IO]: Userdata requested: persistentnotifications
[14-02-36] [THREAD STARTED]: Notificaiton vanish animater -1557406061
[14-02-36] [THREAD STARTED]: Flash Player scrolling title thread[Twillzzz - Lord Please]
[14-02-36] [THREAD STARTED]: Flash Player Progress Thread[Twillzzz - Lord Please]
[14-02-36] [ACTION]: [AUDIO PLAYER] Twillzzz - Lord Please.mp3
[14-02-45] [SYSTEM_IO]: [User Write] User was written to file: 7d7ebb00-81fe-329f-8a78-62f463d0b7da\Userdata.json [3x]
[14-02-47] [ACTION]: Component name = [cyder.ui.CyderLabel], bounds = [(55, 390, 385, 25)], hash = [580396509], parentFrame = [Twillzzz - Lord Please], associated text = [<html><div style='text-align: center;'>10s played, 3m 27s total</html>], tooltip text = [No getTooltipText() method found], title = [No getTitle() method found]
[14-02-47] [THREAD STARTED]: Flash Player Audio Thread[Twillzzz - Lord Please]
[14-02-47] [THREAD STARTED]: Flash Player Progress Thread[Twillzzz - Lord Please]
[14-02-47] [ACTION]: [AUDIO PLAYER] Twillzzz - Lord Please.mp3
[14-02-48] [THREAD STARTED]: Flash Player Audio Thread[Chillstep  Wayr - Against Fate]
[14-02-48] [THREAD STARTED]: Flash Player Progress Thread[Chillstep  Wayr - Against Fate]
[14-02-48] [ACTION]: [AUDIO PLAYER] Chillstep  Wayr - Against Fate.mp3
[14-02-49] [SYSTEM_IO]: [User Write] User was written to file: 7d7ebb00-81fe-329f-8a78-62f463d0b7da\Userdata.json
[14-02-51] [ACTION]: Component name = [cyder.ui.CyderLabel], bounds = [(55, 390, 385, 25)], hash = [580396509], parentFrame = [Chillstep Wayr - Against Fate], associated text = [<html><div style='text-align: center;'>1s played, 5m 42s total</html>], tooltip text = [No getTooltipText() method found], title = [No getTitle() method found]
[14-02-51] [THREAD STARTED]: Flash Player Audio Thread[Chillstep  Wayr - Against Fate]
[14-02-51] [THREAD STARTED]: Flash Player Progress Thread[Chillstep  Wayr - Against Fate]
[14-02-51] [ACTION]: [AUDIO PLAYER] Chillstep  Wayr - Against Fate.mp3
[14-03-31] [SYSTEM_IO]: [User Write] User was written to file: 7d7ebb00-81fe-329f-8a78-62f463d0b7da\Userdata.json [11x]
[14-03-52] [EOL]: Log completed, Cyder crashed unexpectedly: exit code: -9 External Stop, exceptions thrown: 0
