[17-23-31] [ENTRY]: [Nathan]
[17-23-31] [THREAD STARTED]: Singular Cyder Instance Ensurer
[17-23-31] [THREAD STARTED]: Splash Loader
[17-23-32] [THREAD STARTED]: Splash Animation
[17-23-32] [THREAD STARTED]: Cyder Start Secondary Subroutines
[17-23-32] [LOGIN]: [AUTOCYPHER ATTEMPT]
[17-23-32] [JAVA ARGS]: [LOCATION] [La casa de Nathan]
[17-23-32] [ACTION]: Requested deletion of: C:\Users\Nathan\Documents\IntelliJava\Cyder\dynamic\tmp
[17-23-32] [ACTION]: [DELETION FAILED] C:\Users\Nathan\Documents\IntelliJava\Cyder\dynamic\tmp
[17-23-32] [SYSTEM_IO]: [User Write] User was written to file: 7d7ebb00-81fe-329f-8a78-62f463d0b7da\Userdata.json
[17-23-32] [SYSTEM_IO]: [User Write] User was written to file: 7d7ebb00-81fe-329f-8a78-62f463d0b7da\Userdata.json
[17-23-32] [SYSTEM_IO]: [User Write] User was written to file: 7d7ebb00-81fe-329f-8a78-62f463d0b7da\Userdata.json
[17-23-32] [SYSTEM_IO]: [User Write] User was written to file: 7d7ebb00-81fe-329f-8a78-62f463d0b7da\Userdata.json
[17-23-32] [LOGIN]: [[AUTOCYPHER PASS]: 7d7ebb00-81fe-329f-8a78-62f463d0b7da]
[17-23-32] [SYSTEM_IO]: [User Write] User was written to file: 7d7ebb00-81fe-329f-8a78-62f463d0b7da\Userdata.json
[17-23-32] [SYSTEM_IO]: Userdata requested: RandomBackground
[17-23-32] [SYSTEM_IO]: Userdata requested: FullScreen
[17-23-32] [SYSTEM_IO]: Userdata requested: fullscreen
[17-23-32] [SYSTEM_IO]: Userdata requested: FullScreen
[17-23-32] [SYSTEM_IO]: Userdata requested: FullScreen
[17-23-32] [THREAD STARTED]: Console Printing Animation
[17-23-32] [SYSTEM_IO]: Userdata requested: OutputBorder
[17-23-32] [SYSTEM_IO]: Userdata requested: FullScreen
[17-23-32] [SYSTEM_IO]: Userdata requested: InputBorder
[17-23-32] [THREAD STARTED]: Console Input Caret Position Updater
[17-23-32] [SYSTEM_IO]: Userdata requested: OutputFill
[17-23-32] [SYSTEM_IO]: Userdata requested: InputFill
[17-23-32] [THREAD STARTED]: High Ping Checker
[17-23-32] [THREAD STARTED]: Hourly Chime Checker
[17-23-32] [THREAD STARTED]: Console Clock Updater
[17-23-32] [THREAD STARTED]: Cyder Busy Checker
[17-23-32] [THREAD STARTED]: ConsoleFrame Data Saver
[17-23-32] [ACTION]: Console loaded in 2255ms
[17-23-32] [SYSTEM_IO]: Userdata requested: DebugWindows
[17-23-32] [ENTRY]: [TESTING MODE]
[17-23-32] [WIDGET OPENED]: AUDIO PLAYER
[17-23-32] [THREAD STARTED]: Component name = [cyder.ui.ConsoleFrame], bounds = [(262, 567, 860, 825)], hash = [1279740095], parentFrame = [Object itself is the top level frame], associated text = [No getText() method found], tooltip text = [No getTooltipText() method found], title = [Insomnia Cyder [Nathan]] notification queue checker
[17-23-33] [ACTION]: CyderFrame disposed with fastclose: true, CyderFrame: Component name = [cyder.ui.CyderFrame], bounds = [(980, 396, 600, 600)], hash = [1333129450], parentFrame = [Object itself is the top level frame], associated text = [No getText() method found], tooltip text = [No getTooltipText() method found], title = [Cyder Splash]
[17-23-33] [THREAD STARTED]: Cyder Splash CyderFrame dispose thread
[17-23-33] [THREAD STARTED]: Flash Player Audio Thread[Twillzzz - Lord Please (ft. some random dude)]
[17-23-33] [SYSTEM_IO]: Userdata requested: laststart
[17-23-33] [SYSTEM_IO]: [User Write] User was written to file: 7d7ebb00-81fe-329f-8a78-62f463d0b7da\Userdata.json
[17-23-33] [ACTION]: [Insomnia Cyder [Nathan]] [NOTIFICATION] Console loaded in 2255ms
[17-23-33] [THREAD STARTED]: notification appear animation
[17-23-33] [SYSTEM_IO]: Userdata requested: persistentnotifications
[17-23-33] [THREAD STARTED]: Notificaiton vanish animater 1507525814
[17-23-33] [THREAD STARTED]: Flash Player scrolling title thread[Twillzzz - Lord Please (ft. some random dude)]
[17-23-33] [THREAD STARTED]: Flash Player Progress Thread[Twillzzz - Lord Please (ft. some random dude)]
[17-23-33] [THREAD STARTED]: Flash Player Progress Thread[Twillzzz - Lord Please (ft. some random dude)]
[17-23-33] [THREAD STARTED]: Flash Player scrolling title thread[Twillzzz - Lord Please (ft. some random dude)]
[17-23-33] [ACTION]: [AUDIO PLAYER] Twillzzz - Lord Please (ft. some random dude).mp3
[17-23-35] [THREAD STARTED]: Flash Player Progress Thread[Twillzzz - Lord Please (ft. some random dude)]
[17-23-35] [THREAD STARTED]: Flash Player scrolling title thread[Twillzzz - Lord Please (ft. some random dude)]
[17-23-35] [THREAD STARTED]: Flash Player Audio Thread[Chillstep  Wayr - Against Fate]
[17-23-35] [THREAD STARTED]: Flash Player Progress Thread[Chillstep  Wayr - Against Fate]
[17-23-35] [THREAD STARTED]: Flash Player Progress Thread[Chillstep  Wayr - Against Fate]
[17-23-35] [ACTION]: [AUDIO PLAYER] Chillstep  Wayr - Against Fate.mp3
[17-23-35] [SYSTEM_IO]: [User Write] User was written to file: 7d7ebb00-81fe-329f-8a78-62f463d0b7da\Userdata.json
[17-23-37] [THREAD STARTED]: Flash Player Progress Thread[Chillstep  Wayr - Against Fate]
[17-23-37] [THREAD STARTED]: Flash Player Audio Thread[Twillzzz - Lord Please (ft. some random dude)]
[17-23-37] [THREAD STARTED]: Flash Player scrolling title thread[Twillzzz - Lord Please (ft. some random dude)]
[17-23-37] [THREAD STARTED]: Flash Player Progress Thread[Twillzzz - Lord Please (ft. some random dude)]
[17-23-37] [THREAD STARTED]: Flash Player Progress Thread[Twillzzz - Lord Please (ft. some random dude)]
[17-23-37] [THREAD STARTED]: Flash Player scrolling title thread[Twillzzz - Lord Please (ft. some random dude)]
[17-23-37] [ACTION]: [AUDIO PLAYER] Twillzzz - Lord Please (ft. some random dude).mp3
[17-23-39] [SYSTEM_IO]: [User Write] User was written to file: 7d7ebb00-81fe-329f-8a78-62f463d0b7da\Userdata.json
[17-23-43] [SYSTEM_IO]: [User Write] User was written to file: 7d7ebb00-81fe-329f-8a78-62f463d0b7da\Userdata.json
[17-23-46] [SYSTEM_IO]: [User Write] User was written to file: 7d7ebb00-81fe-329f-8a78-62f463d0b7da\Userdata.json
[17-23-50] [SYSTEM_IO]: [User Write] User was written to file: 7d7ebb00-81fe-329f-8a78-62f463d0b7da\Userdata.json
[17-23-52] [THREAD STARTED]: Flash Player Progress Thread[Twillzzz - Lord Please (ft. some random dude)]
[17-23-52] [THREAD STARTED]: Flash Player scrolling title thread[Twillzzz - Lord Please (ft. some random dude)]
[17-23-54] [SYSTEM_IO]: [User Write] User was written to file: 7d7ebb00-81fe-329f-8a78-62f463d0b7da\Userdata.json
[17-23-57] [SYSTEM_IO]: [User Write] User was written to file: 7d7ebb00-81fe-329f-8a78-62f463d0b7da\Userdata.json
[17-23-57] [THREAD STARTED]: Flash Player Progress Thread[Twillzzz - Lord Please (ft. some random dude)]
[17-23-57] [THREAD STARTED]: Flash Player scrolling title thread[Twillzzz - Lord Please (ft. some random dude)]
[17-24-00] [THREAD STARTED]: Flash Player Progress Thread[Twillzzz - Lord Please (ft. some random dude)]
[17-24-00] [THREAD STARTED]: Flash Player scrolling title thread[Twillzzz - Lord Please (ft. some random dude)]
[17-24-01] [SYSTEM_IO]: [User Write] User was written to file: 7d7ebb00-81fe-329f-8a78-62f463d0b7da\Userdata.json
[17-24-05] [SYSTEM_IO]: [User Write] User was written to file: 7d7ebb00-81fe-329f-8a78-62f463d0b7da\Userdata.json
[17-24-05] [THREAD STARTED]: Flash Player Progress Thread[Twillzzz - Lord Please (ft. some random dude)]
[17-24-05] [THREAD STARTED]: Flash Player scrolling title thread[Twillzzz - Lord Please (ft. some random dude)]
[17-24-06] [THREAD STARTED]: Flash Player Progress Thread[Twillzzz - Lord Please (ft. some random dude)]
[17-24-06] [THREAD STARTED]: Flash Player scrolling title thread[Twillzzz - Lord Please (ft. some random dude)]
[17-24-07] [THREAD STARTED]: Flash Player Audio Thread[Chillstep  Wayr - Against Fate]
[17-24-07] [THREAD STARTED]: Flash Player Progress Thread[Chillstep  Wayr - Against Fate]
[17-24-07] [THREAD STARTED]: Flash Player Progress Thread[Chillstep  Wayr - Against Fate]
[17-24-07] [ACTION]: [AUDIO PLAYER] Chillstep  Wayr - Against Fate.mp3
[17-24-08] [SYSTEM_IO]: [User Write] User was written to file: 7d7ebb00-81fe-329f-8a78-62f463d0b7da\Userdata.json
[17-24-08] [THREAD STARTED]: Flash Player Audio Thread[Twillzzz - Lord Please (ft. some random dude)]
[17-24-08] [THREAD STARTED]: Flash Player scrolling title thread[Twillzzz - Lord Please (ft. some random dude)]
[17-24-08] [THREAD STARTED]: Flash Player Progress Thread[Twillzzz - Lord Please (ft. some random dude)]
[17-24-08] [ACTION]: [AUDIO PLAYER] Twillzzz - Lord Please (ft. some random dude).mp3
[17-24-12] [SYSTEM_IO]: [User Write] User was written to file: 7d7ebb00-81fe-329f-8a78-62f463d0b7da\Userdata.json
[17-24-15] [THREAD STARTED]: Flash Player Progress Thread[Twillzzz - Lord Please (ft. some random dude)]
[17-24-15] [THREAD STARTED]: Flash Player scrolling title thread[Twillzzz - Lord Please (ft. some random dude)]
[17-24-16] [SYSTEM_IO]: [User Write] User was written to file: 7d7ebb00-81fe-329f-8a78-62f463d0b7da\Userdata.json
[17-24-19] [SYSTEM_IO]: [User Write] User was written to file: 7d7ebb00-81fe-329f-8a78-62f463d0b7da\Userdata.json
[17-24-23] [SYSTEM_IO]: [User Write] User was written to file: 7d7ebb00-81fe-329f-8a78-62f463d0b7da\Userdata.json
[17-24-27] [SYSTEM_IO]: [User Write] User was written to file: 7d7ebb00-81fe-329f-8a78-62f463d0b7da\Userdata.json
[17-24-28] [THREAD STARTED]: Flash Player Progress Thread[Twillzzz - Lord Please (ft. some random dude)]
[17-24-28] [THREAD STARTED]: Flash Player scrolling title thread[Twillzzz - Lord Please (ft. some random dude)]
[17-24-28] [THREAD STARTED]: Flash Player Audio Thread[Chillstep  Wayr - Against Fate]
[17-24-28] [THREAD STARTED]: Flash Player Progress Thread[Chillstep  Wayr - Against Fate]
[17-24-28] [THREAD STARTED]: Flash Player Progress Thread[Chillstep  Wayr - Against Fate]
[17-24-28] [ACTION]: [AUDIO PLAYER] Chillstep  Wayr - Against Fate.mp3
[17-24-30] [SYSTEM_IO]: [User Write] User was written to file: 7d7ebb00-81fe-329f-8a78-62f463d0b7da\Userdata.json
[17-24-30] [THREAD STARTED]: Flash Player Audio Thread[Chillstep  Wayr - Follow the Light]
[17-24-30] [THREAD STARTED]: Flash Player Progress Thread[Chillstep  Wayr - Follow the Light]
[17-24-30] [ACTION]: [AUDIO PLAYER] Chillstep  Wayr - Follow the Light.mp3
[17-24-31] [THREAD STARTED]: Flash Player Audio Thread[Chillstep Anima - You Are Truth]
[17-24-31] [THREAD STARTED]: Flash Player Progress Thread[Chillstep Anima - You Are Truth]
[17-24-31] [ACTION]: [AUDIO PLAYER] Chillstep Anima - You Are Truth.mp3
[17-24-31] [ACTION]: Component name = [cyder.ui.CyderLabel], bounds = [(55, 190, 385, 25)], hash = [757020753], parentFrame = [Chillstep Anima - You Are Truth], associated text = [<html><div style='text-align: center;'>0s played, 6m 48s total</html>], tooltip text = [No getTooltipText() method found], title = [No getTitle() method found]
[17-24-32] [THREAD STARTED]: Flash Player Audio Thread[Chillstep Anima - You Are Truth]
[17-24-32] [THREAD STARTED]: Flash Player Progress Thread[Chillstep Anima - You Are Truth]
[17-24-32] [ACTION]: [AUDIO PLAYER] Chillstep Anima - You Are Truth.mp3
[17-24-32] [THREAD STARTED]: Flash Player Audio Thread[Neutralize - Lost  Chillstep]
[17-24-32] [THREAD STARTED]: Flash Player Progress Thread[Neutralize - Lost  Chillstep]
[17-24-32] [ACTION]: [AUDIO PLAYER] Neutralize - Lost  Chillstep.mp3
[17-24-32] [THREAD STARTED]: Flash Player Audio Thread[Twillzzz - Lord Please (ft. some random dude)]
[17-24-33] [THREAD STARTED]: Flash Player scrolling title thread[Twillzzz - Lord Please (ft. some random dude)]
[17-24-33] [THREAD STARTED]: Flash Player Progress Thread[Twillzzz - Lord Please (ft. some random dude)]
[17-24-33] [ACTION]: [AUDIO PLAYER] Twillzzz - Lord Please (ft. some random dude).mp3
[17-24-34] [ACTION]: Component name = [cyder.ui.CyderLabel], bounds = [(55, 190, 385, 25)], hash = [757020753], parentFrame = [Twillzzz - Lord Please (ft. some random dude)], associated text = [<html><div style='text-align: center;'>1s played, 3m 27s total</html>], tooltip text = [No getTooltipText() method found], title = [No getTitle() method found]
[17-24-34] [THREAD STARTED]: Flash Player Audio Thread[Twillzzz - Lord Please (ft. some random dude)]
[17-24-34] [THREAD STARTED]: Flash Player Progress Thread[Twillzzz - Lord Please (ft. some random dude)]
[17-24-34] [ACTION]: [AUDIO PLAYER] Twillzzz - Lord Please (ft. some random dude).mp3
[17-24-34] [SYSTEM_IO]: [User Write] User was written to file: 7d7ebb00-81fe-329f-8a78-62f463d0b7da\Userdata.json
[17-24-37] [THREAD STARTED]: Flash Player Progress Thread[Twillzzz - Lord Please (ft. some random dude)]
[17-24-37] [THREAD STARTED]: Flash Player scrolling title thread[Twillzzz - Lord Please (ft. some random dude)]
[17-24-38] [SYSTEM_IO]: [User Write] User was written to file: 7d7ebb00-81fe-329f-8a78-62f463d0b7da\Userdata.json
[17-24-41] [SYSTEM_IO]: [User Write] User was written to file: 7d7ebb00-81fe-329f-8a78-62f463d0b7da\Userdata.json
[17-24-45] [SYSTEM_IO]: [User Write] User was written to file: 7d7ebb00-81fe-329f-8a78-62f463d0b7da\Userdata.json
[17-24-49] [SYSTEM_IO]: [User Write] User was written to file: 7d7ebb00-81fe-329f-8a78-62f463d0b7da\Userdata.json
[17-24-52] [SYSTEM_IO]: [User Write] User was written to file: 7d7ebb00-81fe-329f-8a78-62f463d0b7da\Userdata.json
[17-24-56] [SYSTEM_IO]: [User Write] User was written to file: 7d7ebb00-81fe-329f-8a78-62f463d0b7da\Userdata.json
[17-25-00] [SYSTEM_IO]: [User Write] User was written to file: 7d7ebb00-81fe-329f-8a78-62f463d0b7da\Userdata.json
[17-25-04] [SYSTEM_IO]: [User Write] User was written to file: 7d7ebb00-81fe-329f-8a78-62f463d0b7da\Userdata.json
[17-25-08] [SYSTEM_IO]: [User Write] User was written to file: 7d7ebb00-81fe-329f-8a78-62f463d0b7da\Userdata.json
[17-25-11] [ACTION]: Component name = [cyder.ui.DragLabel], bounds = [(2, 2, 496, 28)], hash = [-14587513], parentFrame = [Twillzzz - Lord Please (ft. some random dude)], associated text = [No getText() method found], tooltip text = [No getTooltipText() method found], title = [No getTitle() method found]
[17-25-11] [ACTION]: CyderFrame disposed with fastclose: false, CyderFrame: Component name = [cyder.ui.CyderFrame], bounds = [(442, 754, 500, 480)], hash = [739149689], parentFrame = [Object itself is the top level frame], associated text = [No getText() method found], tooltip text = [No getTooltipText() method found], title = [Twillzzz - Lord Please (ft. some random dude)]
[17-25-11] [THREAD STARTED]: Twillzzz - Lord Please (ft. some random dude) CyderFrame dispose thread
[17-25-11] [SYSTEM_IO]: Userdata requested: closeanimation
[17-25-11] [THREAD STARTED]: Flash Player Progress Thread[Twillzzz - Lord Please (ft. some random dude)]
[17-25-11] [THREAD STARTED]: Flash Player scrolling title thread[Twillzzz - Lord Please (ft. some random dude)]
[17-25-11] [THREAD STARTED]: Console Audio Menu Minimizer
[17-25-11] [SYSTEM_IO]: [User Write] User was written to file: 7d7ebb00-81fe-329f-8a78-62f463d0b7da\Userdata.json
[17-25-12] [SYSTEM_IO]: Userdata requested: minimizeonclose
[17-25-12] [SYSTEM_IO]: [User Write] User was written to file: 7d7ebb00-81fe-329f-8a78-62f463d0b7da\Userdata.json
[17-25-12] [ACTION]: CyderFrame disposed with fastclose: false, CyderFrame: Component name = [cyder.ui.ConsoleFrame], bounds = [(262, 567, 860, 825)], hash = [1279740095], parentFrame = [Object itself is the top level frame], associated text = [No getText() method found], tooltip text = [No getTooltipText() method found], title = [Insomnia Cyder [Nathan]]
[17-25-12] [THREAD STARTED]: Insomnia Cyder [Nathan] CyderFrame dispose thread
[17-25-12] [SYSTEM_IO]: Userdata requested: closeanimation
[17-25-12] [EXIT]: [RUNTIME] 1m 42s
[17-25-12] [EOL]: Log completed, exiting Cyder with exit code: 0 [Genesis Controlled Exit], exceptions thrown: 0
