[17-22-58] [ENTRY]: [Nathan]
[17-22-58] [THREAD STARTED]: Singular Cyder Instance Ensurer
[17-22-58] [THREAD STARTED]: Splash Loader
[17-22-59] [THREAD STARTED]: Splash Animation
[17-22-59] [THREAD STARTED]: Cyder Start Secondary Subroutines
[17-22-59] [LOGIN]: [AUTOCYPHER ATTEMPT]
[17-22-59] [JAVA ARGS]: [LOCATION] [La casa de Nathan]
[17-22-59] [ACTION]: Requested deletion of: C:\Users\Nathan\Documents\IntelliJava\Cyder\dynamic\tmp
[17-22-59] [ACTION]: [DELETION FAILED] C:\Users\Nathan\Documents\IntelliJava\Cyder\dynamic\tmp
[17-22-59] [SYSTEM_IO]: [User Write] User was written to file: 7d7ebb00-81fe-329f-8a78-62f463d0b7da\Userdata.json [4x]
[17-22-59] [LOGIN]: [[AUTOCYPHER PASS]: 7d7ebb00-81fe-329f-8a78-62f463d0b7da]
[17-22-59] [SYSTEM_IO]: [User Write] User was written to file: 7d7ebb00-81fe-329f-8a78-62f463d0b7da\Userdata.json
[17-22-59] [SYSTEM_IO]: Userdata requested: RandomBackground
[17-22-59] [SYSTEM_IO]: Userdata requested: FullScreen
[17-22-59] [SYSTEM_IO]: Userdata requested: fullscreen
[17-22-59] [SYSTEM_IO]: Userdata requested: FullScreen [2x]
[17-22-59] [THREAD STARTED]: Console Printing Animation
[17-22-59] [SYSTEM_IO]: Userdata requested: OutputBorder
[17-22-59] [SYSTEM_IO]: Userdata requested: FullScreen
[17-22-59] [SYSTEM_IO]: Userdata requested: InputBorder
[17-22-59] [THREAD STARTED]: Console Input Caret Position Updater
[17-22-59] [SYSTEM_IO]: Userdata requested: OutputFill
[17-22-59] [SYSTEM_IO]: Userdata requested: InputFill
[17-22-59] [THREAD STARTED]: High Ping Checker
[17-22-59] [THREAD STARTED]: Hourly Chime Checker
[17-22-59] [THREAD STARTED]: Console Clock Updater
[17-22-59] [THREAD STARTED]: Cyder Busy Checker
[17-22-59] [THREAD STARTED]: ConsoleFrame Data Saver
[17-22-59] [ACTION]: Console loaded in 2094ms
[17-22-59] [THREAD STARTED]: Component name = [cyder.ui.ConsoleFrame], bounds = [(262, 567, 860, 825)], hash = [1279740095], parentFrame = [Object itself is the top level frame], associated text = [No getText() method found], tooltip text = [No getTooltipText() method found], title = [Insomnia Cyder [Nathan]] notification queue checker
[17-22-59] [ACTION]: CyderFrame disposed with fastclose: true, CyderFrame: Component name = [cyder.ui.CyderFrame], bounds = [(980, 396, 600, 600)], hash = [509991508], parentFrame = [Object itself is the top level frame], associated text = [No getText() method found], tooltip text = [No getTooltipText() method found], title = [Cyder Splash]
[17-22-59] [THREAD STARTED]: Cyder Splash CyderFrame dispose thread
[17-22-59] [SYSTEM_IO]: Userdata requested: DebugWindows
[17-22-59] [ENTRY]: [TESTING MODE]
[17-22-59] [WIDGET OPENED]: AUDIO PLAYER
[17-22-59] [THREAD STARTED]: Flash Player Audio Thread[Twillzzz - Lord Please (ft. some random dude)]
[17-22-59] [SYSTEM_IO]: Userdata requested: laststart
[17-22-59] [SYSTEM_IO]: [User Write] User was written to file: 7d7ebb00-81fe-329f-8a78-62f463d0b7da\Userdata.json
[17-23-00] [ACTION]: [Insomnia Cyder [Nathan]] [NOTIFICATION] Console loaded in 2094ms
[17-23-00] [THREAD STARTED]: notification appear animation
[17-23-00] [SYSTEM_IO]: Userdata requested: persistentnotifications
[17-23-00] [THREAD STARTED]: Notificaiton vanish animater -1769977891
[17-23-00] [THREAD STARTED]: Flash Player scrolling title thread[Twillzzz - Lord Please (ft. some random dude)]
[17-23-00] [THREAD STARTED]: Flash Player Progress Thread[Twillzzz - Lord Please (ft. some random dude)] [2x]
[17-23-00] [THREAD STARTED]: Flash Player scrolling title thread[Twillzzz - Lord Please (ft. some random dude)]
[17-23-00] [ACTION]: [AUDIO PLAYER] Twillzzz - Lord Please (ft. some random dude).mp3
[17-23-02] [THREAD STARTED]: Flash Player Progress Thread[Twillzzz - Lord Please (ft. some random dude)]
[17-23-02] [THREAD STARTED]: Flash Player scrolling title thread[Twillzzz - Lord Please (ft. some random dude)]
[17-23-02] [SYSTEM_IO]: [User Write] User was written to file: 7d7ebb00-81fe-329f-8a78-62f463d0b7da\Userdata.json
[17-23-03] [THREAD STARTED]: Flash Player Audio Thread[Twillzzz - Lord Please (ft. some random dude)]
[17-23-03] [THREAD STARTED]: Flash Player scrolling title thread[Twillzzz - Lord Please (ft. some random dude)]
[17-23-03] [THREAD STARTED]: Flash Player Progress Thread[Twillzzz - Lord Please (ft. some random dude)] [2x]
[17-23-03] [THREAD STARTED]: Flash Player scrolling title thread[Twillzzz - Lord Please (ft. some random dude)]
[17-23-03] [ACTION]: [AUDIO PLAYER] Twillzzz - Lord Please (ft. some random dude).mp3
[17-23-06] [SYSTEM_IO]: [User Write] User was written to file: 7d7ebb00-81fe-329f-8a78-62f463d0b7da\Userdata.json
[17-23-06] [THREAD STARTED]: Flash Player Progress Thread[Twillzzz - Lord Please (ft. some random dude)]
[17-23-06] [THREAD STARTED]: Flash Player scrolling title thread[Twillzzz - Lord Please (ft. some random dude)]
[17-23-07] [THREAD STARTED]: Flash Player Audio Thread[Chillstep  Wayr - Against Fate]
[17-23-07] [THREAD STARTED]: Flash Player Progress Thread[Chillstep  Wayr - Against Fate] [2x]
[17-23-07] [ACTION]: [AUDIO PLAYER] Chillstep  Wayr - Against Fate.mp3
[17-23-08] [THREAD STARTED]: Flash Player Progress Thread[Chillstep  Wayr - Against Fate]
[17-23-08] [THREAD STARTED]: Flash Player Audio Thread[Chillstep  Wayr - Follow the Light]
[17-23-08] [THREAD STARTED]: Flash Player Progress Thread[Chillstep  Wayr - Follow the Light] [2x]
[17-23-08] [ACTION]: [AUDIO PLAYER] Chillstep  Wayr - Follow the Light.mp3
[17-23-09] [THREAD STARTED]: Flash Player Progress Thread[Chillstep  Wayr - Follow the Light]
[17-23-09] [THREAD STARTED]: Flash Player Audio Thread[Chillstep Anima - You Are Truth]
[17-23-09] [THREAD STARTED]: Flash Player Progress Thread[Chillstep Anima - You Are Truth] [2x]
[17-23-09] [ACTION]: [AUDIO PLAYER] Chillstep Anima - You Are Truth.mp3
[17-23-09] [THREAD STARTED]: Flash Player Progress Thread[Chillstep Anima - You Are Truth]
[17-23-09] [THREAD STARTED]: Flash Player Audio Thread[Neutralize - Lost  Chillstep]
[17-23-09] [THREAD STARTED]: Flash Player Progress Thread[Neutralize - Lost  Chillstep] [2x]
[17-23-09] [ACTION]: [AUDIO PLAYER] Neutralize - Lost  Chillstep.mp3
[17-23-10] [THREAD STARTED]: Flash Player Progress Thread[Neutralize - Lost  Chillstep]
[17-23-10] [THREAD STARTED]: Flash Player Audio Thread[Twillzzz - Lord Please (ft. some random dude)]
[17-23-10] [THREAD STARTED]: Flash Player scrolling title thread[Twillzzz - Lord Please (ft. some random dude)]
[17-23-10] [THREAD STARTED]: Flash Player Progress Thread[Twillzzz - Lord Please (ft. some random dude)] [2x]
[17-23-10] [THREAD STARTED]: Flash Player scrolling title thread[Twillzzz - Lord Please (ft. some random dude)]
[17-23-10] [ACTION]: [AUDIO PLAYER] Twillzzz - Lord Please (ft. some random dude).mp3
[17-23-25] [SYSTEM_IO]: [User Write] User was written to file: 7d7ebb00-81fe-329f-8a78-62f463d0b7da\Userdata.json [5x]
[17-23-30] [EOL]: Log completed, Cyder crashed unexpectedly: exit code: -9 External Stop, exceptions thrown: 0
