[17-48-11] [ENTRY]: [Nathan]
[17-48-11] [THREAD STARTED]: Singular Cyder Instance Ensurer
[17-48-12] [THREAD STARTED]: Splash Loader
[17-48-12] [THREAD STARTED]: Splash Animation
[17-48-13] [THREAD STARTED]: Cyder Start Secondary Subroutines
[17-48-13] [LOGIN]: [AUTOCYPHER ATTEMPT]
[17-48-13] [JAVA ARGS]: [LOCATION] [La casa de Nathan]
[17-48-13] [ACTION]: Requested deletion of: C:\Users\Nathan\Documents\IntelliJava\Cyder\dynamic\tmp
[17-48-13] [ACTION]: [DELETION FAILED] C:\Users\Nathan\Documents\IntelliJava\Cyder\dynamic\tmp
[17-48-13] [SYSTEM_IO]: [User Write] User was written to file: 7d7ebb00-81fe-329f-8a78-62f463d0b7da\Userdata.json [4x]
[17-48-13] [LOGIN]: [[AUTOCYPHER PASS]: 7d7ebb00-81fe-329f-8a78-62f463d0b7da]
[17-48-13] [SYSTEM_IO]: [User Write] User was written to file: 7d7ebb00-81fe-329f-8a78-62f463d0b7da\Userdata.json
[17-48-13] [SYSTEM_IO]: Userdata requested: RandomBackground
[17-48-13] [SYSTEM_IO]: Userdata requested: FullScreen
[17-48-13] [SYSTEM_IO]: Userdata requested: fullscreen
[17-48-13] [SYSTEM_IO]: Userdata requested: FullScreen [2x]
[17-48-13] [THREAD STARTED]: Console Printing Animation
[17-48-13] [SYSTEM_IO]: Userdata requested: OutputBorder
[17-48-13] [SYSTEM_IO]: Userdata requested: FullScreen
[17-48-13] [SYSTEM_IO]: Userdata requested: InputBorder
[17-48-13] [THREAD STARTED]: Console Input Caret Position Updater
[17-48-13] [SYSTEM_IO]: Userdata requested: OutputFill
[17-48-13] [SYSTEM_IO]: Userdata requested: InputFill
[17-48-13] [THREAD STARTED]: High Ping Checker
[17-48-13] [THREAD STARTED]: Hourly Chime Checker
[17-48-13] [THREAD STARTED]: Console Clock Updater
[17-48-13] [THREAD STARTED]: Cyder Busy Checker
[17-48-13] [THREAD STARTED]: ConsoleFrame Data Saver
[17-48-13] [ACTION]: Console loaded in 2738ms
[17-48-14] [THREAD STARTED]: Component name = [cyder.ui.ConsoleFrame], bounds = [(262, 567, 860, 825)], hash = [1279740095], parentFrame = [Object itself is the top level frame], associated text = [No getText() method found], tooltip text = [No getTooltipText() method found], title = [Insomnia Cyder [Nathan]] notification queue checker
[17-48-14] [ACTION]: CyderFrame disposed with fastclose: true, CyderFrame: Component name = [cyder.ui.CyderFrame], bounds = [(980, 396, 600, 600)], hash = [2018935565], parentFrame = [Object itself is the top level frame], associated text = [No getText() method found], tooltip text = [No getTooltipText() method found], title = [Cyder Splash]
[17-48-14] [THREAD STARTED]: Cyder Splash CyderFrame dispose thread
[17-48-14] [SYSTEM_IO]: Userdata requested: DebugWindows
[17-48-14] [ENTRY]: [TESTING MODE]
[17-48-14] [WIDGET OPENED]: AUDIO PLAYER
[17-48-14] [THREAD STARTED]: Flash Player Audio Thread[Twillzzz - Lord Please (ft. some random dude)]
[17-48-14] [SYSTEM_IO]: Userdata requested: laststart
[17-48-14] [SYSTEM_IO]: [User Write] User was written to file: 7d7ebb00-81fe-329f-8a78-62f463d0b7da\Userdata.json
[17-48-14] [ACTION]: [Insomnia Cyder [Nathan]] [NOTIFICATION] Console loaded in 2738ms
[17-48-14] [THREAD STARTED]: notification appear animation
[17-48-14] [SYSTEM_IO]: Userdata requested: persistentnotifications
[17-48-14] [THREAD STARTED]: Notificaiton vanish animater -1240478048
[17-48-15] [THREAD STARTED]: Flash Player scrolling title thread[Twillzzz - Lord Please (ft. some random dude)]
[17-48-15] [THREAD STARTED]: Flash Player Progress Thread[Twillzzz - Lord Please (ft. some random dude)] [2x]
[17-48-15] [THREAD STARTED]: Flash Player scrolling title thread[Twillzzz - Lord Please (ft. some random dude)]
[17-48-15] [ACTION]: [AUDIO PLAYER] Twillzzz - Lord Please (ft. some random dude).mp3
[17-48-17] [SYSTEM_IO]: [User Write] User was written to file: 7d7ebb00-81fe-329f-8a78-62f463d0b7da\Userdata.json [2x]
[17-48-17] [SYSTEM_IO]: Userdata requested: minimizeanimation
[17-48-34] [SYSTEM_IO]: [User Write] User was written to file: 7d7ebb00-81fe-329f-8a78-62f463d0b7da\Userdata.json [5x]
[17-49-27] [EOL]: Log completed, Cyder crashed unexpectedly: exit code: -9 External Stop, exceptions thrown: 0
