[18-02-20] [ENTRY]: [Nathan]
[18-02-21] [THREAD STARTED]: Singular Cyder Instance Ensurer
[18-02-21] [THREAD STARTED]: Splash Loader
[18-02-21] [THREAD STARTED]: Splash Animation
[18-02-22] [THREAD STARTED]: Cyder Start Secondary Subroutines
[18-02-22] [LOGIN]: [AUTOCYPHER ATTEMPT]
[18-02-22] [JAVA ARGS]: [LOCATION] [La casa de Nathan]
[18-02-22] [ACTION]: Requested deletion of: C:\Users\Nathan\Documents\IntelliJava\Cyder\dynamic\tmp
[18-02-22] [ACTION]: [DELETION FAILED] C:\Users\Nathan\Documents\IntelliJava\Cyder\dynamic\tmp
[18-02-22] [SYSTEM_IO]: [User Write] User was written to file: 7d7ebb00-81fe-329f-8a78-62f463d0b7da\Userdata.json [4x]
[18-02-22] [LOGIN]: [[AUTOCYPHER PASS]: 7d7ebb00-81fe-329f-8a78-62f463d0b7da]
[18-02-22] [SYSTEM_IO]: [User Write] User was written to file: 7d7ebb00-81fe-329f-8a78-62f463d0b7da\Userdata.json
[18-02-22] [SYSTEM_IO]: Userdata requested: RandomBackground
[18-02-22] [SYSTEM_IO]: Userdata requested: FullScreen
[18-02-22] [SYSTEM_IO]: Userdata requested: fullscreen
[18-02-22] [SYSTEM_IO]: Userdata requested: FullScreen [2x]
[18-02-22] [THREAD STARTED]: Console Printing Animation
[18-02-22] [SYSTEM_IO]: Userdata requested: OutputBorder
[18-02-22] [SYSTEM_IO]: Userdata requested: FullScreen
[18-02-22] [SYSTEM_IO]: Userdata requested: InputBorder
[18-02-22] [THREAD STARTED]: Console Input Caret Position Updater
[18-02-22] [SYSTEM_IO]: Userdata requested: OutputFill
[18-02-22] [SYSTEM_IO]: Userdata requested: InputFill
[18-02-22] [THREAD STARTED]: High Ping Checker
[18-02-22] [THREAD STARTED]: Hourly Chime Checker
[18-02-22] [THREAD STARTED]: Console Clock Updater
[18-02-22] [THREAD STARTED]: Cyder Busy Checker
[18-02-22] [THREAD STARTED]: ConsoleFrame Data Saver
[18-02-22] [ACTION]: Console loaded in 2300ms
[18-02-22] [SYSTEM_IO]: Userdata requested: DebugWindows
[18-02-22] [ENTRY]: [TESTING MODE]
[18-02-22] [WIDGET OPENED]: AUDIO PLAYER
[18-02-22] [THREAD STARTED]: Component name = [cyder.ui.ConsoleFrame], bounds = [(71, 285, 1000, 1000)], hash = [1279740095], parentFrame = [Object itself is the top level frame], associated text = [No getText() method found], tooltip text = [No getTooltipText() method found], title = [Insomnia Cyder [Nathan]] notification queue checker
[18-02-22] [ACTION]: CyderFrame disposed with fastclose: true, CyderFrame: Component name = [cyder.ui.CyderFrame], bounds = [(980, 396, 600, 600)], hash = [517623519], parentFrame = [Object itself is the top level frame], associated text = [No getText() method found], tooltip text = [No getTooltipText() method found], title = [Cyder Splash]
[18-02-22] [THREAD STARTED]: Cyder Splash CyderFrame dispose thread
[18-02-22] [THREAD STARTED]: Flash Player Audio Thread[Twillzzz - Lord Please (ft. some random dude)]
[18-02-22] [SYSTEM_IO]: Userdata requested: laststart
[18-02-22] [SYSTEM_IO]: [User Write] User was written to file: 7d7ebb00-81fe-329f-8a78-62f463d0b7da\Userdata.json
[18-02-23] [ACTION]: [Insomnia Cyder [Nathan]] [NOTIFICATION] Console loaded in 2300ms
[18-02-23] [THREAD STARTED]: notification appear animation
[18-02-23] [SYSTEM_IO]: Userdata requested: persistentnotifications
[18-02-23] [THREAD STARTED]: Notificaiton vanish animater 1588759740
[18-02-23] [THREAD STARTED]: Flash Player scrolling title thread[Twillzzz - Lord Please (ft. some random dude)]
[18-02-23] [THREAD STARTED]: Flash Player Progress Thread[Twillzzz - Lord Please (ft. some random dude)] [2x]
[18-02-23] [THREAD STARTED]: Flash Player scrolling title thread[Twillzzz - Lord Please (ft. some random dude)]
[18-02-23] [ACTION]: [AUDIO PLAYER] Twillzzz - Lord Please (ft. some random dude).mp3
[18-02-25] [SYSTEM_IO]: [User Write] User was written to file: 7d7ebb00-81fe-329f-8a78-62f463d0b7da\Userdata.json
[18-02-26] [ACTION]: Component name = [cyder.ui.CyderLabel], bounds = [(55, 420, 385, 35)], hash = [286414648], parentFrame = [Twillzzz - Lord Please (ft. some random dude)], associated text = [<html><div style='text-align: center;'>3s played, 3m 27s total</html>], tooltip text = [No getTooltipText() method found], title = [No getTitle() method found]
[18-02-27] [THREAD STARTED]: Flash Player Audio Thread[Twillzzz - Lord Please (ft. some random dude)]
[18-02-27] [THREAD STARTED]: Flash Player Progress Thread[Twillzzz - Lord Please (ft. some random dude)]
[18-02-27] [ACTION]: [AUDIO PLAYER] Twillzzz - Lord Please (ft. some random dude).mp3
[18-03-28] [SYSTEM_IO]: [User Write] User was written to file: 7d7ebb00-81fe-329f-8a78-62f463d0b7da\Userdata.json [18x]
[18-03-30] [THREAD STARTED]: Flash Player Progress Thread[Twillzzz - Lord Please (ft. some random dude)]
[18-03-30] [THREAD STARTED]: Flash Player scrolling title thread[Twillzzz - Lord Please (ft. some random dude)]
[18-03-30] [SYSTEM_IO]: Created temperatory file: 18-03-30.stacktrace
[18-03-30] [EXCEPTION]:
Exception origin: java.base/java.io.FileInputStream.available0(Native Method)
From line: -2
Trace: java.io.IOException: Stream Closed
at java.base/java.io.FileInputStream.available0(Native Method)
at java.base/java.io.FileInputStream.available(FileInputStream.java:307)
at cyder.handlers.external.AudioPlayer$AudioLocation.lambda$new$0(AudioPlayer.java:1245)
at java.base/java.lang.Thread.run(Thread.java:844)
[18-03-30] [SYSTEM_IO]: File already existed in userspace: 18-03-30.stacktrace
[18-03-30] [EXCEPTION]:
Exception origin: java.base/java.io.FileInputStream.available0(Native Method)
From line: -2
Trace: java.io.IOException: Stream Closed
at java.base/java.io.FileInputStream.available0(Native Method)
at java.base/java.io.FileInputStream.available(FileInputStream.java:307)
at cyder.handlers.external.AudioPlayer$AudioLocation.lambda$new$0(AudioPlayer.java:1245)
at java.base/java.lang.Thread.run(Thread.java:844)
[18-03-30] [SYSTEM_IO]: File already existed in userspace: 18-03-30.stacktrace
[18-03-30] [EXCEPTION]:
Exception origin: java.base/java.io.FileInputStream.available0(Native Method)
From line: -2
Trace: java.io.IOException: Stream Closed
at java.base/java.io.FileInputStream.available0(Native Method)
at java.base/java.io.FileInputStream.available(FileInputStream.java:307)
at cyder.handlers.external.AudioPlayer$AudioLocation.lambda$new$0(AudioPlayer.java:1245)
at java.base/java.lang.Thread.run(Thread.java:844)
[18-03-30] [SYSTEM_IO]: File already existed in userspace: 18-03-30.stacktrace
[18-03-30] [EXCEPTION]:
Exception origin: java.base/java.io.FileInputStream.available0(Native Method)
From line: -2
Trace: java.io.IOException: Stream Closed
at java.base/java.io.FileInputStream.available0(Native Method)
at java.base/java.io.FileInputStream.available(FileInputStream.java:307)
at cyder.handlers.external.AudioPlayer$AudioLocation.lambda$new$0(AudioPlayer.java:1245)
at java.base/java.lang.Thread.run(Thread.java:844)
[18-03-30] [THREAD STARTED]: Flash Player Audio Thread[Chillstep  Wayr - Against Fate]
[18-03-30] [THREAD STARTED]: Flash Player Progress Thread[Chillstep  Wayr - Against Fate] [2x]
[18-03-30] [ACTION]: [AUDIO PLAYER] Chillstep  Wayr - Against Fate.mp3
[18-03-50] [SYSTEM_IO]: [User Write] User was written to file: 7d7ebb00-81fe-329f-8a78-62f463d0b7da\Userdata.json [6x]
[18-04-13] [EOL]: Log completed, Cyder crashed unexpectedly: exit code: -9 External Stop, exceptions thrown: 4
