[18-10-16] [ENTRY]: [Nathan]
[18-10-16] [THREAD STARTED]: Singular Cyder Instance Ensurer
[18-10-17] [THREAD STARTED]: Splash Loader
[18-10-17] [THREAD STARTED]: Splash Animation
[18-10-17] [THREAD STARTED]: Cyder Start Secondary Subroutines
[18-10-17] [LOGIN]: [AUTOCYPHER ATTEMPT]
[18-10-17] [JAVA ARGS]: [LOCATION] [La casa de Nathan]
[18-10-17] [ACTION]: Requested deletion of: C:\Users\Nathan\Documents\IntelliJava\Cyder\dynamic\tmp
[18-10-17] [ACTION]: [DELETION FAILED] C:\Users\Nathan\Documents\IntelliJava\Cyder\dynamic\tmp
[18-10-17] [SYSTEM_IO]: [User Write] User was written to file: 7d7ebb00-81fe-329f-8a78-62f463d0b7da\Userdata.json [4x]
[18-10-18] [LOGIN]: [[AUTOCYPHER PASS]: 7d7ebb00-81fe-329f-8a78-62f463d0b7da]
[18-10-18] [SYSTEM_IO]: [User Write] User was written to file: 7d7ebb00-81fe-329f-8a78-62f463d0b7da\Userdata.json
[18-10-18] [SYSTEM_IO]: Userdata requested: RandomBackground
[18-10-18] [SYSTEM_IO]: Userdata requested: FullScreen
[18-10-18] [SYSTEM_IO]: Userdata requested: fullscreen
[18-10-18] [SYSTEM_IO]: Userdata requested: FullScreen [2x]
[18-10-18] [THREAD STARTED]: Console Printing Animation
[18-10-18] [SYSTEM_IO]: Userdata requested: OutputBorder
[18-10-18] [SYSTEM_IO]: Userdata requested: FullScreen
[18-10-18] [SYSTEM_IO]: Userdata requested: InputBorder
[18-10-18] [THREAD STARTED]: Console Input Caret Position Updater
[18-10-18] [SYSTEM_IO]: Userdata requested: OutputFill
[18-10-18] [SYSTEM_IO]: Userdata requested: InputFill
[18-10-18] [THREAD STARTED]: High Ping Checker
[18-10-18] [THREAD STARTED]: Hourly Chime Checker
[18-10-18] [THREAD STARTED]: Console Clock Updater
[18-10-18] [THREAD STARTED]: Cyder Busy Checker
[18-10-18] [THREAD STARTED]: ConsoleFrame Data Saver
[18-10-18] [ACTION]: Console loaded in 2237ms
[18-10-18] [SYSTEM_IO]: Userdata requested: DebugWindows
[18-10-18] [ENTRY]: [TESTING MODE]
[18-10-18] [WIDGET OPENED]: AUDIO PLAYER
[18-10-18] [THREAD STARTED]: Component name = [cyder.ui.ConsoleFrame], bounds = [(71, 392, 1000, 1000)], hash = [1279740095], parentFrame = [Object itself is the top level frame], associated text = [No getText() method found], tooltip text = [No getTooltipText() method found], title = [Insomnia Cyder [Nathan]] notification queue checker
[18-10-18] [ACTION]: CyderFrame disposed with fastclose: true, CyderFrame: Component name = [cyder.ui.CyderFrame], bounds = [(980, 396, 600, 600)], hash = [2050314376], parentFrame = [Object itself is the top level frame], associated text = [No getText() method found], tooltip text = [No getTooltipText() method found], title = [Cyder Splash]
[18-10-18] [THREAD STARTED]: Cyder Splash CyderFrame dispose thread
[18-10-18] [THREAD STARTED]: Flash Player Audio Thread[Twillzzz - Lord Please (ft. some random dude)]
[18-10-18] [SYSTEM_IO]: Userdata requested: laststart
[18-10-18] [SYSTEM_IO]: [User Write] User was written to file: 7d7ebb00-81fe-329f-8a78-62f463d0b7da\Userdata.json
[18-10-18] [ACTION]: [Insomnia Cyder [Nathan]] [NOTIFICATION] Console loaded in 2237ms
[18-10-18] [THREAD STARTED]: notification appear animation
[18-10-18] [SYSTEM_IO]: Userdata requested: persistentnotifications
[18-10-18] [THREAD STARTED]: Notificaiton vanish animater 2106334109
[18-10-19] [THREAD STARTED]: Flash Player scrolling title thread[Twillzzz - Lord Please (ft. some random dude)]
[18-10-19] [THREAD STARTED]: Flash Player Progress Thread[Twillzzz - Lord Please (ft. some random dude)] [2x]
[18-10-19] [THREAD STARTED]: Flash Player scrolling title thread[Twillzzz - Lord Please (ft. some random dude)]
[18-10-19] [ACTION]: [AUDIO PLAYER] Twillzzz - Lord Please (ft. some random dude).mp3
[18-10-39] [SYSTEM_IO]: [User Write] User was written to file: 7d7ebb00-81fe-329f-8a78-62f463d0b7da\Userdata.json [6x]
[18-10-44] [EOL]: Log completed, Cyder crashed unexpectedly: exit code: -9 External Stop, exceptions thrown: 0
