[20-53-03] [ENTRY]: [Nathan]
[20-53-03] [THREAD STARTED]: Singular Cyder Instance Ensurer
[20-53-04] [THREAD STARTED]: Splash Loader
[20-53-04] [THREAD STARTED]: Splash Animation
[20-53-05] [THREAD STARTED]: Cyder Start Secondary Subroutines
[20-53-05] [LOGIN]: [AUTOCYPHER ATTEMPT]
[20-53-05] [JAVA ARGS]: [LOCATION] [La casa de Nathan]
[20-53-05] [ACTION]: Requested deletion of: C:\Users\Nathan\Documents\IntelliJava\Cyder\dynamic\tmp
[20-53-05] [SYSTEM_IO]: [User Write] User was written to file: 7d7ebb00-81fe-329f-8a78-62f463d0b7da\Userdata.json [4x]
[20-53-05] [LOGIN]: [[AUTOCYPHER PASS]: 7d7ebb00-81fe-329f-8a78-62f463d0b7da]
[20-53-05] [SYSTEM_IO]: [User Write] User was written to file: 7d7ebb00-81fe-329f-8a78-62f463d0b7da\Userdata.json
[20-53-05] [SYSTEM_IO]: Userdata requested: RandomBackground
[20-53-05] [SYSTEM_IO]: Userdata requested: FullScreen
[20-53-05] [SYSTEM_IO]: Userdata requested: fullscreen
[20-53-05] [SYSTEM_IO]: Userdata requested: FullScreen [2x]
[20-53-05] [THREAD STARTED]: Console Printing Animation
[20-53-05] [SYSTEM_IO]: Userdata requested: OutputBorder
[20-53-05] [SYSTEM_IO]: Userdata requested: FullScreen
[20-53-05] [SYSTEM_IO]: Userdata requested: InputBorder
[20-53-05] [THREAD STARTED]: Console Input Caret Position Updater
[20-53-05] [SYSTEM_IO]: Userdata requested: OutputFill
[20-53-05] [SYSTEM_IO]: Userdata requested: InputFill
[20-53-05] [THREAD STARTED]: High Ping Checker
[20-53-05] [THREAD STARTED]: Hourly Chime Checker
[20-53-05] [THREAD STARTED]: Console Clock Updater
[20-53-05] [THREAD STARTED]: Cyder Busy Checker
[20-53-05] [THREAD STARTED]: ConsoleFrame Data Saver
[20-53-05] [ACTION]: Console loaded in 3031ms
[20-53-05] [THREAD STARTED]: Component name = [cyder.ui.ConsoleFrame], bounds = [(591, 202, 724, 738)], hash = [1943855334], parentFrame = [Object itself is the top level frame], associated text = [No getText() method found], tooltip text = [No getTooltipText() method found], title = [Insomnia Cyder [Nathan]] notification queue checker
[20-53-05] [SYSTEM_IO]: Userdata requested: DebugWindows
[20-53-05] [ENTRY]: [TESTING MODE]
[20-53-05] [SYSTEM_IO]: Userdata requested: laststart
[20-53-05] [ACTION]: CyderFrame disposed with fastclose: true, CyderFrame: Component name = [cyder.ui.CyderFrame], bounds = [(980, 396, 600, 600)], hash = [1628544019], parentFrame = [Object itself is the top level frame], associated text = [No getText() method found], tooltip text = [No getTooltipText() method found], title = [Cyder Splash]
[20-53-05] [SYSTEM_IO]: [User Write] User was written to file: 7d7ebb00-81fe-329f-8a78-62f463d0b7da\Userdata.json
[20-53-05] [THREAD STARTED]: Cyder Splash CyderFrame dispose thread
[20-53-06] [ACTION]: [Insomnia Cyder [Nathan]] [NOTIFICATION] Console loaded in 3031ms
[20-53-06] [THREAD STARTED]: notification appear animation
[20-53-06] [SYSTEM_IO]: Userdata requested: persistentnotifications
[20-53-06] [THREAD STARTED]: Notificaiton vanish animater -8997946
[20-53-16] [SYSTEM_IO]: [User Write] User was written to file: 7d7ebb00-81fe-329f-8a78-62f463d0b7da\Userdata.json [3x]
[20-53-19] [CLIENT]: weather
[20-53-19] [SYSTEM_IO]: Userdata requested: filterchat
[20-53-19] [WIDGET OPENED]: WEATHER
[20-53-19] [THREAD STARTED]: Weather Stats Updater
[20-53-19] [CONSOLE_OUT]: [STRING] Opening widget: WeatherWidget
[20-53-19] [SYSTEM_IO]: [User Write] User was written to file: 7d7ebb00-81fe-329f-8a78-62f463d0b7da\Userdata.json
[20-53-19] [THREAD STARTED]: Weather Stats Updater
[20-53-19] [THREAD STARTED]: Weather Clock Updater
[20-53-19] [HANDLE]: PRIMARY HANDLE
[20-53-20] [THREAD STARTED]: Component name = [cyder.widgets.WeatherWidget], bounds = [(713, 251, 480, 640)], hash = [285591062], parentFrame = [Object itself is the top level frame], associated text = [No getText() method found], tooltip text = [No getTooltipText() method found], title = [Starkville's weather] notification queue checker
[20-53-20] [ACTION]: [Starkville's weather] [NOTIFICATION] Refreshed
[20-53-20] [THREAD STARTED]: notification appear animation
[20-53-20] [SYSTEM_IO]: Userdata requested: persistentnotifications
[20-53-20] [THREAD STARTED]: Notificaiton vanish animater 1392276422
[20-53-50] [SYSTEM_IO]: [User Write] User was written to file: 7d7ebb00-81fe-329f-8a78-62f463d0b7da\Userdata.json [8x]
[20-54-16] [EOL]: Log completed, Cyder crashed unexpectedly: exit code: -9 External Stop, exceptions thrown: 0
