[23-17-42] [ENTRY]: [Nathan]
[23-17-42] [THREAD STARTED]: Singular Cyder Instance Ensurer
[23-17-43] [THREAD STARTED]: Splash Loader
[23-17-43] [THREAD STARTED]: Splash Animation
[23-17-44] [THREAD STARTED]: Cyder Start Secondary Subroutines
[23-17-44] [LOGIN]: [AUTOCYPHER ATTEMPT]
[23-17-44] [JAVA ARGS]: [LOCATION] [La casa de Nathan]
[23-17-44] [ACTION]: Requested deletion of: C:\Users\Nathan\Documents\IntelliJava\Cyder\dynamic\tmp
[23-17-44] [ACTION]: [DELETION FAILED] C:\Users\Nathan\Documents\IntelliJava\Cyder\dynamic\tmp
[23-17-44] [SYSTEM_IO]: [User Write] User was written to file: 7d7ebb00-81fe-329f-8a78-62f463d0b7da\Userdata.json [4x]
[23-17-44] [LOGIN]: [[AUTOCYPHER PASS]: 7d7ebb00-81fe-329f-8a78-62f463d0b7da]
[23-17-44] [SYSTEM_IO]: [User Write] User was written to file: 7d7ebb00-81fe-329f-8a78-62f463d0b7da\Userdata.json
[23-17-44] [SYSTEM_IO]: Userdata requested: RandomBackground
[23-17-44] [SYSTEM_IO]: Userdata requested: FullScreen
[23-17-44] [SYSTEM_IO]: Userdata requested: fullscreen
[23-17-44] [SYSTEM_IO]: Userdata requested: FullScreen [2x]
[23-17-44] [THREAD STARTED]: Console Printing Animation
[23-17-44] [SYSTEM_IO]: Userdata requested: OutputBorder
[23-17-44] [SYSTEM_IO]: Userdata requested: FullScreen
[23-17-44] [SYSTEM_IO]: Userdata requested: InputBorder
[23-17-44] [THREAD STARTED]: Console Input Caret Position Updater
[23-17-44] [SYSTEM_IO]: Userdata requested: OutputFill
[23-17-44] [SYSTEM_IO]: Userdata requested: InputFill
[23-17-44] [THREAD STARTED]: High Ping Checker
[23-17-44] [THREAD STARTED]: Hourly Chime Checker
[23-17-44] [THREAD STARTED]: Console Clock Updater
[23-17-44] [THREAD STARTED]: Cyder Busy Checker
[23-17-44] [THREAD STARTED]: ConsoleFrame Data Saver
[23-17-44] [ACTION]: Console loaded in 2866ms
[23-17-44] [SYSTEM_IO]: Userdata requested: DebugWindows
[23-17-44] [ENTRY]: [TESTING MODE]
[23-17-44] [SYSTEM_IO]: Userdata requested: laststart
[23-17-44] [THREAD STARTED]: Component name = [cyder.ui.ConsoleFrame], bounds = [(1364, 293, 724, 738)], hash = [1201004240], parentFrame = [Object itself is the top level frame], associated text = [No getText() method found], tooltip text = [No getTooltipText() method found], title = [Insomnia Cyder [Nathan]] notification queue checker
[23-17-44] [SYSTEM_IO]: [User Write] User was written to file: 7d7ebb00-81fe-329f-8a78-62f463d0b7da\Userdata.json
[23-17-44] [ACTION]: CyderFrame disposed with fastclose: true, CyderFrame: Component name = [cyder.ui.CyderFrame], bounds = [(980, 396, 600, 600)], hash = [40431471], parentFrame = [Object itself is the top level frame], associated text = [No getText() method found], tooltip text = [No getTooltipText() method found], title = [Cyder Splash]
[23-17-44] [THREAD STARTED]: Cyder Splash CyderFrame dispose thread
[23-17-44] [ACTION]: [Insomnia Cyder [Nathan]] [NOTIFICATION] Console loaded in 2866ms
[23-17-44] [THREAD STARTED]: notification appear animation
[23-17-44] [SYSTEM_IO]: Userdata requested: persistentnotifications
[23-17-45] [THREAD STARTED]: Notificaiton vanish animater -646815795
[23-17-46] [CLIENT]: paint
[23-17-46] [SYSTEM_IO]: Userdata requested: filterchat
[23-17-46] [CONSOLE_OUT]: [STRING] Opening widget: PaintWidget
[23-17-46] [HANDLE]: PRIMARY HANDLE
[23-17-47] [THREAD STARTED]: Paint menu label animator
[23-17-47] [SYSTEM_IO]: [User Write] User was written to file: 7d7ebb00-81fe-329f-8a78-62f463d0b7da\Userdata.json
[23-17-48] [THREAD STARTED]: Paint menu label animator [2x]
[23-18-00] [SYSTEM_IO]: [User Write] User was written to file: 7d7ebb00-81fe-329f-8a78-62f463d0b7da\Userdata.json [3x]
[23-18-07] [EOL]: Log completed, Cyder crashed unexpectedly: exit code: -9 External Stop, exceptions thrown: 0
