[18-19-18] [ENTRY]: [Nathan]
[18-19-19] [THREAD STARTED]: Singular Cyder Instance Ensurer
[18-19-19] [THREAD STARTED]: Splash Loader
[18-19-19] [SYSTEM_IO]: Unable to create all userfiles for user [7d7ebb00-81fe-329f-8a78-62f463d0b7da] after 1000 attempts [4x]
[18-19-20] [THREAD STARTED]: Splash Animation
[18-19-20] [CORRUPTION]: [Resulting Popup]
Unfortunately a user's data file was corrupted and had to be deleted. The following files still exists and are associated with the user at the following path:<br/><b>dynamic\users\7d7ebb00-81fe-329f-8a78-62f463d0b7da</b><br/>Files:<br/>Elon<br/>AlbumArt<br/>Anne-Marie - 2002 (slowed & reverb)<br/>Chillstep  Wayr - Follow the Light<br/>Chillstep Anima - You Are Truth<br/>Skizzy Mars - Gift and Curse feat. Yung Pinch [Music Video]<br/>Userdata
[18-19-20] [THREAD STARTED]: Cyder Start Secondary Subroutines
[18-19-20] [LOGIN]: [AUTOCYPHER ATTEMPT]
[18-19-20] [LOGIN]: [AUTOCYPHER FAIL] [2x]
[18-19-20] [THREAD STARTED]: JVM Logger
[18-19-20] [ACTION]: Requested deletion of: C:\Users\Nathan\Documents\IntelliJava\Cyder\dynamic\tmp
[18-19-20] [ACTION]: [DELETION FAILED] C:\Users\Nathan\Documents\IntelliJava\Cyder\dynamic\tmp
[18-19-20] [ACTION]: CyderFrame disposed with fastclose: true, CyderFrame: Component name = [cyder.ui.CyderFrame], bounds = [(980, 396, 600, 600)], hash = [1914810213], parentFrame = [Object itself is the top level frame], associated text = [No getText() method found], tooltip text = [No getTooltipText() method found], title = [Cyder Splash]
[18-19-20] [THREAD STARTED]: Cyder Splash CyderFrame dispose thread
[18-19-20] [THREAD STARTED]: Login printing animation
[18-19-20] [THREAD STARTED]: Login Input Caret Position Updater
[18-19-21] [ACTION]: Component name = [cyder.ui.DragLabel], bounds = [(2, 2, 1164, 28)], hash = [-13945565], parentFrame = [Userdata Corruption], associated text = [No getText() method found], tooltip text = [No getTooltipText() method found], title = [No getTitle() method found]
[18-19-21] [ACTION]: CyderFrame disposed with fastclose: false, CyderFrame: Component name = [cyder.ui.CyderFrame], bounds = [(696, 536, 1168, 320)], hash = [1825445620], parentFrame = [Object itself is the top level frame], associated text = [No getText() method found], tooltip text = [No getTooltipText() method found], title = [Userdata Corruption]
[18-19-21] [THREAD STARTED]: Userdata Corruption CyderFrame dispose thread
[18-19-21] [SYSTEM_IO]: Userdata requested: closeanimation
[18-19-22] [ACTION]: Component name = [cyder.ui.DragLabel], bounds = [(2, 2, 596, 28)], hash = [-14491413], parentFrame = [Cyder Login [Insomnia Build]], associated text = [No getText() method found], tooltip text = [No getTooltipText() method found], title = [No getTitle() method found]
[18-19-22] [ACTION]: CyderFrame disposed with fastclose: false, CyderFrame: Component name = [cyder.ui.CyderFrame], bounds = [(980, 496, 600, 400)], hash = [2145420209], parentFrame = [Object itself is the top level frame], associated text = [No getText() method found], tooltip text = [No getTooltipText() method found], title = [Cyder Login [Insomnia Build]]
[18-19-22] [THREAD STARTED]: Cyder Login [Insomnia Build] CyderFrame dispose thread
[18-19-22] [SYSTEM_IO]: Userdata requested: closeanimation
[18-19-22] [EXIT]: [RUNTIME] 4s
[18-19-22] [EOL]: Log completed, exiting Cyder with exit code: 0 [Genesis Controlled Exit], exceptions thrown: 0
