[14:34:51] [ENTRY]: [WINUSER=Nathan]
[14:34:51] [SYSTEM_IO]: [GET] [UISCALE] [RETURN VALUE] 1.0
[14:34:51] [SYSTEM_IO]: [GET] [MMAC] [RETURN VALUE] 5c486915459709261d6d9af79dd1be29fea375fe59a8392f64369d2c6da0816e
[14:34:51] [SYSTEM_IO]: [GET] [MMAC] [RETURN VALUE] 5c486915459709261d6d9af79dd1be29fea375fe59a8392f64369d2c6da0816e
[14:34:52] [SYSTEM_IO]: [GET] [MMAC] [RETURN VALUE] 5c486915459709261d6d9af79dd1be29fea375fe59a8392f64369d2c6da0816e
[14:34:52] [LOGIN]: [AUTOCYPHER ATTEMPT]
[14:34:52] [LOGIN]: [AUTOCYPHER PASS]
[14:34:52] [LOGIN]: [STD LOGIN]
[14:34:52] [CLIENT_IO]: [GET] [Name] [RETURN VALUE] Nathan
[14:34:52] [CLIENT_IO]: [GET] [RandomBackground] [RETURN VALUE] 0
[14:34:52] [CLIENT_IO]: [GET] [FullScreen] [RETURN VALUE] 0
[14:34:53] [SYSTEM_IO]: [GET] [Version] [RETURN VALUE] Soultree
[14:34:53] [CLIENT_IO]: [GET] [Name] [RETURN VALUE] Nathan
[14:34:53] [SYSTEM_IO]: [GET] [ConsoleResizable] [RETURN VALUE] 1
[14:34:53] [CLIENT_IO]: [GET] [Foreground] [RETURN VALUE] 000000
[14:34:53] [CLIENT_IO]: [GET] [Foreground] [RETURN VALUE] 000000
[14:34:53] [CLIENT_IO]: [GET] [FullScreen] [RETURN VALUE] 0
[14:34:53] [CLIENT_IO]: [GET] [FullScreen] [RETURN VALUE] 0
[14:34:53] [CLIENT_IO]: [GET] [Foreground] [RETURN VALUE] 000000
[14:34:53] [CLIENT_IO]: [GET] [Font] [RETURN VALUE] Agency FB
[14:34:53] [CLIENT_IO]: [GET] [OutputBorder] [RETURN VALUE] 1
[14:34:53] [CLIENT_IO]: [GET] [Background] [RETURN VALUE] 000000
[14:34:53] [CLIENT_IO]: [GET] [FullScreen] [RETURN VALUE] 0
[14:34:53] [CLIENT_IO]: [GET] [FullScreen] [RETURN VALUE] 0
[14:34:53] [CLIENT_IO]: [GET] [InputBorder] [RETURN VALUE] 1
[14:34:53] [CLIENT_IO]: [GET] [Background] [RETURN VALUE] 000000
[14:34:53] [CLIENT_IO]: [GET] [Foreground] [RETURN VALUE] 000000
[14:34:53] [CLIENT_IO]: [GET] [Foreground] [RETURN VALUE] 000000
[14:34:53] [CLIENT_IO]: [GET] [Foreground] [RETURN VALUE] 000000
[14:34:53] [CLIENT_IO]: [GET] [Font] [RETURN VALUE] Agency FB
[14:34:53] [CLIENT_IO]: [GET] [OutputFill] [RETURN VALUE] 0
[14:34:53] [CLIENT_IO]: [GET] [InputFill] [RETURN VALUE] 0
[14:34:53] [CLIENT_IO]: [GET] [IntroMusic] [RETURN VALUE] 0
[14:34:53] [CLIENT_IO]: [GET] [DebugWindows] [RETURN VALUE] 0
[14:34:53] [SYSTEM_IO]: [GET] [MMAC] [RETURN VALUE] 5c486915459709261d6d9af79dd1be29fea375fe59a8392f64369d2c6da0816e
[14:34:53] [CLIENT]: test
[14:34:53] [CLIENT_IO]: [GET] [laststart] [RETURN VALUE] 1626031991631
[14:34:53] [CLIENT_IO]: [SET] [KEY] laststart [VALUE] 1626032093711
[14:36:17] [CLIENT]: Fullscreen
[14:36:17] [CLIENT_IO]: [GET] [fullscreen] [RETURN VALUE] 0
[14:36:17] [CLIENT_IO]: [SET] [KEY] fullscreen [VALUE] 1
[14:36:17] [CLIENT_IO]: [GET] [OutputBorder] [RETURN VALUE] 1
[14:36:17] [CLIENT_IO]: [GET] [Background] [RETURN VALUE] 000000
[14:36:17] [CLIENT_IO]: [GET] [InputBorder] [RETURN VALUE] 1
[14:36:17] [CLIENT_IO]: [GET] [Background] [RETURN VALUE] 000000
[14:36:17] [CLIENT_IO]: [GET] [FullScreen] [RETURN VALUE] 1
[14:36:17] [CLIENT_IO]: [GET] [FullScreen] [RETURN VALUE] 1
[14:36:17] [CLIENT_IO]: [GET] [OutputFill] [RETURN VALUE] 0
[14:36:17] [CLIENT_IO]: [GET] [InputFill] [RETURN VALUE] 0
