[20:40:54] [ENTRY]: [WINUSER=Nathan]
[20:40:54] [SYSTEM_IO]: [GET] [UISCALE] [RETURN VALUE] 1.0
[20:40:55] [SYSTEM_IO]: [GET] [MMAC] [RETURN VALUE] 5c486915459709261d6d9af79dd1be29fea375fe59a8392f64369d2c6da0816e
[20:40:55] [JAVA ARGS]: [LOCATION] [400 S. Monroe St. Tallahassee, FL] //Ron DeSantis is a GOAT
[20:40:55] [SYSTEM_IO]: [GET] [MMAC] [RETURN VALUE] 5c486915459709261d6d9af79dd1be29fea375fe59a8392f64369d2c6da0816e
[20:40:55] [SYSTEM_IO]: [GET] [MMAC] [RETURN VALUE] 5c486915459709261d6d9af79dd1be29fea375fe59a8392f64369d2c6da0816e
[20:40:55] [SYSTEM_IO]: [GET] [AutoCypher] [RETURN VALUE] 1
[20:40:55] [LOGIN]: [AUTOCYPHER ATTEMPT]
[20:40:55] [SYSTEM_IO]: [GET] [CypherHash] [RETURN VALUE] nathan,3789d9735ab15d29a3595ef3f70c377d2d7b4927c222a06d36f0abba335504a2
[20:40:55] [LOGIN]: [AUTOCYPHER PASS]
[20:40:56] [CLIENT_IO]: [GET] [Name] [RETURN VALUE] Nathan
[20:40:56] [CLIENT_IO]: [GET] [RandomBackground] [RETURN VALUE] 0
[20:40:56] [CLIENT_IO]: [GET] [FullScreen] [RETURN VALUE] 0
[20:40:56] [SYSTEM_IO]: [GET] [Version] [RETURN VALUE] Soultree
[20:40:56] [CLIENT_IO]: [GET] [Name] [RETURN VALUE] Nathan
[20:40:56] [SYSTEM_IO]: [GET] [ConsoleResizable] [RETURN VALUE] 1
[20:40:56] [CLIENT_IO]: [GET] [Foreground] [RETURN VALUE] F0F0F0
[20:40:56] [CLIENT_IO]: [GET] [Foreground] [RETURN VALUE] F0F0F0
[20:40:56] [CLIENT_IO]: [GET] [FullScreen] [RETURN VALUE] 0
[20:40:56] [CLIENT_IO]: [GET] [FullScreen] [RETURN VALUE] 0
[20:40:56] [CLIENT_IO]: [GET] [Foreground] [RETURN VALUE] F0F0F0
[20:40:56] [CLIENT_IO]: [GET] [Font] [RETURN VALUE] Agency FB
[20:40:56] [CLIENT_IO]: [GET] [OutputBorder] [RETURN VALUE] 0
[20:40:56] [CLIENT_IO]: [GET] [FullScreen] [RETURN VALUE] 0
[20:40:56] [CLIENT_IO]: [GET] [FullScreen] [RETURN VALUE] 0
[20:40:56] [CLIENT_IO]: [GET] [InputBorder] [RETURN VALUE] 0
[20:40:56] [CLIENT_IO]: [GET] [Foreground] [RETURN VALUE] F0F0F0
[20:40:56] [CLIENT_IO]: [GET] [Foreground] [RETURN VALUE] F0F0F0
[20:40:56] [CLIENT_IO]: [GET] [Foreground] [RETURN VALUE] F0F0F0
[20:40:56] [CLIENT_IO]: [GET] [Font] [RETURN VALUE] Agency FB
[20:40:56] [CLIENT_IO]: [GET] [OutputFill] [RETURN VALUE] 0
[20:40:56] [CLIENT_IO]: [GET] [InputFill] [RETURN VALUE] 0
[20:40:56] [CLIENT_IO]: [GET] [showbusyicon] [RETURN VALUE] 0
[20:40:56] [CLIENT_IO]: [GET] [IntroMusic] [RETURN VALUE] 0
[20:40:56] [CLIENT_IO]: [GET] [DebugWindows] [RETURN VALUE] 0
[20:40:57] [SYSTEM_IO]: [GET] [MMAC] [RETURN VALUE] 5c486915459709261d6d9af79dd1be29fea375fe59a8392f64369d2c6da0816e
[20:40:57] [CLIENT]: test
[20:40:57] [CLIENT_IO]: [GET] [laststart] [RETURN VALUE] 1626831644598
[20:40:57] [CLIENT_IO]: [SET] [KEY] laststart [VALUE] 1626831657175
[20:40:59] [CLIENT_IO]: [GET] [showbusyicon] [RETURN VALUE] 0
[20:41:02] [CLIENT_IO]: [GET] [showbusyicon] [RETURN VALUE] 0
[20:41:05] [CLIENT_IO]: [GET] [showbusyicon] [RETURN VALUE] 0
[20:41:08] [CLIENT_IO]: [GET] [showbusyicon] [RETURN VALUE] 0
[20:41:11] [CLIENT_IO]: [GET] [showbusyicon] [RETURN VALUE] 0
[20:41:14] [CLIENT_IO]: [GET] [showbusyicon] [RETURN VALUE] 0
[20:41:17] [CLIENT_IO]: [GET] [showbusyicon] [RETURN VALUE] 0
[20:41:20] [CLIENT_IO]: [GET] [showbusyicon] [RETURN VALUE] 0
[20:41:23] [CLIENT_IO]: [GET] [showbusyicon] [RETURN VALUE] 0
[20:41:26] [CLIENT_IO]: [GET] [showbusyicon] [RETURN VALUE] 0
[20:41:29] [CLIENT_IO]: [GET] [showbusyicon] [RETURN VALUE] 0
[20:41:32] [CLIENT_IO]: [GET] [showbusyicon] [RETURN VALUE] 0
[20:41:35] [CLIENT_IO]: [GET] [showbusyicon] [RETURN VALUE] 0
[20:41:38] [CLIENT_IO]: [GET] [minimizeonclose] [RETURN VALUE] 0
[20:41:38] [CLIENT_IO]: [GET] [Name] [RETURN VALUE] Nathan
[20:41:38] [LOGOUT]:  [Nathan]
[20:41:38] [EXIT]: [RUNTIME] 43s
[20:41:38] [EOL]: Log completed, exiting program with code: 25 [Genesis Controlled Exit], exceptions thrown: 0
