[22:30:24] [ENTRY]: [WINUSER=Nathan]
[22:30:24] [JAVA ARGS]: [LOCATION] [400 S. Monroe St. Tallahassee, FL]
[22:30:25] [LOGIN]: [AUTOCYPHER ATTEMPT]
[22:30:25] [LOGIN]: [AUTOCYPHER PASS]
[22:30:26] [CLIENT]: test
[22:30:29] [ACTION]: CyderButton, text=[Generate] CLICKED
[22:30:29] [ACTION]: CyderButton, text=[Next Iteration] CLICKED
[22:30:30] [ACTION]: CyderButton, text=[Next Iteration] CLICKED
[22:30:30] [ACTION]: CyderButton, text=[Next Iteration] CLICKED
[22:30:30] [ACTION]: CyderButton, text=[Next Iteration] CLICKED
[22:30:30] [ACTION]: CyderButton, text=[Next Iteration] CLICKED
[22:30:30] [ACTION]: CyderButton, text=[Next Iteration] CLICKED
[22:30:30] [ACTION]: CyderButton, text=[Next Iteration] CLICKED
[22:30:30] [ACTION]: CyderButton, text=[Next Iteration] CLICKED
[22:30:31] [ACTION]: CyderButton, text=[Next Iteration] CLICKED
[22:30:31] [ACTION]: CyderButton, text=[Generate] CLICKED
[22:30:31] [ACTION]: CyderButton, text=[Next Iteration] CLICKED
[22:30:31] [ACTION]: CyderButton, text=[Next Iteration] CLICKED
[22:30:32] [ACTION]: CyderButton, text=[Next Iteration] CLICKED
[22:30:32] [ACTION]: CyderButton, text=[Next Iteration] CLICKED
[22:30:32] [ACTION]: CyderButton, text=[Next Iteration] CLICKED
[22:30:32] [ACTION]: CyderButton, text=[Next Iteration] CLICKED
[22:30:32] [ACTION]: CyderButton, text=[Next Iteration] CLICKED
[22:30:32] [ACTION]: CyderButton, text=[Next Iteration] CLICKED
[22:30:33] [ACTION]: CyderButton, text=[Next Iteration] CLICKED
[22:30:33] [ACTION]: CyderButton, text=[Next Iteration] CLICKED
[22:30:33] [ACTION]: CyderButton, text=[Generate] CLICKED
[22:30:34] [ACTION]: CyderButton, text=[Next Iteration] CLICKED
[22:30:34] [ACTION]: CyderButton, text=[Next Iteration] CLICKED
[22:30:34] [ACTION]: CyderButton, text=[Next Iteration] CLICKED
[22:30:34] [ACTION]: CyderButton, text=[Next Iteration] CLICKED
[22:30:35] [ACTION]: CyderButton, text=[Next Iteration] CLICKED
[22:30:35] [ACTION]: CyderButton, text=[Next Iteration] CLICKED
[22:30:35] [ACTION]: CyderButton, text=[Next Iteration] CLICKED
[22:30:35] [ACTION]: CyderButton, text=[Generate] CLICKED
[22:30:36] [ACTION]: CyderButton, text=[Next Iteration] CLICKED
[22:30:36] [ACTION]: CyderButton, text=[Next Iteration] CLICKED
[22:30:37] [ACTION]: CyderButton, text=[Next Iteration] CLICKED
[22:30:37] [ACTION]: CyderButton, text=[Next Iteration] CLICKED
[22:30:37] [ACTION]: CyderButton, text=[Next Iteration] CLICKED
[22:30:37] [ACTION]: CyderButton, text=[Next Iteration] CLICKED
[22:30:37] [ACTION]: CyderButton, text=[Next Iteration] CLICKED
[22:30:38] [ACTION]: CyderButton, text=[Generate] CLICKED
[22:30:38] [ACTION]: CyderButton, text=[Next Iteration] CLICKED
[22:30:38] [ACTION]: CyderButton, text=[Next Iteration] CLICKED
[22:30:39] [ACTION]: CyderButton, text=[Next Iteration] CLICKED
[22:30:39] [ACTION]: CyderButton, text=[Next Iteration] CLICKED
[22:30:39] [ACTION]: CyderButton, text=[Next Iteration] CLICKED
[22:30:39] [ACTION]: CyderButton, text=[Next Iteration] CLICKED
[22:30:39] [ACTION]: CyderButton, text=[Next Iteration] CLICKED
[22:30:39] [ACTION]: CyderButton, text=[Next Iteration] CLICKED
[22:30:39] [ACTION]: CyderButton, text=[Next Iteration] CLICKED
[22:30:40] [ACTION]: CyderButton, text=[Generate] CLICKED
[22:30:40] [ACTION]: CyderButton, text=[Next Iteration] CLICKED
[22:30:40] [ACTION]: CyderButton, text=[Next Iteration] CLICKED
[22:30:41] [ACTION]: CyderButton, text=[Next Iteration] CLICKED
[22:30:41] [ACTION]: CyderButton, text=[Next Iteration] CLICKED
[22:30:41] [ACTION]: CyderButton, text=[Next Iteration] CLICKED
[22:30:41] [ACTION]: CyderButton, text=[Next Iteration] CLICKED
[22:30:41] [ACTION]: CyderButton, text=[Next Iteration] CLICKED
[22:30:41] [ACTION]: CyderButton, text=[Next Iteration] CLICKED
[22:30:42] [ACTION]: CyderButton, text=[Next Iteration] CLICKED
[22:30:42] [ACTION]: CyderButton, text=[Next Iteration] CLICKED
[22:30:42] [ACTION]: CyderButton, text=[Generate] CLICKED
[22:30:42] [ACTION]: CyderButton, text=[Generate] CLICKED
[22:30:42] [ACTION]: CyderButton, text=[Next Iteration] CLICKED
[22:30:42] [ACTION]: CyderButton, text=[Next Iteration] CLICKED
[22:30:43] [ACTION]: CyderButton, text=[Next Iteration] CLICKED
[22:30:43] [ACTION]: CyderButton, text=[Next Iteration] CLICKED
[22:30:43] [ACTION]: CyderButton, text=[Next Iteration] CLICKED
[22:30:43] [ACTION]: CyderButton, text=[Next Iteration] CLICKED
[22:30:43] [ACTION]: CyderButton, text=[Next Iteration] CLICKED
[22:30:43] [ACTION]: CyderButton, text=[Generate] CLICKED
[22:30:44] [ACTION]: CyderButton, text=[Next Iteration] CLICKED
[22:30:44] [ACTION]: CyderButton, text=[Next Iteration] CLICKED
[22:30:44] [ACTION]: CyderButton, text=[Next Iteration] CLICKED
[22:30:44] [ACTION]: CyderButton, text=[Next Iteration] CLICKED
[22:30:44] [ACTION]: CyderButton, text=[Next Iteration] CLICKED
[22:30:44] [ACTION]: CyderButton, text=[Next Iteration] CLICKED
[22:30:45] [ACTION]: CyderButton, text=[Generate] CLICKED
[22:30:45] [ACTION]: CyderButton, text=[Next Iteration] CLICKED
[22:30:45] [ACTION]: CyderButton, text=[Next Iteration] CLICKED
[22:30:45] [ACTION]: CyderButton, text=[Next Iteration] CLICKED
[22:30:45] [ACTION]: CyderButton, text=[Next Iteration] CLICKED
[22:30:45] [ACTION]: CyderButton, text=[Next Iteration] CLICKED
[22:30:45] [ACTION]: CyderButton, text=[Next Iteration] CLICKED
[22:30:46] [ACTION]: CyderButton, text=[Generate] CLICKED
[22:30:46] [ACTION]: CyderButton, text=[Next Iteration] CLICKED
[22:30:46] [ACTION]: CyderButton, text=[Next Iteration] CLICKED
[22:30:46] [ACTION]: CyderButton, text=[Next Iteration] CLICKED
[22:30:46] [ACTION]: CyderButton, text=[Next Iteration] CLICKED
[22:30:46] [ACTION]: CyderButton, text=[Next Iteration] CLICKED
[22:30:47] [ACTION]: CyderButton, text=[Next Iteration] CLICKED
[22:30:47] [ACTION]: CyderButton, text=[Next Iteration] CLICKED
[22:30:47] [ACTION]: CyderButton, text=[Next Iteration] CLICKED
[EXTERNAL STOP] Cyder was force closed by an external entity such as an IDE stop or the OS' Task Manager
