[00:39:13] [ENTRY]: [WINUSER=Nathan]
[00:39:13] [SYSTEM_IO]: [GET] [UISCALE] [RETURN VALUE] 1.0
[00:39:14] [SYSTEM_IO]: [GET] [MMAC] [RETURN VALUE] 5c486915459709261d6d9af79dd1be29fea375fe59a8392f64369d2c6da0816e
[00:39:14] [JAVA ARGS]: [LOCATION] [400 S. Monroe St. Tallahassee, FL] //Ron DeSantis is a GOAT
[00:39:14] [SYSTEM_IO]: [GET] [MMAC] [RETURN VALUE] 5c486915459709261d6d9af79dd1be29fea375fe59a8392f64369d2c6da0816e
[00:39:14] [SYSTEM_IO]: [GET] [MMAC] [RETURN VALUE] 5c486915459709261d6d9af79dd1be29fea375fe59a8392f64369d2c6da0816e
[00:39:14] [SYSTEM_IO]: [GET] [AutoCypher] [RETURN VALUE] 1
[00:39:14] [LOGIN]: [AUTOCYPHER ATTEMPT]
[00:39:14] [SYSTEM_IO]: [GET] [CypherHash] [RETURN VALUE] nathan,3789d9735ab15d29a3595ef3f70c377d2d7b4927c222a06d36f0abba335504a2
[00:39:14] [LOGIN]: [AUTOCYPHER FAIL]
[00:39:14] [SYSTEM_IO]: [GET] [Version] [RETURN VALUE] Soultree
[00:39:15] [SYSTEM_IO]: [GET] [Date] [RETURN VALUE] 7.2.21
[00:39:17] [CLIENT_IO]: [LOGIN FRAME] login
[00:39:18] [CLIENT_IO]: [LOGIN FRAME] karla
[00:39:19] [LOGIN]: [STD LOGIN]
[00:39:19] [CLIENT_IO]: [GET] [Name] [RETURN VALUE] Karla
[00:39:19] [CLIENT_IO]: [GET] [RandomBackground] [RETURN VALUE] 0
[00:39:19] [CLIENT_IO]: [GET] [FullScreen] [RETURN VALUE] 0
[00:39:19] [SYSTEM_IO]: [GET] [Version] [RETURN VALUE] Soultree
[00:39:19] [CLIENT_IO]: [GET] [Name] [RETURN VALUE] Karla
[00:39:19] [SYSTEM_IO]: [GET] [ConsoleResizable] [RETURN VALUE] 1
[00:39:19] [CLIENT_IO]: [GET] [Foreground] [RETURN VALUE] 101010
[00:39:19] [CLIENT_IO]: [GET] [Foreground] [RETURN VALUE] 101010
[00:39:19] [CLIENT_IO]: [GET] [FullScreen] [RETURN VALUE] 0
[00:39:19] [CLIENT_IO]: [GET] [FullScreen] [RETURN VALUE] 0
[00:39:19] [CLIENT_IO]: [GET] [Foreground] [RETURN VALUE] 101010
[00:39:19] [CLIENT_IO]: [GET] [Font] [RETURN VALUE] tahoma
[00:39:19] [CLIENT_IO]: [GET] [OutputBorder] [RETURN VALUE] 0
[00:39:19] [CLIENT_IO]: [GET] [FullScreen] [RETURN VALUE] 0
[00:39:19] [CLIENT_IO]: [GET] [FullScreen] [RETURN VALUE] 0
[00:39:19] [CLIENT_IO]: [GET] [InputBorder] [RETURN VALUE] 0
[00:39:19] [CLIENT_IO]: [GET] [Foreground] [RETURN VALUE] 101010
[00:39:19] [CLIENT_IO]: [GET] [Foreground] [RETURN VALUE] 101010
[00:39:19] [CLIENT_IO]: [GET] [Foreground] [RETURN VALUE] 101010
[00:39:19] [CLIENT_IO]: [GET] [Font] [RETURN VALUE] tahoma
[00:39:19] [CLIENT_IO]: [GET] [OutputFill] [RETURN VALUE] 0
[00:39:19] [CLIENT_IO]: [GET] [InputFill] [RETURN VALUE] 0
[00:39:19] [CLIENT_IO]: [GET] [IntroMusic] [RETURN VALUE] 0
[00:39:19] [CLIENT_IO]: [GET] [DebugWindows] [RETURN VALUE] 0
[00:39:20] [SYSTEM_IO]: [GET] [MMAC] [RETURN VALUE] 5c486915459709261d6d9af79dd1be29fea375fe59a8392f64369d2c6da0816e
[00:39:20] [CLIENT]: test
[00:39:20] [CLIENT_IO]: [GET] [laststart] [RETURN VALUE] 1626327544471
[00:39:20] [CLIENT_IO]: [SET] [KEY] laststart [VALUE] 1626327560132
[00:39:21] [CLIENT]: Prefs
[00:39:21] [ACTION]: USER EDITOR
[00:39:24] [CLIENT_IO]: [SET] [KEY] name [VALUE] nathan
[00:39:25] [SYSTEM_IO]: [GET] [Version] [RETURN VALUE] Soultree
[00:39:25] [ACTION]: CyderButton, text=[Change Username] CLICKED
[00:39:30] [CLIENT_IO]: [SET] [KEY] password [VALUE] 3789d9735ab15d29a3595ef3f70c377d2d7b4927c222a06d36f0abba335504a2
[00:39:30] [ACTION]: CyderButton, text=[Change Password] CLICKED
[00:39:32] [CLIENT_IO]: [GET] [OutputBorder] [RETURN VALUE] 0
[00:39:32] [CLIENT_IO]: [GET] [InputBorder] [RETURN VALUE] 0
[00:39:32] [CLIENT_IO]: [GET] [FullScreen] [RETURN VALUE] 0
[00:39:32] [CLIENT_IO]: [GET] [FullScreen] [RETURN VALUE] 0
[00:39:32] [CLIENT_IO]: [GET] [OutputFill] [RETURN VALUE] 0
[00:39:32] [CLIENT_IO]: [GET] [InputFill] [RETURN VALUE] 0
[00:39:36] [CLIENT]: Logout
[00:39:36] [CLIENT_IO]: [GET] [Name] [RETURN VALUE] nathan
[00:39:36] [LOGOUT]:  [nathan]
[00:39:36] [SYSTEM_IO]: [GET] [Version] [RETURN VALUE] Soultree
[00:39:36] [SYSTEM_IO]: [GET] [Date] [RETURN VALUE] 7.2.21
[00:39:37] [CLIENT_IO]: [LOGIN FRAME] login
[00:39:40] [CLIENT_IO]: [LOGIN FRAME] nathan
[00:39:42] [LOGIN]: [LOGIN FAIL]
[00:39:45] [EXIT]: [RUNTIME] 31s
[00:39:45] [EOL]: Log completed, exiting program with code: 25 [Genesis Controlled Exit], exceptions thrown: 0
