[00:42:01] [ENTRY]: [WINUSER=Nathan]
[00:42:01] [SYSTEM_IO]: [GET] [UISCALE] [RETURN VALUE] 1.0
[00:42:02] [SYSTEM_IO]: [GET] [MMAC] [RETURN VALUE] 5c486915459709261d6d9af79dd1be29fea375fe59a8392f64369d2c6da0816e
[00:42:02] [JAVA ARGS]: [LOCATION] [400 S. Monroe St. Tallahassee, FL] //Ron DeSantis is a GOAT
[00:42:02] [SYSTEM_IO]: [GET] [MMAC] [RETURN VALUE] 5c486915459709261d6d9af79dd1be29fea375fe59a8392f64369d2c6da0816e
[00:42:02] [SYSTEM_IO]: [GET] [MMAC] [RETURN VALUE] 5c486915459709261d6d9af79dd1be29fea375fe59a8392f64369d2c6da0816e
[00:42:02] [SYSTEM_IO]: [GET] [AutoCypher] [RETURN VALUE] 1
[00:42:02] [LOGIN]: [AUTOCYPHER ATTEMPT]
[00:42:02] [SYSTEM_IO]: [GET] [CypherHash] [RETURN VALUE] nathan,3789d9735ab15d29a3595ef3f70c377d2d7b4927c222a06d36f0abba335504a2
[00:42:02] [LOGIN]: [AUTOCYPHER FAIL]
[00:42:02] [SYSTEM_IO]: [GET] [Version] [RETURN VALUE] Soultree
[00:42:03] [SYSTEM_IO]: [GET] [Date] [RETURN VALUE] 7.2.21
[00:42:14] [CLIENT_IO]: [LOGIN FRAME] login
[00:42:17] [CLIENT_IO]: [LOGIN FRAME] karla
[00:42:18] [LOGIN]: [STD LOGIN]
[00:42:18] [CLIENT_IO]: [GET] [Name] [RETURN VALUE] Karla
[00:42:19] [CLIENT_IO]: [GET] [RandomBackground] [RETURN VALUE] 0
[00:42:19] [CLIENT_IO]: [GET] [FullScreen] [RETURN VALUE] 0
[00:42:19] [SYSTEM_IO]: [GET] [Version] [RETURN VALUE] Soultree
[00:42:19] [CLIENT_IO]: [GET] [Name] [RETURN VALUE] Karla
[00:42:19] [SYSTEM_IO]: [GET] [ConsoleResizable] [RETURN VALUE] 1
[00:42:19] [CLIENT_IO]: [GET] [Foreground] [RETURN VALUE] 101010
[00:42:19] [CLIENT_IO]: [GET] [Foreground] [RETURN VALUE] 101010
[00:42:19] [CLIENT_IO]: [GET] [FullScreen] [RETURN VALUE] 0
[00:42:19] [CLIENT_IO]: [GET] [FullScreen] [RETURN VALUE] 0
[00:42:19] [CLIENT_IO]: [GET] [Foreground] [RETURN VALUE] 101010
[00:42:19] [CLIENT_IO]: [GET] [Font] [RETURN VALUE] tahoma
[00:42:19] [CLIENT_IO]: [GET] [OutputBorder] [RETURN VALUE] 0
[00:42:19] [CLIENT_IO]: [GET] [FullScreen] [RETURN VALUE] 0
[00:42:19] [CLIENT_IO]: [GET] [FullScreen] [RETURN VALUE] 0
[00:42:19] [CLIENT_IO]: [GET] [InputBorder] [RETURN VALUE] 0
[00:42:19] [CLIENT_IO]: [GET] [Foreground] [RETURN VALUE] 101010
[00:42:19] [CLIENT_IO]: [GET] [Foreground] [RETURN VALUE] 101010
[00:42:19] [CLIENT_IO]: [GET] [Foreground] [RETURN VALUE] 101010
[00:42:19] [CLIENT_IO]: [GET] [Font] [RETURN VALUE] tahoma
[00:42:19] [CLIENT_IO]: [GET] [OutputFill] [RETURN VALUE] 0
[00:42:19] [CLIENT_IO]: [GET] [InputFill] [RETURN VALUE] 0
[00:42:19] [CLIENT_IO]: [GET] [IntroMusic] [RETURN VALUE] 0
[00:42:19] [CLIENT_IO]: [GET] [DebugWindows] [RETURN VALUE] 0
[00:42:19] [SYSTEM_IO]: [GET] [MMAC] [RETURN VALUE] 5c486915459709261d6d9af79dd1be29fea375fe59a8392f64369d2c6da0816e
[00:42:19] [CLIENT]: test
[00:42:19] [CLIENT_IO]: [GET] [laststart] [RETURN VALUE] 1626327717056
[00:42:19] [CLIENT_IO]: [SET] [KEY] laststart [VALUE] 1626327739614
[00:42:21] [CLIENT]: Login
[00:42:21] [SYSTEM_IO]: [GET] [Version] [RETURN VALUE] Soultree
[00:42:21] [SYSTEM_IO]: [GET] [Date] [RETURN VALUE] 7.2.21
[00:42:21] [ACTION]: LOGIN WIDGET
[00:42:22] [CLIENT_IO]: [LOGIN FRAME] login
[00:42:23] [CLIENT_IO]: [LOGIN FRAME] karla
[00:42:25] [LOGIN]: [STD LOGIN]
[00:42:25] [CLIENT_IO]: [GET] [Name] [RETURN VALUE] Karla
[00:42:25] [LOGOUT]:  [Karla]
[00:42:25] [CLIENT_IO]: [GET] [Name] [RETURN VALUE] Karla
[00:42:25] [CLIENT_IO]: [GET] [RandomBackground] [RETURN VALUE] 0
[00:42:25] [CLIENT_IO]: [GET] [FullScreen] [RETURN VALUE] 0
[00:42:25] [SYSTEM_IO]: [GET] [Version] [RETURN VALUE] Soultree
[00:42:25] [CLIENT_IO]: [GET] [Name] [RETURN VALUE] Karla
[00:42:25] [SYSTEM_IO]: [GET] [ConsoleResizable] [RETURN VALUE] 1
[00:42:25] [CLIENT_IO]: [GET] [Foreground] [RETURN VALUE] 101010
[00:42:25] [CLIENT_IO]: [GET] [Foreground] [RETURN VALUE] 101010
[00:42:25] [CLIENT_IO]: [GET] [FullScreen] [RETURN VALUE] 0
[00:42:25] [CLIENT_IO]: [GET] [FullScreen] [RETURN VALUE] 0
[00:42:25] [CLIENT_IO]: [GET] [Foreground] [RETURN VALUE] 101010
[00:42:25] [CLIENT_IO]: [GET] [Font] [RETURN VALUE] tahoma
[00:42:25] [CLIENT_IO]: [GET] [OutputBorder] [RETURN VALUE] 0
[00:42:25] [CLIENT_IO]: [GET] [FullScreen] [RETURN VALUE] 0
[00:42:25] [CLIENT_IO]: [GET] [FullScreen] [RETURN VALUE] 0
[00:42:25] [CLIENT_IO]: [GET] [InputBorder] [RETURN VALUE] 0
[00:42:25] [CLIENT_IO]: [GET] [Foreground] [RETURN VALUE] 101010
[00:42:25] [CLIENT_IO]: [GET] [Foreground] [RETURN VALUE] 101010
[00:42:25] [CLIENT_IO]: [GET] [Foreground] [RETURN VALUE] 101010
[00:42:25] [CLIENT_IO]: [GET] [Font] [RETURN VALUE] tahoma
[00:42:25] [CLIENT_IO]: [GET] [OutputFill] [RETURN VALUE] 0
[00:42:25] [CLIENT_IO]: [GET] [InputFill] [RETURN VALUE] 0
[00:42:25] [CLIENT_IO]: [GET] [IntroMusic] [RETURN VALUE] 0
[00:42:25] [CLIENT_IO]: [GET] [DebugWindows] [RETURN VALUE] 0
[00:42:25] [SYSTEM_IO]: [GET] [MMAC] [RETURN VALUE] 5c486915459709261d6d9af79dd1be29fea375fe59a8392f64369d2c6da0816e
[00:42:25] [CLIENT]: test
[00:42:25] [CLIENT_IO]: [GET] [laststart] [RETURN VALUE] 1626327739614
[00:42:25] [CLIENT_IO]: [SET] [KEY] laststart [VALUE] 1626327745885
[00:42:27] [CLIENT]: Prefs
[00:42:27] [ACTION]: USER EDITOR
[00:42:30] [CLIENT_IO]: [SET] [KEY] name [VALUE] Nathan
[00:42:31] [SYSTEM_IO]: [GET] [Version] [RETURN VALUE] Soultree
[00:42:31] [ACTION]: CyderButton, text=[Change Username] CLICKED
[00:42:41] [CLIENT_IO]: [SET] [KEY] password [VALUE] a1ed49ffc79fec196dcc25555352cba3e74ddc0e474af08736a4410e0dfd695d
[00:42:41] [ACTION]: CyderButton, text=[Change Password] CLICKED
[00:42:46] [CLIENT]: Logout
[00:42:46] [CLIENT_IO]: [GET] [Name] [RETURN VALUE] Nathan
[00:42:46] [LOGOUT]:  [Nathan]
[00:42:46] [SYSTEM_IO]: [GET] [Version] [RETURN VALUE] Soultree
[00:42:46] [SYSTEM_IO]: [GET] [Date] [RETURN VALUE] 7.2.21
[00:42:47] [CLIENT_IO]: [LOGIN FRAME] login
[00:42:48] [CLIENT_IO]: [LOGIN FRAME] nathan
[00:42:49] [LOGIN]: [STD LOGIN]
[00:42:50] [CLIENT_IO]: [GET] [Name] [RETURN VALUE] Nathan
[00:42:50] [CLIENT_IO]: [GET] [RandomBackground] [RETURN VALUE] 0
[00:42:50] [CLIENT_IO]: [GET] [FullScreen] [RETURN VALUE] 0
[00:42:50] [SYSTEM_IO]: [GET] [Version] [RETURN VALUE] Soultree
[00:42:50] [CLIENT_IO]: [GET] [Name] [RETURN VALUE] Nathan
[00:42:50] [SYSTEM_IO]: [GET] [ConsoleResizable] [RETURN VALUE] 1
[00:42:50] [CLIENT_IO]: [GET] [Foreground] [RETURN VALUE] 101010
[00:42:50] [CLIENT_IO]: [GET] [Foreground] [RETURN VALUE] 101010
[00:42:50] [CLIENT_IO]: [GET] [FullScreen] [RETURN VALUE] 0
[00:42:50] [CLIENT_IO]: [GET] [FullScreen] [RETURN VALUE] 0
[00:42:50] [CLIENT_IO]: [GET] [Foreground] [RETURN VALUE] 101010
[00:42:50] [CLIENT_IO]: [GET] [Font] [RETURN VALUE] tahoma
[00:42:50] [CLIENT_IO]: [GET] [OutputBorder] [RETURN VALUE] 0
[00:42:50] [CLIENT_IO]: [GET] [FullScreen] [RETURN VALUE] 0
[00:42:50] [CLIENT_IO]: [GET] [FullScreen] [RETURN VALUE] 0
[00:42:50] [CLIENT_IO]: [GET] [InputBorder] [RETURN VALUE] 0
[00:42:50] [CLIENT_IO]: [GET] [Foreground] [RETURN VALUE] 101010
[00:42:50] [CLIENT_IO]: [GET] [Foreground] [RETURN VALUE] 101010
[00:42:50] [CLIENT_IO]: [GET] [Foreground] [RETURN VALUE] 101010
[00:42:50] [CLIENT_IO]: [GET] [Font] [RETURN VALUE] tahoma
[00:42:50] [CLIENT_IO]: [GET] [OutputFill] [RETURN VALUE] 0
[00:42:50] [CLIENT_IO]: [GET] [InputFill] [RETURN VALUE] 0
[00:42:50] [CLIENT_IO]: [GET] [IntroMusic] [RETURN VALUE] 0
[00:42:50] [CLIENT_IO]: [GET] [DebugWindows] [RETURN VALUE] 0
[00:42:50] [SYSTEM_IO]: [GET] [MMAC] [RETURN VALUE] 5c486915459709261d6d9af79dd1be29fea375fe59a8392f64369d2c6da0816e
[00:42:50] [CLIENT]: test
[00:42:50] [CLIENT_IO]: [GET] [laststart] [RETURN VALUE] 1626327745885
[00:42:50] [CLIENT_IO]: [SET] [KEY] laststart [VALUE] 1626327770568
[00:42:51] [CLIENT_IO]: [GET] [minimizeonclose] [RETURN VALUE] 0
[00:42:51] [CLIENT_IO]: [GET] [Name] [RETURN VALUE] Nathan
[00:42:51] [LOGOUT]:  [Nathan]
[00:42:51] [EXIT]: [RUNTIME] 49s
[00:42:51] [EOL]: Log completed, exiting program with code: 25 [Genesis Controlled Exit], exceptions thrown: 0
