[12:24:22] [ENTRY]: [WINUSER=Nathan]
[12:24:22] [SYSTEM_IO]: [GET] [UISCALE] [RETURN VALUE] 1.0
[12:24:23] [SYSTEM_IO]: [GET] [MMAC] [RETURN VALUE] 5c486915459709261d6d9af79dd1be29fea375fe59a8392f64369d2c6da0816e
[12:24:23] [JAVA ARGS]: [LOCATION] [400 S. Monroe St. Tallahassee, FL] //Ron DeSantis is a GOAT
[12:24:23] [SYSTEM_IO]: [GET] [MMAC] [RETURN VALUE] 5c486915459709261d6d9af79dd1be29fea375fe59a8392f64369d2c6da0816e
[12:24:23] [SYSTEM_IO]: [GET] [MMAC] [RETURN VALUE] 5c486915459709261d6d9af79dd1be29fea375fe59a8392f64369d2c6da0816e
[12:24:23] [SYSTEM_IO]: [GET] [AutoCypher] [RETURN VALUE] 1
[12:24:23] [LOGIN]: [AUTOCYPHER ATTEMPT]
[12:24:23] [SYSTEM_IO]: [GET] [CypherHash] [RETURN VALUE] nathan,3789d9735ab15d29a3595ef3f70c377d2d7b4927c222a06d36f0abba335504a2
[12:24:23] [LOGIN]: [AUTOCYPHER PASS]
[12:24:24] [CLIENT_IO]: [GET] [Name] [RETURN VALUE] Nathan
[12:24:24] [CLIENT_IO]: [GET] [RandomBackground] [RETURN VALUE] 0
[12:24:24] [CLIENT_IO]: [GET] [FullScreen] [RETURN VALUE] 0
[12:24:24] [SYSTEM_IO]: [GET] [Version] [RETURN VALUE] Soultree
[12:24:24] [CLIENT_IO]: [GET] [Name] [RETURN VALUE] Nathan
[12:24:24] [SYSTEM_IO]: [GET] [ConsoleResizable] [RETURN VALUE] 1
[12:24:24] [CLIENT_IO]: [GET] [Foreground] [RETURN VALUE] F0F0F0
[12:24:24] [CLIENT_IO]: [GET] [Foreground] [RETURN VALUE] F0F0F0
[12:24:24] [CLIENT_IO]: [GET] [FullScreen] [RETURN VALUE] 0
[12:24:24] [CLIENT_IO]: [GET] [FullScreen] [RETURN VALUE] 0
[12:24:24] [CLIENT_IO]: [GET] [Foreground] [RETURN VALUE] F0F0F0
[12:24:24] [CLIENT_IO]: [GET] [Font] [RETURN VALUE] Agency FB
[12:24:24] [CLIENT_IO]: [GET] [OutputBorder] [RETURN VALUE] 0
[12:24:24] [CLIENT_IO]: [GET] [FullScreen] [RETURN VALUE] 0
[12:24:24] [CLIENT_IO]: [GET] [FullScreen] [RETURN VALUE] 0
[12:24:24] [CLIENT_IO]: [GET] [InputBorder] [RETURN VALUE] 0
[12:24:24] [CLIENT_IO]: [GET] [Foreground] [RETURN VALUE] F0F0F0
[12:24:24] [CLIENT_IO]: [GET] [Foreground] [RETURN VALUE] F0F0F0
[12:24:24] [CLIENT_IO]: [GET] [Foreground] [RETURN VALUE] F0F0F0
[12:24:24] [CLIENT_IO]: [GET] [Font] [RETURN VALUE] Agency FB
[12:24:24] [CLIENT_IO]: [GET] [OutputFill] [RETURN VALUE] 0
[12:24:24] [CLIENT_IO]: [GET] [InputFill] [RETURN VALUE] 0
[12:24:24] [CLIENT_IO]: [GET] [showbusyicon] [RETURN VALUE] 0
[12:24:24] [CLIENT_IO]: [GET] [IntroMusic] [RETURN VALUE] 0
[12:24:24] [CLIENT_IO]: [GET] [DebugWindows] [RETURN VALUE] 0
[12:24:25] [SYSTEM_IO]: [GET] [MMAC] [RETURN VALUE] 5c486915459709261d6d9af79dd1be29fea375fe59a8392f64369d2c6da0816e
[12:24:25] [CLIENT]: test
[12:24:25] [CLIENT_IO]: [GET] [laststart] [RETURN VALUE] 1626974629344
[12:24:25] [CLIENT_IO]: [SET] [KEY] laststart [VALUE] 1626974665223
[12:24:27] [CLIENT_IO]: [GET] [showbusyicon] [RETURN VALUE] 0
[12:24:30] [CLIENT_IO]: [GET] [showbusyicon] [RETURN VALUE] 0
[12:24:33] [CLIENT_IO]: [GET] [showbusyicon] [RETURN VALUE] 0
[12:24:36] [CLIENT_IO]: [GET] [showbusyicon] [RETURN VALUE] 0
[12:24:39] [CLIENT_IO]: [GET] [showbusyicon] [RETURN VALUE] 0
[12:24:42] [CLIENT_IO]: [GET] [showbusyicon] [RETURN VALUE] 0
[12:24:45] [CLIENT_IO]: [GET] [showbusyicon] [RETURN VALUE] 0
[12:24:48] [CLIENT_IO]: [GET] [Background] [RETURN VALUE] 000000
[12:24:48] [CLIENT_IO]: [GET] [showbusyicon] [RETURN VALUE] 0
[12:24:49] [CLIENT_IO]: [GET] [minimizeonclose] [RETURN VALUE] 0
[12:24:49] [CLIENT_IO]: [GET] [Name] [RETURN VALUE] Nathan
[12:24:49] [LOGOUT]:  [Nathan]
[12:24:49] [EXIT]: [RUNTIME] 26s
[12:24:49] [EOL]: Log completed, exiting program with code: 25 [Genesis Controlled Exit], exceptions thrown: 0
