[18:36:03] [ENTRY]: [WINUSER=Nathan]
[18:36:03] [SYSTEM_IO]: [GET] [UISCALE] [RETURN VALUE] 1.0
[18:36:03] [SYSTEM_IO]: [GET] [MMAC] [RETURN VALUE] 5c486915459709261d6d9af79dd1be29fea375fe59a8392f64369d2c6da0816e
[18:36:03] [JAVA ARGS]: [LOCATION] [400 S. Monroe St. Tallahassee, FL] //Ron DeSantis is a GOAT
[18:36:03] [SYSTEM_IO]: [GET] [MMAC] [RETURN VALUE] 5c486915459709261d6d9af79dd1be29fea375fe59a8392f64369d2c6da0816e
[18:36:04] [SYSTEM_IO]: [GET] [MMAC] [RETURN VALUE] 5c486915459709261d6d9af79dd1be29fea375fe59a8392f64369d2c6da0816e
[18:36:04] [SYSTEM_IO]: [GET] [AutoCypher] [RETURN VALUE] 1
[18:36:04] [LOGIN]: [AUTOCYPHER ATTEMPT]
[18:36:04] [SYSTEM_IO]: [GET] [CypherHash] [RETURN VALUE] nathan,3789d9735ab15d29a3595ef3f70c377d2d7b4927c222a06d36f0abba335504a2
[18:36:04] [LOGIN]: [AUTOCYPHER PASS]
[18:36:04] [CLIENT_IO]: [GET] [Name] [RETURN VALUE] Nathan
[18:36:04] [CLIENT_IO]: [GET] [RandomBackground] [RETURN VALUE] 0
[18:36:04] [CLIENT_IO]: [GET] [FullScreen] [RETURN VALUE] 0
[18:36:05] [SYSTEM_IO]: [GET] [Version] [RETURN VALUE] Soultree
[18:36:05] [CLIENT_IO]: [GET] [Name] [RETURN VALUE] Nathan
[18:36:05] [SYSTEM_IO]: [GET] [ConsoleResizable] [RETURN VALUE] 1
[18:36:05] [CLIENT_IO]: [GET] [Foreground] [RETURN VALUE] F0F0F0
[18:36:05] [CLIENT_IO]: [GET] [Foreground] [RETURN VALUE] F0F0F0
[18:36:05] [CLIENT_IO]: [GET] [FullScreen] [RETURN VALUE] 0
[18:36:05] [CLIENT_IO]: [GET] [FullScreen] [RETURN VALUE] 0
[18:36:05] [CLIENT_IO]: [GET] [Foreground] [RETURN VALUE] F0F0F0
[18:36:05] [CLIENT_IO]: [GET] [Font] [RETURN VALUE] Agency FB
[18:36:05] [CLIENT_IO]: [GET] [OutputBorder] [RETURN VALUE] 0
[18:36:05] [CLIENT_IO]: [GET] [FullScreen] [RETURN VALUE] 0
[18:36:05] [CLIENT_IO]: [GET] [FullScreen] [RETURN VALUE] 0
[18:36:05] [CLIENT_IO]: [GET] [InputBorder] [RETURN VALUE] 0
[18:36:05] [CLIENT_IO]: [GET] [Foreground] [RETURN VALUE] F0F0F0
[18:36:05] [CLIENT_IO]: [GET] [Foreground] [RETURN VALUE] F0F0F0
[18:36:05] [CLIENT_IO]: [GET] [Foreground] [RETURN VALUE] F0F0F0
[18:36:05] [CLIENT_IO]: [GET] [Font] [RETURN VALUE] Agency FB
[18:36:05] [CLIENT_IO]: [GET] [OutputFill] [RETURN VALUE] 0
[18:36:05] [CLIENT_IO]: [GET] [InputFill] [RETURN VALUE] 0
[18:36:05] [CLIENT_IO]: [GET] [showbusyicon] [RETURN VALUE] 0
[18:36:05] [CLIENT_IO]: [GET] [IntroMusic] [RETURN VALUE] 0
[18:36:05] [CLIENT_IO]: [GET] [DebugWindows] [RETURN VALUE] 0
[18:36:05] [SYSTEM_IO]: [GET] [MMAC] [RETURN VALUE] 5c486915459709261d6d9af79dd1be29fea375fe59a8392f64369d2c6da0816e
[18:36:05] [CLIENT]: test
[18:36:05] [CLIENT_IO]: [GET] [laststart] [RETURN VALUE] 1626823909241
[18:36:05] [CLIENT_IO]: [SET] [KEY] laststart [VALUE] 1626824165764
[18:36:08] [CLIENT_IO]: [GET] [showbusyicon] [RETURN VALUE] 0
[18:36:11] [CLIENT_IO]: [GET] [showbusyicon] [RETURN VALUE] 0
[18:36:14] [CLIENT_IO]: [GET] [showbusyicon] [RETURN VALUE] 0
[18:36:14] [CLIENT]: Temp
[18:36:14] [ACTION]: TEMPERATURE CONVERTER
[18:36:17] [CLIENT_IO]: [GET] [showbusyicon] [RETURN VALUE] 0
[18:36:20] [CLIENT_IO]: [GET] [showbusyicon] [RETURN VALUE] 0
[18:36:23] [CLIENT_IO]: [GET] [showbusyicon] [RETURN VALUE] 0
[18:36:24] [SYSTEM_IO]: [GET] [UILOC] [RETURN VALUE] 0
[18:36:24] [ACTION]: CyderButton, text=[Reset Values] CLICKED
[18:36:26] [CLIENT_IO]: [GET] [showbusyicon] [RETURN VALUE] 0
[18:36:29] [CLIENT_IO]: [GET] [showbusyicon] [RETURN VALUE] 0
[18:36:32] [CLIENT_IO]: [GET] [showbusyicon] [RETURN VALUE] 0
[18:36:35] [CLIENT_IO]: [GET] [showbusyicon] [RETURN VALUE] 0
[18:36:38] [CLIENT_IO]: [GET] [showbusyicon] [RETURN VALUE] 0
[18:36:41] [CLIENT_IO]: [GET] [showbusyicon] [RETURN VALUE] 0
[18:36:44] [CLIENT_IO]: [GET] [showbusyicon] [RETURN VALUE] 0
[18:36:47] [CLIENT_IO]: [GET] [showbusyicon] [RETURN VALUE] 0
[18:36:50] [CLIENT_IO]: [GET] [showbusyicon] [RETURN VALUE] 0
[18:36:53] [CLIENT_IO]: [GET] [minimizeonclose] [RETURN VALUE] 0
[18:36:53] [CLIENT_IO]: [GET] [showbusyicon] [RETURN VALUE] 0
[18:36:53] [CLIENT_IO]: [GET] [Name] [RETURN VALUE] Nathan
[18:36:53] [LOGOUT]:  [Nathan]
[18:36:53] [EXIT]: [RUNTIME] 50s
[18:36:53] [EOL]: Log completed, exiting program with code: 25 [Genesis Controlled Exit], exceptions thrown: 0
