[17:42:08] [ENTRY]: [WINUSER=Nathan]
[17:42:08] [SYSTEM_IO]: [GET] [UISCALE] [RETURN VALUE] 1.0
[17:42:09] [SYSTEM_IO]: [GET] [MMAC] [RETURN VALUE] 5c486915459709261d6d9af79dd1be29fea375fe59a8392f64369d2c6da0816e
[17:42:09] [JAVA ARGS]: [LOCATION] [400 S. Monroe St. Tallahassee, FL] //Ron DeSantis is a GOAT
[17:42:09] [SYSTEM_IO]: [GET] [MMAC] [RETURN VALUE] 5c486915459709261d6d9af79dd1be29fea375fe59a8392f64369d2c6da0816e
[17:42:09] [SYSTEM_IO]: [GET] [MMAC] [RETURN VALUE] 5c486915459709261d6d9af79dd1be29fea375fe59a8392f64369d2c6da0816e
[17:42:09] [LOGIN]: [AUTOCYPHER ATTEMPT]
[17:42:09] [LOGIN]: [AUTOCYPHER PASS]
[17:42:09] [CLIENT_IO]: [GET] [Name] [RETURN VALUE] Nathan
[17:42:10] [CLIENT_IO]: [GET] [RandomBackground] [RETURN VALUE] 0
[17:42:10] [CLIENT_IO]: [GET] [FullScreen] [RETURN VALUE] 0
[17:42:10] [SYSTEM_IO]: [GET] [Version] [RETURN VALUE] Soultree
[17:42:10] [CLIENT_IO]: [GET] [Name] [RETURN VALUE] Nathan
[17:42:10] [SYSTEM_IO]: [GET] [ConsoleResizable] [RETURN VALUE] 1
[17:42:10] [CLIENT_IO]: [GET] [Foreground] [RETURN VALUE] 000000
[17:42:10] [CLIENT_IO]: [GET] [Foreground] [RETURN VALUE] 000000
[17:42:10] [CLIENT_IO]: [GET] [FullScreen] [RETURN VALUE] 0
[17:42:10] [CLIENT_IO]: [GET] [FullScreen] [RETURN VALUE] 0
[17:42:10] [CLIENT_IO]: [GET] [Foreground] [RETURN VALUE] 000000
[17:42:10] [CLIENT_IO]: [GET] [Font] [RETURN VALUE] Agency FB
[17:42:10] [CLIENT_IO]: [GET] [OutputBorder] [RETURN VALUE] 0
[17:42:10] [CLIENT_IO]: [GET] [FullScreen] [RETURN VALUE] 0
[17:42:10] [CLIENT_IO]: [GET] [FullScreen] [RETURN VALUE] 0
[17:42:10] [CLIENT_IO]: [GET] [InputBorder] [RETURN VALUE] 0
[17:42:10] [CLIENT_IO]: [GET] [Foreground] [RETURN VALUE] 000000
[17:42:10] [CLIENT_IO]: [GET] [Foreground] [RETURN VALUE] 000000
[17:42:10] [CLIENT_IO]: [GET] [Foreground] [RETURN VALUE] 000000
[17:42:10] [CLIENT_IO]: [GET] [Font] [RETURN VALUE] Agency FB
[17:42:10] [CLIENT_IO]: [GET] [OutputFill] [RETURN VALUE] 0
[17:42:10] [CLIENT_IO]: [GET] [InputFill] [RETURN VALUE] 0
[17:42:10] [CLIENT_IO]: [GET] [IntroMusic] [RETURN VALUE] 0
[17:42:10] [CLIENT_IO]: [GET] [DebugWindows] [RETURN VALUE] 0
[17:42:10] [SYSTEM_IO]: [GET] [MMAC] [RETURN VALUE] 5c486915459709261d6d9af79dd1be29fea375fe59a8392f64369d2c6da0816e
[17:42:10] [CLIENT]: test
[17:42:10] [CLIENT_IO]: [GET] [laststart] [RETURN VALUE] 1626216077031
[17:42:10] [CLIENT_IO]: [SET] [KEY] laststart [VALUE] 1626216130830
[17:42:11] [CLIENT]: Dir
[17:42:11] [ACTION]: DIR SEARCH
[17:42:13] [SYSTEM_IO]: [GET] [UILOC] [RETURN VALUE] 0
[17:42:13] [ACTION]: CyderButton, text=[ > ] CLICKED
[17:42:24] [CLIENT_IO]: [GET] [Name] [RETURN VALUE] Nathan
[17:42:24] [LOGOUT]:  [Nathan]
[17:42:24] [EXIT]: [RUNTIME] 15s
[17:42:24] [EOL]: Log completed, exiting program with code: 25 [Genesis Controlled Exit], exceptions thrown: 0
