[12:15:18] [ENTRY]: [WINUSER=Nathan]
[12:15:18] [JAVA ARGS]: [LOCATION] [400 S. Monroe St. Tallahassee, FL]
[12:15:19] [LOGIN]: [AUTOCYPHER ATTEMPT]
[12:15:19] [LOGIN]: [AUTOCYPHER PASS]
[12:15:20] [CLIENT]: test
[12:15:22] [ACTION]: CyderButton, text=[Next Iteration] CLICKED
[12:15:23] [ACTION]: CyderButton, text=[Next Iteration] CLICKED
[12:15:23] [ACTION]: CyderButton, text=[Generate] CLICKED
[12:15:23] [ACTION]: CyderButton, text=[Generate] CLICKED
[12:15:23] [ACTION]: CyderButton, text=[Generate] CLICKED
[12:15:23] [ACTION]: CyderButton, text=[Generate] CLICKED
[12:15:24] [ACTION]: CyderButton, text=[Generate] CLICKED
[12:15:24] [ACTION]: CyderButton, text=[Next Iteration] CLICKED
[12:15:24] [ACTION]: CyderButton, text=[Next Iteration] CLICKED
[12:15:24] [ACTION]: CyderButton, text=[Next Iteration] CLICKED
[12:15:24] [ACTION]: CyderButton, text=[Next Iteration] CLICKED
[12:15:25] [ACTION]: CyderButton, text=[Next Iteration] CLICKED
[12:15:25] [ACTION]: CyderButton, text=[Next Iteration] CLICKED
[12:15:25] [ACTION]: CyderButton, text=[Next Iteration] CLICKED
[12:15:25] [ACTION]: CyderButton, text=[Next Iteration] CLICKED
[12:15:25] [ACTION]: CyderButton, text=[Next Iteration] CLICKED
[12:15:27] [ACTION]: CyderButton, text=[▼] CLICKED
[12:15:27] [ACTION]: CyderButton, text=[Generate] CLICKED
[12:15:29] [ACTION]: CyderButton, text=[Next Iteration] CLICKED
[12:15:30] [ACTION]: CyderButton, text=[Next Iteration] CLICKED
[12:15:30] [ACTION]: CyderButton, text=[Next Iteration] CLICKED
[12:15:30] [ACTION]: CyderButton, text=[Next Iteration] CLICKED
[12:15:30] [ACTION]: CyderButton, text=[Next Iteration] CLICKED
[12:15:30] [ACTION]: CyderButton, text=[Next Iteration] CLICKED
[12:15:30] [ACTION]: CyderButton, text=[Next Iteration] CLICKED
[12:15:30] [ACTION]: CyderButton, text=[Next Iteration] CLICKED
[12:15:30] [ACTION]: CyderButton, text=[Next Iteration] CLICKED
[12:15:31] [ACTION]: CyderButton, text=[Next Iteration] CLICKED
[12:15:31] [ACTION]: CyderButton, text=[Next Iteration] CLICKED
[12:15:31] [ACTION]: CyderButton, text=[Next Iteration] CLICKED
[12:15:31] [ACTION]: CyderButton, text=[Next Iteration] CLICKED
[12:15:31] [ACTION]: CyderButton, text=[Next Iteration] CLICKED
[12:15:35] [ACTION]: CyderButton, text=[Stop] CLICKED
[12:15:57] [ACTION]: CyderButton, text=[Generate] CLICKED
[12:15:58] [ACTION]: CyderButton, text=[Next Iteration] CLICKED
[12:15:58] [ACTION]: CyderButton, text=[Next Iteration] CLICKED
[12:15:59] [ACTION]: CyderButton, text=[Next Iteration] CLICKED
[12:15:59] [ACTION]: CyderButton, text=[Next Iteration] CLICKED
[12:15:59] [ACTION]: CyderButton, text=[Next Iteration] CLICKED
[12:16:00] [ACTION]: CyderButton, text=[Next Iteration] CLICKED
[12:16:00] [ACTION]: CyderButton, text=[Next Iteration] CLICKED
[12:16:00] [ACTION]: CyderButton, text=[Next Iteration] CLICKED
[12:16:00] [ACTION]: CyderButton, text=[Next Iteration] CLICKED
[12:16:00] [ACTION]: CyderButton, text=[Next Iteration] CLICKED
[12:16:00] [ACTION]: CyderButton, text=[Next Iteration] CLICKED
[12:16:00] [ACTION]: CyderButton, text=[Next Iteration] CLICKED
[12:16:01] [ACTION]: CyderButton, text=[Next Iteration] CLICKED
[12:16:01] [ACTION]: CyderButton, text=[Next Iteration] CLICKED
[EXTERNAL STOP] Cyder was force closed by an external entity such as an IDE stop or the OS' Task Manager
