[21:30:06] [ENTRY]: [WINUSER=Nathan]
[21:30:07] [JAVA ARGS]: [LOCATION] [400 S. Monroe St. Tallahassee, FL]
[21:30:08] [LOGIN]: [AUTOCYPHER ATTEMPT]
[21:30:09] [LOGIN]: [AUTOCYPHER PASS]
[21:30:11] [CLIENT]: test
[21:30:22] [CLIENT]: Mp3
[21:30:22] [ACTION]: AUDIO PLAYER
[21:30:59] [CLIENT]: Mp3
[21:30:59] [ACTION]: AUDIO PLAYER
[21:31:37] [CLIENT]: Play something just like this
[21:31:37] [EXCEPTION]: 
no protocol: something just like this
Thrown from:
java.base/java.net.URL.<init>(URL.java:627)
StackTrace:
java.net.MalformedURLException: no protocol: something just like this
	at java.base/java.net.URL.<init>(URL.java:627)
	at java.base/java.net.URL.<init>(URL.java:523)
	at java.base/java.net.URL.<init>(URL.java:470)
	at cyder.handler.InputHandler.handle(InputHandler.java:881)
	at cyder.ui.ConsoleFrame.lambda$start$1(ConsoleFrame.java:473)
	at java.desktop/javax.swing.JTextField.fireActionPerformed(JTextField.java:508)
	at java.desktop/javax.swing.JTextField.postActionEvent(JTextField.java:723)
	at java.desktop/javax.swing.JTextField$NotifyAction.actionPerformed(JTextField.java:839)
	at java.desktop/javax.swing.SwingUtilities.notifyAction(SwingUtilities.java:1805)
	at java.desktop/javax.swing.JComponent.processKeyBinding(JComponent.java:2901)
	at java.desktop/javax.swing.JComponent.processKeyBindings(JComponent.java:2949)
	at java.desktop/javax.swing.JComponent.processKeyEvent(JComponent.java:2863)
	at java.desktop/java.awt.Component.processEvent(Component.java:6355)
	at java.desktop/java.awt.Container.processEvent(Container.java:2259)
	at java.desktop/java.awt.Component.dispatchEventImpl(Component.java:4961)
	at java.desktop/java.awt.Container.dispatchEventImpl(Container.java:2317)
	at java.desktop/java.awt.Component.dispatchEvent(Component.java:4793)
	at java.desktop/java.awt.KeyboardFocusManager.redispatchEvent(KeyboardFocusManager.java:1955)
	at java.desktop/java.awt.DefaultKeyboardFocusManager.dispatchKeyEvent(DefaultKeyboardFocusManager.java:827)
	at java.desktop/java.awt.DefaultKeyboardFocusManager.preDispatchKeyEvent(DefaultKeyboardFocusManager.java:1096)
	at java.desktop/java.awt.DefaultKeyboardFocusManager.typeAheadAssertions(DefaultKeyboardFocusManager.java:966)
	at java.desktop/java.awt.DefaultKeyboardFocusManager.dispatchEvent(DefaultKeyboardFocusManager.java:792)
	at java.desktop/java.awt.Component.dispatchEventImpl(Component.java:4842)
	at java.desktop/java.awt.Container.dispatchEventImpl(Container.java:2317)
	at java.desktop/java.awt.Window.dispatchEventImpl(Window.java:2758)
	at java.desktop/java.awt.Component.dispatchEvent(Component.java:4793)
	at java.desktop/java.awt.EventQueue.dispatchEventImpl(EventQueue.java:766)
	at java.desktop/java.awt.EventQueue.access$500(EventQueue.java:97)
	at java.desktop/java.awt.EventQueue$3.run(EventQueue.java:717)
	at java.desktop/java.awt.EventQueue$3.run(EventQueue.java:711)
	at java.base/java.security.AccessController.doPrivileged(Native Method)
	at java.base/java.security.ProtectionDomain$JavaSecurityAccessImpl.doIntersectionPrivilege(ProtectionDomain.java:89)
	at java.base/java.security.ProtectionDomain$JavaSecurityAccessImpl.doIntersectionPrivilege(ProtectionDomain.java:99)
	at java.desktop/java.awt.EventQueue$4.run(EventQueue.java:739)
	at java.desktop/java.awt.EventQueue$4.run(EventQueue.java:737)
	at java.base/java.security.AccessController.doPrivileged(Native Method)
	at java.base/java.security.ProtectionDomain$JavaSecurityAccessImpl.doIntersectionPrivilege(ProtectionDomain.java:89)
	at java.desktop/java.awt.EventQueue.dispatchEvent(EventQueue.java:736)
	at java.desktop/java.awt.EventDispatchThread.pumpOneEventForFilters(EventDispatchThread.java:199)
	at java.desktop/java.awt.EventDispatchThread.pumpEventsForFilter(EventDispatchThread.java:124)
	at java.desktop/java.awt.EventDispatchThread.pumpEventsForHierarchy(EventDispatchThread.java:113)
	at java.desktop/java.awt.EventDispatchThread.pumpEvents(EventDispatchThread.java:109)
	at java.desktop/java.awt.EventDispatchThread.pumpEvents(EventDispatchThread.java:101)
	at java.desktop/java.awt.EventDispatchThread.run(EventDispatchThread.java:90)
[21:31:37] [CONSOLE_OUT]: [STRING] Searching youtube for: something just like this
[21:31:40] [CONSOLE_OUT]: [STRING] Starting download of: The Chainsmokers & Coldplay - Something Just Like This (Lyric)
[21:31:45] [CLIENT]: Stop music
[21:31:56] [CONSOLE_OUT]: [STRING] Download complete and added to mp3 queue
[EXTERNAL STOP] Cyder was force closed by an external entity such as an IDE stop or the OS' Task Manager
