[13:01:14] [ENTRY]: [WINUSER=Nathan]
[13:01:14] [SYSTEM_IO]: [GET] [UISCALE] [RETURN VALUE] 1.0
[13:01:15] [SYSTEM_IO]: [GET] [MMAC] [RETURN VALUE] 5c486915459709261d6d9af79dd1be29fea375fe59a8392f64369d2c6da0816e
[13:01:15] [JAVA ARGS]: [LOCATION] [400 S. Monroe St. Tallahassee, FL] //Ron DeSantis is a GOAT
[13:01:15] [SYSTEM_IO]: [GET] [MMAC] [RETURN VALUE] 5c486915459709261d6d9af79dd1be29fea375fe59a8392f64369d2c6da0816e
[13:01:15] [SYSTEM_IO]: [GET] [MMAC] [RETURN VALUE] 5c486915459709261d6d9af79dd1be29fea375fe59a8392f64369d2c6da0816e
[13:01:15] [SYSTEM_IO]: [GET] [AutoCypher] [RETURN VALUE] 1
[13:01:15] [LOGIN]: [AUTOCYPHER ATTEMPT]
[13:01:15] [SYSTEM_IO]: [GET] [CypherHash] [RETURN VALUE] nathan,3789d9735ab15d29a3595ef3f70c377d2d7b4927c222a06d36f0abba335504a2
[13:01:16] [LOGIN]: [AUTOCYPHER PASS]
[13:01:16] [CLIENT_IO]: [GET] [Name] [RETURN VALUE] Nathan
[13:01:16] [CLIENT_IO]: [GET] [RandomBackground] [RETURN VALUE] 0
[13:01:16] [CLIENT_IO]: [GET] [FullScreen] [RETURN VALUE] 0
[13:01:17] [SYSTEM_IO]: [GET] [Version] [RETURN VALUE] Soultree
[13:01:17] [CLIENT_IO]: [GET] [Name] [RETURN VALUE] Nathan
[13:01:17] [SYSTEM_IO]: [GET] [ConsoleResizable] [RETURN VALUE] 1
[13:01:17] [CLIENT_IO]: [GET] [Foreground] [RETURN VALUE] F0F0F0
[13:01:17] [CLIENT_IO]: [GET] [Foreground] [RETURN VALUE] F0F0F0
[13:01:17] [CLIENT_IO]: [GET] [FullScreen] [RETURN VALUE] 0
[13:01:17] [CLIENT_IO]: [GET] [FullScreen] [RETURN VALUE] 0
[13:01:17] [CLIENT_IO]: [GET] [Foreground] [RETURN VALUE] F0F0F0
[13:01:17] [CLIENT_IO]: [GET] [Font] [RETURN VALUE] Agency FB
[13:01:17] [CLIENT_IO]: [GET] [OutputBorder] [RETURN VALUE] 0
[13:01:17] [CLIENT_IO]: [GET] [FullScreen] [RETURN VALUE] 0
[13:01:17] [CLIENT_IO]: [GET] [FullScreen] [RETURN VALUE] 0
[13:01:17] [CLIENT_IO]: [GET] [InputBorder] [RETURN VALUE] 0
[13:01:17] [CLIENT_IO]: [GET] [Foreground] [RETURN VALUE] F0F0F0
[13:01:17] [CLIENT_IO]: [GET] [Foreground] [RETURN VALUE] F0F0F0
[13:01:17] [CLIENT_IO]: [GET] [Foreground] [RETURN VALUE] F0F0F0
[13:01:17] [CLIENT_IO]: [GET] [Font] [RETURN VALUE] Agency FB
[13:01:17] [CLIENT_IO]: [GET] [OutputFill] [RETURN VALUE] 0
[13:01:17] [CLIENT_IO]: [GET] [InputFill] [RETURN VALUE] 0
[13:01:17] [CLIENT_IO]: [GET] [showbusyicon] [RETURN VALUE] 0
[13:01:17] [CLIENT_IO]: [GET] [IntroMusic] [RETURN VALUE] 0
[13:01:17] [CLIENT_IO]: [GET] [DebugWindows] [RETURN VALUE] 0
[13:01:17] [SYSTEM_IO]: [GET] [MMAC] [RETURN VALUE] 5c486915459709261d6d9af79dd1be29fea375fe59a8392f64369d2c6da0816e
[13:01:17] [CLIENT]: test
[13:01:17] [CLIENT_IO]: [GET] [laststart] [RETURN VALUE] 1626804061528
[13:01:17] [CLIENT_IO]: [SET] [KEY] laststart [VALUE] 1626804077742
[13:01:19] [CLIENT]: Hash
[13:01:19] [ACTION]: SHA256 HASHER
[13:01:20] [CLIENT_IO]: [GET] [showbusyicon] [RETURN VALUE] 0
[13:01:23] [CLIENT_IO]: [GET] [showbusyicon] [RETURN VALUE] 0
[13:01:26] [CLIENT_IO]: [GET] [showbusyicon] [RETURN VALUE] 0
[13:01:29] [CLIENT_IO]: [GET] [showbusyicon] [RETURN VALUE] 0
[13:01:32] [CLIENT_IO]: [GET] [showbusyicon] [RETURN VALUE] 0
[13:01:35] [CLIENT_IO]: [GET] [showbusyicon] [RETURN VALUE] 0
[EXTERNAL STOP] Cyder was force closed by an external entity such as an IDE stop or the OS' Task Manager
