[18:16:30] [ENTRY]: [WINUSER=Nathan]
[18:16:31] [JAVA ARGS]: [LOCATION] [400 S. Monroe St. Tallahassee, FL]
[18:16:32] [LOGIN]: [AUTOCYPHER ATTEMPT]
[18:16:32] [LOGIN]: [AUTOCYPHER PASS]
[18:16:34] [CLIENT]: [SIMULATED INPUT] test
[18:16:38] [ACTION]: CyderButton, text=[Top] CLICKED
[18:16:39] [ACTION]: [Notification Test] [NOTIFICATION] asdf<br/>asdf
[18:16:47] [ACTION]: CyderButton, text=[Top] CLICKED
[18:16:47] [EXCEPTION]: 
String index out of range: 13
Thrown from:
java.base/java.lang.StringLatin1.charAt(StringLatin1.java:44)
StackTrace:
java.lang.StringIndexOutOfBoundsException: String index out of range: 13
	at java.base/java.lang.StringLatin1.charAt(StringLatin1.java:44)
	at java.base/java.lang.String.charAt(String.java:704)
	at cyder.utilities.BoundsUtil.widthHeightCalculation(BoundsUtil.java:89)
	at cyder.ui.CyderFrame.lambda$notify$3(CyderFrame.java:574)
	at java.base/java.lang.Thread.run(Thread.java:844)
[EXTERNAL STOP] Cyder was force closed by an external entity such as an IDE stop or the OS' Task Manager
