[22:37:37] [ENTRY]: [WINUSER=Nathan]
[22:37:37] [SYSTEM_IO]: [GET] [UISCALE] [RETURN VALUE] 1.0
[22:37:37] [SYSTEM_IO]: [GET] [MMAC] [RETURN VALUE] 5c486915459709261d6d9af79dd1be29fea375fe59a8392f64369d2c6da0816e
[22:37:37] [JAVA ARGS]: [LOCATION] [400 S. Monroe St. Tallahassee, FL] //Ron DeSantis is a GOAT
[22:37:37] [SYSTEM_IO]: [GET] [MMAC] [RETURN VALUE] 5c486915459709261d6d9af79dd1be29fea375fe59a8392f64369d2c6da0816e
[22:37:38] [SYSTEM_IO]: [GET] [MMAC] [RETURN VALUE] 5c486915459709261d6d9af79dd1be29fea375fe59a8392f64369d2c6da0816e
[22:37:38] [LOGIN]: [AUTOCYPHER ATTEMPT]
[22:37:38] [LOGIN]: [AUTOCYPHER PASS]
[22:37:38] [CLIENT_IO]: [GET] [Name] [RETURN VALUE] Nathan
[22:37:39] [CLIENT_IO]: [GET] [RandomBackground] [RETURN VALUE] 0
[22:37:39] [CLIENT_IO]: [GET] [FullScreen] [RETURN VALUE] 0
[22:37:39] [SYSTEM_IO]: [GET] [Version] [RETURN VALUE] Soultree
[22:37:39] [CLIENT_IO]: [GET] [Name] [RETURN VALUE] Nathan
[22:37:39] [SYSTEM_IO]: [GET] [ConsoleResizable] [RETURN VALUE] 1
[22:37:39] [CLIENT_IO]: [GET] [Foreground] [RETURN VALUE] 000000
[22:37:39] [CLIENT_IO]: [GET] [Foreground] [RETURN VALUE] 000000
[22:37:39] [CLIENT_IO]: [GET] [FullScreen] [RETURN VALUE] 0
[22:37:39] [CLIENT_IO]: [GET] [FullScreen] [RETURN VALUE] 0
[22:37:39] [CLIENT_IO]: [GET] [Foreground] [RETURN VALUE] 000000
[22:37:39] [CLIENT_IO]: [GET] [Font] [RETURN VALUE] Agency FB
[22:37:39] [CLIENT_IO]: [GET] [OutputBorder] [RETURN VALUE] 0
[22:37:39] [CLIENT_IO]: [GET] [FullScreen] [RETURN VALUE] 0
[22:37:39] [CLIENT_IO]: [GET] [FullScreen] [RETURN VALUE] 0
[22:37:39] [CLIENT_IO]: [GET] [InputBorder] [RETURN VALUE] 0
[22:37:39] [CLIENT_IO]: [GET] [Foreground] [RETURN VALUE] 000000
[22:37:39] [CLIENT_IO]: [GET] [Foreground] [RETURN VALUE] 000000
[22:37:39] [CLIENT_IO]: [GET] [Foreground] [RETURN VALUE] 000000
[22:37:39] [CLIENT_IO]: [GET] [Font] [RETURN VALUE] Agency FB
[22:37:39] [CLIENT_IO]: [GET] [OutputFill] [RETURN VALUE] 0
[22:37:39] [CLIENT_IO]: [GET] [InputFill] [RETURN VALUE] 0
[22:37:39] [CLIENT_IO]: [GET] [IntroMusic] [RETURN VALUE] 0
[22:37:39] [CLIENT_IO]: [GET] [DebugWindows] [RETURN VALUE] 0
[22:37:39] [SYSTEM_IO]: [GET] [MMAC] [RETURN VALUE] 5c486915459709261d6d9af79dd1be29fea375fe59a8392f64369d2c6da0816e
[22:37:39] [CLIENT]: test
[22:37:39] [CLIENT_IO]: [GET] [laststart] [RETURN VALUE] 1626233639314
[22:37:39] [CLIENT_IO]: [SET] [KEY] laststart [VALUE] 1626233859945
[22:37:42] [CLIENT]: Pizza
[22:37:42] [ACTION]: PIZZA
[22:38:00] [ACTION]: CyderButton, text=[Place Order] CLICKED
[EXTERNAL STOP] Cyder was force closed by an external entity such as an IDE stop or the OS' Task Manager
