[19:06:28] [ENTRY]: [WINUSER=Nathan]
[19:06:29] [JAVA ARGS]: [LOCATION] [400 S. Monroe St. Tallahassee, FL]
[19:06:29] [LOGIN]: [AUTOCYPHER ATTEMPT]
[19:06:30] [LOGIN]: [AUTOCYPHER PASS]
[19:06:31] [CLIENT]: test
[19:06:35] [CLIENT]: Count logs
[19:06:36] [CONSOLE_OUT]: [STRING] Sorry, Nathan, but I don't recognize that command. You can make a suggestion by clicking the "Suggestion" button.
[19:06:37] [CLIENT]: Logs
[19:06:39] [CLIENT]: controlc
[19:06:39] [CONSOLE_OUT]: [STRING] Sorry, Nathan, but I don't recognize that command. You can make a suggestion by clicking the "Suggestion" button.
[19:06:39] [CONSOLE_OUT]: [STRING] Escaped
[19:06:40] [CLIENT]: Cls
[19:06:44] [CLIENT]: Analyze code
[19:06:44] [CONSOLE_OUT]: [STRING] Lines of code: 24268
[19:06:45] [CONSOLE_OUT]: [STRING] Number of java files: 97
[19:06:46] [CONSOLE_OUT]: [STRING] Number of comments: 1740
[19:06:47] [CONSOLE_OUT]: [STRING] Blank lines: 4761
[19:06:48] [CONSOLE_OUT]: [STRING] Total: 29029
[19:06:50] [CLIENT]: Todos
[19:06:50] [CONSOLE_OUT]: [STRING] Total todos: 2
[19:06:53] [CLIENT]: Logs
[19:06:53] [CONSOLE_OUT]: [STRING] Sorry, Nathan, but I don't recognize that command. You can make a suggestion by clicking the "Suggestion" button.
[EXTERNAL STOP] Cyder was force closed by an external entity such as an IDE stop or the OS' Task Manager
