[19:02:41] [ENTRY]: [WINUSER=Nathan]
[19:02:41] [SYSTEM_IO]: [GET] [UISCALE] [RETURN VALUE] 1.0
[19:02:41] [SYSTEM_IO]: [GET] [MMAC] [RETURN VALUE] 5c486915459709261d6d9af79dd1be29fea375fe59a8392f64369d2c6da0816e
[19:02:41] [JAVA ARGS]: [LOCATION] [400 S. Monroe St. Tallahassee, FL] //Ron DeSantis is a GOAT
[19:02:41] [SYSTEM_IO]: [GET] [MMAC] [RETURN VALUE] 5c486915459709261d6d9af79dd1be29fea375fe59a8392f64369d2c6da0816e
[19:02:42] [SYSTEM_IO]: [GET] [MMAC] [RETURN VALUE] 5c486915459709261d6d9af79dd1be29fea375fe59a8392f64369d2c6da0816e
[19:02:42] [SYSTEM_IO]: [GET] [AutoCypher] [RETURN VALUE] 1
[19:02:42] [LOGIN]: [AUTOCYPHER ATTEMPT]
[19:02:42] [SYSTEM_IO]: [GET] [CypherHash] [RETURN VALUE] nathan,3789d9735ab15d29a3595ef3f70c377d2d7b4927c222a06d36f0abba335504a2
[19:02:42] [LOGIN]: [AUTOCYPHER PASS]
[19:02:42] [CLIENT_IO]: [GET] [Name] [RETURN VALUE] Nathan
[19:02:43] [CLIENT_IO]: [GET] [RandomBackground] [RETURN VALUE] 0
[19:02:43] [CLIENT_IO]: [GET] [FullScreen] [RETURN VALUE] 0
[19:02:43] [SYSTEM_IO]: [GET] [Version] [RETURN VALUE] Soultree
[19:02:43] [CLIENT_IO]: [GET] [Name] [RETURN VALUE] Nathan
[19:02:43] [SYSTEM_IO]: [GET] [ConsoleResizable] [RETURN VALUE] 1
[19:02:43] [CLIENT_IO]: [GET] [Foreground] [RETURN VALUE] F0F0F0
[19:02:43] [CLIENT_IO]: [GET] [Foreground] [RETURN VALUE] F0F0F0
[19:02:43] [CLIENT_IO]: [GET] [FullScreen] [RETURN VALUE] 0
[19:02:43] [CLIENT_IO]: [GET] [FullScreen] [RETURN VALUE] 0
[19:02:43] [CLIENT_IO]: [GET] [Foreground] [RETURN VALUE] F0F0F0
[19:02:43] [CLIENT_IO]: [GET] [Font] [RETURN VALUE] Agency FB
[19:02:43] [CLIENT_IO]: [GET] [OutputBorder] [RETURN VALUE] 0
[19:02:43] [CLIENT_IO]: [GET] [FullScreen] [RETURN VALUE] 0
[19:02:43] [CLIENT_IO]: [GET] [FullScreen] [RETURN VALUE] 0
[19:02:43] [CLIENT_IO]: [GET] [InputBorder] [RETURN VALUE] 0
[19:02:43] [CLIENT_IO]: [GET] [Foreground] [RETURN VALUE] F0F0F0
[19:02:43] [CLIENT_IO]: [GET] [Foreground] [RETURN VALUE] F0F0F0
[19:02:43] [CLIENT_IO]: [GET] [Foreground] [RETURN VALUE] F0F0F0
[19:02:43] [CLIENT_IO]: [GET] [Font] [RETURN VALUE] Agency FB
[19:02:43] [CLIENT_IO]: [GET] [OutputFill] [RETURN VALUE] 0
[19:02:43] [CLIENT_IO]: [GET] [InputFill] [RETURN VALUE] 0
[19:02:43] [CLIENT_IO]: [GET] [showbusyicon] [RETURN VALUE] 0
[19:02:43] [CLIENT_IO]: [GET] [IntroMusic] [RETURN VALUE] 0
[19:02:43] [CLIENT_IO]: [GET] [DebugWindows] [RETURN VALUE] 0
[19:02:43] [SYSTEM_IO]: [GET] [MMAC] [RETURN VALUE] 5c486915459709261d6d9af79dd1be29fea375fe59a8392f64369d2c6da0816e
[19:02:43] [CLIENT]: test
[19:02:43] [CLIENT_IO]: [GET] [laststart] [RETURN VALUE] 1626825616283
[19:02:43] [CLIENT_IO]: [SET] [KEY] laststart [VALUE] 1626825763796
[19:02:46] [CLIENT_IO]: [GET] [showbusyicon] [RETURN VALUE] 0
[19:02:49] [CLIENT_IO]: [GET] [showbusyicon] [RETURN VALUE] 0
[19:02:52] [CLIENT_IO]: [GET] [showbusyicon] [RETURN VALUE] 0
[19:02:55] [CLIENT]: Mp3
[19:02:55] [ACTION]: AUDIO PLAYER
[19:02:55] [CLIENT_IO]: [GET] [showbusyicon] [RETURN VALUE] 0
[19:02:58] [CLIENT_IO]: [GET] [showbusyicon] [RETURN VALUE] 0
[19:03:01] [CLIENT_IO]: [GET] [showbusyicon] [RETURN VALUE] 0
[19:03:04] [CLIENT_IO]: [GET] [showbusyicon] [RETURN VALUE] 0
[19:03:07] [CLIENT_IO]: [GET] [minimizeonclose] [RETURN VALUE] 0
[19:03:07] [CLIENT_IO]: [GET] [showbusyicon] [RETURN VALUE] 0
[19:03:07] [CLIENT_IO]: [GET] [Name] [RETURN VALUE] Nathan
[19:03:07] [LOGOUT]:  [Nathan]
[19:03:07] [EXIT]: [RUNTIME] 26s
[19:03:07] [EOL]: Log completed, exiting program with code: 25 [Genesis Controlled Exit], exceptions thrown: 0
