[11:33:24] [ENTRY]: [WINUSER=Nathan]
[11:33:24] [SYSTEM_IO]: [GET] [UISCALE] [RETURN VALUE] 1.0
[11:33:24] [SYSTEM_IO]: [GET] [MMAC] [RETURN VALUE] 5c486915459709261d6d9af79dd1be29fea375fe59a8392f64369d2c6da0816e
[11:33:24] [JAVA ARGS]: [LOCATION] [400 S. Monroe St. Tallahassee, FL] //Ron DeSantis is a GOAT
[11:33:24] [SYSTEM_IO]: [GET] [MMAC] [RETURN VALUE] 5c486915459709261d6d9af79dd1be29fea375fe59a8392f64369d2c6da0816e
[11:33:25] [SYSTEM_IO]: [GET] [MMAC] [RETURN VALUE] 5c486915459709261d6d9af79dd1be29fea375fe59a8392f64369d2c6da0816e
[11:33:25] [SYSTEM_IO]: [GET] [AutoCypher] [RETURN VALUE] 1
[11:33:25] [LOGIN]: [AUTOCYPHER ATTEMPT]
[11:33:25] [SYSTEM_IO]: [GET] [CypherHash] [RETURN VALUE] nathan,3789d9735ab15d29a3595ef3f70c377d2d7b4927c222a06d36f0abba335504a2
[11:33:25] [LOGIN]: [AUTOCYPHER PASS]
[11:33:25] [CLIENT_IO]: [GET] [Name] [RETURN VALUE] Nathan
[11:33:25] [CLIENT_IO]: [GET] [RandomBackground] [RETURN VALUE] 0
[11:33:25] [CLIENT_IO]: [GET] [FullScreen] [RETURN VALUE] 0
[11:33:25] [SYSTEM_IO]: [GET] [Version] [RETURN VALUE] Soultree
[11:33:25] [CLIENT_IO]: [GET] [Name] [RETURN VALUE] Nathan
[11:33:25] [SYSTEM_IO]: [GET] [ConsoleResizable] [RETURN VALUE] 1
[11:33:26] [CLIENT_IO]: [GET] [Foreground] [RETURN VALUE] F0F0F0
[11:33:26] [CLIENT_IO]: [GET] [Foreground] [RETURN VALUE] F0F0F0
[11:33:26] [CLIENT_IO]: [GET] [FullScreen] [RETURN VALUE] 0
[11:33:26] [CLIENT_IO]: [GET] [FullScreen] [RETURN VALUE] 0
[11:33:26] [CLIENT_IO]: [GET] [Foreground] [RETURN VALUE] F0F0F0
[11:33:26] [CLIENT_IO]: [GET] [Font] [RETURN VALUE] Agency FB
[11:33:26] [CLIENT_IO]: [GET] [OutputBorder] [RETURN VALUE] 0
[11:33:26] [CLIENT_IO]: [GET] [FullScreen] [RETURN VALUE] 0
[11:33:26] [CLIENT_IO]: [GET] [FullScreen] [RETURN VALUE] 0
[11:33:26] [CLIENT_IO]: [GET] [InputBorder] [RETURN VALUE] 0
[11:33:26] [CLIENT_IO]: [GET] [Foreground] [RETURN VALUE] F0F0F0
[11:33:26] [CLIENT_IO]: [GET] [Foreground] [RETURN VALUE] F0F0F0
[11:33:26] [CLIENT_IO]: [GET] [Foreground] [RETURN VALUE] F0F0F0
[11:33:26] [CLIENT_IO]: [GET] [Font] [RETURN VALUE] Agency FB
[11:33:26] [CLIENT_IO]: [GET] [OutputFill] [RETURN VALUE] 0
[11:33:26] [CLIENT_IO]: [GET] [InputFill] [RETURN VALUE] 0
[11:33:26] [CLIENT_IO]: [GET] [IntroMusic] [RETURN VALUE] 0
[11:33:26] [CLIENT_IO]: [GET] [DebugWindows] [RETURN VALUE] 0
[11:33:26] [SYSTEM_IO]: [GET] [MMAC] [RETURN VALUE] 5c486915459709261d6d9af79dd1be29fea375fe59a8392f64369d2c6da0816e
[11:33:26] [CLIENT]: test
[11:33:26] [CLIENT_IO]: [GET] [laststart] [RETURN VALUE] 1626712346983
[11:33:26] [CLIENT_IO]: [SET] [KEY] laststart [VALUE] 1626712406456
[11:33:26] [ACTION]: [AUDIO] sys/audio/BeetleJuice.mp3
[11:33:26] [CONSOLE_OUT]: [JCOMPONENT] CyderButton object, hash=931449084, text=[Stop Audio]
[11:33:27] [CONSOLE_OUT]: [STRING]
[11:33:27] [CLIENT_IO]: [GET] [typinganimation] [RETURN VALUE] 1
[11:33:28] [SYSTEM_IO]: [GET] [UILOC] [RETURN VALUE] 0
[11:33:28] [ACTION]: CyderButton, text=[Stop Audio] CLICKED
[11:33:33] [CLIENT]: Play vexento oh look aliens
[11:36:17] [ACTION]: CyderButton, text=[Stop Audio] CLICKED
[11:36:18] [ACTION]: CyderButton, text=[Stop Audio] CLICKED
[11:36:18] [ACTION]: CyderButton, text=[Stop Audio] CLICKED
[11:36:19] [CLIENT_IO]: [GET] [minimizeonclose] [RETURN VALUE] 0
[11:36:19] [CLIENT_IO]: [GET] [Name] [RETURN VALUE] Nathan
[11:36:19] [LOGOUT]:  [Nathan]
[11:36:19] [EXIT]: [RUNTIME] 2m 55s
[11:36:19] [EOL]: Log completed, exiting program with code: 25 [Genesis Controlled Exit], exceptions thrown: 0
