[00:55:22] [ENTRY]: [WINUSER=Nathan]
[00:55:23] [JAVA ARGS]: [LOCATION] [400 S. Monroe St. Tallahassee, FL]
[00:55:24] [LOGIN]: [AUTOCYPHER ATTEMPT]
[00:55:24] [LOGIN]: [AUTOCYPHER PASS]
[00:55:25] [CLIENT]: [SIMULATED INPUT] test
[00:55:26] [ACTION]: [Stella Cyder [Nathan]] [NOTIFICATION] What feature would you like to suggest? (Please include as much detail as possible such as how the feature should be triggered and how the program should responded; be detailed)
[00:55:33] [CLIENT]: controlc
[00:55:33] [CONSOLE_OUT]: [STRING] Escaped
[00:55:35] [CLIENT]: controlc
[00:55:36] [CONSOLE_OUT]: [STRING] Escaped
[00:55:36] [CLIENT]: Cls
[00:55:42] [CLIENT]: Longlonglonglonglong word
[00:55:42] [CONSOLE_OUT]: [STRING] Sorry, Nathan, but I don't recognize that command. You can make a suggestion by clicking the "Suggestion" button.
[00:55:42] [ACTION]: [SYSTEM AUDIO] sys/audio/Typing.mp3
[00:55:43] [ACTION]: [SYSTEM AUDIO] sys/audio/Typing.mp3
[00:55:43] [ACTION]: [SYSTEM AUDIO] sys/audio/Typing.mp3
[00:55:43] [ACTION]: [SYSTEM AUDIO] sys/audio/Typing.mp3
[00:55:43] [ACTION]: [SYSTEM AUDIO] sys/audio/Typing.mp3
[00:55:43] [ACTION]: [SYSTEM AUDIO] sys/audio/Typing.mp3
[00:55:43] [ACTION]: [SYSTEM AUDIO] sys/audio/Typing.mp3
[00:55:43] [ACTION]: [SYSTEM AUDIO] sys/audio/Typing.mp3
[00:55:43] [ACTION]: [SYSTEM AUDIO] sys/audio/Typing.mp3
[00:55:43] [ACTION]: [SYSTEM AUDIO] sys/audio/Typing.mp3
[00:55:43] [ACTION]: [SYSTEM AUDIO] sys/audio/Typing.mp3
[00:55:43] [ACTION]: [SYSTEM AUDIO] sys/audio/Typing.mp3
[00:55:43] [ACTION]: [SYSTEM AUDIO] sys/audio/Typing.mp3
[00:55:43] [ACTION]: [SYSTEM AUDIO] sys/audio/Typing.mp3
[00:55:43] [ACTION]: [SYSTEM AUDIO] sys/audio/Typing.mp3
[00:55:43] [ACTION]: [SYSTEM AUDIO] sys/audio/Typing.mp3
[00:55:43] [ACTION]: [SYSTEM AUDIO] sys/audio/Typing.mp3
[00:55:43] [ACTION]: [SYSTEM AUDIO] sys/audio/Typing.mp3
[00:55:43] [ACTION]: [SYSTEM AUDIO] sys/audio/Typing.mp3
[00:55:43] [ACTION]: [SYSTEM AUDIO] sys/audio/Typing.mp3
[00:55:43] [ACTION]: [SYSTEM AUDIO] sys/audio/Typing.mp3
[00:55:43] [ACTION]: [SYSTEM AUDIO] sys/audio/Typing.mp3
[00:55:43] [ACTION]: [SYSTEM AUDIO] sys/audio/Typing.mp3
[00:55:43] [ACTION]: [SYSTEM AUDIO] sys/audio/Typing.mp3
[00:55:43] [ACTION]: [SYSTEM AUDIO] sys/audio/Typing.mp3
[00:55:43] [ACTION]: [SYSTEM AUDIO] sys/audio/Typing.mp3
[00:55:43] [ACTION]: [SYSTEM AUDIO] sys/audio/Typing.mp3
[00:55:43] [ACTION]: [SYSTEM AUDIO] sys/audio/Typing.mp3
[00:55:43] [ACTION]: [SYSTEM AUDIO] sys/audio/Typing.mp3
[00:55:43] [ACTION]: [SYSTEM AUDIO] sys/audio/Typing.mp3
[00:55:43] [ACTION]: [SYSTEM AUDIO] sys/audio/Typing.mp3
[00:55:43] [ACTION]: [SYSTEM AUDIO] sys/audio/Typing.mp3
[00:55:43] [ACTION]: [SYSTEM AUDIO] sys/audio/Typing.mp3
[00:55:44] [ACTION]: [SYSTEM AUDIO] sys/audio/Typing.mp3
[00:55:44] [ACTION]: [SYSTEM AUDIO] sys/audio/Typing.mp3
[00:55:44] [ACTION]: [SYSTEM AUDIO] sys/audio/Typing.mp3
[00:55:44] [ACTION]: [SYSTEM AUDIO] sys/audio/Typing.mp3
[00:55:44] [ACTION]: [SYSTEM AUDIO] sys/audio/Typing.mp3
[00:55:44] [ACTION]: [SYSTEM AUDIO] sys/audio/Typing.mp3
[00:55:44] [ACTION]: [SYSTEM AUDIO] sys/audio/Typing.mp3
[00:55:44] [ACTION]: [SYSTEM AUDIO] sys/audio/Typing.mp3
[00:55:44] [ACTION]: [SYSTEM AUDIO] sys/audio/Typing.mp3
[00:55:44] [ACTION]: [SYSTEM AUDIO] sys/audio/Typing.mp3
[00:55:44] [ACTION]: [SYSTEM AUDIO] sys/audio/Typing.mp3
[00:55:44] [ACTION]: [SYSTEM AUDIO] sys/audio/Typing.mp3
[00:55:44] [ACTION]: [SYSTEM AUDIO] sys/audio/Typing.mp3
[00:55:44] [ACTION]: [SYSTEM AUDIO] sys/audio/Typing.mp3
[00:55:44] [ACTION]: [SYSTEM AUDIO] sys/audio/Typing.mp3
[00:55:44] [ACTION]: [SYSTEM AUDIO] sys/audio/Typing.mp3
[00:55:44] [ACTION]: [SYSTEM AUDIO] sys/audio/Typing.mp3
[00:55:44] [ACTION]: [SYSTEM AUDIO] sys/audio/Typing.mp3
[00:55:44] [ACTION]: [SYSTEM AUDIO] sys/audio/Typing.mp3
[00:55:44] [ACTION]: [SYSTEM AUDIO] sys/audio/Typing.mp3
[00:55:44] [ACTION]: [SYSTEM AUDIO] sys/audio/Typing.mp3
[00:55:44] [ACTION]: [SYSTEM AUDIO] sys/audio/Typing.mp3
[00:55:44] [ACTION]: [SYSTEM AUDIO] sys/audio/Typing.mp3
[00:55:44] [ACTION]: [SYSTEM AUDIO] sys/audio/Typing.mp3
[00:55:44] [ACTION]: [SYSTEM AUDIO] sys/audio/Typing.mp3
[00:55:44] [ACTION]: [SYSTEM AUDIO] sys/audio/Typing.mp3
[00:55:44] [ACTION]: [SYSTEM AUDIO] sys/audio/Typing.mp3
[00:55:44] [ACTION]: [SYSTEM AUDIO] sys/audio/Typing.mp3
[00:55:44] [ACTION]: [SYSTEM AUDIO] sys/audio/Typing.mp3
[00:55:44] [ACTION]: [SYSTEM AUDIO] sys/audio/Typing.mp3
[00:55:44] [ACTION]: [SYSTEM AUDIO] sys/audio/Typing.mp3
[00:55:44] [ACTION]: [SYSTEM AUDIO] sys/audio/Typing.mp3
[00:55:45] [ACTION]: [SYSTEM AUDIO] sys/audio/Typing.mp3
[00:55:45] [ACTION]: [SYSTEM AUDIO] sys/audio/Typing.mp3
[00:55:45] [ACTION]: [SYSTEM AUDIO] sys/audio/Typing.mp3
[00:55:45] [ACTION]: [SYSTEM AUDIO] sys/audio/Typing.mp3
[00:55:45] [ACTION]: [SYSTEM AUDIO] sys/audio/Typing.mp3
[00:55:45] [ACTION]: [SYSTEM AUDIO] sys/audio/Typing.mp3
[00:55:45] [ACTION]: [SYSTEM AUDIO] sys/audio/Typing.mp3
[00:55:45] [ACTION]: [SYSTEM AUDIO] sys/audio/Typing.mp3
[00:55:45] [ACTION]: [SYSTEM AUDIO] sys/audio/Typing.mp3
[00:55:45] [ACTION]: [SYSTEM AUDIO] sys/audio/Typing.mp3
[00:55:45] [ACTION]: [SYSTEM AUDIO] sys/audio/Typing.mp3
[00:55:45] [ACTION]: [SYSTEM AUDIO] sys/audio/Typing.mp3
[00:55:45] [ACTION]: [SYSTEM AUDIO] sys/audio/Typing.mp3
[00:55:45] [ACTION]: [SYSTEM AUDIO] sys/audio/Typing.mp3
[00:55:45] [ACTION]: [SYSTEM AUDIO] sys/audio/Typing.mp3
[00:55:45] [ACTION]: [SYSTEM AUDIO] sys/audio/Typing.mp3
[00:55:45] [ACTION]: [SYSTEM AUDIO] sys/audio/Typing.mp3
[00:55:45] [ACTION]: [SYSTEM AUDIO] sys/audio/Typing.mp3
[00:55:45] [ACTION]: [SYSTEM AUDIO] sys/audio/Typing.mp3
[00:55:45] [ACTION]: [SYSTEM AUDIO] sys/audio/Typing.mp3
[00:55:45] [ACTION]: [SYSTEM AUDIO] sys/audio/Typing.mp3
[00:55:45] [ACTION]: [SYSTEM AUDIO] sys/audio/Typing.mp3
[00:55:45] [ACTION]: [SYSTEM AUDIO] sys/audio/Typing.mp3
[00:55:45] [ACTION]: [SYSTEM AUDIO] sys/audio/Typing.mp3
[00:55:45] [ACTION]: [SYSTEM AUDIO] sys/audio/Typing.mp3
[00:55:45] [ACTION]: [SYSTEM AUDIO] sys/audio/Typing.mp3
[00:55:45] [ACTION]: [SYSTEM AUDIO] sys/audio/Typing.mp3
[00:55:45] [ACTION]: [SYSTEM AUDIO] sys/audio/Typing.mp3
[00:55:45] [ACTION]: [SYSTEM AUDIO] sys/audio/Typing.mp3
[00:55:45] [ACTION]: [SYSTEM AUDIO] sys/audio/Typing.mp3
[00:55:45] [ACTION]: [SYSTEM AUDIO] sys/audio/Typing.mp3
[00:55:45] [ACTION]: [SYSTEM AUDIO] sys/audio/Typing.mp3
[00:55:46] [ACTION]: [SYSTEM AUDIO] sys/audio/Typing.mp3
[00:55:46] [ACTION]: [SYSTEM AUDIO] sys/audio/Typing.mp3
[00:55:46] [ACTION]: [SYSTEM AUDIO] sys/audio/Typing.mp3
[00:55:46] [ACTION]: [SYSTEM AUDIO] sys/audio/Typing.mp3
[00:55:46] [ACTION]: [SYSTEM AUDIO] sys/audio/Typing.mp3
[00:55:46] [ACTION]: [SYSTEM AUDIO] sys/audio/Typing.mp3
[00:55:46] [ACTION]: [SYSTEM AUDIO] sys/audio/Typing.mp3
[00:55:46] [ACTION]: [SYSTEM AUDIO] sys/audio/Typing.mp3
[00:55:46] [ACTION]: [SYSTEM AUDIO] sys/audio/Typing.mp3
[00:55:46] [ACTION]: [SYSTEM AUDIO] sys/audio/Typing.mp3
[00:55:46] [ACTION]: [SYSTEM AUDIO] sys/audio/Typing.mp3
[00:55:46] [ACTION]: [SYSTEM AUDIO] sys/audio/Typing.mp3
[00:55:46] [ACTION]: [SYSTEM AUDIO] sys/audio/Typing.mp3
[00:55:46] [ACTION]: [SYSTEM AUDIO] sys/audio/Typing.mp3
[00:55:46] [ACTION]: [SYSTEM AUDIO] sys/audio/Typing.mp3
[00:55:46] [ACTION]: [SYSTEM AUDIO] sys/audio/Typing.mp3
[00:55:46] [ACTION]: [SYSTEM AUDIO] sys/audio/Typing.mp3
[00:55:46] [CLIENT]: controlc
[00:55:46] [CONSOLE_OUT]: [STRING] Escaped
[00:55:47] [CLIENT]: Long long long long long word
[00:55:47] [CONSOLE_OUT]: [STRING] pneumonoultramicroscopicsilicovolcanoconiosis
[00:55:47] [ACTION]: [SYSTEM AUDIO] sys/audio/Typing.mp3
[00:55:47] [ACTION]: [SYSTEM AUDIO] sys/audio/Typing.mp3
[00:55:47] [ACTION]: [SYSTEM AUDIO] sys/audio/Typing.mp3
[00:55:47] [ACTION]: [SYSTEM AUDIO] sys/audio/Typing.mp3
[00:55:47] [ACTION]: [SYSTEM AUDIO] sys/audio/Typing.mp3
[00:55:47] [ACTION]: [SYSTEM AUDIO] sys/audio/Typing.mp3
[00:55:47] [ACTION]: [SYSTEM AUDIO] sys/audio/Typing.mp3
[00:55:47] [ACTION]: [SYSTEM AUDIO] sys/audio/Typing.mp3
[00:55:47] [ACTION]: [SYSTEM AUDIO] sys/audio/Typing.mp3
[00:55:48] [ACTION]: [SYSTEM AUDIO] sys/audio/Typing.mp3
[00:55:48] [ACTION]: [SYSTEM AUDIO] sys/audio/Typing.mp3
[00:55:48] [ACTION]: [SYSTEM AUDIO] sys/audio/Typing.mp3
[00:55:48] [ACTION]: [SYSTEM AUDIO] sys/audio/Typing.mp3
[00:55:48] [ACTION]: [SYSTEM AUDIO] sys/audio/Typing.mp3
[00:55:48] [ACTION]: [SYSTEM AUDIO] sys/audio/Typing.mp3
[00:55:48] [ACTION]: [SYSTEM AUDIO] sys/audio/Typing.mp3
[00:55:48] [ACTION]: [SYSTEM AUDIO] sys/audio/Typing.mp3
[00:55:48] [ACTION]: [SYSTEM AUDIO] sys/audio/Typing.mp3
[00:55:48] [ACTION]: [SYSTEM AUDIO] sys/audio/Typing.mp3
[00:55:48] [ACTION]: [SYSTEM AUDIO] sys/audio/Typing.mp3
[00:55:48] [ACTION]: [SYSTEM AUDIO] sys/audio/Typing.mp3
[00:55:48] [ACTION]: [SYSTEM AUDIO] sys/audio/Typing.mp3
[00:55:48] [ACTION]: [SYSTEM AUDIO] sys/audio/Typing.mp3
[00:55:48] [ACTION]: [SYSTEM AUDIO] sys/audio/Typing.mp3
[00:55:48] [ACTION]: [SYSTEM AUDIO] sys/audio/Typing.mp3
[00:55:48] [ACTION]: [SYSTEM AUDIO] sys/audio/Typing.mp3
[00:55:48] [ACTION]: [SYSTEM AUDIO] sys/audio/Typing.mp3
[00:55:48] [ACTION]: [SYSTEM AUDIO] sys/audio/Typing.mp3
[00:55:48] [ACTION]: [SYSTEM AUDIO] sys/audio/Typing.mp3
[00:55:48] [ACTION]: [SYSTEM AUDIO] sys/audio/Typing.mp3
[00:55:48] [ACTION]: [SYSTEM AUDIO] sys/audio/Typing.mp3
[00:55:48] [ACTION]: [SYSTEM AUDIO] sys/audio/Typing.mp3
[00:55:48] [ACTION]: [SYSTEM AUDIO] sys/audio/Typing.mp3
[00:55:48] [ACTION]: [SYSTEM AUDIO] sys/audio/Typing.mp3
[00:55:48] [ACTION]: [SYSTEM AUDIO] sys/audio/Typing.mp3
[00:55:48] [ACTION]: [SYSTEM AUDIO] sys/audio/Typing.mp3
[00:55:48] [ACTION]: [SYSTEM AUDIO] sys/audio/Typing.mp3
[00:55:48] [ACTION]: [SYSTEM AUDIO] sys/audio/Typing.mp3
[00:55:48] [ACTION]: [SYSTEM AUDIO] sys/audio/Typing.mp3
[00:55:48] [ACTION]: [SYSTEM AUDIO] sys/audio/Typing.mp3
[00:55:48] [ACTION]: [SYSTEM AUDIO] sys/audio/Typing.mp3
[00:55:49] [ACTION]: [SYSTEM AUDIO] sys/audio/Typing.mp3
[00:55:49] [ACTION]: [SYSTEM AUDIO] sys/audio/Typing.mp3
[00:55:49] [ACTION]: [SYSTEM AUDIO] sys/audio/Typing.mp3
[00:55:49] [ACTION]: [SYSTEM AUDIO] sys/audio/Typing.mp3
[00:55:49] [CONSOLE_OUT]: [STRING] pneumonoultramicroscopicsilicovolcanoconiosis
[00:55:49] [ACTION]: [SYSTEM AUDIO] sys/audio/Typing.mp3
[00:55:49] [ACTION]: [SYSTEM AUDIO] sys/audio/Typing.mp3
[00:55:49] [ACTION]: [SYSTEM AUDIO] sys/audio/Typing.mp3
[00:55:49] [ACTION]: [SYSTEM AUDIO] sys/audio/Typing.mp3
[00:55:49] [ACTION]: [SYSTEM AUDIO] sys/audio/Typing.mp3
[00:55:49] [ACTION]: [SYSTEM AUDIO] sys/audio/Typing.mp3
[00:55:49] [ACTION]: [SYSTEM AUDIO] sys/audio/Typing.mp3
[00:55:49] [ACTION]: [SYSTEM AUDIO] sys/audio/Typing.mp3
[00:55:49] [ACTION]: [SYSTEM AUDIO] sys/audio/Typing.mp3
[00:55:49] [ACTION]: [SYSTEM AUDIO] sys/audio/Typing.mp3
[00:55:49] [ACTION]: [SYSTEM AUDIO] sys/audio/Typing.mp3
[00:55:49] [ACTION]: [SYSTEM AUDIO] sys/audio/Typing.mp3
[00:55:49] [ACTION]: [SYSTEM AUDIO] sys/audio/Typing.mp3
[00:55:49] [ACTION]: [SYSTEM AUDIO] sys/audio/Typing.mp3
[00:55:49] [ACTION]: [SYSTEM AUDIO] sys/audio/Typing.mp3
[00:55:49] [ACTION]: [SYSTEM AUDIO] sys/audio/Typing.mp3
[00:55:49] [ACTION]: [SYSTEM AUDIO] sys/audio/Typing.mp3
[00:55:49] [ACTION]: [SYSTEM AUDIO] sys/audio/Typing.mp3
[00:55:49] [ACTION]: [SYSTEM AUDIO] sys/audio/Typing.mp3
[00:55:49] [ACTION]: [SYSTEM AUDIO] sys/audio/Typing.mp3
[00:55:49] [ACTION]: [SYSTEM AUDIO] sys/audio/Typing.mp3
[00:55:49] [ACTION]: [SYSTEM AUDIO] sys/audio/Typing.mp3
[00:55:50] [ACTION]: [SYSTEM AUDIO] sys/audio/Typing.mp3
[00:55:50] [ACTION]: [SYSTEM AUDIO] sys/audio/Typing.mp3
[00:55:50] [ACTION]: [SYSTEM AUDIO] sys/audio/Typing.mp3
[00:55:50] [ACTION]: [SYSTEM AUDIO] sys/audio/Typing.mp3
[00:55:50] [ACTION]: [SYSTEM AUDIO] sys/audio/Typing.mp3
[00:55:50] [ACTION]: [SYSTEM AUDIO] sys/audio/Typing.mp3
[00:55:50] [ACTION]: [SYSTEM AUDIO] sys/audio/Typing.mp3
[00:55:50] [ACTION]: [SYSTEM AUDIO] sys/audio/Typing.mp3
[00:55:50] [ACTION]: [SYSTEM AUDIO] sys/audio/Typing.mp3
[00:55:50] [ACTION]: [SYSTEM AUDIO] sys/audio/Typing.mp3
[00:55:50] [ACTION]: [SYSTEM AUDIO] sys/audio/Typing.mp3
[00:55:50] [ACTION]: [SYSTEM AUDIO] sys/audio/Typing.mp3
[00:55:50] [ACTION]: [SYSTEM AUDIO] sys/audio/Typing.mp3
[00:55:50] [ACTION]: [SYSTEM AUDIO] sys/audio/Typing.mp3
[00:55:50] [ACTION]: [SYSTEM AUDIO] sys/audio/Typing.mp3
[00:55:50] [ACTION]: [SYSTEM AUDIO] sys/audio/Typing.mp3
[00:55:50] [ACTION]: [SYSTEM AUDIO] sys/audio/Typing.mp3
[00:55:50] [ACTION]: [SYSTEM AUDIO] sys/audio/Typing.mp3
[00:55:50] [ACTION]: [SYSTEM AUDIO] sys/audio/Typing.mp3
[00:55:50] [ACTION]: [SYSTEM AUDIO] sys/audio/Typing.mp3
[00:55:50] [ACTION]: [SYSTEM AUDIO] sys/audio/Typing.mp3
[00:55:50] [ACTION]: [SYSTEM AUDIO] sys/audio/Typing.mp3
[00:55:50] [ACTION]: [SYSTEM AUDIO] sys/audio/Typing.mp3
[00:55:50] [CONSOLE_OUT]: [STRING] pneumonoultramicroscopicsilicovolcanoconiosis
[00:55:50] [ACTION]: [SYSTEM AUDIO] sys/audio/Typing.mp3
[00:55:50] [ACTION]: [SYSTEM AUDIO] sys/audio/Typing.mp3
[00:55:50] [ACTION]: [SYSTEM AUDIO] sys/audio/Typing.mp3
[00:55:51] [ACTION]: [SYSTEM AUDIO] sys/audio/Typing.mp3
[00:55:51] [ACTION]: [SYSTEM AUDIO] sys/audio/Typing.mp3
[00:55:51] [ACTION]: [SYSTEM AUDIO] sys/audio/Typing.mp3
[00:55:51] [ACTION]: [SYSTEM AUDIO] sys/audio/Typing.mp3
[00:55:51] [ACTION]: [SYSTEM AUDIO] sys/audio/Typing.mp3
[00:55:51] [ACTION]: [SYSTEM AUDIO] sys/audio/Typing.mp3
[00:55:51] [ACTION]: [SYSTEM AUDIO] sys/audio/Typing.mp3
[00:55:51] [ACTION]: [SYSTEM AUDIO] sys/audio/Typing.mp3
[00:55:51] [ACTION]: [SYSTEM AUDIO] sys/audio/Typing.mp3
[00:55:51] [ACTION]: [SYSTEM AUDIO] sys/audio/Typing.mp3
[00:55:51] [ACTION]: [SYSTEM AUDIO] sys/audio/Typing.mp3
[00:55:51] [ACTION]: [SYSTEM AUDIO] sys/audio/Typing.mp3
[00:55:51] [ACTION]: [SYSTEM AUDIO] sys/audio/Typing.mp3
[00:55:51] [ACTION]: [SYSTEM AUDIO] sys/audio/Typing.mp3
[00:55:51] [ACTION]: [SYSTEM AUDIO] sys/audio/Typing.mp3
[00:55:51] [ACTION]: [SYSTEM AUDIO] sys/audio/Typing.mp3
[00:55:51] [ACTION]: [SYSTEM AUDIO] sys/audio/Typing.mp3
[00:55:51] [ACTION]: [SYSTEM AUDIO] sys/audio/Typing.mp3
[00:55:51] [ACTION]: [SYSTEM AUDIO] sys/audio/Typing.mp3
[00:55:51] [ACTION]: [SYSTEM AUDIO] sys/audio/Typing.mp3
[00:55:51] [ACTION]: [SYSTEM AUDIO] sys/audio/Typing.mp3
[00:55:51] [ACTION]: [SYSTEM AUDIO] sys/audio/Typing.mp3
[00:55:51] [ACTION]: [SYSTEM AUDIO] sys/audio/Typing.mp3
[00:55:51] [ACTION]: [SYSTEM AUDIO] sys/audio/Typing.mp3
[00:55:51] [ACTION]: [SYSTEM AUDIO] sys/audio/Typing.mp3
[00:55:51] [ACTION]: [SYSTEM AUDIO] sys/audio/Typing.mp3
[00:55:51] [ACTION]: [SYSTEM AUDIO] sys/audio/Typing.mp3
[00:55:51] [ACTION]: [SYSTEM AUDIO] sys/audio/Typing.mp3
[00:55:51] [ACTION]: [SYSTEM AUDIO] sys/audio/Typing.mp3
[00:55:51] [ACTION]: [SYSTEM AUDIO] sys/audio/Typing.mp3
[00:55:51] [ACTION]: [SYSTEM AUDIO] sys/audio/Typing.mp3
[00:55:51] [ACTION]: [SYSTEM AUDIO] sys/audio/Typing.mp3
[00:55:52] [ACTION]: [SYSTEM AUDIO] sys/audio/Typing.mp3
[00:55:52] [ACTION]: [SYSTEM AUDIO] sys/audio/Typing.mp3
[00:55:52] [ACTION]: [SYSTEM AUDIO] sys/audio/Typing.mp3
[00:55:52] [ACTION]: [SYSTEM AUDIO] sys/audio/Typing.mp3
[00:55:52] [ACTION]: [SYSTEM AUDIO] sys/audio/Typing.mp3
[00:55:52] [ACTION]: [SYSTEM AUDIO] sys/audio/Typing.mp3
[00:55:52] [ACTION]: [SYSTEM AUDIO] sys/audio/Typing.mp3
[00:55:52] [ACTION]: [SYSTEM AUDIO] sys/audio/Typing.mp3
[00:55:52] [ACTION]: [SYSTEM AUDIO] sys/audio/Typing.mp3
[00:55:52] [ACTION]: [SYSTEM AUDIO] sys/audio/Typing.mp3
[00:55:52] [CONSOLE_OUT]: [STRING] pneumonoultramicroscopicsilicovolcanoconiosis
[00:55:52] [ACTION]: [SYSTEM AUDIO] sys/audio/Typing.mp3
[00:55:52] [ACTION]: [SYSTEM AUDIO] sys/audio/Typing.mp3
[00:55:52] [ACTION]: [SYSTEM AUDIO] sys/audio/Typing.mp3
[00:55:52] [ACTION]: [SYSTEM AUDIO] sys/audio/Typing.mp3
[00:55:52] [ACTION]: [SYSTEM AUDIO] sys/audio/Typing.mp3
[00:55:52] [ACTION]: [SYSTEM AUDIO] sys/audio/Typing.mp3
[00:55:52] [ACTION]: [SYSTEM AUDIO] sys/audio/Typing.mp3
[00:55:52] [ACTION]: [SYSTEM AUDIO] sys/audio/Typing.mp3
[00:55:52] [ACTION]: [SYSTEM AUDIO] sys/audio/Typing.mp3
[00:55:52] [ACTION]: [SYSTEM AUDIO] sys/audio/Typing.mp3
[00:55:52] [ACTION]: [SYSTEM AUDIO] sys/audio/Typing.mp3
[00:55:52] [ACTION]: [SYSTEM AUDIO] sys/audio/Typing.mp3
[00:55:52] [ACTION]: [SYSTEM AUDIO] sys/audio/Typing.mp3
[00:55:52] [ACTION]: [SYSTEM AUDIO] sys/audio/Typing.mp3
[00:55:52] [ACTION]: [SYSTEM AUDIO] sys/audio/Typing.mp3
[00:55:52] [ACTION]: [SYSTEM AUDIO] sys/audio/Typing.mp3
[00:55:53] [ACTION]: [SYSTEM AUDIO] sys/audio/Typing.mp3
[00:55:53] [ACTION]: [SYSTEM AUDIO] sys/audio/Typing.mp3
[00:55:53] [ACTION]: [SYSTEM AUDIO] sys/audio/Typing.mp3
[00:55:53] [ACTION]: [SYSTEM AUDIO] sys/audio/Typing.mp3
[00:55:53] [ACTION]: [SYSTEM AUDIO] sys/audio/Typing.mp3
[00:55:53] [ACTION]: [SYSTEM AUDIO] sys/audio/Typing.mp3
[00:55:53] [ACTION]: [SYSTEM AUDIO] sys/audio/Typing.mp3
[00:55:53] [ACTION]: [SYSTEM AUDIO] sys/audio/Typing.mp3
[00:55:53] [ACTION]: [SYSTEM AUDIO] sys/audio/Typing.mp3
[00:55:53] [ACTION]: [SYSTEM AUDIO] sys/audio/Typing.mp3
[00:55:53] [ACTION]: [SYSTEM AUDIO] sys/audio/Typing.mp3
[00:55:53] [ACTION]: [SYSTEM AUDIO] sys/audio/Typing.mp3
[00:55:53] [ACTION]: [SYSTEM AUDIO] sys/audio/Typing.mp3
[00:55:53] [ACTION]: [SYSTEM AUDIO] sys/audio/Typing.mp3
[00:55:53] [ACTION]: [SYSTEM AUDIO] sys/audio/Typing.mp3
[00:55:53] [ACTION]: [SYSTEM AUDIO] sys/audio/Typing.mp3
[00:55:53] [ACTION]: [SYSTEM AUDIO] sys/audio/Typing.mp3
[00:55:53] [ACTION]: [SYSTEM AUDIO] sys/audio/Typing.mp3
[00:55:53] [ACTION]: [SYSTEM AUDIO] sys/audio/Typing.mp3
[00:55:53] [ACTION]: [SYSTEM AUDIO] sys/audio/Typing.mp3
[00:55:53] [ACTION]: [SYSTEM AUDIO] sys/audio/Typing.mp3
[00:55:53] [ACTION]: [SYSTEM AUDIO] sys/audio/Typing.mp3
[00:55:53] [ACTION]: [SYSTEM AUDIO] sys/audio/Typing.mp3
[00:55:53] [ACTION]: [SYSTEM AUDIO] sys/audio/Typing.mp3
[00:55:53] [ACTION]: [SYSTEM AUDIO] sys/audio/Typing.mp3
[00:55:53] [ACTION]: [SYSTEM AUDIO] sys/audio/Typing.mp3
[00:55:53] [ACTION]: [SYSTEM AUDIO] sys/audio/Typing.mp3
[00:55:53] [ACTION]: [SYSTEM AUDIO] sys/audio/Typing.mp3
[00:55:53] [ACTION]: [SYSTEM AUDIO] sys/audio/Typing.mp3
[00:55:54] [CONSOLE_OUT]: [STRING] pneumonoultramicroscopicsilicovolcanoconiosis
[00:55:54] [ACTION]: [SYSTEM AUDIO] sys/audio/Typing.mp3
[00:55:54] [ACTION]: [SYSTEM AUDIO] sys/audio/Typing.mp3
[00:55:54] [ACTION]: [SYSTEM AUDIO] sys/audio/Typing.mp3
[00:55:54] [ACTION]: [SYSTEM AUDIO] sys/audio/Typing.mp3
[00:55:54] [ACTION]: [SYSTEM AUDIO] sys/audio/Typing.mp3
[00:55:54] [ACTION]: [SYSTEM AUDIO] sys/audio/Typing.mp3
[00:55:54] [ACTION]: [SYSTEM AUDIO] sys/audio/Typing.mp3
[00:55:54] [ACTION]: [SYSTEM AUDIO] sys/audio/Typing.mp3
[00:55:54] [ACTION]: [SYSTEM AUDIO] sys/audio/Typing.mp3
[00:55:54] [ACTION]: [SYSTEM AUDIO] sys/audio/Typing.mp3
[00:55:54] [ACTION]: [SYSTEM AUDIO] sys/audio/Typing.mp3
[00:55:54] [ACTION]: [SYSTEM AUDIO] sys/audio/Typing.mp3
[00:55:54] [ACTION]: [SYSTEM AUDIO] sys/audio/Typing.mp3
[00:55:54] [ACTION]: [SYSTEM AUDIO] sys/audio/Typing.mp3
[00:55:54] [ACTION]: [SYSTEM AUDIO] sys/audio/Typing.mp3
[00:55:54] [ACTION]: [SYSTEM AUDIO] sys/audio/Typing.mp3
[00:55:54] [ACTION]: [SYSTEM AUDIO] sys/audio/Typing.mp3
[00:55:54] [ACTION]: [SYSTEM AUDIO] sys/audio/Typing.mp3
[00:55:54] [ACTION]: [SYSTEM AUDIO] sys/audio/Typing.mp3
[00:55:54] [ACTION]: [SYSTEM AUDIO] sys/audio/Typing.mp3
[00:55:54] [ACTION]: [SYSTEM AUDIO] sys/audio/Typing.mp3
[00:55:54] [ACTION]: [SYSTEM AUDIO] sys/audio/Typing.mp3
[00:55:54] [ACTION]: [SYSTEM AUDIO] sys/audio/Typing.mp3
[00:55:54] [ACTION]: [SYSTEM AUDIO] sys/audio/Typing.mp3
[00:55:54] [ACTION]: [SYSTEM AUDIO] sys/audio/Typing.mp3
[00:55:54] [ACTION]: [SYSTEM AUDIO] sys/audio/Typing.mp3
[00:55:54] [ACTION]: [SYSTEM AUDIO] sys/audio/Typing.mp3
[00:55:54] [ACTION]: [SYSTEM AUDIO] sys/audio/Typing.mp3
[00:55:54] [ACTION]: [SYSTEM AUDIO] sys/audio/Typing.mp3
[00:55:55] [ACTION]: [SYSTEM AUDIO] sys/audio/Typing.mp3
[00:55:55] [ACTION]: [SYSTEM AUDIO] sys/audio/Typing.mp3
[00:55:55] [ACTION]: [SYSTEM AUDIO] sys/audio/Typing.mp3
[00:55:55] [ACTION]: [SYSTEM AUDIO] sys/audio/Typing.mp3
[00:55:55] [ACTION]: [SYSTEM AUDIO] sys/audio/Typing.mp3
[00:55:55] [ACTION]: [SYSTEM AUDIO] sys/audio/Typing.mp3
[00:55:55] [ACTION]: [SYSTEM AUDIO] sys/audio/Typing.mp3
[00:55:55] [ACTION]: [SYSTEM AUDIO] sys/audio/Typing.mp3
[00:55:55] [ACTION]: [SYSTEM AUDIO] sys/audio/Typing.mp3
[00:55:55] [ACTION]: [SYSTEM AUDIO] sys/audio/Typing.mp3
[00:55:55] [ACTION]: [SYSTEM AUDIO] sys/audio/Typing.mp3
[00:55:55] [ACTION]: [SYSTEM AUDIO] sys/audio/Typing.mp3
[00:55:55] [ACTION]: [SYSTEM AUDIO] sys/audio/Typing.mp3
[00:55:55] [ACTION]: [SYSTEM AUDIO] sys/audio/Typing.mp3
[00:55:55] [ACTION]: [SYSTEM AUDIO] sys/audio/Typing.mp3
[00:55:55] [ACTION]: [SYSTEM AUDIO] sys/audio/Typing.mp3
[00:55:55] [CONSOLE_OUT]: [STRING]
[00:55:55] [ACTION]: [SYSTEM AUDIO] sys/audio/Typing.mp3
[00:56:08] [ACTION]: [Starkville's weather] [NOTIFICATION] Refreshed
[00:56:12] [LOGOUT]:  [Nathan]
[00:56:12] [EXIT]: [RUNTIME] 50s
[00:56:12] [EOL]: Log completed, exiting program with code: 25 [Genesis Controlled Exit], exceptions thrown: 0
