[13:44:47] [ENTRY]: [WINUSER=Nathan]
[13:44:47] [SYSTEM_IO]: [GET] [UISCALE] [RETURN VALUE] 1.0
[13:44:48] [SYSTEM_IO]: [GET] [MMAC] [RETURN VALUE] 5c486915459709261d6d9af79dd1be29fea375fe59a8392f64369d2c6da0816e
[13:44:48] [JAVA ARGS]: [LOCATION] [400 S. Monroe St. Tallahassee, FL]
[13:44:48] [SYSTEM_IO]: [GET] [MMAC] [RETURN VALUE] 5c486915459709261d6d9af79dd1be29fea375fe59a8392f64369d2c6da0816e
[13:44:48] [SYSTEM_IO]: [GET] [MMAC] [RETURN VALUE] 5c486915459709261d6d9af79dd1be29fea375fe59a8392f64369d2c6da0816e
[13:44:48] [SYSTEM_IO]: [GET] [AutoCypher] [RETURN VALUE] 1
[13:44:48] [LOGIN]: [AUTOCYPHER ATTEMPT]
[13:44:48] [SYSTEM_IO]: [GET] [CypherHash] [RETURN VALUE] nathan,3789d9735ab15d29a3595ef3f70c377d2d7b4927c222a06d36f0abba335504a2
[13:44:48] [LOGIN]: [AUTOCYPHER PASS]
[13:44:49] [SYSTEM_IO]: [GET] [Version] [RETURN VALUE] Soultree
[13:44:49] [SYSTEM_IO]: [GET] [ConsoleResizable] [RETURN VALUE] 1
[13:44:49] [SYSTEM_IO]: [GET] [MMAC] [RETURN VALUE] 5c486915459709261d6d9af79dd1be29fea375fe59a8392f64369d2c6da0816e
[13:44:49] [CLIENT]: test
[13:44:51] [CLIENT]: Weather
[13:44:51] [SYSTEM_IO]: [GET] [IP] [RETURN VALUE] 8eac4e7ab34eb235c4a888bfdbedc8bb8093ec1490790d139cf58932
[13:44:51] [ACTION]: WEATHER
[13:44:52] [SYSTEM_IO]: [GET] [IP] [RETURN VALUE] 8eac4e7ab34eb235c4a888bfdbedc8bb8093ec1490790d139cf58932
[13:44:52] [SYSTEM_IO]: [GET] [IP] [RETURN VALUE] 8eac4e7ab34eb235c4a888bfdbedc8bb8093ec1490790d139cf58932
[13:44:52] [SYSTEM_IO]: [GET] [Weather] [RETURN VALUE] 2d790dd0766f1da62af488f101380c75
[13:44:52] [ACTION]: [Weather] [NOTIFICATION] Refreshed
[13:45:16] [LOGOUT]:  [Nathan]
[13:45:16] [EXIT]: [RUNTIME] 29s
[13:45:16] [EOL]: Log completed, exiting program with code: 25 [Genesis Controlled Exit], exceptions thrown: 0
