[22:03:17] [ENTRY]: [WINUSER=Nathan]
[22:03:18] [SYSTEM_IO]: [GET] [UISCALE] [RETURN VALUE] 1.0
[22:03:18] [SYSTEM_IO]: [GET] [MMAC] [RETURN VALUE] 5c486915459709261d6d9af79dd1be29fea375fe59a8392f64369d2c6da0816e
[22:03:18] [JAVA ARGS]: [LOCATION] [400 S. Monroe St. Tallahassee, FL] //Ron DeSantis is a GOAT
[22:03:18] [SYSTEM_IO]: [GET] [MMAC] [RETURN VALUE] 5c486915459709261d6d9af79dd1be29fea375fe59a8392f64369d2c6da0816e
[22:03:18] [SYSTEM_IO]: [GET] [MMAC] [RETURN VALUE] 5c486915459709261d6d9af79dd1be29fea375fe59a8392f64369d2c6da0816e
[22:03:18] [LOGIN]: [AUTOCYPHER ATTEMPT]
[22:03:18] [LOGIN]: [AUTOCYPHER PASS]
[22:03:19] [CLIENT_IO]: [GET] [Name] [RETURN VALUE] Nathan
[22:03:19] [CLIENT_IO]: [GET] [RandomBackground] [RETURN VALUE] 0
[22:03:19] [CLIENT_IO]: [GET] [FullScreen] [RETURN VALUE] 0
[22:03:19] [SYSTEM_IO]: [GET] [Version] [RETURN VALUE] Soultree
[22:03:19] [CLIENT_IO]: [GET] [Name] [RETURN VALUE] Nathan
[22:03:19] [SYSTEM_IO]: [GET] [ConsoleResizable] [RETURN VALUE] 1
[22:03:19] [CLIENT_IO]: [GET] [Foreground] [RETURN VALUE] 000000
[22:03:19] [CLIENT_IO]: [GET] [Foreground] [RETURN VALUE] 000000
[22:03:19] [CLIENT_IO]: [GET] [FullScreen] [RETURN VALUE] 0
[22:03:19] [CLIENT_IO]: [GET] [FullScreen] [RETURN VALUE] 0
[22:03:19] [CLIENT_IO]: [GET] [Foreground] [RETURN VALUE] 000000
[22:03:19] [CLIENT_IO]: [GET] [Font] [RETURN VALUE] Agency FB
[22:03:19] [CLIENT_IO]: [GET] [OutputBorder] [RETURN VALUE] 0
[22:03:19] [CLIENT_IO]: [GET] [FullScreen] [RETURN VALUE] 0
[22:03:19] [CLIENT_IO]: [GET] [FullScreen] [RETURN VALUE] 0
[22:03:19] [CLIENT_IO]: [GET] [InputBorder] [RETURN VALUE] 0
[22:03:19] [CLIENT_IO]: [GET] [Foreground] [RETURN VALUE] 000000
[22:03:19] [CLIENT_IO]: [GET] [Foreground] [RETURN VALUE] 000000
[22:03:19] [CLIENT_IO]: [GET] [Foreground] [RETURN VALUE] 000000
[22:03:19] [CLIENT_IO]: [GET] [Font] [RETURN VALUE] Agency FB
[22:03:19] [CLIENT_IO]: [GET] [OutputFill] [RETURN VALUE] 0
[22:03:19] [CLIENT_IO]: [GET] [InputFill] [RETURN VALUE] 0
[22:03:19] [CLIENT_IO]: [GET] [IntroMusic] [RETURN VALUE] 0
[22:03:19] [CLIENT_IO]: [GET] [DebugWindows] [RETURN VALUE] 0
[22:03:19] [SYSTEM_IO]: [GET] [MMAC] [RETURN VALUE] 5c486915459709261d6d9af79dd1be29fea375fe59a8392f64369d2c6da0816e
[22:03:19] [CLIENT]: test
[22:03:20] [CLIENT_IO]: [GET] [laststart] [RETURN VALUE] 1626145341578
[22:03:20] [CLIENT_IO]: [SET] [KEY] laststart [VALUE] 1626145400044
[22:03:23] [CLIENT_IO]: [GET] [Name] [RETURN VALUE] Nathan
[22:03:23] [LOGOUT]:  [Nathan]
[22:03:23] [EXIT]: [RUNTIME] 5s
[22:03:23] [EOL]: Log completed, exiting program with code: 25 [Genesis Controlled Exit], exceptions thrown: 0
