[11:17:19] [ENTRY]: [WINUSER=Nathan]
[11:17:19] [SYSTEM_IO]: [GET] [UISCALE] [RETURN VALUE] 1.0
[11:17:19] [SYSTEM_IO]: [GET] [MMAC] [RETURN VALUE] 5c486915459709261d6d9af79dd1be29fea375fe59a8392f64369d2c6da0816e
[11:17:19] [SYSTEM_IO]: [GET] [MMAC] [RETURN VALUE] 5c486915459709261d6d9af79dd1be29fea375fe59a8392f64369d2c6da0816e
[11:17:20] [SYSTEM_IO]: [GET] [MMAC] [RETURN VALUE] 5c486915459709261d6d9af79dd1be29fea375fe59a8392f64369d2c6da0816e
[11:17:20] [LOGIN]: [AUTOCYPHER ATTEMPT]
[11:17:20] [LOGIN]: [AUTOCYPHER PASS]
[11:17:20] [CLIENT_IO]: [GET] [Name] [RETURN VALUE] Nathan
[11:17:20] [CLIENT_IO]: [GET] [RandomBackground] [RETURN VALUE] 0
[11:17:20] [CLIENT_IO]: [GET] [FullScreen] [RETURN VALUE] 0
[11:17:20] [SYSTEM_IO]: [GET] [Version] [RETURN VALUE] Soultree
[11:17:20] [CLIENT_IO]: [GET] [Name] [RETURN VALUE] Nathan
[11:17:20] [SYSTEM_IO]: [GET] [ConsoleResizable] [RETURN VALUE] 1
[11:17:20] [CLIENT_IO]: [GET] [Foreground] [RETURN VALUE] 000000
[11:17:20] [CLIENT_IO]: [GET] [Foreground] [RETURN VALUE] 000000
[11:17:20] [CLIENT_IO]: [GET] [FullScreen] [RETURN VALUE] 0
[11:17:21] [CLIENT_IO]: [GET] [FullScreen] [RETURN VALUE] 0
[11:17:21] [CLIENT_IO]: [GET] [Foreground] [RETURN VALUE] 000000
[11:17:21] [CLIENT_IO]: [GET] [Font] [RETURN VALUE] Agency FB
[11:17:21] [CLIENT_IO]: [GET] [OutputBorder] [RETURN VALUE] 0
[11:17:21] [CLIENT_IO]: [GET] [FullScreen] [RETURN VALUE] 0
[11:17:21] [CLIENT_IO]: [GET] [FullScreen] [RETURN VALUE] 0
[11:17:21] [CLIENT_IO]: [GET] [InputBorder] [RETURN VALUE] 0
[11:17:21] [CLIENT_IO]: [GET] [Foreground] [RETURN VALUE] 000000
[11:17:21] [CLIENT_IO]: [GET] [Foreground] [RETURN VALUE] 000000
[11:17:21] [CLIENT_IO]: [GET] [Foreground] [RETURN VALUE] 000000
[11:17:21] [CLIENT_IO]: [GET] [Font] [RETURN VALUE] Agency FB
[11:17:21] [CLIENT_IO]: [GET] [OutputFill] [RETURN VALUE] 0
[11:17:21] [CLIENT_IO]: [GET] [InputFill] [RETURN VALUE] 0
[11:17:21] [CLIENT_IO]: [GET] [IntroMusic] [RETURN VALUE] 0
[11:17:21] [CLIENT_IO]: [GET] [DebugWindows] [RETURN VALUE] 0
[11:17:21] [SYSTEM_IO]: [GET] [MMAC] [RETURN VALUE] 5c486915459709261d6d9af79dd1be29fea375fe59a8392f64369d2c6da0816e
[11:17:21] [CLIENT]: test
[11:17:21] [CLIENT_IO]: [GET] [laststart] [RETURN VALUE] 1626106619779
[11:17:21] [CLIENT_IO]: [SET] [KEY] laststart [VALUE] 1626106641380
[11:17:22] [CLIENT]: Weather
[11:17:22] [SYSTEM_IO]: [GET] [IP] [RETURN VALUE] 8eac4e7ab34eb235c4a888bfdbedc8bb8093ec1490790d139cf58932
[11:17:22] [ACTION]: WEATHER
[11:17:23] [SYSTEM_IO]: [GET] [IP] [RETURN VALUE] 8eac4e7ab34eb235c4a888bfdbedc8bb8093ec1490790d139cf58932
[11:17:23] [SYSTEM_IO]: [GET] [IP] [RETURN VALUE] 8eac4e7ab34eb235c4a888bfdbedc8bb8093ec1490790d139cf58932
[11:17:23] [SYSTEM_IO]: [GET] [Weather] [RETURN VALUE] 2d790dd0766f1da62af488f101380c75
[11:17:23] [ACTION]: [Weather] [NOTIFICATION] Refreshed
