[21:53:12] [ENTRY]: [WINUSER=Nathan]
[21:53:12] [JAVA ARGS]: [LOCATION] [400 S. Monroe St. Tallahassee, FL]
[21:53:13] [LOGIN]: [AUTOCYPHER ATTEMPT]
[21:53:14] [LOGIN]: [AUTOCYPHER PASS]
[21:53:17] [CLIENT]: test
[21:53:24] [CLIENT]: Mp3
[21:53:24] [ACTION]: AUDIO PLAYER
[21:53:35] [CLIENT]: Press f17
[21:53:35] [ACTION]: [AUDIO] sys/audio/f17.mp3
[21:53:39] [CLIENT]: Stop audio
[21:53:39] [CONSOLE_OUT]: [STRING] Sorry, Nathan, but I don't recognize that command. You can make a suggestion by clicking the "Suggestion" button.
[21:53:41] [CLIENT]: Stop music
[21:53:43] [CLIENT]: Press f17
[21:53:43] [ACTION]: [AUDIO] sys/audio/f17.mp3
[21:53:51] [CLIENT]: Press f17
[21:53:51] [ACTION]: [AUDIO] sys/audio/f17.mp3
[21:53:53] [CLIENT]: Press f17
[21:53:53] [ACTION]: [AUDIO] sys/audio/f17.mp3
[21:54:08] [CLIENT]: Stop music
[21:54:09] [CLIENT]: Mp3
[21:54:09] [ACTION]: AUDIO PLAYER
[21:54:14] [LOGOUT]:  [Nathan]
[21:54:14] [EXIT]: [RUNTIME] 1m 2s
[21:54:14] [EOL]: Log completed, exiting program with code: 25 [Genesis Controlled Exit], exceptions thrown: 0
