[21:21:39] [ENTRY]: [WINUSER=Nathan]
[21:21:39] [SYSTEM_IO]: [GET] [UISCALE] [RETURN VALUE] 1.0
[21:21:39] [SYSTEM_IO]: [GET] [MMAC] [RETURN VALUE] 5c486915459709261d6d9af79dd1be29fea375fe59a8392f64369d2c6da0816e
[21:21:39] [JAVA ARGS]: [LOCATION] [400 S. Monroe St. Tallahassee, FL] //Ron DeSantis is a GOAT
[21:21:39] [SYSTEM_IO]: [GET] [MMAC] [RETURN VALUE] 5c486915459709261d6d9af79dd1be29fea375fe59a8392f64369d2c6da0816e
[21:21:39] [SYSTEM_IO]: [GET] [MMAC] [RETURN VALUE] 5c486915459709261d6d9af79dd1be29fea375fe59a8392f64369d2c6da0816e
[21:21:39] [SYSTEM_IO]: [GET] [AutoCypher] [RETURN VALUE] 1
[21:21:39] [LOGIN]: [AUTOCYPHER ATTEMPT]
[21:21:39] [SYSTEM_IO]: [GET] [CypherHash] [RETURN VALUE] nathan,3789d9735ab15d29a3595ef3f70c377d2d7b4927c222a06d36f0abba335504a2
[21:21:39] [LOGIN]: [AUTOCYPHER PASS]
[21:21:40] [CLIENT_IO]: [GET] [Name] [RETURN VALUE] Nathan
[21:21:40] [CLIENT_IO]: [GET] [RandomBackground] [RETURN VALUE] 0
[21:21:40] [CLIENT_IO]: [GET] [FullScreen] [RETURN VALUE] 0
[21:21:41] [SYSTEM_IO]: [GET] [Version] [RETURN VALUE] Soultree
[21:21:41] [CLIENT_IO]: [GET] [Name] [RETURN VALUE] Nathan
[21:21:41] [SYSTEM_IO]: [GET] [ConsoleResizable] [RETURN VALUE] 1
[21:21:41] [CLIENT_IO]: [GET] [Foreground] [RETURN VALUE] F0F0F0
[21:21:41] [CLIENT_IO]: [GET] [Foreground] [RETURN VALUE] F0F0F0
[21:21:41] [CLIENT_IO]: [GET] [FullScreen] [RETURN VALUE] 0
[21:21:41] [CLIENT_IO]: [GET] [FullScreen] [RETURN VALUE] 0
[21:21:41] [CLIENT_IO]: [GET] [Foreground] [RETURN VALUE] F0F0F0
[21:21:41] [CLIENT_IO]: [GET] [Font] [RETURN VALUE] Agency FB
[21:21:41] [CLIENT_IO]: [GET] [OutputBorder] [RETURN VALUE] 0
[21:21:41] [CLIENT_IO]: [GET] [FullScreen] [RETURN VALUE] 0
[21:21:41] [CLIENT_IO]: [GET] [FullScreen] [RETURN VALUE] 0
[21:21:41] [CLIENT_IO]: [GET] [InputBorder] [RETURN VALUE] 0
[21:21:41] [CLIENT_IO]: [GET] [Foreground] [RETURN VALUE] F0F0F0
[21:21:41] [CLIENT_IO]: [GET] [Foreground] [RETURN VALUE] F0F0F0
[21:21:41] [CLIENT_IO]: [GET] [Foreground] [RETURN VALUE] F0F0F0
[21:21:41] [CLIENT_IO]: [GET] [Font] [RETURN VALUE] Agency FB
[21:21:41] [CLIENT_IO]: [GET] [OutputFill] [RETURN VALUE] 0
[21:21:41] [CLIENT_IO]: [GET] [InputFill] [RETURN VALUE] 0
[21:21:41] [CLIENT_IO]: [GET] [showbusyicon] [RETURN VALUE] 0
[21:21:41] [CLIENT_IO]: [GET] [IntroMusic] [RETURN VALUE] 0
[21:21:41] [CLIENT_IO]: [GET] [DebugWindows] [RETURN VALUE] 0
[21:21:41] [SYSTEM_IO]: [GET] [MMAC] [RETURN VALUE] 5c486915459709261d6d9af79dd1be29fea375fe59a8392f64369d2c6da0816e
[21:21:41] [CLIENT]: test
[21:21:41] [CLIENT_IO]: [GET] [laststart] [RETURN VALUE] 1626920411870
[21:21:41] [CLIENT_IO]: [SET] [KEY] laststart [VALUE] 1626920501647
[21:21:44] [CLIENT_IO]: [GET] [showbusyicon] [RETURN VALUE] 0
[21:21:47] [CLIENT_IO]: [GET] [showbusyicon] [RETURN VALUE] 0
[21:21:50] [CLIENT_IO]: [GET] [showbusyicon] [RETURN VALUE] 0
[21:21:53] [CLIENT_IO]: [GET] [showbusyicon] [RETURN VALUE] 0
[21:21:56] [CLIENT_IO]: [GET] [showbusyicon] [RETURN VALUE] 0
[21:21:59] [CLIENT_IO]: [GET] [showbusyicon] [RETURN VALUE] 0
[21:22:02] [CLIENT_IO]: [GET] [showbusyicon] [RETURN VALUE] 0
[21:22:05] [CLIENT_IO]: [GET] [showbusyicon] [RETURN VALUE] 0
[21:22:08] [CLIENT_IO]: [GET] [showbusyicon] [RETURN VALUE] 0
[21:22:11] [CLIENT_IO]: [GET] [showbusyicon] [RETURN VALUE] 0
[21:22:14] [CLIENT_IO]: [GET] [showbusyicon] [RETURN VALUE] 0
[21:22:17] [CLIENT_IO]: [GET] [showbusyicon] [RETURN VALUE] 0
[21:22:20] [CLIENT_IO]: [GET] [showbusyicon] [RETURN VALUE] 0
[21:22:23] [CLIENT_IO]: [GET] [showbusyicon] [RETURN VALUE] 0
[21:22:26] [CLIENT_IO]: [GET] [showbusyicon] [RETURN VALUE] 0
[21:22:29] [CLIENT_IO]: [GET] [showbusyicon] [RETURN VALUE] 0
[21:22:32] [CLIENT_IO]: [GET] [showbusyicon] [RETURN VALUE] 0
[21:22:35] [CLIENT_IO]: [GET] [showbusyicon] [RETURN VALUE] 0
[21:22:38] [CLIENT_IO]: [GET] [showbusyicon] [RETURN VALUE] 0
[21:22:41] [CLIENT_IO]: [GET] [showbusyicon] [RETURN VALUE] 0
[21:22:44] [CLIENT_IO]: [GET] [showbusyicon] [RETURN VALUE] 0
[21:22:47] [CLIENT_IO]: [GET] [showbusyicon] [RETURN VALUE] 0
[21:22:50] [CLIENT_IO]: [GET] [showbusyicon] [RETURN VALUE] 0
[21:22:53] [CLIENT_IO]: [GET] [showbusyicon] [RETURN VALUE] 0
[21:22:56] [CLIENT_IO]: [GET] [showbusyicon] [RETURN VALUE] 0
[21:22:59] [CLIENT_IO]: [GET] [showbusyicon] [RETURN VALUE] 0
[21:23:02] [CLIENT_IO]: [GET] [showbusyicon] [RETURN VALUE] 0
[21:23:05] [CLIENT_IO]: [GET] [showbusyicon] [RETURN VALUE] 0
[21:23:08] [CLIENT_IO]: [GET] [showbusyicon] [RETURN VALUE] 0
[21:23:11] [CLIENT_IO]: [GET] [showbusyicon] [RETURN VALUE] 0
[21:23:14] [CLIENT_IO]: [GET] [showbusyicon] [RETURN VALUE] 0
[21:23:17] [CLIENT_IO]: [GET] [showbusyicon] [RETURN VALUE] 0
[21:23:20] [CLIENT_IO]: [GET] [showbusyicon] [RETURN VALUE] 0
[21:23:23] [CLIENT_IO]: [GET] [showbusyicon] [RETURN VALUE] 0
[21:23:26] [CLIENT_IO]: [GET] [showbusyicon] [RETURN VALUE] 0
[21:23:29] [CLIENT_IO]: [GET] [showbusyicon] [RETURN VALUE] 0
[21:23:32] [CLIENT_IO]: [GET] [showbusyicon] [RETURN VALUE] 0
[21:23:35] [CLIENT_IO]: [GET] [showbusyicon] [RETURN VALUE] 0
[21:23:38] [CLIENT_IO]: [GET] [showbusyicon] [RETURN VALUE] 0
[21:23:41] [CLIENT_IO]: [GET] [showbusyicon] [RETURN VALUE] 0
[21:23:44] [CLIENT_IO]: [GET] [showbusyicon] [RETURN VALUE] 0
[21:23:47] [CLIENT_IO]: [GET] [showbusyicon] [RETURN VALUE] 0
[21:23:50] [CLIENT_IO]: [GET] [showbusyicon] [RETURN VALUE] 0
[21:23:53] [CLIENT_IO]: [GET] [showbusyicon] [RETURN VALUE] 0
[21:23:56] [CLIENT_IO]: [GET] [showbusyicon] [RETURN VALUE] 0
[21:23:59] [CLIENT_IO]: [GET] [showbusyicon] [RETURN VALUE] 0
[21:24:02] [CLIENT_IO]: [GET] [showbusyicon] [RETURN VALUE] 0
[21:24:05] [CLIENT_IO]: [GET] [showbusyicon] [RETURN VALUE] 0
[21:24:08] [CLIENT_IO]: [GET] [showbusyicon] [RETURN VALUE] 0
[21:24:11] [CLIENT_IO]: [GET] [showbusyicon] [RETURN VALUE] 0
[21:24:14] [CLIENT_IO]: [GET] [showbusyicon] [RETURN VALUE] 0
[21:24:17] [CLIENT_IO]: [GET] [showbusyicon] [RETURN VALUE] 0
[21:24:20] [CLIENT_IO]: [GET] [showbusyicon] [RETURN VALUE] 0
[21:24:23] [CLIENT_IO]: [GET] [showbusyicon] [RETURN VALUE] 0
[21:24:26] [CLIENT_IO]: [GET] [showbusyicon] [RETURN VALUE] 0
[21:24:29] [CLIENT_IO]: [GET] [showbusyicon] [RETURN VALUE] 0
[21:24:32] [CLIENT_IO]: [GET] [showbusyicon] [RETURN VALUE] 0
[21:24:35] [CLIENT_IO]: [GET] [showbusyicon] [RETURN VALUE] 0
[21:24:38] [CLIENT_IO]: [GET] [showbusyicon] [RETURN VALUE] 0
[21:24:41] [CLIENT_IO]: [GET] [showbusyicon] [RETURN VALUE] 0
[21:24:44] [CLIENT_IO]: [GET] [showbusyicon] [RETURN VALUE] 0
[21:24:47] [CLIENT_IO]: [GET] [showbusyicon] [RETURN VALUE] 0
[21:24:50] [CLIENT_IO]: [GET] [showbusyicon] [RETURN VALUE] 0
[21:24:53] [CLIENT_IO]: [GET] [showbusyicon] [RETURN VALUE] 0
[21:24:56] [CLIENT_IO]: [GET] [showbusyicon] [RETURN VALUE] 0
[21:24:59] [CLIENT_IO]: [GET] [showbusyicon] [RETURN VALUE] 0
[21:25:02] [CLIENT_IO]: [GET] [showbusyicon] [RETURN VALUE] 0
[21:25:05] [CLIENT_IO]: [GET] [showbusyicon] [RETURN VALUE] 0
[21:25:08] [CLIENT_IO]: [GET] [showbusyicon] [RETURN VALUE] 0
[21:25:11] [CLIENT_IO]: [GET] [showbusyicon] [RETURN VALUE] 0
[21:25:14] [CLIENT_IO]: [GET] [showbusyicon] [RETURN VALUE] 0
[21:25:17] [CLIENT_IO]: [GET] [showbusyicon] [RETURN VALUE] 0
[21:25:20] [CLIENT_IO]: [GET] [showbusyicon] [RETURN VALUE] 0
[21:25:23] [CLIENT_IO]: [GET] [showbusyicon] [RETURN VALUE] 0
[21:25:26] [CLIENT_IO]: [GET] [showbusyicon] [RETURN VALUE] 0
[21:25:29] [CLIENT_IO]: [GET] [showbusyicon] [RETURN VALUE] 0
[21:25:32] [CLIENT_IO]: [GET] [showbusyicon] [RETURN VALUE] 0
[21:25:35] [CLIENT_IO]: [GET] [showbusyicon] [RETURN VALUE] 0
[21:25:38] [CLIENT_IO]: [GET] [showbusyicon] [RETURN VALUE] 0
[21:25:41] [CLIENT_IO]: [GET] [showbusyicon] [RETURN VALUE] 0
[21:25:44] [CLIENT_IO]: [GET] [showbusyicon] [RETURN VALUE] 0
[21:25:47] [CLIENT_IO]: [GET] [showbusyicon] [RETURN VALUE] 0
[21:25:50] [CLIENT_IO]: [GET] [showbusyicon] [RETURN VALUE] 0
[21:25:53] [CLIENT_IO]: [GET] [showbusyicon] [RETURN VALUE] 0
[21:25:56] [CLIENT_IO]: [GET] [showbusyicon] [RETURN VALUE] 0
[21:25:59] [CLIENT_IO]: [GET] [showbusyicon] [RETURN VALUE] 0
[21:26:02] [CLIENT_IO]: [GET] [showbusyicon] [RETURN VALUE] 0
[21:26:05] [CLIENT_IO]: [GET] [showbusyicon] [RETURN VALUE] 0
[21:26:08] [CLIENT_IO]: [GET] [showbusyicon] [RETURN VALUE] 0
[21:26:11] [CLIENT_IO]: [GET] [showbusyicon] [RETURN VALUE] 0
[21:26:14] [CLIENT_IO]: [GET] [showbusyicon] [RETURN VALUE] 0
[21:26:17] [CLIENT_IO]: [GET] [showbusyicon] [RETURN VALUE] 0
[21:26:20] [CLIENT_IO]: [GET] [showbusyicon] [RETURN VALUE] 0
[21:26:23] [CLIENT_IO]: [GET] [showbusyicon] [RETURN VALUE] 0
[21:26:26] [CLIENT_IO]: [GET] [showbusyicon] [RETURN VALUE] 0
[21:26:29] [CLIENT_IO]: [GET] [showbusyicon] [RETURN VALUE] 0
[21:26:32] [CLIENT_IO]: [GET] [showbusyicon] [RETURN VALUE] 0
[21:26:35] [CLIENT_IO]: [GET] [showbusyicon] [RETURN VALUE] 0
[21:26:38] [CLIENT_IO]: [GET] [showbusyicon] [RETURN VALUE] 0
[21:26:41] [CLIENT_IO]: [GET] [showbusyicon] [RETURN VALUE] 0
[21:26:44] [CLIENT_IO]: [GET] [showbusyicon] [RETURN VALUE] 0
[21:26:47] [CLIENT_IO]: [GET] [showbusyicon] [RETURN VALUE] 0
[21:26:50] [CLIENT_IO]: [GET] [showbusyicon] [RETURN VALUE] 0
[21:26:53] [CLIENT_IO]: [GET] [showbusyicon] [RETURN VALUE] 0
[21:26:57] [CLIENT_IO]: [GET] [showbusyicon] [RETURN VALUE] 0
[21:27:00] [CLIENT_IO]: [GET] [showbusyicon] [RETURN VALUE] 0
[21:27:03] [CLIENT_IO]: [GET] [showbusyicon] [RETURN VALUE] 0
[21:27:06] [CLIENT_IO]: [GET] [showbusyicon] [RETURN VALUE] 0
[21:27:09] [CLIENT_IO]: [GET] [showbusyicon] [RETURN VALUE] 0
[21:27:12] [CLIENT_IO]: [GET] [showbusyicon] [RETURN VALUE] 0
[21:27:15] [CLIENT_IO]: [GET] [showbusyicon] [RETURN VALUE] 0
[21:27:18] [CLIENT_IO]: [GET] [showbusyicon] [RETURN VALUE] 0
[21:27:21] [CLIENT_IO]: [GET] [showbusyicon] [RETURN VALUE] 0
[21:27:24] [CLIENT_IO]: [GET] [showbusyicon] [RETURN VALUE] 0
[21:27:27] [CLIENT_IO]: [GET] [showbusyicon] [RETURN VALUE] 0
[21:27:30] [CLIENT_IO]: [GET] [showbusyicon] [RETURN VALUE] 0
[21:27:33] [CLIENT_IO]: [GET] [showbusyicon] [RETURN VALUE] 0
[21:27:36] [CLIENT_IO]: [GET] [showbusyicon] [RETURN VALUE] 0
[21:27:39] [CLIENT_IO]: [GET] [showbusyicon] [RETURN VALUE] 0
[21:27:42] [CLIENT_IO]: [GET] [showbusyicon] [RETURN VALUE] 0
[21:27:45] [CLIENT_IO]: [GET] [showbusyicon] [RETURN VALUE] 0
[21:27:48] [CLIENT_IO]: [GET] [showbusyicon] [RETURN VALUE] 0
[21:27:51] [CLIENT_IO]: [GET] [showbusyicon] [RETURN VALUE] 0
[21:27:54] [CLIENT_IO]: [GET] [showbusyicon] [RETURN VALUE] 0
[21:27:57] [CLIENT_IO]: [GET] [showbusyicon] [RETURN VALUE] 0
[21:28:00] [CLIENT_IO]: [GET] [showbusyicon] [RETURN VALUE] 0
[21:28:03] [CLIENT_IO]: [GET] [showbusyicon] [RETURN VALUE] 0
[21:28:06] [CLIENT_IO]: [GET] [showbusyicon] [RETURN VALUE] 0
[21:28:09] [CLIENT_IO]: [GET] [showbusyicon] [RETURN VALUE] 0
[21:28:12] [CLIENT_IO]: [GET] [showbusyicon] [RETURN VALUE] 0
[21:28:15] [CLIENT_IO]: [GET] [showbusyicon] [RETURN VALUE] 0
[21:28:18] [CLIENT_IO]: [GET] [showbusyicon] [RETURN VALUE] 0
[21:28:21] [CLIENT_IO]: [GET] [showbusyicon] [RETURN VALUE] 0
[21:28:24] [CLIENT_IO]: [GET] [showbusyicon] [RETURN VALUE] 0
[21:28:27] [CLIENT_IO]: [GET] [showbusyicon] [RETURN VALUE] 0
[21:28:30] [CLIENT_IO]: [GET] [showbusyicon] [RETURN VALUE] 0
[21:28:33] [CLIENT_IO]: [GET] [showbusyicon] [RETURN VALUE] 0
[21:28:36] [CLIENT_IO]: [GET] [showbusyicon] [RETURN VALUE] 0
[21:28:39] [CLIENT_IO]: [GET] [showbusyicon] [RETURN VALUE] 0
[21:28:42] [CLIENT_IO]: [GET] [showbusyicon] [RETURN VALUE] 0
[21:28:45] [CLIENT_IO]: [GET] [showbusyicon] [RETURN VALUE] 0
[21:28:48] [CLIENT_IO]: [GET] [showbusyicon] [RETURN VALUE] 0
[21:28:51] [CLIENT_IO]: [GET] [showbusyicon] [RETURN VALUE] 0
[21:28:54] [CLIENT_IO]: [GET] [showbusyicon] [RETURN VALUE] 0
[21:28:57] [CLIENT_IO]: [GET] [showbusyicon] [RETURN VALUE] 0
[21:29:00] [CLIENT_IO]: [GET] [showbusyicon] [RETURN VALUE] 0
[21:29:03] [CLIENT_IO]: [GET] [showbusyicon] [RETURN VALUE] 0
[21:29:06] [CLIENT_IO]: [GET] [showbusyicon] [RETURN VALUE] 0
[21:29:09] [CLIENT_IO]: [GET] [showbusyicon] [RETURN VALUE] 0
[21:29:12] [CLIENT_IO]: [GET] [showbusyicon] [RETURN VALUE] 0
[21:29:15] [CLIENT_IO]: [GET] [showbusyicon] [RETURN VALUE] 0
[21:29:18] [CLIENT_IO]: [GET] [showbusyicon] [RETURN VALUE] 0
[21:29:21] [CLIENT_IO]: [GET] [showbusyicon] [RETURN VALUE] 0
[21:29:24] [CLIENT_IO]: [GET] [showbusyicon] [RETURN VALUE] 0
[21:29:27] [CLIENT_IO]: [GET] [showbusyicon] [RETURN VALUE] 0
[21:29:30] [CLIENT_IO]: [GET] [showbusyicon] [RETURN VALUE] 0
[21:29:33] [CLIENT_IO]: [GET] [showbusyicon] [RETURN VALUE] 0
[21:29:36] [CLIENT_IO]: [GET] [showbusyicon] [RETURN VALUE] 0
[21:29:39] [CLIENT_IO]: [GET] [showbusyicon] [RETURN VALUE] 0
[21:29:42] [CLIENT_IO]: [GET] [showbusyicon] [RETURN VALUE] 0
[21:29:45] [CLIENT_IO]: [GET] [showbusyicon] [RETURN VALUE] 0
[21:29:48] [CLIENT_IO]: [GET] [showbusyicon] [RETURN VALUE] 0
[21:29:51] [CLIENT_IO]: [GET] [showbusyicon] [RETURN VALUE] 0
[21:29:54] [CLIENT_IO]: [GET] [showbusyicon] [RETURN VALUE] 0
[21:29:57] [CLIENT_IO]: [GET] [showbusyicon] [RETURN VALUE] 0
[EXTERNAL STOP] Cyder was force closed by an external entity such as an IDE stop or the OS' Task Manager
