[11:07:20] [ENTRY]: [WINUSER=Nathan]
[11:07:20] [SYSTEM_IO]: [GET] [UISCALE] [RETURN VALUE] 1.0
[11:07:20] [SYSTEM_IO]: [GET] [MMAC] [RETURN VALUE] 5c486915459709261d6d9af79dd1be29fea375fe59a8392f64369d2c6da0816e
[11:07:20] [SYSTEM_IO]: [GET] [MMAC] [RETURN VALUE] 5c486915459709261d6d9af79dd1be29fea375fe59a8392f64369d2c6da0816e
[11:07:21] [SYSTEM_IO]: [GET] [MMAC] [RETURN VALUE] 5c486915459709261d6d9af79dd1be29fea375fe59a8392f64369d2c6da0816e
[11:07:21] [LOGIN]: [AUTOCYPHER ATTEMPT]
[11:07:21] [LOGIN]: [AUTOCYPHER PASS]
[11:07:21] [CLIENT_IO]: [GET] [Name] [RETURN VALUE] Nathan
[11:07:21] [CLIENT_IO]: [GET] [RandomBackground] [RETURN VALUE] 0
[11:07:21] [CLIENT_IO]: [GET] [FullScreen] [RETURN VALUE] 0
[11:07:21] [SYSTEM_IO]: [GET] [Version] [RETURN VALUE] Soultree
[11:07:21] [CLIENT_IO]: [GET] [Name] [RETURN VALUE] Nathan
[11:07:21] [SYSTEM_IO]: [GET] [ConsoleResizable] [RETURN VALUE] 1
[11:07:21] [CLIENT_IO]: [GET] [Foreground] [RETURN VALUE] 000000
[11:07:21] [CLIENT_IO]: [GET] [Foreground] [RETURN VALUE] 000000
[11:07:21] [CLIENT_IO]: [GET] [FullScreen] [RETURN VALUE] 0
[11:07:22] [CLIENT_IO]: [GET] [FullScreen] [RETURN VALUE] 0
[11:07:22] [CLIENT_IO]: [GET] [Foreground] [RETURN VALUE] 000000
[11:07:22] [CLIENT_IO]: [GET] [Font] [RETURN VALUE] Agency FB
[11:07:22] [CLIENT_IO]: [GET] [OutputBorder] [RETURN VALUE] 0
[11:07:22] [CLIENT_IO]: [GET] [FullScreen] [RETURN VALUE] 0
[11:07:22] [CLIENT_IO]: [GET] [FullScreen] [RETURN VALUE] 0
[11:07:22] [CLIENT_IO]: [GET] [InputBorder] [RETURN VALUE] 0
[11:07:22] [CLIENT_IO]: [GET] [Foreground] [RETURN VALUE] 000000
[11:07:22] [CLIENT_IO]: [GET] [Foreground] [RETURN VALUE] 000000
[11:07:22] [CLIENT_IO]: [GET] [Foreground] [RETURN VALUE] 000000
[11:07:22] [CLIENT_IO]: [GET] [Font] [RETURN VALUE] Agency FB
[11:07:22] [CLIENT_IO]: [GET] [OutputFill] [RETURN VALUE] 0
[11:07:22] [CLIENT_IO]: [GET] [InputFill] [RETURN VALUE] 0
[11:07:22] [CLIENT_IO]: [GET] [IntroMusic] [RETURN VALUE] 0
[11:07:22] [CLIENT_IO]: [GET] [DebugWindows] [RETURN VALUE] 0
[11:07:22] [SYSTEM_IO]: [GET] [MMAC] [RETURN VALUE] 5c486915459709261d6d9af79dd1be29fea375fe59a8392f64369d2c6da0816e
[11:07:22] [CLIENT]: test
[11:07:22] [CLIENT_IO]: [GET] [laststart] [RETURN VALUE] 1626105978531
[11:07:22] [CLIENT_IO]: [SET] [KEY] laststart [VALUE] 1626106042416
[11:07:26] [CLIENT_IO]: [GET] [Background] [RETURN VALUE] 000000
[11:07:29] [CLIENT]: Hello
[11:07:29] [CLIENT_IO]: [GET] [Name] [RETURN VALUE] Nathan
[11:07:29] [CONSOLE_OUT]: [STRING] What's up, Nathan?
[11:07:29] [CLIENT]: Hi
[11:07:29] [CLIENT_IO]: [GET] [Name] [RETURN VALUE] Nathan
[11:07:29] [CONSOLE_OUT]: [STRING] How are you doing, Nathan?
[11:07:30] [CLIENT]: Nathan
[11:07:30] [CONSOLE_OUT]: [ICON] sys/pictures/print/me.png
[11:07:31] [CONSOLE_OUT]: [STRING]
[11:07:34] [CLIENT_IO]: [GET] [Background] [RETURN VALUE] 000000
[11:07:38] [CLIENT_IO]: [GET] [Name] [RETURN VALUE] Nathan
[11:07:38] [LOGOUT]:  [Nathan]
[11:07:38] [EXIT]: [RUNTIME] 18s
[11:07:38] [EOL]: Log completed, exiting program with code: 25, exceptions thrown: 0
