[00:22:11] [ENTRY]: [WINUSER=Nathan]
[00:22:12] [JAVA ARGS]: [LOCATION] [400 S. Monroe St. Tallahassee, FL]
[00:22:12] [ACTION]: User file: "users\8657469f-418b-348f-ab79-8993fb4c2b84\userdata.json" was found to be an older userdata file; preference injection performed
[00:22:13] [LOGIN]: [AUTOCYPHER ATTEMPT]
[00:22:14] [LOGIN]: [AUTOCYPHER PASS]
[00:22:16] [CLIENT]: test
[00:22:22] [CLIENT]: Outfill
[00:22:23] [CONSOLE_OUT]: [STRING] Sorry, Nathan, but I don't recognize that command. You can make a suggestion by clicking the "Suggestion" button.
[00:22:24] [CLIENT]: Outputfill
[00:22:26] [CLIENT]: Prefs
[00:22:26] [ACTION]: USER EDITOR
[00:22:26] [CONSOLE_OUT]: [STRING] Output Fill set to true
[00:22:29] [ACTION]: CyderButton, text=[>] CLICKED
[00:22:37] [CLIENT]: Outputfill
[00:22:37] [CONSOLE_OUT]: [STRING] Output Fill set to false
[00:22:37] [CLIENT]: Outputfill
[00:22:38] [CONSOLE_OUT]: [STRING] Output Fill set to true
[00:22:39] [CLIENT]: Outputfill
[00:22:39] [CONSOLE_OUT]: [STRING] Output Fill set to false
[00:23:12] [CLIENT]: Cls
[EXTERNAL STOP] Cyder was force closed by an external entity such as an IDE stop or the OS' Task Manager
