[00:16:35] [ENTRY]: [WINUSER=Nathan]
[00:16:35] [JAVA ARGS]: [LOCATION] [400 S. Monroe St. Tallahassee, FL]
[00:16:36] [LOGIN]: [AUTOCYPHER ATTEMPT]
[00:16:36] [LOGIN]: [AUTOCYPHER PASS]
[00:16:37] [CLIENT]: [SIMULATED INPUT] test
[00:16:47] [ACTION]: CyderButton, text=[Inform] CLICKED
[00:16:50] [ACTION]: CyderButton, text=[Inform] CLICKED
[00:16:53] [ACTION]: CyderButton, text=[Inform] CLICKED
[00:17:04] [ACTION]: CyderButton, text=[Inform] CLICKED
[00:17:06] [ACTION]: CyderButton, text=[Inform] CLICKED
[00:17:09] [ACTION]: CyderButton, text=[Inform] CLICKED
[00:17:11] [ACTION]: CyderButton, text=[Inform] CLICKED
[00:17:14] [ACTION]: CyderButton, text=[Inform] CLICKED
[00:17:24] [ACTION]: CyderButton, text=[Inform] CLICKED
[00:17:26] [ACTION]: CyderButton, text=[Inform] CLICKED
[00:17:28] [ACTION]: CyderButton, text=[Inform] CLICKED
[00:17:30] [ACTION]: CyderButton, text=[Inform] CLICKED
[00:17:32] [ACTION]: CyderButton, text=[Inform] CLICKED
[00:17:34] [LOGOUT]:  [Nathan]
[00:17:34] [EXIT]: [RUNTIME] 59s
[00:17:34] [EOL]: Log completed, exiting program with code: 25 [Genesis Controlled Exit], exceptions thrown: 0
