[10:56:18] [ENTRY]: [WINUSER=Nathan]
[10:56:18] [SYSTEM_IO]: [GET] [UISCALE] [RETURN VALUE] 1.0
[10:56:19] [SYSTEM_IO]: [GET] [MMAC] [RETURN VALUE] 5c486915459709261d6d9af79dd1be29fea375fe59a8392f64369d2c6da0816e
[10:56:19] [JAVA ARGS]: [LOCATION] [400 S. Monroe St. Tallahassee, FL] //Ron DeSantis is a GOAT
[10:56:19] [SYSTEM_IO]: [GET] [MMAC] [RETURN VALUE] 5c486915459709261d6d9af79dd1be29fea375fe59a8392f64369d2c6da0816e
[10:56:19] [SYSTEM_IO]: [GET] [MMAC] [RETURN VALUE] 5c486915459709261d6d9af79dd1be29fea375fe59a8392f64369d2c6da0816e
[10:56:19] [SYSTEM_IO]: [GET] [AutoCypher] [RETURN VALUE] 1
[10:56:19] [LOGIN]: [AUTOCYPHER ATTEMPT]
[10:56:19] [SYSTEM_IO]: [GET] [CypherHash] [RETURN VALUE] nathan,3789d9735ab15d29a3595ef3f70c377d2d7b4927c222a06d36f0abba335504a2
[10:56:19] [LOGIN]: [AUTOCYPHER PASS]
[10:56:19] [CLIENT_IO]: [GET] [Name] [RETURN VALUE] Nathan
[10:56:20] [CLIENT_IO]: [GET] [RandomBackground] [RETURN VALUE] 0
[10:56:20] [CLIENT_IO]: [GET] [FullScreen] [RETURN VALUE] 0
[10:56:20] [SYSTEM_IO]: [GET] [Version] [RETURN VALUE] Soultree
[10:56:20] [CLIENT_IO]: [GET] [Name] [RETURN VALUE] Nathan
[10:56:20] [SYSTEM_IO]: [GET] [ConsoleResizable] [RETURN VALUE] 1
[10:56:20] [CLIENT_IO]: [GET] [Foreground] [RETURN VALUE] 101010
[10:56:20] [CLIENT_IO]: [GET] [Foreground] [RETURN VALUE] 101010
[10:56:20] [CLIENT_IO]: [GET] [FullScreen] [RETURN VALUE] 0
[10:56:20] [CLIENT_IO]: [GET] [FullScreen] [RETURN VALUE] 0
[10:56:20] [CLIENT_IO]: [GET] [Foreground] [RETURN VALUE] 101010
[10:56:20] [CLIENT_IO]: [GET] [Font] [RETURN VALUE] Agency FB
[10:56:20] [CLIENT_IO]: [GET] [OutputBorder] [RETURN VALUE] 0
[10:56:20] [CLIENT_IO]: [GET] [FullScreen] [RETURN VALUE] 0
[10:56:20] [CLIENT_IO]: [GET] [FullScreen] [RETURN VALUE] 0
[10:56:20] [CLIENT_IO]: [GET] [InputBorder] [RETURN VALUE] 0
[10:56:20] [CLIENT_IO]: [GET] [Foreground] [RETURN VALUE] 101010
[10:56:20] [CLIENT_IO]: [GET] [Foreground] [RETURN VALUE] 101010
[10:56:20] [CLIENT_IO]: [GET] [Foreground] [RETURN VALUE] 101010
[10:56:20] [CLIENT_IO]: [GET] [Font] [RETURN VALUE] Agency FB
[10:56:20] [CLIENT_IO]: [GET] [OutputFill] [RETURN VALUE] 0
[10:56:20] [CLIENT_IO]: [GET] [InputFill] [RETURN VALUE] 0
[10:56:20] [CLIENT_IO]: [GET] [IntroMusic] [RETURN VALUE] 0
[10:56:20] [CLIENT_IO]: [GET] [DebugWindows] [RETURN VALUE] 0
[10:56:20] [SYSTEM_IO]: [GET] [MMAC] [RETURN VALUE] 5c486915459709261d6d9af79dd1be29fea375fe59a8392f64369d2c6da0816e
[10:56:20] [CLIENT]: test
[10:56:20] [CLIENT_IO]: [GET] [laststart] [RETURN VALUE] 1626364306998
[10:56:20] [CLIENT_IO]: [SET] [KEY] laststart [VALUE] 1626364580883
[10:56:28] [CLIENT]: Prefs
[10:56:28] [ACTION]: USER EDITOR
[10:56:32] [CLIENT_IO]: [GET] [Name] [RETURN VALUE] Nathan
[10:56:32] [ACTION]: CyderButton, text=[Change Password] CLICKED
[10:56:38] [CLIENT_IO]: [GET] [Name] [RETURN VALUE] Nathan
[10:56:38] [ACTION]: CyderButton, text=[Change Password] CLICKED
[EXTERNAL STOP] Cyder was force closed by an external entity such as an IDE stop or the OS' Task Manager
