[00:29:50] [ENTRY]: [WINUSER=Nathan]
[00:29:50] [SYSTEM_IO]: [GET] [UISCALE] [RETURN VALUE] 1.0
[00:29:50] [SYSTEM_IO]: [GET] [MMAC] [RETURN VALUE] 5c486915459709261d6d9af79dd1be29fea375fe59a8392f64369d2c6da0816e
[00:29:50] [JAVA ARGS]: [LOCATION] [400 S. Monroe St. Tallahassee, FL] //Ron DeSantis is a GOAT
[00:29:50] [SYSTEM_IO]: [GET] [MMAC] [RETURN VALUE] 5c486915459709261d6d9af79dd1be29fea375fe59a8392f64369d2c6da0816e
[00:29:51] [SYSTEM_IO]: [GET] [MMAC] [RETURN VALUE] 5c486915459709261d6d9af79dd1be29fea375fe59a8392f64369d2c6da0816e
[00:29:51] [SYSTEM_IO]: [GET] [AutoCypher] [RETURN VALUE] 1
[00:29:51] [LOGIN]: [AUTOCYPHER ATTEMPT]
[00:29:51] [SYSTEM_IO]: [GET] [CypherHash] [RETURN VALUE] nathan,3789d9735ab15d29a3595ef3f70c377d2d7b4927c222a06d36f0abba335504a2
[00:29:51] [LOGIN]: [AUTOCYPHER PASS]
[00:29:52] [CLIENT_IO]: [GET] [Name] [RETURN VALUE] Nathan
[00:29:52] [CLIENT_IO]: [GET] [RandomBackground] [RETURN VALUE] 0
[00:29:52] [CLIENT_IO]: [GET] [FullScreen] [RETURN VALUE] 0
[00:29:53] [SYSTEM_IO]: [GET] [Version] [RETURN VALUE] Soultree
[00:29:53] [CLIENT_IO]: [GET] [Name] [RETURN VALUE] Nathan
[00:29:53] [SYSTEM_IO]: [GET] [ConsoleResizable] [RETURN VALUE] 1
[00:29:53] [CLIENT_IO]: [GET] [Foreground] [RETURN VALUE] 101010
[00:29:53] [CLIENT_IO]: [GET] [Foreground] [RETURN VALUE] 101010
[00:29:53] [CLIENT_IO]: [GET] [FullScreen] [RETURN VALUE] 0
[00:29:53] [CLIENT_IO]: [GET] [FullScreen] [RETURN VALUE] 0
[00:29:53] [CLIENT_IO]: [GET] [Foreground] [RETURN VALUE] 101010
[00:29:53] [CLIENT_IO]: [GET] [Font] [RETURN VALUE] Agency FB
[00:29:53] [CLIENT_IO]: [GET] [OutputBorder] [RETURN VALUE] 0
[00:29:53] [CLIENT_IO]: [GET] [FullScreen] [RETURN VALUE] 0
[00:29:53] [CLIENT_IO]: [GET] [FullScreen] [RETURN VALUE] 0
[00:29:53] [CLIENT_IO]: [GET] [InputBorder] [RETURN VALUE] 0
[00:29:53] [CLIENT_IO]: [GET] [Foreground] [RETURN VALUE] 101010
[00:29:53] [CLIENT_IO]: [GET] [Foreground] [RETURN VALUE] 101010
[00:29:53] [CLIENT_IO]: [GET] [Foreground] [RETURN VALUE] 101010
[00:29:53] [CLIENT_IO]: [GET] [Font] [RETURN VALUE] Agency FB
[00:29:53] [CLIENT_IO]: [GET] [OutputFill] [RETURN VALUE] 0
[00:29:53] [CLIENT_IO]: [GET] [InputFill] [RETURN VALUE] 0
[00:29:53] [CLIENT_IO]: [GET] [showbusyicon] [RETURN VALUE] 0
[00:29:53] [CLIENT_IO]: [GET] [IntroMusic] [RETURN VALUE] 0
[00:29:53] [CLIENT_IO]: [GET] [DebugWindows] [RETURN VALUE] 0
[00:29:53] [SYSTEM_IO]: [GET] [MMAC] [RETURN VALUE] 5c486915459709261d6d9af79dd1be29fea375fe59a8392f64369d2c6da0816e
[00:29:53] [CLIENT]: test
[00:29:54] [CLIENT_IO]: [GET] [laststart] [RETURN VALUE] 1626931768329
[00:29:54] [CLIENT_IO]: [SET] [KEY] laststart [VALUE] 1626931794004
[00:29:56] [CLIENT_IO]: [GET] [showbusyicon] [RETURN VALUE] 0
[00:29:59] [CLIENT_IO]: [GET] [showbusyicon] [RETURN VALUE] 0
[00:30:02] [CLIENT_IO]: [GET] [showbusyicon] [RETURN VALUE] 0
[00:30:05] [CLIENT_IO]: [GET] [showbusyicon] [RETURN VALUE] 0
[00:30:08] [CLIENT_IO]: [GET] [showbusyicon] [RETURN VALUE] 0
[00:30:11] [CLIENT_IO]: [GET] [showbusyicon] [RETURN VALUE] 0
[00:30:14] [CLIENT_IO]: [GET] [showbusyicon] [RETURN VALUE] 0
[00:30:17] [CLIENT_IO]: [GET] [showbusyicon] [RETURN VALUE] 0
[00:30:20] [CLIENT_IO]: [GET] [showbusyicon] [RETURN VALUE] 0
[00:30:23] [CLIENT_IO]: [GET] [showbusyicon] [RETURN VALUE] 0
[00:30:26] [CLIENT_IO]: [GET] [showbusyicon] [RETURN VALUE] 0
[00:30:29] [CLIENT_IO]: [GET] [showbusyicon] [RETURN VALUE] 0
[00:30:32] [CLIENT_IO]: [GET] [showbusyicon] [RETURN VALUE] 0
[00:30:35] [CLIENT_IO]: [GET] [showbusyicon] [RETURN VALUE] 0
[00:30:38] [CLIENT_IO]: [GET] [showbusyicon] [RETURN VALUE] 0
[00:30:41] [CLIENT_IO]: [GET] [showbusyicon] [RETURN VALUE] 0
[00:30:43] [CLIENT]: Fix foreground
[00:30:43] [CLIENT_IO]: [SET] [KEY] Foreground [VALUE] F0F0F0
[00:30:43] [CLIENT_IO]: [GET] [OutputBorder] [RETURN VALUE] 0
[00:30:43] [CLIENT_IO]: [GET] [InputBorder] [RETURN VALUE] 0
[00:30:43] [CLIENT_IO]: [GET] [FullScreen] [RETURN VALUE] 0
[00:30:43] [CLIENT_IO]: [GET] [FullScreen] [RETURN VALUE] 0
[00:30:43] [CLIENT_IO]: [GET] [OutputFill] [RETURN VALUE] 0
[00:30:43] [CLIENT_IO]: [GET] [InputFill] [RETURN VALUE] 0
[00:30:44] [CONSOLE_OUT]: [STRING] Foreground fixed
[00:30:44] [CLIENT_IO]: [GET] [typinganimation] [RETURN VALUE] 1
[00:30:44] [CLIENT_IO]: [GET] [showbusyicon] [RETURN VALUE] 0
[00:30:47] [CLIENT_IO]: [GET] [showbusyicon] [RETURN VALUE] 0
[00:30:50] [CLIENT_IO]: [GET] [showbusyicon] [RETURN VALUE] 0
[00:30:53] [CLIENT_IO]: [GET] [showbusyicon] [RETURN VALUE] 0
[00:30:56] [CLIENT_IO]: [GET] [showbusyicon] [RETURN VALUE] 0
[00:30:59] [CLIENT]: Play superstition lyrics
[00:30:59] [EXCEPTION]: 
no protocol: superstition lyrics
Thrown from:
java.base/java.net.URL.<init>(URL.java:627)
StackTrace:
java.net.MalformedURLException: no protocol: superstition lyrics
	at java.base/java.net.URL.<init>(URL.java:627)
	at java.base/java.net.URL.<init>(URL.java:523)
	at java.base/java.net.URL.<init>(URL.java:470)
	at cyder.handler.InputHandler.handle(InputHandler.java:881)
	at cyder.ui.ConsoleFrame.lambda$start$1(ConsoleFrame.java:454)
	at java.desktop/javax.swing.JTextField.fireActionPerformed(JTextField.java:508)
	at java.desktop/javax.swing.JTextField.postActionEvent(JTextField.java:723)
	at java.desktop/javax.swing.JTextField$NotifyAction.actionPerformed(JTextField.java:839)
	at java.desktop/javax.swing.SwingUtilities.notifyAction(SwingUtilities.java:1805)
	at java.desktop/javax.swing.JComponent.processKeyBinding(JComponent.java:2901)
	at java.desktop/javax.swing.JComponent.processKeyBindings(JComponent.java:2949)
	at java.desktop/javax.swing.JComponent.processKeyEvent(JComponent.java:2863)
	at java.desktop/java.awt.Component.processEvent(Component.java:6355)
	at java.desktop/java.awt.Container.processEvent(Container.java:2259)
	at java.desktop/java.awt.Component.dispatchEventImpl(Component.java:4961)
	at java.desktop/java.awt.Container.dispatchEventImpl(Container.java:2317)
	at java.desktop/java.awt.Component.dispatchEvent(Component.java:4793)
	at java.desktop/java.awt.KeyboardFocusManager.redispatchEvent(KeyboardFocusManager.java:1955)
	at java.desktop/java.awt.DefaultKeyboardFocusManager.dispatchKeyEvent(DefaultKeyboardFocusManager.java:827)
	at java.desktop/java.awt.DefaultKeyboardFocusManager.preDispatchKeyEvent(DefaultKeyboardFocusManager.java:1096)
	at java.desktop/java.awt.DefaultKeyboardFocusManager.typeAheadAssertions(DefaultKeyboardFocusManager.java:966)
	at java.desktop/java.awt.DefaultKeyboardFocusManager.dispatchEvent(DefaultKeyboardFocusManager.java:792)
	at java.desktop/java.awt.Component.dispatchEventImpl(Component.java:4842)
	at java.desktop/java.awt.Container.dispatchEventImpl(Container.java:2317)
	at java.desktop/java.awt.Window.dispatchEventImpl(Window.java:2758)
	at java.desktop/java.awt.Component.dispatchEvent(Component.java:4793)
	at java.desktop/java.awt.EventQueue.dispatchEventImpl(EventQueue.java:766)
	at java.desktop/java.awt.EventQueue.access$500(EventQueue.java:97)
	at java.desktop/java.awt.EventQueue$3.run(EventQueue.java:717)
	at java.desktop/java.awt.EventQueue$3.run(EventQueue.java:711)
	at java.base/java.security.AccessController.doPrivileged(Native Method)
	at java.base/java.security.ProtectionDomain$JavaSecurityAccessImpl.doIntersectionPrivilege(ProtectionDomain.java:89)
	at java.base/java.security.ProtectionDomain$JavaSecurityAccessImpl.doIntersectionPrivilege(ProtectionDomain.java:99)
	at java.desktop/java.awt.EventQueue$4.run(EventQueue.java:739)
	at java.desktop/java.awt.EventQueue$4.run(EventQueue.java:737)
	at java.base/java.security.AccessController.doPrivileged(Native Method)
	at java.base/java.security.ProtectionDomain$JavaSecurityAccessImpl.doIntersectionPrivilege(ProtectionDomain.java:89)
	at java.desktop/java.awt.EventQueue.dispatchEvent(EventQueue.java:736)
	at java.desktop/java.awt.EventDispatchThread.pumpOneEventForFilters(EventDispatchThread.java:199)
	at java.desktop/java.awt.EventDispatchThread.pumpEventsForFilter(EventDispatchThread.java:124)
	at java.desktop/java.awt.EventDispatchThread.pumpEventsForHierarchy(EventDispatchThread.java:113)
	at java.desktop/java.awt.EventDispatchThread.pumpEvents(EventDispatchThread.java:109)
	at java.desktop/java.awt.EventDispatchThread.pumpEvents(EventDispatchThread.java:101)
	at java.desktop/java.awt.EventDispatchThread.run(EventDispatchThread.java:90)
[00:30:59] [CONSOLE_OUT]: [STRING] Searching youtube for: superstition lyrics
[00:30:59] [CLIENT_IO]: [GET] [typinganimation] [RETURN VALUE] 1
[00:30:59] [CLIENT_IO]: [GET] [showbusyicon] [RETURN VALUE] 0
[00:31:01] [CONSOLE_OUT]: [STRING] Starting download of: Superstition - Stevie Wonder with Lyrics
[00:31:01] [CLIENT_IO]: [GET] [typinganimation] [RETURN VALUE] 1
[00:31:02] [CLIENT_IO]: [GET] [showbusyicon] [RETURN VALUE] 0
[00:31:05] [CLIENT_IO]: [GET] [showbusyicon] [RETURN VALUE] 0
[00:31:08] [CLIENT_IO]: [GET] [showbusyicon] [RETURN VALUE] 0
[00:31:11] [CONSOLE_OUT]: [STRING] Download complete; playing
[00:31:11] [CLIENT_IO]: [GET] [typinganimation] [RETURN VALUE] 1
[00:31:11] [CLIENT_IO]: [GET] [showbusyicon] [RETURN VALUE] 0
[00:31:14] [CLIENT_IO]: [GET] [showbusyicon] [RETURN VALUE] 0
[00:31:17] [CLIENT_IO]: [GET] [showbusyicon] [RETURN VALUE] 0
[00:31:20] [CLIENT_IO]: [GET] [showbusyicon] [RETURN VALUE] 0
[00:31:23] [CLIENT_IO]: [GET] [showbusyicon] [RETURN VALUE] 0
[00:31:26] [CLIENT_IO]: [GET] [showbusyicon] [RETURN VALUE] 0
[00:31:27] [CLIENT]: Consolidate windows bottom right
[00:31:29] [CLIENT_IO]: [GET] [showbusyicon] [RETURN VALUE] 0
[00:31:32] [CLIENT_IO]: [GET] [showbusyicon] [RETURN VALUE] 0
[00:31:35] [CLIENT_IO]: [GET] [showbusyicon] [RETURN VALUE] 0
[00:31:38] [CLIENT_IO]: [GET] [showbusyicon] [RETURN VALUE] 0
[00:31:41] [CLIENT_IO]: [GET] [showbusyicon] [RETURN VALUE] 0
[00:31:44] [CLIENT_IO]: [GET] [showbusyicon] [RETURN VALUE] 0
[00:31:48] [CLIENT_IO]: [GET] [showbusyicon] [RETURN VALUE] 0
[00:31:51] [CLIENT_IO]: [GET] [showbusyicon] [RETURN VALUE] 0
[00:31:54] [CLIENT_IO]: [GET] [showbusyicon] [RETURN VALUE] 0
[00:31:57] [CLIENT_IO]: [GET] [showbusyicon] [RETURN VALUE] 0
[00:32:00] [CLIENT_IO]: [GET] [showbusyicon] [RETURN VALUE] 0
[00:32:03] [CLIENT_IO]: [GET] [showbusyicon] [RETURN VALUE] 0
[00:32:06] [CLIENT_IO]: [GET] [showbusyicon] [RETURN VALUE] 0
[00:32:09] [CLIENT_IO]: [GET] [showbusyicon] [RETURN VALUE] 0
[00:32:12] [CLIENT_IO]: [GET] [showbusyicon] [RETURN VALUE] 0
[00:32:15] [CLIENT_IO]: [GET] [showbusyicon] [RETURN VALUE] 0
[00:32:18] [CLIENT_IO]: [GET] [showbusyicon] [RETURN VALUE] 0
[00:32:21] [CLIENT_IO]: [GET] [showbusyicon] [RETURN VALUE] 0
[00:32:24] [CLIENT_IO]: [GET] [showbusyicon] [RETURN VALUE] 0
[00:32:27] [CLIENT_IO]: [GET] [showbusyicon] [RETURN VALUE] 0
[00:32:30] [CLIENT_IO]: [GET] [showbusyicon] [RETURN VALUE] 0
[00:32:33] [CLIENT_IO]: [GET] [showbusyicon] [RETURN VALUE] 0
[00:32:36] [CLIENT_IO]: [GET] [showbusyicon] [RETURN VALUE] 0
[00:32:39] [CLIENT_IO]: [GET] [showbusyicon] [RETURN VALUE] 0
[00:32:42] [CLIENT_IO]: [GET] [showbusyicon] [RETURN VALUE] 0
[00:32:45] [CLIENT_IO]: [GET] [showbusyicon] [RETURN VALUE] 0
[00:32:48] [CLIENT_IO]: [GET] [showbusyicon] [RETURN VALUE] 0
[00:32:51] [CLIENT_IO]: [GET] [showbusyicon] [RETURN VALUE] 0
[00:32:54] [CLIENT_IO]: [GET] [showbusyicon] [RETURN VALUE] 0
[00:32:57] [CLIENT_IO]: [GET] [showbusyicon] [RETURN VALUE] 0
[00:33:00] [CLIENT_IO]: [GET] [showbusyicon] [RETURN VALUE] 0
[00:33:03] [CLIENT_IO]: [GET] [showbusyicon] [RETURN VALUE] 0
[00:33:06] [CLIENT_IO]: [GET] [showbusyicon] [RETURN VALUE] 0
[00:33:09] [CLIENT_IO]: [GET] [showbusyicon] [RETURN VALUE] 0
[00:33:12] [CLIENT_IO]: [GET] [showbusyicon] [RETURN VALUE] 0
[00:33:15] [CLIENT_IO]: [GET] [showbusyicon] [RETURN VALUE] 0
[00:33:18] [CLIENT_IO]: [GET] [showbusyicon] [RETURN VALUE] 0
[00:33:21] [CLIENT_IO]: [GET] [showbusyicon] [RETURN VALUE] 0
[00:33:24] [CLIENT_IO]: [GET] [showbusyicon] [RETURN VALUE] 0
[00:33:27] [CLIENT_IO]: [GET] [showbusyicon] [RETURN VALUE] 0
[00:33:30] [CLIENT_IO]: [GET] [showbusyicon] [RETURN VALUE] 0
[00:33:33] [CLIENT_IO]: [GET] [showbusyicon] [RETURN VALUE] 0
[00:33:36] [CLIENT_IO]: [GET] [showbusyicon] [RETURN VALUE] 0
[00:33:36] [CLIENT]: Prefs
[00:33:37] [ACTION]: USER EDITOR
[00:33:38] [ACTION]: CyderButton, text=[Delete] CLICKED
[00:33:38] [CONSOLE_OUT]: [STRING] Music: Funk Bros intro panthurr - i love u. successfully deleted.
[00:33:38] [CLIENT_IO]: [GET] [typinganimation] [RETURN VALUE] 1
[00:33:39] [CLIENT_IO]: [GET] [showbusyicon] [RETURN VALUE] 0
[00:33:40] [ACTION]: CyderButton, text=[Delete] CLICKED
[00:33:41] [CONSOLE_OUT]: [STRING] Music: Superstition - Stevie Wonder with Lyrics successfully deleted.
[00:33:41] [CLIENT_IO]: [GET] [typinganimation] [RETURN VALUE] 1
[00:33:41] [CLIENT_IO]: [GET] [OutputBorder] [RETURN VALUE] 0
[00:33:41] [CLIENT_IO]: [GET] [InputBorder] [RETURN VALUE] 0
[00:33:41] [CLIENT_IO]: [GET] [FullScreen] [RETURN VALUE] 0
[00:33:41] [CLIENT_IO]: [GET] [FullScreen] [RETURN VALUE] 0
[00:33:41] [CLIENT_IO]: [GET] [OutputFill] [RETURN VALUE] 0
[00:33:41] [CLIENT_IO]: [GET] [InputFill] [RETURN VALUE] 0
[00:33:42] [CLIENT_IO]: [GET] [showbusyicon] [RETURN VALUE] 0
[00:33:45] [CLIENT_IO]: [GET] [showbusyicon] [RETURN VALUE] 0
[00:33:47] [CLIENT]: Play flume say it illenium remix
[00:33:47] [EXCEPTION]: 
no protocol: flume say it illenium remix
Thrown from:
java.base/java.net.URL.<init>(URL.java:627)
StackTrace:
java.net.MalformedURLException: no protocol: flume say it illenium remix
	at java.base/java.net.URL.<init>(URL.java:627)
	at java.base/java.net.URL.<init>(URL.java:523)
	at java.base/java.net.URL.<init>(URL.java:470)
	at cyder.handler.InputHandler.handle(InputHandler.java:881)
	at cyder.ui.ConsoleFrame.lambda$start$1(ConsoleFrame.java:454)
	at java.desktop/javax.swing.JTextField.fireActionPerformed(JTextField.java:508)
	at java.desktop/javax.swing.JTextField.postActionEvent(JTextField.java:723)
	at java.desktop/javax.swing.JTextField$NotifyAction.actionPerformed(JTextField.java:839)
	at java.desktop/javax.swing.SwingUtilities.notifyAction(SwingUtilities.java:1805)
	at java.desktop/javax.swing.JComponent.processKeyBinding(JComponent.java:2901)
	at java.desktop/javax.swing.JComponent.processKeyBindings(JComponent.java:2949)
	at java.desktop/javax.swing.JComponent.processKeyEvent(JComponent.java:2863)
	at java.desktop/java.awt.Component.processEvent(Component.java:6355)
	at java.desktop/java.awt.Container.processEvent(Container.java:2259)
	at java.desktop/java.awt.Component.dispatchEventImpl(Component.java:4961)
	at java.desktop/java.awt.Container.dispatchEventImpl(Container.java:2317)
	at java.desktop/java.awt.Component.dispatchEvent(Component.java:4793)
	at java.desktop/java.awt.KeyboardFocusManager.redispatchEvent(KeyboardFocusManager.java:1955)
	at java.desktop/java.awt.DefaultKeyboardFocusManager.dispatchKeyEvent(DefaultKeyboardFocusManager.java:827)
	at java.desktop/java.awt.DefaultKeyboardFocusManager.preDispatchKeyEvent(DefaultKeyboardFocusManager.java:1096)
	at java.desktop/java.awt.DefaultKeyboardFocusManager.typeAheadAssertions(DefaultKeyboardFocusManager.java:966)
	at java.desktop/java.awt.DefaultKeyboardFocusManager.dispatchEvent(DefaultKeyboardFocusManager.java:792)
	at java.desktop/java.awt.Component.dispatchEventImpl(Component.java:4842)
	at java.desktop/java.awt.Container.dispatchEventImpl(Container.java:2317)
	at java.desktop/java.awt.Window.dispatchEventImpl(Window.java:2758)
	at java.desktop/java.awt.Component.dispatchEvent(Component.java:4793)
	at java.desktop/java.awt.EventQueue.dispatchEventImpl(EventQueue.java:766)
	at java.desktop/java.awt.EventQueue.access$500(EventQueue.java:97)
	at java.desktop/java.awt.EventQueue$3.run(EventQueue.java:717)
	at java.desktop/java.awt.EventQueue$3.run(EventQueue.java:711)
	at java.base/java.security.AccessController.doPrivileged(Native Method)
	at java.base/java.security.ProtectionDomain$JavaSecurityAccessImpl.doIntersectionPrivilege(ProtectionDomain.java:89)
	at java.base/java.security.ProtectionDomain$JavaSecurityAccessImpl.doIntersectionPrivilege(ProtectionDomain.java:99)
	at java.desktop/java.awt.EventQueue$4.run(EventQueue.java:739)
	at java.desktop/java.awt.EventQueue$4.run(EventQueue.java:737)
	at java.base/java.security.AccessController.doPrivileged(Native Method)
	at java.base/java.security.ProtectionDomain$JavaSecurityAccessImpl.doIntersectionPrivilege(ProtectionDomain.java:89)
	at java.desktop/java.awt.EventQueue.dispatchEvent(EventQueue.java:736)
	at java.desktop/java.awt.EventDispatchThread.pumpOneEventForFilters(EventDispatchThread.java:199)
	at java.desktop/java.awt.EventDispatchThread.pumpEventsForFilter(EventDispatchThread.java:124)
	at java.desktop/java.awt.EventDispatchThread.pumpEventsForHierarchy(EventDispatchThread.java:113)
	at java.desktop/java.awt.EventDispatchThread.pumpEvents(EventDispatchThread.java:109)
	at java.desktop/java.awt.EventDispatchThread.pumpEvents(EventDispatchThread.java:101)
	at java.desktop/java.awt.EventDispatchThread.run(EventDispatchThread.java:90)
[00:33:47] [CONSOLE_OUT]: [STRING] Searching youtube for: flume say it illenium remix
[00:33:47] [CLIENT_IO]: [GET] [typinganimation] [RETURN VALUE] 1
[00:33:48] [CLIENT_IO]: [GET] [showbusyicon] [RETURN VALUE] 0
[00:33:49] [CONSOLE_OUT]: [STRING] Starting download of: Flume - Say It (feat. Tove Lo) (Illenium Remix)
[00:33:49] [CLIENT_IO]: [GET] [typinganimation] [RETURN VALUE] 1
[00:33:51] [CLIENT_IO]: [GET] [showbusyicon] [RETURN VALUE] 0
[00:33:54] [CLIENT_IO]: [GET] [showbusyicon] [RETURN VALUE] 0
[00:33:57] [CLIENT_IO]: [GET] [showbusyicon] [RETURN VALUE] 0
[00:33:58] [CONSOLE_OUT]: [STRING] Download complete; playing
[00:33:58] [CLIENT_IO]: [GET] [typinganimation] [RETURN VALUE] 1
[00:34:00] [CLIENT_IO]: [GET] [showbusyicon] [RETURN VALUE] 0
[00:34:03] [CLIENT_IO]: [GET] [showbusyicon] [RETURN VALUE] 0
[00:34:06] [CLIENT_IO]: [GET] [showbusyicon] [RETURN VALUE] 0
[00:34:09] [CLIENT_IO]: [GET] [showbusyicon] [RETURN VALUE] 0
[00:34:12] [CLIENT_IO]: [GET] [showbusyicon] [RETURN VALUE] 0
[00:34:15] [CLIENT_IO]: [GET] [showbusyicon] [RETURN VALUE] 0
[00:34:18] [CLIENT_IO]: [GET] [showbusyicon] [RETURN VALUE] 0
[00:34:21] [CLIENT_IO]: [GET] [showbusyicon] [RETURN VALUE] 0
[00:34:24] [CLIENT_IO]: [GET] [showbusyicon] [RETURN VALUE] 0
[00:34:27] [CLIENT_IO]: [GET] [showbusyicon] [RETURN VALUE] 0
[00:34:30] [CLIENT_IO]: [GET] [showbusyicon] [RETURN VALUE] 0
[00:34:33] [CLIENT_IO]: [GET] [showbusyicon] [RETURN VALUE] 0
[00:34:36] [CLIENT_IO]: [GET] [showbusyicon] [RETURN VALUE] 0
[00:34:39] [CLIENT_IO]: [GET] [showbusyicon] [RETURN VALUE] 0
[00:34:42] [CLIENT_IO]: [GET] [showbusyicon] [RETURN VALUE] 0
[00:34:45] [CLIENT_IO]: [GET] [showbusyicon] [RETURN VALUE] 0
[00:34:49] [CLIENT_IO]: [GET] [showbusyicon] [RETURN VALUE] 0
[00:34:52] [CLIENT_IO]: [GET] [showbusyicon] [RETURN VALUE] 0
[00:34:55] [CLIENT_IO]: [GET] [showbusyicon] [RETURN VALUE] 0
[00:34:58] [CLIENT_IO]: [GET] [showbusyicon] [RETURN VALUE] 0
[00:35:01] [CLIENT_IO]: [GET] [showbusyicon] [RETURN VALUE] 0
[00:35:04] [CLIENT_IO]: [GET] [showbusyicon] [RETURN VALUE] 0
[00:35:07] [CLIENT_IO]: [GET] [showbusyicon] [RETURN VALUE] 0
[00:35:10] [CLIENT_IO]: [GET] [showbusyicon] [RETURN VALUE] 0
[00:35:13] [CLIENT_IO]: [GET] [showbusyicon] [RETURN VALUE] 0
[00:35:16] [CLIENT_IO]: [GET] [showbusyicon] [RETURN VALUE] 0
[00:35:19] [CLIENT_IO]: [GET] [showbusyicon] [RETURN VALUE] 0
[00:35:22] [CLIENT_IO]: [GET] [showbusyicon] [RETURN VALUE] 0
[00:35:25] [CLIENT_IO]: [GET] [showbusyicon] [RETURN VALUE] 0
[00:35:28] [CLIENT_IO]: [GET] [showbusyicon] [RETURN VALUE] 0
[00:35:31] [CLIENT_IO]: [GET] [showbusyicon] [RETURN VALUE] 0
[00:35:34] [CLIENT_IO]: [GET] [showbusyicon] [RETURN VALUE] 0
[00:35:37] [CLIENT_IO]: [GET] [showbusyicon] [RETURN VALUE] 0
[00:35:40] [CLIENT_IO]: [GET] [showbusyicon] [RETURN VALUE] 0
[00:35:43] [CLIENT_IO]: [GET] [showbusyicon] [RETURN VALUE] 0
[00:35:46] [CLIENT_IO]: [GET] [showbusyicon] [RETURN VALUE] 0
[00:35:49] [CLIENT_IO]: [GET] [showbusyicon] [RETURN VALUE] 0
[00:35:52] [CLIENT_IO]: [GET] [showbusyicon] [RETURN VALUE] 0
[00:35:55] [CLIENT_IO]: [GET] [showbusyicon] [RETURN VALUE] 0
[00:35:58] [CLIENT_IO]: [GET] [showbusyicon] [RETURN VALUE] 0
[00:36:01] [CLIENT_IO]: [GET] [showbusyicon] [RETURN VALUE] 0
[00:36:04] [CLIENT_IO]: [GET] [showbusyicon] [RETURN VALUE] 0
[00:36:07] [CLIENT_IO]: [GET] [showbusyicon] [RETURN VALUE] 0
[00:36:10] [CLIENT_IO]: [GET] [showbusyicon] [RETURN VALUE] 0
[00:36:13] [CLIENT_IO]: [GET] [showbusyicon] [RETURN VALUE] 0
[00:36:16] [CLIENT_IO]: [GET] [showbusyicon] [RETURN VALUE] 0
[00:36:19] [CLIENT_IO]: [GET] [showbusyicon] [RETURN VALUE] 0
[00:36:22] [CLIENT_IO]: [GET] [showbusyicon] [RETURN VALUE] 0
[00:36:25] [CLIENT_IO]: [GET] [showbusyicon] [RETURN VALUE] 0
[00:36:28] [CLIENT_IO]: [GET] [showbusyicon] [RETURN VALUE] 0
[00:36:31] [CLIENT_IO]: [GET] [showbusyicon] [RETURN VALUE] 0
[00:36:34] [CLIENT_IO]: [GET] [showbusyicon] [RETURN VALUE] 0
[00:36:37] [CLIENT_IO]: [GET] [showbusyicon] [RETURN VALUE] 0
[00:36:40] [CLIENT_IO]: [GET] [showbusyicon] [RETURN VALUE] 0
[00:36:43] [CLIENT_IO]: [GET] [showbusyicon] [RETURN VALUE] 0
[00:36:46] [CLIENT_IO]: [GET] [showbusyicon] [RETURN VALUE] 0
[00:36:49] [CLIENT_IO]: [GET] [showbusyicon] [RETURN VALUE] 0
[00:36:52] [CLIENT_IO]: [GET] [showbusyicon] [RETURN VALUE] 0
[00:36:55] [CLIENT_IO]: [GET] [showbusyicon] [RETURN VALUE] 0
[00:36:58] [CLIENT_IO]: [GET] [showbusyicon] [RETURN VALUE] 0
[00:37:01] [CLIENT_IO]: [GET] [showbusyicon] [RETURN VALUE] 0
[00:37:04] [CLIENT_IO]: [GET] [showbusyicon] [RETURN VALUE] 0
[00:37:07] [CLIENT_IO]: [GET] [showbusyicon] [RETURN VALUE] 0
[00:37:10] [CLIENT_IO]: [GET] [showbusyicon] [RETURN VALUE] 0
[00:37:13] [CLIENT_IO]: [GET] [showbusyicon] [RETURN VALUE] 0
[00:37:16] [CLIENT_IO]: [GET] [showbusyicon] [RETURN VALUE] 0
[00:37:19] [CLIENT_IO]: [GET] [showbusyicon] [RETURN VALUE] 0
[00:37:22] [CLIENT_IO]: [GET] [showbusyicon] [RETURN VALUE] 0
[00:37:25] [CLIENT_IO]: [GET] [showbusyicon] [RETURN VALUE] 0
[00:37:28] [CLIENT_IO]: [GET] [showbusyicon] [RETURN VALUE] 0
[00:37:31] [CLIENT_IO]: [GET] [showbusyicon] [RETURN VALUE] 0
[00:37:34] [CLIENT_IO]: [GET] [showbusyicon] [RETURN VALUE] 0
[00:37:37] [CLIENT_IO]: [GET] [showbusyicon] [RETURN VALUE] 0
[00:37:40] [CLIENT_IO]: [GET] [showbusyicon] [RETURN VALUE] 0
[00:37:43] [CLIENT_IO]: [GET] [showbusyicon] [RETURN VALUE] 0
[00:37:46] [CLIENT_IO]: [GET] [showbusyicon] [RETURN VALUE] 0
[00:37:49] [CLIENT_IO]: [GET] [showbusyicon] [RETURN VALUE] 0
[00:37:52] [CLIENT_IO]: [GET] [showbusyicon] [RETURN VALUE] 0
[00:37:55] [CLIENT_IO]: [GET] [showbusyicon] [RETURN VALUE] 0
[00:37:58] [CLIENT_IO]: [GET] [showbusyicon] [RETURN VALUE] 0
[00:38:01] [CLIENT_IO]: [GET] [showbusyicon] [RETURN VALUE] 0
[00:38:04] [CLIENT_IO]: [GET] [showbusyicon] [RETURN VALUE] 0
[00:38:07] [CLIENT_IO]: [GET] [showbusyicon] [RETURN VALUE] 0
[00:38:10] [CLIENT_IO]: [GET] [showbusyicon] [RETURN VALUE] 0
[00:38:13] [CLIENT_IO]: [GET] [showbusyicon] [RETURN VALUE] 0
[00:38:16] [CLIENT_IO]: [GET] [showbusyicon] [RETURN VALUE] 0
[00:38:19] [CLIENT_IO]: [GET] [showbusyicon] [RETURN VALUE] 0
[00:38:22] [CLIENT_IO]: [GET] [showbusyicon] [RETURN VALUE] 0
[00:38:25] [CLIENT_IO]: [GET] [showbusyicon] [RETURN VALUE] 0
[00:38:28] [CLIENT_IO]: [GET] [showbusyicon] [RETURN VALUE] 0
[00:38:31] [CLIENT_IO]: [GET] [showbusyicon] [RETURN VALUE] 0
[00:38:34] [CLIENT_IO]: [GET] [showbusyicon] [RETURN VALUE] 0
[00:38:37] [CLIENT_IO]: [GET] [showbusyicon] [RETURN VALUE] 0
[00:38:40] [CLIENT_IO]: [GET] [showbusyicon] [RETURN VALUE] 0
[00:38:43] [CLIENT_IO]: [GET] [showbusyicon] [RETURN VALUE] 0
[00:38:46] [CLIENT_IO]: [GET] [showbusyicon] [RETURN VALUE] 0
[00:38:49] [CLIENT_IO]: [GET] [showbusyicon] [RETURN VALUE] 0
[00:38:52] [CLIENT_IO]: [GET] [showbusyicon] [RETURN VALUE] 0
[00:38:55] [CLIENT_IO]: [GET] [showbusyicon] [RETURN VALUE] 0
[00:38:58] [CLIENT_IO]: [GET] [showbusyicon] [RETURN VALUE] 0
[00:39:01] [CLIENT_IO]: [GET] [showbusyicon] [RETURN VALUE] 0
[00:39:04] [CLIENT_IO]: [GET] [showbusyicon] [RETURN VALUE] 0
[00:39:07] [CLIENT_IO]: [GET] [showbusyicon] [RETURN VALUE] 0
[00:39:10] [CLIENT_IO]: [GET] [showbusyicon] [RETURN VALUE] 0
[00:39:13] [CLIENT_IO]: [GET] [showbusyicon] [RETURN VALUE] 0
[00:39:16] [CLIENT_IO]: [GET] [showbusyicon] [RETURN VALUE] 0
[00:39:19] [CLIENT_IO]: [GET] [showbusyicon] [RETURN VALUE] 0
[00:39:22] [CLIENT_IO]: [GET] [showbusyicon] [RETURN VALUE] 0
[00:39:25] [CLIENT_IO]: [GET] [showbusyicon] [RETURN VALUE] 0
[00:39:28] [CLIENT_IO]: [GET] [showbusyicon] [RETURN VALUE] 0
[00:39:31] [CLIENT_IO]: [GET] [showbusyicon] [RETURN VALUE] 0
[00:39:34] [CLIENT_IO]: [GET] [showbusyicon] [RETURN VALUE] 0
[00:39:37] [CLIENT_IO]: [GET] [showbusyicon] [RETURN VALUE] 0
[00:39:40] [CLIENT_IO]: [GET] [showbusyicon] [RETURN VALUE] 0
[00:39:43] [CLIENT_IO]: [GET] [showbusyicon] [RETURN VALUE] 0
[00:39:46] [CLIENT_IO]: [GET] [showbusyicon] [RETURN VALUE] 0
[00:39:49] [CLIENT_IO]: [GET] [showbusyicon] [RETURN VALUE] 0
[00:39:52] [CLIENT_IO]: [GET] [showbusyicon] [RETURN VALUE] 0
[00:39:56] [CLIENT_IO]: [GET] [showbusyicon] [RETURN VALUE] 0
[00:39:59] [CLIENT_IO]: [GET] [showbusyicon] [RETURN VALUE] 0
[00:40:02] [CLIENT_IO]: [GET] [showbusyicon] [RETURN VALUE] 0
[00:40:05] [CLIENT_IO]: [GET] [showbusyicon] [RETURN VALUE] 0
[00:40:08] [CLIENT_IO]: [GET] [showbusyicon] [RETURN VALUE] 0
[00:40:11] [CLIENT_IO]: [GET] [showbusyicon] [RETURN VALUE] 0
[00:40:14] [CLIENT_IO]: [GET] [showbusyicon] [RETURN VALUE] 0
[00:40:17] [CLIENT_IO]: [GET] [showbusyicon] [RETURN VALUE] 0
[00:40:20] [CLIENT_IO]: [GET] [showbusyicon] [RETURN VALUE] 0
[00:40:23] [CLIENT_IO]: [GET] [showbusyicon] [RETURN VALUE] 0
[00:40:26] [CLIENT_IO]: [GET] [showbusyicon] [RETURN VALUE] 0
[00:40:29] [CLIENT_IO]: [GET] [showbusyicon] [RETURN VALUE] 0
[00:40:32] [CLIENT_IO]: [GET] [showbusyicon] [RETURN VALUE] 0
[00:40:35] [CLIENT_IO]: [GET] [showbusyicon] [RETURN VALUE] 0
[00:40:38] [CLIENT_IO]: [GET] [showbusyicon] [RETURN VALUE] 0
[00:40:41] [CLIENT_IO]: [GET] [showbusyicon] [RETURN VALUE] 0
[00:40:44] [CLIENT_IO]: [GET] [showbusyicon] [RETURN VALUE] 0
[00:40:47] [CLIENT_IO]: [GET] [showbusyicon] [RETURN VALUE] 0
[00:40:50] [CLIENT_IO]: [GET] [showbusyicon] [RETURN VALUE] 0
[00:40:53] [CLIENT_IO]: [GET] [showbusyicon] [RETURN VALUE] 0
[00:40:56] [CLIENT_IO]: [GET] [showbusyicon] [RETURN VALUE] 0
[00:40:59] [CLIENT_IO]: [GET] [showbusyicon] [RETURN VALUE] 0
[00:41:02] [CLIENT_IO]: [GET] [showbusyicon] [RETURN VALUE] 0
[00:41:05] [CLIENT_IO]: [GET] [showbusyicon] [RETURN VALUE] 0
[00:41:08] [CLIENT_IO]: [GET] [showbusyicon] [RETURN VALUE] 0
[00:41:11] [CLIENT_IO]: [GET] [showbusyicon] [RETURN VALUE] 0
[00:41:14] [CLIENT_IO]: [GET] [showbusyicon] [RETURN VALUE] 0
[00:41:17] [CLIENT_IO]: [GET] [showbusyicon] [RETURN VALUE] 0
[00:41:20] [CLIENT_IO]: [GET] [showbusyicon] [RETURN VALUE] 0
[00:41:23] [CLIENT_IO]: [GET] [showbusyicon] [RETURN VALUE] 0
[00:41:26] [CLIENT_IO]: [GET] [showbusyicon] [RETURN VALUE] 0
[00:41:29] [CLIENT_IO]: [GET] [showbusyicon] [RETURN VALUE] 0
[00:41:32] [CLIENT_IO]: [GET] [showbusyicon] [RETURN VALUE] 0
[00:41:35] [CLIENT_IO]: [GET] [showbusyicon] [RETURN VALUE] 0
[00:41:38] [CLIENT_IO]: [GET] [showbusyicon] [RETURN VALUE] 0
[00:41:41] [CLIENT_IO]: [GET] [showbusyicon] [RETURN VALUE] 0
[00:41:44] [CLIENT_IO]: [GET] [showbusyicon] [RETURN VALUE] 0
[00:41:47] [CLIENT_IO]: [GET] [showbusyicon] [RETURN VALUE] 0
[00:41:50] [CLIENT_IO]: [GET] [showbusyicon] [RETURN VALUE] 0
[00:41:53] [CLIENT_IO]: [GET] [showbusyicon] [RETURN VALUE] 0
[00:41:56] [CLIENT_IO]: [GET] [showbusyicon] [RETURN VALUE] 0
[00:41:59] [CLIENT_IO]: [GET] [showbusyicon] [RETURN VALUE] 0
[00:42:02] [CLIENT_IO]: [GET] [showbusyicon] [RETURN VALUE] 0
[00:42:05] [CLIENT_IO]: [GET] [showbusyicon] [RETURN VALUE] 0
[00:42:08] [CLIENT_IO]: [GET] [showbusyicon] [RETURN VALUE] 0
[00:42:11] [CLIENT_IO]: [GET] [showbusyicon] [RETURN VALUE] 0
[00:42:14] [CLIENT_IO]: [GET] [showbusyicon] [RETURN VALUE] 0
[00:42:17] [CLIENT_IO]: [GET] [showbusyicon] [RETURN VALUE] 0
[00:42:20] [CLIENT_IO]: [GET] [showbusyicon] [RETURN VALUE] 0
[00:42:23] [CLIENT_IO]: [GET] [showbusyicon] [RETURN VALUE] 0
[00:42:26] [CLIENT_IO]: [GET] [showbusyicon] [RETURN VALUE] 0
[00:42:29] [CLIENT_IO]: [GET] [showbusyicon] [RETURN VALUE] 0
[00:42:32] [CLIENT_IO]: [GET] [showbusyicon] [RETURN VALUE] 0
[00:42:35] [CLIENT_IO]: [GET] [showbusyicon] [RETURN VALUE] 0
[00:42:38] [CLIENT_IO]: [GET] [showbusyicon] [RETURN VALUE] 0
[00:42:41] [CLIENT_IO]: [GET] [showbusyicon] [RETURN VALUE] 0
[00:42:44] [CLIENT_IO]: [GET] [showbusyicon] [RETURN VALUE] 0
[00:42:47] [CLIENT_IO]: [GET] [showbusyicon] [RETURN VALUE] 0
[00:42:50] [CLIENT_IO]: [GET] [showbusyicon] [RETURN VALUE] 0
[00:42:53] [CLIENT_IO]: [GET] [showbusyicon] [RETURN VALUE] 0
[00:42:56] [CLIENT_IO]: [GET] [showbusyicon] [RETURN VALUE] 0
[00:42:59] [CLIENT_IO]: [GET] [showbusyicon] [RETURN VALUE] 0
[00:43:02] [CLIENT_IO]: [GET] [showbusyicon] [RETURN VALUE] 0
[00:43:05] [CLIENT_IO]: [GET] [showbusyicon] [RETURN VALUE] 0
[00:43:08] [CLIENT_IO]: [GET] [showbusyicon] [RETURN VALUE] 0
[00:43:11] [CLIENT_IO]: [GET] [showbusyicon] [RETURN VALUE] 0
[00:43:14] [CLIENT_IO]: [GET] [showbusyicon] [RETURN VALUE] 0
[00:43:17] [CLIENT_IO]: [GET] [showbusyicon] [RETURN VALUE] 0
[00:43:20] [CLIENT_IO]: [GET] [showbusyicon] [RETURN VALUE] 0
[00:43:23] [CLIENT_IO]: [GET] [showbusyicon] [RETURN VALUE] 0
[00:43:26] [CLIENT_IO]: [GET] [showbusyicon] [RETURN VALUE] 0
[00:43:29] [CLIENT_IO]: [GET] [showbusyicon] [RETURN VALUE] 0
[00:43:32] [CLIENT_IO]: [GET] [showbusyicon] [RETURN VALUE] 0
[00:43:35] [CLIENT_IO]: [GET] [showbusyicon] [RETURN VALUE] 0
[00:43:38] [CLIENT_IO]: [GET] [showbusyicon] [RETURN VALUE] 0
[00:43:41] [CLIENT_IO]: [GET] [showbusyicon] [RETURN VALUE] 0
[00:43:44] [CLIENT_IO]: [GET] [showbusyicon] [RETURN VALUE] 0
[00:43:47] [CLIENT_IO]: [GET] [showbusyicon] [RETURN VALUE] 0
[00:43:50] [CLIENT_IO]: [GET] [showbusyicon] [RETURN VALUE] 0
[00:43:53] [CLIENT_IO]: [GET] [showbusyicon] [RETURN VALUE] 0
[00:43:56] [CLIENT_IO]: [GET] [showbusyicon] [RETURN VALUE] 0
[00:43:59] [CLIENT_IO]: [GET] [showbusyicon] [RETURN VALUE] 0
[00:44:02] [CLIENT_IO]: [GET] [showbusyicon] [RETURN VALUE] 0
[00:44:05] [CLIENT_IO]: [GET] [minimizeonclose] [RETURN VALUE] 0
[00:44:05] [CLIENT_IO]: [GET] [Name] [RETURN VALUE] Nathan
[00:44:05] [LOGOUT]:  [Nathan]
[00:44:05] [EXIT]: [RUNTIME] 14m 15s
[00:44:05] [EOL]: Log completed, exiting program with code: 25 [Genesis Controlled Exit], exceptions thrown: 2
