[23:31:53] [ENTRY]: [WINUSER=Nathan]
[23:31:54] [JAVA ARGS]: [LOCATION] [400 S. Monroe St. Tallahassee, FL]
[23:31:55] [LOGIN]: [AUTOCYPHER ATTEMPT]
[23:31:55] [LOGIN]: [AUTOCYPHER PASS]
[23:31:56] [CLIENT]: [SIMULATED INPUT] test
[23:31:58] [CLIENT]: Prefs
[23:31:58] [ACTION]: USER EDITOR
[23:31:59] [ACTION]: CyderButton CLICKED, toString(): CyderButton object, hash=198831556, text=[<] parentFrame=[Edit User]
[23:32:00] [ACTION]: CyderButton CLICKED, toString(): CyderButton object, hash=198831556, text=[<] parentFrame=[Edit User]
[23:32:01] [ACTION]: CyderButton CLICKED, toString(): CyderButton object, hash=198831556, text=[<] parentFrame=[Edit User]
[23:32:01] [ACTION]: [Edit User] [NOTIFICATION] Loading fonts...
[23:32:02] [ACTION]: CyderButton CLICKED, toString(): CyderButton object, hash=1782727293, text=[>] parentFrame=[Edit User]
[23:32:04] [ACTION]: CyderButton CLICKED, toString(): CyderButton object, hash=198831556, text=[<] parentFrame=[Edit User]
[23:32:04] [ACTION]: [Edit User] [NOTIFICATION] Loading fonts...
[23:32:05] [ACTION]: CyderButton CLICKED, toString(): CyderButton object, hash=1782727293, text=[>] parentFrame=[Edit User]
[23:32:06] [ACTION]: CyderButton CLICKED, toString(): CyderButton object, hash=198831556, text=[<] parentFrame=[Edit User]
[23:32:07] [ACTION]: [Edit User] [NOTIFICATION] Loading fonts...
[23:32:16] [ACTION]: CyderButton CLICKED, toString(): CyderButton object, hash=9088571, text=[Reset ALL] parentFrame=[Edit User]
[23:32:16] [ACTION]: [Edit User] [NOTIFICATION] Default fonts and colors set
[23:32:22] [LOGOUT]:  [Nathan]
[23:32:22] [EXIT]: [RUNTIME] 28s
[23:32:22] [EOL]: Log completed, exiting program with code: 25 [Genesis Controlled Exit], exceptions thrown: 0
