[14:00:42] [ENTRY]: [WINUSER=Nathan]
[14:00:42] [SYSTEM_IO]: [GET] [UISCALE] [RETURN VALUE] 1.0
[14:00:42] [SYSTEM_IO]: [GET] [MMAC] [RETURN VALUE] 5c486915459709261d6d9af79dd1be29fea375fe59a8392f64369d2c6da0816e
[14:00:42] [JAVA ARGS]: [LOCATION] [400 S. Monroe St. Tallahassee, FL] //Ron DeSantis is a GOAT
[14:00:42] [SYSTEM_IO]: [GET] [MMAC] [RETURN VALUE] 5c486915459709261d6d9af79dd1be29fea375fe59a8392f64369d2c6da0816e
[14:00:43] [SYSTEM_IO]: [GET] [MMAC] [RETURN VALUE] 5c486915459709261d6d9af79dd1be29fea375fe59a8392f64369d2c6da0816e
[14:00:43] [LOGIN]: [AUTOCYPHER ATTEMPT]
[14:00:43] [LOGIN]: [AUTOCYPHER PASS]
[14:00:43] [CLIENT_IO]: [GET] [Name] [RETURN VALUE] Nathan
[14:00:43] [CLIENT_IO]: [GET] [RandomBackground] [RETURN VALUE] 0
[14:00:43] [CLIENT_IO]: [GET] [FullScreen] [RETURN VALUE] 0
[14:00:44] [SYSTEM_IO]: [GET] [Version] [RETURN VALUE] Soultree
[14:00:44] [CLIENT_IO]: [GET] [Name] [RETURN VALUE] Nathan
[14:00:44] [SYSTEM_IO]: [GET] [ConsoleResizable] [RETURN VALUE] 1
[14:00:44] [CLIENT_IO]: [GET] [Foreground] [RETURN VALUE] 000000
[14:00:44] [CLIENT_IO]: [GET] [Foreground] [RETURN VALUE] 000000
[14:00:44] [CLIENT_IO]: [GET] [FullScreen] [RETURN VALUE] 0
[14:00:44] [CLIENT_IO]: [GET] [FullScreen] [RETURN VALUE] 0
[14:00:44] [CLIENT_IO]: [GET] [Foreground] [RETURN VALUE] 000000
[14:00:44] [CLIENT_IO]: [GET] [Font] [RETURN VALUE] Agency FB
[14:00:44] [CLIENT_IO]: [GET] [OutputBorder] [RETURN VALUE] 0
[14:00:44] [CLIENT_IO]: [GET] [FullScreen] [RETURN VALUE] 0
[14:00:44] [CLIENT_IO]: [GET] [FullScreen] [RETURN VALUE] 0
[14:00:44] [CLIENT_IO]: [GET] [InputBorder] [RETURN VALUE] 0
[14:00:44] [CLIENT_IO]: [GET] [Foreground] [RETURN VALUE] 000000
[14:00:44] [CLIENT_IO]: [GET] [Foreground] [RETURN VALUE] 000000
[14:00:44] [CLIENT_IO]: [GET] [Foreground] [RETURN VALUE] 000000
[14:00:44] [CLIENT_IO]: [GET] [Font] [RETURN VALUE] Agency FB
[14:00:44] [CLIENT_IO]: [GET] [OutputFill] [RETURN VALUE] 0
[14:00:44] [CLIENT_IO]: [GET] [InputFill] [RETURN VALUE] 0
[14:00:44] [CLIENT_IO]: [GET] [IntroMusic] [RETURN VALUE] 0
[14:00:44] [CLIENT_IO]: [GET] [DebugWindows] [RETURN VALUE] 0
[14:00:44] [SYSTEM_IO]: [GET] [MMAC] [RETURN VALUE] 5c486915459709261d6d9af79dd1be29fea375fe59a8392f64369d2c6da0816e
[14:00:44] [CLIENT]: test
[14:00:44] [CLIENT]: file signature
[14:00:44] [CONSOLE_OUT]: [STRING] java.awt.Color[r=16,g=16,b=16]
[14:00:44] [ACTION]: FILE SIGNATURE
[14:00:44] [CLIENT_IO]: [GET] [laststart] [RETURN VALUE] 1626116159993
[14:00:44] [CLIENT_IO]: [SET] [KEY] laststart [VALUE] 1626116444873
[14:00:47] [ACTION]: CyderButton, text=[Select File] CLICKED
[14:00:57] [ACTION]: CyderButton, text=[Validate File] CLICKED
[14:01:00] [ACTION]: CyderButton, text=[Validate File] CLICKED
[14:01:07] [ACTION]: CyderButton, text=[BadApple.mp3] CLICKED
[14:01:16] [SYSTEM_IO]: [GET] [UILOC] [RETURN VALUE] 0
[14:01:16] [SYSTEM_IO]: [GET] [UILOC] [RETURN VALUE] 0
[14:01:16] [SYSTEM_IO]: [GET] [UILOC] [RETURN VALUE] 0
[14:01:16] [ACTION]: CyderButton, text=[Validate File] CLICKED
[14:01:19] [CLIENT_IO]: [GET] [Name] [RETURN VALUE] Nathan
[14:01:19] [LOGOUT]:  [Nathan]
[14:01:19] [EXIT]: [RUNTIME] 37s
[14:01:19] [EOL]: Log completed, exiting program with code: 25 [Genesis Controlled Exit], exceptions thrown: 0
