[14:33:09] [ENTRY]: [WINUSER=Nathan]
[14:33:09] [SYSTEM_IO]: [GET] [UISCALE] [RETURN VALUE] 1.0
[14:33:09] [SYSTEM_IO]: [GET] [MMAC] [RETURN VALUE] 5c486915459709261d6d9af79dd1be29fea375fe59a8392f64369d2c6da0816e
[14:33:10] [SYSTEM_IO]: [GET] [MMAC] [RETURN VALUE] 5c486915459709261d6d9af79dd1be29fea375fe59a8392f64369d2c6da0816e
[14:33:10] [SYSTEM_IO]: [GET] [MMAC] [RETURN VALUE] 5c486915459709261d6d9af79dd1be29fea375fe59a8392f64369d2c6da0816e
[14:33:10] [LOGIN]: [AUTOCYPHER ATTEMPT]
[14:33:10] [LOGIN]: [AUTOCYPHER PASS]
[14:33:10] [LOGIN]: [STD LOGIN]
[14:33:10] [CLIENT_IO]: [GET] [Name] [RETURN VALUE] Nathan
[14:33:10] [CLIENT_IO]: [GET] [RandomBackground] [RETURN VALUE] 0
[14:33:10] [CLIENT_IO]: [GET] [FullScreen] [RETURN VALUE] 0
[14:33:11] [SYSTEM_IO]: [GET] [Version] [RETURN VALUE] Soultree
[14:33:11] [CLIENT_IO]: [GET] [Name] [RETURN VALUE] Nathan
[14:33:11] [SYSTEM_IO]: [GET] [ConsoleResizable] [RETURN VALUE] 1
[14:33:11] [CLIENT_IO]: [GET] [Foreground] [RETURN VALUE] 000000
[14:33:11] [CLIENT_IO]: [GET] [Foreground] [RETURN VALUE] 000000
[14:33:11] [CLIENT_IO]: [GET] [FullScreen] [RETURN VALUE] 0
[14:33:11] [CLIENT_IO]: [GET] [FullScreen] [RETURN VALUE] 0
[14:33:11] [CLIENT_IO]: [GET] [Foreground] [RETURN VALUE] 000000
[14:33:11] [CLIENT_IO]: [GET] [Font] [RETURN VALUE] Agency FB
[14:33:11] [CLIENT_IO]: [GET] [OutputBorder] [RETURN VALUE] 0
[14:33:11] [CLIENT_IO]: [GET] [FullScreen] [RETURN VALUE] 0
[14:33:11] [CLIENT_IO]: [GET] [FullScreen] [RETURN VALUE] 0
[14:33:11] [CLIENT_IO]: [GET] [InputBorder] [RETURN VALUE] 0
[14:33:11] [CLIENT_IO]: [GET] [Foreground] [RETURN VALUE] 000000
[14:33:11] [CLIENT_IO]: [GET] [Foreground] [RETURN VALUE] 000000
[14:33:11] [CLIENT_IO]: [GET] [Foreground] [RETURN VALUE] 000000
[14:33:11] [CLIENT_IO]: [GET] [Font] [RETURN VALUE] Agency FB
[14:33:11] [CLIENT_IO]: [GET] [OutputFill] [RETURN VALUE] 0
[14:33:11] [CLIENT_IO]: [GET] [InputFill] [RETURN VALUE] 0
[14:33:11] [CLIENT_IO]: [GET] [IntroMusic] [RETURN VALUE] 0
[14:33:11] [CLIENT_IO]: [GET] [DebugWindows] [RETURN VALUE] 0
[14:33:11] [SYSTEM_IO]: [GET] [MMAC] [RETURN VALUE] 5c486915459709261d6d9af79dd1be29fea375fe59a8392f64369d2c6da0816e
[14:33:11] [CLIENT]: test
[14:33:11] [CLIENT_IO]: [GET] [laststart] [RETURN VALUE] 1626031713341
[14:33:11] [CLIENT_IO]: [SET] [KEY] laststart [VALUE] 1626031991631
[14:33:46] [CLIENT]: Input border
[14:33:46] [CLIENT_IO]: [GET] [Name] [RETURN VALUE] Nathan
[14:33:47] [CONSOLE_OUT]: [STRING] Sorry, Nathan, but I don't recognize that command. You can make a suggestion by clicking the "Suggestion" button.
[14:33:48] [CLIENT]: Inputborder
[14:33:48] [CLIENT_IO]: [GET] [inputborder] [RETURN VALUE] 0
[14:33:48] [CLIENT_IO]: [SET] [KEY] inputborder [VALUE] 1
[14:33:48] [CLIENT_IO]: [GET] [OutputBorder] [RETURN VALUE] 0
[14:33:48] [CLIENT_IO]: [GET] [InputBorder] [RETURN VALUE] 1
[14:33:48] [CLIENT_IO]: [GET] [Background] [RETURN VALUE] 000000
[14:33:48] [CLIENT_IO]: [GET] [FullScreen] [RETURN VALUE] 0
[14:33:48] [CLIENT_IO]: [GET] [FullScreen] [RETURN VALUE] 0
[14:33:48] [CLIENT_IO]: [GET] [OutputFill] [RETURN VALUE] 0
[14:33:48] [CLIENT_IO]: [GET] [InputFill] [RETURN VALUE] 0
[14:33:49] [CLIENT]: Outputborder
[14:33:49] [CLIENT_IO]: [GET] [outputborder] [RETURN VALUE] 0
[14:33:49] [CLIENT_IO]: [SET] [KEY] outputborder [VALUE] 1
[14:33:49] [CLIENT_IO]: [GET] [OutputBorder] [RETURN VALUE] 1
[14:33:49] [CLIENT_IO]: [GET] [Background] [RETURN VALUE] 000000
[14:33:49] [CLIENT_IO]: [GET] [InputBorder] [RETURN VALUE] 1
[14:33:49] [CLIENT_IO]: [GET] [Background] [RETURN VALUE] 000000
[14:33:49] [CLIENT_IO]: [GET] [FullScreen] [RETURN VALUE] 0
[14:33:49] [CLIENT_IO]: [GET] [FullScreen] [RETURN VALUE] 0
[14:33:49] [CLIENT_IO]: [GET] [OutputFill] [RETURN VALUE] 0
[14:33:49] [CLIENT_IO]: [GET] [InputFill] [RETURN VALUE] 0
[14:34:21] [CLIENT_IO]: [GET] [Name] [RETURN VALUE] Nathan
[14:34:21] [LOGOUT]:  [Nathan]
[14:34:21] [EXIT]: [RUNTIME] 1m 11s
[14:34:21] [EOL]: Log completed, exiting program with code: 25, exceptions thrown: 0
