[13:54:04] [ENTRY]: [WINUSER=Nathan]
[13:54:04] [SYSTEM_IO]: [GET] [UISCALE] [RETURN VALUE] 1.0
[13:54:05] [SYSTEM_IO]: [GET] [MMAC] [RETURN VALUE] 5c486915459709261d6d9af79dd1be29fea375fe59a8392f64369d2c6da0816e
[13:54:05] [JAVA ARGS]: [LOCATION] [400 S. Monroe St. Tallahassee, FL] //Ron DeSantis is a GOAT
[13:54:05] [SYSTEM_IO]: [GET] [MMAC] [RETURN VALUE] 5c486915459709261d6d9af79dd1be29fea375fe59a8392f64369d2c6da0816e
[13:54:05] [SYSTEM_IO]: [GET] [MMAC] [RETURN VALUE] 5c486915459709261d6d9af79dd1be29fea375fe59a8392f64369d2c6da0816e
[13:54:05] [LOGIN]: [AUTOCYPHER ATTEMPT]
[13:54:05] [LOGIN]: [AUTOCYPHER PASS]
[13:54:06] [CLIENT_IO]: [GET] [Name] [RETURN VALUE] Nathan
[13:54:06] [CLIENT_IO]: [GET] [RandomBackground] [RETURN VALUE] 0
[13:54:06] [CLIENT_IO]: [GET] [FullScreen] [RETURN VALUE] 0
[13:54:06] [SYSTEM_IO]: [GET] [Version] [RETURN VALUE] Soultree
[13:54:06] [CLIENT_IO]: [GET] [Name] [RETURN VALUE] Nathan
[13:54:06] [SYSTEM_IO]: [GET] [ConsoleResizable] [RETURN VALUE] 1
[13:54:06] [CLIENT_IO]: [GET] [Foreground] [RETURN VALUE] 000000
[13:54:06] [CLIENT_IO]: [GET] [Foreground] [RETURN VALUE] 000000
[13:54:06] [CLIENT_IO]: [GET] [FullScreen] [RETURN VALUE] 0
[13:54:06] [CLIENT_IO]: [GET] [FullScreen] [RETURN VALUE] 0
[13:54:06] [CLIENT_IO]: [GET] [Foreground] [RETURN VALUE] 000000
[13:54:06] [CLIENT_IO]: [GET] [Font] [RETURN VALUE] Agency FB
[13:54:06] [CLIENT_IO]: [GET] [OutputBorder] [RETURN VALUE] 0
[13:54:06] [CLIENT_IO]: [GET] [FullScreen] [RETURN VALUE] 0
[13:54:06] [CLIENT_IO]: [GET] [FullScreen] [RETURN VALUE] 0
[13:54:06] [CLIENT_IO]: [GET] [InputBorder] [RETURN VALUE] 0
[13:54:06] [CLIENT_IO]: [GET] [Foreground] [RETURN VALUE] 000000
[13:54:06] [CLIENT_IO]: [GET] [Foreground] [RETURN VALUE] 000000
[13:54:06] [CLIENT_IO]: [GET] [Foreground] [RETURN VALUE] 000000
[13:54:06] [CLIENT_IO]: [GET] [Font] [RETURN VALUE] Agency FB
[13:54:06] [CLIENT_IO]: [GET] [OutputFill] [RETURN VALUE] 0
[13:54:06] [CLIENT_IO]: [GET] [InputFill] [RETURN VALUE] 0
[13:54:06] [CLIENT_IO]: [GET] [IntroMusic] [RETURN VALUE] 0
[13:54:06] [CLIENT_IO]: [GET] [DebugWindows] [RETURN VALUE] 0
[13:54:06] [SYSTEM_IO]: [GET] [MMAC] [RETURN VALUE] 5c486915459709261d6d9af79dd1be29fea375fe59a8392f64369d2c6da0816e
[13:54:06] [CLIENT]: test
[13:54:07] [CLIENT_IO]: [GET] [laststart] [RETURN VALUE] 1626202021320
[13:54:07] [CLIENT_IO]: [SET] [KEY] laststart [VALUE] 1626202447326
[13:54:11] [CLIENT]: Notge
[13:54:11] [CLIENT_IO]: [GET] [Name] [RETURN VALUE] Nathan
[13:54:11] [CONSOLE_OUT]: [STRING] Sorry, Nathan, but I don't recognize that command. You can make a suggestion by clicking the "Suggestion" button.
[13:54:13] [CLIENT]: Note
[13:54:13] [CLIENT_IO]: [GET] [Name] [RETURN VALUE] Nathan
[13:54:13] [CLIENT_IO]: [GET] [Name] [RETURN VALUE] Nathan
[13:54:13] [ACTION]: NOTE EDITOR
[13:54:40] [CLIENT_IO]: [GET] [Background] [RETURN VALUE] 000000
[13:54:42] [CLIENT]: Note
[13:54:42] [CLIENT_IO]: [GET] [Name] [RETURN VALUE] Nathan
[13:54:42] [CLIENT_IO]: [GET] [Name] [RETURN VALUE] Nathan
[13:54:42] [ACTION]: NOTE EDITOR
[13:55:17] [CLIENT_IO]: [GET] [Name] [RETURN VALUE] Nathan
[13:55:17] [LOGOUT]:  [Nathan]
[13:55:17] [EXIT]: [RUNTIME] 1m 13s
[13:55:17] [EOL]: Log completed, exiting program with code: 25 [Genesis Controlled Exit], exceptions thrown: 0
