[23:46:32] [ENTRY]: [WINUSER=Nathan]
[23:46:33] [JAVA ARGS]: [LOCATION] [400 S. Monroe St. Tallahassee, FL]
[23:46:33] [LOGIN]: [AUTOCYPHER ATTEMPT]
[23:46:34] [LOGIN]: [AUTOCYPHER PASS]
[23:46:35] [CLIENT]: test
[23:48:31] [CLIENT]: Throw exception
[23:48:31] [CONSOLE_OUT]: [STRING] Sorry, Nathan, but I don't recognize that command. You can make a suggestion by clicking the "Suggestion" button.
[23:48:32] [CLIENT]: Throw error
[23:48:33] [EXCEPTION]: 
Error thrown on Saturday, 10/02/2021 11:48PM CDT
Thrown from:
cyder.handler.InputHandler.handle(InputHandler.java:764)
StackTrace:
java.lang.Exception: Error thrown on Saturday, 10/02/2021 11:48PM CDT
	at cyder.handler.InputHandler.handle(InputHandler.java:764)
	at cyder.ui.ConsoleFrame.lambda$start$1(ConsoleFrame.java:472)
	at java.desktop/javax.swing.JTextField.fireActionPerformed(JTextField.java:508)
	at java.desktop/javax.swing.JTextField.postActionEvent(JTextField.java:723)
	at java.desktop/javax.swing.JTextField$NotifyAction.actionPerformed(JTextField.java:839)
	at java.desktop/javax.swing.SwingUtilities.notifyAction(SwingUtilities.java:1805)
	at java.desktop/javax.swing.JComponent.processKeyBinding(JComponent.java:2901)
	at java.desktop/javax.swing.JComponent.processKeyBindings(JComponent.java:2949)
	at java.desktop/javax.swing.JComponent.processKeyEvent(JComponent.java:2863)
	at java.desktop/java.awt.Component.processEvent(Component.java:6355)
	at java.desktop/java.awt.Container.processEvent(Container.java:2259)
	at java.desktop/java.awt.Component.dispatchEventImpl(Component.java:4961)
	at java.desktop/java.awt.Container.dispatchEventImpl(Container.java:2317)
	at java.desktop/java.awt.Component.dispatchEvent(Component.java:4793)
	at java.desktop/java.awt.KeyboardFocusManager.redispatchEvent(KeyboardFocusManager.java:1955)
	at java.desktop/java.awt.DefaultKeyboardFocusManager.dispatchKeyEvent(DefaultKeyboardFocusManager.java:827)
	at java.desktop/java.awt.DefaultKeyboardFocusManager.preDispatchKeyEvent(DefaultKeyboardFocusManager.java:1096)
	at java.desktop/java.awt.DefaultKeyboardFocusManager.typeAheadAssertions(DefaultKeyboardFocusManager.java:966)
	at java.desktop/java.awt.DefaultKeyboardFocusManager.dispatchEvent(DefaultKeyboardFocusManager.java:792)
	at java.desktop/java.awt.Component.dispatchEventImpl(Component.java:4842)
	at java.desktop/java.awt.Container.dispatchEventImpl(Container.java:2317)
	at java.desktop/java.awt.Window.dispatchEventImpl(Window.java:2758)
	at java.desktop/java.awt.Component.dispatchEvent(Component.java:4793)
	at java.desktop/java.awt.EventQueue.dispatchEventImpl(EventQueue.java:766)
	at java.desktop/java.awt.EventQueue.access$500(EventQueue.java:97)
	at java.desktop/java.awt.EventQueue$3.run(EventQueue.java:717)
	at java.desktop/java.awt.EventQueue$3.run(EventQueue.java:711)
	at java.base/java.security.AccessController.doPrivileged(Native Method)
	at java.base/java.security.ProtectionDomain$JavaSecurityAccessImpl.doIntersectionPrivilege(ProtectionDomain.java:89)
	at java.base/java.security.ProtectionDomain$JavaSecurityAccessImpl.doIntersectionPrivilege(ProtectionDomain.java:99)
	at java.desktop/java.awt.EventQueue$4.run(EventQueue.java:739)
	at java.desktop/java.awt.EventQueue$4.run(EventQueue.java:737)
	at java.base/java.security.AccessController.doPrivileged(Native Method)
	at java.base/java.security.ProtectionDomain$JavaSecurityAccessImpl.doIntersectionPrivilege(ProtectionDomain.java:89)
	at java.desktop/java.awt.EventQueue.dispatchEvent(EventQueue.java:736)
	at java.desktop/java.awt.EventDispatchThread.pumpOneEventForFilters(EventDispatchThread.java:199)
	at java.desktop/java.awt.EventDispatchThread.pumpEventsForFilter(EventDispatchThread.java:124)
	at java.desktop/java.awt.EventDispatchThread.pumpEventsForHierarchy(EventDispatchThread.java:113)
	at java.desktop/java.awt.EventDispatchThread.pumpEvents(EventDispatchThread.java:109)
	at java.desktop/java.awt.EventDispatchThread.pumpEvents(EventDispatchThread.java:101)
	at java.desktop/java.awt.EventDispatchThread.run(EventDispatchThread.java:90)
[EXTERNAL STOP] Cyder was force closed by an external entity such as an IDE stop or the OS' Task Manager
