[16:59:27] [ENTRY]: [WINUSER=Nathan]
[16:59:27] [SYSTEM_IO]: [GET] [UISCALE] [RETURN VALUE] 1.0
[16:59:27] [SYSTEM_IO]: [GET] [MMAC] [RETURN VALUE] 5c486915459709261d6d9af79dd1be29fea375fe59a8392f64369d2c6da0816e
[16:59:27] [JAVA ARGS]: [LOCATION] [400 S. Monroe St. Tallahassee, FL] //Ron DeSantis is a GOAT
[16:59:27] [SYSTEM_IO]: [GET] [MMAC] [RETURN VALUE] 5c486915459709261d6d9af79dd1be29fea375fe59a8392f64369d2c6da0816e
[16:59:28] [SYSTEM_IO]: [GET] [MMAC] [RETURN VALUE] 5c486915459709261d6d9af79dd1be29fea375fe59a8392f64369d2c6da0816e
[16:59:28] [SYSTEM_IO]: [GET] [AutoCypher] [RETURN VALUE] 1
[16:59:28] [LOGIN]: [AUTOCYPHER ATTEMPT]
[16:59:28] [SYSTEM_IO]: [GET] [CypherHash] [RETURN VALUE] nathan,3789d9735ab15d29a3595ef3f70c377d2d7b4927c222a06d36f0abba335504a2
[16:59:28] [LOGIN]: [AUTOCYPHER PASS]
[16:59:28] [CLIENT_IO]: [GET] [Name] [RETURN VALUE] Nathan
[16:59:28] [CLIENT_IO]: [GET] [RandomBackground] [RETURN VALUE] 0
[16:59:28] [CLIENT_IO]: [GET] [FullScreen] [RETURN VALUE] 0
[16:59:29] [SYSTEM_IO]: [GET] [Version] [RETURN VALUE] Soultree
[16:59:29] [CLIENT_IO]: [GET] [Name] [RETURN VALUE] Nathan
[16:59:29] [SYSTEM_IO]: [GET] [ConsoleResizable] [RETURN VALUE] 1
[16:59:29] [CLIENT_IO]: [GET] [Foreground] [RETURN VALUE] F0F0F0
[16:59:29] [CLIENT_IO]: [GET] [Foreground] [RETURN VALUE] F0F0F0
[16:59:29] [CLIENT_IO]: [GET] [FullScreen] [RETURN VALUE] 0
[16:59:29] [CLIENT_IO]: [GET] [FullScreen] [RETURN VALUE] 0
[16:59:29] [CLIENT_IO]: [GET] [Foreground] [RETURN VALUE] F0F0F0
[16:59:29] [CLIENT_IO]: [GET] [Font] [RETURN VALUE] Agency FB
[16:59:29] [CLIENT_IO]: [GET] [OutputBorder] [RETURN VALUE] 0
[16:59:29] [CLIENT_IO]: [GET] [FullScreen] [RETURN VALUE] 0
[16:59:29] [CLIENT_IO]: [GET] [FullScreen] [RETURN VALUE] 0
[16:59:29] [CLIENT_IO]: [GET] [InputBorder] [RETURN VALUE] 0
[16:59:29] [CLIENT_IO]: [GET] [Foreground] [RETURN VALUE] F0F0F0
[16:59:29] [CLIENT_IO]: [GET] [Foreground] [RETURN VALUE] F0F0F0
[16:59:29] [CLIENT_IO]: [GET] [Foreground] [RETURN VALUE] F0F0F0
[16:59:29] [CLIENT_IO]: [GET] [Font] [RETURN VALUE] Agency FB
[16:59:29] [CLIENT_IO]: [GET] [OutputFill] [RETURN VALUE] 0
[16:59:29] [CLIENT_IO]: [GET] [InputFill] [RETURN VALUE] 0
[16:59:29] [CLIENT_IO]: [GET] [showbusyicon] [RETURN VALUE] 0
[16:59:29] [CLIENT_IO]: [GET] [IntroMusic] [RETURN VALUE] 0
[16:59:29] [CLIENT_IO]: [GET] [DebugWindows] [RETURN VALUE] 0
[16:59:29] [SYSTEM_IO]: [GET] [MMAC] [RETURN VALUE] 5c486915459709261d6d9af79dd1be29fea375fe59a8392f64369d2c6da0816e
[16:59:29] [CLIENT]: test
[16:59:29] [CLIENT_IO]: [GET] [laststart] [RETURN VALUE] 1626991090040
[16:59:29] [CLIENT_IO]: [SET] [KEY] laststart [VALUE] 1626991169519
[16:59:32] [CLIENT_IO]: [GET] [showbusyicon] [RETURN VALUE] 0
[16:59:35] [CLIENT_IO]: [GET] [showbusyicon] [RETURN VALUE] 0
[16:59:37] [CLIENT]: Threads
[16:59:38] [CLIENT_IO]: [GET] [showbusyicon] [RETURN VALUE] 0
[16:59:41] [CLIENT_IO]: [GET] [showbusyicon] [RETURN VALUE] 0
[16:59:43] [CLIENT]: Logout
[16:59:43] [CLIENT_IO]: [GET] [Name] [RETURN VALUE] Nathan
[16:59:43] [LOGOUT]:  [Nathan]
[16:59:43] [SYSTEM_IO]: [GET] [Version] [RETURN VALUE] Soultree
[16:59:43] [SYSTEM_IO]: [GET] [Date] [RETURN VALUE] 7.2.21
[16:59:44] [CLIENT_IO]: [LOGIN FRAME] login
[16:59:44] [CLIENT_IO]: [GET] [showbusyicon] [RETURN VALUE] 0
[16:59:45] [CLIENT_IO]: [LOGIN FRAME] nathan
[16:59:45] [LOGIN]: [STD LOGIN]
[16:59:46] [CLIENT_IO]: [GET] [Name] [RETURN VALUE] Nathan
[16:59:46] [CLIENT_IO]: [GET] [RandomBackground] [RETURN VALUE] 0
[16:59:46] [CLIENT_IO]: [GET] [FullScreen] [RETURN VALUE] 0
[16:59:46] [SYSTEM_IO]: [GET] [Version] [RETURN VALUE] Soultree
[16:59:46] [CLIENT_IO]: [GET] [Name] [RETURN VALUE] Nathan
[16:59:46] [SYSTEM_IO]: [GET] [ConsoleResizable] [RETURN VALUE] 1
[16:59:46] [CLIENT_IO]: [GET] [Foreground] [RETURN VALUE] F0F0F0
[16:59:46] [CLIENT_IO]: [GET] [Foreground] [RETURN VALUE] F0F0F0
[16:59:46] [CLIENT_IO]: [GET] [FullScreen] [RETURN VALUE] 0
[16:59:46] [CLIENT_IO]: [GET] [FullScreen] [RETURN VALUE] 0
[16:59:46] [CLIENT_IO]: [GET] [Foreground] [RETURN VALUE] F0F0F0
[16:59:46] [CLIENT_IO]: [GET] [Font] [RETURN VALUE] Agency FB
[16:59:46] [CLIENT_IO]: [GET] [OutputBorder] [RETURN VALUE] 0
[16:59:46] [CLIENT_IO]: [GET] [FullScreen] [RETURN VALUE] 0
[16:59:46] [CLIENT_IO]: [GET] [FullScreen] [RETURN VALUE] 0
[16:59:46] [CLIENT_IO]: [GET] [InputBorder] [RETURN VALUE] 0
[16:59:46] [CLIENT_IO]: [GET] [Foreground] [RETURN VALUE] F0F0F0
[16:59:46] [CLIENT_IO]: [GET] [Foreground] [RETURN VALUE] F0F0F0
[16:59:46] [CLIENT_IO]: [GET] [Foreground] [RETURN VALUE] F0F0F0
[16:59:46] [CLIENT_IO]: [GET] [Font] [RETURN VALUE] Agency FB
[16:59:46] [CLIENT_IO]: [GET] [OutputFill] [RETURN VALUE] 0
[16:59:46] [CLIENT_IO]: [GET] [InputFill] [RETURN VALUE] 0
[16:59:46] [CLIENT_IO]: [GET] [showbusyicon] [RETURN VALUE] 0
[16:59:47] [CLIENT_IO]: [GET] [IntroMusic] [RETURN VALUE] 0
[16:59:47] [CLIENT_IO]: [GET] [DebugWindows] [RETURN VALUE] 0
[16:59:47] [SYSTEM_IO]: [GET] [MMAC] [RETURN VALUE] 5c486915459709261d6d9af79dd1be29fea375fe59a8392f64369d2c6da0816e
[16:59:47] [CLIENT]: test
[16:59:47] [CLIENT_IO]: [GET] [laststart] [RETURN VALUE] 1626991169519
[16:59:47] [CLIENT_IO]: [SET] [KEY] laststart [VALUE] 1626991187231
[16:59:47] [CLIENT_IO]: [GET] [showbusyicon] [RETURN VALUE] 0
[16:59:49] [CLIENT]: Threads
[16:59:49] [CLIENT_IO]: [GET] [showbusyicon] [RETURN VALUE] 0
[16:59:50] [CLIENT_IO]: [GET] [showbusyicon] [RETURN VALUE] 0
[16:59:52] [CLIENT_IO]: [GET] [showbusyicon] [RETURN VALUE] 0
[16:59:53] [CLIENT_IO]: [GET] [showbusyicon] [RETURN VALUE] 0
[16:59:55] [CLIENT_IO]: [GET] [showbusyicon] [RETURN VALUE] 0
[16:59:56] [CLIENT_IO]: [GET] [showbusyicon] [RETURN VALUE] 0
[16:59:58] [CLIENT_IO]: [GET] [showbusyicon] [RETURN VALUE] 0
[16:59:59] [CLIENT_IO]: [GET] [showbusyicon] [RETURN VALUE] 0
[17:00:00] [CLIENT_IO]: [GET] [HourlyChimes] [RETURN VALUE] 1
[17:00:00] [ACTION]: [SYSTEM AUDIO] sys/audio/chime.mp3
[17:00:00] [CLIENT_IO]: [GET] [HourlyChimes] [RETURN VALUE] 1
[17:00:00] [ACTION]: [SYSTEM AUDIO] sys/audio/chime.mp3
[17:00:01] [CLIENT_IO]: [GET] [showbusyicon] [RETURN VALUE] 0
[17:00:02] [CLIENT_IO]: [GET] [showbusyicon] [RETURN VALUE] 0
[17:00:02] [CLIENT_IO]: [GET] [minimizeonclose] [RETURN VALUE] 0
[17:00:03] [CLIENT_IO]: [GET] [Name] [RETURN VALUE] Nathan
[17:00:03] [LOGOUT]:  [Nathan]
[17:00:03] [EXIT]: [RUNTIME] 35s
[17:00:03] [EOL]: Log completed, exiting program with code: 25 [Genesis Controlled Exit], exceptions thrown: 0
