[17:03:48] [ENTRY]: [WINUSER=Nathan]
[17:03:48] [SYSTEM_IO]: [GET] [UISCALE] [RETURN VALUE] 1.0
[17:03:49] [SYSTEM_IO]: [GET] [MMAC] [RETURN VALUE] 5c486915459709261d6d9af79dd1be29fea375fe59a8392f64369d2c6da0816e
[17:03:49] [JAVA ARGS]: [LOCATION] [400 S. Monroe St. Tallahassee, FL] //Ron DeSantis is a GOAT
[17:03:49] [SYSTEM_IO]: [GET] [MMAC] [RETURN VALUE] 5c486915459709261d6d9af79dd1be29fea375fe59a8392f64369d2c6da0816e
[17:03:49] [SYSTEM_IO]: [GET] [MMAC] [RETURN VALUE] 5c486915459709261d6d9af79dd1be29fea375fe59a8392f64369d2c6da0816e
[17:03:49] [LOGIN]: [AUTOCYPHER ATTEMPT]
[17:03:49] [LOGIN]: [AUTOCYPHER PASS]
[17:03:50] [CLIENT_IO]: [GET] [Name] [RETURN VALUE] Nathan
[17:03:50] [CLIENT_IO]: [GET] [RandomBackground] [RETURN VALUE] 0
[17:03:50] [CLIENT_IO]: [GET] [FullScreen] [RETURN VALUE] 0
[17:03:50] [SYSTEM_IO]: [GET] [Version] [RETURN VALUE] Soultree
[17:03:50] [CLIENT_IO]: [GET] [Name] [RETURN VALUE] Nathan
[17:03:50] [SYSTEM_IO]: [GET] [ConsoleResizable] [RETURN VALUE] 1
[17:03:50] [CLIENT_IO]: [GET] [Foreground] [RETURN VALUE] 000000
[17:03:50] [CLIENT_IO]: [GET] [Foreground] [RETURN VALUE] 000000
[17:03:50] [CLIENT_IO]: [GET] [FullScreen] [RETURN VALUE] 0
[17:03:50] [CLIENT_IO]: [GET] [FullScreen] [RETURN VALUE] 0
[17:03:50] [CLIENT_IO]: [GET] [Foreground] [RETURN VALUE] 000000
[17:03:50] [CLIENT_IO]: [GET] [Font] [RETURN VALUE] Agency FB
[17:03:50] [CLIENT_IO]: [GET] [OutputBorder] [RETURN VALUE] 0
[17:03:50] [CLIENT_IO]: [GET] [FullScreen] [RETURN VALUE] 0
[17:03:50] [CLIENT_IO]: [GET] [FullScreen] [RETURN VALUE] 0
[17:03:50] [CLIENT_IO]: [GET] [InputBorder] [RETURN VALUE] 0
[17:03:50] [CLIENT_IO]: [GET] [Foreground] [RETURN VALUE] 000000
[17:03:50] [CLIENT_IO]: [GET] [Foreground] [RETURN VALUE] 000000
[17:03:50] [CLIENT_IO]: [GET] [Foreground] [RETURN VALUE] 000000
[17:03:50] [CLIENT_IO]: [GET] [Font] [RETURN VALUE] Agency FB
[17:03:50] [CLIENT_IO]: [GET] [OutputFill] [RETURN VALUE] 0
[17:03:50] [CLIENT_IO]: [GET] [InputFill] [RETURN VALUE] 0
[17:03:50] [CLIENT_IO]: [GET] [IntroMusic] [RETURN VALUE] 0
[17:03:50] [CLIENT_IO]: [GET] [DebugWindows] [RETURN VALUE] 0
[17:03:51] [SYSTEM_IO]: [GET] [MMAC] [RETURN VALUE] 5c486915459709261d6d9af79dd1be29fea375fe59a8392f64369d2c6da0816e
[17:03:51] [CLIENT]: test
[17:03:51] [CLIENT_IO]: [GET] [laststart] [RETURN VALUE] 1626289875482
[17:03:51] [CLIENT_IO]: [SET] [KEY] laststart [VALUE] 1626300231160
[17:03:52] [CLIENT_IO]: [GET] [Name] [RETURN VALUE] Nathan
[17:03:52] [LOGOUT]:  [Nathan]
[17:03:52] [EXIT]: [RUNTIME] 3s
[17:03:52] [EOL]: Log completed, exiting program with code: 25 [Genesis Controlled Exit], exceptions thrown: 0
