[19:56:32] [ENTRY]: [WINUSER=Nathan]
[19:56:32] [SYSTEM_IO]: [GET] [UISCALE] [RETURN VALUE] 1.0
[19:56:33] [SYSTEM_IO]: [GET] [MMAC] [RETURN VALUE] 5c486915459709261d6d9af79dd1be29fea375fe59a8392f64369d2c6da0816e
[19:56:33] [JAVA ARGS]: [LOCATION] [400 S. Monroe St. Tallahassee, FL] //Ron DeSantis is a GOAT
[19:56:33] [SYSTEM_IO]: [GET] [MMAC] [RETURN VALUE] 5c486915459709261d6d9af79dd1be29fea375fe59a8392f64369d2c6da0816e
[19:56:33] [SYSTEM_IO]: [GET] [MMAC] [RETURN VALUE] 5c486915459709261d6d9af79dd1be29fea375fe59a8392f64369d2c6da0816e
[19:56:33] [SYSTEM_IO]: [GET] [AutoCypher] [RETURN VALUE] 1
[19:56:33] [LOGIN]: [AUTOCYPHER ATTEMPT]
[19:56:33] [SYSTEM_IO]: [GET] [CypherHash] [RETURN VALUE] nathan,3789d9735ab15d29a3595ef3f70c377d2d7b4927c222a06d36f0abba335504a2
[19:56:33] [LOGIN]: [AUTOCYPHER PASS]
[19:56:34] [CLIENT_IO]: [GET] [Name] [RETURN VALUE] Nathan
[19:56:34] [CLIENT_IO]: [GET] [RandomBackground] [RETURN VALUE] 0
[19:56:34] [CLIENT_IO]: [GET] [FullScreen] [RETURN VALUE] 0
[19:56:34] [SYSTEM_IO]: [GET] [Version] [RETURN VALUE] Soultree
[19:56:34] [CLIENT_IO]: [GET] [Name] [RETURN VALUE] Nathan
[19:56:34] [SYSTEM_IO]: [GET] [ConsoleResizable] [RETURN VALUE] 1
[19:56:34] [CLIENT_IO]: [GET] [Foreground] [RETURN VALUE] F0F0F0
[19:56:34] [CLIENT_IO]: [GET] [Foreground] [RETURN VALUE] F0F0F0
[19:56:34] [CLIENT_IO]: [GET] [FullScreen] [RETURN VALUE] 0
[19:56:34] [CLIENT_IO]: [GET] [FullScreen] [RETURN VALUE] 0
[19:56:34] [CLIENT_IO]: [GET] [Foreground] [RETURN VALUE] F0F0F0
[19:56:34] [CLIENT_IO]: [GET] [Font] [RETURN VALUE] Agency FB
[19:56:35] [CLIENT_IO]: [GET] [OutputBorder] [RETURN VALUE] 0
[19:56:35] [CLIENT_IO]: [GET] [FullScreen] [RETURN VALUE] 0
[19:56:35] [CLIENT_IO]: [GET] [FullScreen] [RETURN VALUE] 0
[19:56:35] [CLIENT_IO]: [GET] [InputBorder] [RETURN VALUE] 0
[19:56:35] [CLIENT_IO]: [GET] [Foreground] [RETURN VALUE] F0F0F0
[19:56:35] [CLIENT_IO]: [GET] [Foreground] [RETURN VALUE] F0F0F0
[19:56:35] [CLIENT_IO]: [GET] [Foreground] [RETURN VALUE] F0F0F0
[19:56:35] [CLIENT_IO]: [GET] [Font] [RETURN VALUE] Agency FB
[19:56:35] [CLIENT_IO]: [GET] [OutputFill] [RETURN VALUE] 0
[19:56:35] [CLIENT_IO]: [GET] [InputFill] [RETURN VALUE] 0
[19:56:35] [CLIENT_IO]: [GET] [showbusyicon] [RETURN VALUE] 0
[19:56:35] [CLIENT_IO]: [GET] [IntroMusic] [RETURN VALUE] 0
[19:56:35] [CLIENT_IO]: [GET] [DebugWindows] [RETURN VALUE] 0
[19:56:35] [SYSTEM_IO]: [GET] [MMAC] [RETURN VALUE] 5c486915459709261d6d9af79dd1be29fea375fe59a8392f64369d2c6da0816e
[19:56:35] [CLIENT]: test
[19:56:35] [CLIENT_IO]: [GET] [laststart] [RETURN VALUE] 1626996114367
[19:56:35] [CLIENT_IO]: [SET] [KEY] laststart [VALUE] 1627001795437
[19:56:38] [CLIENT_IO]: [GET] [showbusyicon] [RETURN VALUE] 0
[19:56:39] [CLIENT]: Calc
[19:56:39] [ACTION]: CALCULATOR
[19:56:42] [CLIENT_IO]: [GET] [showbusyicon] [RETURN VALUE] 0
[19:56:46] [CLIENT_IO]: [GET] [showbusyicon] [RETURN VALUE] 0
[19:56:49] [CLIENT_IO]: [GET] [showbusyicon] [RETURN VALUE] 0
[19:56:53] [CLIENT_IO]: [GET] [showbusyicon] [RETURN VALUE] 0
[19:56:57] [CLIENT_IO]: [GET] [showbusyicon] [RETURN VALUE] 0
[19:57:00] [CLIENT_IO]: [GET] [showbusyicon] [RETURN VALUE] 0
[19:57:01] [CLIENT]: Weather
[19:57:01] [SYSTEM_IO]: [GET] [IP] [RETURN VALUE] 8eac4e7ab34eb235c4a888bfdbedc8bb8093ec1490790d139cf58932
[19:57:01] [ACTION]: WEATHER
[19:57:03] [SYSTEM_IO]: [GET] [IP] [RETURN VALUE] 8eac4e7ab34eb235c4a888bfdbedc8bb8093ec1490790d139cf58932
[19:57:03] [SYSTEM_IO]: [GET] [IP] [RETURN VALUE] 8eac4e7ab34eb235c4a888bfdbedc8bb8093ec1490790d139cf58932
[19:57:03] [SYSTEM_IO]: [GET] [Weather] [RETURN VALUE] 2d790dd0766f1da62af488f101380c75
[19:57:04] [ACTION]: [Weather] [NOTIFICATION] Refreshed
[19:57:04] [CLIENT_IO]: [GET] [showbusyicon] [RETURN VALUE] 0
[19:57:08] [CLIENT_IO]: [GET] [showbusyicon] [RETURN VALUE] 0
[19:57:11] [CLIENT_IO]: [GET] [minimizeonclose] [RETURN VALUE] 0
[19:57:11] [CLIENT_IO]: [GET] [Name] [RETURN VALUE] Nathan
[19:57:11] [LOGOUT]:  [Nathan]
[19:57:11] [EXIT]: [RUNTIME] 38s
[19:57:11] [EOL]: Log completed, exiting program with code: 25 [Genesis Controlled Exit], exceptions thrown: 0
