[14:44:34] [ENTRY]: [WINUSER=Nathan]
[14:44:34] [SYSTEM_IO]: [GET] [UISCALE] [RETURN VALUE] 1.0
[14:44:34] [SYSTEM_IO]: [GET] [MMAC] [RETURN VALUE] 5c486915459709261d6d9af79dd1be29fea375fe59a8392f64369d2c6da0816e
[14:44:35] [SYSTEM_IO]: [GET] [MMAC] [RETURN VALUE] 5c486915459709261d6d9af79dd1be29fea375fe59a8392f64369d2c6da0816e
[14:44:35] [SYSTEM_IO]: [GET] [MMAC] [RETURN VALUE] 5c486915459709261d6d9af79dd1be29fea375fe59a8392f64369d2c6da0816e
[14:44:35] [LOGIN]: [AUTOCYPHER ATTEMPT]
[14:44:35] [LOGIN]: [AUTOCYPHER PASS]
[14:44:35] [LOGIN]: [STD LOGIN]
[14:44:35] [CLIENT_IO]: [GET] [Name] [RETURN VALUE] Nathan
[14:44:36] [CLIENT_IO]: [GET] [RandomBackground] [RETURN VALUE] 0
[14:44:36] [CLIENT_IO]: [GET] [FullScreen] [RETURN VALUE] 0
[14:44:36] [SYSTEM_IO]: [GET] [Version] [RETURN VALUE] Soultree
[14:44:36] [CLIENT_IO]: [GET] [Name] [RETURN VALUE] Nathan
[14:44:36] [SYSTEM_IO]: [GET] [ConsoleResizable] [RETURN VALUE] 1
[14:44:36] [CLIENT_IO]: [GET] [Foreground] [RETURN VALUE] 000000
[14:44:36] [CLIENT_IO]: [GET] [Foreground] [RETURN VALUE] 000000
[14:44:36] [CLIENT_IO]: [GET] [FullScreen] [RETURN VALUE] 0
[14:44:36] [CLIENT_IO]: [GET] [FullScreen] [RETURN VALUE] 0
[14:44:36] [CLIENT_IO]: [GET] [Foreground] [RETURN VALUE] 000000
[14:44:36] [CLIENT_IO]: [GET] [Font] [RETURN VALUE] Agency FB
[14:44:36] [CLIENT_IO]: [GET] [OutputBorder] [RETURN VALUE] 0
[14:44:36] [CLIENT_IO]: [GET] [FullScreen] [RETURN VALUE] 0
[14:44:36] [CLIENT_IO]: [GET] [FullScreen] [RETURN VALUE] 0
[14:44:36] [CLIENT_IO]: [GET] [InputBorder] [RETURN VALUE] 0
[14:44:36] [CLIENT_IO]: [GET] [Foreground] [RETURN VALUE] 000000
[14:44:36] [CLIENT_IO]: [GET] [Foreground] [RETURN VALUE] 000000
[14:44:36] [CLIENT_IO]: [GET] [Foreground] [RETURN VALUE] 000000
[14:44:36] [CLIENT_IO]: [GET] [Font] [RETURN VALUE] Agency FB
[14:44:36] [CLIENT_IO]: [GET] [OutputFill] [RETURN VALUE] 0
[14:44:36] [CLIENT_IO]: [GET] [InputFill] [RETURN VALUE] 0
[14:44:36] [CLIENT_IO]: [GET] [IntroMusic] [RETURN VALUE] 0
[14:44:36] [CLIENT_IO]: [GET] [DebugWindows] [RETURN VALUE] 0
[14:44:36] [SYSTEM_IO]: [GET] [MMAC] [RETURN VALUE] 5c486915459709261d6d9af79dd1be29fea375fe59a8392f64369d2c6da0816e
[14:44:36] [CLIENT]: test
[14:44:36] [CLIENT_IO]: [GET] [laststart] [RETURN VALUE] 1626032637504
[14:44:36] [CLIENT_IO]: [SET] [KEY] laststart [VALUE] 1626032676783
[14:45:13] [CLIENT_IO]: [GET] [Name] [RETURN VALUE] Nathan
[14:45:13] [LOGOUT]:  [Nathan]
[14:45:13] [EXIT]: [RUNTIME] 38s
[14:45:13] [EOL]: Log completed, exiting program with code: 25, exceptions thrown: 0
