[17:46:18] [ENTRY]: [WINUSER=Nathan]
[17:46:18] [SYSTEM_IO]: [GET] [UISCALE] [RETURN VALUE] 1.0
[17:46:18] [SYSTEM_IO]: [GET] [MMAC] [RETURN VALUE] 5c486915459709261d6d9af79dd1be29fea375fe59a8392f64369d2c6da0816e
[17:46:18] [JAVA ARGS]: [LOCATION] [400 S. Monroe St. Tallahassee, FL] //Ron DeSantis is a GOAT
[17:46:19] [SYSTEM_IO]: [GET] [MMAC] [RETURN VALUE] 5c486915459709261d6d9af79dd1be29fea375fe59a8392f64369d2c6da0816e
[17:46:19] [SYSTEM_IO]: [GET] [MMAC] [RETURN VALUE] 5c486915459709261d6d9af79dd1be29fea375fe59a8392f64369d2c6da0816e
[17:46:19] [LOGIN]: [AUTOCYPHER ATTEMPT]
[17:46:19] [LOGIN]: [AUTOCYPHER PASS]
[17:46:19] [CLIENT_IO]: [GET] [Name] [RETURN VALUE] Nathan
[17:46:20] [CLIENT_IO]: [GET] [RandomBackground] [RETURN VALUE] 0
[17:46:20] [CLIENT_IO]: [GET] [FullScreen] [RETURN VALUE] 0
[17:46:20] [SYSTEM_IO]: [GET] [Version] [RETURN VALUE] Soultree
[17:46:20] [CLIENT_IO]: [GET] [Name] [RETURN VALUE] Nathan
[17:46:20] [SYSTEM_IO]: [GET] [ConsoleResizable] [RETURN VALUE] 1
[17:46:20] [CLIENT_IO]: [GET] [Foreground] [RETURN VALUE] 000000
[17:46:20] [CLIENT_IO]: [GET] [Foreground] [RETURN VALUE] 000000
[17:46:20] [CLIENT_IO]: [GET] [FullScreen] [RETURN VALUE] 0
[17:46:20] [CLIENT_IO]: [GET] [FullScreen] [RETURN VALUE] 0
[17:46:20] [CLIENT_IO]: [GET] [Foreground] [RETURN VALUE] 000000
[17:46:20] [CLIENT_IO]: [GET] [Font] [RETURN VALUE] Agency FB
[17:46:20] [CLIENT_IO]: [GET] [OutputBorder] [RETURN VALUE] 0
[17:46:20] [CLIENT_IO]: [GET] [FullScreen] [RETURN VALUE] 0
[17:46:20] [CLIENT_IO]: [GET] [FullScreen] [RETURN VALUE] 0
[17:46:20] [CLIENT_IO]: [GET] [InputBorder] [RETURN VALUE] 0
[17:46:20] [CLIENT_IO]: [GET] [Foreground] [RETURN VALUE] 000000
[17:46:20] [CLIENT_IO]: [GET] [Foreground] [RETURN VALUE] 000000
[17:46:20] [CLIENT_IO]: [GET] [Foreground] [RETURN VALUE] 000000
[17:46:20] [CLIENT_IO]: [GET] [Font] [RETURN VALUE] Agency FB
[17:46:20] [CLIENT_IO]: [GET] [OutputFill] [RETURN VALUE] 0
[17:46:20] [CLIENT_IO]: [GET] [InputFill] [RETURN VALUE] 0
[17:46:20] [CLIENT_IO]: [GET] [IntroMusic] [RETURN VALUE] 0
[17:46:20] [CLIENT_IO]: [GET] [DebugWindows] [RETURN VALUE] 0
[17:46:20] [SYSTEM_IO]: [GET] [MMAC] [RETURN VALUE] 5c486915459709261d6d9af79dd1be29fea375fe59a8392f64369d2c6da0816e
[17:46:20] [CLIENT]: test
[17:46:20] [CLIENT_IO]: [GET] [laststart] [RETURN VALUE] 1626216329993
[17:46:20] [CLIENT_IO]: [SET] [KEY] laststart [VALUE] 1626216380857
[17:46:21] [CLIENT]: Dir
[17:46:22] [ACTION]: DIR SEARCH
[17:46:36] [LINK]: [.exe] c:\users\Nathan\ZombiesHelpStarterContributor Setup 1.0.0.exe
[17:46:42] [LINK]: [] c:\users\Nathan\Tor
[17:46:58] [CLIENT_IO]: [GET] [Name] [RETURN VALUE] Nathan
[17:46:58] [LOGOUT]:  [Nathan]
[17:46:58] [EXIT]: [RUNTIME] 40s
[17:46:58] [EOL]: Log completed, exiting program with code: 25 [Genesis Controlled Exit], exceptions thrown: 0
