[23:25:40] [ENTRY]: [WINUSER=Nathan]
[23:25:41] [JAVA ARGS]: [LOCATION] [400 S. Monroe St. Tallahassee, FL]
[23:25:41] [LOGIN]: [AUTOCYPHER ATTEMPT]
[23:25:42] [LOGIN]: [AUTOCYPHER PASS]
[23:25:43] [CLIENT]: test
[23:25:45] [ACTION]: CyderButton, text=[Next Iteration] CLICKED
[23:25:45] [ACTION]: CyderButton, text=[Generate] CLICKED
[23:25:46] [ACTION]: CyderButton, text=[Next Iteration] CLICKED
[23:25:46] [ACTION]: CyderButton, text=[Next Iteration] CLICKED
[23:25:46] [ACTION]: CyderButton, text=[Next Iteration] CLICKED
[23:25:46] [ACTION]: CyderButton, text=[Next Iteration] CLICKED
[23:25:46] [ACTION]: CyderButton, text=[Next Iteration] CLICKED
[23:25:47] [ACTION]: CyderButton, text=[Next Iteration] CLICKED
[23:25:47] [ACTION]: CyderButton, text=[Next Iteration] CLICKED
[23:25:48] [ACTION]: CyderButton, text=[Next Iteration] CLICKED
[23:25:49] [ACTION]: CyderButton, text=[Next Iteration] CLICKED
[23:25:49] [ACTION]: CyderButton, text=[Next Iteration] CLICKED
[23:25:49] [ACTION]: CyderButton, text=[Next Iteration] CLICKED
[23:25:49] [ACTION]: CyderButton, text=[Next Iteration] CLICKED
[23:25:49] [ACTION]: CyderButton, text=[Next Iteration] CLICKED
[23:25:50] [ACTION]: CyderButton, text=[Next Iteration] CLICKED
[23:25:50] [ACTION]: CyderButton, text=[Next Iteration] CLICKED
[23:25:50] [ACTION]: CyderButton, text=[Next Iteration] CLICKED
[23:25:50] [ACTION]: CyderButton, text=[Next Iteration] CLICKED
[23:25:50] [ACTION]: CyderButton, text=[Next Iteration] CLICKED
[23:25:50] [ACTION]: CyderButton, text=[Next Iteration] CLICKED
[23:25:51] [ACTION]: CyderButton, text=[Next Iteration] CLICKED
[23:25:51] [ACTION]: CyderButton, text=[Next Iteration] CLICKED
[23:25:51] [ACTION]: CyderButton, text=[Next Iteration] CLICKED
[23:25:51] [ACTION]: CyderButton, text=[Next Iteration] CLICKED
[23:25:51] [ACTION]: CyderButton, text=[Next Iteration] CLICKED
[EXTERNAL STOP] Cyder was force closed by an external entity such as an IDE stop or the OS' Task Manager
