[17:19:34] [ENTRY]: [WINUSER=Nathan]
[17:19:34] [SYSTEM_IO]: [GET] [UISCALE] [RETURN VALUE] 1.0
[17:19:35] [SYSTEM_IO]: [GET] [MMAC] [RETURN VALUE] 5c486915459709261d6d9af79dd1be29fea375fe59a8392f64369d2c6da0816e
[17:19:35] [JAVA ARGS]: [LOCATION] [400 S. Monroe St. Tallahassee, FL] //Ron DeSantis is a GOAT
[17:19:35] [SYSTEM_IO]: [GET] [MMAC] [RETURN VALUE] 5c486915459709261d6d9af79dd1be29fea375fe59a8392f64369d2c6da0816e
[17:19:35] [SYSTEM_IO]: [GET] [MMAC] [RETURN VALUE] 5c486915459709261d6d9af79dd1be29fea375fe59a8392f64369d2c6da0816e
[17:19:35] [LOGIN]: [AUTOCYPHER ATTEMPT]
[17:19:35] [LOGIN]: [AUTOCYPHER PASS]
[17:19:36] [CLIENT_IO]: [GET] [Name] [RETURN VALUE] Nathan
[17:19:36] [CLIENT_IO]: [GET] [RandomBackground] [RETURN VALUE] 0
[17:19:36] [CLIENT_IO]: [GET] [FullScreen] [RETURN VALUE] 0
[17:19:36] [SYSTEM_IO]: [GET] [Version] [RETURN VALUE] Soultree
[17:19:36] [CLIENT_IO]: [GET] [Name] [RETURN VALUE] Nathan
[17:19:36] [SYSTEM_IO]: [GET] [ConsoleResizable] [RETURN VALUE] 1
[17:19:36] [CLIENT_IO]: [GET] [Foreground] [RETURN VALUE] 000000
[17:19:36] [CLIENT_IO]: [GET] [Foreground] [RETURN VALUE] 000000
[17:19:36] [CLIENT_IO]: [GET] [FullScreen] [RETURN VALUE] 0
[17:19:36] [CLIENT_IO]: [GET] [FullScreen] [RETURN VALUE] 0
[17:19:36] [CLIENT_IO]: [GET] [Foreground] [RETURN VALUE] 000000
[17:19:36] [CLIENT_IO]: [GET] [Font] [RETURN VALUE] Agency FB
[17:19:36] [CLIENT_IO]: [GET] [OutputBorder] [RETURN VALUE] 0
[17:19:36] [CLIENT_IO]: [GET] [FullScreen] [RETURN VALUE] 0
[17:19:36] [CLIENT_IO]: [GET] [FullScreen] [RETURN VALUE] 0
[17:19:36] [CLIENT_IO]: [GET] [InputBorder] [RETURN VALUE] 0
[17:19:36] [CLIENT_IO]: [GET] [Foreground] [RETURN VALUE] 000000
[17:19:36] [CLIENT_IO]: [GET] [Foreground] [RETURN VALUE] 000000
[17:19:36] [CLIENT_IO]: [GET] [Foreground] [RETURN VALUE] 000000
[17:19:36] [CLIENT_IO]: [GET] [Font] [RETURN VALUE] Agency FB
[17:19:36] [CLIENT_IO]: [GET] [OutputFill] [RETURN VALUE] 0
[17:19:36] [CLIENT_IO]: [GET] [InputFill] [RETURN VALUE] 0
[17:19:36] [CLIENT_IO]: [GET] [IntroMusic] [RETURN VALUE] 0
[17:19:36] [CLIENT_IO]: [GET] [DebugWindows] [RETURN VALUE] 0
[17:19:37] [SYSTEM_IO]: [GET] [MMAC] [RETURN VALUE] 5c486915459709261d6d9af79dd1be29fea375fe59a8392f64369d2c6da0816e
[17:19:37] [CLIENT]: test
[17:19:37] [CLIENT]: file signature
[17:19:37] [ACTION]: FILE SIGNATURE
[17:19:37] [CLIENT_IO]: [GET] [laststart] [RETURN VALUE] 1626128252472
[17:19:37] [CLIENT_IO]: [SET] [KEY] laststart [VALUE] 1626128377302
[17:19:37] [CONSOLE_OUT]: [STRING] java.awt.Color[r=16,g=16,b=16]
[17:19:38] [ACTION]: CyderButton, text=[Select File] CLICKED
[17:19:46] [ACTION]: CyderButton, text=[Validate File] CLICKED
[17:20:16] [ACTION]: CyderButton, text=[Abstract - Neverland.mp3] CLICKED
[17:20:24] [ACTION]: CyderButton, text=[Validate File] CLICKED
[EXTERNAL STOP] Cyder was force closed by an external entity such as an IDE stop or the OS' Task Manager
[EXTERNAL STOP] Cyder was force closed by an external entity such as an IDE stop or the OS' Task Manager
[EXTERNAL STOP] Cyder was force closed by an external entity such as an IDE stop or the OS' Task Manager
[EXTERNAL STOP] Cyder was force closed by an external entity such as an IDE stop or the OS' Task Manager
