[14:31:12] [ENTRY]: [WINUSER=Nathan]
[14:31:12] [SYSTEM_IO]: [GET] [UISCALE] [RETURN VALUE] 1.0
[14:31:13] [SYSTEM_IO]: [GET] [MMAC] [RETURN VALUE] 5c486915459709261d6d9af79dd1be29fea375fe59a8392f64369d2c6da0816e
[14:31:13] [JAVA ARGS]: [LOCATION] [400 S. Monroe St. Tallahassee, FL] //Ron DeSantis is a GOAT
[14:31:13] [SYSTEM_IO]: [GET] [MMAC] [RETURN VALUE] 5c486915459709261d6d9af79dd1be29fea375fe59a8392f64369d2c6da0816e
[14:31:13] [SYSTEM_IO]: [GET] [MMAC] [RETURN VALUE] 5c486915459709261d6d9af79dd1be29fea375fe59a8392f64369d2c6da0816e
[14:31:13] [SYSTEM_IO]: [GET] [AutoCypher] [RETURN VALUE] 1
[14:31:13] [LOGIN]: [AUTOCYPHER ATTEMPT]
[14:31:13] [SYSTEM_IO]: [GET] [CypherHash] [RETURN VALUE] nathan,3789d9735ab15d29a3595ef3f70c377d2d7b4927c222a06d36f0abba335504a2
[14:31:13] [LOGIN]: [AUTOCYPHER PASS]
[14:31:14] [CLIENT_IO]: [GET] [Name] [RETURN VALUE] Nathan
[14:31:14] [CLIENT_IO]: [GET] [RandomBackground] [RETURN VALUE] 0
[14:31:14] [CLIENT_IO]: [GET] [FullScreen] [RETURN VALUE] 0
[14:31:14] [SYSTEM_IO]: [GET] [Version] [RETURN VALUE] Soultree
[14:31:14] [CLIENT_IO]: [GET] [Name] [RETURN VALUE] Nathan
[14:31:14] [SYSTEM_IO]: [GET] [ConsoleResizable] [RETURN VALUE] 1
[14:31:14] [CLIENT_IO]: [GET] [Foreground] [RETURN VALUE] F0F0F0
[14:31:14] [CLIENT_IO]: [GET] [Foreground] [RETURN VALUE] F0F0F0
[14:31:14] [CLIENT_IO]: [GET] [FullScreen] [RETURN VALUE] 0
[14:31:14] [CLIENT_IO]: [GET] [FullScreen] [RETURN VALUE] 0
[14:31:14] [CLIENT_IO]: [GET] [Foreground] [RETURN VALUE] F0F0F0
[14:31:14] [CLIENT_IO]: [GET] [Font] [RETURN VALUE] Agency FB
[14:31:14] [CLIENT_IO]: [GET] [OutputBorder] [RETURN VALUE] 0
[14:31:14] [CLIENT_IO]: [GET] [FullScreen] [RETURN VALUE] 0
[14:31:15] [CLIENT_IO]: [GET] [FullScreen] [RETURN VALUE] 0
[14:31:15] [CLIENT_IO]: [GET] [InputBorder] [RETURN VALUE] 0
[14:31:15] [CLIENT_IO]: [GET] [Foreground] [RETURN VALUE] F0F0F0
[14:31:15] [CLIENT_IO]: [GET] [Foreground] [RETURN VALUE] F0F0F0
[14:31:15] [CLIENT_IO]: [GET] [Foreground] [RETURN VALUE] F0F0F0
[14:31:15] [CLIENT_IO]: [GET] [Font] [RETURN VALUE] Agency FB
[14:31:15] [CLIENT_IO]: [GET] [OutputFill] [RETURN VALUE] 0
[14:31:15] [CLIENT_IO]: [GET] [InputFill] [RETURN VALUE] 0
[14:31:15] [CLIENT_IO]: [GET] [showbusyicon] [RETURN VALUE] 0
[14:31:15] [CLIENT_IO]: [GET] [IntroMusic] [RETURN VALUE] 0
[14:31:15] [CLIENT_IO]: [GET] [DebugWindows] [RETURN VALUE] 0
[14:31:15] [SYSTEM_IO]: [GET] [MMAC] [RETURN VALUE] 5c486915459709261d6d9af79dd1be29fea375fe59a8392f64369d2c6da0816e
[14:31:15] [CLIENT]: test
[14:31:15] [CLIENT_IO]: [GET] [laststart] [RETURN VALUE] 1626809305183
[14:31:15] [CLIENT_IO]: [SET] [KEY] laststart [VALUE] 1626809475414
[14:31:18] [CLIENT_IO]: [GET] [showbusyicon] [RETURN VALUE] 0
[14:31:21] [CLIENT_IO]: [GET] [showbusyicon] [RETURN VALUE] 0
[14:31:24] [CLIENT_IO]: [GET] [showbusyicon] [RETURN VALUE] 0
[14:31:27] [CLIENT_IO]: [GET] [showbusyicon] [RETURN VALUE] 0
[14:31:30] [CLIENT_IO]: [GET] [showbusyicon] [RETURN VALUE] 0
[14:31:33] [CLIENT_IO]: [GET] [showbusyicon] [RETURN VALUE] 0
[14:31:36] [CLIENT_IO]: [GET] [showbusyicon] [RETURN VALUE] 0
[14:31:39] [CLIENT_IO]: [GET] [showbusyicon] [RETURN VALUE] 0
[14:31:42] [CLIENT_IO]: [GET] [showbusyicon] [RETURN VALUE] 0
[14:31:45] [CLIENT_IO]: [GET] [showbusyicon] [RETURN VALUE] 0
[14:31:48] [CLIENT_IO]: [GET] [showbusyicon] [RETURN VALUE] 0
[14:31:51] [CLIENT_IO]: [GET] [showbusyicon] [RETURN VALUE] 0
[14:31:54] [CLIENT_IO]: [GET] [showbusyicon] [RETURN VALUE] 0
[14:31:57] [CLIENT_IO]: [GET] [showbusyicon] [RETURN VALUE] 0
[14:32:00] [CLIENT_IO]: [GET] [showbusyicon] [RETURN VALUE] 0
[14:32:03] [CLIENT_IO]: [GET] [showbusyicon] [RETURN VALUE] 0
[14:32:06] [CLIENT_IO]: [GET] [showbusyicon] [RETURN VALUE] 0
[14:32:09] [CLIENT_IO]: [GET] [showbusyicon] [RETURN VALUE] 0
[14:32:12] [CLIENT_IO]: [GET] [showbusyicon] [RETURN VALUE] 0
[14:32:15] [CLIENT_IO]: [GET] [showbusyicon] [RETURN VALUE] 0
[14:32:18] [CLIENT_IO]: [GET] [showbusyicon] [RETURN VALUE] 0
[14:32:21] [CLIENT_IO]: [GET] [showbusyicon] [RETURN VALUE] 0
[14:32:24] [CLIENT_IO]: [GET] [showbusyicon] [RETURN VALUE] 0
[14:32:27] [CLIENT_IO]: [GET] [showbusyicon] [RETURN VALUE] 0
[14:32:27] [CLIENT_IO]: [GET] [minimizeonclose] [RETURN VALUE] 0
[14:32:28] [CLIENT_IO]: [GET] [Name] [RETURN VALUE] Nathan
[14:32:28] [LOGOUT]:  [Nathan]
[14:32:28] [EXIT]: [RUNTIME] 1m 15s
[14:32:28] [EOL]: Log completed, exiting program with code: 25 [Genesis Controlled Exit], exceptions thrown: 0
