[17:04:20] [ENTRY]: [WINUSER=Nathan]
[17:04:20] [SYSTEM_IO]: [GET] [UISCALE] [RETURN VALUE] 1.0
[17:04:20] [SYSTEM_IO]: [GET] [MMAC] [RETURN VALUE] 5c486915459709261d6d9af79dd1be29fea375fe59a8392f64369d2c6da0816e
[17:04:20] [JAVA ARGS]: [LOCATION] [400 S. Monroe St. Tallahassee, FL] //Ron DeSantis is a GOAT
[17:04:20] [SYSTEM_IO]: [GET] [MMAC] [RETURN VALUE] 5c486915459709261d6d9af79dd1be29fea375fe59a8392f64369d2c6da0816e
[17:04:21] [SYSTEM_IO]: [GET] [MMAC] [RETURN VALUE] 5c486915459709261d6d9af79dd1be29fea375fe59a8392f64369d2c6da0816e
[17:04:21] [SYSTEM_IO]: [GET] [AutoCypher] [RETURN VALUE] 1
[17:04:21] [LOGIN]: [AUTOCYPHER ATTEMPT]
[17:04:21] [SYSTEM_IO]: [GET] [CypherHash] [RETURN VALUE] nathan,3789d9735ab15d29a3595ef3f70c377d2d7b4927c222a06d36f0abba335504a2
[17:04:21] [LOGIN]: [AUTOCYPHER PASS]
[17:04:21] [CLIENT_IO]: [GET] [Name] [RETURN VALUE] Nathan
[17:04:21] [CLIENT_IO]: [GET] [RandomBackground] [RETURN VALUE] 0
[17:04:21] [CLIENT_IO]: [GET] [FullScreen] [RETURN VALUE] 0
[17:04:22] [SYSTEM_IO]: [GET] [Version] [RETURN VALUE] Soultree
[17:04:22] [CLIENT_IO]: [GET] [Name] [RETURN VALUE] Nathan
[17:04:22] [SYSTEM_IO]: [GET] [ConsoleResizable] [RETURN VALUE] 1
[17:04:22] [CLIENT_IO]: [GET] [Foreground] [RETURN VALUE] F0F0F0
[17:04:22] [CLIENT_IO]: [GET] [Foreground] [RETURN VALUE] F0F0F0
[17:04:22] [CLIENT_IO]: [GET] [FullScreen] [RETURN VALUE] 0
[17:04:22] [CLIENT_IO]: [GET] [FullScreen] [RETURN VALUE] 0
[17:04:22] [CLIENT_IO]: [GET] [Foreground] [RETURN VALUE] F0F0F0
[17:04:22] [CLIENT_IO]: [GET] [Font] [RETURN VALUE] Agency FB
[17:04:22] [CLIENT_IO]: [GET] [OutputBorder] [RETURN VALUE] 0
[17:04:22] [CLIENT_IO]: [GET] [FullScreen] [RETURN VALUE] 0
[17:04:22] [CLIENT_IO]: [GET] [FullScreen] [RETURN VALUE] 0
[17:04:22] [CLIENT_IO]: [GET] [InputBorder] [RETURN VALUE] 0
[17:04:22] [CLIENT_IO]: [GET] [Foreground] [RETURN VALUE] F0F0F0
[17:04:22] [CLIENT_IO]: [GET] [Foreground] [RETURN VALUE] F0F0F0
[17:04:22] [CLIENT_IO]: [GET] [Foreground] [RETURN VALUE] F0F0F0
[17:04:22] [CLIENT_IO]: [GET] [Font] [RETURN VALUE] Agency FB
[17:04:22] [CLIENT_IO]: [GET] [OutputFill] [RETURN VALUE] 0
[17:04:22] [CLIENT_IO]: [GET] [InputFill] [RETURN VALUE] 0
[17:04:22] [CLIENT_IO]: [GET] [showbusyicon] [RETURN VALUE] 0
[17:04:22] [CLIENT_IO]: [GET] [IntroMusic] [RETURN VALUE] 0
[17:04:22] [CLIENT_IO]: [GET] [DebugWindows] [RETURN VALUE] 0
[17:04:22] [SYSTEM_IO]: [GET] [MMAC] [RETURN VALUE] 5c486915459709261d6d9af79dd1be29fea375fe59a8392f64369d2c6da0816e
[17:04:22] [CLIENT]: test
[17:04:22] [CLIENT_IO]: [GET] [laststart] [RETURN VALUE] 1626991326197
[17:04:22] [CLIENT_IO]: [SET] [KEY] laststart [VALUE] 1626991462679
[17:04:25] [CLIENT_IO]: [GET] [showbusyicon] [RETURN VALUE] 0
[17:04:28] [CLIENT_IO]: [GET] [showbusyicon] [RETURN VALUE] 0
[17:04:29] [CLIENT]: Logout
[17:04:29] [CLIENT_IO]: [GET] [Name] [RETURN VALUE] Nathan
[17:04:29] [LOGOUT]:  [Nathan]
[17:04:29] [SYSTEM_IO]: [GET] [Version] [RETURN VALUE] Soultree
[17:04:29] [SYSTEM_IO]: [GET] [Date] [RETURN VALUE] 7.2.21
[17:04:31] [CLIENT_IO]: [GET] [showbusyicon] [RETURN VALUE] 0
[17:04:34] [CLIENT_IO]: [GET] [showbusyicon] [RETURN VALUE] 0
[17:04:37] [CLIENT_IO]: [GET] [showbusyicon] [RETURN VALUE] 0
[17:04:40] [CLIENT_IO]: [GET] [showbusyicon] [RETURN VALUE] 0
[17:04:43] [CLIENT_IO]: [GET] [showbusyicon] [RETURN VALUE] 0
[17:04:46] [CLIENT_IO]: [GET] [showbusyicon] [RETURN VALUE] 0
[17:04:49] [CLIENT_IO]: [GET] [showbusyicon] [RETURN VALUE] 0
[17:04:52] [CLIENT_IO]: [GET] [showbusyicon] [RETURN VALUE] 0
[17:04:55] [CLIENT_IO]: [GET] [showbusyicon] [RETURN VALUE] 0
[17:04:58] [CLIENT_IO]: [GET] [showbusyicon] [RETURN VALUE] 0
[17:05:01] [CLIENT_IO]: [GET] [showbusyicon] [RETURN VALUE] 0
[17:05:04] [CLIENT_IO]: [GET] [showbusyicon] [RETURN VALUE] 0
[17:05:07] [CLIENT_IO]: [GET] [showbusyicon] [RETURN VALUE] 0
[17:05:10] [CLIENT_IO]: [GET] [showbusyicon] [RETURN VALUE] 0
[17:05:13] [CLIENT_IO]: [GET] [showbusyicon] [RETURN VALUE] 0
[17:05:16] [CLIENT_IO]: [GET] [showbusyicon] [RETURN VALUE] 0
[17:05:19] [CLIENT_IO]: [GET] [showbusyicon] [RETURN VALUE] 0
[17:05:22] [CLIENT_IO]: [GET] [showbusyicon] [RETURN VALUE] 0
[17:05:25] [CLIENT_IO]: [GET] [showbusyicon] [RETURN VALUE] 0
[17:05:28] [CLIENT_IO]: [GET] [showbusyicon] [RETURN VALUE] 0
[17:05:31] [CLIENT_IO]: [GET] [showbusyicon] [RETURN VALUE] 0
[17:05:34] [CLIENT_IO]: [GET] [showbusyicon] [RETURN VALUE] 0
[17:05:37] [CLIENT_IO]: [GET] [showbusyicon] [RETURN VALUE] 0
[17:05:38] [CLIENT_IO]: [LOGIN FRAME] login
[17:05:40] [CLIENT_IO]: [LOGIN FRAME] nathan
[17:05:40] [CLIENT_IO]: [GET] [showbusyicon] [RETURN VALUE] 0
[17:05:43] [CLIENT_IO]: [GET] [showbusyicon] [RETURN VALUE] 0
[17:05:43] [LOGIN]: [STD LOGIN]
[17:05:44] [CLIENT_IO]: [GET] [Name] [RETURN VALUE] Nathan
[17:05:44] [CLIENT_IO]: [GET] [RandomBackground] [RETURN VALUE] 0
[17:05:44] [CLIENT_IO]: [GET] [FullScreen] [RETURN VALUE] 0
[17:05:44] [SYSTEM_IO]: [GET] [Version] [RETURN VALUE] Soultree
[17:05:44] [CLIENT_IO]: [GET] [Name] [RETURN VALUE] Nathan
[17:05:44] [SYSTEM_IO]: [GET] [ConsoleResizable] [RETURN VALUE] 1
[17:05:44] [CLIENT_IO]: [GET] [Foreground] [RETURN VALUE] F0F0F0
[17:05:44] [CLIENT_IO]: [GET] [Foreground] [RETURN VALUE] F0F0F0
[17:05:44] [CLIENT_IO]: [GET] [FullScreen] [RETURN VALUE] 0
[17:05:44] [CLIENT_IO]: [GET] [FullScreen] [RETURN VALUE] 0
[17:05:44] [CLIENT_IO]: [GET] [Foreground] [RETURN VALUE] F0F0F0
[17:05:44] [CLIENT_IO]: [GET] [Font] [RETURN VALUE] Agency FB
[17:05:44] [CLIENT_IO]: [GET] [OutputBorder] [RETURN VALUE] 0
[17:05:44] [CLIENT_IO]: [GET] [FullScreen] [RETURN VALUE] 0
[17:05:44] [CLIENT_IO]: [GET] [FullScreen] [RETURN VALUE] 0
[17:05:44] [CLIENT_IO]: [GET] [InputBorder] [RETURN VALUE] 0
[17:05:44] [CLIENT_IO]: [GET] [Foreground] [RETURN VALUE] F0F0F0
[17:05:44] [CLIENT_IO]: [GET] [Foreground] [RETURN VALUE] F0F0F0
[17:05:44] [CLIENT_IO]: [GET] [Foreground] [RETURN VALUE] F0F0F0
[17:05:44] [CLIENT_IO]: [GET] [Font] [RETURN VALUE] Agency FB
[17:05:44] [CLIENT_IO]: [GET] [OutputFill] [RETURN VALUE] 0
[17:05:44] [CLIENT_IO]: [GET] [InputFill] [RETURN VALUE] 0
[17:05:44] [CLIENT_IO]: [GET] [showbusyicon] [RETURN VALUE] 0
[17:05:45] [CLIENT_IO]: [GET] [IntroMusic] [RETURN VALUE] 0
[17:05:45] [CLIENT_IO]: [GET] [DebugWindows] [RETURN VALUE] 0
[17:05:45] [SYSTEM_IO]: [GET] [MMAC] [RETURN VALUE] 5c486915459709261d6d9af79dd1be29fea375fe59a8392f64369d2c6da0816e
[17:05:45] [CLIENT]: test
[17:05:45] [CLIENT_IO]: [GET] [laststart] [RETURN VALUE] 1626991462679
[17:05:45] [CLIENT_IO]: [SET] [KEY] laststart [VALUE] 1626991545178
[17:05:46] [CLIENT_IO]: [GET] [showbusyicon] [RETURN VALUE] 0
[17:05:47] [CLIENT]: Threads
[17:05:47] [CLIENT_IO]: [GET] [showbusyicon] [RETURN VALUE] 0
[17:05:49] [CLIENT_IO]: [GET] [showbusyicon] [RETURN VALUE] 0
[17:05:50] [CLIENT_IO]: [GET] [showbusyicon] [RETURN VALUE] 0
[17:05:52] [CLIENT_IO]: [GET] [showbusyicon] [RETURN VALUE] 0
[17:05:53] [CLIENT_IO]: [GET] [showbusyicon] [RETURN VALUE] 0
[17:05:55] [CLIENT_IO]: [GET] [showbusyicon] [RETURN VALUE] 0
[17:05:56] [CLIENT_IO]: [GET] [showbusyicon] [RETURN VALUE] 0
[17:05:58] [CLIENT_IO]: [GET] [showbusyicon] [RETURN VALUE] 0
[17:05:59] [CLIENT_IO]: [GET] [showbusyicon] [RETURN VALUE] 0
[17:06:01] [CLIENT_IO]: [GET] [showbusyicon] [RETURN VALUE] 0
[17:06:02] [CLIENT_IO]: [GET] [showbusyicon] [RETURN VALUE] 0
[17:06:04] [CLIENT_IO]: [GET] [showbusyicon] [RETURN VALUE] 0
[17:06:05] [CLIENT_IO]: [GET] [showbusyicon] [RETURN VALUE] 0
[17:06:07] [CLIENT_IO]: [GET] [showbusyicon] [RETURN VALUE] 0
[17:06:08] [CLIENT_IO]: [GET] [showbusyicon] [RETURN VALUE] 0
[17:06:10] [CLIENT_IO]: [GET] [showbusyicon] [RETURN VALUE] 0
[17:06:11] [CLIENT_IO]: [GET] [showbusyicon] [RETURN VALUE] 0
[17:06:13] [CLIENT_IO]: [GET] [showbusyicon] [RETURN VALUE] 0
[17:06:14] [CLIENT_IO]: [GET] [showbusyicon] [RETURN VALUE] 0
[17:06:15] [CLIENT_IO]: [GET] [minimizeonclose] [RETURN VALUE] 0
[17:06:16] [CLIENT_IO]: [GET] [Name] [RETURN VALUE] Nathan
[17:06:16] [LOGOUT]:  [Nathan]
[17:06:16] [EXIT]: [RUNTIME] 1m 55s
[17:06:16] [EOL]: Log completed, exiting program with code: 25 [Genesis Controlled Exit], exceptions thrown: 0
