[00:08:00] [ENTRY]: [WINUSER=Nathan]
[00:08:00] [SYSTEM_IO]: [GET] [UISCALE] [RETURN VALUE] 1.0
[00:08:00] [SYSTEM_IO]: [GET] [MMAC] [RETURN VALUE] 5c486915459709261d6d9af79dd1be29fea375fe59a8392f64369d2c6da0816e
[00:08:00] [JAVA ARGS]: [LOCATION] [400 S. Monroe St. Tallahassee, FL] //Ron DeSantis is a GOAT
[00:08:00] [SYSTEM_IO]: [GET] [MMAC] [RETURN VALUE] 5c486915459709261d6d9af79dd1be29fea375fe59a8392f64369d2c6da0816e
[00:08:01] [SYSTEM_IO]: [GET] [MMAC] [RETURN VALUE] 5c486915459709261d6d9af79dd1be29fea375fe59a8392f64369d2c6da0816e
[00:08:01] [LOGIN]: [AUTOCYPHER ATTEMPT]
[00:08:01] [LOGIN]: [AUTOCYPHER PASS]
[00:08:01] [CLIENT_IO]: [GET] [Name] [RETURN VALUE] Nathan
[00:08:02] [CLIENT_IO]: [GET] [RandomBackground] [RETURN VALUE] 0
[00:08:02] [CLIENT_IO]: [GET] [FullScreen] [RETURN VALUE] 0
[00:08:02] [SYSTEM_IO]: [GET] [Version] [RETURN VALUE] Soultree
[00:08:02] [CLIENT_IO]: [GET] [Name] [RETURN VALUE] Nathan
[00:08:02] [SYSTEM_IO]: [GET] [ConsoleResizable] [RETURN VALUE] 1
[00:08:02] [CLIENT_IO]: [GET] [Foreground] [RETURN VALUE] 000000
[00:08:02] [CLIENT_IO]: [GET] [Foreground] [RETURN VALUE] 000000
[00:08:02] [CLIENT_IO]: [GET] [FullScreen] [RETURN VALUE] 0
[00:08:02] [CLIENT_IO]: [GET] [FullScreen] [RETURN VALUE] 0
[00:08:02] [CLIENT_IO]: [GET] [Foreground] [RETURN VALUE] 000000
[00:08:02] [CLIENT_IO]: [GET] [Font] [RETURN VALUE] Agency FB
[00:08:02] [CLIENT_IO]: [GET] [OutputBorder] [RETURN VALUE] 0
[00:08:02] [CLIENT_IO]: [GET] [FullScreen] [RETURN VALUE] 0
[00:08:02] [CLIENT_IO]: [GET] [FullScreen] [RETURN VALUE] 0
[00:08:02] [CLIENT_IO]: [GET] [InputBorder] [RETURN VALUE] 0
[00:08:02] [CLIENT_IO]: [GET] [Foreground] [RETURN VALUE] 000000
[00:08:02] [CLIENT_IO]: [GET] [Foreground] [RETURN VALUE] 000000
[00:08:02] [CLIENT_IO]: [GET] [Foreground] [RETURN VALUE] 000000
[00:08:02] [CLIENT_IO]: [GET] [Font] [RETURN VALUE] Agency FB
[00:08:02] [CLIENT_IO]: [GET] [OutputFill] [RETURN VALUE] 0
[00:08:02] [CLIENT_IO]: [GET] [InputFill] [RETURN VALUE] 0
[00:08:02] [CLIENT_IO]: [GET] [IntroMusic] [RETURN VALUE] 0
[00:08:02] [CLIENT_IO]: [GET] [DebugWindows] [RETURN VALUE] 0
[00:08:02] [SYSTEM_IO]: [GET] [MMAC] [RETURN VALUE] 5c486915459709261d6d9af79dd1be29fea375fe59a8392f64369d2c6da0816e
[00:08:02] [CLIENT]: test
[00:08:02] [CLIENT_IO]: [GET] [laststart] [RETURN VALUE] 1626239211981
[00:08:02] [CLIENT_IO]: [SET] [KEY] laststart [VALUE] 1626239282951
[00:08:04] [CLIENT]: Prefs
[00:08:05] [ACTION]: USER EDITOR
[00:08:26] [CLIENT_IO]: [GET] [menudirection] [RETURN VALUE] 1
[EXTERNAL STOP] Cyder was force closed by an external entity such as an IDE stop or the OS' Task Manager
