[13:11:05] [ENTRY]: [WINUSER=Nathan]
[13:11:05] [JAVA ARGS]: [LOCATION] [400 S. Monroe St. Tallahassee, FL]
[13:11:06] [LOGIN]: [AUTOCYPHER ATTEMPT]
[13:11:06] [LOGIN]: [AUTOCYPHER PASS]
[13:11:08] [CLIENT]: test
[13:11:08] [CLIENT]: weather
[13:11:08] [ACTION]: WEATHER
[13:11:09] [EXCEPTION]: 
String index out of range: 0
Thrown from:
java.base/java.lang.StringLatin1.charAt(StringLatin1.java:44)
StackTrace:
java.lang.StringIndexOutOfBoundsException: String index out of range: 0
	at java.base/java.lang.StringLatin1.charAt(StringLatin1.java:44)
	at java.base/java.lang.String.charAt(String.java:704)
	at cyder.utilities.StringUtil.capsFirst(StringUtil.java:603)
	at cyder.widgets.Weather.refreshWeather(Weather.java:342)
	at cyder.widgets.Weather.lambda$repullWeatherStats$5(Weather.java:449)
	at java.base/java.lang.Thread.run(Thread.java:844)
[EXTERNAL STOP] Cyder was force closed by an external entity such as an IDE stop or the OS' Task Manager
