[13:06:42] [ENTRY]: [WINUSER=Nathan]
[13:06:42] [SYSTEM_IO]: [GET] [UISCALE] [RETURN VALUE] 1.0
[13:06:42] [SYSTEM_IO]: [GET] [MMAC] [RETURN VALUE] 5c486915459709261d6d9af79dd1be29fea375fe59a8392f64369d2c6da0816e
[13:06:42] [JAVA ARGS]: [LOCATION] [400 S. Monroe St. Tallahassee, FL] //Ron DeSantis is a GOAT
[13:06:42] [SYSTEM_IO]: [GET] [MMAC] [RETURN VALUE] 5c486915459709261d6d9af79dd1be29fea375fe59a8392f64369d2c6da0816e
[13:06:43] [SYSTEM_IO]: [GET] [MMAC] [RETURN VALUE] 5c486915459709261d6d9af79dd1be29fea375fe59a8392f64369d2c6da0816e
[13:06:43] [LOGIN]: [AUTOCYPHER ATTEMPT]
[13:06:43] [LOGIN]: [AUTOCYPHER PASS]
[13:06:43] [CLIENT_IO]: [GET] [Name] [RETURN VALUE] Nathan
[13:06:43] [CLIENT_IO]: [GET] [RandomBackground] [RETURN VALUE] 0
[13:06:43] [CLIENT_IO]: [GET] [FullScreen] [RETURN VALUE] 0
[13:06:43] [SYSTEM_IO]: [GET] [Version] [RETURN VALUE] Soultree
[13:06:43] [CLIENT_IO]: [GET] [Name] [RETURN VALUE] Nathan
[13:06:43] [SYSTEM_IO]: [GET] [ConsoleResizable] [RETURN VALUE] 1
[13:06:43] [CLIENT_IO]: [GET] [Foreground] [RETURN VALUE] 000000
[13:06:43] [CLIENT_IO]: [GET] [Foreground] [RETURN VALUE] 000000
[13:06:43] [CLIENT_IO]: [GET] [FullScreen] [RETURN VALUE] 0
[13:06:43] [CLIENT_IO]: [GET] [FullScreen] [RETURN VALUE] 0
[13:06:43] [CLIENT_IO]: [GET] [Foreground] [RETURN VALUE] 000000
[13:06:43] [CLIENT_IO]: [GET] [Font] [RETURN VALUE] Agency FB
[13:06:43] [CLIENT_IO]: [GET] [OutputBorder] [RETURN VALUE] 0
[13:06:43] [CLIENT_IO]: [GET] [FullScreen] [RETURN VALUE] 0
[13:06:44] [CLIENT_IO]: [GET] [FullScreen] [RETURN VALUE] 0
[13:06:44] [CLIENT_IO]: [GET] [InputBorder] [RETURN VALUE] 0
[13:06:44] [CLIENT_IO]: [GET] [Foreground] [RETURN VALUE] 000000
[13:06:44] [CLIENT_IO]: [GET] [Foreground] [RETURN VALUE] 000000
[13:06:44] [CLIENT_IO]: [GET] [Foreground] [RETURN VALUE] 000000
[13:06:44] [CLIENT_IO]: [GET] [Font] [RETURN VALUE] Agency FB
[13:06:44] [CLIENT_IO]: [GET] [OutputFill] [RETURN VALUE] 0
[13:06:44] [CLIENT_IO]: [GET] [InputFill] [RETURN VALUE] 0
[13:06:44] [CLIENT_IO]: [GET] [IntroMusic] [RETURN VALUE] 0
[13:06:44] [CLIENT_IO]: [GET] [DebugWindows] [RETURN VALUE] 0
[13:06:44] [SYSTEM_IO]: [GET] [MMAC] [RETURN VALUE] 5c486915459709261d6d9af79dd1be29fea375fe59a8392f64369d2c6da0816e
[13:06:44] [CLIENT]: test
[13:06:44] [CLIENT_IO]: [GET] [laststart] [RETURN VALUE] 1626199527036
[13:06:44] [CLIENT_IO]: [SET] [KEY] laststart [VALUE] 1626199604650
[13:06:48] [CLIENT]: Analyze code
[13:06:48] [CONSOLE_OUT]: [STRING] Lines of code: 18066
[13:06:49] [CONSOLE_OUT]: [STRING] Number of java files: 85
[13:06:50] [CONSOLE_OUT]: [STRING] Number of comments: 1430
[13:06:51] [CONSOLE_OUT]: [STRING] Blank lines: 3716
[13:06:52] [CONSOLE_OUT]: [STRING] Total: 21782
[13:07:12] [CLIENT_IO]: [GET] [Background] [RETURN VALUE] 000000
[13:07:17] [CLIENT_IO]: [GET] [Background] [RETURN VALUE] 000000
[13:07:19] [CLIENT_IO]: [GET] [Name] [RETURN VALUE] Nathan
[13:07:19] [LOGOUT]:  [Nathan]
[13:07:19] [EXIT]: [RUNTIME] 37s
[13:07:19] [EOL]: Log completed, exiting program with code: 25 [Genesis Controlled Exit], exceptions thrown: 0
