[23:18:58] [ENTRY]: [WINUSER=Nathan]
[23:18:59] [SYSTEM_IO]: [GET] [UISCALE] [RETURN VALUE] 1.0
[23:18:59] [SYSTEM_IO]: [GET] [MMAC] [RETURN VALUE] 5c486915459709261d6d9af79dd1be29fea375fe59a8392f64369d2c6da0816e
[23:18:59] [JAVA ARGS]: [LOCATION] [400 S. Monroe St. Tallahassee, FL] //Ron DeSantis is a GOAT
[23:18:59] [SYSTEM_IO]: [GET] [MMAC] [RETURN VALUE] 5c486915459709261d6d9af79dd1be29fea375fe59a8392f64369d2c6da0816e
[23:19:00] [SYSTEM_IO]: [GET] [MMAC] [RETURN VALUE] 5c486915459709261d6d9af79dd1be29fea375fe59a8392f64369d2c6da0816e
[23:19:00] [LOGIN]: [AUTOCYPHER ATTEMPT]
[23:19:00] [LOGIN]: [AUTOCYPHER PASS]
[23:19:00] [CLIENT_IO]: [GET] [Name] [RETURN VALUE] Nathan
[23:19:00] [CLIENT_IO]: [GET] [RandomBackground] [RETURN VALUE] 0
[23:19:00] [CLIENT_IO]: [GET] [FullScreen] [RETURN VALUE] 0
[23:19:00] [SYSTEM_IO]: [GET] [Version] [RETURN VALUE] Soultree
[23:19:00] [CLIENT_IO]: [GET] [Name] [RETURN VALUE] Nathan
[23:19:01] [SYSTEM_IO]: [GET] [ConsoleResizable] [RETURN VALUE] 1
[23:19:01] [CLIENT_IO]: [GET] [Foreground] [RETURN VALUE] 000000
[23:19:01] [CLIENT_IO]: [GET] [Foreground] [RETURN VALUE] 000000
[23:19:01] [CLIENT_IO]: [GET] [FullScreen] [RETURN VALUE] 0
[23:19:01] [CLIENT_IO]: [GET] [FullScreen] [RETURN VALUE] 0
[23:19:01] [CLIENT_IO]: [GET] [Foreground] [RETURN VALUE] 000000
[23:19:01] [CLIENT_IO]: [GET] [Font] [RETURN VALUE] Agency FB
[23:19:01] [CLIENT_IO]: [GET] [OutputBorder] [RETURN VALUE] 0
[23:19:01] [CLIENT_IO]: [GET] [FullScreen] [RETURN VALUE] 0
[23:19:01] [CLIENT_IO]: [GET] [FullScreen] [RETURN VALUE] 0
[23:19:01] [CLIENT_IO]: [GET] [InputBorder] [RETURN VALUE] 0
[23:19:01] [CLIENT_IO]: [GET] [Foreground] [RETURN VALUE] 000000
[23:19:01] [CLIENT_IO]: [GET] [Foreground] [RETURN VALUE] 000000
[23:19:01] [CLIENT_IO]: [GET] [Foreground] [RETURN VALUE] 000000
[23:19:01] [CLIENT_IO]: [GET] [Font] [RETURN VALUE] Agency FB
[23:19:01] [CLIENT_IO]: [GET] [OutputFill] [RETURN VALUE] 0
[23:19:01] [CLIENT_IO]: [GET] [InputFill] [RETURN VALUE] 0
[23:19:01] [CLIENT_IO]: [GET] [IntroMusic] [RETURN VALUE] 0
[23:19:01] [CLIENT_IO]: [GET] [DebugWindows] [RETURN VALUE] 0
[23:19:01] [SYSTEM_IO]: [GET] [MMAC] [RETURN VALUE] 5c486915459709261d6d9af79dd1be29fea375fe59a8392f64369d2c6da0816e
[23:19:01] [CLIENT]: test
[23:19:01] [CLIENT_IO]: [GET] [laststart] [RETURN VALUE] 1626236203474
[23:19:01] [CLIENT_IO]: [SET] [KEY] laststart [VALUE] 1626236341534
[23:19:03] [CLIENT]: Hi
[23:19:03] [CLIENT_IO]: [GET] [Name] [RETURN VALUE] Nathan
[23:19:03] [CONSOLE_OUT]: [STRING] How are you doing, Nathan?
[23:19:07] [CLIENT]: Pizza
[23:19:07] [ACTION]: PIZZA
[23:19:12] [CLIENT_IO]: [GET] [Name] [RETURN VALUE] Nathan
[23:19:12] [LOGOUT]:  [Nathan]
[23:19:12] [EXIT]: [RUNTIME] 14s
[23:19:12] [EOL]: Log completed, exiting program with code: 25 [Genesis Controlled Exit], exceptions thrown: 0
