[00:38:43] [ENTRY]: [WINUSER=Nathan]
[00:38:43] [JAVA ARGS]: [LOCATION] [400 S. Monroe St. Tallahassee, FL]
[00:38:44] [LOGIN]: [AUTOCYPHER ATTEMPT]
[00:38:44] [LOGIN]: [AUTOCYPHER PASS]
[00:38:45] [CLIENT]: test
[00:38:59] [ACTION]: CyderButton, text=[Size] CLICKED
[00:38:59] [ACTION]: [Queue test] [NOTIFICATION] 3
[00:39:01] [ACTION]: CyderButton, text=[Forward Traversal] CLICKED
[00:39:01] [ACTION]: [Queue test] [NOTIFICATION] 1 -> 2 -> 3
[00:39:03] [ACTION]: CyderButton, text=[Reverse Traversal] CLICKED
[00:39:03] [ACTION]: [Queue test] [NOTIFICATION] 3 -> 2 -> 1
[00:39:04] [ACTION]: CyderButton, text=[Dequeue] CLICKED
[00:39:04] [ACTION]: [Queue test] [NOTIFICATION] null
[00:39:07] [ACTION]: CyderButton, text=[Size] CLICKED
[00:39:07] [ACTION]: [Queue test] [NOTIFICATION] 2
[00:39:08] [ACTION]: CyderButton, text=[Reverse Traversal] CLICKED
[00:39:08] [ACTION]: [Queue test] [NOTIFICATION] 3 -> 2
[00:39:09] [ACTION]: CyderButton, text=[Forward Traversal] CLICKED
[00:39:09] [ACTION]: [Queue test] [NOTIFICATION] 2 -> 3
[00:39:12] [ACTION]: CyderButton, text=[Remove Last] CLICKED
[00:39:12] [ACTION]: [Queue test] [NOTIFICATION] null
[00:39:13] [ACTION]: CyderButton, text=[Size] CLICKED
[00:39:13] [ACTION]: [Queue test] [NOTIFICATION] 1
[00:39:14] [ACTION]: CyderButton, text=[Reverse Traversal] CLICKED
[00:39:15] [ACTION]: [Queue test] [NOTIFICATION] 3
[00:39:16] [ACTION]: CyderButton, text=[Forward Traversal] CLICKED
[00:39:16] [ACTION]: [Queue test] [NOTIFICATION] 3
[00:39:20] [ACTION]: CyderButton, text=[Forward Traversal] CLICKED
[00:39:20] [ACTION]: [Queue test] [NOTIFICATION] 3 -> 1
[00:39:21] [ACTION]: CyderButton, text=[Reverse Traversal] CLICKED
[00:39:21] [ACTION]: [Queue test] [NOTIFICATION] 1 -> 3
[00:39:27] [ACTION]: CyderButton, text=[Forward Traversal] CLICKED
[00:39:27] [ACTION]: [Queue test] [NOTIFICATION] 4 -> 3 -> 1
[00:39:30] [ACTION]: CyderButton, text=[Dequeue] CLICKED
[00:39:30] [ACTION]: [Queue test] [NOTIFICATION] null
[00:39:32] [ACTION]: CyderButton, text=[Forward Traversal] CLICKED
[00:39:32] [ACTION]: [Queue test] [NOTIFICATION] 3 -> 1
[00:39:33] [ACTION]: CyderButton, text=[Dequeue] CLICKED
[00:39:33] [ACTION]: [Queue test] [NOTIFICATION] null
[00:39:34] [ACTION]: CyderButton, text=[Forward Traversal] CLICKED
[00:39:34] [ACTION]: [Queue test] [NOTIFICATION] 1
[00:39:36] [ACTION]: CyderButton, text=[Remove Last] CLICKED
[00:39:36] [ACTION]: [Queue test] [NOTIFICATION] cyder.structobjects.CyderQueue$Node@145a825e
[00:39:41] [ACTION]: CyderButton, text=[Reverse Traversal] CLICKED
[00:39:41] [ACTION]: [Queue test] [NOTIFICATION] Empty tree
[00:39:42] [ACTION]: CyderButton, text=[Forward Traversal] CLICKED
[00:39:42] [ACTION]: [Queue test] [NOTIFICATION] Empty tree
[00:39:48] [ACTION]: CyderButton, text=[Reverse Traversal] CLICKED
[00:39:48] [ACTION]: [Queue test] [NOTIFICATION] 1 -> 2 -> 3
[00:39:54] [LOGOUT]:  [Nathan]
[00:39:54] [EXIT]: [RUNTIME] 1m 11s
[00:39:54] [EOL]: Log completed, exiting program with code: 25 [Genesis Controlled Exit], exceptions thrown: 0
