[19:20:29] [ENTRY]: [WINUSER=Nathan]
[19:20:31] [JAVA ARGS]: [LOCATION] [400 S. Monroe St. Tallahassee, FL]
[19:20:32] [LOGIN]: [AUTOCYPHER ATTEMPT]
[19:20:33] [LOGIN]: [AUTOCYPHER PASS]
[19:20:37] [CLIENT]: test
[19:20:40] [CLIENT]: Create
[19:20:40] [CONSOLE_OUT]: [STRING] Sorry, Nathan, but I don't recognize that command. You can make a suggestion by clicking the "Suggestion" button.
[19:20:42] [CLIENT]: New user
[19:20:42] [ACTION]: USER CREATOR
[19:20:46] [ACTION]: CyderButton, text=[Create User] CLICKED
[19:21:47] [CLIENT]: Login
[19:21:47] [ACTION]: LOGIN WIDGET
[19:21:51] [CLIENT_IO]: [LOGIN FRAME] login
[19:21:54] [CLIENT_IO]: [LOGIN FRAME] karla
[19:21:55] [EXCEPTION]: 
argument type mismatch
Thrown from:
java.base/jdk.internal.reflect.NativeMethodAccessorImpl.invoke0(Native Method)
StackTrace:
java.lang.IllegalArgumentException: argument type mismatch
	at java.base/jdk.internal.reflect.NativeMethodAccessorImpl.invoke0(Native Method)
	at java.base/jdk.internal.reflect.NativeMethodAccessorImpl.invoke(NativeMethodAccessorImpl.java:62)
	at java.base/jdk.internal.reflect.DelegatingMethodAccessorImpl.invoke(DelegatingMethodAccessorImpl.java:43)
	at java.base/java.lang.reflect.Method.invoke(Method.java:564)
	at cyder.utilities.UserUtil.fixUser(UserUtil.java:203)
	at cyder.ui.ConsoleFrame.setUUID(ConsoleFrame.java:1593)
	at cyder.utilities.UserUtil.checkPassword(UserUtil.java:411)
	at cyder.genesis.Login.recognize(Login.java:295)
	at cyder.genesis.Login$2.keyTyped(Login.java:232)
	at java.desktop/java.awt.Component.processKeyEvent(Component.java:6533)
	at java.desktop/javax.swing.JComponent.processKeyEvent(JComponent.java:2850)
	at java.desktop/java.awt.Component.processEvent(Component.java:6355)
	at java.desktop/java.awt.Container.processEvent(Container.java:2259)
	at java.desktop/java.awt.Component.dispatchEventImpl(Component.java:4961)
	at java.desktop/java.awt.Container.dispatchEventImpl(Container.java:2317)
	at java.desktop/java.awt.Component.dispatchEvent(Component.java:4793)
	at java.desktop/java.awt.KeyboardFocusManager.redispatchEvent(KeyboardFocusManager.java:1955)
	at java.desktop/java.awt.DefaultKeyboardFocusManager.dispatchKeyEvent(DefaultKeyboardFocusManager.java:827)
	at java.desktop/java.awt.DefaultKeyboardFocusManager.preDispatchKeyEvent(DefaultKeyboardFocusManager.java:1096)
	at java.desktop/java.awt.DefaultKeyboardFocusManager.typeAheadAssertions(DefaultKeyboardFocusManager.java:966)
	at java.desktop/java.awt.DefaultKeyboardFocusManager.dispatchEvent(DefaultKeyboardFocusManager.java:792)
	at java.desktop/java.awt.Component.dispatchEventImpl(Component.java:4842)
	at java.desktop/java.awt.Container.dispatchEventImpl(Container.java:2317)
	at java.desktop/java.awt.Window.dispatchEventImpl(Window.java:2758)
	at java.desktop/java.awt.Component.dispatchEvent(Component.java:4793)
	at java.desktop/java.awt.EventQueue.dispatchEventImpl(EventQueue.java:766)
	at java.desktop/java.awt.EventQueue.access$500(EventQueue.java:97)
	at java.desktop/java.awt.EventQueue$3.run(EventQueue.java:717)
	at java.desktop/java.awt.EventQueue$3.run(EventQueue.java:711)
	at java.base/java.security.AccessController.doPrivileged(Native Method)
	at java.base/java.security.ProtectionDomain$JavaSecurityAccessImpl.doIntersectionPrivilege(ProtectionDomain.java:89)
	at java.base/java.security.ProtectionDomain$JavaSecurityAccessImpl.doIntersectionPrivilege(ProtectionDomain.java:99)
	at java.desktop/java.awt.EventQueue$4.run(EventQueue.java:739)
	at java.desktop/java.awt.EventQueue$4.run(EventQueue.java:737)
	at java.base/java.security.AccessController.doPrivileged(Native Method)
	at java.base/java.security.ProtectionDomain$JavaSecurityAccessImpl.doIntersectionPrivilege(ProtectionDomain.java:89)
	at java.desktop/java.awt.EventQueue.dispatchEvent(EventQueue.java:736)
	at java.desktop/java.awt.EventDispatchThread.pumpOneEventForFilters(EventDispatchThread.java:199)
	at java.desktop/java.awt.EventDispatchThread.pumpEventsForFilter(EventDispatchThread.java:124)
	at java.desktop/java.awt.EventDispatchThread.pumpEventsForHierarchy(EventDispatchThread.java:113)
	at java.desktop/java.awt.EventDispatchThread.pumpEvents(EventDispatchThread.java:109)
	at java.desktop/java.awt.EventDispatchThread.pumpEvents(EventDispatchThread.java:101)
	at java.desktop/java.awt.EventDispatchThread.run(EventDispatchThread.java:90)
[19:21:55] [LOGIN]: [STD LOGIN]
[19:21:55] [LOGOUT]:  [Karla]
[19:21:56] [CLIENT]: test
[19:21:59] [CLIENT]: Font
[19:21:59] [CONSOLE_OUT]: [STRING] Sorry, Karla, but I don't recognize that command. You can make a suggestion by clicking the "Suggestion" button.
[19:22:01] [CLIENT]: Cls
[19:22:04] [CLIENT]: prefs
[19:22:04] [ACTION]: USER EDITOR
[19:22:06] [ACTION]: CyderButton, text=[>] CLICKED
[19:22:08] [ACTION]: CyderButton, text=[Apply Font] CLICKED
[19:22:09] [CONSOLE_OUT]: [STRING] The font "Algerian" has been applied.
[19:22:23] [CLIENT]: Logout
[19:22:23] [LOGOUT]:  [Karla]
[19:22:24] [CLIENT_IO]: [LOGIN FRAME] login
[19:22:26] [CLIENT_IO]: [LOGIN FRAME] karla
[19:22:27] [EXCEPTION]: 
argument type mismatch
Thrown from:
java.base/jdk.internal.reflect.NativeMethodAccessorImpl.invoke0(Native Method)
StackTrace:
java.lang.IllegalArgumentException: argument type mismatch
	at java.base/jdk.internal.reflect.NativeMethodAccessorImpl.invoke0(Native Method)
	at java.base/jdk.internal.reflect.NativeMethodAccessorImpl.invoke(NativeMethodAccessorImpl.java:62)
	at java.base/jdk.internal.reflect.DelegatingMethodAccessorImpl.invoke(DelegatingMethodAccessorImpl.java:43)
	at java.base/java.lang.reflect.Method.invoke(Method.java:564)
	at cyder.utilities.UserUtil.fixUser(UserUtil.java:203)
	at cyder.ui.ConsoleFrame.setUUID(ConsoleFrame.java:1593)
	at cyder.utilities.UserUtil.checkPassword(UserUtil.java:411)
	at cyder.genesis.Login.recognize(Login.java:295)
	at cyder.genesis.Login$2.keyTyped(Login.java:232)
	at java.desktop/java.awt.Component.processKeyEvent(Component.java:6533)
	at java.desktop/javax.swing.JComponent.processKeyEvent(JComponent.java:2850)
	at java.desktop/java.awt.Component.processEvent(Component.java:6355)
	at java.desktop/java.awt.Container.processEvent(Container.java:2259)
	at java.desktop/java.awt.Component.dispatchEventImpl(Component.java:4961)
	at java.desktop/java.awt.Container.dispatchEventImpl(Container.java:2317)
	at java.desktop/java.awt.Component.dispatchEvent(Component.java:4793)
	at java.desktop/java.awt.KeyboardFocusManager.redispatchEvent(KeyboardFocusManager.java:1955)
	at java.desktop/java.awt.DefaultKeyboardFocusManager.dispatchKeyEvent(DefaultKeyboardFocusManager.java:827)
	at java.desktop/java.awt.DefaultKeyboardFocusManager.preDispatchKeyEvent(DefaultKeyboardFocusManager.java:1096)
	at java.desktop/java.awt.DefaultKeyboardFocusManager.typeAheadAssertions(DefaultKeyboardFocusManager.java:966)
	at java.desktop/java.awt.DefaultKeyboardFocusManager.dispatchEvent(DefaultKeyboardFocusManager.java:792)
	at java.desktop/java.awt.Component.dispatchEventImpl(Component.java:4842)
	at java.desktop/java.awt.Container.dispatchEventImpl(Container.java:2317)
	at java.desktop/java.awt.Window.dispatchEventImpl(Window.java:2758)
	at java.desktop/java.awt.Component.dispatchEvent(Component.java:4793)
	at java.desktop/java.awt.EventQueue.dispatchEventImpl(EventQueue.java:766)
	at java.desktop/java.awt.EventQueue.access$500(EventQueue.java:97)
	at java.desktop/java.awt.EventQueue$3.run(EventQueue.java:717)
	at java.desktop/java.awt.EventQueue$3.run(EventQueue.java:711)
	at java.base/java.security.AccessController.doPrivileged(Native Method)
	at java.base/java.security.ProtectionDomain$JavaSecurityAccessImpl.doIntersectionPrivilege(ProtectionDomain.java:89)
	at java.base/java.security.ProtectionDomain$JavaSecurityAccessImpl.doIntersectionPrivilege(ProtectionDomain.java:99)
	at java.desktop/java.awt.EventQueue$4.run(EventQueue.java:739)
	at java.desktop/java.awt.EventQueue$4.run(EventQueue.java:737)
	at java.base/java.security.AccessController.doPrivileged(Native Method)
	at java.base/java.security.ProtectionDomain$JavaSecurityAccessImpl.doIntersectionPrivilege(ProtectionDomain.java:89)
	at java.desktop/java.awt.EventQueue.dispatchEvent(EventQueue.java:736)
	at java.desktop/java.awt.EventDispatchThread.pumpOneEventForFilters(EventDispatchThread.java:199)
	at java.desktop/java.awt.EventDispatchThread.pumpEventsForFilter(EventDispatchThread.java:124)
	at java.desktop/java.awt.EventDispatchThread.pumpEventsForHierarchy(EventDispatchThread.java:113)
	at java.desktop/java.awt.EventDispatchThread.pumpEvents(EventDispatchThread.java:109)
	at java.desktop/java.awt.EventDispatchThread.pumpEvents(EventDispatchThread.java:101)
	at java.desktop/java.awt.EventDispatchThread.run(EventDispatchThread.java:90)
[19:22:27] [LOGIN]: [STD LOGIN]
[19:22:27] [CLIENT]: test
[19:22:34] [LOGOUT]:  [Karla]
[19:22:34] [EXIT]: [RUNTIME] 2m 4s
[19:22:34] [EOL]: Log completed, exiting program with code: 25 [Genesis Controlled Exit], exceptions thrown: 2
