[22:16:54] [ENTRY]: [WINUSER=Nathan]
[22:16:54] [SYSTEM_IO]: [GET] [UISCALE] [RETURN VALUE] 1.0
[22:16:54] [SYSTEM_IO]: [GET] [MMAC] [RETURN VALUE] 5c486915459709261d6d9af79dd1be29fea375fe59a8392f64369d2c6da0816e
[22:16:54] [JAVA ARGS]: [LOCATION] [400 S. Monroe St. Tallahassee, FL] //Ron DeSantis is a GOAT
[22:16:54] [SYSTEM_IO]: [GET] [MMAC] [RETURN VALUE] 5c486915459709261d6d9af79dd1be29fea375fe59a8392f64369d2c6da0816e
[22:16:55] [SYSTEM_IO]: [GET] [MMAC] [RETURN VALUE] 5c486915459709261d6d9af79dd1be29fea375fe59a8392f64369d2c6da0816e
[22:16:55] [LOGIN]: [AUTOCYPHER ATTEMPT]
[22:16:55] [LOGIN]: [AUTOCYPHER PASS]
[22:16:55] [CLIENT_IO]: [GET] [Name] [RETURN VALUE] Nathan
[22:16:56] [CLIENT_IO]: [GET] [RandomBackground] [RETURN VALUE] 0
[22:16:56] [CLIENT_IO]: [GET] [FullScreen] [RETURN VALUE] 0
[22:16:56] [SYSTEM_IO]: [GET] [Version] [RETURN VALUE] Soultree
[22:16:56] [CLIENT_IO]: [GET] [Name] [RETURN VALUE] Nathan
[22:16:56] [SYSTEM_IO]: [GET] [ConsoleResizable] [RETURN VALUE] 1
[22:16:56] [CLIENT_IO]: [GET] [Foreground] [RETURN VALUE] 000000
[22:16:56] [CLIENT_IO]: [GET] [Foreground] [RETURN VALUE] 000000
[22:16:56] [CLIENT_IO]: [GET] [FullScreen] [RETURN VALUE] 0
[22:16:56] [CLIENT_IO]: [GET] [FullScreen] [RETURN VALUE] 0
[22:16:56] [CLIENT_IO]: [GET] [Foreground] [RETURN VALUE] 000000
[22:16:56] [CLIENT_IO]: [GET] [Font] [RETURN VALUE] Agency FB
[22:16:56] [CLIENT_IO]: [GET] [OutputBorder] [RETURN VALUE] 0
[22:16:56] [CLIENT_IO]: [GET] [FullScreen] [RETURN VALUE] 0
[22:16:56] [CLIENT_IO]: [GET] [FullScreen] [RETURN VALUE] 0
[22:16:56] [CLIENT_IO]: [GET] [InputBorder] [RETURN VALUE] 0
[22:16:56] [CLIENT_IO]: [GET] [Foreground] [RETURN VALUE] 000000
[22:16:56] [CLIENT_IO]: [GET] [Foreground] [RETURN VALUE] 000000
[22:16:56] [CLIENT_IO]: [GET] [Foreground] [RETURN VALUE] 000000
[22:16:56] [CLIENT_IO]: [GET] [Font] [RETURN VALUE] Agency FB
[22:16:56] [CLIENT_IO]: [GET] [OutputFill] [RETURN VALUE] 0
[22:16:56] [CLIENT_IO]: [GET] [InputFill] [RETURN VALUE] 0
[22:16:56] [CLIENT_IO]: [GET] [IntroMusic] [RETURN VALUE] 0
[22:16:56] [CLIENT_IO]: [GET] [DebugWindows] [RETURN VALUE] 0
[22:16:56] [SYSTEM_IO]: [GET] [MMAC] [RETURN VALUE] 5c486915459709261d6d9af79dd1be29fea375fe59a8392f64369d2c6da0816e
[22:16:56] [CLIENT]: test
[22:16:56] [CLIENT_IO]: [GET] [laststart] [RETURN VALUE] 1626232576471
[22:16:56] [CLIENT_IO]: [SET] [KEY] laststart [VALUE] 1626232616945
[22:16:58] [CLIENT]: Dir
[22:16:59] [ACTION]: DIR SEARCH
[22:17:05] [ACTION]: CyderButton, text=[ < ] CLICKED
[22:17:06] [ACTION]: CyderButton, text=[ > ] CLICKED
[EXTERNAL STOP] Cyder was force closed by an external entity such as an IDE stop or the OS' Task Manager
