[22:24:24] [ENTRY]: [WINUSER=Nathan]
[22:24:24] [SYSTEM_IO]: [GET] [UISCALE] [RETURN VALUE] 1.0
[22:24:25] [SYSTEM_IO]: [GET] [MMAC] [RETURN VALUE] 5c486915459709261d6d9af79dd1be29fea375fe59a8392f64369d2c6da0816e
[22:24:25] [JAVA ARGS]: [LOCATION] [400 S. Monroe St. Tallahassee, FL] //Ron DeSantis is a GOAT
[22:24:25] [SYSTEM_IO]: [GET] [MMAC] [RETURN VALUE] 5c486915459709261d6d9af79dd1be29fea375fe59a8392f64369d2c6da0816e
[22:24:26] [SYSTEM_IO]: [GET] [MMAC] [RETURN VALUE] 5c486915459709261d6d9af79dd1be29fea375fe59a8392f64369d2c6da0816e
[22:24:26] [LOGIN]: [AUTOCYPHER ATTEMPT]
[22:24:26] [LOGIN]: [AUTOCYPHER PASS]
[22:24:26] [CLIENT_IO]: [GET] [Name] [RETURN VALUE] Nathan
[22:24:26] [CLIENT_IO]: [GET] [RandomBackground] [RETURN VALUE] 0
[22:24:26] [CLIENT_IO]: [GET] [FullScreen] [RETURN VALUE] 0
[22:24:26] [SYSTEM_IO]: [GET] [Version] [RETURN VALUE] Soultree
[22:24:26] [CLIENT_IO]: [GET] [Name] [RETURN VALUE] Nathan
[22:24:26] [SYSTEM_IO]: [GET] [ConsoleResizable] [RETURN VALUE] 1
[22:24:26] [CLIENT_IO]: [GET] [Foreground] [RETURN VALUE] 000000
[22:24:26] [CLIENT_IO]: [GET] [Foreground] [RETURN VALUE] 000000
[22:24:26] [CLIENT_IO]: [GET] [FullScreen] [RETURN VALUE] 0
[22:24:26] [CLIENT_IO]: [GET] [FullScreen] [RETURN VALUE] 0
[22:24:26] [CLIENT_IO]: [GET] [Foreground] [RETURN VALUE] 000000
[22:24:26] [CLIENT_IO]: [GET] [Font] [RETURN VALUE] Agency FB
[22:24:27] [CLIENT_IO]: [GET] [OutputBorder] [RETURN VALUE] 0
[22:24:27] [CLIENT_IO]: [GET] [FullScreen] [RETURN VALUE] 0
[22:24:27] [CLIENT_IO]: [GET] [FullScreen] [RETURN VALUE] 0
[22:24:27] [CLIENT_IO]: [GET] [InputBorder] [RETURN VALUE] 0
[22:24:27] [CLIENT_IO]: [GET] [Foreground] [RETURN VALUE] 000000
[22:24:27] [CLIENT_IO]: [GET] [Foreground] [RETURN VALUE] 000000
[22:24:27] [CLIENT_IO]: [GET] [Foreground] [RETURN VALUE] 000000
[22:24:27] [CLIENT_IO]: [GET] [Font] [RETURN VALUE] Agency FB
[22:24:27] [CLIENT_IO]: [GET] [OutputFill] [RETURN VALUE] 0
[22:24:27] [CLIENT_IO]: [GET] [InputFill] [RETURN VALUE] 0
[22:24:27] [CLIENT_IO]: [GET] [IntroMusic] [RETURN VALUE] 0
[22:24:27] [CLIENT_IO]: [GET] [DebugWindows] [RETURN VALUE] 0
[22:24:27] [SYSTEM_IO]: [GET] [MMAC] [RETURN VALUE] 5c486915459709261d6d9af79dd1be29fea375fe59a8392f64369d2c6da0816e
[22:24:27] [CLIENT]: test
[22:24:27] [CLIENT_IO]: [GET] [laststart] [RETURN VALUE] 1626232880711
[22:24:27] [CLIENT_IO]: [SET] [KEY] laststart [VALUE] 1626233067406
[22:24:29] [CLIENT]: Note
[22:24:29] [CLIENT_IO]: [GET] [Name] [RETURN VALUE] Nathan
[22:24:29] [CLIENT_IO]: [GET] [Name] [RETURN VALUE] Nathan
[22:24:29] [ACTION]: NOTE EDITOR
[22:24:31] [ACTION]: CyderButton, text=[Add Note] CLICKED
[22:24:32] [ACTION]: CyderButton, text=[Create Note] CLICKED
[22:24:38] [ACTION]: CyderButton, text=[Delete Note] CLICKED
[22:24:42] [CLIENT_IO]: [GET] [Name] [RETURN VALUE] Nathan
[22:24:42] [LOGOUT]:  [Nathan]
[22:24:42] [EXIT]: [RUNTIME] 17s
[22:24:42] [EOL]: Log completed, exiting program with code: 25 [Genesis Controlled Exit], exceptions thrown: 0
