[19:29:09] [ENTRY]: [WINUSER=Nathan]
[19:29:09] [JAVA ARGS]: [LOCATION] [400 S. Monroe St. Tallahassee, FL]
[19:29:10] [LOGIN]: [AUTOCYPHER ATTEMPT]
[19:29:10] [LOGIN]: [AUTOCYPHER PASS]
[19:29:12] [CLIENT]: test
[19:29:13] [ACTION]: CyderButton, text=[Next Iteration] CLICKED
[19:29:13] [ACTION]: CyderButton, text=[Next Iteration] CLICKED
[19:29:13] [ACTION]: CyderButton, text=[Next Iteration] CLICKED
[19:29:14] [ACTION]: CyderButton, text=[Next Iteration] CLICKED
[19:29:14] [ACTION]: CyderButton, text=[Next Iteration] CLICKED
[19:29:14] [ACTION]: CyderButton, text=[Next Iteration] CLICKED
[19:29:14] [ACTION]: CyderButton, text=[Next Iteration] CLICKED
[19:29:17] [ACTION]: CyderButton, text=[Generate] CLICKED
[19:29:17] [ACTION]: CyderButton, text=[Next Iteration] CLICKED
[19:29:17] [ACTION]: CyderButton, text=[Next Iteration] CLICKED
[19:29:17] [ACTION]: CyderButton, text=[Next Iteration] CLICKED
[19:29:17] [ACTION]: CyderButton, text=[Next Iteration] CLICKED
[19:29:18] [ACTION]: CyderButton, text=[Next Iteration] CLICKED
[19:29:18] [ACTION]: CyderButton, text=[Next Iteration] CLICKED
[19:29:18] [ACTION]: CyderButton, text=[Next Iteration] CLICKED
[19:29:18] [ACTION]: CyderButton, text=[Next Iteration] CLICKED
[19:29:19] [ACTION]: CyderButton, text=[Next Iteration] CLICKED
[19:29:19] [ACTION]: CyderButton, text=[Next Iteration] CLICKED
[19:29:19] [ACTION]: CyderButton, text=[Next Iteration] CLICKED
[19:29:19] [ACTION]: CyderButton, text=[Next Iteration] CLICKED
[19:29:19] [ACTION]: CyderButton, text=[Next Iteration] CLICKED
[19:29:19] [ACTION]: CyderButton, text=[Next Iteration] CLICKED
[19:29:20] [ACTION]: CyderButton, text=[Next Iteration] CLICKED
[EXTERNAL STOP] Cyder was force closed by an external entity such as an IDE stop or the OS' Task Manager
