[17:43:18] [ENTRY]: [WINUSER=Nathan]
[17:43:18] [SYSTEM_IO]: [GET] [UISCALE] [RETURN VALUE] 1.0
[17:43:19] [SYSTEM_IO]: [GET] [MMAC] [RETURN VALUE] 5c486915459709261d6d9af79dd1be29fea375fe59a8392f64369d2c6da0816e
[17:43:19] [JAVA ARGS]: [LOCATION] [400 S. Monroe St. Tallahassee, FL] //Ron DeSantis is a GOAT
[17:43:19] [SYSTEM_IO]: [GET] [MMAC] [RETURN VALUE] 5c486915459709261d6d9af79dd1be29fea375fe59a8392f64369d2c6da0816e
[17:43:19] [SYSTEM_IO]: [GET] [MMAC] [RETURN VALUE] 5c486915459709261d6d9af79dd1be29fea375fe59a8392f64369d2c6da0816e
[17:43:19] [SYSTEM_IO]: [GET] [AutoCypher] [RETURN VALUE] 1
[17:43:19] [LOGIN]: [AUTOCYPHER ATTEMPT]
[17:43:19] [SYSTEM_IO]: [GET] [CypherHash] [RETURN VALUE] nathan,3789d9735ab15d29a3595ef3f70c377d2d7b4927c222a06d36f0abba335504a2
[17:43:19] [LOGIN]: [AUTOCYPHER PASS]
[17:43:20] [CLIENT_IO]: [GET] [Name] [RETURN VALUE] Nathan
[17:43:20] [CLIENT_IO]: [GET] [RandomBackground] [RETURN VALUE] 0
[17:43:20] [CLIENT_IO]: [GET] [FullScreen] [RETURN VALUE] 0
[17:43:20] [SYSTEM_IO]: [GET] [Version] [RETURN VALUE] Soultree
[17:43:20] [CLIENT_IO]: [GET] [Name] [RETURN VALUE] Nathan
[17:43:20] [SYSTEM_IO]: [GET] [ConsoleResizable] [RETURN VALUE] 1
[17:43:20] [CLIENT_IO]: [GET] [Foreground] [RETURN VALUE] F0F0F0
[17:43:20] [CLIENT_IO]: [GET] [Foreground] [RETURN VALUE] F0F0F0
[17:43:20] [CLIENT_IO]: [GET] [FullScreen] [RETURN VALUE] 0
[17:43:20] [CLIENT_IO]: [GET] [FullScreen] [RETURN VALUE] 0
[17:43:20] [CLIENT_IO]: [GET] [Foreground] [RETURN VALUE] F0F0F0
[17:43:20] [CLIENT_IO]: [GET] [Font] [RETURN VALUE] Agency FB
[17:43:20] [CLIENT_IO]: [GET] [OutputBorder] [RETURN VALUE] 0
[17:43:20] [CLIENT_IO]: [GET] [FullScreen] [RETURN VALUE] 0
[17:43:20] [CLIENT_IO]: [GET] [FullScreen] [RETURN VALUE] 0
[17:43:20] [CLIENT_IO]: [GET] [InputBorder] [RETURN VALUE] 0
[17:43:20] [CLIENT_IO]: [GET] [Foreground] [RETURN VALUE] F0F0F0
[17:43:20] [CLIENT_IO]: [GET] [Foreground] [RETURN VALUE] F0F0F0
[17:43:20] [CLIENT_IO]: [GET] [Foreground] [RETURN VALUE] F0F0F0
[17:43:20] [CLIENT_IO]: [GET] [Font] [RETURN VALUE] Agency FB
[17:43:20] [CLIENT_IO]: [GET] [OutputFill] [RETURN VALUE] 0
[17:43:20] [CLIENT_IO]: [GET] [InputFill] [RETURN VALUE] 0
[17:43:20] [CLIENT_IO]: [GET] [showbusyicon] [RETURN VALUE] 0
[17:43:20] [CLIENT_IO]: [GET] [IntroMusic] [RETURN VALUE] 0
[17:43:20] [CLIENT_IO]: [GET] [DebugWindows] [RETURN VALUE] 0
[17:43:21] [SYSTEM_IO]: [GET] [MMAC] [RETURN VALUE] 5c486915459709261d6d9af79dd1be29fea375fe59a8392f64369d2c6da0816e
[17:43:21] [CLIENT]: test
[17:43:21] [CLIENT_IO]: [GET] [laststart] [RETURN VALUE] 1626993653367
[17:43:21] [CLIENT_IO]: [SET] [KEY] laststart [VALUE] 1626993801157
[17:43:22] [CLIENT]: Calc
[17:43:22] [ACTION]: CALCULATOR
[17:43:24] [CLIENT_IO]: [GET] [Background] [RETURN VALUE] 000000
[17:43:24] [CLIENT_IO]: [GET] [showbusyicon] [RETURN VALUE] 0
[17:43:25] [CLIENT_IO]: [GET] [Background] [RETURN VALUE] 000000
[17:43:28] [CLIENT_IO]: [GET] [showbusyicon] [RETURN VALUE] 0
[17:43:31] [CLIENT_IO]: [GET] [showbusyicon] [RETURN VALUE] 0
[17:43:35] [CLIENT]: Dance
[17:43:35] [CLIENT_IO]: [GET] [showbusyicon] [RETURN VALUE] 0
[17:43:39] [CLIENT_IO]: [GET] [showbusyicon] [RETURN VALUE] 0
[17:43:42] [CLIENT_IO]: [GET] [showbusyicon] [RETURN VALUE] 0
[17:43:46] [CLIENT_IO]: [GET] [showbusyicon] [RETURN VALUE] 0
[17:43:50] [CLIENT_IO]: [GET] [showbusyicon] [RETURN VALUE] 0
[17:43:53] [CLIENT_IO]: [GET] [showbusyicon] [RETURN VALUE] 0
[17:43:54] [CLIENT]: Dance
[17:43:57] [CLIENT_IO]: [GET] [showbusyicon] [RETURN VALUE] 0
[17:43:58] [CLIENT]: controlc
[17:43:58] [CONSOLE_OUT]: [STRING] Escaped
[17:43:58] [CLIENT_IO]: [GET] [typinganimation] [RETURN VALUE] 1
[17:44:01] [CLIENT_IO]: [GET] [showbusyicon] [RETURN VALUE] 0
[17:44:04] [CLIENT_IO]: [GET] [showbusyicon] [RETURN VALUE] 0
[17:44:08] [CLIENT_IO]: [GET] [showbusyicon] [RETURN VALUE] 0
[17:44:08] [CLIENT]: Cls
[17:44:10] [CLIENT_IO]: [GET] [Background] [RETURN VALUE] 000000
[17:44:11] [CLIENT_IO]: [GET] [Background] [RETURN VALUE] 000000
[17:44:12] [CLIENT_IO]: [GET] [showbusyicon] [RETURN VALUE] 0
[17:44:13] [CLIENT]: Prefs
[17:44:13] [ACTION]: USER EDITOR
[17:44:15] [CLIENT_IO]: [GET] [showbusyicon] [RETURN VALUE] 0
[17:44:16] [ACTION]: CyderButton, text=[Rename] CLICKED
[17:44:18] [ACTION]: CyderButton, text=[Submit] CLICKED
[17:44:18] [ACTION]: [Edit User] [NOTIFICATION] Traveling.png was successfully renamed to Alpha.png
[17:44:19] [CLIENT_IO]: [GET] [showbusyicon] [RETURN VALUE] 0
[17:44:20] [CLIENT_IO]: [GET] [OutputBorder] [RETURN VALUE] 0
[17:44:20] [CLIENT_IO]: [GET] [InputBorder] [RETURN VALUE] 0
[17:44:20] [CLIENT_IO]: [GET] [FullScreen] [RETURN VALUE] 0
[17:44:20] [CLIENT_IO]: [GET] [FullScreen] [RETURN VALUE] 0
[17:44:20] [CLIENT_IO]: [GET] [OutputFill] [RETURN VALUE] 0
[17:44:20] [CLIENT_IO]: [GET] [InputFill] [RETURN VALUE] 0
[17:44:20] [CLIENT_IO]: [GET] [Background] [RETURN VALUE] 000000
[17:44:23] [CLIENT_IO]: [GET] [showbusyicon] [RETURN VALUE] 0
[17:44:26] [CLIENT_IO]: [GET] [showbusyicon] [RETURN VALUE] 0
[17:44:29] [CLIENT_IO]: [GET] [menudirection] [RETURN VALUE] 1
[17:44:30] [CLIENT_IO]: [GET] [showbusyicon] [RETURN VALUE] 0
[17:44:30] [CLIENT_IO]: [GET] [Name] [RETURN VALUE] Nathan
[17:44:30] [CLIENT_IO]: [GET] [Name] [RETURN VALUE] Nathan
[17:44:34] [CLIENT_IO]: [GET] [showbusyicon] [RETURN VALUE] 0
[17:44:37] [CLIENT_IO]: [GET] [showbusyicon] [RETURN VALUE] 0
[17:44:41] [CLIENT_IO]: [GET] [showbusyicon] [RETURN VALUE] 0
[17:44:44] [CLIENT_IO]: [GET] [minimizeonclose] [RETURN VALUE] 0
[17:44:44] [CLIENT_IO]: [GET] [Name] [RETURN VALUE] Nathan
[17:44:44] [LOGOUT]:  [Nathan]
[17:44:44] [EXIT]: [RUNTIME] 1m 25s
[17:44:44] [EOL]: Log completed, exiting program with code: 25 [Genesis Controlled Exit], exceptions thrown: 0
