[23:49:48] [ENTRY]: [WINUSER=Nathan]
[23:49:48] [SYSTEM_IO]: [GET] [UISCALE] [RETURN VALUE] 1.0
[23:49:48] [SYSTEM_IO]: [GET] [MMAC] [RETURN VALUE] 5c486915459709261d6d9af79dd1be29fea375fe59a8392f64369d2c6da0816e
[23:49:48] [JAVA ARGS]: [LOCATION] [400 S. Monroe St. Tallahassee, FL] //Ron DeSantis is a GOAT
[23:49:49] [SYSTEM_IO]: [GET] [MMAC] [RETURN VALUE] 5c486915459709261d6d9af79dd1be29fea375fe59a8392f64369d2c6da0816e
[23:49:49] [SYSTEM_IO]: [GET] [MMAC] [RETURN VALUE] 5c486915459709261d6d9af79dd1be29fea375fe59a8392f64369d2c6da0816e
[23:49:49] [LOGIN]: [AUTOCYPHER ATTEMPT]
[23:49:49] [LOGIN]: [AUTOCYPHER PASS]
[23:49:50] [CLIENT_IO]: [GET] [Name] [RETURN VALUE] Nathan
[23:49:50] [CLIENT_IO]: [GET] [RandomBackground] [RETURN VALUE] 0
[23:49:50] [CLIENT_IO]: [GET] [FullScreen] [RETURN VALUE] 0
[23:49:50] [SYSTEM_IO]: [GET] [Version] [RETURN VALUE] Soultree
[23:49:50] [CLIENT_IO]: [GET] [Name] [RETURN VALUE] Nathan
[23:49:50] [SYSTEM_IO]: [GET] [ConsoleResizable] [RETURN VALUE] 1
[23:49:51] [CLIENT_IO]: [GET] [Foreground] [RETURN VALUE] 000000
[23:49:51] [CLIENT_IO]: [GET] [Foreground] [RETURN VALUE] 000000
[23:49:51] [CLIENT_IO]: [GET] [FullScreen] [RETURN VALUE] 0
[23:49:51] [CLIENT_IO]: [GET] [FullScreen] [RETURN VALUE] 0
[23:49:51] [CLIENT_IO]: [GET] [Foreground] [RETURN VALUE] 000000
[23:49:51] [CLIENT_IO]: [GET] [Font] [RETURN VALUE] Agency FB
[23:49:51] [CLIENT_IO]: [GET] [OutputBorder] [RETURN VALUE] 0
[23:49:51] [CLIENT_IO]: [GET] [FullScreen] [RETURN VALUE] 0
[23:49:51] [CLIENT_IO]: [GET] [FullScreen] [RETURN VALUE] 0
[23:49:51] [CLIENT_IO]: [GET] [InputBorder] [RETURN VALUE] 0
[23:49:51] [CLIENT_IO]: [GET] [Foreground] [RETURN VALUE] 000000
[23:49:51] [CLIENT_IO]: [GET] [Foreground] [RETURN VALUE] 000000
[23:49:51] [CLIENT_IO]: [GET] [Foreground] [RETURN VALUE] 000000
[23:49:51] [CLIENT_IO]: [GET] [Font] [RETURN VALUE] Agency FB
[23:49:51] [CLIENT_IO]: [GET] [OutputFill] [RETURN VALUE] 0
[23:49:51] [CLIENT_IO]: [GET] [InputFill] [RETURN VALUE] 0
[23:49:51] [CLIENT_IO]: [GET] [IntroMusic] [RETURN VALUE] 0
[23:49:51] [CLIENT_IO]: [GET] [DebugWindows] [RETURN VALUE] 0
[23:49:51] [SYSTEM_IO]: [GET] [MMAC] [RETURN VALUE] 5c486915459709261d6d9af79dd1be29fea375fe59a8392f64369d2c6da0816e
[23:49:51] [CLIENT]: test
[23:49:51] [CLIENT_IO]: [GET] [laststart] [RETURN VALUE] 1626236896642
[23:49:51] [CLIENT_IO]: [SET] [KEY] laststart [VALUE] 1626238191584
[23:49:54] [CLIENT]: Prefs
[23:49:54] [ACTION]: USER EDITOR
[23:50:19] [CLIENT_IO]: [GET] [Foreground] [RETURN VALUE] 000000
[23:50:19] [CLIENT_IO]: [GET] [Foreground] [RETURN VALUE] 000000
[23:50:19] [CLIENT_IO]: [GET] [Foreground] [RETURN VALUE] 000000
[23:50:19] [CLIENT_IO]: [GET] [Background] [RETURN VALUE] 000000
[23:50:19] [CLIENT_IO]: [GET] [Background] [RETURN VALUE] 000000
[23:50:19] [CLIENT_IO]: [GET] [Font] [RETURN VALUE] Agency FB
[23:50:20] [ACTION]: CyderButton, text=[>] CLICKED
[23:50:21] [ACTION]: CyderButton, text=[<] CLICKED
[23:50:33] [SYSTEM_IO]: [GET] [UILOC] [RETURN VALUE] 0
[23:50:44] [ACTION]: CyderButton, text=[Add] CLICKED
[23:51:04] [CLIENT_IO]: [GET] [Foreground] [RETURN VALUE] 000000
[23:51:04] [CLIENT_IO]: [GET] [Foreground] [RETURN VALUE] 000000
[23:51:04] [CLIENT_IO]: [GET] [Foreground] [RETURN VALUE] 000000
[23:51:04] [CLIENT_IO]: [GET] [Background] [RETURN VALUE] 000000
[23:51:04] [CLIENT_IO]: [GET] [Background] [RETURN VALUE] 000000
[23:51:04] [CLIENT_IO]: [GET] [Font] [RETURN VALUE] Agency FB
[23:51:04] [ACTION]: CyderButton, text=[>] CLICKED
[23:51:05] [ACTION]: CyderButton, text=[<] CLICKED
[23:51:21] [CLIENT_IO]: [GET] [OutputBorder] [RETURN VALUE] 0
[23:51:21] [CLIENT_IO]: [GET] [InputBorder] [RETURN VALUE] 0
[23:51:21] [CLIENT_IO]: [GET] [FullScreen] [RETURN VALUE] 0
[23:51:21] [CLIENT_IO]: [GET] [FullScreen] [RETURN VALUE] 0
[23:51:21] [CLIENT_IO]: [GET] [OutputFill] [RETURN VALUE] 0
[23:51:21] [CLIENT_IO]: [GET] [InputFill] [RETURN VALUE] 0
[23:51:22] [CLIENT_IO]: [GET] [Background] [RETURN VALUE] 000000
[23:51:23] [CLIENT_IO]: [GET] [Name] [RETURN VALUE] Nathan
[23:51:23] [LOGOUT]:  [Nathan]
[23:51:23] [EXIT]: [RUNTIME] 1m 34s
[23:51:23] [EOL]: Log completed, exiting program with code: 25 [Genesis Controlled Exit], exceptions thrown: 0
