[18:12:31] [ENTRY]: [WINUSER=Nathan]
[18:12:31] [SYSTEM_IO]: [GET] [UISCALE] [RETURN VALUE] 1.0
[18:12:32] [SYSTEM_IO]: [GET] [MMAC] [RETURN VALUE] 5c486915459709261d6d9af79dd1be29fea375fe59a8392f64369d2c6da0816e
[18:12:32] [JAVA ARGS]: [LOCATION] [400 S. Monroe St. Tallahassee, FL] //Ron DeSantis is a GOAT
[18:12:32] [SYSTEM_IO]: [GET] [MMAC] [RETURN VALUE] 5c486915459709261d6d9af79dd1be29fea375fe59a8392f64369d2c6da0816e
[18:12:32] [SYSTEM_IO]: [GET] [MMAC] [RETURN VALUE] 5c486915459709261d6d9af79dd1be29fea375fe59a8392f64369d2c6da0816e
[18:12:32] [SYSTEM_IO]: [GET] [AutoCypher] [RETURN VALUE] 1
[18:12:32] [LOGIN]: [AUTOCYPHER ATTEMPT]
[18:12:32] [SYSTEM_IO]: [GET] [CypherHash] [RETURN VALUE] nathan,3789d9735ab15d29a3595ef3f70c377d2d7b4927c222a06d36f0abba335504a2
[18:12:32] [LOGIN]: [AUTOCYPHER PASS]
[18:12:33] [CLIENT_IO]: [GET] [Name] [RETURN VALUE] Nathan
[18:12:33] [CLIENT_IO]: [GET] [RandomBackground] [RETURN VALUE] 0
[18:12:33] [CLIENT_IO]: [GET] [FullScreen] [RETURN VALUE] 0
[18:12:33] [SYSTEM_IO]: [GET] [Version] [RETURN VALUE] Soultree
[18:12:33] [CLIENT_IO]: [GET] [Name] [RETURN VALUE] Nathan
[18:12:33] [SYSTEM_IO]: [GET] [ConsoleResizable] [RETURN VALUE] 1
[18:12:33] [CLIENT_IO]: [GET] [Foreground] [RETURN VALUE] F0F0F0
[18:12:33] [CLIENT_IO]: [GET] [Foreground] [RETURN VALUE] F0F0F0
[18:12:33] [CLIENT_IO]: [GET] [FullScreen] [RETURN VALUE] 0
[18:12:33] [CLIENT_IO]: [GET] [FullScreen] [RETURN VALUE] 0
[18:12:34] [CLIENT_IO]: [GET] [Foreground] [RETURN VALUE] F0F0F0
[18:12:34] [CLIENT_IO]: [GET] [Font] [RETURN VALUE] Agency FB
[18:12:34] [CLIENT_IO]: [GET] [OutputBorder] [RETURN VALUE] 0
[18:12:34] [CLIENT_IO]: [GET] [FullScreen] [RETURN VALUE] 0
[18:12:34] [CLIENT_IO]: [GET] [FullScreen] [RETURN VALUE] 0
[18:12:34] [CLIENT_IO]: [GET] [InputBorder] [RETURN VALUE] 0
[18:12:34] [CLIENT_IO]: [GET] [Foreground] [RETURN VALUE] F0F0F0
[18:12:34] [CLIENT_IO]: [GET] [Foreground] [RETURN VALUE] F0F0F0
[18:12:34] [CLIENT_IO]: [GET] [Foreground] [RETURN VALUE] F0F0F0
[18:12:34] [CLIENT_IO]: [GET] [Font] [RETURN VALUE] Agency FB
[18:12:34] [CLIENT_IO]: [GET] [OutputFill] [RETURN VALUE] 0
[18:12:34] [CLIENT_IO]: [GET] [InputFill] [RETURN VALUE] 0
[18:12:34] [CLIENT_IO]: [GET] [showbusyicon] [RETURN VALUE] 0
[18:12:34] [CLIENT_IO]: [GET] [IntroMusic] [RETURN VALUE] 0
[18:12:34] [CLIENT_IO]: [GET] [DebugWindows] [RETURN VALUE] 0
[18:12:34] [SYSTEM_IO]: [GET] [MMAC] [RETURN VALUE] 5c486915459709261d6d9af79dd1be29fea375fe59a8392f64369d2c6da0816e
[18:12:34] [CLIENT]: test
[18:12:34] [CLIENT_IO]: [GET] [laststart] [RETURN VALUE] 1626736293294
[18:12:34] [CLIENT_IO]: [SET] [KEY] laststart [VALUE] 1626736354438
[18:12:36] [CLIENT]: Mp3
[18:12:36] [ACTION]: AUDIO PLAYER
[18:12:37] [CLIENT_IO]: [GET] [showbusyicon] [RETURN VALUE] 0
[18:12:40] [CLIENT_IO]: [GET] [showbusyicon] [RETURN VALUE] 0
[18:12:43] [CLIENT_IO]: [GET] [showbusyicon] [RETURN VALUE] 0
[18:12:46] [CLIENT_IO]: [GET] [showbusyicon] [RETURN VALUE] 0
[18:12:49] [CLIENT_IO]: [GET] [showbusyicon] [RETURN VALUE] 0
[18:12:52] [CLIENT_IO]: [GET] [showbusyicon] [RETURN VALUE] 0
[18:12:55] [CLIENT_IO]: [GET] [showbusyicon] [RETURN VALUE] 0
[18:12:58] [CLIENT_IO]: [GET] [showbusyicon] [RETURN VALUE] 0
[18:13:01] [CLIENT_IO]: [GET] [showbusyicon] [RETURN VALUE] 0
[EXTERNAL STOP] Cyder was force closed by an external entity such as an IDE stop or the OS' Task Manager
