[11:39:54] [ENTRY]: [WINUSER=Nathan]
[11:39:54] [SYSTEM_IO]: [GET] [UISCALE] [RETURN VALUE] 1.0
[11:39:54] [SYSTEM_IO]: [GET] [MMAC] [RETURN VALUE] 5c486915459709261d6d9af79dd1be29fea375fe59a8392f64369d2c6da0816e
[11:39:54] [JAVA ARGS]: [LOCATION] [400 S. Monroe St. Tallahassee, FL] //Ron DeSantis is a GOAT
[11:39:55] [SYSTEM_IO]: [GET] [MMAC] [RETURN VALUE] 5c486915459709261d6d9af79dd1be29fea375fe59a8392f64369d2c6da0816e
[11:39:55] [SYSTEM_IO]: [GET] [MMAC] [RETURN VALUE] 5c486915459709261d6d9af79dd1be29fea375fe59a8392f64369d2c6da0816e
[11:39:55] [LOGIN]: [AUTOCYPHER ATTEMPT]
[11:39:55] [LOGIN]: [AUTOCYPHER PASS]
[11:39:56] [CLIENT_IO]: [GET] [Name] [RETURN VALUE] Nathan
[11:39:56] [CLIENT_IO]: [GET] [RandomBackground] [RETURN VALUE] 0
[11:39:56] [CLIENT_IO]: [GET] [FullScreen] [RETURN VALUE] 0
[11:39:56] [SYSTEM_IO]: [GET] [Version] [RETURN VALUE] Soultree
[11:39:56] [CLIENT_IO]: [GET] [Name] [RETURN VALUE] Nathan
[11:39:56] [SYSTEM_IO]: [GET] [ConsoleResizable] [RETURN VALUE] 1
[11:39:56] [CLIENT_IO]: [GET] [Foreground] [RETURN VALUE] 000000
[11:39:56] [CLIENT_IO]: [GET] [Foreground] [RETURN VALUE] 000000
[11:39:56] [CLIENT_IO]: [GET] [FullScreen] [RETURN VALUE] 0
[11:39:56] [CLIENT_IO]: [GET] [FullScreen] [RETURN VALUE] 0
[11:39:56] [CLIENT_IO]: [GET] [Foreground] [RETURN VALUE] 000000
[11:39:56] [CLIENT_IO]: [GET] [Font] [RETURN VALUE] Agency FB
[11:39:56] [CLIENT_IO]: [GET] [OutputBorder] [RETURN VALUE] 0
[11:39:56] [CLIENT_IO]: [GET] [FullScreen] [RETURN VALUE] 0
[11:39:56] [CLIENT_IO]: [GET] [FullScreen] [RETURN VALUE] 0
[11:39:56] [CLIENT_IO]: [GET] [InputBorder] [RETURN VALUE] 0
[11:39:56] [CLIENT_IO]: [GET] [Foreground] [RETURN VALUE] 000000
[11:39:56] [CLIENT_IO]: [GET] [Foreground] [RETURN VALUE] 000000
[11:39:56] [CLIENT_IO]: [GET] [Foreground] [RETURN VALUE] 000000
[11:39:56] [CLIENT_IO]: [GET] [Font] [RETURN VALUE] Agency FB
[11:39:56] [CLIENT_IO]: [GET] [OutputFill] [RETURN VALUE] 0
[11:39:56] [CLIENT_IO]: [GET] [InputFill] [RETURN VALUE] 0
[11:39:56] [CLIENT_IO]: [GET] [IntroMusic] [RETURN VALUE] 0
[11:39:56] [CLIENT_IO]: [GET] [DebugWindows] [RETURN VALUE] 0
[11:39:56] [SYSTEM_IO]: [GET] [MMAC] [RETURN VALUE] 5c486915459709261d6d9af79dd1be29fea375fe59a8392f64369d2c6da0816e
[11:39:56] [CLIENT]: test
[11:39:56] [CLIENT_IO]: [GET] [laststart] [RETURN VALUE] 1626241727503
[11:39:56] [CLIENT_IO]: [SET] [KEY] laststart [VALUE] 1626280796971
[11:39:59] [CLIENT]: Prefs
[11:39:59] [ACTION]: USER EDITOR
[11:40:15] [ACTION]: CyderButton, text=[Add] CLICKED
[11:40:40] [ACTION]: CyderButton, text=[Delete] CLICKED
[11:40:40] [CONSOLE_OUT]: [STRING] Music: BeetleJuice successfully deleted.
[EXTERNAL STOP] Cyder was force closed by an external entity such as an IDE stop or the OS' Task Manager
