[22:37:13] [ENTRY]: [WINUSER=Nathan]
[22:37:13] [SYSTEM_IO]: [GET] [UISCALE] [RETURN VALUE] 1.0
[22:37:13] [SYSTEM_IO]: [GET] [MMAC] [RETURN VALUE] 5c486915459709261d6d9af79dd1be29fea375fe59a8392f64369d2c6da0816e
[22:37:13] [JAVA ARGS]: [LOCATION] [400 S. Monroe St. Tallahassee, FL] //Ron DeSantis is a GOAT
[22:37:13] [SYSTEM_IO]: [GET] [MMAC] [RETURN VALUE] 5c486915459709261d6d9af79dd1be29fea375fe59a8392f64369d2c6da0816e
[22:37:13] [SYSTEM_IO]: [GET] [MMAC] [RETURN VALUE] 5c486915459709261d6d9af79dd1be29fea375fe59a8392f64369d2c6da0816e
[22:37:13] [SYSTEM_IO]: [GET] [AutoCypher] [RETURN VALUE] 1
[22:37:13] [LOGIN]: [AUTOCYPHER ATTEMPT]
[22:37:13] [SYSTEM_IO]: [GET] [CypherHash] [RETURN VALUE] nathan,3789d9735ab15d29a3595ef3f70c377d2d7b4927c222a06d36f0abba335504a2
[22:37:13] [LOGIN]: [AUTOCYPHER PASS]
[22:37:14] [CLIENT_IO]: [GET] [Name] [RETURN VALUE] Nathan
[22:37:14] [CLIENT_IO]: [GET] [RandomBackground] [RETURN VALUE] 0
[22:37:14] [CLIENT_IO]: [GET] [FullScreen] [RETURN VALUE] 0
[22:37:14] [SYSTEM_IO]: [GET] [Version] [RETURN VALUE] Soultree
[22:37:14] [CLIENT_IO]: [GET] [Name] [RETURN VALUE] Nathan
[22:37:14] [SYSTEM_IO]: [GET] [ConsoleResizable] [RETURN VALUE] 1
[22:37:14] [CLIENT_IO]: [GET] [Foreground] [RETURN VALUE] 101010
[22:37:14] [CLIENT_IO]: [GET] [Foreground] [RETURN VALUE] 101010
[22:37:14] [CLIENT_IO]: [GET] [FullScreen] [RETURN VALUE] 0
[22:37:14] [CLIENT_IO]: [GET] [FullScreen] [RETURN VALUE] 0
[22:37:14] [CLIENT_IO]: [GET] [Foreground] [RETURN VALUE] 101010
[22:37:14] [CLIENT_IO]: [GET] [Font] [RETURN VALUE] Agency FB
[22:37:14] [CLIENT_IO]: [GET] [OutputBorder] [RETURN VALUE] 0
[22:37:14] [CLIENT_IO]: [GET] [FullScreen] [RETURN VALUE] 0
[22:37:14] [CLIENT_IO]: [GET] [FullScreen] [RETURN VALUE] 0
[22:37:14] [CLIENT_IO]: [GET] [InputBorder] [RETURN VALUE] 0
[22:37:14] [CLIENT_IO]: [GET] [Foreground] [RETURN VALUE] 101010
[22:37:14] [CLIENT_IO]: [GET] [Foreground] [RETURN VALUE] 101010
[22:37:14] [CLIENT_IO]: [GET] [Foreground] [RETURN VALUE] 101010
[22:37:14] [CLIENT_IO]: [GET] [Font] [RETURN VALUE] Agency FB
[22:37:14] [CLIENT_IO]: [GET] [OutputFill] [RETURN VALUE] 0
[22:37:14] [CLIENT_IO]: [GET] [InputFill] [RETURN VALUE] 0
[22:37:14] [CLIENT_IO]: [GET] [IntroMusic] [RETURN VALUE] 0
[22:37:14] [CLIENT_IO]: [GET] [DebugWindows] [RETURN VALUE] 0
[22:37:14] [SYSTEM_IO]: [GET] [MMAC] [RETURN VALUE] 5c486915459709261d6d9af79dd1be29fea375fe59a8392f64369d2c6da0816e
[22:37:14] [CLIENT]: test
[22:37:15] [CONSOLE_OUT]: [STRING] true
[22:37:15] [CLIENT_IO]: [GET] [typinganimation] [RETURN VALUE] 1
[22:37:15] [CONSOLE_OUT]: [STRING] true
[22:37:15] [CLIENT_IO]: [GET] [typinganimation] [RETURN VALUE] 1
[22:37:16] [CLIENT_IO]: [GET] [laststart] [RETURN VALUE] 1626665813686
[22:37:16] [CLIENT_IO]: [SET] [KEY] laststart [VALUE] 1626665836538
[22:38:31] [CLIENT_IO]: [GET] [Background] [RETURN VALUE] 000000
[22:38:32] [CLIENT_IO]: [GET] [minimizeonclose] [RETURN VALUE] 0
[22:38:32] [CLIENT_IO]: [GET] [Name] [RETURN VALUE] Nathan
[22:38:32] [LOGOUT]:  [Nathan]
[22:38:32] [EXIT]: [RUNTIME] 1m 19s
[22:38:32] [EOL]: Log completed, exiting program with code: 25 [Genesis Controlled Exit], exceptions thrown: 0
