[17:51:06] [ENTRY]: [WINUSER=Nathan]
[17:51:06] [SYSTEM_IO]: [GET] [UISCALE] [RETURN VALUE] 1.0
[17:51:07] [SYSTEM_IO]: [GET] [MMAC] [RETURN VALUE] 5c486915459709261d6d9af79dd1be29fea375fe59a8392f64369d2c6da0816e
[17:51:07] [JAVA ARGS]: [LOCATION] [400 S. Monroe St. Tallahassee, FL] //Ron DeSantis is a GOAT
[17:51:07] [SYSTEM_IO]: [GET] [MMAC] [RETURN VALUE] 5c486915459709261d6d9af79dd1be29fea375fe59a8392f64369d2c6da0816e
[17:51:07] [SYSTEM_IO]: [GET] [MMAC] [RETURN VALUE] 5c486915459709261d6d9af79dd1be29fea375fe59a8392f64369d2c6da0816e
[17:51:07] [LOGIN]: [AUTOCYPHER ATTEMPT]
[17:51:08] [LOGIN]: [AUTOCYPHER PASS]
[17:51:08] [CLIENT_IO]: [GET] [Name] [RETURN VALUE] Nathan
[17:51:08] [CLIENT_IO]: [GET] [RandomBackground] [RETURN VALUE] 0
[17:51:08] [CLIENT_IO]: [GET] [FullScreen] [RETURN VALUE] 0
[17:51:08] [SYSTEM_IO]: [GET] [Version] [RETURN VALUE] Soultree
[17:51:08] [CLIENT_IO]: [GET] [Name] [RETURN VALUE] Nathan
[17:51:08] [SYSTEM_IO]: [GET] [ConsoleResizable] [RETURN VALUE] 1
[17:51:08] [CLIENT_IO]: [GET] [Foreground] [RETURN VALUE] 000000
[17:51:08] [CLIENT_IO]: [GET] [Foreground] [RETURN VALUE] 000000
[17:51:08] [CLIENT_IO]: [GET] [FullScreen] [RETURN VALUE] 0
[17:51:08] [CLIENT_IO]: [GET] [FullScreen] [RETURN VALUE] 0
[17:51:08] [CLIENT_IO]: [GET] [Foreground] [RETURN VALUE] 000000
[17:51:08] [CLIENT_IO]: [GET] [Font] [RETURN VALUE] Agency FB
[17:51:09] [CLIENT_IO]: [GET] [OutputBorder] [RETURN VALUE] 0
[17:51:09] [CLIENT_IO]: [GET] [FullScreen] [RETURN VALUE] 0
[17:51:09] [CLIENT_IO]: [GET] [FullScreen] [RETURN VALUE] 0
[17:51:09] [CLIENT_IO]: [GET] [InputBorder] [RETURN VALUE] 0
[17:51:09] [CLIENT_IO]: [GET] [Foreground] [RETURN VALUE] 000000
[17:51:09] [CLIENT_IO]: [GET] [Foreground] [RETURN VALUE] 000000
[17:51:09] [CLIENT_IO]: [GET] [Foreground] [RETURN VALUE] 000000
[17:51:09] [CLIENT_IO]: [GET] [Font] [RETURN VALUE] Agency FB
[17:51:09] [CLIENT_IO]: [GET] [OutputFill] [RETURN VALUE] 0
[17:51:09] [CLIENT_IO]: [GET] [InputFill] [RETURN VALUE] 0
[17:51:09] [CLIENT_IO]: [GET] [IntroMusic] [RETURN VALUE] 0
[17:51:09] [CLIENT_IO]: [GET] [DebugWindows] [RETURN VALUE] 0
[17:51:09] [SYSTEM_IO]: [GET] [MMAC] [RETURN VALUE] 5c486915459709261d6d9af79dd1be29fea375fe59a8392f64369d2c6da0816e
[17:51:09] [CLIENT]: test
[17:51:09] [CLIENT_IO]: [GET] [laststart] [RETURN VALUE] 1626302417556
[17:51:09] [CLIENT_IO]: [SET] [KEY] laststart [VALUE] 1626303069343
[17:53:50] [CLIENT_IO]: [GET] [Background] [RETURN VALUE] 000000
[17:53:58] [CLIENT]: Random youtube
[17:53:58] [SYSTEM_IO]: [GET] [YTT] [RETURN VALUE] ______Bbbth
[17:53:58] [ACTION]: [Soultree Cyder [Nathan]] [NOTIFICATION] Type "stop scripts" or press ctrl + c to stop the YouTube thread.
[17:53:59] [CLIENT]: controlc
[17:53:59] [SYSTEM_IO]: [SET] [KEY] YTT [VALUE] ______Bbbtl
[17:53:59] [CONSOLE_OUT]: [STRING] Escaped
[17:54:03] [SYSTEM_IO]: [SET] [KEY] YTT [VALUE] ______Bbbtm
[17:54:03] [CLIENT_IO]: [GET] [Name] [RETURN VALUE] Nathan
[17:54:03] [LOGOUT]:  [Nathan]
[17:54:03] [EXIT]: [RUNTIME] 2m 56s
[17:54:03] [EOL]: Log completed, exiting program with code: 25 [Genesis Controlled Exit], exceptions thrown: 0
