[20:08:43] [ENTRY]: [WINUSER=Nathan]
[20:08:43] [SYSTEM_IO]: [GET] [UISCALE] [RETURN VALUE] 1.0
[20:08:44] [SYSTEM_IO]: [GET] [MMAC] [RETURN VALUE] 5c486915459709261d6d9af79dd1be29fea375fe59a8392f64369d2c6da0816e
[20:08:44] [JAVA ARGS]: [LOCATION] [400 S. Monroe St. Tallahassee, FL] //Ron DeSantis is a GOAT
[20:08:44] [SYSTEM_IO]: [GET] [MMAC] [RETURN VALUE] 5c486915459709261d6d9af79dd1be29fea375fe59a8392f64369d2c6da0816e
[20:08:44] [SYSTEM_IO]: [GET] [MMAC] [RETURN VALUE] 5c486915459709261d6d9af79dd1be29fea375fe59a8392f64369d2c6da0816e
[20:08:44] [LOGIN]: [AUTOCYPHER ATTEMPT]
[20:08:44] [LOGIN]: [AUTOCYPHER PASS]
[20:08:45] [CLIENT_IO]: [GET] [Name] [RETURN VALUE] Nathan
[20:08:45] [CLIENT_IO]: [GET] [RandomBackground] [RETURN VALUE] 0
[20:08:45] [CLIENT_IO]: [GET] [FullScreen] [RETURN VALUE] 0
[20:08:46] [SYSTEM_IO]: [GET] [Version] [RETURN VALUE] Soultree
[20:08:46] [CLIENT_IO]: [GET] [Name] [RETURN VALUE] Nathan
[20:08:46] [SYSTEM_IO]: [GET] [ConsoleResizable] [RETURN VALUE] 1
[20:08:46] [CLIENT_IO]: [GET] [Foreground] [RETURN VALUE] 000000
[20:08:46] [CLIENT_IO]: [GET] [Foreground] [RETURN VALUE] 000000
[20:08:46] [CLIENT_IO]: [GET] [FullScreen] [RETURN VALUE] 0
[20:08:46] [CLIENT_IO]: [GET] [FullScreen] [RETURN VALUE] 0
[20:08:46] [CLIENT_IO]: [GET] [Foreground] [RETURN VALUE] 000000
[20:08:46] [CLIENT_IO]: [GET] [Font] [RETURN VALUE] Agency FB
[20:08:46] [CLIENT_IO]: [GET] [OutputBorder] [RETURN VALUE] 0
[20:08:46] [CLIENT_IO]: [GET] [FullScreen] [RETURN VALUE] 0
[20:08:46] [CLIENT_IO]: [GET] [FullScreen] [RETURN VALUE] 0
[20:08:46] [CLIENT_IO]: [GET] [InputBorder] [RETURN VALUE] 0
[20:08:46] [CLIENT_IO]: [GET] [Foreground] [RETURN VALUE] 000000
[20:08:46] [CLIENT_IO]: [GET] [Foreground] [RETURN VALUE] 000000
[20:08:46] [CLIENT_IO]: [GET] [Foreground] [RETURN VALUE] 000000
[20:08:46] [CLIENT_IO]: [GET] [Font] [RETURN VALUE] Agency FB
[20:08:46] [CLIENT_IO]: [GET] [OutputFill] [RETURN VALUE] 0
[20:08:46] [CLIENT_IO]: [GET] [InputFill] [RETURN VALUE] 0
[20:08:46] [CLIENT_IO]: [GET] [IntroMusic] [RETURN VALUE] 0
[20:08:46] [CLIENT_IO]: [GET] [DebugWindows] [RETURN VALUE] 0
[20:08:46] [SYSTEM_IO]: [GET] [MMAC] [RETURN VALUE] 5c486915459709261d6d9af79dd1be29fea375fe59a8392f64369d2c6da0816e
[20:08:46] [CLIENT]: test
[20:08:46] [CLIENT_IO]: [GET] [laststart] [RETURN VALUE] 1626311261722
[20:08:46] [CLIENT_IO]: [SET] [KEY] laststart [VALUE] 1626311326631
[20:08:49] [CLIENT]: Background
[20:08:49] [EXCEPTION]: 
For input string: ""
Thrown from:
java.base/java.lang.NumberFormatException.forInputString(NumberFormatException.java:65)
StackTrace:
java.lang.NumberFormatException: For input string: ""
	at java.base/java.lang.NumberFormatException.forInputString(NumberFormatException.java:65)
	at java.base/java.lang.Integer.parseInt(Integer.java:662)
	at java.base/java.lang.Integer.valueOf(Integer.java:957)
	at java.base/java.lang.Integer.decode(Integer.java:1427)
	at java.desktop/java.awt.Color.decode(Color.java:729)
	at cyder.handler.InputHandler.handle(InputHandler.java:532)
	at cyder.ui.ConsoleFrame.lambda$start$1(ConsoleFrame.java:450)
	at java.desktop/javax.swing.JTextField.fireActionPerformed(JTextField.java:508)
	at java.desktop/javax.swing.JTextField.postActionEvent(JTextField.java:723)
	at java.desktop/javax.swing.JTextField$NotifyAction.actionPerformed(JTextField.java:839)
	at java.desktop/javax.swing.SwingUtilities.notifyAction(SwingUtilities.java:1805)
	at java.desktop/javax.swing.JComponent.processKeyBinding(JComponent.java:2901)
	at java.desktop/javax.swing.JComponent.processKeyBindings(JComponent.java:2949)
	at java.desktop/javax.swing.JComponent.processKeyEvent(JComponent.java:2863)
	at java.desktop/java.awt.Component.processEvent(Component.java:6355)
	at java.desktop/java.awt.Container.processEvent(Container.java:2259)
	at java.desktop/java.awt.Component.dispatchEventImpl(Component.java:4961)
	at java.desktop/java.awt.Container.dispatchEventImpl(Container.java:2317)
	at java.desktop/java.awt.Component.dispatchEvent(Component.java:4793)
	at java.desktop/java.awt.KeyboardFocusManager.redispatchEvent(KeyboardFocusManager.java:1955)
	at java.desktop/java.awt.DefaultKeyboardFocusManager.dispatchKeyEvent(DefaultKeyboardFocusManager.java:827)
	at java.desktop/java.awt.DefaultKeyboardFocusManager.preDispatchKeyEvent(DefaultKeyboardFocusManager.java:1096)
	at java.desktop/java.awt.DefaultKeyboardFocusManager.typeAheadAssertions(DefaultKeyboardFocusManager.java:966)
	at java.desktop/java.awt.DefaultKeyboardFocusManager.dispatchEvent(DefaultKeyboardFocusManager.java:792)
	at java.desktop/java.awt.Component.dispatchEventImpl(Component.java:4842)
	at java.desktop/java.awt.Container.dispatchEventImpl(Container.java:2317)
	at java.desktop/java.awt.Window.dispatchEventImpl(Window.java:2758)
	at java.desktop/java.awt.Component.dispatchEvent(Component.java:4793)
	at java.desktop/java.awt.EventQueue.dispatchEventImpl(EventQueue.java:766)
	at java.desktop/java.awt.EventQueue.access$500(EventQueue.java:97)
	at java.desktop/java.awt.EventQueue$3.run(EventQueue.java:717)
	at java.desktop/java.awt.EventQueue$3.run(EventQueue.java:711)
	at java.base/java.security.AccessController.doPrivileged(Native Method)
	at java.base/java.security.ProtectionDomain$JavaSecurityAccessImpl.doIntersectionPrivilege(ProtectionDomain.java:89)
	at java.base/java.security.ProtectionDomain$JavaSecurityAccessImpl.doIntersectionPrivilege(ProtectionDomain.java:99)
	at java.desktop/java.awt.EventQueue$4.run(EventQueue.java:739)
	at java.desktop/java.awt.EventQueue$4.run(EventQueue.java:737)
	at java.base/java.security.AccessController.doPrivileged(Native Method)
	at java.base/java.security.ProtectionDomain$JavaSecurityAccessImpl.doIntersectionPrivilege(ProtectionDomain.java:89)
	at java.desktop/java.awt.EventQueue.dispatchEvent(EventQueue.java:736)
	at java.desktop/java.awt.EventDispatchThread.pumpOneEventForFilters(EventDispatchThread.java:199)
	at java.desktop/java.awt.EventDispatchThread.pumpEventsForFilter(EventDispatchThread.java:124)
	at java.desktop/java.awt.EventDispatchThread.pumpEventsForHierarchy(EventDispatchThread.java:113)
	at java.desktop/java.awt.EventDispatchThread.pumpEvents(EventDispatchThread.java:109)
	at java.desktop/java.awt.EventDispatchThread.pumpEvents(EventDispatchThread.java:101)
	at java.desktop/java.awt.EventDispatchThread.run(EventDispatchThread.java:90)
[20:08:49] [CONSOLE_OUT]: [STRING] Background command usage: background #EC407A
[20:08:51] [CLIENT_IO]: [GET] [Background] [RETURN VALUE] 000000
[20:08:55] [CLIENT]: background #EC407A
[20:08:55] [CONSOLE_OUT]: [STRING] Background generated, set, and saved as a separate background file.
[20:09:00] [CLIENT_IO]: [GET] [Background] [RETURN VALUE] 000000
[20:09:05] [CLIENT_IO]: [GET] [Background] [RETURN VALUE] 000000
[20:09:06] [CLIENT_IO]: [GET] [Background] [RETURN VALUE] 000000
[20:09:07] [CLIENT_IO]: [GET] [Background] [RETURN VALUE] 000000
[20:09:08] [CLIENT_IO]: [GET] [Background] [RETURN VALUE] 000000
[20:09:10] [CLIENT_IO]: [GET] [Background] [RETURN VALUE] 000000
[20:09:36] [CLIENT]: Prefs
[20:09:36] [ACTION]: USER EDITOR
[20:09:37] [CLIENT_IO]: [GET] [Foreground] [RETURN VALUE] 000000
[20:09:37] [CLIENT_IO]: [GET] [Foreground] [RETURN VALUE] 000000
[20:09:37] [CLIENT_IO]: [GET] [Foreground] [RETURN VALUE] 000000
[20:09:37] [CLIENT_IO]: [GET] [Background] [RETURN VALUE] 000000
[20:09:37] [CLIENT_IO]: [GET] [Background] [RETURN VALUE] 000000
[20:09:37] [CLIENT_IO]: [GET] [Font] [RETURN VALUE] Agency FB
[20:09:39] [ACTION]: CyderButton, text=[>] CLICKED
[20:09:39] [CLIENT_IO]: [GET] [intromusic] [RETURN VALUE] 0
[20:09:39] [CLIENT_IO]: [GET] [intromusic] [RETURN VALUE] 0
[20:09:39] [CLIENT_IO]: [GET] [debugwindows] [RETURN VALUE] 0
[20:09:39] [CLIENT_IO]: [GET] [debugwindows] [RETURN VALUE] 0
[20:09:39] [CLIENT_IO]: [GET] [randombackground] [RETURN VALUE] 0
[20:09:39] [CLIENT_IO]: [GET] [randombackground] [RETURN VALUE] 0
[20:09:39] [CLIENT_IO]: [GET] [outputborder] [RETURN VALUE] 0
[20:09:39] [CLIENT_IO]: [GET] [outputborder] [RETURN VALUE] 0
[20:09:39] [CLIENT_IO]: [GET] [inputborder] [RETURN VALUE] 0
[20:09:39] [CLIENT_IO]: [GET] [inputborder] [RETURN VALUE] 0
[20:09:39] [CLIENT_IO]: [GET] [hourlychimes] [RETURN VALUE] 1
[20:09:39] [CLIENT_IO]: [GET] [hourlychimes] [RETURN VALUE] 1
[20:09:39] [CLIENT_IO]: [GET] [silenceerrors] [RETURN VALUE] 0
[20:09:39] [CLIENT_IO]: [GET] [silenceerrors] [RETURN VALUE] 0
[20:09:39] [CLIENT_IO]: [GET] [fullscreen] [RETURN VALUE] 0
[20:09:39] [CLIENT_IO]: [GET] [fullscreen] [RETURN VALUE] 0
[20:09:39] [CLIENT_IO]: [GET] [outputfill] [RETURN VALUE] 0
[20:09:39] [CLIENT_IO]: [GET] [outputfill] [RETURN VALUE] 0
[20:09:39] [CLIENT_IO]: [GET] [inputfill] [RETURN VALUE] 0
[20:09:39] [CLIENT_IO]: [GET] [inputfill] [RETURN VALUE] 0
[20:09:39] [CLIENT_IO]: [GET] [filterchat] [RETURN VALUE] 1
[20:09:39] [CLIENT_IO]: [GET] [filterchat] [RETURN VALUE] 1
[20:09:39] [CLIENT_IO]: [GET] [menudirection] [RETURN VALUE] 1
[20:09:39] [CLIENT_IO]: [GET] [menudirection] [RETURN VALUE] 1
[20:09:39] [CLIENT_IO]: [GET] [minimizeonclose] [RETURN VALUE] 0
[20:09:39] [CLIENT_IO]: [GET] [minimizeonclose] [RETURN VALUE] 0
[20:09:39] [ACTION]: CyderButton, text=[>] CLICKED
[20:09:44] [SYSTEM_IO]: [GET] [UILOC] [RETURN VALUE] 0
[20:09:44] [SYSTEM_IO]: [GET] [UILOC] [RETURN VALUE] 0
[20:09:44] [ACTION]: CyderButton, text=[>] CLICKED
[20:09:49] [ACTION]: CyderButton, text=[Delete] CLICKED
[20:09:49] [CONSOLE_OUT]: [STRING] Background: Solid_EC407AGenerated_Background successfully deleted.
[20:09:55] [ACTION]: CyderButton, text=[Delete] CLICKED
[20:09:56] [CONSOLE_OUT]: [STRING] Music: BeetleJuice successfully deleted.
[20:09:57] [ACTION]: CyderButton, text=[Delete] CLICKED
[20:09:57] [CONSOLE_OUT]: [STRING] Music: twenty one pilots vs. Khalid - Young Dumb Ride (Mashup) successfully deleted.
[20:09:58] [CLIENT_IO]: [GET] [OutputBorder] [RETURN VALUE] 0
[20:09:58] [CLIENT_IO]: [GET] [InputBorder] [RETURN VALUE] 0
[20:09:58] [CLIENT_IO]: [GET] [FullScreen] [RETURN VALUE] 0
[20:09:58] [CLIENT_IO]: [GET] [FullScreen] [RETURN VALUE] 0
[20:09:58] [CLIENT_IO]: [GET] [OutputFill] [RETURN VALUE] 0
[20:09:58] [CLIENT_IO]: [GET] [InputFill] [RETURN VALUE] 0
[20:10:00] [CLIENT_IO]: [GET] [Background] [RETURN VALUE] 000000
[20:10:03] [CLIENT_IO]: [GET] [Background] [RETURN VALUE] 000000
[20:10:04] [CLIENT_IO]: [GET] [Background] [RETURN VALUE] 000000
[20:10:06] [CLIENT]: Cls
[20:10:09] [CLIENT]: Pixelate background
[20:10:09] [EXCEPTION]: 
For input string: "Pixelate"
Thrown from:
java.base/java.lang.NumberFormatException.forInputString(NumberFormatException.java:65)
StackTrace:
java.lang.NumberFormatException: For input string: "Pixelate"
	at java.base/java.lang.NumberFormatException.forInputString(NumberFormatException.java:65)
	at java.base/java.lang.Integer.parseInt(Integer.java:652)
	at java.base/java.lang.Integer.valueOf(Integer.java:957)
	at java.base/java.lang.Integer.decode(Integer.java:1427)
	at java.desktop/java.awt.Color.decode(Color.java:729)
	at cyder.handler.InputHandler.handle(InputHandler.java:532)
	at cyder.ui.ConsoleFrame.lambda$start$1(ConsoleFrame.java:450)
	at java.desktop/javax.swing.JTextField.fireActionPerformed(JTextField.java:508)
	at java.desktop/javax.swing.JTextField.postActionEvent(JTextField.java:723)
	at java.desktop/javax.swing.JTextField$NotifyAction.actionPerformed(JTextField.java:839)
	at java.desktop/javax.swing.SwingUtilities.notifyAction(SwingUtilities.java:1805)
	at java.desktop/javax.swing.JComponent.processKeyBinding(JComponent.java:2901)
	at java.desktop/javax.swing.JComponent.processKeyBindings(JComponent.java:2949)
	at java.desktop/javax.swing.JComponent.processKeyEvent(JComponent.java:2863)
	at java.desktop/java.awt.Component.processEvent(Component.java:6355)
	at java.desktop/java.awt.Container.processEvent(Container.java:2259)
	at java.desktop/java.awt.Component.dispatchEventImpl(Component.java:4961)
	at java.desktop/java.awt.Container.dispatchEventImpl(Container.java:2317)
	at java.desktop/java.awt.Component.dispatchEvent(Component.java:4793)
	at java.desktop/java.awt.KeyboardFocusManager.redispatchEvent(KeyboardFocusManager.java:1955)
	at java.desktop/java.awt.DefaultKeyboardFocusManager.dispatchKeyEvent(DefaultKeyboardFocusManager.java:827)
	at java.desktop/java.awt.DefaultKeyboardFocusManager.preDispatchKeyEvent(DefaultKeyboardFocusManager.java:1096)
	at java.desktop/java.awt.DefaultKeyboardFocusManager.typeAheadAssertions(DefaultKeyboardFocusManager.java:966)
	at java.desktop/java.awt.DefaultKeyboardFocusManager.dispatchEvent(DefaultKeyboardFocusManager.java:792)
	at java.desktop/java.awt.Component.dispatchEventImpl(Component.java:4842)
	at java.desktop/java.awt.Container.dispatchEventImpl(Container.java:2317)
	at java.desktop/java.awt.Window.dispatchEventImpl(Window.java:2758)
	at java.desktop/java.awt.Component.dispatchEvent(Component.java:4793)
	at java.desktop/java.awt.EventQueue.dispatchEventImpl(EventQueue.java:766)
	at java.desktop/java.awt.EventQueue.access$500(EventQueue.java:97)
	at java.desktop/java.awt.EventQueue$3.run(EventQueue.java:717)
	at java.desktop/java.awt.EventQueue$3.run(EventQueue.java:711)
	at java.base/java.security.AccessController.doPrivileged(Native Method)
	at java.base/java.security.ProtectionDomain$JavaSecurityAccessImpl.doIntersectionPrivilege(ProtectionDomain.java:89)
	at java.base/java.security.ProtectionDomain$JavaSecurityAccessImpl.doIntersectionPrivilege(ProtectionDomain.java:99)
	at java.desktop/java.awt.EventQueue$4.run(EventQueue.java:739)
	at java.desktop/java.awt.EventQueue$4.run(EventQueue.java:737)
	at java.base/java.security.AccessController.doPrivileged(Native Method)
	at java.base/java.security.ProtectionDomain$JavaSecurityAccessImpl.doIntersectionPrivilege(ProtectionDomain.java:89)
	at java.desktop/java.awt.EventQueue.dispatchEvent(EventQueue.java:736)
	at java.desktop/java.awt.EventDispatchThread.pumpOneEventForFilters(EventDispatchThread.java:199)
	at java.desktop/java.awt.EventDispatchThread.pumpEventsForFilter(EventDispatchThread.java:124)
	at java.desktop/java.awt.EventDispatchThread.pumpEventsForHierarchy(EventDispatchThread.java:113)
	at java.desktop/java.awt.EventDispatchThread.pumpEvents(EventDispatchThread.java:109)
	at java.desktop/java.awt.EventDispatchThread.pumpEvents(EventDispatchThread.java:101)
	at java.desktop/java.awt.EventDispatchThread.run(EventDispatchThread.java:90)
[20:10:09] [CONSOLE_OUT]: [STRING] Background command usage: background #EC407A
[20:10:12] [CLIENT]: Pixelate
[20:10:12] [CLIENT_IO]: [GET] [Name] [RETURN VALUE] Nathan
[20:10:13] [CONSOLE_OUT]: [STRING] Sorry, Nathan, but I don't recognize that command. You can make a suggestion by clicking the "Suggestion" button.
[EXTERNAL STOP] Cyder was force closed by an external entity such as an IDE stop or the OS' Task Manager
