[19:14:06] [ENTRY]: [WINUSER=Nathan]
[19:14:06] [SYSTEM_IO]: [GET] [UISCALE] [RETURN VALUE] 1.0
[19:14:07] [SYSTEM_IO]: [GET] [MMAC] [RETURN VALUE] 5c486915459709261d6d9af79dd1be29fea375fe59a8392f64369d2c6da0816e
[19:14:07] [JAVA ARGS]: [LOCATION] [400 S. Monroe St. Tallahassee, FL] //Ron DeSantis is a GOAT
[19:14:07] [SYSTEM_IO]: [GET] [MMAC] [RETURN VALUE] 5c486915459709261d6d9af79dd1be29fea375fe59a8392f64369d2c6da0816e
[19:14:07] [SYSTEM_IO]: [GET] [MMAC] [RETURN VALUE] 5c486915459709261d6d9af79dd1be29fea375fe59a8392f64369d2c6da0816e
[19:14:07] [SYSTEM_IO]: [GET] [AutoCypher] [RETURN VALUE] 1
[19:14:07] [LOGIN]: [AUTOCYPHER ATTEMPT]
[19:14:07] [SYSTEM_IO]: [GET] [CypherHash] [RETURN VALUE] nathan,3789d9735ab15d29a3595ef3f70c377d2d7b4927c222a06d36f0abba335504a2
[19:14:07] [LOGIN]: [AUTOCYPHER PASS]
[19:14:08] [CLIENT_IO]: [GET] [Name] [RETURN VALUE] Nathan
[19:14:08] [CLIENT_IO]: [GET] [RandomBackground] [RETURN VALUE] 0
[19:14:08] [CLIENT_IO]: [GET] [FullScreen] [RETURN VALUE] 0
[19:14:08] [SYSTEM_IO]: [GET] [Version] [RETURN VALUE] Soultree
[19:14:08] [CLIENT_IO]: [GET] [Name] [RETURN VALUE] Nathan
[19:14:08] [SYSTEM_IO]: [GET] [ConsoleResizable] [RETURN VALUE] 1
[19:14:08] [CLIENT_IO]: [GET] [Foreground] [RETURN VALUE] 101010
[19:14:08] [CLIENT_IO]: [GET] [Foreground] [RETURN VALUE] 101010
[19:14:08] [CLIENT_IO]: [GET] [FullScreen] [RETURN VALUE] 0
[19:14:08] [CLIENT_IO]: [GET] [FullScreen] [RETURN VALUE] 0
[19:14:08] [CLIENT_IO]: [GET] [Foreground] [RETURN VALUE] 101010
[19:14:08] [CLIENT_IO]: [GET] [Font] [RETURN VALUE] Agency FB
[19:14:08] [CLIENT_IO]: [GET] [OutputBorder] [RETURN VALUE] 0
[19:14:08] [CLIENT_IO]: [GET] [FullScreen] [RETURN VALUE] 0
[19:14:08] [CLIENT_IO]: [GET] [FullScreen] [RETURN VALUE] 0
[19:14:08] [CLIENT_IO]: [GET] [InputBorder] [RETURN VALUE] 0
[19:14:08] [CLIENT_IO]: [GET] [Foreground] [RETURN VALUE] 101010
[19:14:08] [CLIENT_IO]: [GET] [Foreground] [RETURN VALUE] 101010
[19:14:08] [CLIENT_IO]: [GET] [Foreground] [RETURN VALUE] 101010
[19:14:08] [CLIENT_IO]: [GET] [Font] [RETURN VALUE] Agency FB
[19:14:08] [CLIENT_IO]: [GET] [OutputFill] [RETURN VALUE] 0
[19:14:08] [CLIENT_IO]: [GET] [InputFill] [RETURN VALUE] 0
[19:14:08] [CLIENT_IO]: [GET] [IntroMusic] [RETURN VALUE] 0
[19:14:08] [CLIENT_IO]: [GET] [DebugWindows] [RETURN VALUE] 0
[19:14:08] [SYSTEM_IO]: [GET] [MMAC] [RETURN VALUE] 5c486915459709261d6d9af79dd1be29fea375fe59a8392f64369d2c6da0816e
[19:14:08] [CLIENT]: test
[19:14:08] [CLIENT_IO]: [GET] [laststart] [RETURN VALUE] 1626653632938
[19:14:08] [CLIENT_IO]: [SET] [KEY] laststart [VALUE] 1626653648876
[EXTERNAL STOP] Cyder was force closed by an external entity such as an IDE stop or the OS' Task Manager
