[23:22:23] [ENTRY]: [WINUSER=Nathan]
[23:22:23] [SYSTEM_IO]: [GET] [UISCALE] [RETURN VALUE] 1.0
[23:22:24] [SYSTEM_IO]: [GET] [MMAC] [RETURN VALUE] 5c486915459709261d6d9af79dd1be29fea375fe59a8392f64369d2c6da0816e
[23:22:24] [JAVA ARGS]: [LOCATION] [400 S. Monroe St. Tallahassee, FL] //Ron DeSantis is a GOAT
[23:22:24] [SYSTEM_IO]: [GET] [MMAC] [RETURN VALUE] 5c486915459709261d6d9af79dd1be29fea375fe59a8392f64369d2c6da0816e
[23:22:24] [SYSTEM_IO]: [GET] [MMAC] [RETURN VALUE] 5c486915459709261d6d9af79dd1be29fea375fe59a8392f64369d2c6da0816e
[23:22:24] [LOGIN]: [AUTOCYPHER ATTEMPT]
[23:22:24] [LOGIN]: [AUTOCYPHER PASS]
[23:22:25] [CLIENT_IO]: [GET] [Name] [RETURN VALUE] Nathan
[23:22:25] [CLIENT_IO]: [GET] [RandomBackground] [RETURN VALUE] 0
[23:22:25] [CLIENT_IO]: [GET] [FullScreen] [RETURN VALUE] 0
[23:22:25] [SYSTEM_IO]: [GET] [Version] [RETURN VALUE] Soultree
[23:22:25] [CLIENT_IO]: [GET] [Name] [RETURN VALUE] Nathan
[23:22:25] [SYSTEM_IO]: [GET] [ConsoleResizable] [RETURN VALUE] 1
[23:22:25] [CLIENT_IO]: [GET] [Foreground] [RETURN VALUE] 000000
[23:22:25] [CLIENT_IO]: [GET] [Foreground] [RETURN VALUE] 000000
[23:22:25] [CLIENT_IO]: [GET] [FullScreen] [RETURN VALUE] 0
[23:22:25] [CLIENT_IO]: [GET] [FullScreen] [RETURN VALUE] 0
[23:22:25] [CLIENT_IO]: [GET] [Foreground] [RETURN VALUE] 000000
[23:22:25] [CLIENT_IO]: [GET] [Font] [RETURN VALUE] Agency FB
[23:22:25] [CLIENT_IO]: [GET] [OutputBorder] [RETURN VALUE] 0
[23:22:25] [CLIENT_IO]: [GET] [FullScreen] [RETURN VALUE] 0
[23:22:25] [CLIENT_IO]: [GET] [FullScreen] [RETURN VALUE] 0
[23:22:25] [CLIENT_IO]: [GET] [InputBorder] [RETURN VALUE] 0
[23:22:25] [CLIENT_IO]: [GET] [Foreground] [RETURN VALUE] 000000
[23:22:25] [CLIENT_IO]: [GET] [Foreground] [RETURN VALUE] 000000
[23:22:25] [CLIENT_IO]: [GET] [Foreground] [RETURN VALUE] 000000
[23:22:25] [CLIENT_IO]: [GET] [Font] [RETURN VALUE] Agency FB
[23:22:25] [CLIENT_IO]: [GET] [OutputFill] [RETURN VALUE] 0
[23:22:25] [CLIENT_IO]: [GET] [InputFill] [RETURN VALUE] 0
[23:22:25] [CLIENT_IO]: [GET] [IntroMusic] [RETURN VALUE] 0
[23:22:26] [CLIENT_IO]: [GET] [DebugWindows] [RETURN VALUE] 0
[23:22:26] [SYSTEM_IO]: [GET] [MMAC] [RETURN VALUE] 5c486915459709261d6d9af79dd1be29fea375fe59a8392f64369d2c6da0816e
[23:22:26] [CLIENT]: test
[23:22:26] [CLIENT_IO]: [GET] [laststart] [RETURN VALUE] 1626236515785
[23:22:26] [CLIENT_IO]: [SET] [KEY] laststart [VALUE] 1626236546243
[23:22:31] [CLIENT]: Pizza
[23:22:31] [ACTION]: PIZZA
[23:22:43] [CLIENT]: Pizza
[23:22:43] [ACTION]: PIZZA
[EXTERNAL STOP] Cyder was force closed by an external entity such as an IDE stop or the OS' Task Manager
