[16-59-00] [ENTRY]: [Nathan]
[16-59-00] [SYSTEM_IO]: System data pared in IOUtil's static block
[16-59-01] [SYSTEM_IO]: Suggestions pared in IOUtil's static block
[16-59-01] [SYSTEM_IO]: Exit conditions pared in IOUtil's static block
[16-59-01] [SYSTEM_IO]: DebugHashes pared in IOUtil's static block
[16-59-03] [LOGIN]: [AUTOCYPHER ATTEMPT]
[16-59-03] [JAVA ARGS]: [LOCATION] [La casa de Nathan]
[16-59-03] [LOGIN]: [AUTOCYPHER PASS, e5a50641-21d1-3654-b738-c0e4b2dc61b1]
[16-59-03] [SYSTEM_IO]: Userdata requested: Name
[16-59-03] [SYSTEM_IO]: Userdata requested: RandomBackground
[16-59-03] [SYSTEM_IO]: Userdata requested: FullScreen
[16-59-03] [SYSTEM_IO]: Userdata requested: Name
[16-59-03] [SYSTEM_IO]: Userdata requested: Foreground
[16-59-03] [SYSTEM_IO]: Userdata requested: Foreground
[16-59-03] [SYSTEM_IO]: Userdata requested: FullScreen
[16-59-03] [SYSTEM_IO]: Userdata requested: FullScreen
[16-59-03] [SYSTEM_IO]: Userdata requested: Foreground
[16-59-03] [SYSTEM_IO]: Userdata requested: Font
[16-59-03] [SYSTEM_IO]: Userdata requested: OutputBorder
[16-59-03] [SYSTEM_IO]: Userdata requested: FullScreen
[16-59-03] [SYSTEM_IO]: Userdata requested: InputBorder
[16-59-03] [SYSTEM_IO]: Userdata requested: Foreground
[16-59-03] [SYSTEM_IO]: Userdata requested: Foreground
[16-59-03] [SYSTEM_IO]: Userdata requested: Foreground
[16-59-03] [SYSTEM_IO]: Userdata requested: Font
[16-59-03] [SYSTEM_IO]: Userdata requested: OutputFill
[16-59-03] [SYSTEM_IO]: Userdata requested: InputFill
[16-59-03] [ACTION]: CyderFrame disposed with fastclose: true, CyderFrame: Component name = [cyder.ui.CyderFrame], bounds = [(980, 396, 600, 600)], hash = [1335937374], parentFrame = [Object itself is the top level frame], associated text = [No getText() method found], tooltip text = [No getTooltipText() method found], title = [Cyder Splash]
[16-59-03] [ACTION]: Console loaded in 3357ms
[16-59-03] [SYSTEM_IO]: Userdata requested: DebugWindows
[16-59-03] [ENTRY]: [TESTING MODE]
[16-59-03] [SYSTEM_IO]: Userdata requested: laststart
[16-59-03] [SYSTEM_IO]: Userdata requested: IntroMusic
[16-59-04] [ACTION]: [Stellar Cyder [Nathan]] [NOTIFICATION] Console loaded in 3357ms
[16-59-04] [SYSTEM_IO]: Userdata requested: persistentnotifications
[16-59-13] [CONSOLE_OUT]: [STRING] Manual tests:
[16-59-13] [CONSOLE_OUT]: [STRING] dragLabelButtonTest
[16-59-14] [CONSOLE_OUT]: [STRING] buttonAndTitlePosTest
[16-59-14] [CONSOLE_OUT]: [STRING] iconLabelSlidingTest
[16-59-15] [CONSOLE_OUT]: [STRING] switchTest
[16-59-15] [CONSOLE_OUT]: [STRING] rippleLabelTest
[16-59-15] [CONSOLE_OUT]: [STRING] cyderSliderTest
[16-59-15] [CONSOLE_OUT]: [STRING] comboBoxTest
[16-59-15] [CONSOLE_OUT]: [STRING] cyderGridTest
[16-59-15] [CONSOLE_OUT]: [STRING] notificationTest
[16-59-15] [CONSOLE_OUT]: [STRING] informTest
[16-59-15] [CONSOLE_OUT]: [STRING] stackTest
[16-59-15] [CONSOLE_OUT]: [STRING] flowLayoutTest
[16-59-15] [CONSOLE_OUT]: [STRING] askewTest
[16-59-15] [CONSOLE_OUT]: [STRING] queueTest
[16-59-15] [CONSOLE_OUT]: [STRING] checkboxGroupTest
[16-59-15] [CONSOLE_OUT]: [STRING] checkboxTest
[16-59-15] [CONSOLE_OUT]: [STRING] progressBarTest
[16-59-15] [CONSOLE_OUT]: [STRING] frameTitleLengthTest
[16-59-15] [CONSOLE_OUT]: [STRING] cyderGridLayoutTest
[16-59-15] [CONSOLE_OUT]: [STRING] Unit Tests:
[16-59-15] [CONSOLE_OUT]: [STRING] testPhoneNumberPattern
[16-59-15] [CONSOLE_OUT]: [STRING] testPluralConversion
[16-59-15] [CONSOLE_OUT]: [STRING] testIPv4RegexMatcher
[16-59-15] [CONSOLE_OUT]: [STRING] testWindBearingDirection
[16-59-15] [CONSOLE_OUT]: [STRING] testInsertBreaks
[16-59-15] [CONSOLE_OUT]: [STRING] testIsComment
[16-59-15] [CONSOLE_OUT]: [JCOMPONENT] Component name = [cyder.ui.CyderButton], bounds = [(0, 0, 0, 0)], hash = [1028426956], parentFrame = [No associated frame], associated text = [Make a Suggestion], tooltip text = [No getTooltipText() method found], title = [No getTitle() method found]
[16-59-15] [CONSOLE_OUT]: [STRING]
[16-59-15] [CONSOLE_OUT]: [STRING] Escaped
[16-59-15] [CLIENT]: clear
[16-59-15] [SYSTEM_IO]: Userdata requested: filterchat
[16-59-16] [HANDLE]: GENERAL COMMAND HANDLED
[16-59-16] [HANDLE]: PRIMARY HANDLE
[16-59-16] [CLIENT]: mp3
[16-59-16] [SYSTEM_IO]: Userdata requested: filterchat
[16-59-16] [WIDGET OPENED]: AUDIO PLAYER
[16-59-16] [CONSOLE_OUT]: [STRING] Opening widget: cyder.handlers.external.AudioPlayer
[16-59-16] [HANDLE]: PRIMARY HANDLE
[16-59-17] [ACTION]: [AUDIO PLAYER] Jake Hill - Stay.mp3
[16-59-19] [ACTION]: [AUDIO PLAYER] Euphoria - Sacred.mp3
[16-59-20] [ACTION]: [AUDIO PLAYER] Fabled - Spirit.mp3
[16-59-21] [ACTION]: [AUDIO PLAYER] Future - Solitaires ft. Travis Scott.mp3
[16-59-25] [ACTION]: [AUDIO PLAYER] Girl You Got It (feat. Nightxime).mp3
[16-59-27] [ACTION]: [AUDIO PLAYER] Future - Solitaires ft. Travis Scott.mp3
[16-59-29] [ACTION]: Component name = [cyder.ui.DragLabel], bounds = [(2, 2, 496, 28)], hash = [865400943], parentFrame = [Flash Player], associated text = [No getText() method found], tooltip text = [No getTooltipText() method found], title = [No getTitle() method found]
[16-59-29] [ACTION]: CyderFrame disposed with fastclose: false, CyderFrame: Component name = [cyder.ui.CyderFrame], bounds = [(395, 697, 500, 225)], hash = [361183278], parentFrame = [Object itself is the top level frame], associated text = [No getText() method found], tooltip text = [No getTooltipText() method found], title = [Flash Player]
[16-59-29] [SYSTEM_IO]: Userdata requested: closeanimation
[16-59-31] [SYSTEM_IO]: Userdata requested: minimizeonclose
[16-59-31] [SYSTEM_IO]: Userdata requested: Name
[16-59-31] [LOGOUT]: [Nathan]
[16-59-31] [ACTION]: CyderFrame disposed with fastclose: false, CyderFrame: Component name = [cyder.ui.ConsoleFrame], bounds = [(274, 456, 743, 708)], hash = [1383519982], parentFrame = [Object itself is the top level frame], associated text = [No getText() method found], tooltip text = [No getTooltipText() method found], title = [Stellar Cyder [Nathan]]
[16-59-31] [SYSTEM_IO]: Userdata requested: closeanimation
[16-59-31] [EXIT]: [RUNTIME] 31s
[16-59-31] [EOL]: Log completed, exiting Cyder with exit code: 25 [Genesis Controlled Exit], exceptions thrown: 0
