[18-01-29] [ENTRY]: [Nathan]
[18-01-29] [SYSTEM_IO]: System data pared in IOUtil's static block
[18-01-29] [SYSTEM_IO]: Suggestions pared in IOUtil's static block
[18-01-29] [SYSTEM_IO]: Exit conditions pared in IOUtil's static block
[18-01-29] [SYSTEM_IO]: DebugHashes pared in IOUtil's static block
[18-01-31] [LOGIN]: [AUTOCYPHER ATTEMPT]
[18-01-31] [JAVA ARGS]: [LOCATION] [La casa de Nathan]
[18-01-31] [LOGIN]: [AUTOCYPHER PASS, e5a50641-21d1-3654-b738-c0e4b2dc61b1]
[18-01-31] [SYSTEM_IO]: Userdata requested: Name
[18-01-31] [SYSTEM_IO]: Userdata requested: RandomBackground
[18-01-31] [SYSTEM_IO]: Userdata requested: FullScreen
[18-01-31] [SYSTEM_IO]: Userdata requested: Name
[18-01-31] [SYSTEM_IO]: Userdata requested: Foreground
[18-01-31] [SYSTEM_IO]: Userdata requested: Foreground
[18-01-31] [SYSTEM_IO]: Userdata requested: FullScreen
[18-01-31] [SYSTEM_IO]: Userdata requested: FullScreen
[18-01-31] [SYSTEM_IO]: Userdata requested: Foreground
[18-01-31] [SYSTEM_IO]: Userdata requested: Font
[18-01-32] [SYSTEM_IO]: Userdata requested: OutputBorder
[18-01-32] [SYSTEM_IO]: Userdata requested: FullScreen
[18-01-32] [SYSTEM_IO]: Userdata requested: InputBorder
[18-01-32] [SYSTEM_IO]: Userdata requested: Foreground
[18-01-32] [SYSTEM_IO]: Userdata requested: Foreground
[18-01-32] [SYSTEM_IO]: Userdata requested: Foreground
[18-01-32] [SYSTEM_IO]: Userdata requested: Font
[18-01-32] [SYSTEM_IO]: Userdata requested: OutputFill
[18-01-32] [SYSTEM_IO]: Userdata requested: InputFill
[18-01-32] [ACTION]: CyderFrame disposed with fastclose: true, CyderFrame: Component name = [cyder.ui.CyderFrame], bounds = [(980, 396, 600, 600)], hash = [635654935], parentFrame = [Object itself is the top level frame], associated text = [No getText() method found], tooltip text = [No getTooltipText() method found], title = [Cyder Splash]
[18-01-32] [ACTION]: Console loaded in 3556ms
[18-01-32] [SYSTEM_IO]: Userdata requested: DebugWindows
[18-01-32] [ENTRY]: [TESTING MODE]
[18-01-32] [SYSTEM_IO]: Userdata requested: laststart
[18-01-32] [SYSTEM_IO]: Userdata requested: IntroMusic
[18-01-32] [ACTION]: [Stellar Cyder [Nathan]] [NOTIFICATION] Console loaded in 3556ms
[18-01-32] [SYSTEM_IO]: Userdata requested: persistentnotifications
[18-01-36] [CLIENT]: mp3
[18-01-36] [SYSTEM_IO]: Userdata requested: filterchat
[18-01-36] [WIDGET OPENED]: AUDIO PLAYER
[18-01-36] [HANDLE]: PRIMARY HANDLE
[18-01-36] [CONSOLE_OUT]: [STRING] Opening widget: cyder.handlers.external.AudioPlayer
[18-01-36] [ACTION]: [AUDIO PLAYER] Jake Hill - Stay.mp3
[18-01-37] [ACTION]: [AUDIO PLAYER] Euphoria - Sacred.mp3
[18-01-38] [ACTION]: [AUDIO PLAYER] Fabled - Spirit.mp3
[18-01-40] [ACTION]: [AUDIO PLAYER] Fabled - Spirit.mp3
[18-01-41] [ACTION]: [AUDIO PLAYER] Future - Solitaires ft. Travis Scott.mp3
[18-01-42] [ACTION]: [AUDIO PLAYER] Fabled - Spirit.mp3
[18-01-42] [ACTION]: [AUDIO PLAYER] Euphoria - Sacred.mp3
[18-01-44] [ACTION]: [AUDIO PLAYER] Euphoria - Sacred.mp3
[18-01-45] [ACTION]: [AUDIO PLAYER] Euphoria - Sacred.mp3
[18-01-46] [ACTION]: [AUDIO PLAYER] Fabled - Spirit.mp3
[18-01-48] [ACTION]: [AUDIO PLAYER] Fabled - Spirit.mp3
[18-01-49] [ACTION]: [AUDIO PLAYER] Fabled - Spirit.mp3
[EXTERNAL STOP] Cyder was force closed by an external entity such as an IDE stop or the OS' Task Manager
