[18-12-02] [ENTRY]: [Nathan]
[18-12-02] [SYSTEM_IO]: System data pared in IOUtil's static block
[18-12-02] [SYSTEM_IO]: Suggestions pared in IOUtil's static block
[18-12-02] [SYSTEM_IO]: Exit conditions pared in IOUtil's static block
[18-12-02] [SYSTEM_IO]: DebugHashes pared in IOUtil's static block
[18-12-04] [LOGIN]: [AUTOCYPHER ATTEMPT]
[18-12-04] [JAVA ARGS]: [LOCATION] [La casa de Nathan]
[18-12-05] [LOGIN]: [AUTOCYPHER PASS, e5a50641-21d1-3654-b738-c0e4b2dc61b1]
[18-12-05] [SYSTEM_IO]: Userdata requested: Name
[18-12-05] [SYSTEM_IO]: Userdata requested: RandomBackground
[18-12-05] [SYSTEM_IO]: Userdata requested: FullScreen
[18-12-05] [SYSTEM_IO]: Userdata requested: Name
[18-12-05] [SYSTEM_IO]: Userdata requested: Foreground
[18-12-05] [SYSTEM_IO]: Userdata requested: Foreground
[18-12-05] [SYSTEM_IO]: Userdata requested: FullScreen
[18-12-05] [SYSTEM_IO]: Userdata requested: FullScreen
[18-12-05] [SYSTEM_IO]: Userdata requested: Foreground
[18-12-05] [SYSTEM_IO]: Userdata requested: Font
[18-12-05] [SYSTEM_IO]: Userdata requested: OutputBorder
[18-12-05] [SYSTEM_IO]: Userdata requested: FullScreen
[18-12-05] [SYSTEM_IO]: Userdata requested: InputBorder
[18-12-05] [SYSTEM_IO]: Userdata requested: Foreground
[18-12-05] [SYSTEM_IO]: Userdata requested: Foreground
[18-12-05] [SYSTEM_IO]: Userdata requested: Foreground
[18-12-05] [SYSTEM_IO]: Userdata requested: Font
[18-12-05] [SYSTEM_IO]: Userdata requested: OutputFill
[18-12-05] [SYSTEM_IO]: Userdata requested: InputFill
[18-12-05] [ACTION]: CyderFrame disposed with fastclose: true, CyderFrame: Component name = [cyder.ui.CyderFrame], bounds = [(980, 396, 600, 600)], hash = [578777695], parentFrame = [Object itself is the top level frame], associated text = [No getText() method found], tooltip text = [No getTooltipText() method found], title = [Cyder Splash]
[18-12-05] [ACTION]: Console loaded in 3278ms
[18-12-05] [SYSTEM_IO]: Userdata requested: DebugWindows
[18-12-05] [ENTRY]: [TESTING MODE]
[18-12-05] [SYSTEM_IO]: Userdata requested: laststart
[18-12-05] [SYSTEM_IO]: Userdata requested: IntroMusic
[18-12-05] [ACTION]: [Stellar Cyder [Nathan]] [NOTIFICATION] Console loaded in 3278ms
[18-12-05] [SYSTEM_IO]: Userdata requested: persistentnotifications
[18-12-08] [CLIENT]: mp3
[18-12-08] [SYSTEM_IO]: Userdata requested: filterchat
[18-12-08] [WIDGET OPENED]: AUDIO PLAYER
[18-12-08] [HANDLE]: PRIMARY HANDLE
[18-12-09] [CONSOLE_OUT]: [STRING] Opening widget: cyder.handlers.external.AudioPlayer
[18-12-09] [ACTION]: [AUDIO PLAYER] Jake Hill - Stay.mp3
[18-12-10] [ACTION]: [AUDIO PLAYER] Euphoria - Sacred.mp3
[18-12-11] [ACTION]: [AUDIO PLAYER] Fabled - Spirit.mp3
[18-12-12] [ACTION]: [AUDIO PLAYER] Future - Solitaires ft. Travis Scott.mp3
[18-12-14] [ACTION]: [AUDIO PLAYER] Girl You Got It (feat. Nightxime).mp3
[18-12-15] [ACTION]: [AUDIO PLAYER] Jake Hill - Stay.mp3
[18-12-16] [ACTION]: [AUDIO PLAYER] Girl You Got It (feat. Nightxime).mp3
[EXTERNAL STOP] Cyder was force closed by an external entity such as an IDE stop or the OS' Task Manager
