[18-34-57] [ENTRY]: [Nathan]
[18-34-57] [SYSTEM_IO]: System data pared in IOUtil's static block
[18-34-57] [SYSTEM_IO]: Suggestions pared in IOUtil's static block
[18-34-57] [SYSTEM_IO]: Exit conditions pared in IOUtil's static block
[18-34-58] [SYSTEM_IO]: DebugHashes pared in IOUtil's static block
[18-34-59] [LOGIN]: [AUTOCYPHER ATTEMPT]
[18-34-59] [JAVA ARGS]: [LOCATION] [La casa de Nathan]
[18-35-00] [LOGIN]: [AUTOCYPHER PASS, e5a50641-21d1-3654-b738-c0e4b2dc61b1]
[18-35-00] [SYSTEM_IO]: Userdata requested: Name
[18-35-00] [SYSTEM_IO]: Userdata requested: RandomBackground
[18-35-00] [SYSTEM_IO]: Userdata requested: FullScreen
[18-35-00] [SYSTEM_IO]: Userdata requested: Name
[18-35-00] [SYSTEM_IO]: Userdata requested: Foreground
[18-35-00] [SYSTEM_IO]: Userdata requested: Foreground
[18-35-00] [SYSTEM_IO]: Userdata requested: FullScreen
[18-35-00] [SYSTEM_IO]: Userdata requested: FullScreen
[18-35-00] [SYSTEM_IO]: Userdata requested: Foreground
[18-35-00] [SYSTEM_IO]: Userdata requested: Font
[18-35-00] [SYSTEM_IO]: Userdata requested: OutputBorder
[18-35-00] [SYSTEM_IO]: Userdata requested: FullScreen
[18-35-00] [SYSTEM_IO]: Userdata requested: InputBorder
[18-35-00] [SYSTEM_IO]: Userdata requested: Foreground
[18-35-00] [SYSTEM_IO]: Userdata requested: Foreground
[18-35-00] [SYSTEM_IO]: Userdata requested: Foreground
[18-35-00] [SYSTEM_IO]: Userdata requested: Font
[18-35-00] [SYSTEM_IO]: Userdata requested: OutputFill
[18-35-00] [SYSTEM_IO]: Userdata requested: InputFill
[18-35-00] [ACTION]: CyderFrame disposed with fastclose: true, CyderFrame: Component name = [cyder.ui.CyderFrame], bounds = [(980, 396, 600, 600)], hash = [1796621294], parentFrame = [Object itself is the top level frame], associated text = [No getText() method found], tooltip text = [No getTooltipText() method found], title = [Cyder Splash]
[18-35-00] [ACTION]: Console loaded in 3178ms
[18-35-00] [SYSTEM_IO]: Userdata requested: DebugWindows
[18-35-00] [ENTRY]: [TESTING MODE]
[18-35-00] [SYSTEM_IO]: Userdata requested: laststart
[18-35-00] [SYSTEM_IO]: Userdata requested: IntroMusic
[18-35-00] [ACTION]: [Stellar Cyder [Nathan]] [NOTIFICATION] Console loaded in 3178ms
[18-35-01] [SYSTEM_IO]: Userdata requested: persistentnotifications
[18-35-01] [CLIENT]: mp3
[18-35-01] [SYSTEM_IO]: Userdata requested: filterchat
[18-35-02] [WIDGET OPENED]: AUDIO PLAYER
[18-35-02] [HANDLE]: PRIMARY HANDLE
[18-35-02] [CONSOLE_OUT]: [STRING] Opening widget: cyder.handlers.external.AudioPlayer
[18-35-02] [ACTION]: [AUDIO PLAYER] Jake Hill - Stay.mp3
[18-35-03] [ACTION]: [AUDIO PLAYER] Girl You Got It (feat. Nightxime) ft. some long title.mp3
[EXTERNAL STOP] Cyder was force closed by an external entity such as an IDE stop or the OS' Task Manager
