[19-18-12] [ENTRY]: [Nathan]
[19-18-12] [SYSTEM_IO]: System data pared in IOUtil's static block
[19-18-12] [SYSTEM_IO]: Suggestions pared in IOUtil's static block
[19-18-12] [SYSTEM_IO]: Exit conditions pared in IOUtil's static block
[19-18-12] [SYSTEM_IO]: DebugHashes pared in IOUtil's static block
[19-18-15] [LOGIN]: [AUTOCYPHER ATTEMPT]
[19-18-15] [JAVA ARGS]: [LOCATION] [La casa de Nathan]
[19-18-15] [LOGIN]: [AUTOCYPHER PASS, e5a50641-21d1-3654-b738-c0e4b2dc61b1]
[19-18-15] [SYSTEM_IO]: Userdata requested: Name
[19-18-15] [SYSTEM_IO]: Userdata requested: RandomBackground
[19-18-15] [SYSTEM_IO]: Userdata requested: FullScreen
[19-18-16] [SYSTEM_IO]: Userdata requested: Name
[19-18-16] [SYSTEM_IO]: Userdata requested: Foreground
[19-18-16] [SYSTEM_IO]: Userdata requested: Foreground
[19-18-16] [SYSTEM_IO]: Userdata requested: FullScreen
[19-18-16] [SYSTEM_IO]: Userdata requested: FullScreen
[19-18-16] [SYSTEM_IO]: Userdata requested: Foreground
[19-18-16] [SYSTEM_IO]: Userdata requested: Font
[19-18-16] [SYSTEM_IO]: Userdata requested: OutputBorder
[19-18-16] [SYSTEM_IO]: Userdata requested: FullScreen
[19-18-16] [SYSTEM_IO]: Userdata requested: InputBorder
[19-18-16] [SYSTEM_IO]: Userdata requested: Foreground
[19-18-16] [SYSTEM_IO]: Userdata requested: Foreground
[19-18-16] [SYSTEM_IO]: Userdata requested: Foreground
[19-18-16] [SYSTEM_IO]: Userdata requested: Font
[19-18-16] [SYSTEM_IO]: Userdata requested: OutputFill
[19-18-16] [SYSTEM_IO]: Userdata requested: InputFill
[19-18-16] [ACTION]: CyderFrame disposed with fastclose: true, CyderFrame: Component name = [cyder.ui.CyderFrame], bounds = [(980, 396, 600, 600)], hash = [1345679408], parentFrame = [Object itself is the top level frame], associated text = [No getText() method found], tooltip text = [No getTooltipText() method found], title = [Cyder Splash]
[19-18-16] [ACTION]: Console loaded in 4024ms
[19-18-16] [SYSTEM_IO]: Userdata requested: DebugWindows
[19-18-16] [ENTRY]: [TESTING MODE]
[19-18-16] [SYSTEM_IO]: Userdata requested: laststart
[19-18-16] [SYSTEM_IO]: Userdata requested: IntroMusic
[19-18-16] [ACTION]: [Stellar Cyder [Nathan]] [NOTIFICATION] Console loaded in 4024ms
[19-18-16] [SYSTEM_IO]: Userdata requested: persistentnotifications
[19-18-18] [CLIENT]: mp3
[19-18-18] [SYSTEM_IO]: Userdata requested: filterchat
[19-18-19] [WIDGET OPENED]: AUDIO PLAYER
[19-18-19] [HANDLE]: PRIMARY HANDLE
[19-18-19] [CONSOLE_OUT]: [STRING] Opening widget: cyder.handlers.external.AudioPlayer
[19-18-19] [ACTION]: [AUDIO PLAYER] Jake Hill - Stay.mp3
[19-18-20] [ACTION]: [AUDIO PLAYER] Girl You Got It (feat. Nightxime) ft. some long title.mp3
[19-18-21] [ACTION]: [AUDIO PLAYER] Future - Solitaires ft. Travis Scott.mp3
[19-18-23] [ACTION]: [AUDIO PLAYER] Girl You Got It (feat. Nightxime) ft. some long title.mp3
[19-18-26] [ACTION]: [AUDIO PLAYER] Future - Solitaires ft. Travis Scott.mp3
[19-18-28] [ACTION]: Component name = [cyder.ui.DragLabel], bounds = [(2, 2, 496, 28)], hash = [1898891684], parentFrame = [Future - Solitaires ft. Travis Scott], associated text = [No getText() method found], tooltip text = [No getTooltipText() method found], title = [No getTitle() method found]
[19-18-28] [ACTION]: CyderFrame disposed with fastclose: false, CyderFrame: Component name = [cyder.ui.CyderFrame], bounds = [(527, 573, 500, 225)], hash = [456205642], parentFrame = [Object itself is the top level frame], associated text = [No getText() method found], tooltip text = [No getTooltipText() method found], title = [Future - Solitaires ft. Travis Scott]
[19-18-28] [SYSTEM_IO]: Userdata requested: closeanimation
[19-18-29] [SYSTEM_IO]: Userdata requested: minimizeonclose
[19-18-29] [SYSTEM_IO]: Userdata requested: Name
[19-18-29] [LOGOUT]: [Nathan]
[19-18-29] [ACTION]: CyderFrame disposed with fastclose: false, CyderFrame: Component name = [cyder.ui.ConsoleFrame], bounds = [(406, 332, 743, 708)], hash = [1626343059], parentFrame = [Object itself is the top level frame], associated text = [No getText() method found], tooltip text = [No getTooltipText() method found], title = [Stellar Cyder [Nathan]]
[19-18-29] [SYSTEM_IO]: Userdata requested: closeanimation
[19-18-29] [EXIT]: [RUNTIME] 16s
[19-18-29] [EOL]: Log completed, exiting Cyder with exit code: 25 [Genesis Controlled Exit], exceptions thrown: 0
