[19-21-03] [ENTRY]: [Nathan]
[19-21-03] [SYSTEM_IO]: System data pared in IOUtil's static block
[19-21-03] [SYSTEM_IO]: Suggestions pared in IOUtil's static block
[19-21-03] [SYSTEM_IO]: Exit conditions pared in IOUtil's static block
[19-21-03] [SYSTEM_IO]: DebugHashes pared in IOUtil's static block
[19-21-05] [LOGIN]: [AUTOCYPHER ATTEMPT]
[19-21-05] [JAVA ARGS]: [LOCATION] [La casa de Nathan]
[19-21-06] [LOGIN]: [AUTOCYPHER PASS, e5a50641-21d1-3654-b738-c0e4b2dc61b1]
[19-21-06] [SYSTEM_IO]: Userdata requested: Name
[19-21-06] [SYSTEM_IO]: Userdata requested: RandomBackground
[19-21-06] [SYSTEM_IO]: Userdata requested: FullScreen
[19-21-06] [SYSTEM_IO]: Userdata requested: Name
[19-21-06] [SYSTEM_IO]: Userdata requested: Foreground
[19-21-06] [SYSTEM_IO]: Userdata requested: Foreground
[19-21-06] [SYSTEM_IO]: Userdata requested: FullScreen
[19-21-06] [SYSTEM_IO]: Userdata requested: FullScreen
[19-21-06] [SYSTEM_IO]: Userdata requested: Foreground
[19-21-06] [SYSTEM_IO]: Userdata requested: Font
[19-21-06] [SYSTEM_IO]: Userdata requested: OutputBorder
[19-21-06] [SYSTEM_IO]: Userdata requested: FullScreen
[19-21-06] [SYSTEM_IO]: Userdata requested: InputBorder
[19-21-06] [SYSTEM_IO]: Userdata requested: Foreground
[19-21-06] [SYSTEM_IO]: Userdata requested: Foreground
[19-21-06] [SYSTEM_IO]: Userdata requested: Foreground
[19-21-06] [SYSTEM_IO]: Userdata requested: Font
[19-21-06] [SYSTEM_IO]: Userdata requested: OutputFill
[19-21-06] [SYSTEM_IO]: Userdata requested: InputFill
[19-21-06] [ACTION]: CyderFrame disposed with fastclose: true, CyderFrame: Component name = [cyder.ui.CyderFrame], bounds = [(980, 396, 600, 600)], hash = [1710168465], parentFrame = [Object itself is the top level frame], associated text = [No getText() method found], tooltip text = [No getTooltipText() method found], title = [Cyder Splash]
[19-21-06] [ACTION]: Console loaded in 3266ms
[19-21-06] [SYSTEM_IO]: Userdata requested: DebugWindows
[19-21-06] [ENTRY]: [TESTING MODE]
[19-21-06] [SYSTEM_IO]: Userdata requested: laststart
[19-21-06] [SYSTEM_IO]: Userdata requested: IntroMusic
[19-21-06] [ACTION]: [Stellar Cyder [Nathan]] [NOTIFICATION] Console loaded in 3266ms
[19-21-06] [SYSTEM_IO]: Userdata requested: persistentnotifications
[19-21-10] [CLIENT]: mp3
[19-21-10] [SYSTEM_IO]: Userdata requested: filterchat
[19-21-10] [WIDGET OPENED]: AUDIO PLAYER
[19-21-10] [HANDLE]: PRIMARY HANDLE
[19-21-10] [CONSOLE_OUT]: [STRING] Opening widget: cyder.handlers.external.AudioPlayer
[19-21-10] [ACTION]: [AUDIO PLAYER] Jake Hill - Stay.mp3
[19-21-11] [ACTION]: [AUDIO PLAYER] Girl You Got It (feat. Nightxime) ft. some long title.mp3
[19-21-20] [SYSTEM_IO]: Userdata requested: minimizeonclose
[19-21-21] [SYSTEM_IO]: Userdata requested: Name
[19-21-21] [LOGOUT]: [Nathan]
[19-21-21] [ACTION]: CyderFrame disposed with fastclose: false, CyderFrame: Component name = [cyder.ui.ConsoleFrame], bounds = [(406, 332, 743, 708)], hash = [1048098469], parentFrame = [Object itself is the top level frame], associated text = [No getText() method found], tooltip text = [No getTooltipText() method found], title = [Stellar Cyder [Nathan]]
[19-21-21] [SYSTEM_IO]: Userdata requested: closeanimation
[19-21-21] [EXIT]: [RUNTIME] 17s
[19-21-21] [EOL]: Log completed, exiting Cyder with exit code: 25 [Genesis Controlled Exit], exceptions thrown: 0
