[22-14-11] [ENTRY]: [Nathan]
[22-14-11] [SYSTEM_IO]: System data pared in IOUtil's static block
[22-14-11] [SYSTEM_IO]: Suggestions pared in IOUtil's static block
[22-14-11] [SYSTEM_IO]: Exit conditions pared in IOUtil's static block
[22-14-11] [SYSTEM_IO]: DebugHashes pared in IOUtil's static block
[22-14-14] [JAVA ARGS]: [LOCATION] [La casa de Nathan]
[22-14-14] [LOGIN]: [AUTOCYPHER ATTEMPT]
[22-14-14] [EXCEPTION]: 
Exception origin: cyder.handlers.internal.LoginHandler.recognize(LoginHandler.java:394)
From line: 394
Trace: java.lang.NullPointerException
	at cyder.handlers.internal.LoginHandler.recognize(LoginHandler.java:394)
	at cyder.handlers.internal.LoginHandler.autoCypher(LoginHandler.java:477)
	at cyder.handlers.internal.LoginHandler.beginLogin(LoginHandler.java:363)
	at cyder.genesis.Cyder.main(Cyder.java:112)
[22-14-14] [LOGIN]: [AUTOCYPHER FAIL]
[22-14-14] [WIDGET OPENED]: LOGIN
[22-14-14] [ACTION]: CyderFrame disposed with fastclose: true, CyderFrame: Component name = [cyder.ui.CyderFrame], bounds = [(980, 396, 600, 600)], hash = [171435575], parentFrame = [Object itself is the top level frame], associated text = [No getText() method found], tooltip text = [No getTooltipText() method found], title = [Cyder Splash]
[22-14-35] [CLIENT_IO]: [LOGIN FRAME] login
[22-14-36] [CLIENT_IO]: [LOGIN FRAME] nathan
[22-14-37] [ACTION]: [Cyder Login [Stellar Build]] [NOTIFICATION] Sorry, but that user is already logged in
[22-14-51] [CLIENT_IO]: [LOGIN FRAME] quit
[22-14-51] [ACTION]: CyderFrame disposed with fastclose: false, CyderFrame: Component name = [cyder.handlers.internal.LoginHandler], bounds = [(445, 483, 600, 400)], hash = [770010802], parentFrame = [Object itself is the top level frame], associated text = [No getText() method found], tooltip text = [No getTooltipText() method found], title = [Cyder Login [Stellar Build]]
[22-14-51] [EXIT]: [RUNTIME] 40s
[22-14-51] [EOL]: Log completed, exiting Cyder with exit code: 25 [Genesis Controlled Exit], exceptions thrown: 1
