[19-30-26] [ENTRY]: [Nathan]
[19-30-26] [SYSTEM_IO]: System data pared in IOUtil's static block
[19-30-26] [SYSTEM_IO]: Suggestions pared in IOUtil's static block
[19-30-28] [LOGIN]: [AUTOCYPHER ATTEMPT]
[19-30-28] [JAVA ARGS]: [LOCATION] [La casa de Nathan]
[19-30-28] [LOGIN]: [AUTOCYPHER PASS, e5a50641-21d1-3654-b738-c0e4b2dc61b1]
[19-30-28] [SYSTEM_IO]: Userdata requested: Name
[19-30-28] [SYSTEM_IO]: Userdata requested: RandomBackground
[19-30-28] [SYSTEM_IO]: Userdata requested: FullScreen
[19-30-29] [SYSTEM_IO]: Userdata requested: Name
[19-30-29] [SYSTEM_IO]: Userdata requested: Foreground
[19-30-29] [SYSTEM_IO]: Userdata requested: Foreground
[19-30-29] [SYSTEM_IO]: Userdata requested: FullScreen
[19-30-29] [SYSTEM_IO]: Userdata requested: FullScreen
[19-30-29] [SYSTEM_IO]: Userdata requested: Foreground
[19-30-29] [SYSTEM_IO]: Userdata requested: Font
[19-30-29] [SYSTEM_IO]: Userdata requested: OutputBorder
[19-30-29] [SYSTEM_IO]: Userdata requested: FullScreen
[19-30-29] [SYSTEM_IO]: Userdata requested: InputBorder
[19-30-29] [SYSTEM_IO]: Userdata requested: Foreground
[19-30-29] [SYSTEM_IO]: Userdata requested: Foreground
[19-30-29] [SYSTEM_IO]: Userdata requested: Foreground
[19-30-29] [SYSTEM_IO]: Userdata requested: Font
[19-30-29] [SYSTEM_IO]: Userdata requested: OutputFill
[19-30-29] [SYSTEM_IO]: Userdata requested: InputFill
[19-30-29] [ACTION]: CyderFrame disposed with fastclose: true, CyderFrame: Component name = [cyder.ui.CyderFrame], bounds = [(980, 396, 600, 600)], hash = [1534953332], parentFrame = [Object itself is the top level frame], associated text = [No getText() method found], tooltip text = [No getTooltipText() method found], title = [Cyder Splash]
[19-30-29] [ACTION]: Console loaded in 3809ms
[19-30-29] [SYSTEM_IO]: Userdata requested: DebugWindows
[19-30-29] [ENTRY]: [TESTING MODE]
[19-30-29] [SYSTEM_IO]: Userdata requested: laststart
[19-30-29] [SYSTEM_IO]: Userdata requested: IntroMusic
[19-30-29] [ACTION]: [Stellar Cyder [Nathan]] [NOTIFICATION] Console loaded in 3809ms
[19-30-29] [SYSTEM_IO]: Userdata requested: persistentnotifications
[19-31-06] [SYSTEM_IO]: Userdata requested: minimizeonclose
[19-31-06] [SYSTEM_IO]: Userdata requested: Name
[19-31-06] [LOGOUT]: [Nathan]
[19-31-06] [ACTION]: CyderFrame disposed with fastclose: false, CyderFrame: Component name = [cyder.ui.ConsoleFrame], bounds = [(203, 272, 1029, 675)], hash = [2053996178], parentFrame = [Object itself is the top level frame], associated text = [No getText() method found], tooltip text = [No getTooltipText() method found], title = [Stellar Cyder [Nathan]]
[19-31-06] [SYSTEM_IO]: Userdata requested: closeanimation
[19-31-06] [EXIT]: [RUNTIME] 41s
[19-31-06] [EOL]: Log completed, exiting Cyder with exit code: 25 [Genesis Controlled Exit], exceptions thrown: 0
