[21-51-30] [ENTRY]: [Nathan]
[21-51-30] [SYSTEM_IO]: System data pared in IOUtil's static block
[21-51-30] [SYSTEM_IO]: Suggestions pared in IOUtil's static block
[21-51-32] [LOGIN]: [AUTOCYPHER ATTEMPT]
[21-51-32] [JAVA ARGS]: [LOCATION] [La casa de Nathan]
[21-51-33] [LOGIN]: [AUTOCYPHER PASS, e5a50641-21d1-3654-b738-c0e4b2dc61b1]
[21-51-33] [SYSTEM_IO]: Userdata requested: Name
[21-51-33] [SYSTEM_IO]: Userdata requested: RandomBackground
[21-51-33] [SYSTEM_IO]: Userdata requested: FullScreen
[21-51-33] [SYSTEM_IO]: Userdata requested: Name
[21-51-33] [SYSTEM_IO]: Userdata requested: Foreground
[21-51-33] [SYSTEM_IO]: Userdata requested: Foreground
[21-51-33] [SYSTEM_IO]: Userdata requested: FullScreen
[21-51-33] [SYSTEM_IO]: Userdata requested: FullScreen
[21-51-33] [SYSTEM_IO]: Userdata requested: Foreground
[21-51-33] [SYSTEM_IO]: Userdata requested: Font
[21-51-34] [SYSTEM_IO]: Userdata requested: OutputBorder
[21-51-34] [SYSTEM_IO]: Userdata requested: FullScreen
[21-51-34] [SYSTEM_IO]: Userdata requested: InputBorder
[21-51-34] [SYSTEM_IO]: Userdata requested: Foreground
[21-51-34] [SYSTEM_IO]: Userdata requested: Foreground
[21-51-34] [SYSTEM_IO]: Userdata requested: Foreground
[21-51-34] [SYSTEM_IO]: Userdata requested: Font
[21-51-34] [SYSTEM_IO]: Userdata requested: OutputFill
[21-51-34] [SYSTEM_IO]: Userdata requested: InputFill
[21-51-34] [ACTION]: CyderFrame disposed with fastclose: true, CyderFrame: Component name = [cyder.ui.CyderFrame], bounds = [(980, 396, 600, 600)], hash = [1852463587], parentFrame = [Object itself is the top level frame], associated text = [No getText() method found], tooltip text = [No getTooltipText() method found], title = [Cyder Splash]
[21-51-34] [ACTION]: Console loaded in 4364ms
[21-51-34] [SYSTEM_IO]: Userdata requested: DebugWindows
[21-51-34] [ENTRY]: [TESTING MODE]
[21-51-34] [SYSTEM_IO]: Userdata requested: laststart
[21-51-34] [SYSTEM_IO]: Userdata requested: IntroMusic
[21-51-34] [ACTION]: [Stellar Cyder [Nathan]] [NOTIFICATION] Console loaded in 4364ms
[21-51-34] [SYSTEM_IO]: Userdata requested: persistentnotifications
[21-51-35] [CLIENT]: calculator
[21-51-35] [SYSTEM_IO]: Userdata requested: filterchat
[21-51-35]
[21-51-36] [CONSOLE_OUT]: [STRING] Opening widget: cyder.widgets.CalculatorWidget
[21-51-45] [ACTION]: Component name = [cyder.ui.DragLabel], bounds = [(2, 2, 396, 28)], hash = [1711129652], parentFrame = [Calculator], associated text = [No getText() method found], tooltip text = [No getTooltipText() method found], title = [No getTitle() method found]
[21-51-45] [ACTION]: CyderFrame disposed with fastclose: false, CyderFrame: Component name = [cyder.ui.CyderFrame], bounds = [(1073, 449, 400, 595)], hash = [1006071827], parentFrame = [Object itself is the top level frame], associated text = [No getText() method found], tooltip text = [No getTooltipText() method found], title = [Calculator]
[21-51-45] [SYSTEM_IO]: Userdata requested: closeanimation
[21-51-47] [SYSTEM_IO]: Userdata requested: minimizeonclose
[21-51-47] [SYSTEM_IO]: Userdata requested: Name
[21-51-47] [LOGOUT]: [Nathan]
[21-51-47] [ACTION]: CyderFrame disposed with fastclose: false, CyderFrame: Component name = [cyder.ui.ConsoleFrame], bounds = [(1449, 311, 1029, 675)], hash = [1263668904], parentFrame = [Object itself is the top level frame], associated text = [No getText() method found], tooltip text = [No getTooltipText() method found], title = [Stellar Cyder [Nathan]]
[21-51-47] [SYSTEM_IO]: Userdata requested: closeanimation
[21-51-48] [EXIT]: [RUNTIME] 18s
[21-51-48] [EOL]: Log completed, exiting Cyder with exit code: 25 [Genesis Controlled Exit], exceptions thrown: 0
