[18-04-14] [JVM_ENTRY]: [Nathan]
[18-04-14] [THREAD STARTED]: Object Creation Logger
[18-04-14] [THREAD STARTED]: Watchdog Initializer
[18-04-14] [THREAD STARTED]: Singular Cyder Instance Ensurer
[18-04-15] [FONT LOADED]: font name = agency-fb
[18-04-15] [FONT LOADED]: font name = arial-black
[18-04-15] [FONT LOADED]: font name = beyno
[18-04-15] [FONT LOADED]: font name = darling-in-paris
[18-04-15] [FONT LOADED]: font name = Prompt-Bold
[18-04-15] [FONT LOADED]: font name = segoe-ui-black
[18-04-15] [FONT LOADED]: font name = tahoma
[18-04-15] [THREAD STARTED]: Splash Loader
[18-04-15] [THREAD STARTED]: Splash Animation
[18-04-15] [THREAD STARTED]: Cyder Start Secondary Subroutines
[18-04-15] [LOGIN]: [AUTOCYPHER ATTEMPT]
[18-04-15] [THREAD STARTED]: JVM Args Logger
[18-04-15] [SYSTEM_IO]: Requested deletion of: C:\Users\Nathan\Documents\IntelliJava\Cyder\dynamic\tmp
[18-04-16] [SYSTEM_IO]: [JSON WRITE] [Levenshtein = 1] User was written to file: 7d7ebb00-81fe-329f-8a78-62f463d0b7da
           \Userdata.json
[18-04-16] [SYSTEM_IO]: Requested deletion of: C:\Users\Nathan\Documents\IntelliJava\Cyder\dynamic\backup\7d7ebb00-81fe-
           329f-8a78-62f463d0b7da_1648163029108.json
[18-04-16] [LOGIN]: [AUTOCYPHER PASS, 7d7ebb00-81fe-329f-8a78-62f463d0b7da]
[18-04-17] [OBJECT CREATION]: Objects created since last delta (5s): 63
[18-04-17] [THREAD STARTED]: Cyder Watchdog
[18-04-17] [SYSTEM_IO]: [JSON WRITE] [Levenshtein = 0] User was written to file: 7d7ebb00-81fe-329f-8a78-62f463d0b7da
           \Userdata.json
[18-04-17] [SYSTEM_IO]: Requested deletion of: C:\Users\Nathan\Documents\IntelliJava\Cyder\dynamic\backup\7d7ebb00-81fe-
           329f-8a78-62f463d0b7da_1648163056172.json
[18-04-17] [SYSTEM_IO]: Userdata requested: RandomBackground
[18-04-17] [SYSTEM_IO]: Userdata requested: FullScreen [4x]
[18-04-17] [THREAD STARTED]: Console Printing Animation
[18-04-17] [SYSTEM_IO]: Userdata requested: OutputBorder
[18-04-17] [SYSTEM_IO]: Userdata requested: FullScreen
[18-04-17] [SYSTEM_IO]: Userdata requested: InputBorder
[18-04-17] [THREAD STARTED]: Console Input Caret Position Updater
[18-04-17] [SYSTEM_IO]: Userdata requested: OutputFill
[18-04-17] [SYSTEM_IO]: Userdata requested: InputFill
[18-04-17] [THREAD STARTED]: High Ping Checker
[18-04-17] [THREAD STARTED]: Hourly Chime Checker
[18-04-17] [THREAD STARTED]: Console Clock Updater
[18-04-17] [THREAD STARTED]: Cyder Busy Checker
[18-04-17] [THREAD STARTED]: ConsoleFrame Stat Saver
[18-04-18] [UI ACTION]: Console loaded in 4145ms
[18-04-18] [THREAD STARTED]: Component = ConsoleFrame (inner), hash = 1358857082, bounds = (1301, 373, 896, 600), parent 
           frame = Component is top frame, getTitle() = Insomnia Cyder [Nathan] notification queue checker
[18-04-18] [THREAD STARTED]: [Cyder Splash]  dispose() animation thread
[18-04-18] [UI ACTION]: CyderFrame disposed with fastclose: true, Component = CyderFrame, hash = 161031568, bounds =
           (980, 396, 600, 600), parent frame = Component is top frame, getTitle() = Cyder Splash
[18-04-18] [SYSTEM_IO]: Userdata requested: DebugWindows
[18-04-18] [CONSOLE LOADED]: [Nathan] [TESTING MODE]
[18-04-18] [UI ACTION]: [Insomnia Cyder [Nathan]] [NOTIFICATION] w = 286, h = 29, text = <html>Console loaded in 4145ms</html>
[18-04-18] [THREAD STATUS POLLED]: name = AWT-EventQueue-0 in RUNNABLE state; incrementing watchdog counter
[18-04-18] [THREAD STARTED]: notification appear animation
[18-04-18] [SYSTEM_IO]: Userdata requested: persistentnotifications
[18-04-18] [THREAD STARTED]: Notificaiton Vanish Animator
[18-04-18] [THREAD STARTED]: [Pathfinding Visualizer]  finalizeAndShow
[18-04-18] [SYSTEM_IO]: Userdata requested: laststart
[18-04-18] [SYSTEM_IO]: [JSON WRITE] [Levenshtein = 6] User was written to file: 7d7ebb00-81fe-329f-8a78-62f463d0b7da
           \Userdata.json
[18-04-18] [SYSTEM_IO]: Requested deletion of: C:\Users\Nathan\Documents\IntelliJava\Cyder\dynamic\backup\7d7ebb00-81fe-
           329f-8a78-62f463d0b7da_1648163057292.json
[18-04-20] [THREAD STATUS POLLED]: name = AWT-EventQueue-0 in RUNNABLE state; incrementing watchdog counter [2x]
[18-04-20] [SYSTEM_IO]: [JSON WRITE] [Levenshtein = 0] User was written to file: 7d7ebb00-81fe-329f-8a78-62f463d0b7da
           \Userdata.json
[18-04-20] [SYSTEM_IO]: Requested deletion of: C:\Users\Nathan\Documents\IntelliJava\Cyder\dynamic\backup\7d7ebb00-81fe-
           329f-8a78-62f463d0b7da_1648163058478.json
[18-04-21] [THREAD STATUS POLLED]: name = AWT-EventQueue-0 in RUNNABLE state; incrementing watchdog counter
[18-04-22] [UI ACTION]: Component = CyderCheckbox, hash = 1760877034, bounds = (310, 920, 50, 50), parent frame =
           Pathfinding Visualizer
[18-04-22] [OBJECT CREATION]: Objects created since last delta (5s): 227
[18-04-22] [THREAD STATUS POLLED]: name = AWT-EventQueue-0 in RUNNABLE state; incrementing watchdog counter
[18-04-22] [UI ACTION]: Component = CyderCheckbox, hash = 1700492540, bounds = (240, 920, 50, 50), parent frame =
           Pathfinding Visualizer
[18-04-22] [UI ACTION]: Component = CyderCheckbox, hash = 686409075, bounds = (150, 920, 50, 50), parent frame =
           Pathfinding Visualizer
[18-04-23] [UI ACTION]: Component = CyderCheckbox, hash = 1243167488, bounds = (220, 1000, 50, 50), parent frame =
           Pathfinding Visualizer
[18-04-23] [THREAD STATUS POLLED]: name = AWT-EventQueue-0 in RUNNABLE state; incrementing watchdog counter
[18-04-23] [THREAD STARTED]: component right thread
[18-04-23] [UI ACTION]: Component = CyderButton, hash = 571260981, bounds = (200, 10, 190, 30), parent frame = Pathfindi
           ng Visualizer, getText() = Dijkstras
[18-04-24] [THREAD STARTED]: component right thread
[18-04-24] [UI ACTION]: Component = CyderButton, hash = 246126033, bounds = (145, 10, 135, 30), parent frame = Pathfindi
           ng Visualizer, getText() = Euclidean
[18-04-24] [THREAD STATUS POLLED]: name = AWT-EventQueue-0 in RUNNABLE state; incrementing watchdog counter
[18-04-24] [SYSTEM_IO]: [JSON WRITE] [Levenshtein = 0] User was written to file: 7d7ebb00-81fe-329f-8a78-62f463d0b7da
           \Userdata.json
[18-04-24] [SYSTEM_IO]: Requested deletion of: C:\Users\Nathan\Documents\IntelliJava\Cyder\dynamic\backup\7d7ebb00-81fe-
           329f-8a78-62f463d0b7da_1648163060971.json
[18-04-25] [THREAD STATUS POLLED]: name = AWT-EventQueue-0 in RUNNABLE state; incrementing watchdog counter
[18-04-26] [UI ACTION]: Component = CyderButton, hash = 1989042498, bounds = (400, 940, 170, 40), parent frame =
           Pathfinding Visualizer, getText() = Stop
[18-04-26] [THREAD STATUS POLLED]: name = AWT-EventQueue-0 in RUNNABLE state; incrementing watchdog counter
[18-04-27] [OBJECT CREATION]: Objects created since last delta (5s): 1
[18-04-27] [THREAD STATUS POLLED]: name = AWT-EventQueue-0 in RUNNABLE state; incrementing watchdog counter
[18-04-27] [UI ACTION]: Component = CyderButton, hash = 1989042498, bounds = (400, 940, 170, 40), parent frame =
           Pathfinding Visualizer, getText() = Stop
[18-04-28] [THREAD STATUS POLLED]: name = AWT-EventQueue-0 in RUNNABLE state; incrementing watchdog counter
[18-04-28] [SYSTEM_IO]: [JSON WRITE] [Levenshtein = 0] User was written to file: 7d7ebb00-81fe-329f-8a78-62f463d0b7da
           \Userdata.json
[18-04-28] [SYSTEM_IO]: Requested deletion of: C:\Users\Nathan\Documents\IntelliJava\Cyder\dynamic\backup\7d7ebb00-81fe-
           329f-8a78-62f463d0b7da_1648163064695.json
[18-04-29] [THREAD STATUS POLLED]: name = AWT-EventQueue-0 in RUNNABLE state; incrementing watchdog counter
[18-04-29] [UI ACTION]: Component = CyderButton, hash = 1989042498, bounds = (400, 940, 170, 40), parent frame =
           Pathfinding Visualizer, getText() = Stop
[18-04-30] [THREAD STATUS POLLED]: name = AWT-EventQueue-0 in RUNNABLE state; incrementing watchdog counter
[18-04-31] [THREAD STARTED]: component left thread [2x]
[18-04-31] [UI ACTION]: Component = CyderButton, hash = 1529268843, bounds = (400, 890, 170, 40), parent frame =
           Pathfinding Visualizer, getText() = Reset
[18-04-31] [THREAD STATUS POLLED]: name = AWT-EventQueue-0 in RUNNABLE state; incrementing watchdog counter
[18-04-32] [OBJECT CREATION]: Objects created since last delta (5s): 35
[18-04-32] [SYSTEM_IO]: [JSON WRITE] [Levenshtein = 0] User was written to file: 7d7ebb00-81fe-329f-8a78-62f463d0b7da
           \Userdata.json
[18-04-32] [SYSTEM_IO]: Requested deletion of: C:\Users\Nathan\Documents\IntelliJava\Cyder\dynamic\backup\7d7ebb00-81fe-
           329f-8a78-62f463d0b7da_1648163068491.json
[18-04-32] [THREAD STATUS POLLED]: name = AWT-EventQueue-0 in RUNNABLE state; incrementing watchdog counter
[18-04-33] [UI ACTION]: Component = CyderButton, hash = 1529268843, bounds = (400, 890, 170, 40), parent frame =
           Pathfinding Visualizer, getText() = Reset
[18-04-34] [THREAD STATUS POLLED]: name = AWT-EventQueue-0 in RUNNABLE state; incrementing watchdog counter [2x]
[18-04-34] [UI ACTION]: Component = CyderDragLabel, hash = -14107013, bounds = (2, 2, 996, 28), parent frame = Pathfindi
           ng Visualizer
[18-04-34] [THREAD STARTED]: [Pathfinding Visualizer]  dispose() animation thread
[18-04-34] [UI ACTION]: CyderFrame disposed with fastclose: false, Component = CyderFrame, hash = 1615296757, bounds =
           (1249, 138, 1000, 1070), parent frame = Component is top frame, getTitle() = Pathfinding Visualizer
[18-04-34] [SYSTEM_IO]: Userdata requested: closeanimation
[18-04-36] [SYSTEM_IO]: [JSON WRITE] [Levenshtein = 0] User was written to file: 7d7ebb00-81fe-329f-8a78-62f463d0b7da
           \Userdata.json
[18-04-36] [SYSTEM_IO]: Requested deletion of: C:\Users\Nathan\Documents\IntelliJava\Cyder\dynamic\backup\7d7ebb00-81fe-
           329f-8a78-62f463d0b7da_1648163072251.json
[18-04-36] [CLIENT]: path
[18-04-36] [SYSTEM_IO]: Userdata requested: filterchat
[18-04-36] [THREAD STARTED]: [Pathfinding Visualizer]  dispose() animation thread
[18-04-36] [CONSOLE_OUT]: [STRING] Opening widget: PathFinderWidget
[18-04-36] [THREAD STARTED]: [Pathfinding Visualizer]  finalizeAndShow
[18-04-36] [WIDGET OPENED]: PathFinderWidget, trigger = path
[18-04-36] [HANDLE]: PRIMARY HANDLE
[18-04-36] [THREAD STATUS POLLED]: name = AWT-EventQueue-0 in RUNNABLE state; incrementing watchdog counter
[18-04-37] [OBJECT CREATION]: Objects created since last delta (5s): 215
[18-04-39] [THREAD STATUS POLLED]: name = AWT-EventQueue-0 in RUNNABLE state; incrementing watchdog counter [3x]
[18-04-39] [SYSTEM_IO]: [JSON WRITE] [Levenshtein = 0] User was written to file: 7d7ebb00-81fe-329f-8a78-62f463d0b7da
           \Userdata.json
[18-04-39] [SYSTEM_IO]: Requested deletion of: C:\Users\Nathan\Documents\IntelliJava\Cyder\dynamic\backup\7d7ebb00-81fe-
           329f-8a78-62f463d0b7da_1648163076028.json
[18-04-40] [THREAD STATUS POLLED]: name = AWT-EventQueue-0 in RUNNABLE state; incrementing watchdog counter
[18-04-40] [UI ACTION]: Component = CyderButton, hash = 351337168, bounds = (400, 890, 170, 40), parent frame =
           Pathfinding Visualizer, getText() = Reset
[18-04-41] [THREAD STATUS POLLED]: name = AWT-EventQueue-0 in RUNNABLE state; incrementing watchdog counter
[18-04-42] [OBJECT CREATION]: Objects created since last delta (5s): 306
[18-04-42] [THREAD STATUS POLLED]: name = AWT-EventQueue-0 in RUNNABLE state; incrementing watchdog counter
[18-04-43] [SYSTEM_IO]: [JSON WRITE] [Levenshtein = 0] User was written to file: 7d7ebb00-81fe-329f-8a78-62f463d0b7da
           \Userdata.json
[18-04-43] [THREAD STATUS POLLED]: name = AWT-EventQueue-0 in RUNNABLE state; incrementing watchdog counter
[18-04-43] [SYSTEM_IO]: Requested deletion of: C:\Users\Nathan\Documents\IntelliJava\Cyder\dynamic\backup\7d7ebb00-81fe-
           329f-8a78-62f463d0b7da_1648163079675.json
[18-04-46] [THREAD STATUS POLLED]: name = AWT-EventQueue-0 in RUNNABLE state; incrementing watchdog counter [3x]
[18-04-47] [OBJECT CREATION]: Objects created since last delta (5s): 151
[18-04-47] [SYSTEM_IO]: [JSON WRITE] [Levenshtein = 0] User was written to file: 7d7ebb00-81fe-329f-8a78-62f463d0b7da
           \Userdata.json
[18-04-47] [SYSTEM_IO]: Requested deletion of: C:\Users\Nathan\Documents\IntelliJava\Cyder\dynamic\backup\7d7ebb00-81fe-
           329f-8a78-62f463d0b7da_1648163083451.json
[18-04-50] [THREAD STATUS POLLED]: name = AWT-EventQueue-0 in RUNNABLE state; incrementing watchdog counter [4x]
[18-04-51] [SYSTEM_IO]: [JSON WRITE] [Levenshtein = 0] User was written to file: 7d7ebb00-81fe-329f-8a78-62f463d0b7da
           \Userdata.json
[18-04-51] [SYSTEM_IO]: Requested deletion of: C:\Users\Nathan\Documents\IntelliJava\Cyder\dynamic\backup\7d7ebb00-81fe-
           329f-8a78-62f463d0b7da_1648163087239.json
[18-04-51] [THREAD STARTED]: component right thread
[18-04-51] [UI ACTION]: Component = CyderButton, hash = 1517029213, bounds = (145, 10, 135, 30), parent frame =
           Pathfinding Visualizer, getText() = Euclidean
[18-04-51] [THREAD STATUS POLLED]: name = AWT-EventQueue-0 in RUNNABLE state; incrementing watchdog counter
[18-04-51] [THREAD STARTED]: component right thread
[18-04-51] [UI ACTION]: Component = CyderButton, hash = 1453512530, bounds = (200, 10, 190, 30), parent frame =
           Pathfinding Visualizer, getText() = Dijkstras
[18-04-52] [OBJECT CREATION]: Objects created since last delta (5s): 247
[18-04-52] [UI ACTION]: Component = CyderCheckbox, hash = 1576220692, bounds = (310, 920, 50, 50), parent frame =
           Pathfinding Visualizer
[18-04-52] [THREAD STATUS POLLED]: name = AWT-EventQueue-0 in RUNNABLE state; incrementing watchdog counter
[18-04-52] [UI ACTION]: Component = CyderCheckbox, hash = 1971914779, bounds = (240, 920, 50, 50), parent frame =
           Pathfinding Visualizer
[18-04-52] [UI ACTION]: Component = CyderCheckbox, hash = 1817076788, bounds = (150, 920, 50, 50), parent frame =
           Pathfinding Visualizer
[18-04-53] [UI ACTION]: Component = CyderCheckbox, hash = 39568634, bounds = (220, 1000, 50, 50), parent frame =
           Pathfinding Visualizer
[18-04-53] [THREAD STATUS POLLED]: name = AWT-EventQueue-0 in RUNNABLE state; incrementing watchdog counter
[18-04-54] [THREAD STARTED]: component left thread [2x]
[18-04-54] [UI ACTION]: Component = CyderButton, hash = 351337168, bounds = (400, 890, 170, 40), parent frame =
           Pathfinding Visualizer, getText() = Reset
[18-04-54] [THREAD STATUS POLLED]: name = AWT-EventQueue-0 in RUNNABLE state; incrementing watchdog counter
[18-04-54] [SYSTEM_IO]: [JSON WRITE] [Levenshtein = 0] User was written to file: 7d7ebb00-81fe-329f-8a78-62f463d0b7da
           \Userdata.json
[18-04-54] [SYSTEM_IO]: Requested deletion of: C:\Users\Nathan\Documents\IntelliJava\Cyder\dynamic\backup\7d7ebb00-81fe-
           329f-8a78-62f463d0b7da_1648163091014.json
[18-04-56] [THREAD STATUS POLLED]: name = AWT-EventQueue-0 in RUNNABLE state; incrementing watchdog counter [2x]
[18-04-57] [OBJECT CREATION]: Objects created since last delta (5s): 1
[18-04-57] [THREAD STATUS POLLED]: name = AWT-EventQueue-0 in RUNNABLE state; incrementing watchdog counter
[18-04-58] [SYSTEM_IO]: [JSON WRITE] [Levenshtein = 0] User was written to file: 7d7ebb00-81fe-329f-8a78-62f463d0b7da
           \Userdata.json
[18-04-58] [SYSTEM_IO]: Requested deletion of: C:\Users\Nathan\Documents\IntelliJava\Cyder\dynamic\backup\7d7ebb00-81fe-
           329f-8a78-62f463d0b7da_1648163094697.json
[18-05-01] [THREAD STATUS POLLED]: name = AWT-EventQueue-0 in RUNNABLE state; incrementing watchdog counter [4x]
[18-05-02] [OBJECT CREATION]: Objects created since last delta (5s): 1
[18-05-02] [SYSTEM_IO]: [JSON WRITE] [Levenshtein = 0] User was written to file: 7d7ebb00-81fe-329f-8a78-62f463d0b7da
           \Userdata.json
[18-05-02] [SYSTEM_IO]: Requested deletion of: C:\Users\Nathan\Documents\IntelliJava\Cyder\dynamic\backup\7d7ebb00-81fe-
           329f-8a78-62f463d0b7da_1648163098482.json
[18-05-05] [THREAD STATUS POLLED]: name = AWT-EventQueue-0 in RUNNABLE state; incrementing watchdog counter [4x]
[18-05-06] [SYSTEM_IO]: [JSON WRITE] [Levenshtein = 0] User was written to file: 7d7ebb00-81fe-329f-8a78-62f463d0b7da
           \Userdata.json
[18-05-06] [SYSTEM_IO]: Requested deletion of: C:\Users\Nathan\Documents\IntelliJava\Cyder\dynamic\backup\7d7ebb00-81fe-
           329f-8a78-62f463d0b7da_1648163102394.json
[18-05-06] [THREAD STATUS POLLED]: name = AWT-EventQueue-0 in RUNNABLE state; incrementing watchdog counter
[18-05-07] [OBJECT CREATION]: Objects created since last delta (5s): 2
[18-05-09] [THREAD STATUS POLLED]: name = AWT-EventQueue-0 in RUNNABLE state; incrementing watchdog counter [3x]
[18-05-09] [SYSTEM_IO]: [JSON WRITE] [Levenshtein = 0] User was written to file: 7d7ebb00-81fe-329f-8a78-62f463d0b7da
           \Userdata.json
[18-05-09] [SYSTEM_IO]: Requested deletion of: C:\Users\Nathan\Documents\IntelliJava\Cyder\dynamic\backup\7d7ebb00-81fe-
           329f-8a78-62f463d0b7da_1648163106179.json
[18-05-11] [THREAD STATUS POLLED]: name = AWT-EventQueue-0 in RUNNABLE state; incrementing watchdog counter [2x]
[18-05-12] [OBJECT CREATION]: Objects created since last delta (5s): 1
[18-05-12] [THREAD STATUS POLLED]: name = AWT-EventQueue-0 in RUNNABLE state; incrementing watchdog counter
[18-05-13] [SYSTEM_IO]: [JSON WRITE] [Levenshtein = 0] User was written to file: 7d7ebb00-81fe-329f-8a78-62f463d0b7da
           \Userdata.json
[18-05-13] [SYSTEM_IO]: Requested deletion of: C:\Users\Nathan\Documents\IntelliJava\Cyder\dynamic\backup\7d7ebb00-81fe-
           329f-8a78-62f463d0b7da_1648163109996.json
[18-05-16] [THREAD STATUS POLLED]: name = AWT-EventQueue-0 in RUNNABLE state; incrementing watchdog counter [4x]
[18-05-17] [OBJECT CREATION]: Objects created since last delta (5s): 1
[18-05-17] [SYSTEM_IO]: [JSON WRITE] [Levenshtein = 0] User was written to file: 7d7ebb00-81fe-329f-8a78-62f463d0b7da
           \Userdata.json
[18-05-17] [SYSTEM_IO]: Requested deletion of: C:\Users\Nathan\Documents\IntelliJava\Cyder\dynamic\backup\7d7ebb00-81fe-
           329f-8a78-62f463d0b7da_1648163113766.json
[18-05-20] [THREAD STATUS POLLED]: name = AWT-EventQueue-0 in RUNNABLE state; incrementing watchdog counter [4x]
[18-05-21] [SYSTEM_IO]: [JSON WRITE] [Levenshtein = 0] User was written to file: 7d7ebb00-81fe-329f-8a78-62f463d0b7da
           \Userdata.json
[18-05-21] [SYSTEM_IO]: Requested deletion of: C:\Users\Nathan\Documents\IntelliJava\Cyder\dynamic\backup\7d7ebb00-81fe-
           329f-8a78-62f463d0b7da_1648163117564.json
[18-05-21] [THREAD STATUS POLLED]: name = AWT-EventQueue-0 in RUNNABLE state; incrementing watchdog counter
[18-05-22] [OBJECT CREATION]: Objects created since last delta (5s): 2
[18-05-24] [THREAD STATUS POLLED]: name = AWT-EventQueue-0 in RUNNABLE state; incrementing watchdog counter [3x]
[18-05-25] [SYSTEM_IO]: [JSON WRITE] [Levenshtein = 0] User was written to file: 7d7ebb00-81fe-329f-8a78-62f463d0b7da
           \Userdata.json
[18-05-25] [SYSTEM_IO]: Requested deletion of: C:\Users\Nathan\Documents\IntelliJava\Cyder\dynamic\backup\7d7ebb00-81fe-
           329f-8a78-62f463d0b7da_1648163121363.json
[18-05-26] [THREAD STATUS POLLED]: name = AWT-EventQueue-0 in RUNNABLE state; incrementing watchdog counter [2x]
[18-05-27] [OBJECT CREATION]: Objects created since last delta (5s): 1
[18-05-28] [THREAD STATUS POLLED]: name = AWT-EventQueue-0 in RUNNABLE state; incrementing watchdog counter [2x]
[18-05-28] [SYSTEM_IO]: [JSON WRITE] [Levenshtein = 0] User was written to file: 7d7ebb00-81fe-329f-8a78-62f463d0b7da
           \Userdata.json
[18-05-28] [SYSTEM_IO]: Requested deletion of: C:\Users\Nathan\Documents\IntelliJava\Cyder\dynamic\backup\7d7ebb00-81fe-
           329f-8a78-62f463d0b7da_1648163125139.json
[18-05-31] [THREAD STATUS POLLED]: name = AWT-EventQueue-0 in RUNNABLE state; incrementing watchdog counter [3x]
[18-05-32] [OBJECT CREATION]: Objects created since last delta (5s): 1
[18-05-32] [SYSTEM_IO]: [JSON WRITE] [Levenshtein = 0] User was written to file: 7d7ebb00-81fe-329f-8a78-62f463d0b7da
           \Userdata.json
[18-05-32] [SYSTEM_IO]: Requested deletion of: C:\Users\Nathan\Documents\IntelliJava\Cyder\dynamic\backup\7d7ebb00-81fe-
           329f-8a78-62f463d0b7da_1648163128920.json
[18-05-35] [THREAD STATUS POLLED]: name = AWT-EventQueue-0 in RUNNABLE state; incrementing watchdog counter [4x]
[18-05-36] [SYSTEM_IO]: [JSON WRITE] [Levenshtein = 0] User was written to file: 7d7ebb00-81fe-329f-8a78-62f463d0b7da
           \Userdata.json
[18-05-36] [SYSTEM_IO]: Requested deletion of: C:\Users\Nathan\Documents\IntelliJava\Cyder\dynamic\backup\7d7ebb00-81fe-
           329f-8a78-62f463d0b7da_1648163132740.json
[18-05-36] [THREAD STATUS POLLED]: name = AWT-EventQueue-0 in RUNNABLE state; incrementing watchdog counter
[18-05-37] [OBJECT CREATION]: Objects created since last delta (5s): 2
[18-05-39] [THREAD STATUS POLLED]: name = AWT-EventQueue-0 in RUNNABLE state; incrementing watchdog counter [3x]
[18-05-40] [SYSTEM_IO]: [JSON WRITE] [Levenshtein = 0] User was written to file: 7d7ebb00-81fe-329f-8a78-62f463d0b7da
           \Userdata.json
[18-05-40] [SYSTEM_IO]: Requested deletion of: C:\Users\Nathan\Documents\IntelliJava\Cyder\dynamic\backup\7d7ebb00-81fe-
           329f-8a78-62f463d0b7da_1648163136530.json
[18-05-41] [THREAD STATUS POLLED]: name = AWT-EventQueue-0 in RUNNABLE state; incrementing watchdog counter [2x]
[18-05-42] [OBJECT CREATION]: Objects created since last delta (5s): 1
[18-05-43] [THREAD STATUS POLLED]: name = AWT-EventQueue-0 in RUNNABLE state; incrementing watchdog counter [2x]
[18-05-44] [SYSTEM_IO]: [JSON WRITE] [Levenshtein = 0] User was written to file: 7d7ebb00-81fe-329f-8a78-62f463d0b7da
           \Userdata.json
[18-05-44] [SYSTEM_IO]: Requested deletion of: C:\Users\Nathan\Documents\IntelliJava\Cyder\dynamic\backup\7d7ebb00-81fe-
           329f-8a78-62f463d0b7da_1648163140330.json
[18-05-46] [THREAD STATUS POLLED]: name = AWT-EventQueue-0 in RUNNABLE state; incrementing watchdog counter [3x]
[18-05-47] [OBJECT CREATION]: Objects created since last delta (5s): 1
[18-05-47] [SYSTEM_IO]: [JSON WRITE] [Levenshtein = 0] User was written to file: 7d7ebb00-81fe-329f-8a78-62f463d0b7da
           \Userdata.json
[18-05-47] [SYSTEM_IO]: Requested deletion of: C:\Users\Nathan\Documents\IntelliJava\Cyder\dynamic\backup\7d7ebb00-81fe-
           329f-8a78-62f463d0b7da_1648163144138.json
[18-05-51] [THREAD STATUS POLLED]: name = AWT-EventQueue-0 in RUNNABLE state; incrementing watchdog counter [4x]
[18-05-51] [SYSTEM_IO]: [JSON WRITE] [Levenshtein = 0] User was written to file: 7d7ebb00-81fe-329f-8a78-62f463d0b7da
           \Userdata.json
[18-05-51] [SYSTEM_IO]: Requested deletion of: C:\Users\Nathan\Documents\IntelliJava\Cyder\dynamic\backup\7d7ebb00-81fe-
           329f-8a78-62f463d0b7da_1648163147936.json
[18-05-52] [THREAD STATUS POLLED]: name = AWT-EventQueue-0 in RUNNABLE state; incrementing watchdog counter
[18-05-52] [OBJECT CREATION]: Objects created since last delta (5s): 2
[18-05-55] [THREAD STATUS POLLED]: name = AWT-EventQueue-0 in RUNNABLE state; incrementing watchdog counter [3x]
[18-05-55] [SYSTEM_IO]: [JSON WRITE] [Levenshtein = 0] User was written to file: 7d7ebb00-81fe-329f-8a78-62f463d0b7da
           \Userdata.json
[18-05-55] [SYSTEM_IO]: Requested deletion of: C:\Users\Nathan\Documents\IntelliJava\Cyder\dynamic\backup\7d7ebb00-81fe-
           329f-8a78-62f463d0b7da_1648163151735.json
[18-05-57] [THREAD STATUS POLLED]: name = AWT-EventQueue-0 in RUNNABLE state; incrementing watchdog counter [2x]
[18-05-57] [OBJECT CREATION]: Objects created since last delta (5s): 1
[18-05-59] [THREAD STATUS POLLED]: name = AWT-EventQueue-0 in RUNNABLE state; incrementing watchdog counter [2x]
[18-05-59] [SYSTEM_IO]: [JSON WRITE] [Levenshtein = 0] User was written to file: 7d7ebb00-81fe-329f-8a78-62f463d0b7da
           \Userdata.json
[18-05-59] [SYSTEM_IO]: Requested deletion of: C:\Users\Nathan\Documents\IntelliJava\Cyder\dynamic\backup\7d7ebb00-81fe-
           329f-8a78-62f463d0b7da_1648163155525.json
[18-06-02] [THREAD STATUS POLLED]: name = AWT-EventQueue-0 in RUNNABLE state; incrementing watchdog counter [3x]
[18-06-02] [OBJECT CREATION]: Objects created since last delta (5s): 1
[18-06-03] [SYSTEM_IO]: [JSON WRITE] [Levenshtein = 0] User was written to file: 7d7ebb00-81fe-329f-8a78-62f463d0b7da
           \Userdata.json
[18-06-03] [THREAD STATUS POLLED]: name = AWT-EventQueue-0 in RUNNABLE state; incrementing watchdog counter
[18-06-03] [SYSTEM_IO]: Requested deletion of: C:\Users\Nathan\Documents\IntelliJava\Cyder\dynamic\backup\7d7ebb00-81fe-
           329f-8a78-62f463d0b7da_1648163159321.json
[18-06-06] [THREAD STATUS POLLED]: name = AWT-EventQueue-0 in RUNNABLE state; incrementing watchdog counter [3x]
[18-06-06] [SYSTEM_IO]: [JSON WRITE] [Levenshtein = 0] User was written to file: 7d7ebb00-81fe-329f-8a78-62f463d0b7da
           \Userdata.json
[18-06-06] [SYSTEM_IO]: Requested deletion of: C:\Users\Nathan\Documents\IntelliJava\Cyder\dynamic\backup\7d7ebb00-81fe-
           329f-8a78-62f463d0b7da_1648163163118.json
[18-06-07] [THREAD STATUS POLLED]: name = AWT-EventQueue-0 in RUNNABLE state; incrementing watchdog counter
[18-06-07] [OBJECT CREATION]: Objects created since last delta (5s): 2
[18-06-10] [THREAD STATUS POLLED]: name = AWT-EventQueue-0 in RUNNABLE state; incrementing watchdog counter [3x]
[18-06-10] [SYSTEM_IO]: [JSON WRITE] [Levenshtein = 0] User was written to file: 7d7ebb00-81fe-329f-8a78-62f463d0b7da
           \Userdata.json
[18-06-10] [SYSTEM_IO]: Requested deletion of: C:\Users\Nathan\Documents\IntelliJava\Cyder\dynamic\backup\7d7ebb00-81fe-
           329f-8a78-62f463d0b7da_1648163166900.json
[18-06-12] [THREAD STATUS POLLED]: name = AWT-EventQueue-0 in RUNNABLE state; incrementing watchdog counter [2x]
[18-06-12] [OBJECT CREATION]: Objects created since last delta (5s): 1
[18-06-14] [THREAD STATUS POLLED]: name = AWT-EventQueue-0 in RUNNABLE state; incrementing watchdog counter [2x]
[18-06-14] [SYSTEM_IO]: [JSON WRITE] [Levenshtein = 0] User was written to file: 7d7ebb00-81fe-329f-8a78-62f463d0b7da
           \Userdata.json
[18-06-14] [SYSTEM_IO]: Requested deletion of: C:\Users\Nathan\Documents\IntelliJava\Cyder\dynamic\backup\7d7ebb00-81fe-
           329f-8a78-62f463d0b7da_1648163170696.json
[18-06-17] [THREAD STATUS POLLED]: name = AWT-EventQueue-0 in RUNNABLE state; incrementing watchdog counter [3x]
[18-06-17] [OBJECT CREATION]: Objects created since last delta (5s): 1
[18-06-18] [THREAD STATUS POLLED]: name = AWT-EventQueue-0 in RUNNABLE state; incrementing watchdog counter
[18-06-18] [SYSTEM_IO]: [JSON WRITE] [Levenshtein = 0] User was written to file: 7d7ebb00-81fe-329f-8a78-62f463d0b7da
           \Userdata.json
[18-06-18] [SYSTEM_IO]: Requested deletion of: C:\Users\Nathan\Documents\IntelliJava\Cyder\dynamic\backup\7d7ebb00-81fe-
           329f-8a78-62f463d0b7da_1648163174473.json
[18-06-21] [THREAD STATUS POLLED]: name = AWT-EventQueue-0 in RUNNABLE state; incrementing watchdog counter [3x]
[18-06-22] [SYSTEM_IO]: [JSON WRITE] [Levenshtein = 0] User was written to file: 7d7ebb00-81fe-329f-8a78-62f463d0b7da
           \Userdata.json
[18-06-22] [SYSTEM_IO]: Requested deletion of: C:\Users\Nathan\Documents\IntelliJava\Cyder\dynamic\backup\7d7ebb00-81fe-
           329f-8a78-62f463d0b7da_1648163178255.json
[18-06-22] [THREAD STATUS POLLED]: name = AWT-EventQueue-0 in RUNNABLE state; incrementing watchdog counter
[18-06-22] [OBJECT CREATION]: Objects created since last delta (5s): 2
[18-06-25] [THREAD STATUS POLLED]: name = AWT-EventQueue-0 in RUNNABLE state; incrementing watchdog counter [3x]
[18-06-25] [SYSTEM_IO]: [JSON WRITE] [Levenshtein = 0] User was written to file: 7d7ebb00-81fe-329f-8a78-62f463d0b7da
           \Userdata.json
[18-06-25] [SYSTEM_IO]: Requested deletion of: C:\Users\Nathan\Documents\IntelliJava\Cyder\dynamic\backup\7d7ebb00-81fe-
           329f-8a78-62f463d0b7da_1648163182036.json
[18-06-27] [THREAD STATUS POLLED]: name = AWT-EventQueue-0 in RUNNABLE state; incrementing watchdog counter [2x]
[18-06-27] [OBJECT CREATION]: Objects created since last delta (5s): 1
[18-06-29] [THREAD STATUS POLLED]: name = AWT-EventQueue-0 in RUNNABLE state; incrementing watchdog counter [2x]
[18-06-29] [SYSTEM_IO]: [JSON WRITE] [Levenshtein = 0] User was written to file: 7d7ebb00-81fe-329f-8a78-62f463d0b7da
           \Userdata.json
[18-06-29] [SYSTEM_IO]: Requested deletion of: C:\Users\Nathan\Documents\IntelliJava\Cyder\dynamic\backup\7d7ebb00-81fe-
           329f-8a78-62f463d0b7da_1648163185822.json
[18-06-32] [THREAD STATUS POLLED]: name = AWT-EventQueue-0 in RUNNABLE state; incrementing watchdog counter [3x]
[18-06-32] [OBJECT CREATION]: Objects created since last delta (5s): 1
[18-06-33] [THREAD STATUS POLLED]: name = AWT-EventQueue-0 in RUNNABLE state; incrementing watchdog counter
[18-06-33] [SYSTEM_IO]: [JSON WRITE] [Levenshtein = 0] User was written to file: 7d7ebb00-81fe-329f-8a78-62f463d0b7da
           \Userdata.json
[18-06-33] [SYSTEM_IO]: Requested deletion of: C:\Users\Nathan\Documents\IntelliJava\Cyder\dynamic\backup\7d7ebb00-81fe-
           329f-8a78-62f463d0b7da_1648163189605.json
[18-06-36] [THREAD STATUS POLLED]: name = AWT-EventQueue-0 in RUNNABLE state; incrementing watchdog counter [3x]
[18-06-37] [SYSTEM_IO]: [JSON WRITE] [Levenshtein = 0] User was written to file: 7d7ebb00-81fe-329f-8a78-62f463d0b7da
           \Userdata.json
[18-06-37] [SYSTEM_IO]: Requested deletion of: C:\Users\Nathan\Documents\IntelliJava\Cyder\dynamic\backup\7d7ebb00-81fe-
           329f-8a78-62f463d0b7da_1648163193375.json
[18-06-37] [THREAD STATUS POLLED]: name = AWT-EventQueue-0 in RUNNABLE state; incrementing watchdog counter
[18-06-37] [OBJECT CREATION]: Objects created since last delta (5s): 2
[18-06-40] [THREAD STATUS POLLED]: name = AWT-EventQueue-0 in RUNNABLE state; incrementing watchdog counter [3x]
[18-06-40] [SYSTEM_IO]: [JSON WRITE] [Levenshtein = 0] User was written to file: 7d7ebb00-81fe-329f-8a78-62f463d0b7da
           \Userdata.json
[18-06-40] [SYSTEM_IO]: Requested deletion of: C:\Users\Nathan\Documents\IntelliJava\Cyder\dynamic\backup\7d7ebb00-81fe-
           329f-8a78-62f463d0b7da_1648163197155.json
[18-06-41] [THREAD STATUS POLLED]: name = AWT-EventQueue-0 in RUNNABLE state; incrementing watchdog counter
[18-06-42] [OBJECT CREATION]: Objects created since last delta (5s): 1
[18-06-44] [THREAD STATUS POLLED]: name = AWT-EventQueue-0 in RUNNABLE state; incrementing watchdog counter [3x]
[18-06-44] [SYSTEM_IO]: [JSON WRITE] [Levenshtein = 0] User was written to file: 7d7ebb00-81fe-329f-8a78-62f463d0b7da
           \Userdata.json
[18-06-44] [SYSTEM_IO]: Requested deletion of: C:\Users\Nathan\Documents\IntelliJava\Cyder\dynamic\backup\7d7ebb00-81fe-
           329f-8a78-62f463d0b7da_1648163200929.json
[18-06-46] [THREAD STATUS POLLED]: name = AWT-EventQueue-0 in RUNNABLE state; incrementing watchdog counter [2x]
[18-06-47] [OBJECT CREATION]: Objects created since last delta (5s): 1
[18-06-48] [THREAD STATUS POLLED]: name = AWT-EventQueue-0 in RUNNABLE state; incrementing watchdog counter [2x]
[18-06-48] [SYSTEM_IO]: [JSON WRITE] [Levenshtein = 0] User was written to file: 7d7ebb00-81fe-329f-8a78-62f463d0b7da
           \Userdata.json
[18-06-48] [SYSTEM_IO]: Requested deletion of: C:\Users\Nathan\Documents\IntelliJava\Cyder\dynamic\backup\7d7ebb00-81fe-
           329f-8a78-62f463d0b7da_1648163204697.json
[18-06-51] [THREAD STATUS POLLED]: name = AWT-EventQueue-0 in RUNNABLE state; incrementing watchdog counter [3x]
[18-06-52] [SYSTEM_IO]: [JSON WRITE] [Levenshtein = 0] User was written to file: 7d7ebb00-81fe-329f-8a78-62f463d0b7da
           \Userdata.json
[18-06-52] [SYSTEM_IO]: Requested deletion of: C:\Users\Nathan\Documents\IntelliJava\Cyder\dynamic\backup\7d7ebb00-81fe-
           329f-8a78-62f463d0b7da_1648163208467.json
[18-06-52] [OBJECT CREATION]: Objects created since last delta (5s): 2
[18-06-55] [THREAD STATUS POLLED]: name = AWT-EventQueue-0 in RUNNABLE state; incrementing watchdog counter [4x]
[18-06-56] [SYSTEM_IO]: [JSON WRITE] [Levenshtein = 0] User was written to file: 7d7ebb00-81fe-329f-8a78-62f463d0b7da
           \Userdata.json
[18-06-56] [SYSTEM_IO]: Requested deletion of: C:\Users\Nathan\Documents\IntelliJava\Cyder\dynamic\backup\7d7ebb00-81fe-
           329f-8a78-62f463d0b7da_1648163212246.json
[18-06-56] [THREAD STATUS POLLED]: name = AWT-EventQueue-0 in RUNNABLE state; incrementing watchdog counter
[18-06-57] [OBJECT CREATION]: Objects created since last delta (5s): 1
[18-06-59] [THREAD STATUS POLLED]: name = AWT-EventQueue-0 in RUNNABLE state; incrementing watchdog counter [3x]
[18-06-59] [SYSTEM_IO]: [JSON WRITE] [Levenshtein = 0] User was written to file: 7d7ebb00-81fe-329f-8a78-62f463d0b7da
           \Userdata.json
[18-06-59] [SYSTEM_IO]: Requested deletion of: C:\Users\Nathan\Documents\IntelliJava\Cyder\dynamic\backup\7d7ebb00-81fe-
           329f-8a78-62f463d0b7da_1648163216014.json
[18-07-01] [THREAD STATUS POLLED]: name = AWT-EventQueue-0 in RUNNABLE state; incrementing watchdog counter [2x]
[18-07-02] [OBJECT CREATION]: Objects created since last delta (5s): 1
[18-07-03] [THREAD STATUS POLLED]: name = AWT-EventQueue-0 in RUNNABLE state; incrementing watchdog counter [2x]
[18-07-03] [SYSTEM_IO]: [JSON WRITE] [Levenshtein = 0] User was written to file: 7d7ebb00-81fe-329f-8a78-62f463d0b7da
           \Userdata.json
[18-07-03] [SYSTEM_IO]: Requested deletion of: C:\Users\Nathan\Documents\IntelliJava\Cyder\dynamic\backup\7d7ebb00-81fe-
           329f-8a78-62f463d0b7da_1648163219796.json
[18-07-06] [THREAD STATUS POLLED]: name = AWT-EventQueue-0 in RUNNABLE state; incrementing watchdog counter [3x]
[18-07-07] [OBJECT CREATION]: Objects created since last delta (5s): 1
[18-07-07] [SYSTEM_IO]: [JSON WRITE] [Levenshtein = 0] User was written to file: 7d7ebb00-81fe-329f-8a78-62f463d0b7da
           \Userdata.json
[18-07-07] [SYSTEM_IO]: Requested deletion of: C:\Users\Nathan\Documents\IntelliJava\Cyder\dynamic\backup\7d7ebb00-81fe-
           329f-8a78-62f463d0b7da_1648163223610.json
[18-07-10] [THREAD STATUS POLLED]: name = AWT-EventQueue-0 in RUNNABLE state; incrementing watchdog counter [4x]
[18-07-11] [SYSTEM_IO]: [JSON WRITE] [Levenshtein = 0] User was written to file: 7d7ebb00-81fe-329f-8a78-62f463d0b7da
           \Userdata.json
[18-07-11] [SYSTEM_IO]: Requested deletion of: C:\Users\Nathan\Documents\IntelliJava\Cyder\dynamic\backup\7d7ebb00-81fe-
           329f-8a78-62f463d0b7da_1648163227432.json
[18-07-11] [THREAD STATUS POLLED]: name = AWT-EventQueue-0 in RUNNABLE state; incrementing watchdog counter
[18-07-12] [OBJECT CREATION]: Objects created since last delta (5s): 2
[18-07-14] [THREAD STATUS POLLED]: name = AWT-EventQueue-0 in RUNNABLE state; incrementing watchdog counter [3x]
[18-07-14] [SYSTEM_IO]: [JSON WRITE] [Levenshtein = 0] User was written to file: 7d7ebb00-81fe-329f-8a78-62f463d0b7da
           \Userdata.json
[18-07-15] [SYSTEM_IO]: Requested deletion of: C:\Users\Nathan\Documents\IntelliJava\Cyder\dynamic\backup\7d7ebb00-81fe-
           329f-8a78-62f463d0b7da_1648163231221.json
[18-07-16] [THREAD STATUS POLLED]: name = AWT-EventQueue-0 in RUNNABLE state; incrementing watchdog counter [2x]
[18-07-17] [OBJECT CREATION]: Objects created since last delta (5s): 1
[18-07-18] [THREAD STATUS POLLED]: name = AWT-EventQueue-0 in RUNNABLE state; incrementing watchdog counter [2x]
[18-07-18] [SYSTEM_IO]: [JSON WRITE] [Levenshtein = 0] User was written to file: 7d7ebb00-81fe-329f-8a78-62f463d0b7da
           \Userdata.json
[18-07-18] [SYSTEM_IO]: Requested deletion of: C:\Users\Nathan\Documents\IntelliJava\Cyder\dynamic\backup\7d7ebb00-81fe-
           329f-8a78-62f463d0b7da_1648163235004.json
[18-07-21] [THREAD STATUS POLLED]: name = AWT-EventQueue-0 in RUNNABLE state; incrementing watchdog counter [3x]
[18-07-22] [OBJECT CREATION]: Objects created since last delta (5s): 1
[18-07-22] [SYSTEM_IO]: [JSON WRITE] [Levenshtein = 0] User was written to file: 7d7ebb00-81fe-329f-8a78-62f463d0b7da
           \Userdata.json
[18-07-22] [SYSTEM_IO]: Requested deletion of: C:\Users\Nathan\Documents\IntelliJava\Cyder\dynamic\backup\7d7ebb00-81fe-
           329f-8a78-62f463d0b7da_1648163238774.json
[18-07-24] [THREAD STATUS POLLED]: name = AWT-EventQueue-0 in RUNNABLE state; incrementing watchdog counter [3x]
[18-07-57] [EOL]: Log completed, Cyder crashed unexpectedly: exit code: -9 External Stop, exceptions thrown: 0
