[18-22-51] [JVM_ENTRY]: [Nathan]
[18-22-52] [THREAD STARTED]: Object Creation Logger
[18-22-52] [THREAD STARTED]: Watchdog Initializer
[18-22-52] [THREAD STARTED]: Singular Cyder Instance Ensurer
[18-22-53] [FONT LOADED]: font name = agency-fb
[18-22-53] [FONT LOADED]: font name = arial-black
[18-22-53] [FONT LOADED]: font name = beyno
[18-22-53] [FONT LOADED]: font name = darling-in-paris
[18-22-53] [FONT LOADED]: font name = Prompt-Bold
[18-22-53] [FONT LOADED]: font name = segoe-ui-black
[18-22-53] [FONT LOADED]: font name = tahoma
[18-22-53] [THREAD STARTED]: Splash Loader
[18-22-53] [THREAD STARTED]: Splash Animation
[18-22-53] [THREAD STARTED]: Cyder Start Secondary Subroutines
[18-22-53] [LOGIN]: [AUTOCYPHER ATTEMPT]
[18-22-53] [THREAD STARTED]: JVM Args Logger
[18-22-53] [SYSTEM_IO]: Requested deletion of: C:\Users\Nathan\Documents\IntelliJava\Cyder\dynamic\tmp
[18-22-53] [SYSTEM_IO]: [JSON WRITE] [Levenshtein = 1] User was written to file: 7d7ebb00-81fe-329f-8a78-62f463d0b7da
           \Userdata.json
[18-22-53] [SYSTEM_IO]: Requested deletion of: C:\Users\Nathan\Documents\IntelliJava\Cyder\dynamic\backup\7d7ebb00-81fe-
           329f-8a78-62f463d0b7da_1648164148686.json
[18-22-54] [LOGIN]: [AUTOCYPHER PASS, 7d7ebb00-81fe-329f-8a78-62f463d0b7da]
[18-22-54] [SYSTEM_IO]: [JSON WRITE] [Levenshtein = 0] User was written to file: 7d7ebb00-81fe-329f-8a78-62f463d0b7da
           \Userdata.json
[18-22-54] [SYSTEM_IO]: Requested deletion of: C:\Users\Nathan\Documents\IntelliJava\Cyder\dynamic\backup\7d7ebb00-81fe-
           329f-8a78-62f463d0b7da_1648164173944.json
[18-22-54] [SYSTEM_IO]: Userdata requested: RandomBackground
[18-22-54] [SYSTEM_IO]: Userdata requested: FullScreen [3x]
[18-22-55] [OBJECT CREATION]: Objects created since last delta (5s): 84
[18-22-55] [SYSTEM_IO]: Userdata requested: FullScreen
[18-22-55] [THREAD STARTED]: Console Printing Animation
[18-22-55] [SYSTEM_IO]: Userdata requested: OutputBorder
[18-22-55] [SYSTEM_IO]: Userdata requested: FullScreen
[18-22-55] [SYSTEM_IO]: Userdata requested: InputBorder
[18-22-55] [THREAD STARTED]: Console Input Caret Position Updater
[18-22-55] [THREAD STARTED]: Cyder Watchdog
[18-22-55] [SYSTEM_IO]: Userdata requested: OutputFill
[18-22-55] [SYSTEM_IO]: Userdata requested: InputFill
[18-22-55] [THREAD STARTED]: High Ping Checker
[18-22-55] [THREAD STARTED]: Hourly Chime Checker
[18-22-55] [THREAD STARTED]: Console Clock Updater
[18-22-55] [THREAD STARTED]: Cyder Busy Checker
[18-22-55] [THREAD STARTED]: ConsoleFrame Stat Saver
[18-22-55] [UI ACTION]: Console loaded in 3444ms
[18-22-55] [THREAD STARTED]: Component = ConsoleFrame (inner), hash = 979550238, bounds = (1574, 170, 896, 600), parent
           frame = Component is top frame, getTitle() = Insomnia Cyder [Nathan] notification queue checker
[18-22-55] [THREAD STARTED]: [Cyder Splash]  dispose() animation thread
[18-22-55] [UI ACTION]: CyderFrame disposed with fastclose: true, Component = CyderFrame, hash = 534275072, bounds =
           (980, 396, 600, 600), parent frame = Component is top frame, getTitle() = Cyder Splash
[18-22-55] [SYSTEM_IO]: Userdata requested: DebugWindows
[18-22-55] [CONSOLE LOADED]: [Nathan] [TESTING MODE]
[18-22-55] [UI ACTION]: [Insomnia Cyder [Nathan]] [NOTIFICATION] w = 289, h = 29, text = <html>Console loaded in 3444ms</html>
[18-22-55] [THREAD STARTED]: notification appear animation
[18-22-55] [THREAD STARTED]: [Pathfinding Visualizer]  finalizeAndShow
[18-22-55] [SYSTEM_IO]: Userdata requested: laststart
[18-22-55] [SYSTEM_IO]: [JSON WRITE] [Levenshtein = 5] User was written to file: 7d7ebb00-81fe-329f-8a78-62f463d0b7da
           \Userdata.json
[18-22-55] [SYSTEM_IO]: Userdata requested: persistentnotifications
[18-22-55] [THREAD STARTED]: Notificaiton Vanish Animator
[18-22-55] [SYSTEM_IO]: Requested deletion of: C:\Users\Nathan\Documents\IntelliJava\Cyder\dynamic\backup\7d7ebb00-81fe-
           329f-8a78-62f463d0b7da_1648164174750.json
[18-22-58] [THREAD STATUS POLLED]: name = AWT-EventQueue-0 in RUNNABLE state; incrementing watchdog counter [3x]
[18-22-58] [SYSTEM_IO]: [JSON WRITE] [Levenshtein = 0] User was written to file: 7d7ebb00-81fe-329f-8a78-62f463d0b7da
           \Userdata.json
[18-22-58] [SYSTEM_IO]: Requested deletion of: C:\Users\Nathan\Documents\IntelliJava\Cyder\dynamic\backup\7d7ebb00-81fe-
           329f-8a78-62f463d0b7da_1648164175631.json
[18-22-59] [THREAD STATUS POLLED]: name = AWT-EventQueue-0 in RUNNABLE state; incrementing watchdog counter
[18-23-00] [OBJECT CREATION]: Objects created since last delta (5s): 65
[18-23-01] [THREAD STATUS POLLED]: name = AWT-EventQueue-0 in RUNNABLE state; incrementing watchdog counter [2x]
[18-23-01] [SYSTEM_IO]: [JSON WRITE] [Levenshtein = 0] User was written to file: 7d7ebb00-81fe-329f-8a78-62f463d0b7da
           \Userdata.json
[18-23-02] [SYSTEM_IO]: Requested deletion of: C:\Users\Nathan\Documents\IntelliJava\Cyder\dynamic\backup\7d7ebb00-81fe-
           329f-8a78-62f463d0b7da_1648164178245.json
[18-23-03] [THREAD STATUS POLLED]: name = AWT-EventQueue-0 in RUNNABLE state; incrementing watchdog counter [2x]
[18-23-03] [UI ACTION]: Component = CyderCheckbox, hash = 1201283551, bounds = (150, 1000, 50, 50), parent frame =
           Pathfinding Visualizer
[18-23-04] [THREAD STATUS POLLED]: name = AWT-EventQueue-0 in RUNNABLE state; incrementing watchdog counter
[18-23-05] [OBJECT CREATION]: Objects created since last delta (5s): 63
[18-23-05] [THREAD STATUS POLLED]: name = AWT-EventQueue-0 in RUNNABLE state; incrementing watchdog counter
[18-23-05] [SYSTEM_IO]: [JSON WRITE] [Levenshtein = 0] User was written to file: 7d7ebb00-81fe-329f-8a78-62f463d0b7da
           \Userdata.json
[18-23-05] [SYSTEM_IO]: Requested deletion of: C:\Users\Nathan\Documents\IntelliJava\Cyder\dynamic\backup\7d7ebb00-81fe-
           329f-8a78-62f463d0b7da_1648164182007.json
[18-23-07] [THREAD STATUS POLLED]: name = AWT-EventQueue-0 in RUNNABLE state; incrementing watchdog counter [2x]
[18-23-08] [UI ACTION]: Component = CyderCheckbox, hash = 1201283551, bounds = (150, 1000, 50, 50), parent frame =
           Pathfinding Visualizer
[18-23-09] [THREAD STATUS POLLED]: name = AWT-EventQueue-0 in RUNNABLE state; incrementing watchdog counter [2x]
[18-23-09] [SYSTEM_IO]: [JSON WRITE] [Levenshtein = 0] User was written to file: 7d7ebb00-81fe-329f-8a78-62f463d0b7da
           \Userdata.json
[18-23-09] [SYSTEM_IO]: Requested deletion of: C:\Users\Nathan\Documents\IntelliJava\Cyder\dynamic\backup\7d7ebb00-81fe-
           329f-8a78-62f463d0b7da_1648164185807.json
[18-23-10] [OBJECT CREATION]: Objects created since last delta (5s): 60
[18-23-10] [THREAD STATUS POLLED]: name = AWT-EventQueue-0 in RUNNABLE state; incrementing watchdog counter
[18-23-10] [UI ACTION]: Component = CyderCheckbox, hash = 1201283551, bounds = (150, 1000, 50, 50), parent frame =
           Pathfinding Visualizer
[18-23-13] [THREAD STATUS POLLED]: name = AWT-EventQueue-0 in RUNNABLE state; incrementing watchdog counter [3x]
[18-23-13] [SYSTEM_IO]: [JSON WRITE] [Levenshtein = 0] User was written to file: 7d7ebb00-81fe-329f-8a78-62f463d0b7da
           \Userdata.json
[18-23-13] [SYSTEM_IO]: Requested deletion of: C:\Users\Nathan\Documents\IntelliJava\Cyder\dynamic\backup\7d7ebb00-81fe-
           329f-8a78-62f463d0b7da_1648164189598.json
[18-23-14] [THREAD STATUS POLLED]: name = AWT-EventQueue-0 in RUNNABLE state; incrementing watchdog counter
[18-23-15] [UI ACTION]: Component = CyderCheckbox, hash = 1201283551, bounds = (150, 1000, 50, 50), parent frame =
           Pathfinding Visualizer
[18-23-15] [OBJECT CREATION]: Objects created since last delta (5s): 130
[18-23-16] [THREAD STATUS POLLED]: name = AWT-EventQueue-0 in RUNNABLE state; incrementing watchdog counter [2x]
[18-23-17] [SYSTEM_IO]: [JSON WRITE] [Levenshtein = 0] User was written to file: 7d7ebb00-81fe-329f-8a78-62f463d0b7da
           \Userdata.json
[18-23-17] [SYSTEM_IO]: Requested deletion of: C:\Users\Nathan\Documents\IntelliJava\Cyder\dynamic\backup\7d7ebb00-81fe-
           329f-8a78-62f463d0b7da_1648164193398.json
[18-23-17] [UI ACTION]: Component = CyderCheckbox, hash = 1201283551, bounds = (150, 1000, 50, 50), parent frame =
           Pathfinding Visualizer
[18-23-19] [THREAD STATUS POLLED]: name = AWT-EventQueue-0 in RUNNABLE state; incrementing watchdog counter [3x]
[18-23-19] [UI ACTION]: Component = CyderCheckbox, hash = 1201283551, bounds = (150, 1000, 50, 50), parent frame =
           Pathfinding Visualizer
[18-23-20] [OBJECT CREATION]: Objects created since last delta (5s): 69
[18-23-20] [THREAD STATUS POLLED]: name = AWT-EventQueue-0 in RUNNABLE state; incrementing watchdog counter
[18-23-20] [SYSTEM_IO]: [JSON WRITE] [Levenshtein = 0] User was written to file: 7d7ebb00-81fe-329f-8a78-62f463d0b7da
           \Userdata.json
[18-23-20] [SYSTEM_IO]: Requested deletion of: C:\Users\Nathan\Documents\IntelliJava\Cyder\dynamic\backup\7d7ebb00-81fe-
           329f-8a78-62f463d0b7da_1648164197193.json
[18-23-20] [UI ACTION]: Component = CyderCheckbox, hash = 1490459025, bounds = (220, 1000, 50, 50), parent frame =
           Pathfinding Visualizer
[18-23-24] [THREAD STATUS POLLED]: name = AWT-EventQueue-0 in RUNNABLE state; incrementing watchdog counter [4x]
[18-23-24] [SYSTEM_IO]: [JSON WRITE] [Levenshtein = 0] User was written to file: 7d7ebb00-81fe-329f-8a78-62f463d0b7da
           \Userdata.json
[18-23-24] [SYSTEM_IO]: Requested deletion of: C:\Users\Nathan\Documents\IntelliJava\Cyder\dynamic\backup\7d7ebb00-81fe-
           329f-8a78-62f463d0b7da_1648164200968.json
[18-23-25] [OBJECT CREATION]: Objects created since last delta (5s): 191
[18-23-26] [THREAD STATUS POLLED]: name = AWT-EventQueue-0 in RUNNABLE state; incrementing watchdog counter [2x]
[18-24-42] [EOL]: Log completed, Cyder crashed unexpectedly: exit code: -9 External Stop, exceptions thrown: 0
