[18-21-55] [JVM_ENTRY]: [Nathan]
[18-21-55] [THREAD STARTED]: Object Creation Logger
[18-21-55] [THREAD STARTED]: Watchdog Initializer
[18-21-55] [THREAD STARTED]: Singular Cyder Instance Ensurer
[18-21-56] [FONT LOADED]: font name = agency-fb
[18-21-56] [FONT LOADED]: font name = arial-black
[18-21-56] [FONT LOADED]: font name = beyno
[18-21-56] [FONT LOADED]: font name = darling-in-paris
[18-21-56] [FONT LOADED]: font name = Prompt-Bold
[18-21-56] [FONT LOADED]: font name = segoe-ui-black
[18-21-56] [FONT LOADED]: font name = tahoma
[18-21-56] [THREAD STARTED]: Splash Loader
[18-21-56] [THREAD STARTED]: Splash Animation
[18-21-57] [THREAD STARTED]: Cyder Start Secondary Subroutines
[18-21-57] [LOGIN]: [AUTOCYPHER ATTEMPT]
[18-21-57] [THREAD STARTED]: JVM Args Logger
[18-21-57] [SYSTEM_IO]: Requested deletion of: C:\Users\Nathan\Documents\IntelliJava\Cyder\dynamic\tmp
[18-21-57] [SYSTEM_IO]: [JSON WRITE] [Levenshtein = 1] User was written to file: 7d7ebb00-81fe-329f-8a78-62f463d0b7da
           \Userdata.json
[18-21-57] [SYSTEM_IO]: Requested deletion of: C:\Users\Nathan\Documents\IntelliJava\Cyder\dynamic\backup\7d7ebb00-81fe-
           329f-8a78-62f463d0b7da_1648164067448.json
[18-21-57] [LOGIN]: [AUTOCYPHER PASS, 7d7ebb00-81fe-329f-8a78-62f463d0b7da]
[18-21-58] [SYSTEM_IO]: [JSON WRITE] [Levenshtein = 0] User was written to file: 7d7ebb00-81fe-329f-8a78-62f463d0b7da
           \Userdata.json
[18-21-58] [SYSTEM_IO]: Requested deletion of: C:\Users\Nathan\Documents\IntelliJava\Cyder\dynamic\backup\7d7ebb00-81fe-
           329f-8a78-62f463d0b7da_1648164117419.json
[18-21-58] [SYSTEM_IO]: Userdata requested: RandomBackground
[18-21-58] [SYSTEM_IO]: Userdata requested: FullScreen
[18-21-58] [OBJECT CREATION]: Objects created since last delta (5s): 65
[18-21-58] [SYSTEM_IO]: Userdata requested: FullScreen [2x]
[18-21-58] [THREAD STARTED]: Cyder Watchdog
[18-21-58] [SYSTEM_IO]: Userdata requested: FullScreen
[18-21-58] [THREAD STARTED]: Console Printing Animation
[18-21-58] [SYSTEM_IO]: Userdata requested: OutputBorder
[18-21-58] [SYSTEM_IO]: Userdata requested: FullScreen
[18-21-58] [SYSTEM_IO]: Userdata requested: InputBorder
[18-21-58] [THREAD STARTED]: Console Input Caret Position Updater
[18-21-58] [SYSTEM_IO]: Userdata requested: OutputFill
[18-21-58] [SYSTEM_IO]: Userdata requested: InputFill
[18-21-58] [THREAD STARTED]: High Ping Checker
[18-21-58] [THREAD STARTED]: Hourly Chime Checker
[18-21-58] [THREAD STARTED]: Console Clock Updater
[18-21-58] [THREAD STARTED]: Cyder Busy Checker
[18-21-58] [THREAD STARTED]: ConsoleFrame Stat Saver
[18-21-58] [UI ACTION]: Console loaded in 3738ms
[18-21-58] [THREAD STARTED]: Component = ConsoleFrame (inner), hash = 333693383, bounds = (1301, 373, 896, 600), parent
           frame = Component is top frame, getTitle() = Insomnia Cyder [Nathan] notification queue checker
[18-21-58] [THREAD STARTED]: [Cyder Splash]  dispose() animation thread
[18-21-58] [UI ACTION]: CyderFrame disposed with fastclose: true, Component = CyderFrame, hash = 1219513089, bounds =
           (980, 396, 600, 600), parent frame = Component is top frame, getTitle() = Cyder Splash
[18-21-58] [SYSTEM_IO]: Userdata requested: DebugWindows
[18-21-58] [CONSOLE LOADED]: [Nathan] [TESTING MODE]
[18-21-59] [UI ACTION]: [Insomnia Cyder [Nathan]] [NOTIFICATION] w = 287, h = 29, text = <html>Console loaded in 3738ms</html>
[18-21-59] [THREAD STARTED]: notification appear animation
[18-21-59] [THREAD STARTED]: [Pathfinding Visualizer]  finalizeAndShow
[18-21-59] [SYSTEM_IO]: Userdata requested: laststart
[18-21-59] [SYSTEM_IO]: [JSON WRITE] [Levenshtein = 6] User was written to file: 7d7ebb00-81fe-329f-8a78-62f463d0b7da
           \Userdata.json
[18-21-59] [SYSTEM_IO]: Requested deletion of: C:\Users\Nathan\Documents\IntelliJava\Cyder\dynamic\backup\7d7ebb00-81fe-
           329f-8a78-62f463d0b7da_1648164118237.json
[18-21-59] [SYSTEM_IO]: Userdata requested: persistentnotifications
[18-21-59] [THREAD STARTED]: Notificaiton Vanish Animator
[18-22-01] [THREAD STATUS POLLED]: name = AWT-EventQueue-0 in RUNNABLE state; incrementing watchdog counter [3x]
[18-22-01] [UI ACTION]: Component = CyderCheckbox, hash = 304873390, bounds = (150, 1000, 50, 50), parent frame =
           Pathfinding Visualizer
[18-22-01] [SYSTEM_IO]: [JSON WRITE] [Levenshtein = 0] User was written to file: 7d7ebb00-81fe-329f-8a78-62f463d0b7da
           \Userdata.json
[18-22-01] [SYSTEM_IO]: Requested deletion of: C:\Users\Nathan\Documents\IntelliJava\Cyder\dynamic\backup\7d7ebb00-81fe-
           329f-8a78-62f463d0b7da_1648164119183.json
[18-22-02] [THREAD STATUS POLLED]: name = AWT-EventQueue-0 in RUNNABLE state; incrementing watchdog counter
[18-22-03] [OBJECT CREATION]: Objects created since last delta (5s): 85
[18-22-04] [THREAD STATUS POLLED]: name = AWT-EventQueue-0 in RUNNABLE state; incrementing watchdog counter [2x]
[18-22-05] [SYSTEM_IO]: [JSON WRITE] [Levenshtein = 0] User was written to file: 7d7ebb00-81fe-329f-8a78-62f463d0b7da
           \Userdata.json
[18-22-05] [SYSTEM_IO]: Requested deletion of: C:\Users\Nathan\Documents\IntelliJava\Cyder\dynamic\backup\7d7ebb00-81fe-
           329f-8a78-62f463d0b7da_1648164121752.json
[18-22-07] [THREAD STATUS POLLED]: name = AWT-EventQueue-0 in RUNNABLE state; incrementing watchdog counter [3x]
[18-22-08] [OBJECT CREATION]: Objects created since last delta (5s): 94
[18-22-08] [THREAD STATUS POLLED]: name = AWT-EventQueue-0 in RUNNABLE state; incrementing watchdog counter
[18-22-09] [UI ACTION]: Component = CyderCheckbox, hash = 304873390, bounds = (150, 1000, 50, 50), parent frame =
           Pathfinding Visualizer
[18-22-09] [SYSTEM_IO]: [JSON WRITE] [Levenshtein = 5] User was written to file: 7d7ebb00-81fe-329f-8a78-62f463d0b7da
           \Userdata.json
[18-22-09] [SYSTEM_IO]: Requested deletion of: C:\Users\Nathan\Documents\IntelliJava\Cyder\dynamic\backup\7d7ebb00-81fe-
           329f-8a78-62f463d0b7da_1648164125505.json
[18-22-09] [THREAD STATUS POLLED]: name = AWT-EventQueue-0 in RUNNABLE state; incrementing watchdog counter
[18-22-09] [UI ACTION]: Component = CyderCheckbox, hash = 304873390, bounds = (150, 1000, 50, 50), parent frame =
           Pathfinding Visualizer
[18-22-12] [THREAD STATUS POLLED]: name = AWT-EventQueue-0 in RUNNABLE state; incrementing watchdog counter [3x]
[18-22-13] [SYSTEM_IO]: [JSON WRITE] [Levenshtein = 0] User was written to file: 7d7ebb00-81fe-329f-8a78-62f463d0b7da
           \Userdata.json
[18-22-13] [SYSTEM_IO]: Requested deletion of: C:\Users\Nathan\Documents\IntelliJava\Cyder\dynamic\backup\7d7ebb00-81fe-
           329f-8a78-62f463d0b7da_1648164129388.json
[18-22-13] [OBJECT CREATION]: Objects created since last delta (5s): 149
[18-22-14] [THREAD STATUS POLLED]: name = AWT-EventQueue-0 in RUNNABLE state; incrementing watchdog counter [2x]
[18-22-15] [UI ACTION]: Component = CyderCheckbox, hash = 304873390, bounds = (150, 1000, 50, 50), parent frame =
           Pathfinding Visualizer
[18-22-16] [THREAD STATUS POLLED]: name = AWT-EventQueue-0 in RUNNABLE state; incrementing watchdog counter [2x]
[18-22-16] [SYSTEM_IO]: [JSON WRITE] [Levenshtein = 0] User was written to file: 7d7ebb00-81fe-329f-8a78-62f463d0b7da
           \Userdata.json
[18-22-16] [SYSTEM_IO]: Requested deletion of: C:\Users\Nathan\Documents\IntelliJava\Cyder\dynamic\backup\7d7ebb00-81fe-
           329f-8a78-62f463d0b7da_1648164133158.json
[18-22-17] [THREAD STATUS POLLED]: name = AWT-EventQueue-0 in RUNNABLE state; incrementing watchdog counter
[18-22-18] [OBJECT CREATION]: Objects created since last delta (5s): 121
[18-22-20] [THREAD STATUS POLLED]: name = AWT-EventQueue-0 in RUNNABLE state; incrementing watchdog counter [3x]
[18-22-20] [SYSTEM_IO]: [JSON WRITE] [Levenshtein = 0] User was written to file: 7d7ebb00-81fe-329f-8a78-62f463d0b7da
           \Userdata.json
[18-22-20] [SYSTEM_IO]: Requested deletion of: C:\Users\Nathan\Documents\IntelliJava\Cyder\dynamic\backup\7d7ebb00-81fe-
           329f-8a78-62f463d0b7da_1648164136961.json
[18-22-22] [THREAD STATUS POLLED]: name = AWT-EventQueue-0 in RUNNABLE state; incrementing watchdog counter [2x]
[18-22-23] [OBJECT CREATION]: Objects created since last delta (5s): 1
[18-22-24] [THREAD STATUS POLLED]: name = AWT-EventQueue-0 in RUNNABLE state; incrementing watchdog counter [2x]
[18-22-24] [SYSTEM_IO]: [JSON WRITE] [Levenshtein = 0] User was written to file: 7d7ebb00-81fe-329f-8a78-62f463d0b7da
           \Userdata.json
[18-22-24] [SYSTEM_IO]: Requested deletion of: C:\Users\Nathan\Documents\IntelliJava\Cyder\dynamic\backup\7d7ebb00-81fe-
           329f-8a78-62f463d0b7da_1648164140835.json
[18-22-27] [THREAD STATUS POLLED]: name = AWT-EventQueue-0 in RUNNABLE state; incrementing watchdog counter [3x]
[18-22-28] [OBJECT CREATION]: Objects created since last delta (5s): 1
[18-22-28] [SYSTEM_IO]: [JSON WRITE] [Levenshtein = 0] User was written to file: 7d7ebb00-81fe-329f-8a78-62f463d0b7da
           \Userdata.json
[18-22-28] [SYSTEM_IO]: Requested deletion of: C:\Users\Nathan\Documents\IntelliJava\Cyder\dynamic\backup\7d7ebb00-81fe-
           329f-8a78-62f463d0b7da_1648164144859.json
[18-22-28] [THREAD STATUS POLLED]: name = AWT-EventQueue-0 in RUNNABLE state; incrementing watchdog counter
[18-22-52] [EOL]: Log completed, Cyder crashed unexpectedly: exit code: -9 External Stop, exceptions thrown: 0
