          _____                _____                    _____                    _____                    _____
         /\    \              |\    \                  /\    \                  /\    \                  /\    \
        /::\    \             |:\____\                /::\    \                /::\    \                /::\    \
       /::::\    \            |::|   |               /::::\    \              /::::\    \              /::::\    \
      /::::::\    \           |::|   |              /::::::\    \            /::::::\    \            /::::::\    \
     /:::/\:::\    \          |::|   |             /:::/\:::\    \          /:::/\:::\    \          /:::/\:::\    \
    /:::/  \:::\    \         |::|   |            /:::/  \:::\    \        /:::/__\:::\    \        /:::/__\:::\    \
   /:::/    \:::\    \        |::|   |           /:::/    \:::\    \      /::::\   \:::\    \      /::::\   \:::\    \
  /:::/    / \:::\    \       |::|___|______    /:::/    / \:::\    \    /::::::\   \:::\    \    /::::::\   \:::\    \
 /:::/    /   \:::\    \      /::::::::\    \  /:::/    /   \:::\ ___\  /:::/\:::\   \:::\    \  /:::/\:::\   \:::\____\
/:::/____/     \:::\____\    /::::::::::\____\/:::/____/     \:::|    |/:::/__\:::\   \:::\____\/:::/  \:::\   \:::|    |
\:::\    \      \::/    /   /:::/~~~~/~~      \:::\    \     /:::|____|\:::\   \:::\   \::/    /\::/   |::::\  /:::|____|
 \:::\    \      \/____/   /:::/    /          \:::\    \   /:::/    /  \:::\   \:::\   \/____/  \/____|:::::\/:::/    /
  \:::\    \              /:::/    /            \:::\    \ /:::/    /    \:::\   \:::\    \            |:::::::::/    /
   \:::\    \            /:::/    /              \:::\    /:::/    /      \:::\   \:::\____\           |::|\::::/    /
    \:::\    \           \::/    /                \:::\  /:::/    /        \:::\   \::/    /           |::| \::/____/
     \:::\    \           \/____/                  \:::\/:::/    /          \:::\   \/____/            |::|  ~|
      \:::\    \                                    \::::::/    /            \:::\    \                |::|   |
       \:::\____\                                    \::::/    /              \:::\____\               \::|   |
        \::/    /                                     \::/____/                \::/    /                \:|   |
         \/____/                                       ~~                       \/____/                  \|___|


[22-30-29] [ENTRY]: Nathan
[22-30-29] [PROP LOADED]: [key = map_quest_api_key]
[22-30-29] [PROP LOADED]: [key = youtube_api_3_key]
[22-30-29] [PROP LOADED]: [key = ip_key]
[22-30-29] [PROP LOADED]: [key = weather_key]
[22-30-29] [PROP LOADED]: [key = debug_hash_name]
[22-30-29] [PROP LOADED]: [key = debug_hash_password]
[22-30-29] [PROP LOADED]: [key = default_weather_location, value = Austin,Tx,USA]
[22-30-29] [PROP LOADED]: [key = ignore_data, value = typinganimation,showseconds,roundedwindows,windowcolor,audiolength
           ,capsmode,typingsound,showbusyicon]
[22-30-29] [PROP LOADED]: [key = font_metric, value = 1]
[22-30-29] [PROP LOADED]: [key = released, value = false]
[22-30-29] [PROP LOADED]: [key = fast_test, value = false]
[22-30-29] [PROP LOADED]: [key = version, value = Liminal]
[22-30-29] [PROP LOADED]: [key = release_date, value = 22.6.2]
[22-30-29] [PROP LOADED]: [key = components_relocatable, value = false]
[22-30-29] [PROP LOADED]: [key = testing_mode, value = true]
[22-30-29] [PROP LOADED]: [key = autocypher, value = true]
[22-30-29] [PROP LOADED]: [key = dispose_splash, value = true]
[22-30-29] [PROP LOADED]: [key = wipe_logs_on_start, value = true]
[22-30-29] [PROP LOADED]: [key = activate_watchdog, value = false]
[22-30-29] [PROP LOADED]: [key = ffmpeg_audio_output_format, value = mp3]
[22-30-29] [PROP LOADED]: [key = printing_animation_char_timeout, value = 8]
[22-30-29] [PROP LOADED]: [key = printing_animation_line_timeout, value = 100]
[22-30-29] [PROP LOADED]: [key = ui_scale, value = 0.25]
[22-30-29] [THREAD STARTED]: Object Creation Logger
[22-30-29] [DEBUG]: Watchdog skipped
[22-30-29] [THREAD STARTED]: Singular Cyder Instance Ensurer
[22-30-31] [FONT LOADED]: agency-fb
[22-30-31] [FONT LOADED]: arial-black
[22-30-31] [FONT LOADED]: beyno
[22-30-31] [FONT LOADED]: condiment-regular
[22-30-31] [FONT LOADED]: prompt-bold
[22-30-31] [FONT LOADED]: segoe-ui-black
[22-30-31] [FONT LOADED]: tahoma
[22-30-31] [THREAD STARTED]: Splash Loader
[22-30-31] [SYSTEM IO]: Requested deletion of: C:\Users\Nathan\Documents\IntelliJava\Cyder\dynamic\tmp
[22-30-31] [THREAD STARTED]: Splash Animation
[22-30-31] [UNIQUE OBJECT CREATED]: ConsoleFrame singleton constructed
[22-30-32] [THREAD STARTED]: Secondary Subroutines Runner
[22-30-32] [LOGIN]: AUTOCYPHER ATTEMPT
[22-30-32] [THREAD STARTED]: JVM Args Logger
[22-30-32] [OBJECT CREATION]: Objects created since last delta (5000ms): 69
[22-30-33] [DEBUG]: Cyder Entry = AutoCypher
[22-30-34] [THREAD STARTED]: Splash Loading Label Updater
[22-30-34] [THREAD STARTED]: High Ping Checker
[22-30-34] [THREAD STARTED]: Harmonic Rectangle Animator
[22-30-34] [THREAD STARTED]: Console Printing Animation
[22-30-34] [THREAD STARTED]: Harmonic Rectangle Animator
[22-30-34] [THREAD STARTED]: Harmonic Rectangle Animator
[22-30-34] [THREAD STARTED]: Hourly Chime Checker
[22-30-34] [THREAD STARTED]: Console Clock Updater
[22-30-34] [THREAD STARTED]: Cyder Busy Checker
[22-30-34] [THREAD STARTED]: ConsoleFrame Stat Saver
[22-30-34] [THREAD STARTED]: [Cyder Splash] dispose() animation thread
[22-30-34] [THREAD STARTED]: [Cyder Splash] dispose() animation thread
[22-30-34] [UI]: CyderFrame disposed with fastclose: true, Component = CyderFrame, hash = 1120745297, bounds = (980,
           396, 600, 600), parent frame = Component itself is a CyderFrame, getTitle() = Cyder Splash
[22-30-35] [CONSOLE LOADED]: [Nathan] [TESTING MODE]
[22-30-35] [THREAD STARTED]: Manual Tests Thread
[22-30-35] [CONSOLE OUT]: [STRING]: Console loaded in 6041ms
[22-30-35] [DEBUG]: Attempted to log a new or empty line
[22-30-37] [OBJECT CREATION]: Objects created since last delta (5000ms): 45
[22-30-37] [SYSTEM IO]: [JSON WRITE] [Levenshtein = 7] User was written to file: 7d7ebb00-81fe-329f-8a78-62f463d0b7da
           \Userdata.json
[22-30-37] [SYSTEM IO]: Requested deletion of: C:\Users\Nathan\Documents\IntelliJava\Cyder\dynamic\backup\7d7ebb00-81fe-
           329f-8a78-62f463d0b7da_1655695269285.json
[22-30-42] [OBJECT CREATION]: Objects created since last delta (5000ms): 3
[22-30-56] [CLIENT]: mp3
[22-30-56] [CONSOLE OUT]: [STRING]: Opening widget: AudioPlayer
[22-30-56] [THREAD STARTED]: John Wolf - Anymore (Official Video) Ok Guess We Doin Just Fine (Lyrics In Description)
           Progress Label Thread
[22-30-56] [THREAD STARTED]: Audio Progress Label Animator
[22-30-56] [THREAD STARTED]: Scrolling title label animator [John wolf - anymore (official video) ok guess we doin just
           fine (lyrics in description)]
[22-30-56] [THREAD STARTED]: [John wolf - anymore (official video)...] finalizeAndShow()
[22-30-56] [WIDGET]: AudioPlayer, trigger = mp3
[22-30-57] [DEBUG]: Attempted to log a new or empty line
[22-30-57] [OBJECT CREATION]: Objects created since last delta (5000ms): 17
[22-31-06] [THREAD STARTED]: AudioPlayer Play Audio Thread [John Wolf - Anymore (Official Video) Ok Guess We Doin Just
           Fine (Lyrics In Description)]
[22-31-06] [THREAD STARTED]: John wolf - anymore (official video)... Opacity Decrement Animator
[22-31-07] [THREAD STARTED]: John wolf - anymore (official video)... Opacity Increment Animator
[22-31-08] [CLIENT]: mp3
[22-31-08] [CONSOLE OUT]: [STRING]: Opening widget: AudioPlayer
[22-31-08] [THREAD STARTED]: Everglow Progress Label Thread
[22-31-08] [THREAD STARTED]: AudioPlayer Play Audio Thread [Everglow]
[22-31-08] [WIDGET]: AudioPlayer, trigger = mp3
[22-31-08] [DEBUG]: Attempted to log a new or empty line
[22-31-09] [THREAD STARTED]: Liminal Cyder [Nathan] Opacity Decrement Animator
[22-31-09] [THREAD STARTED]: Liminal Cyder [Nathan] Opacity Increment Animator
[22-31-09] [SYSTEM IO]: [JSON WRITE] [Levenshtein = 6] User was written to file: 7d7ebb00-81fe-329f-8a78-62f463d0b7da
           \Userdata.json
[22-31-09] [SYSTEM IO]: Requested deletion of: C:\Users\Nathan\Documents\IntelliJava\Cyder\dynamic\backup\7d7ebb00-81fe-
           329f-8a78-62f463d0b7da_1655695837875.json
[22-31-10] [CLIENT]: mp3
[22-31-10] [CONSOLE OUT]: [STRING]: Opening widget: AudioPlayer
[22-31-10] [THREAD STARTED]: Twillzzz - Lord Please Progress Label Thread
[22-31-10] [THREAD STARTED]: AudioPlayer Play Audio Thread [Twillzzz - Lord Please]
[22-31-10] [WIDGET]: AudioPlayer, trigger = mp3
[22-31-10] [DEBUG]: Attempted to log a new or empty line
[22-31-12] [THREAD STARTED]: AudioPlayer Play Audio Thread [Twillzzz - Lord Please]
[22-31-12] [OBJECT CREATION]: Objects created since last delta (5000ms): 7
[22-31-13] [THREAD STARTED]: Twillzzz - lord please Menu Label Animator
[22-31-14] [CLIENT]: mp3
[22-31-14] [CONSOLE OUT]: [STRING]: Opening widget: AudioPlayer
[22-31-14] [THREAD STARTED]: Everglow Progress Label Thread
[22-31-14] [THREAD STARTED]: AudioPlayer Play Audio Thread [Everglow]
[22-31-14] [WIDGET]: AudioPlayer, trigger = mp3
[22-31-15] [DEBUG]: Attempted to log a new or empty line
[22-31-17] [OBJECT CREATION]: Objects created since last delta (5000ms): 4
[22-31-19] [CLIENT]: mp3
[22-31-19] [THREAD STARTED]: Twillzzz - Lord Please Progress Label Thread
[22-31-19] [WIDGET]: AudioPlayer, trigger = mp3
[22-31-19] [CONSOLE OUT]: [STRING]: Opening widget: AudioPlayer
[22-31-19] [DEBUG]: Attempted to log a new or empty line
[22-31-20] [UI]: Component = CyderDragLabel, hash = -14491413, bounds = (2, 2, 596, 28), parent frame = Twillzzz - lord please
[22-31-20] [THREAD STARTED]: [Twillzzz - lord please] dispose() animation thread
[22-31-20] [UI]: CyderFrame disposed with fastclose: false, Component = CyderFrame, hash = 506972800, bounds = (1731,
           237, 600, 600), parent frame = Component itself is a CyderFrame, getTitle() = Twillzzz - lord please
[22-31-20] [THREAD STARTED]: [Twillzzz - lord please] dispose() animation thread
[22-31-21] [THREAD STARTED]: [Liminal Cyder [Nathan]] dispose() animation thread
[22-31-21] [UI]: CyderFrame disposed with fastclose: false, Component = ConsoleFrame (inner), hash = 236567414, bounds =
           (836, 229, 747, 748), parent frame = Component itself is a CyderFrame, getTitle() = Liminal Cyder [Nathan]
[22-31-21] [EXIT]: [RUNTIME] 52s
[22-31-21] [EOL]: Log completed, exiting Cyder with exit code: 0 [Genesis Controlled Exit], exceptions thrown: no
           exceptions thrown
