[11-13-20] [ENTRY]: [Nathan]
[11-13-20] [SYSTEM_IO]: System data pared in IOUtil's static block
[11-13-20] [SYSTEM_IO]: Suggestions pared in IOUtil's static block
[11-13-20] [SYSTEM_IO]: Exit conditions pared in IOUtil's static block
[11-13-20] [SYSTEM_IO]: DebugHashes pared in IOUtil's static block
[11-13-24] [LOGIN]: [AUTOCYPHER ATTEMPT]
[11-13-24] [JAVA ARGS]: [LOCATION] [La casa de Nathan]
[11-13-24] [LOGIN]: [AUTOCYPHER PASS, e5a50641-21d1-3654-b738-c0e4b2dc61b1]
[11-13-24] [SYSTEM_IO]: Userdata requested: Name
[11-13-24] [SYSTEM_IO]: Userdata requested: RandomBackground
[11-13-24] [SYSTEM_IO]: Userdata requested: FullScreen
[11-13-25] [SYSTEM_IO]: Userdata requested: Name
[11-13-25] [SYSTEM_IO]: Userdata requested: Foreground
[11-13-25] [SYSTEM_IO]: Userdata requested: Foreground
[11-13-25] [SYSTEM_IO]: Userdata requested: FullScreen
[11-13-25] [SYSTEM_IO]: Userdata requested: FullScreen
[11-13-25] [SYSTEM_IO]: Userdata requested: Foreground
[11-13-25] [SYSTEM_IO]: Userdata requested: Font
[11-13-25] [SYSTEM_IO]: Userdata requested: OutputBorder
[11-13-25] [SYSTEM_IO]: Userdata requested: FullScreen
[11-13-25] [SYSTEM_IO]: Userdata requested: InputBorder
[11-13-25] [SYSTEM_IO]: Userdata requested: Foreground
[11-13-25] [SYSTEM_IO]: Userdata requested: Foreground
[11-13-25] [SYSTEM_IO]: Userdata requested: Foreground
[11-13-25] [SYSTEM_IO]: Userdata requested: Font
[11-13-25] [SYSTEM_IO]: Userdata requested: OutputFill
[11-13-25] [SYSTEM_IO]: Userdata requested: InputFill
[11-13-25] [ACTION]: CyderFrame disposed with fastclose: true, CyderFrame: Component name = [cyder.ui.CyderFrame], bounds = [(980, 396, 600, 600)], hash = [1939902153], parentFrame = [Object itself is the top level frame], associated text = [No getText() method found], tooltip text = [No getTooltipText() method found], title = [Cyder Splash]
[11-13-25] [ACTION]: Console loaded in 5422ms
[11-13-25] [SYSTEM_IO]: Userdata requested: DebugWindows
[11-13-25] [ENTRY]: [TESTING MODE]
[11-13-25] [SYSTEM_IO]: Userdata requested: laststart
[11-13-25] [SYSTEM_IO]: Userdata requested: IntroMusic
[11-13-25] [ACTION]: [Stellar Cyder [Nathan]] [NOTIFICATION] Console loaded in 5422ms
[11-13-25] [SYSTEM_IO]: Userdata requested: persistentnotifications
[11-13-28] [CLIENT]: create
[11-13-28] [SYSTEM_IO]: Userdata requested: filterchat
[11-13-28] [CONSOLE_OUT]: [STRING] Unknown command
[11-13-28] [ACTION]: Similar command to "create" found with tol of 0.75, command = "createuser"
[11-13-31] [CLIENT]: create
[11-13-31] [SYSTEM_IO]: Userdata requested: filterchat
[11-13-31] [ACTION]: Similar command to "create" found with tol of 0.75, command = "createuser"
[11-13-31] [CONSOLE_OUT]: [STRING] Unknown command
[11-13-34] [CLIENT]: createuser
[11-13-34] [SYSTEM_IO]: Userdata requested: filterchat
[11-13-34] [WIDGET OPENED]: USER CREATED
[11-13-34] [CONSOLE_OUT]: [STRING] Opening widget: cyder.user.UserCreator
[11-13-34] [HANDLE]: PRIMARY HANDLE
[11-13-42] [ACTION]: Component name = [cyder.ui.CyderButton], bounds = [(60, 390, 240, 40)], hash = [1524297889], parentFrame = [Create User], associated text = [Create User], tooltip text = [No getTooltipText() method found], title = [No getTitle() method found]
[11-13-51] [ACTION]: [Create User] [NOTIFICATION] Passwords are not equal
[11-13-51] [SYSTEM_IO]: Userdata requested: persistentnotifications
[11-13-53] [ACTION]: [Create User] [NOTIFICATION] Failed to create user
[11-13-53] [SYSTEM_IO]: Userdata requested: persistentnotifications
[11-13-55] [ACTION]: Component name = [cyder.ui.CyderPasswordField], bounds = [(60, 160, 240, 40)], hash = [109863938], parentFrame = [Create User], associated text = [1320132], tooltip text = [No getTooltipText() method found], title = [No getTitle() method found]
[11-13-56] [ACTION]: Component name = [cyder.ui.CyderButton], bounds = [(60, 390, 240, 40)], hash = [1524297889], parentFrame = [Create User], associated text = [Create User], tooltip text = [No getTooltipText() method found], title = [No getTitle() method found]
[11-14-48] [EXCEPTION]: 
Exception origin: cyder.utilities.UserUtil.extractUserData(UserUtil.java:413)
From line: 413
Trace: java.lang.IllegalArgumentException: File is not a json type
	at cyder.utilities.UserUtil.extractUserData(UserUtil.java:413)
	at cyder.user.UserCreator.createUser(UserCreator.java:324)
	at cyder.user.UserCreator$5.mouseReleased(UserCreator.java:227)
	at java.desktop/java.awt.AWTEventMulticaster.mouseReleased(AWTEventMulticaster.java:298)
	at java.desktop/java.awt.AWTEventMulticaster.mouseReleased(AWTEventMulticaster.java:297)
	at java.desktop/java.awt.Component.processMouseEvent(Component.java:6578)
	at java.desktop/javax.swing.JComponent.processMouseEvent(JComponent.java:3343)
	at java.desktop/java.awt.Component.processEvent(Component.java:6343)
	at java.desktop/java.awt.Container.processEvent(Container.java:2259)
	at java.desktop/java.awt.Component.dispatchEventImpl(Component.java:4961)
	at java.desktop/java.awt.Container.dispatchEventImpl(Container.java:2317)
	at java.desktop/java.awt.Component.dispatchEvent(Component.java:4793)
	at java.desktop/java.awt.LightweightDispatcher.retargetMouseEvent(Container.java:4904)
	at java.desktop/java.awt.LightweightDispatcher.processMouseEvent(Container.java:4539)
	at java.desktop/java.awt.LightweightDispatcher.dispatchEvent(Container.java:4480)
	at java.desktop/java.awt.Container.dispatchEventImpl(Container.java:2303)
	at java.desktop/java.awt.Window.dispatchEventImpl(Window.java:2758)
	at java.desktop/java.awt.Component.dispatchEvent(Component.java:4793)
	at java.desktop/java.awt.EventQueue.dispatchEventImpl(EventQueue.java:766)
	at java.desktop/java.awt.EventQueue.access$500(EventQueue.java:97)
	at java.desktop/java.awt.EventQueue$3.run(EventQueue.java:717)
	at java.desktop/java.awt.EventQueue$3.run(EventQueue.java:711)
	at java.base/java.security.AccessController.doPrivileged(Native Method)
	at java.base/java.security.ProtectionDomain$JavaSecurityAccessImpl.doIntersectionPrivilege(ProtectionDomain.java:89)
	at java.base/java.security.ProtectionDomain$JavaSecurityAccessImpl.doIntersectionPrivilege(ProtectionDomain.java:99)
	at java.desktop/java.awt.EventQueue$4.run(EventQueue.java:739)
	at java.desktop/java.awt.EventQueue$4.run(EventQueue.java:737)
	at java.base/java.security.AccessController.doPrivileged(Native Method)
	at java.base/java.security.ProtectionDomain$JavaSecurityAccessImpl.doIntersectionPrivilege(ProtectionDomain.java:89)
	at java.desktop/java.awt.EventQueue.dispatchEvent(EventQueue.java:736)
	at java.desktop/java.awt.EventDispatchThread.pumpOneEventForFilters(EventDispatchThread.java:199)
	at java.desktop/java.awt.EventDispatchThread.pumpEventsForFilter(EventDispatchThread.java:124)
	at java.desktop/java.awt.EventDispatchThread.pumpEventsForHierarchy(EventDispatchThread.java:113)
	at java.desktop/java.awt.EventDispatchThread.pumpEvents(EventDispatchThread.java:109)
	at java.desktop/java.awt.EventDispatchThread.pumpEvents(EventDispatchThread.java:101)
	at java.desktop/java.awt.EventDispatchThread.run(EventDispatchThread.java:90)
[11-15-45] [EOL]: Log completed, Cyder was force closed by an external entity: exit code: -200 [External Stop], exceptions thrown: 1