[13-49-21] [ENTRY]: [Nathan]
[13-49-22] [SYSTEM_IO]: System data pared in IOUtil's static block
[13-49-22] [SYSTEM_IO]: Suggestions pared in IOUtil's static block
[13-49-22] [SYSTEM_IO]: Exit conditions pared in IOUtil's static block
[13-49-22] [SYSTEM_IO]: DebugHashes pared in IOUtil's static block
[13-49-23] [LOGIN]: [AUTOCYPHER ATTEMPT]
[13-49-23] [JAVA ARGS]: [LOCATION] [La casa de Nathan]
[13-49-24] [LOGIN]: [AUTOCYPHER PASS, e5a50641-21d1-3654-b738-c0e4b2dc61b1]
[13-49-24] [SYSTEM_IO]: Userdata requested: Name
[13-49-24] [SYSTEM_IO]: Userdata requested: RandomBackground
[13-49-24] [SYSTEM_IO]: Userdata requested: FullScreen
[13-49-24] [SYSTEM_IO]: Userdata requested: Name
[13-49-24] [SYSTEM_IO]: Userdata requested: Foreground
[13-49-24] [SYSTEM_IO]: Userdata requested: Foreground
[13-49-24] [SYSTEM_IO]: Userdata requested: FullScreen
[13-49-24] [SYSTEM_IO]: Userdata requested: FullScreen
[13-49-24] [SYSTEM_IO]: Userdata requested: Foreground
[13-49-24] [SYSTEM_IO]: Userdata requested: Font
[13-49-24] [SYSTEM_IO]: Userdata requested: OutputBorder
[13-49-24] [SYSTEM_IO]: Userdata requested: FullScreen
[13-49-24] [SYSTEM_IO]: Userdata requested: InputBorder
[13-49-24] [SYSTEM_IO]: Userdata requested: Foreground
[13-49-24] [SYSTEM_IO]: Userdata requested: Foreground
[13-49-24] [SYSTEM_IO]: Userdata requested: Foreground
[13-49-24] [SYSTEM_IO]: Userdata requested: Font
[13-49-24] [SYSTEM_IO]: Userdata requested: OutputFill
[13-49-24] [SYSTEM_IO]: Userdata requested: InputFill
[13-49-24] [ACTION]: CyderFrame disposed with fastclose: true, CyderFrame: Component name = [cyder.ui.CyderFrame], bounds = [(980, 396, 600, 600)], hash = [1218155857], parentFrame = [Object itself is the top level frame], associated text = [No getText() method found], tooltip text = [No getTooltipText() method found], title = [Cyder Splash]
[13-49-24] [ACTION]: Console loaded in 3224ms
[13-49-24] [SYSTEM_IO]: Userdata requested: DebugWindows
[13-49-24] [ENTRY]: [TESTING MODE]
[13-49-24] [SYSTEM_IO]: Userdata requested: laststart
[13-49-24] [SYSTEM_IO]: Userdata requested: IntroMusic
[13-49-24] [ACTION]: [Stellar Cyder [Nathan]] [NOTIFICATION] Console loaded in 3224ms
[13-49-25] [SYSTEM_IO]: Userdata requested: persistentnotifications
[13-49-31] [CLIENT]: logout
[13-49-31] [SYSTEM_IO]: Userdata requested: filterchat
[13-49-31] [SYSTEM_IO]: Userdata requested: Name
[13-49-31] [LOGOUT]: [Nathan]
[13-49-31] [ACTION]: CyderFrame disposed with fastclose: false, CyderFrame: Component name = [cyder.ui.ConsoleFrame], bounds = [(518, 359, 600, 600)], hash = [1661210650], parentFrame = [Object itself is the top level frame], associated text = [No getText() method found], tooltip text = [No getTooltipText() method found], title = [Stellar Cyder [Nathan]]
[13-49-31] [ACTION]: CyderFrame disposed with fastclose: false, CyderFrame: Component name = [cyder.ui.CyderFrame], bounds = [(980, 396, 600, 600)], hash = [1218155857], parentFrame = [Object itself is the top level frame], associated text = [No getText() method found], tooltip text = [No getTooltipText() method found], title = [Cyder Splash]
[13-49-31] [ACTION]: CyderFrame disposed with fastclose: false, CyderFrame: Component name = [cyder.ui.ConsoleFrame], bounds = [(518, 359, 600, 600)], hash = [1661210650], parentFrame = [Object itself is the top level frame], associated text = [No getText() method found], tooltip text = [No getTooltipText() method found], title = [Stellar Cyder [Nathan]]
[13-49-31] [WIDGET OPENED]: LOGIN
[13-49-31] [SYSTEM_IO]: Userdata requested: closeanimation
[13-49-31] [SYSTEM_IO]: Userdata requested: closeanimation
[13-49-31] [ACTION]: CyderFrame disposed with fastclose: true, CyderFrame: Component name = [cyder.ui.CyderFrame], bounds = [(980, 396, 600, 600)], hash = [1218155857], parentFrame = [Object itself is the top level frame], associated text = [No getText() method found], tooltip text = [No getTooltipText() method found], title = [Cyder Splash]
[13-49-31] [HANDLE]: GENERAL COMMAND HANDLED
[13-49-31] [HANDLE]: PRIMARY HANDLE
[13-49-33] [CLIENT_IO]: [LOGIN FRAME] createuser
[13-49-36] [CLIENT_IO]: [LOGIN FRAME] create
[13-49-36] [WIDGET OPENED]: USER CREATED
[13-49-41] [ACTION]: Component name = [cyder.ui.CyderButton], bounds = [(60, 390, 240, 40)], hash = [513101894], parentFrame = [Create User], associated text = [Create User], tooltip text = [No getTooltipText() method found], title = [No getTitle() method found]
[13-49-41] [SYSTEM_IO]: Userdata requested: name
[13-50-11] [EXCEPTION]: 
Exception origin: cyder.user.UserCreator.createUser(UserCreator.java:476)
From line: 476
Trace: java.lang.NullPointerException
	at cyder.user.UserCreator.createUser(UserCreator.java:476)
	at cyder.user.UserCreator$5.mouseReleased(UserCreator.java:212)
	at java.desktop/java.awt.AWTEventMulticaster.mouseReleased(AWTEventMulticaster.java:298)
	at java.desktop/java.awt.AWTEventMulticaster.mouseReleased(AWTEventMulticaster.java:297)
	at java.desktop/java.awt.Component.processMouseEvent(Component.java:6578)
	at java.desktop/javax.swing.JComponent.processMouseEvent(JComponent.java:3343)
	at java.desktop/java.awt.Component.processEvent(Component.java:6343)
	at java.desktop/java.awt.Container.processEvent(Container.java:2259)
	at java.desktop/java.awt.Component.dispatchEventImpl(Component.java:4961)
	at java.desktop/java.awt.Container.dispatchEventImpl(Container.java:2317)
	at java.desktop/java.awt.Component.dispatchEvent(Component.java:4793)
	at java.desktop/java.awt.LightweightDispatcher.retargetMouseEvent(Container.java:4904)
	at java.desktop/java.awt.LightweightDispatcher.processMouseEvent(Container.java:4539)
	at java.desktop/java.awt.LightweightDispatcher.dispatchEvent(Container.java:4480)
	at java.desktop/java.awt.Container.dispatchEventImpl(Container.java:2303)
	at java.desktop/java.awt.Window.dispatchEventImpl(Window.java:2758)
	at java.desktop/java.awt.Component.dispatchEvent(Component.java:4793)
	at java.desktop/java.awt.EventQueue.dispatchEventImpl(EventQueue.java:766)
	at java.desktop/java.awt.EventQueue.access$500(EventQueue.java:97)
	at java.desktop/java.awt.EventQueue$3.run(EventQueue.java:717)
	at java.desktop/java.awt.EventQueue$3.run(EventQueue.java:711)
	at java.base/java.security.AccessController.doPrivileged(Native Method)
	at java.base/java.security.ProtectionDomain$JavaSecurityAccessImpl.doIntersectionPrivilege(ProtectionDomain.java:89)
	at java.base/java.security.ProtectionDomain$JavaSecurityAccessImpl.doIntersectionPrivilege(ProtectionDomain.java:99)
	at java.desktop/java.awt.EventQueue$4.run(EventQueue.java:739)
	at java.desktop/java.awt.EventQueue$4.run(EventQueue.java:737)
	at java.base/java.security.AccessController.doPrivileged(Native Method)
	at java.base/java.security.ProtectionDomain$JavaSecurityAccessImpl.doIntersectionPrivilege(ProtectionDomain.java:89)
	at java.desktop/java.awt.EventQueue.dispatchEvent(EventQueue.java:736)
	at java.desktop/java.awt.EventDispatchThread.pumpOneEventForFilters(EventDispatchThread.java:199)
	at java.desktop/java.awt.EventDispatchThread.pumpEventsForFilter(EventDispatchThread.java:124)
	at java.desktop/java.awt.EventDispatchThread.pumpEventsForHierarchy(EventDispatchThread.java:113)
	at java.desktop/java.awt.EventDispatchThread.pumpEvents(EventDispatchThread.java:109)
	at java.desktop/java.awt.EventDispatchThread.pumpEvents(EventDispatchThread.java:101)
	at java.desktop/java.awt.EventDispatchThread.run(EventDispatchThread.java:90)
[13-52-54] [ACTION]: CyderFrame disposed with fastclose: false, CyderFrame: Component name = [cyder.ui.CyderFrame], bounds = [(664, 440, 356, 473)], hash = [1684601045], parentFrame = [Object itself is the top level frame], associated text = [No getText() method found], tooltip text = [No getTooltipText() method found], title = [Create User]
[13-52-54] [SYSTEM_IO]: Userdata requested: closeanimation
[13-53-08] [EOL]: Log completed, Cyder was force closed by an external entity: exit code: -200 [External Stop], exceptions thrown: 1