[14-46-06] [ENTRY]: [Nathan]
[14-46-06] [SYSTEM_IO]: System data pared in IOUtil's static block
[14-46-06] [SYSTEM_IO]: Suggestions pared in IOUtil's static block
[14-46-06] [SYSTEM_IO]: Exit conditions pared in IOUtil's static block
[14-46-06] [SYSTEM_IO]: DebugHashes pared in IOUtil's static block
[14-46-08] [LOGIN]: [AUTOCYPHER ATTEMPT]
[14-46-08] [JAVA ARGS]: [LOCATION] [La casa de Nathan]
[14-46-08] [LOGIN]: [AUTOCYPHER PASS, e5a50641-21d1-3654-b738-c0e4b2dc61b1]
[14-46-08] [SYSTEM_IO]: Userdata requested: Name
[14-46-08] [SYSTEM_IO]: Userdata requested: RandomBackground
[14-46-08] [SYSTEM_IO]: Userdata requested: FullScreen
[14-46-08] [SYSTEM_IO]: Userdata requested: Name
[14-46-08] [SYSTEM_IO]: Userdata requested: Foreground
[14-46-08] [SYSTEM_IO]: Userdata requested: Foreground
[14-46-08] [SYSTEM_IO]: Userdata requested: FullScreen
[14-46-08] [SYSTEM_IO]: Userdata requested: FullScreen
[14-46-08] [SYSTEM_IO]: Userdata requested: Foreground
[14-46-08] [SYSTEM_IO]: Userdata requested: Font
[14-46-08] [SYSTEM_IO]: Userdata requested: OutputBorder
[14-46-08] [SYSTEM_IO]: Userdata requested: FullScreen
[14-46-08] [SYSTEM_IO]: Userdata requested: InputBorder
[14-46-08] [SYSTEM_IO]: Userdata requested: Foreground
[14-46-08] [SYSTEM_IO]: Userdata requested: Foreground
[14-46-08] [SYSTEM_IO]: Userdata requested: Foreground
[14-46-08] [SYSTEM_IO]: Userdata requested: Font
[14-46-08] [SYSTEM_IO]: Userdata requested: OutputFill
[14-46-08] [SYSTEM_IO]: Userdata requested: InputFill
[14-46-08] [ACTION]: CyderFrame disposed with fastclose: true, CyderFrame: Component name = [cyder.ui.CyderFrame], bounds = [(980, 396, 600, 600)], hash = [1937041819], parentFrame = [Object itself is the top level frame], associated text = [No getText() method found], tooltip text = [No getTooltipText() method found], title = [Cyder Splash]
[14-46-08] [ACTION]: Console loaded in 2923ms
[14-46-08] [SYSTEM_IO]: Userdata requested: DebugWindows
[14-46-08] [ENTRY]: [TESTING MODE]
[14-46-08] [SYSTEM_IO]: Userdata requested: laststart
[14-46-08] [SYSTEM_IO]: Userdata requested: IntroMusic
[14-46-08] [ACTION]: [Stellar Cyder [Nathan]] [NOTIFICATION] Console loaded in 2923ms
[14-46-09] [SYSTEM_IO]: Userdata requested: persistentnotifications
[14-46-10] [CLIENT]: createuser
[14-46-10] [SYSTEM_IO]: Userdata requested: filterchat
[14-46-10] [WIDGET OPENED]: USER CREATED
[14-46-10] [HANDLE]: PRIMARY HANDLE
[14-46-11] [CONSOLE_OUT]: [STRING] Opening widget: cyder.user.UserCreator
[14-46-16] [ACTION]: Component name = [cyder.ui.CyderButton], bounds = [(60, 390, 240, 40)], hash = [52550916], parentFrame = [Create User], associated text = [Create User], tooltip text = [No getTooltipText() method found], title = [No getTitle() method found]
[14-46-16] [SYSTEM_IO]: Userdata requested: name
[14-46-16] [ACTION]: CyderFrame disposed with fastclose: false, CyderFrame: Component name = [cyder.ui.CyderFrame], bounds = [(-1104, 351, 356, 473)], hash = [1804259901], parentFrame = [Object itself is the top level frame], associated text = [No getText() method found], tooltip text = [No getTooltipText() method found], title = [Create User]
[14-46-16] [SYSTEM_IO]: Userdata requested: closeanimation
[14-46-20] [SYSTEM_IO]: Userdata requested: minimizeonclose
[14-46-20] [SYSTEM_IO]: Userdata requested: Name
[14-46-20] [LOGOUT]: [Nathan]
[14-46-20] [ACTION]: CyderFrame disposed with fastclose: false, CyderFrame: Component name = [cyder.ui.ConsoleFrame], bounds = [(-1226, 288, 600, 600)], hash = [1604247316], parentFrame = [Object itself is the top level frame], associated text = [No getText() method found], tooltip text = [No getTooltipText() method found], title = [Stellar Cyder [Nathan]]
[14-46-20] [SYSTEM_IO]: Userdata requested: closeanimation
[14-46-20] [EXIT]: [RUNTIME] 14s
[14-46-20] [EOL]: Log completed, exiting Cyder with exit code: 25 [Genesis Controlled Exit], exceptions thrown: 0
