[19-31-37] [ENTRY]: [Nathan]
[19-31-37] [SYSTEM_IO]: System data pared in IOUtil's static block
[19-31-37] [SYSTEM_IO]: Suggestions pared in IOUtil's static block
[19-31-37] [SYSTEM_IO]: Exit conditions pared in IOUtil's static block
[19-31-37] [SYSTEM_IO]: DebugHashes pared in IOUtil's static block
[19-31-39] [LOGIN]: [AUTOCYPHER ATTEMPT]
[19-31-39] [JAVA ARGS]: [LOCATION] [La casa de Nathan]
[19-31-39] [LOGIN]: [AUTOCYPHER PASS, e5a50641-21d1-3654-b738-c0e4b2dc61b1]
[19-31-39] [SYSTEM_IO]: Userdata requested: Name
[19-31-39] [SYSTEM_IO]: Userdata requested: RandomBackground
[19-31-39] [SYSTEM_IO]: Userdata requested: FullScreen
[19-31-40] [SYSTEM_IO]: Userdata requested: Name
[19-31-40] [SYSTEM_IO]: Userdata requested: Foreground
[19-31-40] [SYSTEM_IO]: Userdata requested: Foreground
[19-31-40] [SYSTEM_IO]: Userdata requested: FullScreen
[19-31-40] [SYSTEM_IO]: Userdata requested: FullScreen
[19-31-40] [SYSTEM_IO]: Userdata requested: Foreground
[19-31-40] [SYSTEM_IO]: Userdata requested: Font
[19-31-40] [SYSTEM_IO]: Userdata requested: OutputBorder
[19-31-40] [SYSTEM_IO]: Userdata requested: FullScreen
[19-31-40] [SYSTEM_IO]: Userdata requested: InputBorder
[19-31-40] [SYSTEM_IO]: Userdata requested: Foreground
[19-31-40] [SYSTEM_IO]: Userdata requested: Foreground
[19-31-40] [SYSTEM_IO]: Userdata requested: Foreground
[19-31-40] [SYSTEM_IO]: Userdata requested: Font
[19-31-40] [SYSTEM_IO]: Userdata requested: OutputFill
[19-31-40] [SYSTEM_IO]: Userdata requested: InputFill
[19-31-40] [ACTION]: CyderFrame disposed with fastclose: true, CyderFrame: Component name = [cyder.ui.CyderFrame], bounds = [(980, 396, 600, 600)], hash = [926105276], parentFrame = [Object itself is the top level frame], associated text = [No getText() method found], tooltip text = [No getTooltipText() method found], title = [Cyder Splash]
[19-31-40] [ACTION]: Console loaded in 3289ms
[19-31-40] [SYSTEM_IO]: Userdata requested: DebugWindows
[19-31-40] [ENTRY]: [TESTING MODE]
[19-31-40] [SYSTEM_IO]: Userdata requested: laststart
[19-31-40] [ACTION]: [Stellar Cyder [Nathan]] [NOTIFICATION] Console loaded in 3289ms
[19-31-40] [SYSTEM_IO]: Userdata requested: persistentnotifications
[19-31-44] [SYSTEM_IO]: Userdata requested: minimizeanimation
[19-31-44] [SYSTEM_IO]: Userdata requested: Background
[19-31-45] [SYSTEM_IO]: Userdata requested: Background
[19-31-46] [SYSTEM_IO]: Userdata requested: minimizeanimation
[19-31-47] [SYSTEM_IO]: Userdata requested: Background
[19-31-48] [SYSTEM_IO]: Userdata requested: Background
[19-31-50] [CLIENT]: closeanimation
[19-31-50] [SYSTEM_IO]: Userdata requested: filterchat
[19-31-51] [SYSTEM_IO]: Userdata requested: closeanimation
[19-31-51] [SYSTEM_IO]: Userdata requested: OutputBorder
[19-31-51] [SYSTEM_IO]: Userdata requested: InputBorder
[19-31-51] [SYSTEM_IO]: Userdata requested: FullScreen
[19-31-51] [SYSTEM_IO]: Userdata requested: FullScreen
[19-31-51] [SYSTEM_IO]: Userdata requested: ClockOnConsole
[19-31-51] [SYSTEM_IO]: Userdata requested: OutputFill
[19-31-51] [SYSTEM_IO]: Userdata requested: InputFill
[19-31-51] [HANDLE]: CONSOLE PREFERENCE TOGGLE HANDLED
[19-31-51] [HANDLE]: FINAL HANDLE
[19-31-51] [CONSOLE_OUT]: [STRING] Close Animation set to false
[19-31-53] [CLIENT]: closeanimation
[19-31-53] [SYSTEM_IO]: Userdata requested: filterchat
[19-31-53] [SYSTEM_IO]: Userdata requested: closeanimation
[19-31-53] [SYSTEM_IO]: Userdata requested: OutputBorder
[19-31-53] [SYSTEM_IO]: Userdata requested: InputBorder
[19-31-53] [SYSTEM_IO]: Userdata requested: FullScreen
[19-31-53] [SYSTEM_IO]: Userdata requested: FullScreen
[19-31-53] [SYSTEM_IO]: Userdata requested: ClockOnConsole
[19-31-53] [SYSTEM_IO]: Userdata requested: OutputFill
[19-31-53] [SYSTEM_IO]: Userdata requested: InputFill
[19-31-53] [HANDLE]: CONSOLE PREFERENCE TOGGLE HANDLED
[19-31-53] [HANDLE]: FINAL HANDLE
[19-31-53] [CONSOLE_OUT]: [STRING] Close Animation set to true
[19-31-55] [SYSTEM_IO]: Userdata requested: minimizeonclose
[19-31-55] [SYSTEM_IO]: Userdata requested: Name
[19-31-55] [LOGOUT]: [Nathan]
[19-31-55] [ACTION]: CyderFrame disposed with fastclose: false, CyderFrame: Component name = [cyder.ui.ConsoleFrame], bounds = [(735, 351, 600, 600)], hash = [201719260], parentFrame = [Object itself is the top level frame], associated text = [No getText() method found], tooltip text = [No getTooltipText() method found], title = [Stellar Cyder [Nathan]]
[19-31-55] [SYSTEM_IO]: Userdata requested: closeanimation
[19-31-55] [EXIT]: [RUNTIME] 18s
[19-31-55] [EOL]: Log completed, exiting Cyder with exit code: 25 [Genesis Controlled Exit], exceptions thrown: 0
