[20-00-15] [ENTRY]: [Nathan]
[20-00-15] [SYSTEM_IO]: System data pared in IOUtil's static block
[20-00-15] [SYSTEM_IO]: Suggestions pared in IOUtil's static block
[20-00-16] [SYSTEM_IO]: Exit conditions pared in IOUtil's static block
[20-00-16] [SYSTEM_IO]: DebugHashes pared in IOUtil's static block
[20-00-18] [LOGIN]: [AUTOCYPHER ATTEMPT]
[20-00-18] [JAVA ARGS]: [LOCATION] [La casa de Nathan]
[20-00-18] [LOGIN]: [AUTOCYPHER PASS, e5a50641-21d1-3654-b738-c0e4b2dc61b1]
[20-00-18] [SYSTEM_IO]: Userdata requested: Name
[20-00-18] [SYSTEM_IO]: Userdata requested: RandomBackground
[20-00-18] [SYSTEM_IO]: Userdata requested: FullScreen
[20-00-18] [SYSTEM_IO]: Userdata requested: Name
[20-00-18] [SYSTEM_IO]: Userdata requested: Foreground
[20-00-18] [SYSTEM_IO]: Userdata requested: Foreground
[20-00-18] [SYSTEM_IO]: Userdata requested: FullScreen
[20-00-18] [SYSTEM_IO]: Userdata requested: FullScreen
[20-00-18] [SYSTEM_IO]: Userdata requested: Foreground
[20-00-18] [SYSTEM_IO]: Userdata requested: Font
[20-00-18] [SYSTEM_IO]: Userdata requested: OutputBorder
[20-00-18] [SYSTEM_IO]: Userdata requested: FullScreen
[20-00-18] [SYSTEM_IO]: Userdata requested: InputBorder
[20-00-18] [SYSTEM_IO]: Userdata requested: Foreground
[20-00-18] [SYSTEM_IO]: Userdata requested: Foreground
[20-00-18] [SYSTEM_IO]: Userdata requested: Foreground
[20-00-18] [SYSTEM_IO]: Userdata requested: Font
[20-00-18] [SYSTEM_IO]: Userdata requested: OutputFill
[20-00-18] [SYSTEM_IO]: Userdata requested: InputFill
[20-00-18] [ACTION]: CyderFrame disposed with fastclose: true, CyderFrame: Component name = [cyder.ui.CyderFrame], bounds = [(1476, 327, 600, 600)], hash = [727728235], parentFrame = [Object itself is the top level frame], associated text = [No getText() method found], tooltip text = [No getTooltipText() method found], title = [Cyder Splash]
[20-00-19] [ACTION]: Console loaded in 3616ms
[20-00-19] [SYSTEM_IO]: Userdata requested: DebugWindows
[20-00-19] [ENTRY]: [TESTING MODE]
[20-00-19] [SYSTEM_IO]: Userdata requested: laststart
[20-00-19] [ACTION]: [Stellar Cyder [Nathan]] [NOTIFICATION] Console loaded in 3616ms
[20-00-19] [SYSTEM_IO]: Userdata requested: persistentnotifications
[20-00-29] [SYSTEM_IO]: Userdata requested: minimizeonclose
[20-00-29] [SYSTEM_IO]: Userdata requested: Name
[20-00-29] [LOGOUT]: [Nathan]
[20-00-29] [ACTION]: CyderFrame disposed with fastclose: false, CyderFrame: Component name = [cyder.ui.ConsoleFrame], bounds = [(1357, 262, 743, 708)], hash = [1848125895], parentFrame = [Object itself is the top level frame], associated text = [No getText() method found], tooltip text = [No getTooltipText() method found], title = [Stellar Cyder [Nathan]]
[20-00-29] [SYSTEM_IO]: Userdata requested: closeanimation
[20-00-29] [EXIT]: [RUNTIME] 14s
[20-00-29] [EOL]: Log completed, exiting Cyder with exit code: 25 [Genesis Controlled Exit], exceptions thrown: 0
