[20-25-49] [ENTRY]: [Nathan]
[20-25-49] [SYSTEM_IO]: System data pared in IOUtil's static block
[20-25-49] [SYSTEM_IO]: Suggestions pared in IOUtil's static block
[20-25-49] [SYSTEM_IO]: Exit conditions pared in IOUtil's static block
[20-25-49] [SYSTEM_IO]: DebugHashes pared in IOUtil's static block
[20-25-52] [LOGIN]: [AUTOCYPHER ATTEMPT]
[20-25-52] [JAVA ARGS]: [LOCATION] [La casa de Nathan]
[20-25-52] [LOGIN]: [AUTOCYPHER PASS, e5a50641-21d1-3654-b738-c0e4b2dc61b1]
[20-25-52] [SYSTEM_IO]: Userdata requested: Name
[20-25-52] [SYSTEM_IO]: Userdata requested: RandomBackground
[20-25-52] [SYSTEM_IO]: Userdata requested: FullScreen
[20-25-52] [SYSTEM_IO]: Userdata requested: Name
[20-25-52] [SYSTEM_IO]: Userdata requested: Foreground
[20-25-52] [SYSTEM_IO]: Userdata requested: Foreground
[20-25-52] [SYSTEM_IO]: Userdata requested: FullScreen
[20-25-52] [SYSTEM_IO]: Userdata requested: FullScreen
[20-25-52] [SYSTEM_IO]: Userdata requested: Foreground
[20-25-52] [SYSTEM_IO]: Userdata requested: Font
[20-25-52] [SYSTEM_IO]: Userdata requested: OutputBorder
[20-25-52] [SYSTEM_IO]: Userdata requested: FullScreen
[20-25-52] [SYSTEM_IO]: Userdata requested: InputBorder
[20-25-52] [SYSTEM_IO]: Userdata requested: Foreground
[20-25-52] [SYSTEM_IO]: Userdata requested: Foreground
[20-25-52] [SYSTEM_IO]: Userdata requested: Foreground
[20-25-52] [SYSTEM_IO]: Userdata requested: Font
[20-25-52] [SYSTEM_IO]: Userdata requested: OutputFill
[20-25-52] [SYSTEM_IO]: Userdata requested: InputFill
[20-25-53] [ACTION]: CyderFrame disposed with fastclose: true, CyderFrame: Component name = [cyder.ui.CyderFrame], bounds = [(980, 396, 600, 600)], hash = [1535859417], parentFrame = [Object itself is the top level frame], associated text = [No getText() method found], tooltip text = [No getTooltipText() method found], title = [Cyder Splash]
[20-25-53] [ACTION]: Console loaded in 4755ms
[20-25-53] [SYSTEM_IO]: Userdata requested: DebugWindows
[20-25-53] [ENTRY]: [TESTING MODE]
[20-25-53] [SYSTEM_IO]: Userdata requested: laststart
[20-25-53] [ACTION]: [Stellar Cyder [Nathan]] [NOTIFICATION] Console loaded in 4755ms
[20-25-53] [SYSTEM_IO]: Userdata requested: persistentnotifications
[20-26-03] [SYSTEM_IO]: Userdata requested: minimizeonclose
[20-26-03] [SYSTEM_IO]: Userdata requested: Name
[20-26-03] [LOGOUT]: [Nathan]
[20-26-03] [ACTION]: CyderFrame disposed with fastclose: false, CyderFrame: Component name = [cyder.ui.ConsoleFrame], bounds = [(1170, 428, 600, 600)], hash = [1072377306], parentFrame = [Object itself is the top level frame], associated text = [No getText() method found], tooltip text = [No getTooltipText() method found], title = [Stellar Cyder [Nathan]]
[20-26-03] [SYSTEM_IO]: Userdata requested: closeanimation
[20-26-03] [EXIT]: [RUNTIME] 15s
[20-26-03] [EOL]: Log completed, exiting Cyder with exit code: 25 [Genesis Controlled Exit], exceptions thrown: 0
