[20-23-11] [ENTRY]: [Nathan]
[20-23-12] [SYSTEM_IO]: System data pared in IOUtil's static block
[20-23-12] [SYSTEM_IO]: Suggestions pared in IOUtil's static block
[20-23-12] [SYSTEM_IO]: Exit conditions pared in IOUtil's static block
[20-23-12] [SYSTEM_IO]: DebugHashes pared in IOUtil's static block
[20-23-14] [LOGIN]: [AUTOCYPHER ATTEMPT]
[20-23-14] [JAVA ARGS]: [LOCATION] [La casa de Nathan]
[20-23-14] [LOGIN]: [AUTOCYPHER PASS, e5a50641-21d1-3654-b738-c0e4b2dc61b1]
[20-23-14] [SYSTEM_IO]: Userdata requested: Name
[20-23-14] [SYSTEM_IO]: Userdata requested: RandomBackground
[20-23-14] [SYSTEM_IO]: Userdata requested: FullScreen
[20-23-14] [SYSTEM_IO]: Userdata requested: Name
[20-23-15] [SYSTEM_IO]: Userdata requested: Foreground
[20-23-15] [SYSTEM_IO]: Userdata requested: Foreground
[20-23-15] [SYSTEM_IO]: Userdata requested: FullScreen
[20-23-15] [SYSTEM_IO]: Userdata requested: FullScreen
[20-23-15] [SYSTEM_IO]: Userdata requested: Foreground
[20-23-15] [SYSTEM_IO]: Userdata requested: Font
[20-23-15] [SYSTEM_IO]: Userdata requested: OutputBorder
[20-23-15] [SYSTEM_IO]: Userdata requested: FullScreen
[20-23-15] [SYSTEM_IO]: Userdata requested: InputBorder
[20-23-15] [SYSTEM_IO]: Userdata requested: Foreground
[20-23-15] [SYSTEM_IO]: Userdata requested: Foreground
[20-23-15] [SYSTEM_IO]: Userdata requested: Foreground
[20-23-15] [SYSTEM_IO]: Userdata requested: Font
[20-23-15] [SYSTEM_IO]: Userdata requested: OutputFill
[20-23-15] [SYSTEM_IO]: Userdata requested: InputFill
[20-23-15] [ACTION]: CyderFrame disposed with fastclose: true, CyderFrame: Component name = [cyder.ui.CyderFrame], bounds = [(980, 396, 600, 600)], hash = [1495004693], parentFrame = [Object itself is the top level frame], associated text = [No getText() method found], tooltip text = [No getTooltipText() method found], title = [Cyder Splash]
[20-23-15] [ACTION]: Console loaded in 3846ms
[20-23-15] [SYSTEM_IO]: Userdata requested: DebugWindows
[20-23-15] [ENTRY]: [TESTING MODE]
[20-23-15] [SYSTEM_IO]: Userdata requested: laststart
[20-23-15] [ACTION]: [Stellar Cyder [Nathan]] [NOTIFICATION] Console loaded in 3846ms
[20-23-15] [SYSTEM_IO]: Userdata requested: persistentnotifications
[20-23-47] [SYSTEM_IO]: Userdata requested: minimizeonclose
[20-23-47] [SYSTEM_IO]: Userdata requested: Name
[20-23-47] [LOGOUT]: [Nathan]
[20-23-47] [ACTION]: CyderFrame disposed with fastclose: false, CyderFrame: Component name = [cyder.ui.ConsoleFrame], bounds = [(1170, 428, 600, 600)], hash = [159290353], parentFrame = [Object itself is the top level frame], associated text = [No getText() method found], tooltip text = [No getTooltipText() method found], title = [Stellar Cyder [Nathan]]
[20-23-47] [SYSTEM_IO]: Userdata requested: closeanimation
[20-23-48] [EXIT]: [RUNTIME] 36s
[20-23-48] [EOL]: Log completed, exiting Cyder with exit code: 25 [Genesis Controlled Exit], exceptions thrown: 0
