[21-10-24] [ENTRY]: [Nathan]
[21-10-24] [SYSTEM_IO]: System data pared in IOUtil's static block
[21-10-24] [SYSTEM_IO]: Suggestions pared in IOUtil's static block
[21-10-24] [SYSTEM_IO]: Exit conditions pared in IOUtil's static block
[21-10-24] [SYSTEM_IO]: DebugHashes pared in IOUtil's static block
[21-10-27] [LOGIN]: [AUTOCYPHER ATTEMPT]
[21-10-27] [JAVA ARGS]: [LOCATION] [La casa de Nathan]
[21-10-27] [LOGIN]: [AUTOCYPHER PASS, e5a50641-21d1-3654-b738-c0e4b2dc61b1]
[21-10-27] [SYSTEM_IO]: Userdata requested: Name
[21-10-27] [SYSTEM_IO]: Userdata requested: RandomBackground
[21-10-27] [SYSTEM_IO]: Userdata requested: FullScreen
[21-10-27] [SYSTEM_IO]: Userdata requested: Name
[21-10-27] [SYSTEM_IO]: Userdata requested: Foreground
[21-10-27] [SYSTEM_IO]: Userdata requested: Foreground
[21-10-27] [SYSTEM_IO]: Userdata requested: FullScreen
[21-10-27] [SYSTEM_IO]: Userdata requested: FullScreen
[21-10-27] [SYSTEM_IO]: Userdata requested: Foreground
[21-10-27] [SYSTEM_IO]: Userdata requested: Font
[21-10-27] [SYSTEM_IO]: Userdata requested: OutputBorder
[21-10-27] [SYSTEM_IO]: Userdata requested: FullScreen
[21-10-27] [SYSTEM_IO]: Userdata requested: InputBorder
[21-10-27] [SYSTEM_IO]: Userdata requested: Foreground
[21-10-27] [SYSTEM_IO]: Userdata requested: Foreground
[21-10-27] [SYSTEM_IO]: Userdata requested: Foreground
[21-10-27] [SYSTEM_IO]: Userdata requested: Font
[21-10-27] [SYSTEM_IO]: Userdata requested: OutputFill
[21-10-27] [SYSTEM_IO]: Userdata requested: InputFill
[21-10-28] [ACTION]: CyderFrame disposed with fastclose: true, CyderFrame: Component name = [cyder.ui.CyderFrame], bounds = [(980, 396, 600, 600)], hash = [727728235], parentFrame = [Object itself is the top level frame], associated text = [No getText() method found], tooltip text = [No getTooltipText() method found], title = [Cyder Splash]
[21-10-28] [ACTION]: Console loaded in 3868ms
[21-10-28] [SYSTEM_IO]: Userdata requested: DebugWindows
[21-10-28] [ENTRY]: [TESTING MODE]
[21-10-28] [SYSTEM_IO]: Userdata requested: laststart
[21-10-28] [ACTION]: [Stellar Cyder [Nathan]] [NOTIFICATION] Console loaded in 3868ms
[21-10-28] [SYSTEM_IO]: Userdata requested: persistentnotifications
[21-10-58] [CLIENT]: fullscreen
[21-10-58] [SYSTEM_IO]: Userdata requested: filterchat
[21-10-58] [SYSTEM_IO]: Userdata requested: fullscreen
[21-10-58] [SYSTEM_IO]: Userdata requested: OutputBorder
[21-10-58] [SYSTEM_IO]: Userdata requested: InputBorder
[21-10-58] [SYSTEM_IO]: Userdata requested: FullScreen
[21-10-58] [SYSTEM_IO]: Userdata requested: FullScreen
[21-10-59] [CONSOLE_OUT]: [STRING] Fullscreen set to true
[21-10-59] [SYSTEM_IO]: Userdata requested: ClockOnConsole
[21-10-59] [SYSTEM_IO]: Userdata requested: OutputFill
[21-10-59] [SYSTEM_IO]: Userdata requested: InputFill
[21-10-59] [HANDLE]: CONSOLE PREFERENCE TOGGLE HANDLED
[21-10-59] [HANDLE]: FINAL HANDLE
[21-11-01] [CLIENT]: fullscreen
[21-11-01] [SYSTEM_IO]: Userdata requested: filterchat
[21-11-01] [SYSTEM_IO]: Userdata requested: fullscreen
[21-11-01] [SYSTEM_IO]: Userdata requested: OutputBorder
[21-11-01] [SYSTEM_IO]: Userdata requested: InputBorder
[21-11-01] [SYSTEM_IO]: Userdata requested: FullScreen
[21-11-01] [CONSOLE_OUT]: [STRING] Fullscreen set to false
[21-11-01] [SYSTEM_IO]: Userdata requested: ClockOnConsole
[21-11-01] [SYSTEM_IO]: Userdata requested: OutputFill
[21-11-01] [SYSTEM_IO]: Userdata requested: InputFill
[21-11-01] [HANDLE]: CONSOLE PREFERENCE TOGGLE HANDLED
[21-11-01] [HANDLE]: FINAL HANDLE
[21-11-02] [SYSTEM_IO]: Userdata requested: minimizeonclose
[21-11-02] [SYSTEM_IO]: Userdata requested: Name
[21-11-02] [LOGOUT]: [Nathan]
[21-11-02] [ACTION]: CyderFrame disposed with fastclose: false, CyderFrame: Component name = [cyder.ui.ConsoleFrame], bounds = [(0, 0, 743, 708)], hash = [231202600], parentFrame = [Object itself is the top level frame], associated text = [No getText() method found], tooltip text = [No getTooltipText() method found], title = [Stellar Cyder [Nathan]]
[21-11-02] [SYSTEM_IO]: Userdata requested: closeanimation
[21-11-02] [EXIT]: [RUNTIME] 38s
[21-11-02] [EOL]: Log completed, exiting Cyder with exit code: 25 [Genesis Controlled Exit], exceptions thrown: 0
