[21-26-32] [ENTRY]: [Nathan]
[21-26-32] [SYSTEM_IO]: System data pared in IOUtil's static block
[21-26-32] [SYSTEM_IO]: Suggestions pared in IOUtil's static block
[21-26-32] [SYSTEM_IO]: Exit conditions pared in IOUtil's static block
[21-26-32] [SYSTEM_IO]: DebugHashes pared in IOUtil's static block
[21-26-34] [LOGIN]: [AUTOCYPHER ATTEMPT]
[21-26-34] [JAVA ARGS]: [LOCATION] [La casa de Nathan]
[21-26-35] [LOGIN]: [AUTOCYPHER PASS, e5a50641-21d1-3654-b738-c0e4b2dc61b1]
[21-26-35] [SYSTEM_IO]: Userdata requested: Name
[21-26-35] [SYSTEM_IO]: Userdata requested: RandomBackground
[21-26-35] [SYSTEM_IO]: Userdata requested: FullScreen
[21-26-35] [SYSTEM_IO]: Userdata requested: Name
[21-26-35] [SYSTEM_IO]: Userdata requested: Foreground
[21-26-35] [SYSTEM_IO]: Userdata requested: Foreground
[21-26-35] [SYSTEM_IO]: Userdata requested: FullScreen
[21-26-35] [SYSTEM_IO]: Userdata requested: FullScreen
[21-26-35] [SYSTEM_IO]: Userdata requested: Foreground
[21-26-35] [SYSTEM_IO]: Userdata requested: Font
[21-26-35] [SYSTEM_IO]: Userdata requested: OutputBorder
[21-26-35] [SYSTEM_IO]: Userdata requested: FullScreen
[21-26-35] [SYSTEM_IO]: Userdata requested: InputBorder
[21-26-35] [SYSTEM_IO]: Userdata requested: Foreground
[21-26-35] [SYSTEM_IO]: Userdata requested: Foreground
[21-26-35] [SYSTEM_IO]: Userdata requested: Foreground
[21-26-35] [SYSTEM_IO]: Userdata requested: Font
[21-26-35] [SYSTEM_IO]: Userdata requested: OutputFill
[21-26-35] [SYSTEM_IO]: Userdata requested: InputFill
[21-26-35] [ACTION]: CyderFrame disposed with fastclose: true, CyderFrame: Component name = [cyder.ui.CyderFrame], bounds = [(980, 396, 600, 600)], hash = [1866264877], parentFrame = [Object itself is the top level frame], associated text = [No getText() method found], tooltip text = [No getTooltipText() method found], title = [Cyder Splash]
[21-26-35] [ACTION]: Console loaded in 3798ms
[21-26-35] [SYSTEM_IO]: Userdata requested: DebugWindows
[21-26-35] [ENTRY]: [TESTING MODE]
[21-26-35] [SYSTEM_IO]: Userdata requested: laststart
[21-26-35] [ACTION]: [Stellar Cyder [Nathan]] [NOTIFICATION] Console loaded in 3798ms
[21-26-36] [SYSTEM_IO]: Userdata requested: persistentnotifications
[21-26-38] [SYSTEM_IO]: Userdata requested: minimizeonclose
[21-26-38] [SYSTEM_IO]: Userdata requested: Name
[21-26-38] [LOGOUT]: [Nathan]
[21-26-38] [ACTION]: CyderFrame disposed with fastclose: false, CyderFrame: Component name = [cyder.ui.ConsoleFrame], bounds = [(846, 392, 743, 708)], hash = [1222768327], parentFrame = [Object itself is the top level frame], associated text = [No getText() method found], tooltip text = [No getTooltipText() method found], title = [Stellar Cyder [Nathan]]
[21-26-38] [SYSTEM_IO]: Userdata requested: closeanimation
[21-26-38] [EXIT]: [RUNTIME] 6s
[21-26-38] [EOL]: Log completed, exiting Cyder with exit code: 25 [Genesis Controlled Exit], exceptions thrown: 0
