[22-40-07] [ENTRY]: [Nathan]
[22-40-07] [SYSTEM_IO]: System data pared in IOUtil's static block
[22-40-07] [SYSTEM_IO]: Suggestions pared in IOUtil's static block
[22-40-07] [SYSTEM_IO]: Exit conditions pared in IOUtil's static block
[22-40-07] [SYSTEM_IO]: DebugHashes pared in IOUtil's static block
[22-40-09] [LOGIN]: [AUTOCYPHER ATTEMPT]
[22-40-09] [JAVA ARGS]: [LOCATION] [La casa de Nathan]
[22-40-09] [LOGIN]: [AUTOCYPHER PASS, e5a50641-21d1-3654-b738-c0e4b2dc61b1]
[22-40-09] [SYSTEM_IO]: Userdata requested: Name
[22-40-09] [SYSTEM_IO]: Userdata requested: RandomBackground
[22-40-09] [SYSTEM_IO]: Userdata requested: FullScreen
[22-40-09] [SYSTEM_IO]: Userdata requested: Name
[22-40-09] [SYSTEM_IO]: Userdata requested: Foreground
[22-40-09] [SYSTEM_IO]: Userdata requested: Foreground
[22-40-09] [SYSTEM_IO]: Userdata requested: FullScreen
[22-40-09] [SYSTEM_IO]: Userdata requested: FullScreen
[22-40-09] [SYSTEM_IO]: Userdata requested: Foreground
[22-40-09] [SYSTEM_IO]: Userdata requested: Font
[22-40-09] [SYSTEM_IO]: Userdata requested: OutputBorder
[22-40-09] [SYSTEM_IO]: Userdata requested: FullScreen
[22-40-09] [SYSTEM_IO]: Userdata requested: InputBorder
[22-40-09] [SYSTEM_IO]: Userdata requested: Foreground
[22-40-09] [SYSTEM_IO]: Userdata requested: Foreground
[22-40-09] [SYSTEM_IO]: Userdata requested: Foreground
[22-40-09] [SYSTEM_IO]: Userdata requested: Font
[22-40-09] [SYSTEM_IO]: Userdata requested: OutputFill
[22-40-09] [SYSTEM_IO]: Userdata requested: InputFill
[22-40-09] [ACTION]: CyderFrame disposed with fastclose: true, CyderFrame: Component name = [cyder.ui.CyderFrame], bounds = [(980, 396, 600, 600)], hash = [112572043], parentFrame = [Object itself is the top level frame], associated text = [No getText() method found], tooltip text = [No getTooltipText() method found], title = [Cyder Splash]
[22-40-10] [ACTION]: Console loaded in 3082ms
[22-40-10] [SYSTEM_IO]: Userdata requested: DebugWindows
[22-40-10] [ENTRY]: [TESTING MODE]
[22-40-10] [SYSTEM_IO]: Userdata requested: laststart
[22-40-10] [ACTION]: [Stellar Cyder [Nathan]] [NOTIFICATION] Console loaded in 3082ms
[22-40-10] [SYSTEM_IO]: Userdata requested: persistentnotifications
[22-40-11] [SYSTEM_IO]: Userdata requested: minimizeonclose
[22-40-11] [SYSTEM_IO]: Userdata requested: Name
[22-40-11] [LOGOUT]: [Nathan]
[22-40-11] [ACTION]: CyderFrame disposed with fastclose: false, CyderFrame: Component name = [cyder.ui.ConsoleFrame], bounds = [(846, 392, 743, 708)], hash = [105579928], parentFrame = [Object itself is the top level frame], associated text = [No getText() method found], tooltip text = [No getTooltipText() method found], title = [Stellar Cyder [Nathan]]
[22-40-11] [SYSTEM_IO]: Userdata requested: closeanimation
[22-40-11] [EXIT]: [RUNTIME] 4s
[22-40-11] [EOL]: Log completed, exiting Cyder with exit code: 25 [Genesis Controlled Exit], exceptions thrown: 0
