          _____                _____                    _____                    _____                    _____
         /\    \              |\    \                  /\    \                  /\    \                  /\    \
        /::\    \             |:\____\                /::\    \                /::\    \                /::\    \
       /::::\    \            |::|   |               /::::\    \              /::::\    \              /::::\    \
      /::::::\    \           |::|   |              /::::::\    \            /::::::\    \            /::::::\    \
     /:::/\:::\    \          |::|   |             /:::/\:::\    \          /:::/\:::\    \          /:::/\:::\    \
    /:::/  \:::\    \         |::|   |            /:::/  \:::\    \        /:::/__\:::\    \        /:::/__\:::\    \
   /:::/    \:::\    \        |::|   |           /:::/    \:::\    \      /::::\   \:::\    \      /::::\   \:::\    \
  /:::/    / \:::\    \       |::|___|______    /:::/    / \:::\    \    /::::::\   \:::\    \    /::::::\   \:::\    \
 /:::/    /   \:::\    \      /::::::::\    \  /:::/    /   \:::\ ___\  /:::/\:::\   \:::\    \  /:::/\:::\   \:::\____\
/:::/____/     \:::\____\    /::::::::::\____\/:::/____/     \:::|    |/:::/__\:::\   \:::\____\/:::/  \:::\   \:::|    |
\:::\    \      \::/    /   /:::/~~~~/~~      \:::\    \     /:::|____|\:::\   \:::\   \::/    /\::/   |::::\  /:::|____|
 \:::\    \      \/____/   /:::/    /          \:::\    \   /:::/    /  \:::\   \:::\   \/____/  \/____|:::::\/:::/    /
  \:::\    \              /:::/    /            \:::\    \ /:::/    /    \:::\   \:::\    \            |:::::::::/    /
   \:::\    \            /:::/    /              \:::\    /:::/    /      \:::\   \:::\____\           |::|\::::/    /
    \:::\    \           \::/    /                \:::\  /:::/    /        \:::\   \::/    /           |::| \::/____/
     \:::\    \           \/____/                  \:::\/:::/    /          \:::\   \/____/            |::|  ~|
      \:::\    \                                    \::::::/    /            \:::\    \                |::|   |
       \:::\____\                                    \::::/    /              \:::\____\               \::|   |
        \::/    /                                     \::/____/                \::/    /                \:|   |
         \/____/                                       ~~                       \/____/                  \|___|


[21-11-33] [ENTRY]: Nathan
[21-11-33] [DEBUG]: Found prop file: props\propkeys.ini
[21-11-33] [DEBUG]: Found prop file: props\props.ini
[21-11-33] [PROP LOADED]: [key = map_quest_api_key]
[21-11-33] [PROP LOADED]: [key = youtube_api_3_key]
[21-11-33] [PROP LOADED]: [key = ip_key]
[21-11-33] [PROP LOADED]: [key = weather_key]
[21-11-33] [PROP LOADED]: [key = debug_hash_name, value = Nathan]
[21-11-33] [PROP LOADED]: [key = debug_hash_password, value = 571b100a3b69f7b09828c0b61d325b15e52c512c14fdcf6d248f7ca733d0a7f6]
[21-11-33] [PROP LOADED]: [key = default_weather_location, value = Austin,Tx,USA]
[21-11-33] [PROP LOADED]: [key = ignore_data, value = typinganimation,showseconds,roundedwindows,windowcolor,audiolength
           ,capsmode,typingsound,showbusyicon]
[21-11-33] [PROP LOADED]: [key = font_metric, value = 1]
[21-11-33] [PROP LOADED]: [key = released, value = false]
[21-11-33] [PROP LOADED]: [key = version, value = Liminal]
[21-11-33] [PROP LOADED]: [key = release_date, value = 22.7.4]
[21-11-33] [PROP LOADED]: [key = components_relocatable, value = false]
[21-11-33] [PROP LOADED]: [key = testing_mode, value = true]
[21-11-33] [PROP LOADED]: [key = autocypher, value = true]
[21-11-33] [PROP LOADED]: [key = dispose_splash, value = true]
[21-11-33] [PROP LOADED]: [key = wipe_logs_on_start, value = true]
[21-11-33] [PROP LOADED]: [key = activate_watchdog, value = false]
[21-11-33] [PROP LOADED]: [key = ffmpeg_audio_output_format, value = mp3]
[21-11-33] [PROP LOADED]: [key = printing_animation_char_timeout, value = 8]
[21-11-33] [PROP LOADED]: [key = printing_animation_line_timeout, value = 100]
[21-11-33] [PROP LOADED]: [key = ui_scale, value = 0.25]
[21-11-33] [PROP LOADED]: [key = auto_trigger_similar_commands, value = true]
[21-11-33] [PROP LOADED]: [key = auto_trigger_similar_command_tolerance, value = 0.95]
[21-11-33] [DEBUG]: Jar mode set as: FALSE
[21-11-34] [THREAD STARTED]: Object Creation Logger
[21-11-34] [DEBUG]: Watchdog skipped
[21-11-34] [DEBUG]: Executing subroutine: RegisterFonts
[21-11-35] [FONT LOADED]: agency-fb
[21-11-35] [FONT LOADED]: arial-black
[21-11-35] [FONT LOADED]: beyno
[21-11-35] [FONT LOADED]: condiment-regular
[21-11-35] [FONT LOADED]: prompt-bold
[21-11-35] [FONT LOADED]: segoe-ui-black
[21-11-35] [FONT LOADED]: tahoma
[21-11-35] [DEBUG]: Executing subroutine: SingularInstance
[21-11-35] [THREAD STARTED]: Singular Cyder Instance Ensurer
[21-11-35] [DEBUG]: Executing subroutine: SufficientSubroutines
[21-11-35] [DEBUG]: Executing subroutine: SupportedOs
[21-11-35] [DEBUG]: Executing subroutine: Validations
[21-11-35] [SYSTEM IO]: Requested deletion of: C:\Users\Nathan\Documents\IntelliJava\Cyder\dynamic\tmp
[21-11-36] [DEBUG]: Class annotated with @Vanilla does not end with Widget; name: cyder.games.HangmanGame
[21-11-36] [DEBUG]: Class annotated with @Vanilla does not end with Widget; name: cyder.games.TttGame
[21-11-36] [THREAD STARTED]: Splash Loader
[21-11-36] [DEBUG]: Executing subroutine: RegisterFonts
[21-11-36] [DEBUG]: Executing subroutine: SingularInstance
[21-11-36] [DEBUG]: Executing subroutine: SufficientSubroutines
[21-11-36] [THREAD STARTED]: JVM Args Logger
[21-11-36] [DEBUG]: Executing subroutine: SupportedOs
[21-11-36] [DEBUG]: Executing subroutine: Validations
[21-11-36] [LOGIN]: AutoCypher Attempt
[21-11-36] [THREAD STARTED]: Splash Animation
[21-11-36] [THREAD STARTED]: Enter animation, frame=Cyder Splash
[21-11-36] [UNIQUE OBJECT CREATED]: Console singleton constructed
[21-11-37] [OBJECT CREATION]: Objects created since last delta (5000ms): 78
[21-11-37] [DEBUG]: Cyder Entry = AutoCypher
[21-11-37] [THREAD STARTED]: High Ping Checker
[21-11-37] [DEBUG]: Latency of Google found to be 46ms
[21-11-37] [THREAD STARTED]: Console Printing Animation
[21-11-37] [THREAD STARTED]: Hourly Chime Checker
[21-11-37] [THREAD STARTED]: Console Clock Updater
[21-11-37] [THREAD STARTED]: Cyder Busy Checker
[21-11-37] [THREAD STARTED]: Console Stat Saver
[21-11-37] [THREAD STARTED]: [Cyder Splash] dispose() animation thread
[21-11-37] [THREAD STARTED]: [Cyder Splash] dispose() animation thread
[21-11-37] [UI]: CyderFrame disposed with fastclose=true, getTitle=Cyder Splash
[21-11-38] [CONSOLE LOADED]: [Nathan] [TESTING MODE]
[21-11-38] [THREAD STARTED]: Manual Tests Thread
[21-11-38] [CONSOLE OUT]: [STRING]: Console loaded in 4489ms
[21-11-38] [DEBUG]: Attempted to log a new or empty line
[21-11-38] [THREAD STARTED]: Splash Loading Label Updater
[21-11-40] [SYSTEM IO]: [JSON WRITE] [Levenshtein = 5] User was written to file: 7d7ebb00-81fe-329f-8a78-62f463d0b7da
           \Userdata.json
[21-11-40] [SYSTEM IO]: Requested deletion of: C:\Users\Nathan\Documents\IntelliJava\Cyder\dynamic\backup\7d7ebb00-81fe-
           329f-8a78-62f463d0b7da_1657937477770.json
[21-11-41] [CLIENT]: prefs
[21-11-41] [CONSOLE OUT]: [STRING]: Opening widget: UserEditor
[21-11-41] [THREAD STARTED]: Enter animation, frame=Preferences
[21-11-41] [WIDGET]: UserEditor, trigger = prefs
[21-11-41] [THREAD STARTED]: [Preferences] finalizeAndShow()
[21-11-41] [DEBUG]: Attempted to log a new or empty line
[21-11-42] [OBJECT CREATION]: Objects created since last delta (5000ms): 78
[21-11-43] [THREAD STARTED]: minimize menu thread
[21-11-43] [THREAD STARTED]: Console menu animator
[21-11-44] [THREAD STARTED]: Preferences Opacity Decrement Animator
[21-11-44] [THREAD STARTED]: Preferences Opacity Increment Animator
[21-11-46] [UI]: Component = CyderLabel, hash = 1135852674, bounds = (0, 0, 75, 75), parent frame = Liminal Cyder
           [Nathan], getText() = <html><div style='text-align: center;'>Pref</html>
[21-11-47] [OBJECT CREATION]: Objects created since last delta (5000ms): 19
[21-11-47] [UI]: Component = CyderLabel, hash = 1611624646, bounds = (0, 0, 75, 75), parent frame = Liminal Cyder
           [Nathan], getText() = <html><div style='text-align: center;'>Pref</html>
[21-11-48] [UI]: Component = CyderLabel, hash = 407535394, bounds = (0, 0, 75, 75), parent frame = Liminal Cyder
           [Nathan], getText() = <html><div style='text-align: center;'>Pref</html>
[21-11-49] [UI]: Component = CyderLabel, hash = 1501537464, bounds = (0, 0, 75, 75), parent frame = Liminal Cyder
           [Nathan], getText() = <html><div style='text-align: center;'>Pref</html>
[21-11-51] [UI]: Component = CyderLabel, hash = 1950293378, bounds = (0, 0, 75, 75), parent frame = Liminal Cyder
           [Nathan], getText() = <html><div style='text-align: center;'>Pref</html>
[21-11-51] [UI]: Component = CyderLabel, hash = 298085642, bounds = (0, 0, 75, 75), parent frame = Liminal Cyder
           [Nathan], getText() = <html><div style='text-align: center;'>Pref</html>
[21-11-52] [OBJECT CREATION]: Objects created since last delta (5000ms): 44
[21-11-53] [UI]: Component = CyderLabel, hash = 511377427, bounds = (0, 0, 75, 75), parent frame = Liminal Cyder
           [Nathan], getText() = <html><div style='text-align: center;'>Pref</html>
[21-11-53] [UI]: Component = CyderLabel, hash = 300286677, bounds = (0, 0, 75, 75), parent frame = Liminal Cyder
           [Nathan], getText() = <html><div style='text-align: center;'>Pref</html>
[21-11-54] [UI]: Component = CyderLabel, hash = 2017394972, bounds = (0, 0, 75, 75), parent frame = Liminal Cyder
           [Nathan], getText() = <html><div style='text-align: center;'>Pref</html>
[21-11-54] [UI]: Component = CyderLabel, hash = 1506782128, bounds = (0, 0, 75, 75), parent frame = Liminal Cyder
           [Nathan], getText() = <html><div style='text-align: center;'>Pref</html>
[21-11-55] [UI]: Component = CyderLabel, hash = 762415327, bounds = (0, 0, 75, 75), parent frame = Liminal Cyder
           [Nathan], getText() = <html><div style='text-align: center;'>Pref</html>
[21-11-55] [UI]: Component = CyderLabel, hash = 1570364542, bounds = (0, 0, 75, 75), parent frame = Liminal Cyder
           [Nathan], getText() = <html><div style='text-align: center;'>Pref</html>
[21-11-56] [UI]: Component = CyderLabel, hash = 1175003054, bounds = (0, 0, 75, 75), parent frame = Liminal Cyder
           [Nathan], getText() = <html><div style='text-align: center;'>Pref</html>
[21-11-57] [OBJECT CREATION]: Objects created since last delta (5000ms): 59
[21-11-57] [UI]: Component = CyderLabel, hash = 1943115758, bounds = (0, 0, 75, 75), parent frame = Liminal Cyder
           [Nathan], getText() = <html><div style='text-align: center;'>Pref</html>
[21-11-57] [UI]: Component = CyderLabel, hash = 21320638, bounds = (0, 0, 75, 75), parent frame = Liminal Cyder
           [Nathan], getText() = <html><div style='text-align: center;'>Pref</html>
[21-11-58] [UI]: Component = CyderLabel, hash = 674284650, bounds = (0, 0, 75, 75), parent frame = Liminal Cyder
           [Nathan], getText() = <html><div style='text-align: center;'>Pref</html>
[21-11-59] [UI]: Component = CyderLabel, hash = 1111924322, bounds = (0, 0, 75, 75), parent frame = Liminal Cyder
           [Nathan], getText() = <html><div style='text-align: center;'>Pref</html>
[21-12-00] [UI]: Component = CyderLabel, hash = 1196462915, bounds = (0, 0, 75, 75), parent frame = Liminal Cyder
           [Nathan], getText() = <html><div style='text-align: center;'>Pref</html>
[21-12-01] [UI]: Component = CyderLabel, hash = 147316047, bounds = (0, 0, 75, 75), parent frame = Liminal Cyder
           [Nathan], getText() = <html><div style='text-align: center;'>Pref</html>
[21-12-02] [OBJECT CREATION]: Objects created since last delta (5000ms): 49
[21-12-03] [UI]: Component = CyderLabel, hash = 1599192510, bounds = (0, 0, 75, 75), parent frame = Liminal Cyder
           [Nathan], getText() = <html><div style='text-align: center;'>Pref</html>
[21-12-04] [UI]: Component = CyderLabel, hash = 2059983372, bounds = (0, 0, 75, 75), parent frame = Liminal Cyder
           [Nathan], getText() = <html><div style='text-align: center;'>Pref</html>
[21-12-07] [OBJECT CREATION]: Objects created since last delta (5000ms): 20
[21-12-16] [UI]: Component = CyderLabel, hash = 368346399, bounds = (0, 0, 75, 75), parent frame = Liminal Cyder
           [Nathan], getText() = <html><div style='text-align: center;'>Pref</html>
[21-12-17] [OBJECT CREATION]: Objects created since last delta (5000ms): 12
[21-12-17] [UI]: Component = CyderLabel, hash = 2124253683, bounds = (0, 0, 75, 75), parent frame = Liminal Cyder
           [Nathan], getText() = <html><div style='text-align: center;'>Pref</html>
[21-12-17] [UI]: Component = CyderLabel, hash = 1814508264, bounds = (0, 0, 75, 75), parent frame = Liminal Cyder
           [Nathan], getText() = <html><div style='text-align: center;'>Pref</html>
[21-12-18] [UI]: Component = CyderLabel, hash = 1219622306, bounds = (0, 0, 75, 75), parent frame = Liminal Cyder
           [Nathan], getText() = <html><div style='text-align: center;'>Pref</html>
[21-12-19] [UI]: Component = CyderLabel, hash = 687076195, bounds = (0, 0, 75, 75), parent frame = Liminal Cyder
           [Nathan], getText() = <html><div style='text-align: center;'>Pref</html>
[21-12-20] [UI]: Component = CyderLabel, hash = 427665612, bounds = (0, 0, 75, 75), parent frame = Liminal Cyder
           [Nathan], getText() = <html><div style='text-align: center;'>Pref</html>
[21-12-21] [UI]: Component = CyderLabel, hash = 1712701243, bounds = (0, 0, 75, 75), parent frame = Liminal Cyder
           [Nathan], getText() = <html><div style='text-align: center;'>Pref</html>
[21-12-22] [OBJECT CREATION]: Objects created since last delta (5000ms): 44
[21-12-27] [OBJECT CREATION]: Objects created since last delta (5000ms): 4
[21-12-28] [UI]: Component = CyderLabel, hash = 42819157, bounds = (0, 0, 75, 75), parent frame = Liminal Cyder
           [Nathan], getText() = <html><div style='text-align: center;'>Pref</html>
[21-12-30] [UI]: Component = CyderLabel, hash = 292396490, bounds = (0, 0, 75, 75), parent frame = Liminal Cyder
           [Nathan], getText() = <html><div style='text-align: center;'>Pref</html>
[21-12-30] [UI]: Component = CyderLabel, hash = 172668779, bounds = (0, 0, 75, 75), parent frame = Liminal Cyder
           [Nathan], getText() = <html><div style='text-align: center;'>Pref</html>
[21-12-31] [UI]: Component = CyderLabel, hash = 1400741958, bounds = (0, 0, 75, 75), parent frame = Liminal Cyder
           [Nathan], getText() = <html><div style='text-align: center;'>Pref</html>
[21-12-31] [UI]: Component = CyderLabel, hash = 433489863, bounds = (0, 0, 75, 75), parent frame = Liminal Cyder
           [Nathan], getText() = <html><div style='text-align: center;'>Pref</html>
[21-12-32] [OBJECT CREATION]: Objects created since last delta (5000ms): 32
[21-12-37] [OBJECT CREATION]: Objects created since last delta (5000ms): 12
[21-12-39] [CLIENT]: login
[21-12-39] [THREAD STARTED]: Enter animation, frame=Cyder Login [Liminal Build]
[21-12-39] [THREAD STARTED]: Login printing animation
[21-12-39] [THREAD STARTED]: Login Input Caret Position Updater
[21-12-39] [WIDGET]: LoginHandler, trigger = login
[21-12-39] [CONSOLE OUT]: [STRING]: Opening widget: LoginHandler
[21-12-39] [THREAD STARTED]: [Cyder Login [Liminal Build]] finalizeAndShow()
[21-12-40] [DEBUG]: Attempted to log a new or empty line
[21-12-42] [OBJECT CREATION]: Objects created since last delta (5000ms): 32
[21-12-43] [THREAD STARTED]: Cyder Login [Liminal Build] Opacity Decrement Animator
[21-12-44] [THREAD STARTED]: Cyder Login [Liminal Build] Opacity Increment Animator
[21-12-45] [THREAD STARTED]: Cyder Login [Liminal Build] Opacity Decrement Animator
[21-12-46] [THREAD STARTED]: Cyder Login [Liminal Build] Opacity Increment Animator
[21-12-47] [THREAD STARTED]: Cyder Login [Liminal Build] Opacity Decrement Animator
[21-12-48] [THREAD STARTED]: Cyder Login [Liminal Build] Opacity Increment Animator
[21-12-49] [THREAD STARTED]: Cyder Login [Liminal Build] Opacity Decrement Animator
[21-12-49] [THREAD STARTED]: Cyder Login [Liminal Build] Opacity Increment Animator
[21-12-51] [UI]: Component = CyderLabel, hash = 677212618, bounds = (0, 0, 75, 75), parent frame = Liminal Cyder
           [Nathan], getText() = <html><div style='text-align: center;'>Cyde</html>
[21-12-52] [UI]: Component = CyderLabel, hash = 677212618, bounds = (0, 0, 75, 75), parent frame = Liminal Cyder
           [Nathan], getText() = <html><div style='text-align: center;'>Cyde</html>
[21-12-52] [UI]: Component = CyderLabel, hash = 677212618, bounds = (0, 0, 75, 75), parent frame = Liminal Cyder
           [Nathan], getText() = <html><div style='text-align: center;'>Cyde</html>
[21-12-53] [UI]: Component = CyderLabel, hash = 677212618, bounds = (0, 0, 75, 75), parent frame = Liminal Cyder
           [Nathan], getText() = <html><div style='text-align: center;'>Cyde</html>
[21-12-53] [UI]: Component = CyderLabel, hash = 677212618, bounds = (0, 0, 75, 75), parent frame = Liminal Cyder
           [Nathan], getText() = <html><div style='text-align: center;'>Cyde</html>
[21-12-54] [UI]: Component = CyderLabel, hash = 677212618, bounds = (0, 0, 75, 75), parent frame = Liminal Cyder
           [Nathan], getText() = <html><div style='text-align: center;'>Cyde</html>
[21-12-54] [UI]: Component = CyderLabel, hash = 677212618, bounds = (0, 0, 75, 75), parent frame = Liminal Cyder
           [Nathan], getText() = <html><div style='text-align: center;'>Cyde</html>
[21-12-56] [THREAD STARTED]: [Liminal Cyder [Nathan]] dispose() animation thread
[21-12-56] [UI]: CyderFrame disposed with fastclose=false, getTitle=Liminal Cyder [Nathan]
[21-12-56] [EXIT]: [RUNTIME] 1m 22.95s
[21-12-56] [EOL]: Log completed, exiting Cyder with exit code: 0 [Genesis Controlled Exit], exceptions thrown: no
           exceptions thrown
