          _____                _____                    _____                    _____                    _____
         /\    \              |\    \                  /\    \                  /\    \                  /\    \
        /::\    \             |:\____\                /::\    \                /::\    \                /::\    \
       /::::\    \            |::|   |               /::::\    \              /::::\    \              /::::\    \
      /::::::\    \           |::|   |              /::::::\    \            /::::::\    \            /::::::\    \
     /:::/\:::\    \          |::|   |             /:::/\:::\    \          /:::/\:::\    \          /:::/\:::\    \
    /:::/  \:::\    \         |::|   |            /:::/  \:::\    \        /:::/__\:::\    \        /:::/__\:::\    \
   /:::/    \:::\    \        |::|   |           /:::/    \:::\    \      /::::\   \:::\    \      /::::\   \:::\    \
  /:::/    / \:::\    \       |::|___|______    /:::/    / \:::\    \    /::::::\   \:::\    \    /::::::\   \:::\    \
 /:::/    /   \:::\    \      /::::::::\    \  /:::/    /   \:::\ ___\  /:::/\:::\   \:::\    \  /:::/\:::\   \:::\____\
/:::/____/     \:::\____\    /::::::::::\____\/:::/____/     \:::|    |/:::/__\:::\   \:::\____\/:::/  \:::\   \:::|    |
\:::\    \      \::/    /   /:::/~~~~/~~      \:::\    \     /:::|____|\:::\   \:::\   \::/    /\::/   |::::\  /:::|____|
 \:::\    \      \/____/   /:::/    /          \:::\    \   /:::/    /  \:::\   \:::\   \/____/  \/____|:::::\/:::/    /
  \:::\    \              /:::/    /            \:::\    \ /:::/    /    \:::\   \:::\    \            |:::::::::/    /
   \:::\    \            /:::/    /              \:::\    /:::/    /      \:::\   \:::\____\           |::|\::::/    /
    \:::\    \           \::/    /                \:::\  /:::/    /        \:::\   \::/    /           |::| \::/____/
     \:::\    \           \/____/                  \:::\/:::/    /          \:::\   \/____/            |::|  ~|
      \:::\    \                                    \::::::/    /            \:::\    \                |::|   |
       \:::\____\                                    \::::/    /              \:::\____\               \::|   |
        \::/    /                                     \::/____/                \::/    /                \:|   |
         \/____/                                       ~~                       \/____/                  \|___|


[21-38-07] [ENTRY]: Nathan
[21-38-07] [PROP LOADED]: [key = map_quest_api_key]
[21-38-07] [PROP LOADED]: [key = youtube_api_3_key]
[21-38-07] [PROP LOADED]: [key = ip_key]
[21-38-07] [PROP LOADED]: [key = weather_key]
[21-38-07] [PROP LOADED]: [key = debug_hash_name]
[21-38-07] [PROP LOADED]: [key = debug_hash_password]
[21-38-07] [PROP LOADED]: [key = default_weather_location, value = Austin,Tx,USA]
[21-38-07] [PROP LOADED]: [key = ignore_data, value = typinganimation,showseconds,roundedwindows,windowcolor,audiolength
           ,capsmode,typingsound,showbusyicon]
[21-38-07] [PROP LOADED]: [key = font_metric, value = 1]
[21-38-07] [PROP LOADED]: [key = released, value = false]
[21-38-07] [PROP LOADED]: [key = fast_test, value = false]
[21-38-07] [PROP LOADED]: [key = version, value = Liminal]
[21-38-07] [PROP LOADED]: [key = release_date, value = 22.6.2]
[21-38-07] [PROP LOADED]: [key = components_relocatable, value = false]
[21-38-07] [PROP LOADED]: [key = testing_mode, value = true]
[21-38-07] [PROP LOADED]: [key = autocypher, value = true]
[21-38-07] [PROP LOADED]: [key = dispose_splash, value = true]
[21-38-07] [PROP LOADED]: [key = wipe_logs_on_start, value = false]
[21-38-07] [PROP LOADED]: [key = activate_watchdog, value = false]
[21-38-07] [PROP LOADED]: [key = ffmpeg_audio_output_format, value = mp3]
[21-38-07] [PROP LOADED]: [key = printing_animation_char_timeout, value = 8]
[21-38-07] [PROP LOADED]: [key = printing_animation_line_timeout, value = 100]
[21-38-07] [PROP LOADED]: [key = ui_scale, value = 1.0]
[21-38-07] [THREAD STARTED]: Object Creation Logger
[21-38-07] [DEBUG]: Watchdog skipped
[21-38-07] [THREAD STARTED]: Singular Cyder Instance Ensurer
[21-38-09] [FONT LOADED]: agency-fb
[21-38-09] [FONT LOADED]: arial-black
[21-38-09] [FONT LOADED]: beyno
[21-38-09] [FONT LOADED]: condiment-regular
[21-38-09] [FONT LOADED]: prompt-bold
[21-38-09] [FONT LOADED]: segoe-ui-black
[21-38-09] [FONT LOADED]: tahoma
[21-38-09] [THREAD STARTED]: Splash Loader
[21-38-09] [SYSTEM IO]: Requested deletion of: C:\Users\Nathan\Documents\IntelliJava\Cyder\dynamic\tmp
[21-38-20] [EOL]: Log completed, Cyder crashed unexpectedly: exit code: -9 External Stop, exceptions thrown: 0