[14-15-26] [ENTRY]: [Nathan]
[14-15-26] [THREAD STARTED]: Singular Cyder Instance Ensurer
[14-15-27] [THREAD STARTED]: Splash Loader
[14-15-27] [THREAD STARTED]: Splash Animation
[14-15-27] [THREAD STARTED]: Cyder Start Secondary Subroutines
[14-15-27] [LOGIN]: [AUTOCYPHER ATTEMPT]
[14-15-27] [THREAD STARTED]: JVM Logger
[14-15-27] [ACTION]: Requested deletion of: C:\Users\Nathan\Documents\IntelliJava\Cyder\dynamic\tmp
[14-15-27] [ACTION]: [DELETION FAILED] C:\Users\Nathan\Documents\IntelliJava\Cyder\dynamic\tmp
[14-15-27] [SYSTEM_IO]: [JSON Saved] User was written to file: 7d7ebb00-81fe-329f-8a78-62f463d0b7da\Userdata.json [3x]
[14-15-28] [LOGIN]: [[AUTOCYPHER PASS]: 7d7ebb00-81fe-329f-8a78-62f463d0b7da]
[14-15-28] [SYSTEM_IO]: [JSON Saved] User was written to file: 7d7ebb00-81fe-329f-8a78-62f463d0b7da\Userdata.json
[14-15-28] [SYSTEM_IO]: Userdata requested: RandomBackground
[14-15-28] [SYSTEM_IO]: Userdata requested: FullScreen
[14-15-28] [SYSTEM_IO]: Userdata requested: fullscreen
[14-15-28] [SYSTEM_IO]: Userdata requested: FullScreen [2x]
[14-15-28] [THREAD STARTED]: Console Printing Animation
[14-15-28] [SYSTEM_IO]: Userdata requested: OutputBorder
[14-15-28] [SYSTEM_IO]: Userdata requested: FullScreen
[14-15-28] [SYSTEM_IO]: Userdata requested: InputBorder
[14-15-28] [THREAD STARTED]: Console Input Caret Position Updater
[14-15-28] [SYSTEM_IO]: Userdata requested: OutputFill
[14-15-28] [SYSTEM_IO]: Userdata requested: InputFill
[14-15-28] [SYSTEM_IO]: Created temperatory file: 14-15-28.stacktrace
[14-15-28] [EXCEPTION]:
Exception origin: cyder.ui.ConsoleFrame.launch(ConsoleFrame.java:713)
From line: 713
Trace: java.lang.NullPointerException
at cyder.ui.ConsoleFrame.launch(ConsoleFrame.java:713)
at cyder.handlers.internal.LoginHandler.recognize(LoginHandler.java:513)
at cyder.handlers.internal.LoginHandler.autoCypher(LoginHandler.java:553)
at cyder.handlers.internal.LoginHandler.determineCyderEntry(LoginHandler.java:447)
at cyder.genesis.Cyder.main(Cyder.java:119)
[14-15-28] [SYSTEM_IO]: Userdata requested: SilenceErrors
[14-15-55] [EOL]: Log completed, Cyder crashed unexpectedly: exit code: -9 External Stop, exceptions thrown: 1
