[14-14-06] [ENTRY]: [Nathan]
[14-14-06] [THREAD STARTED]: Singular Cyder Instance Ensurer
[14-14-07] [THREAD STARTED]: Splash Loader
[14-14-07] [THREAD STARTED]: Splash Animation
[14-14-08] [THREAD STARTED]: Cyder Start Secondary Subroutines
[14-14-08] [LOGIN]: [AUTOCYPHER ATTEMPT]
[14-14-08] [THREAD STARTED]: JVM Logger
[14-14-08] [ACTION]: Requested deletion of: C:\Users\Nathan\Documents\IntelliJava\Cyder\dynamic\tmp
[14-14-08] [SYSTEM_IO]: [JSON Saved] User was written to file: 7d7ebb00-81fe-329f-8a78-62f463d0b7da\Userdata.json [2x]
[14-14-08] [ACTION]: Requested deletion of: C:\Users\Nathan\Documents\IntelliJava\Cyder\dynamic\backup\7d7ebb00-81fe-329f-8a78-62f463d0b7da_1646597648263.json
[14-14-08] [SYSTEM_IO]: [JSON Saved] User was written to file: 7d7ebb00-81fe-329f-8a78-62f463d0b7da\Userdata.json
[14-14-08] [ACTION]: Requested deletion of: C:\Users\Nathan\Documents\IntelliJava\Cyder\dynamic\backup\7d7ebb00-81fe-329f-8a78-62f463d0b7da_1646597648298.json
[14-14-08] [LOGIN]: [[AUTOCYPHER PASS]: 7d7ebb00-81fe-329f-8a78-62f463d0b7da]
[14-14-08] [SYSTEM_IO]: [JSON Saved] User was written to file: 7d7ebb00-81fe-329f-8a78-62f463d0b7da\Userdata.json
[14-14-08] [ACTION]: Requested deletion of: C:\Users\Nathan\Documents\IntelliJava\Cyder\dynamic\backup\7d7ebb00-81fe-329f-8a78-62f463d0b7da_1646597648309.json
[14-14-08] [SYSTEM_IO]: Userdata requested: RandomBackground
[14-14-08] [SYSTEM_IO]: Userdata requested: FullScreen
[14-14-08] [SYSTEM_IO]: Userdata requested: fullscreen
[14-14-08] [SYSTEM_IO]: Userdata requested: FullScreen [2x]
[14-14-08] [THREAD STARTED]: Console Printing Animation
[14-14-08] [SYSTEM_IO]: Userdata requested: OutputBorder
[14-14-08] [SYSTEM_IO]: Userdata requested: FullScreen
[14-14-08] [SYSTEM_IO]: Userdata requested: InputBorder
[14-14-08] [THREAD STARTED]: Console Input Caret Position Updater
[14-14-08] [SYSTEM_IO]: Userdata requested: OutputFill
[14-14-08] [SYSTEM_IO]: Userdata requested: InputFill
[14-14-08] [SYSTEM_IO]: Created temperatory file: 14-14-08.stacktrace
[14-14-08] [EXCEPTION]:
Exception origin: cyder.ui.ConsoleFrame.launch(ConsoleFrame.java:713)
From line: 713
Trace: java.lang.NullPointerException
at cyder.ui.ConsoleFrame.launch(ConsoleFrame.java:713)
at cyder.handlers.internal.LoginHandler.recognize(LoginHandler.java:513)
at cyder.handlers.internal.LoginHandler.autoCypher(LoginHandler.java:553)
at cyder.handlers.internal.LoginHandler.determineCyderEntry(LoginHandler.java:447)
at cyder.genesis.Cyder.main(Cyder.java:119)
[14-14-08] [SYSTEM_IO]: Userdata requested: SilenceErrors
[14-14-59] [ACTION]: CyderFrame disposed with fastclose: true, CyderFrame: Component name = [cyder.ui.CyderFrame], bounds = [(980, 396, 600, 600)], hash = [1558558659], parentFrame = [Object itself is the top level frame], associated text = [No getText() method found], tooltip text = [No getTooltipText() method found], title = [Cyder Splash]
[14-14-59] [THREAD STARTED]: Cyder Splash CyderFrame dispose thread
[14-15-01] [ACTION]: Component name = [cyder.ui.DragLabel], bounds = [(2, 2, 391, 28)], hash = [-14688418], parentFrame = [Startup Exception], associated text = [No getText() method found], tooltip text = [No getTooltipText() method found], title = [No getTitle() method found]
[14-15-01] [ACTION]: CyderFrame disposed with fastclose: false, CyderFrame: Component name = [cyder.ui.CyderFrame], bounds = [(1083, 646, 395, 100)], hash = [338022143], parentFrame = [Object itself is the top level frame], associated text = [No getText() method found], tooltip text = [No getTooltipText() method found], title = [Startup Exception]
[14-15-01] [THREAD STARTED]: Startup Exception CyderFrame dispose thread
[14-15-01] [SYSTEM_IO]: Userdata requested: closeanimation
[14-15-01] [EXIT]: [RUNTIME] 55s
[14-15-01] [EOL]: Log completed, exiting Cyder with exit code: -7 [Fatal Timeout], exceptions thrown: 1
