[22-44-09] [ENTRY]: [Nathan]
[22-44-09] [SYSTEM_IO]: System data pared in IOUtil's static block
[22-44-09] [SYSTEM_IO]: Suggestions pared in IOUtil's static block
[22-44-09] [SYSTEM_IO]: Exit conditions pared in IOUtil's static block
[22-44-09] [SYSTEM_IO]: DebugHashes pared in IOUtil's static block
[22-44-11] [LOGIN]: [AUTOCYPHER ATTEMPT]
[22-44-11] [JAVA ARGS]: [LOCATION] [La casa de Nathan]
[22-44-12] [LOGIN]: [AUTOCYPHER PASS, e5a50641-21d1-3654-b738-c0e4b2dc61b1]
[22-44-12] [SYSTEM_IO]: Userdata requested: Name
[22-44-12] [SYSTEM_IO]: Userdata requested: RandomBackground
[22-44-12] [SYSTEM_IO]: Userdata requested: FullScreen
[22-44-12] [SYSTEM_IO]: Userdata requested: Name
[22-44-12] [SYSTEM_IO]: Userdata requested: Foreground
[22-44-12] [SYSTEM_IO]: Userdata requested: Foreground
[22-44-12] [SYSTEM_IO]: Userdata requested: FullScreen
[22-44-12] [SYSTEM_IO]: Userdata requested: FullScreen
[22-44-12] [SYSTEM_IO]: Userdata requested: Foreground
[22-44-12] [SYSTEM_IO]: Userdata requested: Font
[22-44-12] [SYSTEM_IO]: Userdata requested: OutputBorder
[22-44-12] [SYSTEM_IO]: Userdata requested: FullScreen
[22-44-12] [SYSTEM_IO]: Userdata requested: InputBorder
[22-44-12] [SYSTEM_IO]: Userdata requested: Foreground
[22-44-12] [SYSTEM_IO]: Userdata requested: Foreground
[22-44-12] [SYSTEM_IO]: Userdata requested: Foreground
[22-44-12] [SYSTEM_IO]: Userdata requested: Font
[22-44-12] [SYSTEM_IO]: Userdata requested: OutputFill
[22-44-12] [SYSTEM_IO]: Userdata requested: InputFill
[22-44-12] [ACTION]: CyderFrame disposed with fastclose: true, CyderFrame: Component name = [cyder.ui.CyderFrame], bounds = [(980, 396, 600, 600)], hash = [1335937374], parentFrame = [Object itself is the top level frame], associated text = [No getText() method found], tooltip text = [No getTooltipText() method found], title = [Cyder Splash]
[22-44-12] [ACTION]: Console loaded in 3555ms
[22-44-12] [SYSTEM_IO]: Userdata requested: DebugWindows
[22-44-12] [ENTRY]: [TESTING MODE]
[22-44-12] [SYSTEM_IO]: Userdata requested: laststart
[22-44-12] [SYSTEM_IO]: Userdata requested: IntroMusic
[22-44-12] [ACTION]: [Stellar Cyder [Nathan]] [NOTIFICATION] Console loaded in 3555ms
[22-44-13] [SYSTEM_IO]: Userdata requested: persistentnotifications
[22-44-20] [CLIENT]: hell
[22-44-20] [SYSTEM_IO]: Userdata requested: filterchat
[22-44-20] [CONSOLE_OUT]: [STRING] Unknown command
[22-44-20] [ACTION]: Similar command to "hell" found with tol of 0.8888889, command = "hello"
[22-44-20] [CONSOLE_OUT]: [STRING] Most similar command: "hello"
[22-44-22] [CLIENT]: hello
[22-44-22] [SYSTEM_IO]: Userdata requested: filterchat
[22-44-22] [HANDLE]: GENERAL PRINT COMMAND HANDLED
[22-44-22] [HANDLE]: PRIMARY HANDLE
[22-44-22] [CONSOLE_OUT]: [STRING] Go ahead...
[22-44-23] [CLIENT]: clear
[22-44-23] [SYSTEM_IO]: Userdata requested: filterchat
[22-44-23] [HANDLE]: GENERAL COMMAND HANDLED
[22-44-23] [HANDLE]: PRIMARY HANDLE
[22-44-25] [SYSTEM_IO]: Userdata requested: minimizeonclose
[22-44-25] [SYSTEM_IO]: Userdata requested: Name
[22-44-25] [LOGOUT]: [Nathan]
[22-44-25] [ACTION]: CyderFrame disposed with fastclose: false, CyderFrame: Component name = [cyder.ui.ConsoleFrame], bounds = [(521, 435, 1280, 720)], hash = [2068598972], parentFrame = [Object itself is the top level frame], associated text = [No getText() method found], tooltip text = [No getTooltipText() method found], title = [Stellar Cyder [Nathan]]
[22-44-25] [SYSTEM_IO]: Userdata requested: closeanimation
[22-44-25] [EXIT]: [RUNTIME] 16s
[22-44-25] [EOL]: Log completed, exiting Cyder with exit code: 25 [Genesis Controlled Exit], exceptions thrown: 0
