[12-15-14] [ENTRY]: [Nathan]
[12-15-15] [THREAD STARTED]: Singular Cyder Instance Ensurer
[12-15-15] [THREAD STARTED]: Splash Loader
[12-15-15] [THREAD STARTED]: Splash Animation
[12-15-16] [DEBUG]: Method annotated with @Widget is not named showGUI(); name: Christmas2020
[12-15-16] [DEBUG]: Method annotated with @Widget is not named showGUI(); name: Christmas2021
[12-15-16] [DEBUG]: Method annotated with @Widget is not named showGUI(); name: FathersDay2021
[12-15-16] [DEBUG]: Method annotated with @Widget is not named showGUI(); name: Birthday2021
[12-15-16] [THREAD STARTED]: Cyder Start Secondary Subroutines
[12-15-16] [LOGIN]: [AUTOCYPHER ATTEMPT]
[12-15-16] [JAVA ARGS]: [LOCATION] [La casa de Nathan]
[12-15-16] [ACTION]: Requested deletion of: C:\Users\Nathan\Documents\IntelliJava\Cyder\dynamic\tmp
[12-15-16] [ACTION]: [DELETION FAILED] C:\Users\Nathan\Documents\IntelliJava\Cyder\dynamic\tmp
[12-15-16] [LOGIN]: [[AUTOCYPHER PASS]: e5a50641-21d1-3654-b738-c0e4b2dc61b1]
[12-15-16] [SYSTEM_IO]: Userdata requested: RandomBackground
[12-15-16] [SYSTEM_IO]: Userdata requested: FullScreen
[12-15-17] [SYSTEM_IO]: Userdata requested: fullscreen
[12-15-17] [SYSTEM_IO]: Userdata requested: FullScreen [2x]
[12-15-17] [THREAD STARTED]: Console Printing Animation
[12-15-17] [SYSTEM_IO]: Userdata requested: OutputBorder
[12-15-17] [SYSTEM_IO]: Userdata requested: FullScreen
[12-15-17] [SYSTEM_IO]: Userdata requested: InputBorder
[12-15-17] [THREAD STARTED]: Console Input Caret Position Updater
[12-15-17] [SYSTEM_IO]: Userdata requested: OutputFill
[12-15-17] [SYSTEM_IO]: Userdata requested: InputFill
[12-15-17] [THREAD STARTED]: High Ping Checker
[12-15-17] [THREAD STARTED]: Hourly Chime Checker
[12-15-17] [THREAD STARTED]: Console Clock Updater
[12-15-17] [THREAD STARTED]: Cyder Busy Checker
[12-15-17] [THREAD STARTED]: ConsoleFrame Data Saver
[12-15-17] [ACTION]: Console loaded in 2682ms
[12-15-17] [THREAD STARTED]: Component name = [cyder.ui.ConsoleFrame], bounds = [(1356, 370, 996, 655)], hash = [446445803], parentFrame = [Object itself is the top level frame], associated text = [No getText() method found], tooltip text = [No getTooltipText() method found], title = [Insomnia Cyder [Nathan]] notification queue checker
[12-15-17] [ACTION]: CyderFrame disposed with fastclose: true, CyderFrame: Component name = [cyder.ui.CyderFrame], bounds = [(980, 396, 600, 600)], hash = [1385599838], parentFrame = [Object itself is the top level frame], associated text = [No getText() method found], tooltip text = [No getTooltipText() method found], title = [Cyder Splash]
[12-15-17] [THREAD STARTED]: Cyder Splash CyderFrame dispose thread
[12-15-17] [SYSTEM_IO]: Userdata requested: DebugWindows
[12-15-17] [ENTRY]: [TESTING MODE]
[12-15-17] [SYSTEM_IO]: Userdata requested: laststart
[12-15-17] [ACTION]: [Insomnia Cyder [Nathan]] [NOTIFICATION] Console loaded in 2682ms
[12-15-17] [THREAD STARTED]: notification appear animation
[12-15-17] [SYSTEM_IO]: Userdata requested: persistentnotifications
[12-15-17] [THREAD STARTED]: Notificaiton vanish animater -1865377144
[12-15-26] [SYSTEM_IO]: Userdata requested: minimizeonclose
[12-15-26] [ACTION]: CyderFrame disposed with fastclose: false, CyderFrame: Component name = [cyder.ui.ConsoleFrame], bounds = [(1356, 370, 996, 655)], hash = [446445803], parentFrame = [Object itself is the top level frame], associated text = [No getText() method found], tooltip text = [No getTooltipText() method found], title = [Insomnia Cyder [Nathan]]
[12-15-26] [THREAD STARTED]: Insomnia Cyder [Nathan] CyderFrame dispose thread
[12-15-26] [SYSTEM_IO]: Userdata requested: closeanimation
[12-15-26] [EXIT]: [RUNTIME] 11s
[12-15-26] [EOL]: Log completed, exiting Cyder with exit code: 0 [Genesis Controlled Exit], exceptions thrown: 0
