[13-42-05] [ENTRY]: [Nathan]
[13-42-05] [THREAD STARTED]: Singular Cyder Instance Ensurer
[13-42-06] [THREAD STARTED]: Splash Loader
[13-42-06] [THREAD STARTED]: Splash Animation
[13-42-07] [DEBUG]: Method annotated with @Widget is not named showGUI(); name: Birthday2021
[13-42-07] [DEBUG]: Method annotated with @Widget is not named showGUI(); name: Christmas2021
[13-42-07] [DEBUG]: Method annotated with @Widget is not named showGUI(); name: Christmas2020
[13-42-07] [DEBUG]: Method annotated with @Widget is not named showGUI(); name: FathersDay2021
[13-42-07] [THREAD STARTED]: Cyder Start Secondary Subroutines
[13-42-07] [LOGIN]: [AUTOCYPHER ATTEMPT]
[13-42-07] [JAVA ARGS]: [LOCATION] [La casa de Nathan]
[13-42-07] [ACTION]: Requested deletion of: C:\Users\Nathan\Documents\IntelliJava\Cyder\dynamic\tmp
[13-42-07] [ACTION]: [DELETION FAILED] C:\Users\Nathan\Documents\IntelliJava\Cyder\dynamic\tmp
[13-42-07] [SYSTEM_IO]: [User Write] User was written to file: e5a50641-21d1-3654-b738-c0e4b2dc61b1\Userdata.json [2x]
[13-42-07] [LOGIN]: [[AUTOCYPHER PASS]: e5a50641-21d1-3654-b738-c0e4b2dc61b1]
[13-42-07] [SYSTEM_IO]: [User Write] User was written to file: e5a50641-21d1-3654-b738-c0e4b2dc61b1\Userdata.json
[13-42-07] [SYSTEM_IO]: Userdata requested: RandomBackground
[13-42-07] [SYSTEM_IO]: Userdata requested: FullScreen
[13-42-07] [SYSTEM_IO]: Userdata requested: fullscreen
[13-42-07] [SYSTEM_IO]: Userdata requested: FullScreen [2x]
[13-42-07] [THREAD STARTED]: Console Printing Animation
[13-42-07] [SYSTEM_IO]: Userdata requested: OutputBorder
[13-42-07] [SYSTEM_IO]: Userdata requested: FullScreen
[13-42-07] [SYSTEM_IO]: Userdata requested: InputBorder
[13-42-07] [THREAD STARTED]: Console Input Caret Position Updater
[13-42-07] [SYSTEM_IO]: Userdata requested: OutputFill
[13-42-07] [SYSTEM_IO]: Userdata requested: InputFill
[13-42-07] [THREAD STARTED]: High Ping Checker
[13-42-07] [THREAD STARTED]: Hourly Chime Checker
[13-42-07] [THREAD STARTED]: Console Clock Updater
[13-42-07] [THREAD STARTED]: Cyder Busy Checker
[13-42-07] [THREAD STARTED]: ConsoleFrame Data Saver
[13-42-08] [ACTION]: Console loaded in 2618ms
[13-42-08] [THREAD STARTED]: Component name = [cyder.ui.ConsoleFrame], bounds = [(1356, 370, 996, 655)], hash = [1817789863], parentFrame = [Object itself is the top level frame], associated text = [No getText() method found], tooltip text = [No getTooltipText() method found], title = [Insomnia Cyder [Nathan]] notification queue checker
[13-42-08] [ACTION]: CyderFrame disposed with fastclose: true, CyderFrame: Component name = [cyder.ui.CyderFrame], bounds = [(980, 396, 600, 600)], hash = [184488480], parentFrame = [Object itself is the top level frame], associated text = [No getText() method found], tooltip text = [No getTooltipText() method found], title = [Cyder Splash]
[13-42-08] [THREAD STARTED]: Cyder Splash CyderFrame dispose thread
[13-42-08] [SYSTEM_IO]: Userdata requested: DebugWindows
[13-42-08] [ENTRY]: [TESTING MODE]
[13-42-08] [SYSTEM_IO]: Userdata requested: laststart
[13-42-08] [SYSTEM_IO]: [User Write] User was written to file: e5a50641-21d1-3654-b738-c0e4b2dc61b1\Userdata.json
[13-42-08] [ACTION]: [Insomnia Cyder [Nathan]] [NOTIFICATION] Console loaded in 2618ms
[13-42-08] [THREAD STARTED]: notification appear animation
[13-42-08] [SYSTEM_IO]: Userdata requested: persistentnotifications
[13-42-08] [THREAD STARTED]: Notificaiton vanish animater 1922447137
[13-43-07] [SYSTEM_IO]: [User Write] User was written to file: e5a50641-21d1-3654-b738-c0e4b2dc61b1\Userdata.json [16x]
[13-43-09] [ACTION]: Component name = [cyder.ui.DragLabel], bounds = [(2, 2, 896, 28)], hash = [-14203113], parentFrame = [Paint], associated text = [No getText() method found], tooltip text = [No getTooltipText() method found], title = [No getTitle() method found]
[13-43-09] [ACTION]: CyderFrame disposed with fastclose: false, CyderFrame: Component name = [cyder.ui.CyderFrame], bounds = [(1404, 233, 900, 930)], hash = [990519998], parentFrame = [Object itself is the top level frame], associated text = [No getText() method found], tooltip text = [No getTooltipText() method found], title = [Paint]
[13-43-09] [THREAD STARTED]: Paint CyderFrame dispose thread
[13-43-09] [SYSTEM_IO]: Userdata requested: closeanimation
[13-43-26] [SYSTEM_IO]: [User Write] User was written to file: e5a50641-21d1-3654-b738-c0e4b2dc61b1\Userdata.json [5x]
[13-43-29] [CLIENT]: gitme
[13-43-29] [SYSTEM_IO]: Userdata requested: filterchat
[13-43-29] [CONSOLE_OUT]: [STRING] [main bdbb6089] finding where to zoom from works, adding/removing nodes still does not
[13-43-29] [CONSOLE_OUT]: [STRING]  18 files changed, 647 insertions(+), 32 deletions(-)
[13-43-29] [CONSOLE_OUT]: [STRING]  create mode 100644 logs/2022-02-26/13-16-31-1.log
[13-43-29] [CONSOLE_OUT]: [STRING]  create mode 100644 logs/2022-02-26/13-17-42-1.log
[13-43-29] [CONSOLE_OUT]: [STRING]  create mode 100644 logs/2022-02-26/13-19-14-1.log
[13-43-29] [CONSOLE_OUT]: [STRING]  create mode 100644 logs/2022-02-26/13-21-13-1.log
[13-43-29] [CONSOLE_OUT]: [STRING]  create mode 100644 logs/2022-02-26/13-29-15-1.log
[13-43-29] [CONSOLE_OUT]: [STRING]  create mode 100644 logs/2022-02-26/13-30-06-1.log
[13-43-29] [CONSOLE_OUT]: [STRING]  create mode 100644 logs/2022-02-26/13-31-58-1.log
[13-43-29] [CONSOLE_OUT]: [STRING]  create mode 100644 logs/2022-02-26/13-33-39-1.log
[13-43-29] [CONSOLE_OUT]: [STRING]  create mode 100644 logs/2022-02-26/13-35-40-1.log
[13-43-29] [CONSOLE_OUT]: [STRING]  create mode 100644 logs/2022-02-26/13-40-19-1.log
[13-43-29] [CONSOLE_OUT]: [STRING]  create mode 100644 logs/2022-02-26/13-42-05-1.log
[13-43-30] [SYSTEM_IO]: [User Write] User was written to file: e5a50641-21d1-3654-b738-c0e4b2dc61b1\Userdata.json
[13-43-31] [CONSOLE_OUT]: [STRING] remote: This repository moved. Please use the new location:
[13-43-31] [CONSOLE_OUT]: [STRING] remote:   https://github.com/NathanCheshire/Cyder.git
[13-43-31] [CONSOLE_OUT]: [STRING] Branch 'main' set up to track remote branch 'main' from 'origin'.
[13-43-31] [CONSOLE_OUT]: [STRING] To https://github.com/nathancheshire/Cyder.git
[13-43-31] [CONSOLE_OUT]: [STRING]    8c7f8679..bdbb6089  main -> main
[13-43-31] [HANDLE]: GENERAL COMMAND HANDLED
[13-43-31] [HANDLE]: PRIMARY HANDLE
[13-43-33] [SYSTEM_IO]: [User Write] User was written to file: e5a50641-21d1-3654-b738-c0e4b2dc61b1\Userdata.json
[13-43-37] [SYSTEM_IO]: Userdata requested: minimizeonclose
[13-43-37] [SYSTEM_IO]: [User Write] User was written to file: e5a50641-21d1-3654-b738-c0e4b2dc61b1\Userdata.json
[13-43-37] [ACTION]: CyderFrame disposed with fastclose: false, CyderFrame: Component name = [cyder.ui.ConsoleFrame], bounds = [(1356, 370, 996, 655)], hash = [1817789863], parentFrame = [Object itself is the top level frame], associated text = [No getText() method found], tooltip text = [No getTooltipText() method found], title = [Insomnia Cyder [Nathan]]
[13-43-37] [THREAD STARTED]: Insomnia Cyder [Nathan] CyderFrame dispose thread
[13-43-37] [SYSTEM_IO]: Userdata requested: closeanimation
[13-43-37] [EXIT]: [RUNTIME] 1m 31s
[13-43-37] [EOL]: Log completed, exiting Cyder with exit code: 0 [Genesis Controlled Exit], exceptions thrown: 0
