[17-47-00] [ENTRY]: [Nathan]
[17-47-00] [THREAD STARTED]: Singular Cyder Instance Ensurer
[17-47-01] [THREAD STARTED]: Splash Loader
[17-47-01] [THREAD STARTED]: Splash Animation
[17-47-01] [DEBUG]: Method annotated with @Widget is not named showGUI(); name: Birthday2021
[17-47-01] [DEBUG]: Method annotated with @Widget is not named showGUI(); name: Christmas2021
[17-47-01] [DEBUG]: Method annotated with @Widget is not named showGUI(); name: FathersDay2021
[17-47-01] [DEBUG]: Method annotated with @Widget is not named showGUI(); name: Christmas2020
[17-47-01] [THREAD STARTED]: Cyder Start Secondary Subroutines
[17-47-01] [LOGIN]: [AUTOCYPHER ATTEMPT]
[17-47-01] [JAVA ARGS]: [LOCATION] [La casa de Nathan]
[17-47-01] [ACTION]: Requested deletion of: C:\Users\Nathan\Documents\IntelliJava\Cyder\dynamic\tmp
[17-47-01] [ACTION]: [DELETION FAILED] C:\Users\Nathan\Documents\IntelliJava\Cyder\dynamic\tmp
[17-47-01] [SYSTEM_IO]: [User Write] User was written to file: e5a50641-21d1-3654-b738-c0e4b2dc61b1\Userdata.json [2x]
[17-47-02] [LOGIN]: [[AUTOCYPHER PASS]: e5a50641-21d1-3654-b738-c0e4b2dc61b1]
[17-47-02] [SYSTEM_IO]: [User Write] User was written to file: e5a50641-21d1-3654-b738-c0e4b2dc61b1\Userdata.json
[17-47-02] [SYSTEM_IO]: Userdata requested: RandomBackground
[17-47-02] [SYSTEM_IO]: Userdata requested: FullScreen
[17-47-02] [SYSTEM_IO]: Userdata requested: fullscreen
[17-47-02] [SYSTEM_IO]: Userdata requested: FullScreen [2x]
[17-47-02] [THREAD STARTED]: Console Printing Animation
[17-47-02] [SYSTEM_IO]: Userdata requested: OutputBorder
[17-47-02] [SYSTEM_IO]: Userdata requested: FullScreen
[17-47-02] [SYSTEM_IO]: Userdata requested: InputBorder
[17-47-02] [THREAD STARTED]: Console Input Caret Position Updater
[17-47-02] [SYSTEM_IO]: Userdata requested: OutputFill
[17-47-02] [SYSTEM_IO]: Userdata requested: InputFill
[17-47-02] [THREAD STARTED]: High Ping Checker
[17-47-02] [THREAD STARTED]: Hourly Chime Checker
[17-47-02] [THREAD STARTED]: Console Clock Updater
[17-47-02] [THREAD STARTED]: Cyder Busy Checker
[17-47-02] [THREAD STARTED]: ConsoleFrame Data Saver
[17-47-02] [ACTION]: Console loaded in 2533ms
[17-47-02] [SYSTEM_IO]: Userdata requested: DebugWindows
[17-47-02] [ENTRY]: [TESTING MODE]
[17-47-02] [THREAD STARTED]: Component name = [cyder.ui.ConsoleFrame], bounds = [(1356, 370, 996, 655)], hash = [446445803], parentFrame = [Object itself is the top level frame], associated text = [No getText() method found], tooltip text = [No getTooltipText() method found], title = [Insomnia Cyder [Nathan]] notification queue checker
[17-47-02] [ACTION]: CyderFrame disposed with fastclose: true, CyderFrame: Component name = [cyder.ui.CyderFrame], bounds = [(980, 396, 600, 600)], hash = [90464987], parentFrame = [Object itself is the top level frame], associated text = [No getText() method found], tooltip text = [No getTooltipText() method found], title = [Cyder Splash]
[17-47-02] [THREAD STARTED]: Cyder Splash CyderFrame dispose thread
[17-47-02] [SYSTEM_IO]: Userdata requested: laststart
[17-47-02] [SYSTEM_IO]: [User Write] User was written to file: e5a50641-21d1-3654-b738-c0e4b2dc61b1\Userdata.json
[17-47-02] [ACTION]: [Insomnia Cyder [Nathan]] [NOTIFICATION] Console loaded in 2533ms
[17-47-02] [THREAD STARTED]: notification appear animation
[17-47-02] [SYSTEM_IO]: Userdata requested: persistentnotifications
[17-47-03] [THREAD STARTED]: Notificaiton vanish animater 1940630493
[17-47-12] [SYSTEM_IO]: [User Write] User was written to file: e5a50641-21d1-3654-b738-c0e4b2dc61b1\Userdata.json [3x]
[17-48-15] [EOL]: Log completed, Cyder crashed unexpectedly: exit code: -9 External Stop, exceptions thrown: 0
