[20-58-47] [ENTRY]: [Nathan]
[20-58-47] [THREAD STARTED]: Singular Cyder Instance Ensurer
[20-58-48] [THREAD STARTED]: Splash Loader
[20-58-48] [THREAD STARTED]: Splash Animation
[20-58-48] [DEBUG]: Method annotated with @Widget is not named showGUI(); name: Christmas2020
[20-58-48] [DEBUG]: Method annotated with @Widget is not named showGUI(); name: Christmas2021
[20-58-48] [DEBUG]: Method annotated with @Widget is not named showGUI(); name: FathersDay2021
[20-58-48] [DEBUG]: Method annotated with @Widget is not named showGUI(); name: Birthday2021
[20-58-48] [THREAD STARTED]: Cyder Start Secondary Subroutines
[20-58-48] [LOGIN]: [AUTOCYPHER ATTEMPT]
[20-58-48] [JAVA ARGS]: [LOCATION] [La casa de Nathan]
[20-58-48] [ACTION]: Requested deletion of: C:\Users\Nathan\Documents\IntelliJava\Cyder\dynamic\tmp
[20-58-48] [ACTION]: [DELETION FAILED] C:\Users\Nathan\Documents\IntelliJava\Cyder\dynamic\tmp
[20-58-48] [SYSTEM_IO]: [User Write] User was written to file: 7d7ebb00-81fe-329f-8a78-62f463d0b7da\Userdata.json [4x]
[20-58-49] [LOGIN]: [[AUTOCYPHER PASS]: 7d7ebb00-81fe-329f-8a78-62f463d0b7da]
[20-58-49] [SYSTEM_IO]: [User Write] User was written to file: 7d7ebb00-81fe-329f-8a78-62f463d0b7da\Userdata.json
[20-58-49] [SYSTEM_IO]: Userdata requested: RandomBackground
[20-58-49] [SYSTEM_IO]: Userdata requested: FullScreen
[20-58-49] [SYSTEM_IO]: Userdata requested: fullscreen
[20-58-49] [SYSTEM_IO]: Userdata requested: FullScreen [2x]
[20-58-49] [THREAD STARTED]: Console Printing Animation
[20-58-49] [SYSTEM_IO]: Userdata requested: OutputBorder
[20-58-49] [SYSTEM_IO]: Userdata requested: FullScreen
[20-58-49] [SYSTEM_IO]: Userdata requested: InputBorder
[20-58-49] [THREAD STARTED]: Console Input Caret Position Updater
[20-58-49] [SYSTEM_IO]: Userdata requested: OutputFill
[20-58-49] [SYSTEM_IO]: Userdata requested: InputFill
[20-58-49] [THREAD STARTED]: High Ping Checker
[20-58-49] [THREAD STARTED]: Hourly Chime Checker
[20-58-49] [THREAD STARTED]: Console Clock Updater
[20-58-49] [THREAD STARTED]: Cyder Busy Checker
[20-58-49] [THREAD STARTED]: ConsoleFrame Data Saver
[20-58-49] [ACTION]: Console loaded in 2653ms
[20-58-49] [SYSTEM_IO]: Userdata requested: DebugWindows
[20-58-49] [ENTRY]: [TESTING MODE]
[20-58-49] [THREAD STARTED]: Component name = [cyder.ui.ConsoleFrame], bounds = [(571, 376, 996, 655)], hash = [446445803], parentFrame = [Object itself is the top level frame], associated text = [No getText() method found], tooltip text = [No getTooltipText() method found], title = [Insomnia Cyder [Nathan]] notification queue checker
[20-58-49] [ACTION]: CyderFrame disposed with fastclose: true, CyderFrame: Component name = [cyder.ui.CyderFrame], bounds = [(980, 396, 600, 600)], hash = [1956052693], parentFrame = [Object itself is the top level frame], associated text = [No getText() method found], tooltip text = [No getTooltipText() method found], title = [Cyder Splash]
[20-58-49] [THREAD STARTED]: Cyder Splash CyderFrame dispose thread
[20-58-49] [SYSTEM_IO]: Userdata requested: laststart
[20-58-49] [SYSTEM_IO]: [User Write] User was written to file: 7d7ebb00-81fe-329f-8a78-62f463d0b7da\Userdata.json
[20-58-50] [ACTION]: [Insomnia Cyder [Nathan]] [NOTIFICATION] Console loaded in 2653ms
[20-58-50] [THREAD STARTED]: notification appear animation
[20-58-50] [SYSTEM_IO]: Userdata requested: persistentnotifications
[20-58-50] [THREAD STARTED]: Notificaiton vanish animater 1402438597
[20-58-52] [SYSTEM_IO]: [User Write] User was written to file: 7d7ebb00-81fe-329f-8a78-62f463d0b7da\Userdata.json
[20-58-52] [ACTION]: Component name = [cyder.ui.CyderButton], bounds = [(130, 90, 30, 40)], hash = [1410811698], parentFrame = [Controls], associated text = [>], tooltip text = [No getTooltipText() method found], title = [No getTitle() method found] [2x]
[20-58-53] [ACTION]: Component name = [cyder.ui.CyderButton], bounds = [(10, 90, 30, 40)], hash = [824391441], parentFrame = [Controls], associated text = [<], tooltip text = [No getTooltipText() method found], title = [No getTitle() method found] [2x]
[20-58-56] [SYSTEM_IO]: [User Write] User was written to file: 7d7ebb00-81fe-329f-8a78-62f463d0b7da\Userdata.json
[20-58-59] [THREAD STARTED]: Component name = [cyder.ui.CyderFrame], bounds = [(1040, 627, 400, 150)], hash = [101253914], parentFrame = [Object itself is the top level frame], associated text = [No getText() method found], tooltip text = [No getTooltipText() method found], title = [Controls] notification queue checker
[20-59-00] [ACTION]: [Controls] [NOTIFICATION] Color parsed
[20-59-00] [THREAD STARTED]: notification appear animation
[20-59-00] [SYSTEM_IO]: Userdata requested: persistentnotifications
[20-59-00] [THREAD STARTED]: Notificaiton vanish animater 1402434133
[20-59-00] [SYSTEM_IO]: [User Write] User was written to file: 7d7ebb00-81fe-329f-8a78-62f463d0b7da\Userdata.json
[20-59-01] [THREAD STARTED]: Notificaiton vanish animater 1402434133
[20-59-02] [ACTION]: Component name = [cyder.ui.CyderButton], bounds = [(10, 90, 30, 40)], hash = [824391441], parentFrame = [Controls], associated text = [<], tooltip text = [No getTooltipText() method found], title = [No getTitle() method found]
[20-59-03] [ACTION]: Component name = [cyder.ui.CyderButton], bounds = [(130, 90, 30, 40)], hash = [1410811698], parentFrame = [Controls], associated text = [>], tooltip text = [No getTooltipText() method found], title = [No getTitle() method found]
[21-00-15] [SYSTEM_IO]: [User Write] User was written to file: 7d7ebb00-81fe-329f-8a78-62f463d0b7da\Userdata.json [20x]
[21-00-19] [SYSTEM_IO]: Userdata requested: HourlyChimes
[21-00-19] [ACTION]: [SYSTEM AUDIO] static/audio/chime.mp3
[21-00-19] [THREAD STARTED]: system audio thread
[21-03-41] [SYSTEM_IO]: [User Write] User was written to file: 7d7ebb00-81fe-329f-8a78-62f463d0b7da\Userdata.json [54x]
[21-03-42] [SYSTEM_IO]: Userdata requested: minimizeonclose
[21-03-42] [SYSTEM_IO]: [User Write] User was written to file: 7d7ebb00-81fe-329f-8a78-62f463d0b7da\Userdata.json
[21-03-42] [ACTION]: CyderFrame disposed with fastclose: false, CyderFrame: Component name = [cyder.ui.ConsoleFrame], bounds = [(571, 376, 996, 655)], hash = [446445803], parentFrame = [Object itself is the top level frame], associated text = [No getText() method found], tooltip text = [No getTooltipText() method found], title = [Insomnia Cyder [Nathan]]
[21-03-42] [THREAD STARTED]: Insomnia Cyder [Nathan] CyderFrame dispose thread
[21-03-42] [SYSTEM_IO]: Userdata requested: closeanimation
[21-03-42] [EXIT]: [RUNTIME] 4m 55s
[21-03-42] [EOL]: Log completed, exiting Cyder with exit code: 0 [Genesis Controlled Exit], exceptions thrown: 0
