[21-10-07] [ENTRY]: [Nathan]
[21-10-07] [THREAD STARTED]: Singular Cyder Instance Ensurer
[21-10-07] [THREAD STARTED]: Splash Loader
[21-10-08] [THREAD STARTED]: Splash Animation
[21-10-08] [DEBUG]: Method annotated with @Widget is not named showGUI(); name: Birthday2021
[21-10-08] [DEBUG]: Method annotated with @Widget is not named showGUI(); name: Christmas2021
[21-10-08] [DEBUG]: Method annotated with @Widget is not named showGUI(); name: FathersDay2021
[21-10-08] [DEBUG]: Method annotated with @Widget is not named showGUI(); name: Christmas2020
[21-10-08] [THREAD STARTED]: Cyder Start Secondary Subroutines
[21-10-08] [LOGIN]: [AUTOCYPHER ATTEMPT]
[21-10-08] [JAVA ARGS]: [LOCATION] [La casa de Nathan]
[21-10-08] [ACTION]: Requested deletion of: C:\Users\Nathan\Documents\IntelliJava\Cyder\dynamic\tmp
[21-10-08] [ACTION]: [DELETION FAILED] C:\Users\Nathan\Documents\IntelliJava\Cyder\dynamic\tmp
[21-10-08] [SYSTEM_IO]: [User Write] User was written to file: 7d7ebb00-81fe-329f-8a78-62f463d0b7da\Userdata.json [4x]
[21-10-09] [LOGIN]: [[AUTOCYPHER PASS]: 7d7ebb00-81fe-329f-8a78-62f463d0b7da]
[21-10-09] [SYSTEM_IO]: [User Write] User was written to file: 7d7ebb00-81fe-329f-8a78-62f463d0b7da\Userdata.json
[21-10-09] [SYSTEM_IO]: Userdata requested: RandomBackground
[21-10-09] [SYSTEM_IO]: Userdata requested: FullScreen
[21-10-09] [SYSTEM_IO]: Userdata requested: fullscreen
[21-10-09] [SYSTEM_IO]: Userdata requested: FullScreen [2x]
[21-10-09] [THREAD STARTED]: Console Printing Animation
[21-10-09] [SYSTEM_IO]: Userdata requested: OutputBorder
[21-10-09] [SYSTEM_IO]: Userdata requested: FullScreen
[21-10-09] [SYSTEM_IO]: Userdata requested: InputBorder
[21-10-09] [THREAD STARTED]: Console Input Caret Position Updater
[21-10-09] [SYSTEM_IO]: Userdata requested: OutputFill
[21-10-09] [SYSTEM_IO]: Userdata requested: InputFill
[21-10-09] [THREAD STARTED]: High Ping Checker
[21-10-09] [THREAD STARTED]: Hourly Chime Checker
[21-10-09] [THREAD STARTED]: Console Clock Updater
[21-10-09] [THREAD STARTED]: Cyder Busy Checker
[21-10-09] [THREAD STARTED]: ConsoleFrame Data Saver
[21-10-09] [ACTION]: Console loaded in 3076ms
[21-10-09] [SYSTEM_IO]: Userdata requested: DebugWindows
[21-10-09] [ENTRY]: [TESTING MODE]
[21-10-09] [THREAD STARTED]: Component name = [cyder.ui.ConsoleFrame], bounds = [(571, 376, 996, 655)], hash = [1761217448], parentFrame = [Object itself is the top level frame], associated text = [No getText() method found], tooltip text = [No getTooltipText() method found], title = [Insomnia Cyder [Nathan]] notification queue checker
[21-10-09] [ACTION]: CyderFrame disposed with fastclose: true, CyderFrame: Component name = [cyder.ui.CyderFrame], bounds = [(980, 396, 600, 600)], hash = [2062059491], parentFrame = [Object itself is the top level frame], associated text = [No getText() method found], tooltip text = [No getTooltipText() method found], title = [Cyder Splash]
[21-10-09] [THREAD STARTED]: Cyder Splash CyderFrame dispose thread
[21-10-09] [SYSTEM_IO]: Userdata requested: laststart
[21-10-09] [SYSTEM_IO]: [User Write] User was written to file: 7d7ebb00-81fe-329f-8a78-62f463d0b7da\Userdata.json
[21-10-10] [ACTION]: [Insomnia Cyder [Nathan]] [NOTIFICATION] Console loaded in 3076ms
[21-10-10] [THREAD STARTED]: notification appear animation
[21-10-10] [SYSTEM_IO]: Userdata requested: persistentnotifications
[21-10-10] [THREAD STARTED]: Notificaiton vanish animater -1667276980
[21-10-16] [SYSTEM_IO]: [User Write] User was written to file: 7d7ebb00-81fe-329f-8a78-62f463d0b7da\Userdata.json [2x]
[21-10-19] [ACTION]: Component name = [cyder.ui.CyderTextField], bounds = [(10, 40, 150, 40)], hash = [831802028], parentFrame = [Controls], associated text = [EC407A], tooltip text = [No getTooltipText() method found], title = [No getTitle() method found]
[21-10-58] [SYSTEM_IO]: [User Write] User was written to file: 7d7ebb00-81fe-329f-8a78-62f463d0b7da\Userdata.json [11x]
[21-11-19] [EOL]: Log completed, Cyder crashed unexpectedly: exit code: -9 External Stop, exceptions thrown: 0
