[23-21-51] [ENTRY]: [Nathan]
[23-21-51] [THREAD STARTED]: Singular Cyder Instance Ensurer
[23-21-52] [THREAD STARTED]: Splash Loader
[23-21-52] [THREAD STARTED]: Splash Animation
[23-21-53] [DEBUG]: Method annotated with @Widget is not named showGUI(); name: Christmas2020
[23-21-53] [DEBUG]: Method annotated with @Widget is not named showGUI(); name: Birthday2021
[23-21-53] [DEBUG]: Method annotated with @Widget is not named showGUI(); name: FathersDay2021
[23-21-53] [DEBUG]: Method annotated with @Widget is not named showGUI(); name: Christmas2021
[23-21-53] [THREAD STARTED]: Cyder Start Secondary Subroutines
[23-21-53] [LOGIN]: [AUTOCYPHER ATTEMPT]
[23-21-53] [JAVA ARGS]: [LOCATION] [La casa de Nathan]
[23-21-53] [ACTION]: Requested deletion of: C:\Users\Nathan\Documents\IntelliJava\Cyder\dynamic\tmp
[23-21-53] [ACTION]: [DELETION FAILED] C:\Users\Nathan\Documents\IntelliJava\Cyder\dynamic\tmp
[23-21-53] [SYSTEM_IO]: [User Write] User was written to file: 7d7ebb00-81fe-329f-8a78-62f463d0b7da\Userdata.json [4x]
[23-21-53] [LOGIN]: [[AUTOCYPHER PASS]: 7d7ebb00-81fe-329f-8a78-62f463d0b7da]
[23-21-53] [SYSTEM_IO]: [User Write] User was written to file: 7d7ebb00-81fe-329f-8a78-62f463d0b7da\Userdata.json
[23-21-53] [SYSTEM_IO]: Userdata requested: RandomBackground
[23-21-53] [SYSTEM_IO]: Userdata requested: FullScreen
[23-21-53] [SYSTEM_IO]: Userdata requested: fullscreen
[23-21-53] [SYSTEM_IO]: Userdata requested: FullScreen [2x]
[23-21-53] [THREAD STARTED]: Console Printing Animation
[23-21-53] [SYSTEM_IO]: Userdata requested: OutputBorder
[23-21-53] [SYSTEM_IO]: Userdata requested: FullScreen
[23-21-54] [SYSTEM_IO]: Userdata requested: InputBorder
[23-21-54] [THREAD STARTED]: Console Input Caret Position Updater
[23-21-54] [SYSTEM_IO]: Userdata requested: OutputFill
[23-21-54] [SYSTEM_IO]: Userdata requested: InputFill
[23-21-54] [THREAD STARTED]: High Ping Checker
[23-21-54] [THREAD STARTED]: Hourly Chime Checker
[23-21-54] [THREAD STARTED]: Console Clock Updater
[23-21-54] [THREAD STARTED]: Cyder Busy Checker
[23-21-54] [THREAD STARTED]: ConsoleFrame Data Saver
[23-21-54] [ACTION]: Console loaded in 2848ms
[23-21-54] [SYSTEM_IO]: Userdata requested: DebugWindows
[23-21-54] [ENTRY]: [TESTING MODE]
[23-21-54] [THREAD STARTED]: Component name = [cyder.ui.ConsoleFrame], bounds = [(1151, 260, 996, 655)], hash = [1761217448], parentFrame = [Object itself is the top level frame], associated text = [No getText() method found], tooltip text = [No getTooltipText() method found], title = [Insomnia Cyder [Nathan]] notification queue checker
[23-21-54] [ACTION]: CyderFrame disposed with fastclose: true, CyderFrame: Component name = [cyder.ui.CyderFrame], bounds = [(980, 396, 600, 600)], hash = [1963234590], parentFrame = [Object itself is the top level frame], associated text = [No getText() method found], tooltip text = [No getTooltipText() method found], title = [Cyder Splash]
[23-21-54] [THREAD STARTED]: Cyder Splash CyderFrame dispose thread
[23-21-54] [SYSTEM_IO]: Userdata requested: laststart
[23-21-54] [SYSTEM_IO]: [User Write] User was written to file: 7d7ebb00-81fe-329f-8a78-62f463d0b7da\Userdata.json
[23-21-54] [ACTION]: [Insomnia Cyder [Nathan]] [NOTIFICATION] Console loaded in 2848ms
[23-21-54] [THREAD STARTED]: notification appear animation
[23-21-54] [SYSTEM_IO]: Userdata requested: persistentnotifications
[23-21-54] [THREAD STARTED]: Notificaiton vanish animater -1215480059
[23-22-16] [SYSTEM_IO]: [User Write] User was written to file: 7d7ebb00-81fe-329f-8a78-62f463d0b7da\Userdata.json [6x]
[23-22-22] [EOL]: Log completed, Cyder crashed unexpectedly: exit code: -9 External Stop, exceptions thrown: 0
