[17-36-15] [ENTRY]: [Nathan]
[17-36-16] [SYSTEM_IO]: System data pared in IOUtil's static block
[17-36-17] [LOGIN]: [AUTOCYPHER ATTEMPT]
[17-36-17] [JAVA ARGS]: [LOCATION] [La casa de Nathan]
[17-36-17] [LOGIN]: [AUTOCYPHER PASS, e5a50641-21d1-3654-b738-c0e4b2dc61b1]
[17-36-17] [SYSTEM_IO]: Userdata requested: Name
[17-36-18] [SYSTEM_IO]: Userdata requested: RandomBackground
[17-36-18] [SYSTEM_IO]: Userdata requested: FullScreen
[17-36-18] [SYSTEM_IO]: Userdata requested: Name
[17-36-18] [SYSTEM_IO]: Userdata requested: Foreground
[17-36-18] [SYSTEM_IO]: Userdata requested: Foreground
[17-36-18] [SYSTEM_IO]: Userdata requested: FullScreen
[17-36-18] [SYSTEM_IO]: Userdata requested: FullScreen
[17-36-18] [SYSTEM_IO]: Userdata requested: Foreground
[17-36-18] [SYSTEM_IO]: Userdata requested: Font
[17-36-18] [SYSTEM_IO]: Userdata requested: OutputBorder
[17-36-18] [SYSTEM_IO]: Userdata requested: FullScreen
[17-36-19] [SYSTEM_IO]: Userdata requested: InputBorder
[17-36-19] [SYSTEM_IO]: Userdata requested: Foreground
[17-36-19] [SYSTEM_IO]: Userdata requested: Foreground
[17-36-19] [SYSTEM_IO]: Userdata requested: Foreground
[17-36-19] [SYSTEM_IO]: Userdata requested: Font
[17-36-19] [SYSTEM_IO]: Userdata requested: OutputFill
[17-36-19] [SYSTEM_IO]: Userdata requested: InputFill
[17-36-19] [SYSTEM_IO]: Userdata requested: consolepinned
[17-36-19] [SYSTEM_IO]: Userdata requested: consolepinned
[17-36-19] [ACTION]: CyderFrame disposed with fastclose: true, CyderFrame: Component name = [cyder.ui.CyderFrame], bounds = [(980, 378, 600, 600)], hash = [1656335313], parentFrame = [No associated frame], associated text = [No getText() method found], tooltip text = [No getTooltipText() method found]
[17-36-19] [ACTION]: Console loaded in 3620ms
[17-36-19] [SYSTEM_IO]: Userdata requested: windowlocx
[17-36-19] [SYSTEM_IO]: Userdata requested: windowlocy
[17-36-19] [SYSTEM_IO]: Userdata requested: DebugWindows
[17-36-19] [ENTRY]: [TESTING MODE]
[17-36-19] [SYSTEM_IO]: Userdata requested: laststart
[17-36-19] [SYSTEM_IO]: Userdata requested: IntroMusic
[17-36-21] [CONSOLE_OUT]: [STRING] Console loaded in 3620ms
