[18-17-33] [ENTRY]: [Nathan]
[18-17-34] [THREAD STARTED]: Singular Cyder Instance Ensurer
[18-17-34] [THREAD STARTED]: Splash Loader
[18-17-35] [THREAD STARTED]: Splash Animation
[18-17-35] [DEBUG]: Method annotated with @Widget is not named showGUI(); name: FathersDay2021
[18-17-35] [DEBUG]: Method annotated with @Widget is not named showGUI(); name: Christmas2020
[18-17-35] [DEBUG]: Method annotated with @Widget is not named showGUI(); name: Birthday2021
[18-17-35] [DEBUG]: Method annotated with @Widget is not named showGUI(); name: Christmas2021
[18-17-35] [THREAD STARTED]: Cyder Start Secondary Subroutines
[18-17-35] [LOGIN]: [AUTOCYPHER ATTEMPT]
[18-17-35] [JAVA ARGS]: [LOCATION] [La casa de Nathan]
[18-17-35] [ACTION]: Requested deletion of: C:\Users\Nathan\Documents\IntelliJava\Cyder\dynamic\tmp
[18-17-35] [ACTION]: [DELETION FAILED] C:\Users\Nathan\Documents\IntelliJava\Cyder\dynamic\tmp
[18-17-35] [LOGIN]: [[AUTOCYPHER PASS]: e5a50641-21d1-3654-b738-c0e4b2dc61b1]
[18-17-35] [SYSTEM_IO]: Userdata requested: RandomBackground
[18-17-35] [SYSTEM_IO]: Userdata requested: FullScreen
[18-17-36] [SYSTEM_IO]: Userdata requested: fullscreen
[18-17-36] [SYSTEM_IO]: Userdata requested: FullScreen [2x]
[18-17-36] [THREAD STARTED]: Console Printing Animation
[18-17-36] [SYSTEM_IO]: Userdata requested: OutputBorder
[18-17-36] [SYSTEM_IO]: Userdata requested: FullScreen
[18-17-36] [SYSTEM_IO]: Userdata requested: InputBorder
[18-17-36] [THREAD STARTED]: Console Input Caret Position Updater
[18-17-36] [SYSTEM_IO]: Userdata requested: OutputFill
[18-17-36] [SYSTEM_IO]: Userdata requested: InputFill
[18-17-36] [THREAD STARTED]: High Ping Checker
[18-17-36] [THREAD STARTED]: Hourly Chime Checker
[18-17-36] [THREAD STARTED]: Console Clock Updater
[18-17-36] [THREAD STARTED]: Cyder Busy Checker
[18-17-36] [THREAD STARTED]: ConsoleFrame Data Saver
[18-17-36] [ACTION]: Console loaded in 2736ms
[18-17-36] [THREAD STARTED]: Component name = [cyder.ui.ConsoleFrame], bounds = [(1331, 266, 996, 655)], hash = [904253669], parentFrame = [Object itself is the top level frame], associated text = [No getText() method found], tooltip text = [No getTooltipText() method found], title = [Insomnia Cyder [Nathan]] notification queue checker
[18-17-36] [ACTION]: CyderFrame disposed with fastclose: true, CyderFrame: Component name = [cyder.ui.CyderFrame], bounds = [(980, 396, 600, 600)], hash = [417158031], parentFrame = [Object itself is the top level frame], associated text = [No getText() method found], tooltip text = [No getTooltipText() method found], title = [Cyder Splash]
[18-17-36] [THREAD STARTED]: Cyder Splash CyderFrame dispose thread
[18-17-36] [SYSTEM_IO]: Userdata requested: DebugWindows
[18-17-36] [ENTRY]: [TESTING MODE]
[18-17-36] [THREAD STARTED]:
[18-17-36] [SYSTEM_IO]: Userdata requested: laststart
[18-17-36] [ACTION]: [Insomnia Cyder [Nathan]] [NOTIFICATION] Console loaded in 2736ms
[18-17-36] [THREAD STARTED]: notification appear animation
[18-17-36] [SYSTEM_IO]: Userdata requested: persistentnotifications
[18-17-36] [THREAD STARTED]: Notificaiton vanish animater -1179406062
[18-18-01] [SYSTEM_IO]: Userdata requested: minimizeonclose
[18-18-01] [ACTION]: CyderFrame disposed with fastclose: false, CyderFrame: Component name = [cyder.ui.ConsoleFrame], bounds = [(1331, 266, 996, 655)], hash = [904253669], parentFrame = [Object itself is the top level frame], associated text = [No getText() method found], tooltip text = [No getTooltipText() method found], title = [Insomnia Cyder [Nathan]]
[18-18-01] [THREAD STARTED]: Insomnia Cyder [Nathan] CyderFrame dispose thread
[18-18-01] [SYSTEM_IO]: Userdata requested: closeanimation
[18-18-01] [EXIT]: [RUNTIME] 28s
[18-18-01] [EOL]: Log completed, exiting Cyder with exit code: 0 [Genesis Controlled Exit], exceptions thrown: 0
