[18-20-45] [ENTRY]: [Nathan]
[18-20-45] [THREAD STARTED]: Singular Cyder Instance Ensurer
[18-20-46] [THREAD STARTED]: Splash Loader
[18-20-47] [THREAD STARTED]: Splash Animation
[18-20-47] [DEBUG]: Method annotated with @Widget is not named showGUI(); name: Birthday2021
[18-20-47] [DEBUG]: Method annotated with @Widget is not named showGUI(); name: Christmas2021
[18-20-47] [DEBUG]: Method annotated with @Widget is not named showGUI(); name: FathersDay2021
[18-20-47] [DEBUG]: Method annotated with @Widget is not named showGUI(); name: Christmas2020
[18-20-47] [THREAD STARTED]: Cyder Start Secondary Subroutines
[18-20-47] [LOGIN]: [AUTOCYPHER ATTEMPT]
[18-20-47] [JAVA ARGS]: [LOCATION] [La casa de Nathan]
[18-20-47] [ACTION]: Requested deletion of: C:\Users\Nathan\Documents\IntelliJava\Cyder\dynamic\tmp
[18-20-47] [ACTION]: [DELETION FAILED] C:\Users\Nathan\Documents\IntelliJava\Cyder\dynamic\tmp
[18-20-47] [LOGIN]: [[AUTOCYPHER PASS]: e5a50641-21d1-3654-b738-c0e4b2dc61b1]
[18-20-48] [SYSTEM_IO]: Userdata requested: RandomBackground
[18-20-48] [SYSTEM_IO]: Userdata requested: FullScreen
[18-20-48] [SYSTEM_IO]: Userdata requested: fullscreen
[18-20-48] [SYSTEM_IO]: Userdata requested: FullScreen [2x]
[18-20-48] [THREAD STARTED]: Console Printing Animation
[18-20-48] [SYSTEM_IO]: Userdata requested: OutputBorder
[18-20-48] [SYSTEM_IO]: Userdata requested: FullScreen
[18-20-48] [SYSTEM_IO]: Userdata requested: InputBorder
[18-20-48] [THREAD STARTED]: Console Input Caret Position Updater
[18-20-48] [SYSTEM_IO]: Userdata requested: OutputFill
[18-20-48] [SYSTEM_IO]: Userdata requested: InputFill
[18-20-48] [THREAD STARTED]: High Ping Checker
[18-20-48] [THREAD STARTED]: Hourly Chime Checker
[18-20-48] [THREAD STARTED]: Console Clock Updater
[18-20-48] [THREAD STARTED]: Cyder Busy Checker
[18-20-48] [THREAD STARTED]: ConsoleFrame Data Saver
[18-20-48] [ACTION]: Console loaded in 3160ms
[18-20-48] [THREAD STARTED]: Component name = [cyder.ui.ConsoleFrame], bounds = [(1331, 266, 996, 655)], hash = [593103894], parentFrame = [Object itself is the top level frame], associated text = [No getText() method found], tooltip text = [No getTooltipText() method found], title = [Insomnia Cyder [Nathan]] notification queue checker
[18-20-48] [ACTION]: CyderFrame disposed with fastclose: true, CyderFrame: Component name = [cyder.ui.CyderFrame], bounds = [(980, 396, 600, 600)], hash = [494316401], parentFrame = [Object itself is the top level frame], associated text = [No getText() method found], tooltip text = [No getTooltipText() method found], title = [Cyder Splash]
[18-20-48] [THREAD STARTED]: Cyder Splash CyderFrame dispose thread
[18-20-48] [SYSTEM_IO]: Userdata requested: DebugWindows
[18-20-48] [ENTRY]: [TESTING MODE]
[18-20-48] [THREAD STARTED]:
[18-20-48] [SYSTEM_IO]: Userdata requested: laststart
[18-20-48] [ACTION]: [Insomnia Cyder [Nathan]] [NOTIFICATION] Console loaded in 3160ms
[18-20-48] [THREAD STARTED]: notification appear animation
[18-20-48] [SYSTEM_IO]: Userdata requested: persistentnotifications
[18-20-48] [THREAD STARTED]: Notificaiton vanish animater -640800661
[18-21-39] [EOL]: Log completed, Cyder crashed unexpectedly: exit code: -9 External Stop, exceptions thrown: 0
