[19-19-52] [ENTRY]: [Nathan]
[19-19-52] [THREAD STARTED]: Singular Cyder Instance Ensurer
[19-19-53] [THREAD STARTED]: Splash Loader
[19-19-53] [THREAD STARTED]: Splash Animation
[19-19-53] [DEBUG]: Method annotated with @Widget is not named showGUI(); name: Birthday2021
[19-19-53] [DEBUG]: Method annotated with @Widget is not named showGUI(); name: Christmas2021
[19-19-53] [DEBUG]: Method annotated with @Widget is not named showGUI(); name: FathersDay2021
[19-19-53] [DEBUG]: Method annotated with @Widget is not named showGUI(); name: Christmas2020
[19-19-53] [THREAD STARTED]: Cyder Start Secondary Subroutines
[19-19-53] [LOGIN]: [AUTOCYPHER ATTEMPT]
[19-19-53] [JAVA ARGS]: [LOCATION] [La casa de Nathan]
[19-19-53] [ACTION]: Requested deletion of: C:\Users\Nathan\Documents\IntelliJava\Cyder\dynamic\tmp
[19-19-53] [ACTION]: [DELETION FAILED] C:\Users\Nathan\Documents\IntelliJava\Cyder\dynamic\tmp
[19-19-54] [LOGIN]: [[AUTOCYPHER PASS]: e5a50641-21d1-3654-b738-c0e4b2dc61b1]
[19-19-54] [SYSTEM_IO]: Userdata requested: RandomBackground
[19-19-54] [SYSTEM_IO]: Userdata requested: FullScreen
[19-19-54] [SYSTEM_IO]: Userdata requested: fullscreen
[19-19-54] [SYSTEM_IO]: Userdata requested: FullScreen [2x]
[19-19-54] [THREAD STARTED]: Console Printing Animation
[19-19-54] [SYSTEM_IO]: Userdata requested: OutputBorder
[19-19-54] [SYSTEM_IO]: Userdata requested: FullScreen
[19-19-54] [SYSTEM_IO]: Userdata requested: InputBorder
[19-19-54] [THREAD STARTED]: Console Input Caret Position Updater
[19-19-54] [SYSTEM_IO]: Userdata requested: OutputFill
[19-19-54] [SYSTEM_IO]: Userdata requested: InputFill
[19-19-54] [THREAD STARTED]: High Ping Checker
[19-19-54] [THREAD STARTED]: Hourly Chime Checker
[19-19-54] [THREAD STARTED]: Console Clock Updater
[19-19-54] [THREAD STARTED]: Cyder Busy Checker
[19-19-54] [THREAD STARTED]: ConsoleFrame Data Saver
[19-19-54] [ACTION]: Console loaded in 2589ms
[19-19-54] [THREAD STARTED]: Component name = [cyder.ui.ConsoleFrame], bounds = [(1331, 266, 996, 655)], hash = [2116511124], parentFrame = [Object itself is the top level frame], associated text = [No getText() method found], tooltip text = [No getTooltipText() method found], title = [Insomnia Cyder [Nathan]] notification queue checker
[19-19-54] [ACTION]: CyderFrame disposed with fastclose: true, CyderFrame: Component name = [cyder.ui.CyderFrame], bounds = [(980, 396, 600, 600)], hash = [1942587445], parentFrame = [Object itself is the top level frame], associated text = [No getText() method found], tooltip text = [No getTooltipText() method found], title = [Cyder Splash]
[19-19-54] [THREAD STARTED]: Cyder Splash CyderFrame dispose thread
[19-19-54] [SYSTEM_IO]: Userdata requested: DebugWindows
[19-19-54] [ENTRY]: [TESTING MODE]
[19-19-54] [SYSTEM_IO]: Userdata requested: laststart
[19-19-54] [ACTION]: [Insomnia Cyder [Nathan]] [NOTIFICATION] Console loaded in 2589ms
[19-19-54] [THREAD STARTED]: notification appear animation
[19-19-55] [SYSTEM_IO]: Userdata requested: persistentnotifications
[19-19-55] [THREAD STARTED]: Notificaiton vanish animater 398227479 [2x]
[19-19-58] [CLIENT]: convexhull
[19-19-58] [SYSTEM_IO]: Userdata requested: filterchat
[19-19-58] [WIDGET OPENED]: CONVEX HULL
[19-19-58] [CONSOLE_OUT]: [STRING] Opening widget: ConvexHullWidget
[19-19-58] [HANDLE]: PRIMARY HANDLE
[19-23-31] [EOL]: Log completed, Cyder crashed unexpectedly: exit code: -9 External Stop, exceptions thrown: 0
