          _____                _____                    _____                    _____                    _____
         /\    \              |\    \                  /\    \                  /\    \                  /\    \
        /::\    \             |:\____\                /::\    \                /::\    \                /::\    \
       /::::\    \            |::|   |               /::::\    \              /::::\    \              /::::\    \
      /::::::\    \           |::|   |              /::::::\    \            /::::::\    \            /::::::\    \
     /:::/\:::\    \          |::|   |             /:::/\:::\    \          /:::/\:::\    \          /:::/\:::\    \
    /:::/  \:::\    \         |::|   |            /:::/  \:::\    \        /:::/__\:::\    \        /:::/__\:::\    \
   /:::/    \:::\    \        |::|   |           /:::/    \:::\    \      /::::\   \:::\    \      /::::\   \:::\    \
  /:::/    / \:::\    \       |::|___|______    /:::/    / \:::\    \    /::::::\   \:::\    \    /::::::\   \:::\    \
 /:::/    /   \:::\    \      /::::::::\    \  /:::/    /   \:::\ ___\  /:::/\:::\   \:::\    \  /:::/\:::\   \:::\____\
/:::/____/     \:::\____\    /::::::::::\____\/:::/____/     \:::|    |/:::/__\:::\   \:::\____\/:::/  \:::\   \:::|    |
\:::\    \      \::/    /   /:::/~~~~/~~      \:::\    \     /:::|____|\:::\   \:::\   \::/    /\::/   |::::\  /:::|____|
 \:::\    \      \/____/   /:::/    /          \:::\    \   /:::/    /  \:::\   \:::\   \/____/  \/____|:::::\/:::/    /
  \:::\    \              /:::/    /            \:::\    \ /:::/    /    \:::\   \:::\    \            |:::::::::/    /
   \:::\    \            /:::/    /              \:::\    /:::/    /      \:::\   \:::\____\           |::|\::::/    /
    \:::\    \           \::/    /                \:::\  /:::/    /        \:::\   \::/    /           |::| \::/____/
     \:::\    \           \/____/                  \:::\/:::/    /          \:::\   \/____/            |::|  ~|
      \:::\    \                                    \::::::/    /            \:::\    \                |::|   |
       \:::\____\                                    \::::/    /              \:::\____\               \::|   |
        \::/    /                                     \::/____/                \::/    /                \:|   |
         \/____/                                       ~~                       \/____/                  \|___|


[20-37-12] [ENTRY]: Nathan
[20-37-12] [DEBUG]: Found prop file: props\propkeys.ini
[20-37-12] [DEBUG]: Found prop file: props\props.ini
[20-37-12] [PROP LOADED]: [key = map_quest_api_key]
[20-37-12] [PROP LOADED]: [key = youtube_api_3_key]
[20-37-12] [PROP LOADED]: [key = ip_key]
[20-37-12] [PROP LOADED]: [key = weather_key]
[20-37-12] [PROP LOADED]: [key = debug_hash_name, value = Nathan]
[20-37-12] [PROP LOADED]: [key = debug_hash_password, value = 571b100a3b69f7b09828c0b61d325b15e52c512c14fdcf6d248f7ca733d0a7f6]
[20-37-12] [PROP LOADED]: [key = default_weather_location, value = Austin,Tx,USA]
[20-37-12] [PROP LOADED]: [key = ignore_data, value = typinganimation,showseconds,roundedwindows,windowcolor,audiolength
           ,capsmode,typingsound,showbusyicon]
[20-37-12] [PROP LOADED]: [key = font_metric, value = 1]
[20-37-12] [PROP LOADED]: [key = released, value = false]
[20-37-12] [PROP LOADED]: [key = version, value = Liminal]
[20-37-12] [PROP LOADED]: [key = release_date, value = 22.7.4]
[20-37-12] [PROP LOADED]: [key = components_relocatable, value = false]
[20-37-12] [PROP LOADED]: [key = testing_mode, value = true]
[20-37-12] [PROP LOADED]: [key = autocypher, value = true]
[20-37-12] [PROP LOADED]: [key = dispose_splash, value = true]
[20-37-12] [PROP LOADED]: [key = wipe_logs_on_start, value = true]
[20-37-12] [PROP LOADED]: [key = activate_watchdog, value = false]
[20-37-12] [PROP LOADED]: [key = ffmpeg_audio_output_format, value = mp3]
[20-37-12] [PROP LOADED]: [key = printing_animation_char_timeout, value = 8]
[20-37-12] [PROP LOADED]: [key = printing_animation_line_timeout, value = 100]
[20-37-12] [PROP LOADED]: [key = ui_scale, value = 0.25]
[20-37-12] [PROP LOADED]: [key = auto_trigger_similar_commands, value = true]
[20-37-12] [PROP LOADED]: [key = auto_trigger_similar_command_tolerance, value = 0.95]
[20-37-12] [THREAD STARTED]: Object Creation Logger
[20-37-12] [DEBUG]: Watchdog skipped
[20-37-13] [FONT LOADED]: agency-fb
[20-37-13] [FONT LOADED]: arial-black
[20-37-13] [FONT LOADED]: beyno
[20-37-13] [FONT LOADED]: condiment-regular
[20-37-13] [FONT LOADED]: prompt-bold
[20-37-13] [FONT LOADED]: segoe-ui-black
[20-37-13] [FONT LOADED]: tahoma
[20-37-13] [THREAD STARTED]: Singular Cyder Instance Ensurer
[20-37-14] [SYSTEM IO]: Requested deletion of: C:\Users\Nathan\Documents\IntelliJava\Cyder\dynamic\tmp
[20-37-14] [DEBUG]: Class annotated with @Vanilla does not end with Widget; name: cyder.games.HangmanGame
[20-37-14] [DEBUG]: Class annotated with @Vanilla does not end with Widget; name: cyder.games.TTTGame
[20-37-14] [THREAD STARTED]: Splash Loader
[20-37-14] [THREAD STARTED]: JVM Args Logger
[20-37-14] [LOGIN]: AutoCypher Attempt
[20-37-15] [THREAD STARTED]: Splash Animation
[20-37-15] [UNIQUE OBJECT CREATED]: ConsoleFrame singleton constructed
[20-37-15] [OBJECT CREATION]: Objects created since last delta (5000ms): 75
[20-37-15] [EXCEPTION]:
           Exception origin: cyder.utils.UserUtil.deleteInvalidBackgrounds(UserUtil.java:612)
           From line: 612
           Trace: java.lang.NullPointerException: Cannot invoke "java.awt.image.BufferedImage.getWidth()" because the return value of "javax.imageio.ImageIO.read(java.io.InputStream)" is null
           at cyder.utils.UserUtil.deleteInvalidBackgrounds(UserUtil.java:612)
           at cyder.handlers.ConsoleFrame.setUUID(ConsoleFrame.java:2119)
           at cyder.handlers.internal.LoginHandler.recognize(LoginHandler.java:483)
           at cyder.handlers.internal.LoginHandler.autoCypher(LoginHandler.java:514)
           at cyder.handlers.internal.LoginHandler.determineCyderEntry(LoginHandler.java:430)
           at cyder.genesis.Cyder.main(Cyder.java:74)
[20-37-15] [SYSTEM IO]: Requested deletion of: C:\Users\Nathan\Documents\IntelliJava\Cyder\dynamic\users\7d7ebb00-81fe-3
           29f-8a78-62f463d0b7da\Backgrounds\Chillhop_blurred_radius_5_blurred_radius_21.png
[20-37-15] [DEBUG]: Cyder Entry = AutoCypher
[20-37-16] [THREAD STARTED]: Console Printing Animation
[20-37-16] [THREAD STARTED]: Hourly Chime Checker
[20-37-16] [THREAD STARTED]: Console Clock Updater
[20-37-16] [THREAD STARTED]: Cyder Busy Checker
[20-37-16] [THREAD STARTED]: ConsoleFrame Stat Saver
[20-37-16] [THREAD STARTED]: [Cyder Splash] dispose() animation thread
[20-37-16] [THREAD STARTED]: [Cyder Splash] dispose() animation thread
[20-37-16] [UI]: CyderFrame disposed with fastclose=true, getTitle=Cyder Splash
[20-37-16] [THREAD STARTED]: High Ping Checker
[20-37-16] [CONSOLE OUT]: [STRING]: Console loaded in 4535ms
[20-37-16] [CONSOLE LOADED]: [Nathan] [TESTING MODE]
[20-37-16] [THREAD STARTED]: Manual Tests Thread
[20-37-17] [DEBUG]: Attempted to log a new or empty line
[20-37-17] [THREAD STARTED]: Splash Loading Label Updater
[20-37-19] [SYSTEM IO]: [JSON WRITE] [Levenshtein = 8] User was written to file: 7d7ebb00-81fe-329f-8a78-62f463d0b7da
           \Userdata.json
[20-37-19] [SYSTEM IO]: Requested deletion of: C:\Users\Nathan\Documents\IntelliJava\Cyder\dynamic\backup\7d7ebb00-81fe-
           329f-8a78-62f463d0b7da_1656552956453.json
[20-37-20] [OBJECT CREATION]: Objects created since last delta (5000ms): 42
[20-37-24] [THREAD STARTED]: Liminal Cyder [Nathan] Opacity Decrement Animator
[20-37-25] [THREAD STARTED]: Liminal Cyder [Nathan] Opacity Increment Animator
[20-37-26] [SYSTEM IO]: [JSON WRITE] [Levenshtein = 4] User was written to file: 7d7ebb00-81fe-329f-8a78-62f463d0b7da
           \Userdata.json
[20-37-26] [SYSTEM IO]: Requested deletion of: C:\Users\Nathan\Documents\IntelliJava\Cyder\dynamic\backup\7d7ebb00-81fe-
           329f-8a78-62f463d0b7da_1656553039481.json
[20-37-29] [CLIENT]: blur 25
[20-37-30] [OBJECT CREATION]: Objects created since last delta (5000ms): 8
[20-37-30] [CONSOLE OUT]: [STRING]: Background blurred, set, and saved as a separate background file.
[20-37-31] [DEBUG]: Attempted to log a new or empty line
[20-37-38] [THREAD STARTED]: Liminal Cyder [Nathan] Opacity Decrement Animator
[20-37-39] [THREAD STARTED]: Liminal Cyder [Nathan] Opacity Increment Animator
[20-37-40] [CLIENT]: prefs
[20-37-40] [CONSOLE OUT]: [STRING]: Opening widget: UserEditor
[20-37-40] [THREAD STARTED]: [Preferences] finalizeAndShow()
[20-37-40] [WIDGET]: UserEditor, trigger = prefs
[20-37-41] [DEBUG]: Attempted to log a new or empty line
[20-37-41] [SYSTEM IO]: [JSON WRITE] [Levenshtein = 5] User was written to file: 7d7ebb00-81fe-329f-8a78-62f463d0b7da
           \Userdata.json
[20-37-41] [SYSTEM IO]: Requested deletion of: C:\Users\Nathan\Documents\IntelliJava\Cyder\dynamic\backup\7d7ebb00-81fe-
           329f-8a78-62f463d0b7da_1656553046952.json
[20-37-42] [THREAD STARTED]: [[967x613] Chillhop_blurred_radius_5] finalizeAndShow()
[20-37-42] [THREAD STARTED]: Photo viewer directory watcher, directory="C:\Users\Nathan\Documents\IntelliJava\Cyder
           \dynamic\users\7d7ebb00-81fe-329f-8a78-62f463d0b7da\Backgrounds"
[20-37-42] [THREAD STARTED]: [967x613] Chillhop_blurred_radius_5 Opacity Decrement Animator
[20-37-42] [THREAD STARTED]: [967x613] Chillhop_blurred_radius_5 Opacity Increment Animator
[20-37-45] [OBJECT CREATION]: Objects created since last delta (5000ms): 56
[20-38-06] [THREAD STARTED]: [967x613] Chillhop_blurred_radius_5 Opacity Decrement Animator
[20-38-06] [THREAD STARTED]: [967x613] Chillhop_blurred_radius_5 Opacity Increment Animator
[20-38-17] [THREAD STARTED]: [967x613] Chillhop_blurred_radius_5_blurred_25 Opacity Decrement Animator
[20-38-18] [THREAD STARTED]: [967x613] Chillhop_blurred_radius_5_blurred_25 Opacity Increment Animator
[20-38-20] [THREAD STARTED]: Liminal Cyder [Nathan] Opacity Decrement Animator
[20-38-20] [THREAD STARTED]: Liminal Cyder [Nathan] Opacity Increment Animator
[20-38-25] [THREAD STARTED]: Liminal Cyder [Nathan] Opacity Decrement Animator
[20-38-26] [THREAD STARTED]: Liminal Cyder [Nathan] Opacity Increment Animator
[20-38-26] [SYSTEM IO]: [JSON WRITE] [Levenshtein = 6] User was written to file: 7d7ebb00-81fe-329f-8a78-62f463d0b7da
           \Userdata.json
[20-38-26] [SYSTEM IO]: Requested deletion of: C:\Users\Nathan\Documents\IntelliJava\Cyder\dynamic\backup\7d7ebb00-81fe-
           329f-8a78-62f463d0b7da_1656553061673.json
[20-38-30] [OBJECT CREATION]: Objects created since last delta (5000ms): 3
[20-38-32] [UI]: Component = CyderDragLabel, hash = -14498153, bounds = (2, 2, 796, 28), parent frame = [967x613]
           Chillhop_blurred_radius_5_blurred_25
[20-38-32] [THREAD STARTED]: [[967x613] Chillhop_blurred_radius_5_blurred_25] dispose() animation thread
[20-38-32] [UI]: CyderFrame disposed with fastclose=false, getTitle=[967x613] Chillhop_blurred_radius_5_blurred_25
[20-38-33] [CLIENT]: prefs
[20-38-33] [THREAD STARTED]: [Preferences] dispose() animation thread
[20-38-33] [UI]: CyderFrame disposed with fastclose=false, getTitle=Preferences
[20-38-33] [CONSOLE OUT]: [STRING]: Opening widget: UserEditor
[20-38-33] [THREAD STARTED]: [Preferences] finalizeAndShow()
[20-38-33] [WIDGET]: UserEditor, trigger = prefs
[20-38-34] [DEBUG]: Attempted to log a new or empty line
[20-38-35] [OBJECT CREATION]: Objects created since last delta (5000ms): 33
[20-38-35] [THREAD STARTED]: Preferences Opacity Decrement Animator
[20-38-36] [THREAD STARTED]: Preferences Opacity Increment Animator
[20-38-38] [THREAD STARTED]: Background Switcher
[20-38-38] [THREAD STARTED]: Preferences Opacity Decrement Animator
[20-38-38] [THREAD STARTED]: Preferences Opacity Increment Animator
[20-38-39] [UI]: Component = CyderScrollList (inner), hash = 679828303, bounds = (0, 0, 998, 27), parent frame =
           Preferences, getText() = <html><div style='text-align: center;'>;)</html>
[20-38-40] [OBJECT CREATION]: Objects created since last delta (5000ms): 4
[20-38-40] [SYSTEM IO]: Requested deletion of: C:\Users\Nathan\Documents\IntelliJava\Cyder\dynamic\users\7d7ebb00-81fe-3
           29f-8a78-62f463d0b7da\Backgrounds\Chillhop_blurred_radius_5_blurred_25.png
[20-38-40] [CONSOLE OUT]: [STRING]: File: Chillhop_blurred_radius_5_blurred_25 successfully deleted.
[20-38-40] [UI]: Component = CyderButton, hash = 1019954270, bounds = (545, 440, 155, 40), parent frame = Preferences,
           getText() = Delete
[20-38-41] [DEBUG]: Attempted to log a new or empty line
[20-38-42] [UI]: Component = CyderDragLabel, hash = -14565423, bounds = (2, 2, 726, 28), parent frame = Preferences
[20-38-42] [THREAD STARTED]: [Preferences] dispose() animation thread
[20-38-42] [UI]: CyderFrame disposed with fastclose=false, getTitle=Preferences
[20-38-43] [CLIENT]: prefs
[20-38-43] [THREAD STARTED]: [Preferences] dispose() animation thread
[20-38-43] [THREAD STARTED]: [Preferences] finalizeAndShow()
[20-38-43] [WIDGET]: UserEditor, trigger = prefs
[20-38-43] [CONSOLE OUT]: [STRING]: Opening widget: UserEditor
[20-38-44] [DEBUG]: Attempted to log a new or empty line
[20-38-45] [THREAD STARTED]: [[967x613] Chillhop_blurred_radius_5] finalizeAndShow()
[20-38-45] [THREAD STARTED]: Photo viewer directory watcher, directory="C:\Users\Nathan\Documents\IntelliJava\Cyder
           \dynamic\users\7d7ebb00-81fe-329f-8a78-62f463d0b7da\Backgrounds"
[20-38-45] [OBJECT CREATION]: Objects created since last delta (5000ms): 57
[20-38-46] [THREAD STARTED]: [967x613] Chillhop_blurred_radius_5 Opacity Decrement Animator
[20-38-46] [THREAD STARTED]: [967x613] Chillhop_blurred_radius_5 Opacity Increment Animator
[20-38-47] [THREAD STARTED]: [967x613] Chillhop_blurred_radius_5 Menu Label Animator
[20-38-47] [THREAD STARTED]: [967x613] Chillhop_blurred_radius_5 Menu Label Animator
[20-38-48] [THREAD STARTED]: [967x613] Chillhop_blurred_radius_5 notification queue checker
[20-38-48] [UI]: [[967x613] Chillhop_blurred_radius_5] [NOTIFICATION] "<html>Sorry, Nathan, but you're not allowed to
           rename<br/>the background you are currently using</html>"
[20-38-48] [THREAD STARTED]: Notification Appear Animator
[20-38-48] [THREAD STARTED]: Notification Vanish Animator
[20-38-48] [THREAD STARTED]: Notification Vanish Animator
[20-38-49] [UI]: Component = CyderDragLabel, hash = -14498153, bounds = (2, 2, 796, 28), parent frame = [967x613]
           Chillhop_blurred_radius_5
[20-38-49] [THREAD STARTED]: [[967x613] Chillhop_blurred_radius_5] dispose() animation thread
[20-38-49] [UI]: CyderFrame disposed with fastclose=false, getTitle=[967x613] Chillhop_blurred_radius_5
[20-38-50] [THREAD STARTED]: [Liminal Cyder [Nathan]] dispose() animation thread
[20-38-50] [UI]: CyderFrame disposed with fastclose=false, getTitle=Liminal Cyder [Nathan]
[20-38-50] [OBJECT CREATION]: Objects created since last delta (5000ms): 8
[20-38-50] [EXIT]: [RUNTIME] 1m 38s
[20-38-50] [EOL]: Log completed, exiting Cyder with exit code: 0 [Genesis Controlled Exit], exceptions thrown: 1
