[11-56-10] [ENTRY]: [Nathan]
[11-56-10] [SYSTEM_IO]: System data pared in IOUtil's static block
[11-56-10] [SYSTEM_IO]: Suggestions pared in IOUtil's static block
[11-56-12] [LOGIN]: [AUTOCYPHER ATTEMPT]
[11-56-12] [JAVA ARGS]: [LOCATION] [La casa de Nathan]
[11-56-12] [LOGIN]: [AUTOCYPHER PASS, e5a50641-21d1-3654-b738-c0e4b2dc61b1]
[11-56-12] [SYSTEM_IO]: Userdata requested: Name
[11-56-12] [SYSTEM_IO]: Userdata requested: RandomBackground
[11-56-12] [SYSTEM_IO]: Userdata requested: FullScreen
[11-56-12] [SYSTEM_IO]: Userdata requested: Name
[11-56-12] [SYSTEM_IO]: Userdata requested: Foreground
[11-56-12] [SYSTEM_IO]: Userdata requested: Foreground
[11-56-13] [SYSTEM_IO]: Userdata requested: FullScreen
[11-56-13] [SYSTEM_IO]: Userdata requested: FullScreen
[11-56-13] [SYSTEM_IO]: Userdata requested: Foreground
[11-56-13] [SYSTEM_IO]: Userdata requested: Font
[11-56-13] [SYSTEM_IO]: Userdata requested: OutputBorder
[11-56-13] [SYSTEM_IO]: Userdata requested: FullScreen
[11-56-13] [SYSTEM_IO]: Userdata requested: InputBorder
[11-56-13] [SYSTEM_IO]: Userdata requested: Foreground
[11-56-13] [SYSTEM_IO]: Userdata requested: Foreground
[11-56-13] [SYSTEM_IO]: Userdata requested: Foreground
[11-56-13] [SYSTEM_IO]: Userdata requested: Font
[11-56-13] [SYSTEM_IO]: Userdata requested: OutputFill
[11-56-13] [SYSTEM_IO]: Userdata requested: InputFill
[11-56-13] [ACTION]: CyderFrame disposed with fastclose: true, CyderFrame: Component name = [cyder.ui.CyderFrame], bounds = [(980, 396, 600, 600)], hash = [70711784], parentFrame = [Object itself is the top level frame], associated text = [No getText() method found], tooltip text = [No getTooltipText() method found], title = [Cyder Splash]
[11-56-13] [ACTION]: Console loaded in 2930ms
[11-56-13] [SYSTEM_IO]: Userdata requested: DebugWindows
[11-56-13] [ENTRY]: [TESTING MODE]
[11-56-13] [ACTION]: [Stellar Cyder [Nathan]] [NOTIFICATION] Console loaded in 2930ms
[11-56-13] [SYSTEM_IO]: Userdata requested: laststart
[11-56-13] [SYSTEM_IO]: Userdata requested: IntroMusic
[11-56-13] [SYSTEM_IO]: Userdata requested: persistentnotifications
[EXTERNAL STOP] Cyder was force closed by an external entity such as an IDE stop or the OS' Task Manager
