[12-34-20] [ENTRY]: [Nathan]
[12-34-20] [SYSTEM_IO]: System data pared in IOUtil's static block
[12-34-20] [SYSTEM_IO]: Suggestions pared in IOUtil's static block
[12-34-22] [LOGIN]: [AUTOCYPHER ATTEMPT]
[12-34-22] [JAVA ARGS]: [LOCATION] [La casa de Nathan]
[12-34-22] [LOGIN]: [AUTOCYPHER PASS, e5a50641-21d1-3654-b738-c0e4b2dc61b1]
[12-34-22] [SYSTEM_IO]: Userdata requested: Name
[12-34-23] [SYSTEM_IO]: Userdata requested: RandomBackground
[12-34-23] [SYSTEM_IO]: Userdata requested: FullScreen
[12-34-23] [SYSTEM_IO]: Userdata requested: Name
[12-34-23] [SYSTEM_IO]: Userdata requested: Foreground
[12-34-23] [SYSTEM_IO]: Userdata requested: Foreground
[12-34-23] [SYSTEM_IO]: Userdata requested: FullScreen
[12-34-23] [SYSTEM_IO]: Userdata requested: FullScreen
[12-34-23] [SYSTEM_IO]: Userdata requested: Foreground
[12-34-23] [SYSTEM_IO]: Userdata requested: Font
[12-34-23] [SYSTEM_IO]: Userdata requested: OutputBorder
[12-34-23] [SYSTEM_IO]: Userdata requested: FullScreen
[12-34-23] [SYSTEM_IO]: Userdata requested: InputBorder
[12-34-23] [SYSTEM_IO]: Userdata requested: Foreground
[12-34-23] [SYSTEM_IO]: Userdata requested: Foreground
[12-34-23] [SYSTEM_IO]: Userdata requested: Foreground
[12-34-23] [SYSTEM_IO]: Userdata requested: Font
[12-34-23] [SYSTEM_IO]: Userdata requested: OutputFill
[12-34-23] [SYSTEM_IO]: Userdata requested: InputFill
[12-34-23] [ACTION]: CyderFrame disposed with fastclose: true, CyderFrame: Component name = [cyder.ui.CyderFrame], bounds = [(980, 396, 600, 600)], hash = [1265218326], parentFrame = [Object itself is the top level frame], associated text = [No getText() method found], tooltip text = [No getTooltipText() method found], title = [Cyder Splash]
[12-34-23] [ACTION]: Console loaded in 3723ms
[12-34-23] [SYSTEM_IO]: Userdata requested: DebugWindows
[12-34-23] [ENTRY]: [TESTING MODE]
[12-34-23] [SYSTEM_IO]: Userdata requested: laststart
[12-34-23] [SYSTEM_IO]: Userdata requested: IntroMusic
[12-34-23] [ACTION]: [Stellar Cyder [Nathan]] [NOTIFICATION] Console loaded in 3723ms
[12-34-24] [SYSTEM_IO]: Userdata requested: persistentnotifications
[12-34-48] [CLIENT]: hello
[12-34-48] [SYSTEM_IO]: Userdata requested: filterchat
[12-34-48] [SYSTEM_IO]: Userdata requested: Name
[12-34-48] [HANDLE]: GENERAL PRINT COMMAND HANDLED
[12-34-48] [HANDLE]: PRIMARY HANDLE
[12-34-48] [CONSOLE_OUT]: [STRING] How are you doing, Nathan?
[12-34-57] [CLIENT]: helloo
[12-34-57] [SYSTEM_IO]: Userdata requested: filterchat
[12-34-57] [ACTION]: Similar command to "helloo" found with tol of 0.90909094, command = "hello"
[12-34-57] [CONSOLE_OUT]: [STRING] Unknown command
[12-34-58] [CONSOLE_OUT]: [STRING] Most similar command: "hello"
[12-35-04] [CLIENT]: usb
[12-35-04] [SYSTEM_IO]: Userdata requested: filterchat
[12-35-04] [HANDLE]: GENERAL COMMAND HANDLED
[12-35-04] [HANDLE]: PRIMARY HANDLE
[12-35-05] [CONSOLE_OUT]: [STRING] Requirement already satisfied: wmi in c:\programdata\anaconda3\lib\site-packages (1.5.1)
[12-35-06] [CONSOLE_OUT]: [STRING] Requirement already satisfied: pywin32 in c:\programdata\anaconda3\lib\site-packages (from wmi) (228)
[12-35-09] [CONSOLE_OUT]: [STRING] Connected devices:
[12-35-09] [CONSOLE_OUT]: [STRING] ----------------------------------------
[12-35-09] [CONSOLE_OUT]: [STRING] USB Root Hub (USB 3.0)
[12-35-09] [CONSOLE_OUT]: [STRING] ----------------------------------------
[12-35-09] [CONSOLE_OUT]: [STRING] USB Root Hub (USB 3.0)
[12-35-10] [CONSOLE_OUT]: [STRING] ----------------------------------------
[12-35-10] [CONSOLE_OUT]: [STRING] Synaptics WBDI - SGX
[12-35-10] [CONSOLE_OUT]: [STRING] ----------------------------------------
[12-35-10] [CONSOLE_OUT]: [STRING] Generic USB Hub
[12-35-10] [CONSOLE_OUT]: [STRING] ----------------------------------------
[12-35-11] [CONSOLE_OUT]: [STRING] USB Composite Device
[12-35-11] [CONSOLE_OUT]: [STRING] ----------------------------------------
[12-35-11] [CONSOLE_OUT]: [STRING] USB Input Device
[12-35-11] [CONSOLE_OUT]: [STRING] ----------------------------------------
[12-35-11] [CONSOLE_OUT]: [STRING] HID Keyboard Device
[12-35-12] [CONSOLE_OUT]: [STRING] ----------------------------------------
[12-35-12] [CONSOLE_OUT]: [STRING] USB Input Device
[12-35-12] [CONSOLE_OUT]: [STRING] ----------------------------------------
[12-35-12] [CONSOLE_OUT]: [STRING] HID Keyboard Device
[12-35-12] [CONSOLE_OUT]: [STRING] ----------------------------------------
[12-35-13] [CONSOLE_OUT]: [STRING] HID-compliant consumer control device
[12-35-13] [CONSOLE_OUT]: [STRING] ----------------------------------------
[12-35-13] [CONSOLE_OUT]: [STRING] HID-compliant vendor-defined device
[12-35-13] [CONSOLE_OUT]: [STRING] ----------------------------------------
[12-35-13] [CONSOLE_OUT]: [STRING] HID-compliant vendor-defined device
[12-35-14] [CONSOLE_OUT]: [STRING] ----------------------------------------
[12-35-14] [CONSOLE_OUT]: [STRING] USB Composite Device
[12-35-14] [CONSOLE_OUT]: [STRING] ----------------------------------------
[12-35-14] [CONSOLE_OUT]: [STRING] USB Input Device
[12-35-14] [CONSOLE_OUT]: [STRING] ----------------------------------------
[12-35-15] [CONSOLE_OUT]: [STRING] HID-compliant mouse
[12-35-15] [CONSOLE_OUT]: [STRING] ----------------------------------------
[12-35-15] [CONSOLE_OUT]: [STRING] USB Input Device
[12-35-15] [CONSOLE_OUT]: [STRING] ----------------------------------------
[12-35-15] [CONSOLE_OUT]: [STRING] HID-compliant vendor-defined device
[12-35-16] [CONSOLE_OUT]: [STRING] ----------------------------------------
[12-35-16] [CONSOLE_OUT]: [STRING] USB Input Device
[12-35-16] [CONSOLE_OUT]: [STRING] ----------------------------------------
[12-35-16] [CONSOLE_OUT]: [STRING] HID-compliant vendor-defined device
[12-35-17] [CONSOLE_OUT]: [STRING] ----------------------------------------
[12-35-17] [CONSOLE_OUT]: [STRING] Intel(R) Wireless Bluetooth(R)
[12-35-17] [CONSOLE_OUT]: [STRING] ----------------------------------------
[12-35-17] [CONSOLE_OUT]: [STRING] USB Composite Device
[12-35-17] [CONSOLE_OUT]: [STRING] ----------------------------------------
[12-35-18] [CONSOLE_OUT]: [STRING] Integrated IR Camera
[12-35-18] [CONSOLE_OUT]: [STRING] ----------------------------------------
[12-35-18] [CONSOLE_OUT]: [STRING] USB Composite Device
[12-35-18] [CONSOLE_OUT]: [STRING] ----------------------------------------
[12-35-18] [CONSOLE_OUT]: [STRING] Integrated Camera
[12-35-19] [CONSOLE_OUT]: [STRING] ----------------------------------------
[12-35-19] [CONSOLE_OUT]: [STRING] Realtek USB 3.0 Card Reader
[12-35-19] [CONSOLE_OUT]: [STRING] ----------------------------------------
[12-35-26] [SYSTEM_IO]: Userdata requested: minimizeonclose
[12-35-26] [SYSTEM_IO]: Userdata requested: Name
[12-35-26] [LOGOUT]: [Nathan]
[12-35-26] [ACTION]: CyderFrame disposed with fastclose: false, CyderFrame: Component name = [cyder.ui.ConsoleFrame], bounds = [(223, 534, 1029, 675)], hash = [1899600175], parentFrame = [Object itself is the top level frame], associated text = [No getText() method found], tooltip text = [No getTooltipText() method found], title = [Stellar Cyder [Nathan]]
[12-35-26] [SYSTEM_IO]: Userdata requested: closeanimation
[12-35-27] [EXIT]: [RUNTIME] 1m 7s
[12-35-27] [EOL]: Log completed, exiting Cyder with exit code: 25 [Genesis Controlled Exit], exceptions thrown: 0
[12-35-27] [EXIT]: [RUNTIME] 1m 7s
[12-35-27] [EOL]: Log completed, exiting Cyder with exit code: 120 [Final Frame Disposed], exceptions thrown: 0
