[16-28-39] [ENTRY]: [Nathan]
[16-28-39] [SYSTEM_IO]: System data pared in IOUtil's static block
[16-28-39] [SYSTEM_IO]: Suggestions pared in IOUtil's static block
[16-28-41] [LOGIN]: [AUTOCYPHER ATTEMPT]
[16-28-41] [JAVA ARGS]: [LOCATION] [La casa de Nathan]
[16-28-41] [LOGIN]: [AUTOCYPHER PASS, e5a50641-21d1-3654-b738-c0e4b2dc61b1]
[16-28-41] [SYSTEM_IO]: Userdata requested: Name
[16-28-42] [SYSTEM_IO]: Userdata requested: RandomBackground
[16-28-42] [SYSTEM_IO]: Userdata requested: FullScreen
[16-28-42] [SYSTEM_IO]: Userdata requested: Name
[16-28-42] [SYSTEM_IO]: Userdata requested: Foreground
[16-28-42] [SYSTEM_IO]: Userdata requested: Foreground
[16-28-42] [SYSTEM_IO]: Userdata requested: FullScreen
[16-28-42] [SYSTEM_IO]: Userdata requested: FullScreen
[16-28-42] [SYSTEM_IO]: Userdata requested: Foreground
[16-28-42] [SYSTEM_IO]: Userdata requested: Font
[16-28-42] [SYSTEM_IO]: Userdata requested: OutputBorder
[16-28-42] [SYSTEM_IO]: Userdata requested: FullScreen
[16-28-42] [SYSTEM_IO]: Userdata requested: InputBorder
[16-28-42] [SYSTEM_IO]: Userdata requested: Foreground
[16-28-42] [SYSTEM_IO]: Userdata requested: Foreground
[16-28-42] [SYSTEM_IO]: Userdata requested: Foreground
[16-28-42] [SYSTEM_IO]: Userdata requested: Font
[16-28-42] [SYSTEM_IO]: Userdata requested: OutputFill
[16-28-42] [SYSTEM_IO]: Userdata requested: InputFill
[16-28-42] [ACTION]: CyderFrame disposed with fastclose: true, CyderFrame: Component name = [cyder.ui.CyderFrame], bounds = [(980, 396, 600, 600)], hash = [175711142], parentFrame = [Object itself is the top level frame], associated text = [No getText() method found], tooltip text = [No getTooltipText() method found], title = [Cyder Splash]
[16-28-42] [ACTION]: Console loaded in 3419ms
[16-28-42] [SYSTEM_IO]: Userdata requested: DebugWindows
[16-28-42] [ENTRY]: [TESTING MODE]
[16-28-42] [SYSTEM_IO]: Userdata requested: laststart
[16-28-42] [SYSTEM_IO]: Userdata requested: IntroMusic
[16-28-42] [ACTION]: [Stellar Cyder [Nathan]] [NOTIFICATION] Console loaded in 3419ms
[16-28-42] [SYSTEM_IO]: Userdata requested: persistentnotifications
[16-28-43] [CLIENT]: dir
[16-28-43] [SYSTEM_IO]: Userdata requested: filterchat
[16-28-43] [WIDGET OPENED]: DIRECTORY SEARCH
[16-28-43] [CONSOLE_OUT]: [STRING] Opening widget: cyder.handlers.external.DirectoryViewer
[16-28-44] [HANDLE]: PRIMARY HANDLE
[16-29-00] [ACTION]: Component name = [cyder.ui.DragLabel], bounds = [(2, 2, 626, 28)], hash = [1112910774], parentFrame = [Downloads], associated text = [No getText() method found], tooltip text = [No getTooltipText() method found], title = [No getTitle() method found]
[16-29-00] [ACTION]: CyderFrame disposed with fastclose: false, CyderFrame: Component name = [cyder.ui.CyderFrame], bounds = [(1002, 593, 630, 510)], hash = [724711544], parentFrame = [Object itself is the top level frame], associated text = [No getText() method found], tooltip text = [No getTooltipText() method found], title = [Downloads]
[16-29-00] [SYSTEM_IO]: Userdata requested: closeanimation
[16-29-01] [SYSTEM_IO]: Userdata requested: minimizeonclose
[16-29-01] [SYSTEM_IO]: Userdata requested: Name
[16-29-01] [LOGOUT]: [Nathan]
[16-29-01] [ACTION]: CyderFrame disposed with fastclose: false, CyderFrame: Component name = [cyder.ui.ConsoleFrame], bounds = [(258, 615, 1029, 675)], hash = [370475881], parentFrame = [Object itself is the top level frame], associated text = [No getText() method found], tooltip text = [No getTooltipText() method found], title = [Stellar Cyder [Nathan]]
[16-29-01] [SYSTEM_IO]: Userdata requested: closeanimation
[16-29-02] [EXIT]: [RUNTIME] 22s
[16-29-02] [EOL]: Log completed, exiting Cyder with exit code: 25 [Genesis Controlled Exit], exceptions thrown: 0
