[16-30-56] [ENTRY]: [Nathan]
[16-30-56] [SYSTEM_IO]: System data pared in IOUtil's static block
[16-30-57] [SYSTEM_IO]: Suggestions pared in IOUtil's static block
[16-30-59] [LOGIN]: [AUTOCYPHER ATTEMPT]
[16-30-59] [JAVA ARGS]: [LOCATION] [La casa de Nathan]
[16-30-59] [LOGIN]: [AUTOCYPHER PASS, e5a50641-21d1-3654-b738-c0e4b2dc61b1]
[16-30-59] [SYSTEM_IO]: Userdata requested: Name
[16-30-59] [SYSTEM_IO]: Userdata requested: RandomBackground
[16-30-59] [SYSTEM_IO]: Userdata requested: FullScreen
[16-30-59] [SYSTEM_IO]: Userdata requested: Name
[16-30-59] [SYSTEM_IO]: Userdata requested: Foreground
[16-30-59] [SYSTEM_IO]: Userdata requested: Foreground
[16-30-59] [SYSTEM_IO]: Userdata requested: FullScreen
[16-31-00] [SYSTEM_IO]: Userdata requested: FullScreen
[16-31-00] [SYSTEM_IO]: Userdata requested: Foreground
[16-31-00] [SYSTEM_IO]: Userdata requested: Font
[16-31-00] [SYSTEM_IO]: Userdata requested: OutputBorder
[16-31-00] [SYSTEM_IO]: Userdata requested: FullScreen
[16-31-00] [SYSTEM_IO]: Userdata requested: InputBorder
[16-31-00] [SYSTEM_IO]: Userdata requested: Foreground
[16-31-00] [SYSTEM_IO]: Userdata requested: Foreground
[16-31-00] [SYSTEM_IO]: Userdata requested: Foreground
[16-31-00] [SYSTEM_IO]: Userdata requested: Font
[16-31-00] [SYSTEM_IO]: Userdata requested: OutputFill
[16-31-00] [SYSTEM_IO]: Userdata requested: InputFill
[16-31-00] [ACTION]: CyderFrame disposed with fastclose: true, CyderFrame: Component name = [cyder.ui.CyderFrame], bounds = [(980, 396, 600, 600)], hash = [1684153143], parentFrame = [Object itself is the top level frame], associated text = [No getText() method found], tooltip text = [No getTooltipText() method found], title = [Cyder Splash]
[16-31-00] [ACTION]: Console loaded in 3770ms
[16-31-00] [SYSTEM_IO]: Userdata requested: DebugWindows
[16-31-00] [ENTRY]: [TESTING MODE]
[16-31-00] [SYSTEM_IO]: Userdata requested: laststart
[16-31-00] [SYSTEM_IO]: Userdata requested: IntroMusic
[16-31-00] [ACTION]: [Stellar Cyder [Nathan]] [NOTIFICATION] Console loaded in 3770ms
[16-31-00] [SYSTEM_IO]: Userdata requested: persistentnotifications
[16-31-02] [CLIENT]: weather
[16-31-02] [SYSTEM_IO]: Userdata requested: filterchat
[16-31-02] [WIDGET OPENED]: WEATHER
[16-31-03] [CONSOLE_OUT]: [STRING] Opening widget: cyder.widgets.WeatherWidget
[16-31-03] [HANDLE]: PRIMARY HANDLE
[16-31-04] [ACTION]: [Starkville's weather] [NOTIFICATION] Refreshed
[16-31-04] [SYSTEM_IO]: Userdata requested: persistentnotifications
[16-31-06] [ACTION]: Component name = [cyder.ui.Notification], bounds = [(-3, 585, 148, 61)], hash = [288211633], parentFrame = [Starkville's weather], associated text = [No getText() method found], tooltip text = [No getTooltipText() method found], title = [No getTitle() method found]
[16-31-15] [ACTION]: CyderFrame disposed with fastclose: false, CyderFrame: Component name = [cyder.ui.CyderFrame], bounds = [(823, 731, 600, 310)], hash = [1970157473], parentFrame = [Object itself is the top level frame], associated text = [No getText() method found], tooltip text = [No getTooltipText() method found], title = [Change Location]
[16-31-15] [SYSTEM_IO]: Userdata requested: closeanimation
[16-31-15] [ACTION]: Component name = [cyder.ui.CyderButton], bounds = [(40, 250, 520, 40)], hash = [1072698344], parentFrame = [Change Location], associated text = [Change Location], tooltip text = [No getTooltipText() method found], title = [No getTitle() method found]
[16-31-15] [ACTION]: [Starkville's weather] [NOTIFICATION] Attempting to refresh weather stats for location ""
[16-31-15] [EXCEPTION]: 
Exception origin: java.base/sun.net.www.protocol.http.HttpURLConnection.getInputStream0(HttpURLConnection.java:1913)
From line: 1913
Trace: java.io.IOException: Server returned HTTP response code: 400 for URL: https://api.openweathermap.org/data/2.5/weather?q=&appid=2d790dd0766f1da62af488f101380c75&units=imperial
	at java.base/sun.net.www.protocol.http.HttpURLConnection.getInputStream0(HttpURLConnection.java:1913)
	at java.base/sun.net.www.protocol.http.HttpURLConnection.getInputStream(HttpURLConnection.java:1509)
	at java.base/sun.net.www.protocol.https.HttpsURLConnectionImpl.getInputStream(HttpsURLConnectionImpl.java:245)
	at java.base/java.net.URL.openStream(URL.java:1117)
	at cyder.widgets.WeatherWidget.lambda$repullWeatherStats$5(WeatherWidget.java:489)
	at java.base/java.lang.Thread.run(Thread.java:844)
[16-31-15] [SYSTEM_IO]: Userdata requested: SilenceErrors
[16-31-15] [DEBUG]: 
Exception origin: java.base/sun.net.www.protocol.http.HttpURLConnection.getInputStream0(HttpURLConnection.java:1913)
From line: 1913
Trace: java.io.IOException: Server returned HTTP response code: 400 for URL: https://api.openweathermap.org/data/2.5/weather?q=&appid=2d790dd0766f1da62af488f101380c75&units=imperial
	at java.base/sun.net.www.protocol.http.HttpURLConnection.getInputStream0(HttpURLConnection.java:1913)
	at java.base/sun.net.www.protocol.http.HttpURLConnection.getInputStream(HttpURLConnection.java:1509)
	at java.base/sun.net.www.protocol.https.HttpsURLConnectionImpl.getInputStream(HttpsURLConnectionImpl.java:245)
	at java.base/java.net.URL.openStream(URL.java:1117)
	at cyder.widgets.WeatherWidget.lambda$repullWeatherStats$5(WeatherWidget.java:489)
	at java.base/java.lang.Thread.run(Thread.java:844)
[16-31-15] [SYSTEM_IO]: Userdata requested: persistentnotifications
[16-31-18] [ACTION]: [Weather] [NOTIFICATION] Refreshed
[16-31-18] [SYSTEM_IO]: Userdata requested: persistentnotifications
[16-31-50] [ACTION]: Component name = [cyder.ui.DragLabel], bounds = [(2, 2, 476, 28)], hash = [1431129843], parentFrame = [Weather], associated text = [No getText() method found], tooltip text = [No getTooltipText() method found], title = [No getTitle() method found]
[16-31-50] [ACTION]: CyderFrame disposed with fastclose: false, CyderFrame: Component name = [cyder.widgets.WeatherWidget], bounds = [(883, 566, 480, 640)], hash = [817631162], parentFrame = [Object itself is the top level frame], associated text = [No getText() method found], tooltip text = [No getTooltipText() method found], title = [Weather]
[16-31-50] [SYSTEM_IO]: Userdata requested: closeanimation
[EXTERNAL STOP] Cyder was force closed by an external entity such as an IDE stop or the OS' Task Manager
