[16-53-33] [ENTRY]: [Nathan]
[16-53-33] [SYSTEM_IO]: System data pared in IOUtil's static block
[16-53-33] [SYSTEM_IO]: Suggestions pared in IOUtil's static block
[16-53-35] [LOGIN]: [AUTOCYPHER ATTEMPT]
[16-53-35] [JAVA ARGS]: [LOCATION] [La casa de Nathan]
[16-53-36] [LOGIN]: [AUTOCYPHER PASS, e5a50641-21d1-3654-b738-c0e4b2dc61b1]
[16-53-36] [SYSTEM_IO]: Userdata requested: Name
[16-53-36] [SYSTEM_IO]: Userdata requested: RandomBackground
[16-53-36] [SYSTEM_IO]: Userdata requested: FullScreen
[16-53-36] [SYSTEM_IO]: Userdata requested: Name
[16-53-36] [SYSTEM_IO]: Userdata requested: Foreground
[16-53-36] [SYSTEM_IO]: Userdata requested: Foreground
[16-53-36] [SYSTEM_IO]: Userdata requested: FullScreen
[16-53-36] [SYSTEM_IO]: Userdata requested: FullScreen
[16-53-36] [SYSTEM_IO]: Userdata requested: Foreground
[16-53-36] [SYSTEM_IO]: Userdata requested: Font
[16-53-36] [SYSTEM_IO]: Userdata requested: OutputBorder
[16-53-36] [SYSTEM_IO]: Userdata requested: FullScreen
[16-53-36] [SYSTEM_IO]: Userdata requested: InputBorder
[16-53-36] [SYSTEM_IO]: Userdata requested: Foreground
[16-53-36] [SYSTEM_IO]: Userdata requested: Foreground
[16-53-36] [SYSTEM_IO]: Userdata requested: Foreground
[16-53-36] [SYSTEM_IO]: Userdata requested: Font
[16-53-36] [SYSTEM_IO]: Userdata requested: OutputFill
[16-53-36] [SYSTEM_IO]: Userdata requested: InputFill
[16-53-36] [ACTION]: CyderFrame disposed with fastclose: true, CyderFrame: Component name = [cyder.ui.CyderFrame], bounds = [(980, 396, 600, 600)], hash = [175711142], parentFrame = [Object itself is the top level frame], associated text = [No getText() method found], tooltip text = [No getTooltipText() method found], title = [Cyder Splash]
[16-53-37] [ACTION]: Console loaded in 3774ms
[16-53-37] [SYSTEM_IO]: Userdata requested: DebugWindows
[16-53-37] [ENTRY]: [TESTING MODE]
[16-53-37] [SYSTEM_IO]: Userdata requested: laststart
[16-53-37] [SYSTEM_IO]: Userdata requested: IntroMusic
[16-53-37] [ACTION]: [Stellar Cyder [Nathan]] [NOTIFICATION] Console loaded in 3774ms
[16-53-37] [SYSTEM_IO]: Userdata requested: persistentnotifications
[16-53-42] [CLIENT]: badwords
[16-53-42] [SYSTEM_IO]: Userdata requested: filterchat
[16-53-42] [HANDLE]: GENERAL COMMAND HANDLED
[16-53-42] [HANDLE]: PRIMARY HANDLE
[16-53-43] [CONSOLE_OUT]: [STRING] Finding bad words:
[16-53-43] [CONSOLE_OUT]: [STRING] Concluded
[EXTERNAL STOP] Cyder was force closed by an external entity such as an IDE stop or the OS' Task Manager
