[17-03-25] [ENTRY]: [Nathan]
[17-03-25] [SYSTEM_IO]: System data pared in IOUtil's static block
[17-03-25] [SYSTEM_IO]: Suggestions pared in IOUtil's static block
[17-03-27] [JAVA ARGS]: [LOCATION] [La casa de Nathan]
[17-03-27] [LOGIN]: [AUTOCYPHER ATTEMPT]
[17-03-27] [LOGIN]: [AUTOCYPHER PASS, e5a50641-21d1-3654-b738-c0e4b2dc61b1]
[17-03-27] [SYSTEM_IO]: Userdata requested: Name
[17-03-27] [SYSTEM_IO]: Userdata requested: RandomBackground
[17-03-27] [SYSTEM_IO]: Userdata requested: FullScreen
[17-03-27] [SYSTEM_IO]: Userdata requested: Name
[17-03-28] [SYSTEM_IO]: Userdata requested: Foreground
[17-03-28] [SYSTEM_IO]: Userdata requested: Foreground
[17-03-28] [SYSTEM_IO]: Userdata requested: FullScreen
[17-03-28] [SYSTEM_IO]: Userdata requested: FullScreen
[17-03-28] [SYSTEM_IO]: Userdata requested: Foreground
[17-03-28] [SYSTEM_IO]: Userdata requested: Font
[17-03-28] [SYSTEM_IO]: Userdata requested: OutputBorder
[17-03-28] [SYSTEM_IO]: Userdata requested: FullScreen
[17-03-28] [SYSTEM_IO]: Userdata requested: InputBorder
[17-03-28] [SYSTEM_IO]: Userdata requested: Foreground
[17-03-28] [SYSTEM_IO]: Userdata requested: Foreground
[17-03-28] [SYSTEM_IO]: Userdata requested: Foreground
[17-03-28] [SYSTEM_IO]: Userdata requested: Font
[17-03-28] [SYSTEM_IO]: Userdata requested: OutputFill
[17-03-28] [SYSTEM_IO]: Userdata requested: InputFill
[17-03-28] [ACTION]: CyderFrame disposed with fastclose: true, CyderFrame: Component name = [cyder.ui.CyderFrame], bounds = [(980, 396, 600, 600)], hash = [1996140446], parentFrame = [Object itself is the top level frame], associated text = [No getText() method found], tooltip text = [No getTooltipText() method found], title = [Cyder Splash]
[17-03-28] [ACTION]: Console loaded in 3149ms
[17-03-28] [SYSTEM_IO]: Userdata requested: DebugWindows
[17-03-28] [ENTRY]: [TESTING MODE]
[17-03-28] [SYSTEM_IO]: Userdata requested: laststart
[17-03-28] [SYSTEM_IO]: Userdata requested: IntroMusic
[17-03-28] [ACTION]: [Stellar Cyder [Nathan]] [NOTIFICATION] Console loaded in 3149ms
[17-03-28] [SYSTEM_IO]: Userdata requested: persistentnotifications
[17-03-30] [CONSOLE_OUT]: [STRING] Escaped
[17-03-30] [CONSOLE_OUT]: [STRING] Escaped
[17-03-30] [CONSOLE_OUT]: [STRING] Escaped
[17-03-31] [CONSOLE_OUT]: [STRING] Escaped
[17-03-50] [SYSTEM_IO]: Userdata requested: minimizeonclose
[17-03-50] [SYSTEM_IO]: Userdata requested: Name
[17-03-50] [LOGOUT]: [Nathan]
[17-03-50] [ACTION]: CyderFrame disposed with fastclose: false, CyderFrame: Component name = [cyder.ui.ConsoleFrame], bounds = [(375, 527, 1200, 675)], hash = [839998248], parentFrame = [Object itself is the top level frame], associated text = [No getText() method found], tooltip text = [No getTooltipText() method found], title = [Stellar Cyder [Nathan]]
[17-03-50] [SYSTEM_IO]: Userdata requested: closeanimation
[17-03-50] [EXIT]: [RUNTIME] 25s
[17-03-50] [EOL]: Log completed, exiting Cyder with exit code: 25 [Genesis Controlled Exit], exceptions thrown: 0
