[22-00-52] [ENTRY]: [Nathan]
[22-00-52] [SYSTEM_IO]: System data pared in IOUtil's static block
[22-00-52] [SYSTEM_IO]: Suggestions pared in IOUtil's static block
[22-00-52] [SYSTEM_IO]: Exit conditions pared in IOUtil's static block
[22-00-52] [SYSTEM_IO]: DebugHashes pared in IOUtil's static block
[22-00-54] [JAVA ARGS]: [LOCATION] [La casa de Nathan]
[22-00-54] [LOGIN]: [AUTOCYPHER ATTEMPT]
[22-00-54] [LOGIN]: [AUTOCYPHER PASS, e5a50641-21d1-3654-b738-c0e4b2dc61b1]
[22-00-54] [SYSTEM_IO]: Userdata requested: Name
[22-00-54] [SYSTEM_IO]: Userdata requested: RandomBackground
[22-00-55] [SYSTEM_IO]: Userdata requested: FullScreen
[22-00-55] [SYSTEM_IO]: Userdata requested: Name
[22-00-55] [SYSTEM_IO]: Userdata requested: Foreground
[22-00-55] [SYSTEM_IO]: Userdata requested: Foreground
[22-00-55] [SYSTEM_IO]: Userdata requested: FullScreen
[22-00-55] [SYSTEM_IO]: Userdata requested: FullScreen
[22-00-55] [SYSTEM_IO]: Userdata requested: Foreground
[22-00-55] [SYSTEM_IO]: Userdata requested: Font
[22-00-55] [SYSTEM_IO]: Userdata requested: OutputBorder
[22-00-55] [SYSTEM_IO]: Userdata requested: FullScreen
[22-00-55] [SYSTEM_IO]: Userdata requested: InputBorder
[22-00-55] [SYSTEM_IO]: Userdata requested: Foreground
[22-00-55] [SYSTEM_IO]: Userdata requested: Foreground
[22-00-55] [SYSTEM_IO]: Userdata requested: Foreground
[22-00-55] [SYSTEM_IO]: Userdata requested: Font
[22-00-55] [SYSTEM_IO]: Userdata requested: OutputFill
[22-00-55] [SYSTEM_IO]: Userdata requested: InputFill
[22-00-55] [ACTION]: CyderFrame disposed with fastclose: true, CyderFrame: Component name = [cyder.ui.CyderFrame], bounds = [(980, 396, 600, 600)], hash = [525964104], parentFrame = [Object itself is the top level frame], associated text = [No getText() method found], tooltip text = [No getTooltipText() method found], title = [Cyder Splash]
[22-00-55] [ACTION]: Console loaded in 3209ms
[22-00-55] [SYSTEM_IO]: Userdata requested: DebugWindows
[22-00-55] [ENTRY]: [TESTING MODE]
[22-00-55] [SYSTEM_IO]: Userdata requested: laststart
[22-00-55] [SYSTEM_IO]: Userdata requested: IntroMusic
[22-00-55] [ACTION]: [Stellar Cyder [Nathan]] [NOTIFICATION] Console loaded in 3209ms
[22-00-55] [SYSTEM_IO]: Userdata requested: persistentnotifications
[22-00-59] [CLIENT]: clear
[22-00-59] [SYSTEM_IO]: Userdata requested: filterchat
[22-00-59] [HANDLE]: GENERAL COMMAND HANDLED
[22-00-59] [HANDLE]: PRIMARY HANDLE
[22-01-00] [CONSOLE_OUT]: [STRING] Manual tests:
[22-01-01] [CONSOLE_OUT]: [STRING] iconLabelSlidingTest
[22-01-01] [CONSOLE_OUT]: [STRING] dragLabelButtonTest
[22-01-02] [CONSOLE_OUT]: [STRING] buttonAndTitlePosTest
[22-01-02] [CONSOLE_OUT]: [STRING] frameTitleLengthTest
[22-01-02] [CONSOLE_OUT]: [STRING] cyderGridLayoutTest
[22-01-02] [CONSOLE_OUT]: [STRING] checkboxTest
[22-01-02] [CONSOLE_OUT]: [STRING] queueTest
[22-01-02] [CONSOLE_OUT]: [STRING] progressBarTest
[22-01-02] [CONSOLE_OUT]: [STRING] checkboxGroupTest
[22-01-02] [CONSOLE_OUT]: [STRING] switchTest
[22-01-02] [CONSOLE_OUT]: [STRING] cyderGridTest
[22-01-02] [CONSOLE_OUT]: [STRING] cyderSliderTest
[22-01-02] [CONSOLE_OUT]: [STRING] stackTest
[22-01-02] [CONSOLE_OUT]: [STRING] comboBoxTest
[22-01-02] [CONSOLE_OUT]: [STRING] notificationTest
[22-01-02] [CONSOLE_OUT]: [STRING] flowLayoutTest
[22-01-02] [CONSOLE_OUT]: [STRING] rippleLabelTest
[22-01-02] [CONSOLE_OUT]: [STRING] askewTest
[22-01-02] [CONSOLE_OUT]: [STRING] informTest
[22-01-02] [CONSOLE_OUT]: [STRING] Unit Tests:
[22-01-02] [CONSOLE_OUT]: [STRING] testIPv4RegexMatcher
[22-01-02] [CONSOLE_OUT]: [STRING] testPluralConversion
[22-01-02] [CONSOLE_OUT]: [STRING] testWindBearingDirection
[22-01-02] [CONSOLE_OUT]: [STRING] testPhoneNumberPattern
[22-01-02] [CONSOLE_OUT]: [STRING] testIsComment
[22-01-02] [CONSOLE_OUT]: [STRING] testInsertBreaks
[22-01-02] [CONSOLE_OUT]: [JCOMPONENT] Component name = [cyder.ui.CyderButton], bounds = [(0, 0, 0, 0)], hash = [1984373125], parentFrame = [No associated frame], associated text = [Make a Suggestion], tooltip text = [No getTooltipText() method found], title = [No getTitle() method found]
[22-01-02] [CONSOLE_OUT]: [STRING]
[22-01-02] [CONSOLE_OUT]: [STRING] Escaped
[22-01-05] [SYSTEM_IO]: Userdata requested: minimizeonclose
[22-01-05] [SYSTEM_IO]: Userdata requested: Name
[22-01-05] [LOGOUT]: [Nathan]
[22-01-05] [ACTION]: CyderFrame disposed with fastclose: false, CyderFrame: Component name = [cyder.ui.ConsoleFrame], bounds = [(1043, 375, 1200, 675)], hash = [1604247316], parentFrame = [Object itself is the top level frame], associated text = [No getText() method found], tooltip text = [No getTooltipText() method found], title = [Stellar Cyder [Nathan]]
[22-01-05] [SYSTEM_IO]: Userdata requested: closeanimation
[22-01-05] [EXIT]: [RUNTIME] 13s
[22-01-05] [EOL]: Log completed, exiting Cyder with exit code: 25 [Genesis Controlled Exit], exceptions thrown: 0
