[16-34-54] [ENTRY]: [Nathan]
[16-34-54] [SYSTEM_IO]: System data pared in IOUtil's static block
[16-34-54] [SYSTEM_IO]: Suggestions pared in IOUtil's static block
[16-34-54] [SYSTEM_IO]: Exit conditions pared in IOUtil's static block
[16-34-54] [SYSTEM_IO]: DebugHashes pared in IOUtil's static block
[16-34-57] [LOGIN]: [AUTOCYPHER ATTEMPT]
[16-34-57] [JAVA ARGS]: [LOCATION] [La casa de Nathan]
[16-34-58] [LOGIN]: [AUTOCYPHER PASS, e5a50641-21d1-3654-b738-c0e4b2dc61b1]
[16-34-58] [SYSTEM_IO]: Userdata requested: Name
[16-34-58] [SYSTEM_IO]: Userdata requested: RandomBackground
[16-34-58] [SYSTEM_IO]: Userdata requested: FullScreen
[16-34-58] [SYSTEM_IO]: Userdata requested: Name
[16-34-58] [SYSTEM_IO]: Userdata requested: Foreground
[16-34-58] [SYSTEM_IO]: Userdata requested: Foreground
[16-34-58] [SYSTEM_IO]: Userdata requested: FullScreen
[16-34-58] [SYSTEM_IO]: Userdata requested: FullScreen
[16-34-58] [SYSTEM_IO]: Userdata requested: Foreground
[16-34-58] [SYSTEM_IO]: Userdata requested: Font
[16-34-58] [SYSTEM_IO]: Userdata requested: OutputBorder
[16-34-58] [SYSTEM_IO]: Userdata requested: FullScreen
[16-34-58] [SYSTEM_IO]: Userdata requested: InputBorder
[16-34-58] [SYSTEM_IO]: Userdata requested: Foreground
[16-34-58] [SYSTEM_IO]: Userdata requested: Foreground
[16-34-58] [SYSTEM_IO]: Userdata requested: Foreground
[16-34-58] [SYSTEM_IO]: Userdata requested: Font
[16-34-58] [SYSTEM_IO]: Userdata requested: OutputFill
[16-34-58] [SYSTEM_IO]: Userdata requested: InputFill
[16-34-58] [ACTION]: CyderFrame disposed with fastclose: true, CyderFrame: Component name = [cyder.ui.CyderFrame], bounds = [(980, 396, 600, 600)], hash = [171106977], parentFrame = [Object itself is the top level frame], associated text = [No getText() method found], tooltip text = [No getTooltipText() method found], title = [Cyder Splash]
[16-34-58] [ACTION]: Console loaded in 4604ms
[16-34-58] [SYSTEM_IO]: Userdata requested: DebugWindows
[16-34-58] [ENTRY]: [TESTING MODE]
[16-34-58] [SYSTEM_IO]: Userdata requested: laststart
[16-34-58] [SYSTEM_IO]: Userdata requested: IntroMusic
[16-34-59] [ACTION]: [Stellar Cyder [Nathan]] [NOTIFICATION] Console loaded in 4604ms
[16-34-59] [SYSTEM_IO]: Userdata requested: persistentnotifications
[16-35-01] [CLIENT]: mp3
[16-35-01] [SYSTEM_IO]: Userdata requested: filterchat
[16-35-01] [WIDGET OPENED]: AUDIO PLAYER
[16-35-01] [HANDLE]: PRIMARY HANDLE
[16-35-01] [CONSOLE_OUT]: [STRING] Opening widget: cyder.handlers.external.AudioPlayer
[16-35-02] [ACTION]: [AUDIO PLAYER] Juice WRLD -  Lean Wit Me (Official Music Video).mp3
[16-35-05] [ACTION]: Component name = [cyder.ui.CyderLabel], bounds = [(55, 190, 385, 25)], hash = [903121140], parentFrame = [Juice WRLD -  Lean Wit Me (Official Music Video)], associated text = [<html><div style='text-align: center;'>2s played, 3m 59s left</html>], tooltip text = [No getTooltipText() method found], title = [No getTitle() method found]
[16-35-05] [ACTION]: [AUDIO PLAYER] Juice WRLD -  Lean Wit Me (Official Music Video).mp3
[16-35-06] [ACTION]: Component name = [cyder.ui.CyderLabel], bounds = [(55, 190, 385, 25)], hash = [903121140], parentFrame = [Juice WRLD -  Lean Wit Me (Official Music Video)], associated text = [<html><div style='text-align: center;'>1m 54s played, 2m 7s left</html>], tooltip text = [No getTooltipText() method found], title = [No getTitle() method found]
[16-35-06] [ACTION]: [AUDIO PLAYER] Juice WRLD -  Lean Wit Me (Official Music Video).mp3
[16-35-08] [ACTION]: [AUDIO PLAYER] Juice WRLD -  Lean Wit Me (Official Music Video).mp3
[16-35-09] [ACTION]: [AUDIO PLAYER] Juice WRLD -  Lean Wit Me (Official Music Video).mp3
[16-35-09] [ACTION]: [AUDIO PLAYER] Juice WRLD -  Lean Wit Me (Official Music Video).mp3
[16-35-09] [ACTION]: [AUDIO PLAYER] Juice WRLD -  Lean Wit Me (Official Music Video).mp3
[16-35-10] [ACTION]: [AUDIO PLAYER] Juice WRLD -  Lean Wit Me (Official Music Video).mp3
[16-35-10] [ACTION]: [AUDIO PLAYER] Juice WRLD -  Lean Wit Me (Official Music Video).mp3
[16-35-11] [ACTION]: [AUDIO PLAYER] Juice WRLD -  Lean Wit Me (Official Music Video).mp3
[16-35-11] [ACTION]: [AUDIO PLAYER] Juice WRLD -  Lean Wit Me (Official Music Video).mp3
[16-35-12] [ACTION]: [AUDIO PLAYER] Juice WRLD -  Lean Wit Me (Official Music Video).mp3
[16-35-12] [ACTION]: [AUDIO PLAYER] Juice WRLD -  Lean Wit Me (Official Music Video).mp3
[16-35-13] [ACTION]: [AUDIO PLAYER] Juice WRLD -  Lean Wit Me (Official Music Video).mp3
[16-35-13] [ACTION]: [AUDIO PLAYER] Juice WRLD -  Lean Wit Me (Official Music Video).mp3
[16-35-13] [ACTION]: [AUDIO PLAYER] Juice WRLD -  Lean Wit Me (Official Music Video).mp3
[16-35-13] [ACTION]: [AUDIO PLAYER] Juice WRLD -  Lean Wit Me (Official Music Video).mp3
[16-35-14] [ACTION]: [AUDIO PLAYER] Juice WRLD -  Lean Wit Me (Official Music Video).mp3
[16-35-14] [ACTION]: [AUDIO PLAYER] Juice WRLD -  Lean Wit Me (Official Music Video).mp3
[16-35-14] [ACTION]: [AUDIO PLAYER] Juice WRLD -  Lean Wit Me (Official Music Video).mp3
[16-35-14] [ACTION]: [AUDIO PLAYER] Juice WRLD -  Lean Wit Me (Official Music Video).mp3
[16-35-15] [ACTION]: [AUDIO PLAYER] Juice WRLD -  Lean Wit Me (Official Music Video).mp3
[16-35-16] [ACTION]: [AUDIO PLAYER] Juice WRLD -  Lean Wit Me (Official Music Video).mp3
[16-35-16] [ACTION]: Component name = [cyder.ui.CyderLabel], bounds = [(55, 190, 385, 25)], hash = [903121140], parentFrame = [Juice WRLD -  Lean Wit Me (Official Music Video)], associated text = [<html><div style='text-align: center;'>0s played, 4m 1s left</html>], tooltip text = [No getTooltipText() method found], title = [No getTitle() method found]
[16-35-16] [ACTION]: [AUDIO PLAYER] Juice WRLD -  Lean Wit Me (Official Music Video).mp3
[16-36-53] [ACTION]: [AUDIO PLAYER] Juice WRLD -  Lean Wit Me (Official Music Video).mp3
[16-36-53] [EXCEPTION]: 
Exception origin: javazoom.jl.player.Player.decodeFrame(Player.java:228)
From line: 228
Trace: javazoom.jl.decoder.JavaLayerException: Exception decoding audio frame
	at javazoom.jl.player.Player.decodeFrame(Player.java:228)
	at javazoom.jl.player.Player.play(Player.java:120)
	at javazoom.jl.player.Player.play(Player.java:104)
	at cyder.handlers.external.AudioPlayer.lambda$resumeAudio$11(AudioPlayer.java:1142)
	at java.base/java.lang.Thread.run(Thread.java:844)
[16-36-53] [SYSTEM_IO]: Userdata requested: SilenceErrors
[16-36-53] [DEBUG]: 
Exception origin: javazoom.jl.player.Player.decodeFrame(Player.java:228)
From line: 228
Trace: javazoom.jl.decoder.JavaLayerException: Exception decoding audio frame
	at javazoom.jl.player.Player.decodeFrame(Player.java:228)
	at javazoom.jl.player.Player.play(Player.java:120)
	at javazoom.jl.player.Player.play(Player.java:104)
	at cyder.handlers.external.AudioPlayer.lambda$resumeAudio$11(AudioPlayer.java:1142)
	at java.base/java.lang.Thread.run(Thread.java:844)
[16-36-57] [ACTION]: [AUDIO PLAYER] Juice WRLD -  Lean Wit Me (Official Music Video).mp3
[16-36-57] [ACTION]: Component name = [cyder.ui.CyderLabel], bounds = [(55, 190, 385, 25)], hash = [903121140], parentFrame = [Juice WRLD -  Lean Wit Me (Official Music Video)], associated text = [<html><div style='text-align: center;'>0s played, 4m 1s left</html>], tooltip text = [No getTooltipText() method found], title = [No getTitle() method found]
[16-36-57] [ACTION]: [AUDIO PLAYER] Juice WRLD -  Lean Wit Me (Official Music Video).mp3
[16-37-01] [ACTION]: [AUDIO PLAYER] Juice WRLD -  Lean Wit Me (Official Music Video).mp3
[16-37-13] [ACTION]: [AUDIO PLAYER] Juice WRLD -  Lean Wit Me (Official Music Video).mp3
[16-37-24] [ACTION]: [AUDIO PLAYER] Juice WRLD -  Lean Wit Me (Official Music Video).mp3
[16-37-35] [ACTION]: [AUDIO PLAYER] Juice WRLD -  Lean Wit Me (Official Music Video).mp3
[16-39-00] [ACTION]: [AUDIO PLAYER] Juice WRLD -  Lean Wit Me (Official Music Video).mp3
[16-39-42] [ACTION]: Component name = [cyder.ui.DragLabel], bounds = [(2, 2, 496, 28)], hash = [766198688], parentFrame = [Flash Player], associated text = [No getText() method found], tooltip text = [No getTooltipText() method found], title = [No getTitle() method found]
[16-39-42] [ACTION]: CyderFrame disposed with fastclose: false, CyderFrame: Component name = [cyder.ui.CyderFrame], bounds = [(427, 509, 500, 225)], hash = [1432959991], parentFrame = [Object itself is the top level frame], associated text = [No getText() method found], tooltip text = [No getTooltipText() method found], title = [Flash Player]
[16-39-42] [SYSTEM_IO]: Userdata requested: closeanimation
[16-39-43] [SYSTEM_IO]: Userdata requested: minimizeonclose
[16-39-43] [SYSTEM_IO]: Userdata requested: Name
[16-39-43] [LOGOUT]: [Nathan]
[16-39-43] [ACTION]: CyderFrame disposed with fastclose: false, CyderFrame: Component name = [cyder.ui.ConsoleFrame], bounds = [(517, 303, 743, 692)], hash = [477376212], parentFrame = [Object itself is the top level frame], associated text = [No getText() method found], tooltip text = [No getTooltipText() method found], title = [Stellar Cyder [Nathan]]
[16-39-43] [SYSTEM_IO]: Userdata requested: closeanimation
[16-39-43] [EXIT]: [RUNTIME] 4m 49s
[16-39-43] [EOL]: Log completed, exiting Cyder with exit code: 25 [Genesis Controlled Exit], exceptions thrown: 1
