[23-38-34] [ENTRY]: [Nathan]
[23-38-34] [SYSTEM_IO]: System data pared in IOUtil's static block
[23-38-34] [SYSTEM_IO]: Suggestions pared in IOUtil's static block
[23-38-34] [SYSTEM_IO]: Exit conditions pared in IOUtil's static block
[23-38-34] [SYSTEM_IO]: DebugHashes pared in IOUtil's static block
[23-38-36] [JAVA ARGS]: [LOCATION] [La casa de Nathan]
[23-38-36] [LOGIN]: [AUTOCYPHER ATTEMPT]
[23-38-36] [LOGIN]: [AUTOCYPHER PASS, e5a50641-21d1-3654-b738-c0e4b2dc61b1]
[23-38-36] [SYSTEM_IO]: Userdata requested: Name
[23-38-36] [SYSTEM_IO]: Userdata requested: RandomBackground
[23-38-36] [SYSTEM_IO]: Userdata requested: FullScreen
[23-38-36] [SYSTEM_IO]: Userdata requested: Name
[23-38-37] [SYSTEM_IO]: Userdata requested: Foreground
[23-38-37] [SYSTEM_IO]: Userdata requested: Foreground
[23-38-37] [SYSTEM_IO]: Userdata requested: FullScreen
[23-38-37] [SYSTEM_IO]: Userdata requested: FullScreen
[23-38-37] [SYSTEM_IO]: Userdata requested: Foreground
[23-38-37] [SYSTEM_IO]: Userdata requested: Font
[23-38-37] [SYSTEM_IO]: Userdata requested: OutputBorder
[23-38-37] [SYSTEM_IO]: Userdata requested: FullScreen
[23-38-37] [SYSTEM_IO]: Userdata requested: InputBorder
[23-38-37] [SYSTEM_IO]: Userdata requested: Foreground
[23-38-37] [SYSTEM_IO]: Userdata requested: Foreground
[23-38-37] [SYSTEM_IO]: Userdata requested: Foreground
[23-38-37] [SYSTEM_IO]: Userdata requested: Font
[23-38-37] [SYSTEM_IO]: Userdata requested: OutputFill
[23-38-37] [SYSTEM_IO]: Userdata requested: InputFill
[23-38-37] [ACTION]: CyderFrame disposed with fastclose: true, CyderFrame: Component name = [cyder.ui.CyderFrame], bounds = [(980, 396, 600, 600)], hash = [924123055], parentFrame = [Object itself is the top level frame], associated text = [No getText() method found], tooltip text = [No getTooltipText() method found], title = [Cyder Splash]
[23-38-37] [ACTION]: Console loaded in 3167ms
[23-38-37] [SYSTEM_IO]: Userdata requested: DebugWindows
[23-38-37] [ENTRY]: [TESTING MODE]
[23-38-37] [SYSTEM_IO]: Userdata requested: laststart
[23-38-37] [SYSTEM_IO]: Userdata requested: IntroMusic
[23-38-37] [ACTION]: [Stellar Cyder [Nathan]] [NOTIFICATION] Console loaded in 3167ms
[23-38-37] [SYSTEM_IO]: Userdata requested: persistentnotifications
[23-38-39] [CLIENT]: prefs
[23-38-39] [SYSTEM_IO]: Userdata requested: filterchat
[23-38-39] [WIDGET OPENED]: PREFS
[23-38-39] [CONSOLE_OUT]: [STRING] Opening widget: cyder.user.UserEditor
[23-38-39] [HANDLE]: PRIMARY HANDLE
[23-38-40] [ACTION]: Component name = [cyder.ui.CyderButton], bounds = [(20, 440, 155, 40)], hash = [2029168821], parentFrame = [Preferences], associated text = [Add], tooltip text = [No getTooltipText() method found], title = [No getTitle() method found]
[23-38-47] [ACTION]: Component name = [cyder.ui.CyderTextField], bounds = [(60, 40, 500, 40)], hash = [878718640], parentFrame = [Nathan], associated text = [c:\users\Nathan], tooltip text = [No getTooltipText() method found], title = [No getTitle() method found]
[23-39-03] [ACTION]: CyderFrame disposed with fastclose: false, CyderFrame: Component name = [cyder.ui.CyderFrame], bounds = [(1444, 436, 630, 510)], hash = [1063394283], parentFrame = [Object itself is the top level frame], associated text = [No getText() method found], tooltip text = [No getTooltipText() method found], title = [Eagle]
[23-39-03] [SYSTEM_IO]: Userdata requested: closeanimation
[23-39-07] [LINK]: [.pdf] C:\Users\Nathan\Documents\IntelliJava\Cyder\dynamic\users\e5a50641-21d1-3654-b738-c0e4b2dc61b1\Files\Eagle Scout Rank Application.pdf
[23-39-19] [ACTION]: Component name = [cyder.ui.CyderButton], bounds = [(370, 440, 155, 40)], hash = [510893947], parentFrame = [Preferences], associated text = [Rename], tooltip text = [No getTooltipText() method found], title = [No getTitle() method found]
[23-39-20] [ACTION]: Component name = [cyder.ui.CyderTextField], bounds = [(40, 40, 320, 40)], hash = [901587170], parentFrame = [Rename], associated text = [Eagle Scout Rank Application], tooltip text = [No getTooltipText() method found], title = [No getTitle() method found]
[23-39-25] [ACTION]: CyderFrame disposed with fastclose: false, CyderFrame: Component name = [cyder.ui.CyderFrame], bounds = [(1560, 606, 400, 170)], hash = [733325149], parentFrame = [Object itself is the top level frame], associated text = [No getText() method found], tooltip text = [No getTooltipText() method found], title = [Rename]
[23-39-25] [ACTION]: Component name = [cyder.ui.CyderButton], bounds = [(40, 100, 320, 40)], hash = [966201535], parentFrame = [Rename], associated text = [Submit], tooltip text = [No getTooltipText() method found], title = [No getTitle() method found]
[23-39-25] [ACTION]: [Preferences] [NOTIFICATION] Eagle Scout Rank Application.pdf was successfully renamed to CopiedSoEagle.pdf
[23-39-25] [SYSTEM_IO]: Userdata requested: closeanimation
[23-39-25] [SYSTEM_IO]: Userdata requested: persistentnotifications
[23-39-26] [LINK]: [.pdf] C:\Users\Nathan\Documents\IntelliJava\Cyder\dynamic\users\e5a50641-21d1-3654-b738-c0e4b2dc61b1\Files\CopiedSoEagle.pdf
[23-39-30] [ACTION]: Component name = [cyder.ui.CyderButton], bounds = [(545, 440, 155, 40)], hash = [709624058], parentFrame = [Preferences], associated text = [Delete], tooltip text = [No getTooltipText() method found], title = [No getTitle() method found]
[23-39-30] [CONSOLE_OUT]: [STRING] File: CopiedSoEagle successfully deleted.
[23-39-38] [SYSTEM_IO]: Userdata requested: minimizeonclose
[23-39-38] [SYSTEM_IO]: Userdata requested: Name
[23-39-38] [LOGOUT]: [Nathan]
[23-39-38] [ACTION]: CyderFrame disposed with fastclose: false, CyderFrame: Component name = [cyder.ui.ConsoleFrame], bounds = [(1388, 345, 743, 692)], hash = [566113173], parentFrame = [Object itself is the top level frame], associated text = [No getText() method found], tooltip text = [No getTooltipText() method found], title = [Stellar Cyder [Nathan]]
[23-39-38] [SYSTEM_IO]: Userdata requested: closeanimation
[23-39-38] [EXIT]: [RUNTIME] 1m 4s
[23-39-38] [EOL]: Log completed, exiting Cyder with exit code: 25 [Genesis Controlled Exit], exceptions thrown: 0
