[12-33-24] [ENTRY]: [Nathan]
[12-33-24] [THREAD STARTED]: Singular Cyder Instance Ensurer
[12-33-25] [THREAD STARTED]: Splash Loader
[12-33-25] [THREAD STARTED]: Splash Animation
[12-33-25] [DEBUG]: Method annotated with @Widget is not named showGUI(); name: Christmas2020
[12-33-25] [DEBUG]: Method annotated with @Widget is not named showGUI(); name: FathersDay2021
[12-33-25] [DEBUG]: Method annotated with @Widget is not named showGUI(); name: Christmas2021
[12-33-25] [DEBUG]: Method annotated with @Widget is not named showGUI(); name: Birthday2021
[12-33-26] [DEBUG]: Method annotated with @ManualTest does not end with test; name: launchTests
[12-33-26] [THREAD STARTED]: Cyder Start Secondary Subroutines
[12-33-26] [LOGIN]: [AUTOCYPHER ATTEMPT]
[12-33-26] [JAVA ARGS]: [LOCATION] [La casa de Nathan]
[12-33-26] [ACTION]: Requested deletion of: C:\Users\Nathan\Documents\IntelliJava\Cyder\dynamic\tmp
[12-33-26] [ACTION]: [DELETION FAILED] C:\Users\Nathan\Documents\IntelliJava\Cyder\dynamic\tmp
[12-33-26] [SYSTEM_IO]: [User Write] User was written to file: 7d7ebb00-81fe-329f-8a78-62f463d0b7da\Userdata.json [4x]
[12-33-26] [LOGIN]: [[AUTOCYPHER PASS]: 7d7ebb00-81fe-329f-8a78-62f463d0b7da]
[12-33-26] [SYSTEM_IO]: [User Write] User was written to file: 7d7ebb00-81fe-329f-8a78-62f463d0b7da\Userdata.json
[12-33-26] [SYSTEM_IO]: Userdata requested: RandomBackground
[12-33-26] [SYSTEM_IO]: Userdata requested: FullScreen
[12-33-26] [SYSTEM_IO]: Userdata requested: fullscreen
[12-33-26] [SYSTEM_IO]: Userdata requested: FullScreen [2x]
[12-33-26] [THREAD STARTED]: Console Printing Animation
[12-33-27] [SYSTEM_IO]: Userdata requested: OutputBorder
[12-33-27] [SYSTEM_IO]: Userdata requested: FullScreen
[12-33-27] [SYSTEM_IO]: Userdata requested: InputBorder
[12-33-27] [THREAD STARTED]: Console Input Caret Position Updater
[12-33-27] [SYSTEM_IO]: Userdata requested: OutputFill
[12-33-27] [SYSTEM_IO]: Userdata requested: InputFill
[12-33-27] [THREAD STARTED]: High Ping Checker
[12-33-27] [THREAD STARTED]: Hourly Chime Checker
[12-33-27] [THREAD STARTED]: Console Clock Updater
[12-33-27] [THREAD STARTED]: Cyder Busy Checker
[12-33-27] [THREAD STARTED]: ConsoleFrame Data Saver
[12-33-27] [ACTION]: Console loaded in 3672ms
[12-33-27] [SYSTEM_IO]: Userdata requested: DebugWindows
[12-33-27] [ENTRY]: [TESTING MODE]
[12-33-27] [THREAD STARTED]: Component name = [cyder.ui.ConsoleFrame], bounds = [(574, 195, 934, 628)], hash = [1888924788], parentFrame = [Object itself is the top level frame], associated text = [No getText() method found], tooltip text = [No getTooltipText() method found], title = [Insomnia Cyder [Nathan]] notification queue checker
[12-33-27] [ACTION]: CyderFrame disposed with fastclose: true, CyderFrame: Component name = [cyder.ui.CyderFrame], bounds = [(980, 396, 600, 600)], hash = [1680719580], parentFrame = [Object itself is the top level frame], associated text = [No getText() method found], tooltip text = [No getTooltipText() method found], title = [Cyder Splash]
[12-33-27] [THREAD STARTED]: Cyder Splash CyderFrame dispose thread
[12-33-27] [SYSTEM_IO]: Userdata requested: laststart
[12-33-27] [SYSTEM_IO]: [User Write] User was written to file: 7d7ebb00-81fe-329f-8a78-62f463d0b7da\Userdata.json
[12-33-27] [ACTION]: [Insomnia Cyder [Nathan]] [NOTIFICATION] Console loaded in 3672ms
[12-33-27] [THREAD STARTED]: notification appear animation
[12-33-27] [SYSTEM_IO]: Userdata requested: persistentnotifications
[12-33-27] [THREAD STARTED]: Notificaiton vanish animater -875435366
[12-33-37] [SYSTEM_IO]: [User Write] User was written to file: 7d7ebb00-81fe-329f-8a78-62f463d0b7da\Userdata.json [3x]
[12-33-37] [ACTION]: Component name = [cyder.ui.CyderCheckbox], bounds = [(240, 60, 50, 50)], hash = [643077520], parentFrame = [Controls], associated text = [No getText() method found], tooltip text = [No getTooltipText() method found], title = [No getTitle() method found]
[12-33-49] [SYSTEM_IO]: [User Write] User was written to file: 7d7ebb00-81fe-329f-8a78-62f463d0b7da\Userdata.json [3x]
[12-33-49] [ACTION]: Component name = [cyder.ui.CyderCheckbox], bounds = [(180, 60, 50, 50)], hash = [1573695496], parentFrame = [Controls], associated text = [No getText() method found], tooltip text = [No getTooltipText() method found], title = [No getTitle() method found]
[12-33-52] [SYSTEM_IO]: [User Write] User was written to file: 7d7ebb00-81fe-329f-8a78-62f463d0b7da\Userdata.json
[12-33-53] [ACTION]: Component name = [cyder.ui.CyderCheckbox], bounds = [(240, 60, 50, 50)], hash = [643077520], parentFrame = [Controls], associated text = [No getText() method found], tooltip text = [No getTooltipText() method found], title = [No getTitle() method found]
[12-34-00] [SYSTEM_IO]: [User Write] User was written to file: 7d7ebb00-81fe-329f-8a78-62f463d0b7da\Userdata.json [2x]
[12-34-02] [ACTION]: Component name = [cyder.ui.CyderButton], bounds = [(320, 100, 30, 35)], hash = [1919211286], parentFrame = [Controls], associated text = [<], tooltip text = [No getTooltipText() method found], title = [No getTitle() method found]
[12-34-07] [SYSTEM_IO]: [User Write] User was written to file: 7d7ebb00-81fe-329f-8a78-62f463d0b7da\Userdata.json [2x]
[12-34-09] [ACTION]: Component name = [cyder.ui.CyderButton], bounds = [(320, 100, 30, 35)], hash = [1919211286], parentFrame = [Controls], associated text = [<], tooltip text = [No getTooltipText() method found], title = [No getTitle() method found] [5x]
[12-34-10] [ACTION]: Component name = [cyder.ui.DragLabel], bounds = [(2, 2, 796, 28)], hash = [-14299213], parentFrame = [Paint], associated text = [No getText() method found], tooltip text = [No getTooltipText() method found], title = [No getTitle() method found]
[12-34-10] [ACTION]: CyderFrame disposed with fastclose: false, CyderFrame: Component name = [cyder.ui.CyderFrame], bounds = [(641, 94, 800, 830)], hash = [385496819], parentFrame = [Object itself is the top level frame], associated text = [No getText() method found], tooltip text = [No getTooltipText() method found], title = [Paint]
[12-34-10] [THREAD STARTED]: Paint CyderFrame dispose thread
[12-34-10] [SYSTEM_IO]: Userdata requested: closeanimation
[12-34-10] [ACTION]: CyderFrame disposed with fastclose: true, CyderFrame: Component name = [cyder.ui.CyderFrame], bounds = [(641, 924, 800, 200)], hash = [1447124308], parentFrame = [Object itself is the top level frame], associated text = [No getText() method found], tooltip text = [No getTooltipText() method found], title = [Controls]
[12-34-10] [THREAD STARTED]: Controls CyderFrame dispose thread
[12-35-12] [SYSTEM_IO]: [User Write] User was written to file: 7d7ebb00-81fe-329f-8a78-62f463d0b7da\Userdata.json [17x]
[12-35-35] [EOL]: Log completed, Cyder crashed unexpectedly: exit code: -9 External Stop, exceptions thrown: 0
