[17-22-36] [ENTRY]: [Nathan]
[17-22-36] [THREAD STARTED]: Singular Cyder Instance Ensurer
[17-22-37] [THREAD STARTED]: Splash Loader
[17-22-37] [THREAD STARTED]: Splash Animation
[17-22-38] [DEBUG]: Method annotated with @Widget is not named showGUI(); name: Christmas2020
[17-22-38] [DEBUG]: Method annotated with @Widget is not named showGUI(); name: FathersDay2021
[17-22-38] [DEBUG]: Method annotated with @Widget is not named showGUI(); name: Birthday2021
[17-22-38] [DEBUG]: Method annotated with @Widget is not named showGUI(); name: Christmas2021
[17-22-38] [DEBUG]: Method annotated with @ManualTest does not end with test; name: launchTests
[17-22-38] [THREAD STARTED]: Cyder Start Secondary Subroutines
[17-22-38] [LOGIN]: [AUTOCYPHER ATTEMPT]
[17-22-38] [JAVA ARGS]: [LOCATION] [La casa de Nathan]
[17-22-38] [ACTION]: Requested deletion of: C:\Users\Nathan\Documents\IntelliJava\Cyder\dynamic\tmp
[17-22-38] [ACTION]: [DELETION FAILED] C:\Users\Nathan\Documents\IntelliJava\Cyder\dynamic\tmp
[17-22-38] [SYSTEM_IO]: [User Write] User was written to file: 7d7ebb00-81fe-329f-8a78-62f463d0b7da\Userdata.json [4x]
[17-22-38] [LOGIN]: [[AUTOCYPHER PASS]: 7d7ebb00-81fe-329f-8a78-62f463d0b7da]
[17-22-39] [SYSTEM_IO]: [User Write] User was written to file: 7d7ebb00-81fe-329f-8a78-62f463d0b7da\Userdata.json
[17-22-39] [SYSTEM_IO]: Userdata requested: RandomBackground
[17-22-39] [SYSTEM_IO]: Userdata requested: FullScreen
[17-22-39] [SYSTEM_IO]: Userdata requested: fullscreen
[17-22-39] [SYSTEM_IO]: Userdata requested: FullScreen [2x]
[17-22-39] [THREAD STARTED]: Console Printing Animation
[17-22-39] [SYSTEM_IO]: Userdata requested: OutputBorder
[17-22-39] [SYSTEM_IO]: Userdata requested: FullScreen
[17-22-39] [SYSTEM_IO]: Userdata requested: InputBorder
[17-22-39] [THREAD STARTED]: Console Input Caret Position Updater
[17-22-39] [SYSTEM_IO]: Userdata requested: OutputFill
[17-22-39] [SYSTEM_IO]: Userdata requested: InputFill
[17-22-39] [THREAD STARTED]: High Ping Checker
[17-22-39] [THREAD STARTED]: Hourly Chime Checker
[17-22-39] [THREAD STARTED]: Console Clock Updater
[17-22-39] [THREAD STARTED]: Cyder Busy Checker
[17-22-39] [THREAD STARTED]: ConsoleFrame Data Saver
[17-22-39] [ACTION]: Console loaded in 3993ms
[17-22-39] [THREAD STARTED]: Component name = [cyder.ui.ConsoleFrame], bounds = [(574, 195, 934, 628)], hash = [472991420], parentFrame = [Object itself is the top level frame], associated text = [No getText() method found], tooltip text = [No getTooltipText() method found], title = [Insomnia Cyder [Nathan]] notification queue checker
[17-22-39] [ACTION]: CyderFrame disposed with fastclose: true, CyderFrame: Component name = [cyder.ui.CyderFrame], bounds = [(980, 396, 600, 600)], hash = [1337242974], parentFrame = [Object itself is the top level frame], associated text = [No getText() method found], tooltip text = [No getTooltipText() method found], title = [Cyder Splash]
[17-22-39] [THREAD STARTED]: Cyder Splash CyderFrame dispose thread
[17-22-39] [SYSTEM_IO]: Userdata requested: DebugWindows
[17-22-39] [ENTRY]: [TESTING MODE]
[17-22-40] [ACTION]: [Insomnia Cyder [Nathan]] [NOTIFICATION] Console loaded in 3993ms
[17-22-40] [THREAD STARTED]: notification appear animation
[17-22-40] [SYSTEM_IO]: Userdata requested: persistentnotifications
[17-22-40] [THREAD STARTED]: Notificaiton vanish animater -1195120823
[17-22-50] [SYSTEM_IO]: [User Write] User was written to file: 7d7ebb00-81fe-329f-8a78-62f463d0b7da\Userdata.json [3x]
[17-23-17] [EOL]: Log completed, Cyder crashed unexpectedly: exit code: -9 External Stop, exceptions thrown: 0
