[17-49-39] [ENTRY]: [Nathan]
[17-49-40] [THREAD STARTED]: Singular Cyder Instance Ensurer
[17-49-40] [THREAD STARTED]: Splash Loader
[17-49-41] [THREAD STARTED]: Splash Animation
[17-49-41] [DEBUG]: Method annotated with @Widget is not named showGUI(); name: Christmas2020
[17-49-41] [DEBUG]: Method annotated with @Widget is not named showGUI(); name: FathersDay2021
[17-49-41] [DEBUG]: Method annotated with @Widget is not named showGUI(); name: Birthday2021
[17-49-41] [DEBUG]: Method annotated with @Widget is not named showGUI(); name: Christmas2021
[17-49-41] [DEBUG]: Method annotated with @ManualTest does not end with test; name: launchTests
[17-49-41] [THREAD STARTED]: Cyder Start Secondary Subroutines
[17-49-41] [LOGIN]: [AUTOCYPHER ATTEMPT]
[17-49-41] [JAVA ARGS]: [LOCATION] [La casa de Nathan]
[17-49-41] [ACTION]: Requested deletion of: C:\Users\Nathan\Documents\IntelliJava\Cyder\dynamic\tmp
[17-49-41] [ACTION]: [DELETION FAILED] C:\Users\Nathan\Documents\IntelliJava\Cyder\dynamic\tmp
[17-49-41] [SYSTEM_IO]: [User Write] User was written to file: 7d7ebb00-81fe-329f-8a78-62f463d0b7da\Userdata.json [4x]
[17-49-42] [LOGIN]: [[AUTOCYPHER PASS]: 7d7ebb00-81fe-329f-8a78-62f463d0b7da]
[17-49-42] [SYSTEM_IO]: [User Write] User was written to file: 7d7ebb00-81fe-329f-8a78-62f463d0b7da\Userdata.json
[17-49-42] [SYSTEM_IO]: Userdata requested: RandomBackground
[17-49-42] [SYSTEM_IO]: Userdata requested: FullScreen
[17-49-42] [SYSTEM_IO]: Userdata requested: fullscreen
[17-49-42] [SYSTEM_IO]: Userdata requested: FullScreen [2x]
[17-49-42] [THREAD STARTED]: Console Printing Animation
[17-49-42] [SYSTEM_IO]: Userdata requested: OutputBorder
[17-49-42] [SYSTEM_IO]: Userdata requested: FullScreen
[17-49-42] [SYSTEM_IO]: Userdata requested: InputBorder
[17-49-42] [THREAD STARTED]: Console Input Caret Position Updater
[17-49-42] [SYSTEM_IO]: Userdata requested: OutputFill
[17-49-42] [SYSTEM_IO]: Userdata requested: InputFill
[17-49-42] [THREAD STARTED]: High Ping Checker
[17-49-42] [THREAD STARTED]: Hourly Chime Checker
[17-49-42] [THREAD STARTED]: Console Clock Updater
[17-49-42] [THREAD STARTED]: Cyder Busy Checker
[17-49-42] [THREAD STARTED]: ConsoleFrame Data Saver
[17-49-42] [ACTION]: Console loaded in 3182ms
[17-49-42] [THREAD STARTED]: Component name = [cyder.ui.ConsoleFrame], bounds = [(1081, 310, 934, 628)], hash = [1455855843], parentFrame = [Object itself is the top level frame], associated text = [No getText() method found], tooltip text = [No getTooltipText() method found], title = [Insomnia Cyder [Nathan]] notification queue checker
[17-49-42] [ACTION]: CyderFrame disposed with fastclose: true, CyderFrame: Component name = [cyder.ui.CyderFrame], bounds = [(980, 396, 600, 600)], hash = [2116338145], parentFrame = [Object itself is the top level frame], associated text = [No getText() method found], tooltip text = [No getTooltipText() method found], title = [Cyder Splash]
[17-49-42] [THREAD STARTED]: Cyder Splash CyderFrame dispose thread
[17-49-42] [SYSTEM_IO]: Userdata requested: DebugWindows
[17-49-42] [ENTRY]: [TESTING MODE]
[17-49-43] [ACTION]: [Insomnia Cyder [Nathan]] [NOTIFICATION] Console loaded in 3182ms
[17-49-43] [THREAD STARTED]: notification appear animation
[17-49-43] [SYSTEM_IO]: Userdata requested: laststart
[17-49-43] [SYSTEM_IO]: [User Write] User was written to file: 7d7ebb00-81fe-329f-8a78-62f463d0b7da\Userdata.json
[17-49-43] [SYSTEM_IO]: Userdata requested: persistentnotifications
[17-49-43] [THREAD STARTED]: Notificaiton vanish animater 1442698203
[17-49-56] [SYSTEM_IO]: [User Write] User was written to file: 7d7ebb00-81fe-329f-8a78-62f463d0b7da\Userdata.json [4x]
[17-49-58] [SYSTEM_IO]: Userdata requested: Background
[17-50-00] [CLIENT]: perlin
[17-50-00] [SYSTEM_IO]: Userdata requested: filterchat
[17-50-00] [CONSOLE_OUT]: [STRING] Opening widget: PerlinWidget
[17-50-00] [WIDGET OPENED]: PERLIN
[17-50-00] [HANDLE]: PRIMARY HANDLE
[17-50-00] [SYSTEM_IO]: [User Write] User was written to file: 7d7ebb00-81fe-329f-8a78-62f463d0b7da\Userdata.json
[17-50-03] [ACTION]: Component name = [cyder.ui.CyderButton], bounds = [(230, 630, 150, 40)], hash = [1065668077], parentFrame = [Perlin Noise], associated text = [Generate], tooltip text = [No getTooltipText() method found], title = [No getTitle() method found] [2x]
[17-50-04] [ACTION]: Component name = [cyder.ui.CyderButton], bounds = [(400, 630, 170, 40)], hash = [851598913], parentFrame = [Perlin Noise], associated text = [Next Iteration], tooltip text = [No getTooltipText() method found], title = [No getTitle() method found] [5x]
[17-50-04] [SYSTEM_IO]: [User Write] User was written to file: 7d7ebb00-81fe-329f-8a78-62f463d0b7da\Userdata.json
[17-50-05] [ACTION]: Component name = [cyder.ui.CyderCheckbox], bounds = [(120, 650, 50, 50)], hash = [1101069979], parentFrame = [Perlin Noise], associated text = [No getText() method found], tooltip text = [No getTooltipText() method found], title = [No getTitle() method found]
[17-50-05] [ACTION]: Component name = [cyder.ui.CyderButton], bounds = [(230, 630, 150, 40)], hash = [1065668077], parentFrame = [Perlin Noise], associated text = [Stop], tooltip text = [No getTooltipText() method found], title = [No getTitle() method found]
[17-50-08] [SYSTEM_IO]: [User Write] User was written to file: 7d7ebb00-81fe-329f-8a78-62f463d0b7da\Userdata.json
[17-50-12] [ACTION]: Component name = [cyder.ui.CyderButton], bounds = [(230, 630, 150, 40)], hash = [1065668077], parentFrame = [Perlin Noise], associated text = [Generate], tooltip text = [No getTooltipText() method found], title = [No getTitle() method found]
[17-50-12] [SYSTEM_IO]: [User Write] User was written to file: 7d7ebb00-81fe-329f-8a78-62f463d0b7da\Userdata.json
[17-50-15] [ACTION]: Component name = [cyder.ui.CyderButton], bounds = [(400, 630, 170, 40)], hash = [851598913], parentFrame = [Perlin Noise], associated text = [Next Iteration], tooltip text = [No getTooltipText() method found], title = [No getTitle() method found] [4x]
[17-50-15] [SYSTEM_IO]: [User Write] User was written to file: 7d7ebb00-81fe-329f-8a78-62f463d0b7da\Userdata.json
[17-50-17] [ACTION]: Component name = [cyder.ui.CyderButton], bounds = [(400, 630, 170, 40)], hash = [851598913], parentFrame = [Perlin Noise], associated text = [Next Iteration], tooltip text = [No getTooltipText() method found], title = [No getTitle() method found] [14x]
[17-50-17] [ACTION]: Component name = [cyder.ui.CyderButton], bounds = [(230, 630, 150, 40)], hash = [1065668077], parentFrame = [Perlin Noise], associated text = [Stop], tooltip text = [No getTooltipText() method found], title = [No getTitle() method found]
[17-50-18] [ACTION]: Component name = [cyder.ui.CyderButton], bounds = [(230, 630, 150, 40)], hash = [1065668077], parentFrame = [Perlin Noise], associated text = [Generate], tooltip text = [No getTooltipText() method found], title = [No getTitle() method found]
[17-50-18] [ACTION]: Component name = [cyder.ui.CyderButton], bounds = [(230, 630, 150, 40)], hash = [1065668077], parentFrame = [Perlin Noise], associated text = [Stop], tooltip text = [No getTooltipText() method found], title = [No getTitle() method found]
[17-50-18] [ACTION]: Component name = [cyder.ui.CyderButton], bounds = [(230, 630, 150, 40)], hash = [1065668077], parentFrame = [Perlin Noise], associated text = [Generate], tooltip text = [No getTooltipText() method found], title = [No getTitle() method found]
[17-50-18] [ACTION]: Component name = [cyder.ui.CyderButton], bounds = [(230, 630, 150, 40)], hash = [1065668077], parentFrame = [Perlin Noise], associated text = [Stop], tooltip text = [No getTooltipText() method found], title = [No getTitle() method found]
[17-50-18] [ACTION]: Component name = [cyder.ui.CyderButton], bounds = [(230, 630, 150, 40)], hash = [1065668077], parentFrame = [Perlin Noise], associated text = [Generate], tooltip text = [No getTooltipText() method found], title = [No getTitle() method found]
[17-50-19] [ACTION]: Component name = [cyder.ui.CyderButton], bounds = [(230, 630, 150, 40)], hash = [1065668077], parentFrame = [Perlin Noise], associated text = [Stop], tooltip text = [No getTooltipText() method found], title = [No getTitle() method found]
[17-50-19] [SYSTEM_IO]: [User Write] User was written to file: 7d7ebb00-81fe-329f-8a78-62f463d0b7da\Userdata.json
[17-50-20] [ACTION]: Component name = [cyder.ui.CyderButton], bounds = [(230, 630, 150, 40)], hash = [1065668077], parentFrame = [Perlin Noise], associated text = [Generate], tooltip text = [No getTooltipText() method found], title = [No getTitle() method found]
[17-50-21] [ACTION]: Component name = [cyder.ui.CyderCheckbox], bounds = [(120, 650, 50, 50)], hash = [1101069979], parentFrame = [Perlin Noise], associated text = [No getText() method found], tooltip text = [No getTooltipText() method found], title = [No getTitle() method found]
[17-50-23] [ACTION]: Component name = [cyder.ui.CyderButton], bounds = [(230, 630, 150, 40)], hash = [1065668077], parentFrame = [Perlin Noise], associated text = [Generate], tooltip text = [No getTooltipText() method found], title = [No getTitle() method found] [13x]
[17-50-23] [SYSTEM_IO]: [User Write] User was written to file: 7d7ebb00-81fe-329f-8a78-62f463d0b7da\Userdata.json
[17-50-23] [ACTION]: Component name = [cyder.ui.CyderButton], bounds = [(230, 630, 150, 40)], hash = [1065668077], parentFrame = [Perlin Noise], associated text = [Generate], tooltip text = [No getTooltipText() method found], title = [No getTitle() method found] [5x]
[17-50-26] [ACTION]: Component name = [cyder.ui.CyderButton], bounds = [(40, 0, 40, 40)], hash = [43515770], parentFrame = [Perlin Noise], associated text = [?], tooltip text = [No getTooltipText() method found], title = [No getTitle() method found] [3x]
[17-50-27] [SYSTEM_IO]: [User Write] User was written to file: 7d7ebb00-81fe-329f-8a78-62f463d0b7da\Userdata.json
[17-50-27] [ACTION]: Component name = [cyder.ui.CyderButton], bounds = [(40, 0, 40, 40)], hash = [43515770], parentFrame = [Perlin Noise], associated text = [?], tooltip text = [No getTooltipText() method found], title = [No getTitle() method found]
[17-50-28] [ACTION]: Component name = [cyder.ui.CyderCheckbox], bounds = [(120, 650, 50, 50)], hash = [1101069979], parentFrame = [Perlin Noise], associated text = [No getText() method found], tooltip text = [No getTooltipText() method found], title = [No getTitle() method found]
[17-50-28] [ACTION]: Component name = [cyder.ui.CyderButton], bounds = [(230, 630, 150, 40)], hash = [1065668077], parentFrame = [Perlin Noise], associated text = [Stop], tooltip text = [No getTooltipText() method found], title = [No getTitle() method found]
[17-50-30] [ACTION]: Component name = [cyder.ui.CyderButton], bounds = [(230, 630, 150, 40)], hash = [1065668077], parentFrame = [Perlin Noise], associated text = [Generate], tooltip text = [No getTooltipText() method found], title = [No getTitle() method found]
[17-50-30] [ACTION]: Component name = [cyder.ui.CyderButton], bounds = [(40, 0, 40, 40)], hash = [43515770], parentFrame = [Perlin Noise], associated text = [?], tooltip text = [No getTooltipText() method found], title = [No getTitle() method found]
[17-50-30] [SYSTEM_IO]: [User Write] User was written to file: 7d7ebb00-81fe-329f-8a78-62f463d0b7da\Userdata.json
[17-50-31] [ACTION]: Component name = [cyder.ui.CyderButton], bounds = [(230, 630, 150, 40)], hash = [1065668077], parentFrame = [Perlin Noise], associated text = [Stop], tooltip text = [No getTooltipText() method found], title = [No getTitle() method found]
[17-50-38] [SYSTEM_IO]: [User Write] User was written to file: 7d7ebb00-81fe-329f-8a78-62f463d0b7da\Userdata.json [2x]
[17-50-39] [ACTION]: Component name = [cyder.ui.CyderButton], bounds = [(230, 630, 150, 40)], hash = [1065668077], parentFrame = [Perlin Noise], associated text = [Generate], tooltip text = [No getTooltipText() method found], title = [No getTitle() method found]
[17-50-41] [ACTION]: Component name = [cyder.ui.CyderButton], bounds = [(230, 630, 150, 40)], hash = [1065668077], parentFrame = [Perlin Noise], associated text = [Stop], tooltip text = [No getTooltipText() method found], title = [No getTitle() method found]
[17-50-53] [SYSTEM_IO]: [User Write] User was written to file: 7d7ebb00-81fe-329f-8a78-62f463d0b7da\Userdata.json [4x]
[17-50-56] [ACTION]: Component name = [cyder.ui.CyderButton], bounds = [(230, 630, 150, 40)], hash = [1065668077], parentFrame = [Perlin Noise], associated text = [Generate], tooltip text = [No getTooltipText() method found], title = [No getTitle() method found]
[17-51-01] [SYSTEM_IO]: [User Write] User was written to file: 7d7ebb00-81fe-329f-8a78-62f463d0b7da\Userdata.json [2x]
[17-51-03] [ACTION]: Component name = [cyder.ui.DragLabel], bounds = [(2, 2, 796, 28)], hash = [-14299213], parentFrame = [Paint], associated text = [No getText() method found], tooltip text = [No getTooltipText() method found], title = [No getTitle() method found]
[17-51-03] [ACTION]: CyderFrame disposed with fastclose: false, CyderFrame: Component name = [cyder.ui.CyderFrame], bounds = [(1148, 209, 800, 830)], hash = [1527046954], parentFrame = [Object itself is the top level frame], associated text = [No getText() method found], tooltip text = [No getTooltipText() method found], title = [Paint]
[17-51-03] [THREAD STARTED]: Paint CyderFrame dispose thread
[17-51-03] [SYSTEM_IO]: Userdata requested: closeanimation
[17-51-03] [ACTION]: CyderFrame disposed with fastclose: true, CyderFrame: Component name = [cyder.ui.CyderFrame], bounds = [(1148, 1039, 800, 200)], hash = [160675858], parentFrame = [Object itself is the top level frame], associated text = [No getText() method found], tooltip text = [No getTooltipText() method found], title = [Controls]
[17-51-03] [THREAD STARTED]: Controls CyderFrame dispose thread
[17-51-04] [SYSTEM_IO]: Userdata requested: minimizeonclose
[17-51-04] [SYSTEM_IO]: [User Write] User was written to file: 7d7ebb00-81fe-329f-8a78-62f463d0b7da\Userdata.json
[17-51-04] [ACTION]: CyderFrame disposed with fastclose: false, CyderFrame: Component name = [cyder.ui.ConsoleFrame], bounds = [(1081, 310, 934, 628)], hash = [1455855843], parentFrame = [Object itself is the top level frame], associated text = [No getText() method found], tooltip text = [No getTooltipText() method found], title = [Insomnia Cyder [Nathan]]
[17-51-04] [THREAD STARTED]: Insomnia Cyder [Nathan] CyderFrame dispose thread
[17-51-04] [SYSTEM_IO]: Userdata requested: closeanimation
[17-51-04] [EXIT]: [RUNTIME] 1m 25s
[17-51-04] [EOL]: Log completed, exiting Cyder with exit code: 0 [Genesis Controlled Exit], exceptions thrown: 0
