[22-15-12] [ENTRY]: [Nathan]
[22-15-12] [THREAD STARTED]: Singular Cyder Instance Ensurer
[22-15-13] [THREAD STARTED]: Splash Loader
[22-15-13] [THREAD STARTED]: Splash Animation
[22-15-14] [DEBUG]: Method annotated with @Widget is not named showGUI(); name: Christmas2020
[22-15-14] [DEBUG]: Method annotated with @Widget is not named showGUI(); name: FathersDay2021
[22-15-14] [DEBUG]: Method annotated with @Widget is not named showGUI(); name: Christmas2021
[22-15-14] [DEBUG]: Method annotated with @Widget is not named showGUI(); name: Birthday2021
[22-15-14] [DEBUG]: Method annotated with @ManualTest does not end with test; name: launchTests
[22-15-14] [THREAD STARTED]: Cyder Start Secondary Subroutines
[22-15-14] [LOGIN]: [AUTOCYPHER ATTEMPT]
[22-15-14] [JAVA ARGS]: [LOCATION] [La casa de Nathan]
[22-15-14] [ACTION]: Requested deletion of: C:\Users\Nathan\Documents\IntelliJava\Cyder\dynamic\tmp
[22-15-14] [ACTION]: [DELETION FAILED] C:\Users\Nathan\Documents\IntelliJava\Cyder\dynamic\tmp
[22-15-14] [SYSTEM_IO]: [User Write] User was written to file: 7d7ebb00-81fe-329f-8a78-62f463d0b7da\Userdata.json [4x]
[22-15-14] [LOGIN]: [[AUTOCYPHER PASS]: 7d7ebb00-81fe-329f-8a78-62f463d0b7da]
[22-15-14] [SYSTEM_IO]: [User Write] User was written to file: 7d7ebb00-81fe-329f-8a78-62f463d0b7da\Userdata.json
[22-15-14] [SYSTEM_IO]: Userdata requested: RandomBackground
[22-15-14] [SYSTEM_IO]: Userdata requested: FullScreen
[22-15-14] [SYSTEM_IO]: Userdata requested: fullscreen
[22-15-14] [SYSTEM_IO]: Userdata requested: FullScreen [2x]
[22-15-14] [THREAD STARTED]: Console Printing Animation
[22-15-14] [SYSTEM_IO]: Userdata requested: OutputBorder
[22-15-14] [SYSTEM_IO]: Userdata requested: FullScreen
[22-15-14] [SYSTEM_IO]: Userdata requested: InputBorder
[22-15-14] [THREAD STARTED]: Console Input Caret Position Updater
[22-15-14] [SYSTEM_IO]: Userdata requested: OutputFill
[22-15-14] [SYSTEM_IO]: Userdata requested: InputFill
[22-15-15] [THREAD STARTED]: High Ping Checker
[22-15-15] [THREAD STARTED]: Hourly Chime Checker
[22-15-15] [THREAD STARTED]: Console Clock Updater
[22-15-15] [THREAD STARTED]: Cyder Busy Checker
[22-15-15] [THREAD STARTED]: ConsoleFrame Data Saver
[22-15-15] [ACTION]: Console loaded in 3147ms
[22-15-15] [SYSTEM_IO]: Userdata requested: DebugWindows
[22-15-15] [ENTRY]: [TESTING MODE]
[22-15-15] [THREAD STARTED]: Component name = [cyder.ui.ConsoleFrame], bounds = [(1455, 344, 600, 628)], hash = [472991420], parentFrame = [Object itself is the top level frame], associated text = [No getText() method found], tooltip text = [No getTooltipText() method found], title = [Insomnia Cyder [Nathan]] notification queue checker
[22-15-15] [ACTION]: CyderFrame disposed with fastclose: true, CyderFrame: Component name = [cyder.ui.CyderFrame], bounds = [(980, 396, 600, 600)], hash = [1575593863], parentFrame = [Object itself is the top level frame], associated text = [No getText() method found], tooltip text = [No getTooltipText() method found], title = [Cyder Splash]
[22-15-15] [THREAD STARTED]: Cyder Splash CyderFrame dispose thread
[22-15-15] [ACTION]: [Insomnia Cyder [Nathan]] [NOTIFICATION] Console loaded in 3147ms
[22-15-15] [THREAD STARTED]: notification appear animation
[22-15-15] [SYSTEM_IO]: Userdata requested: laststart
[22-15-15] [SYSTEM_IO]: [User Write] User was written to file: 7d7ebb00-81fe-329f-8a78-62f463d0b7da\Userdata.json
[22-15-15] [SYSTEM_IO]: Userdata requested: persistentnotifications
[22-15-15] [THREAD STARTED]: Notificaiton vanish animater -1544365525
[22-15-25] [SYSTEM_IO]: [User Write] User was written to file: 7d7ebb00-81fe-329f-8a78-62f463d0b7da\Userdata.json [3x]
[22-15-28] [CLIENT]: calc
[22-15-28] [SYSTEM_IO]: Userdata requested: filterchat
[22-15-28] [WIDGET OPENED]: CALCULATOR
[22-15-28] [CONSOLE_OUT]: [STRING] Opening widget: CalculatorWidget
[22-15-28] [HANDLE]: PRIMARY HANDLE
[22-15-45] [SYSTEM_IO]: [User Write] User was written to file: 7d7ebb00-81fe-329f-8a78-62f463d0b7da\Userdata.json [5x]
[22-16-07] [EOL]: Log completed, Cyder crashed unexpectedly: exit code: -9 External Stop, exceptions thrown: 0
