[22-50-11] [ENTRY]: [Nathan]
[22-50-12] [THREAD STARTED]: Singular Cyder Instance Ensurer
[22-50-12] [THREAD STARTED]: Splash Loader
[22-50-13] [THREAD STARTED]: Splash Animation
[22-50-13] [DEBUG]: Method annotated with @Widget is not named showGUI(); name: Christmas2020
[22-50-13] [DEBUG]: Method annotated with @Widget is not named showGUI(); name: Christmas2021
[22-50-13] [DEBUG]: Method annotated with @Widget is not named showGUI(); name: Birthday2021
[22-50-13] [DEBUG]: Method annotated with @Widget is not named showGUI(); name: FathersDay2021
[22-50-13] [DEBUG]: Method annotated with @ManualTest does not end with test; name: launchTests
[22-50-13] [THREAD STARTED]: Cyder Start Secondary Subroutines
[22-50-13] [LOGIN]: [AUTOCYPHER ATTEMPT]
[22-50-13] [JAVA ARGS]: [LOCATION] [La casa de Nathan]
[22-50-13] [ACTION]: Requested deletion of: C:\Users\Nathan\Documents\IntelliJava\Cyder\dynamic\tmp
[22-50-13] [ACTION]: [DELETION FAILED] C:\Users\Nathan\Documents\IntelliJava\Cyder\dynamic\tmp
[22-50-13] [SYSTEM_IO]: [User Write] User was written to file: 7d7ebb00-81fe-329f-8a78-62f463d0b7da\Userdata.json [4x]
[22-50-14] [LOGIN]: [[AUTOCYPHER PASS]: 7d7ebb00-81fe-329f-8a78-62f463d0b7da]
[22-50-14] [SYSTEM_IO]: [User Write] User was written to file: 7d7ebb00-81fe-329f-8a78-62f463d0b7da\Userdata.json
[22-50-14] [SYSTEM_IO]: Userdata requested: RandomBackground
[22-50-14] [SYSTEM_IO]: Userdata requested: FullScreen
[22-50-14] [SYSTEM_IO]: Userdata requested: fullscreen
[22-50-14] [SYSTEM_IO]: Created temperatory file: 22-50-14.stacktrace
[22-50-14] [EXCEPTION]:
Exception origin: com.google.common.base.Preconditions.checkArgument(Preconditions.java:145)
From line: 145
Trace: java.lang.IllegalArgumentException: Minimum size cannot be less than drag insets
at com.google.common.base.Preconditions.checkArgument(Preconditions.java:145)
at cyder.ui.CyderComponentResizer.validateMinimumAndInsets(CyderComponentResizer.java:233)
at cyder.ui.CyderComponentResizer.setDragInsets(CyderComponentResizer.java:145)
at cyder.ui.CyderComponentResizer.<init>(CyderComponentResizer.java:126)
at cyder.ui.CyderComponentResizer.<init>(CyderComponentResizer.java:116)
at cyder.ui.CyderFrame.initializeResizing(CyderFrame.java:1689)
at cyder.ui.ConsoleFrame.launch(ConsoleFrame.java:370)
at cyder.handlers.internal.LoginHandler.recognize(LoginHandler.java:513)
at cyder.handlers.internal.LoginHandler.autoCypher(LoginHandler.java:553)
at cyder.handlers.internal.LoginHandler.determineCyderEntry(LoginHandler.java:447)
at cyder.genesis.Cyder.main(Cyder.java:119)
[22-50-14] [SYSTEM_IO]: Userdata requested: SilenceErrors
[22-51-15] [EOL]: Log completed, Cyder crashed unexpectedly: exit code: -9 External Stop, exceptions thrown: 1
