          _____                _____                    _____                    _____                    _____
         /\    \              |\    \                  /\    \                  /\    \                  /\    \
        /::\    \             |:\____\                /::\    \                /::\    \                /::\    \
       /::::\    \            |::|   |               /::::\    \              /::::\    \              /::::\    \
      /::::::\    \           |::|   |              /::::::\    \            /::::::\    \            /::::::\    \
     /:::/\:::\    \          |::|   |             /:::/\:::\    \          /:::/\:::\    \          /:::/\:::\    \
    /:::/  \:::\    \         |::|   |            /:::/  \:::\    \        /:::/__\:::\    \        /:::/__\:::\    \
   /:::/    \:::\    \        |::|   |           /:::/    \:::\    \      /::::\   \:::\    \      /::::\   \:::\    \
  /:::/    / \:::\    \       |::|___|______    /:::/    / \:::\    \    /::::::\   \:::\    \    /::::::\   \:::\    \
 /:::/    /   \:::\    \      /::::::::\    \  /:::/    /   \:::\ ___\  /:::/\:::\   \:::\    \  /:::/\:::\   \:::\____\
/:::/____/     \:::\____\    /::::::::::\____\/:::/____/     \:::|    |/:::/__\:::\   \:::\____\/:::/  \:::\   \:::|    |
\:::\    \      \::/    /   /:::/~~~~/~~      \:::\    \     /:::|____|\:::\   \:::\   \::/    /\::/   |::::\  /:::|____|
 \:::\    \      \/____/   /:::/    /          \:::\    \   /:::/    /  \:::\   \:::\   \/____/  \/____|:::::\/:::/    /
  \:::\    \              /:::/    /            \:::\    \ /:::/    /    \:::\   \:::\    \            |:::::::::/    /
   \:::\    \            /:::/    /              \:::\    /:::/    /      \:::\   \:::\____\           |::|\::::/    /
    \:::\    \           \::/    /                \:::\  /:::/    /        \:::\   \::/    /           |::| \::/____/
     \:::\    \           \/____/                  \:::\/:::/    /          \:::\   \/____/            |::|  ~|
      \:::\    \                                    \::::::/    /            \:::\    \                |::|   |
       \:::\____\                                    \::::/    /              \:::\____\               \::|   |
        \::/    /                                     \::/____/                \::/    /                \:|   |
         \/____/                                       ~~                       \/____/                  \|___|


[23-11-47] [ENTRY]: Nathan
[23-11-47] [PROP LOADED]: [key = map_quest_api_key]
[23-11-47] [PROP LOADED]: [key = youtube_api_3_key]
[23-11-47] [PROP LOADED]: [key = ip_key]
[23-11-47] [PROP LOADED]: [key = weather_key]
[23-11-47] [PROP LOADED]: [key = debug_hash_name]
[23-11-47] [PROP LOADED]: [key = debug_hash_password]
[23-11-47] [PROP LOADED]: [key = default_weather_location, value = Austin,Tx,USA]
[23-11-47] [PROP LOADED]: [key = ignore_data, value = typinganimation,showseconds,roundedwindows,windowcolor,audiolength
           ,capsmode,typingsound,showbusyicon]
[23-11-47] [PROP LOADED]: [key = font_metric, value = 1]
[23-11-47] [PROP LOADED]: [key = released, value = false]
[23-11-47] [PROP LOADED]: [key = fast_test, value = false]
[23-11-47] [PROP LOADED]: [key = version, value = Liminal]
[23-11-47] [PROP LOADED]: [key = release_date, value = 22.6.2]
[23-11-47] [PROP LOADED]: [key = components_relocatable, value = false]
[23-11-47] [PROP LOADED]: [key = testing_mode, value = true]
[23-11-47] [PROP LOADED]: [key = autocypher, value = true]
[23-11-47] [PROP LOADED]: [key = dispose_splash, value = true]
[23-11-47] [PROP LOADED]: [key = wipe_logs_on_start, value = true]
[23-11-47] [PROP LOADED]: [key = activate_watchdog, value = false]
[23-11-47] [PROP LOADED]: [key = ffmpeg_audio_output_format, value = mp3]
[23-11-47] [PROP LOADED]: [key = printing_animation_char_timeout, value = 8]
[23-11-47] [PROP LOADED]: [key = printing_animation_line_timeout, value = 100]
[23-11-47] [PROP LOADED]: [key = ui_scale, value = 0.25]
[23-11-47] [THREAD STARTED]: Object Creation Logger
[23-11-47] [DEBUG]: Watchdog skipped
[23-11-47] [THREAD STARTED]: Singular Cyder Instance Ensurer
[23-11-48] [FONT LOADED]: agency-fb
[23-11-48] [FONT LOADED]: arial-black
[23-11-48] [FONT LOADED]: beyno
[23-11-48] [FONT LOADED]: condiment-regular
[23-11-48] [FONT LOADED]: prompt-bold
[23-11-48] [FONT LOADED]: segoe-ui-black
[23-11-48] [FONT LOADED]: tahoma
[23-11-48] [THREAD STARTED]: Splash Loader
[23-11-48] [SYSTEM IO]: Requested deletion of: C:\Users\Nathan\Documents\IntelliJava\Cyder\dynamic\tmp
[23-11-49] [THREAD STARTED]: Splash Animation
[23-11-49] [UNIQUE OBJECT CREATED]: ConsoleFrame singleton constructed
[23-11-50] [THREAD STARTED]: Secondary Subroutines Runner
[23-11-50] [LOGIN]: AUTOCYPHER ATTEMPT
[23-11-50] [THREAD STARTED]: JVM Args Logger
[23-11-50] [DEBUG]: Cyder Entry = AutoCypher
[23-11-50] [OBJECT CREATION]: Objects created since last delta (5000ms): 75
[23-11-51] [THREAD STARTED]: Console Printing Animation
[23-11-51] [THREAD STARTED]: High Ping Checker
[23-11-51] [THREAD STARTED]: Hourly Chime Checker
[23-11-51] [THREAD STARTED]: Console Clock Updater
[23-11-51] [THREAD STARTED]: Cyder Busy Checker
[23-11-51] [THREAD STARTED]: ConsoleFrame Stat Saver
[23-11-51] [THREAD STARTED]: [Cyder Splash] dispose() animation thread
[23-11-51] [THREAD STARTED]: [Cyder Splash] dispose() animation thread
[23-11-51] [UI]: CyderFrame disposed with fastclose: true, Component = CyderFrame, hash = 502657062, bounds = (980, 396,
           600, 600), parent frame = Component itself is a CyderFrame, getTitle() = Cyder Splash
[23-11-51] [THREAD STARTED]: Splash Loading Label Updater
[23-11-52] [BACKEND CRUD]: [PUT] Put of JVM args failed
[23-11-52] [CONSOLE OUT]: [STRING]: Console loaded in 5093ms
[23-11-52] [CONSOLE LOADED]: [Nathan] [TESTING MODE]
[23-11-52] [THREAD STARTED]: Manual Tests Thread
[23-11-53] [DEBUG]: Attempted to log a new or empty line
[23-11-54] [SYSTEM IO]: [JSON WRITE] [Levenshtein = 5] User was written to file: 7d7ebb00-81fe-329f-8a78-62f463d0b7da
           \Userdata.json
[23-11-54] [SYSTEM IO]: Requested deletion of: C:\Users\Nathan\Documents\IntelliJava\Cyder\dynamic\backup\7d7ebb00-81fe-
           329f-8a78-62f463d0b7da_1654920195294.json
[23-11-54] [THREAD STARTED]: minimize menu thread
[23-11-54] [THREAD STARTED]: Console menu animator
[23-11-55] [OBJECT CREATION]: Objects created since last delta (5000ms): 51
[23-11-56] [UI]: Component = CyderLabel, hash = 62082658, bounds = (0, 0, 75, 75), parent frame = Liminal Cyder
           [Nathan], getText() = <html><div style='text-align: center;'>Pref</html>
[23-11-56] [THREAD STARTED]: [Preferences] finalizeAndShow()
[23-11-59] [THREAD STARTED]: Taki taki - DJ Snake ft. Selena Gomez Progress Label Thread
[23-11-59] [THREAD STARTED]: Audio Progress Label Animator
[23-11-59] [THREAD STARTED]: [Taki taki - dj snake ft. selena gomez] finalizeAndShow()
[23-12-00] [OBJECT CREATION]: Objects created since last delta (5000ms): 94
[23-12-02] [THREAD STARTED]: Taki taki - dj snake ft. selena gomez Opacity Decrement Animator
[23-12-03] [THREAD STARTED]: Taki taki - dj snake ft. selena gomez Opacity Increment Animator
[23-12-05] [THREAD STARTED]: AudioPlayer Play Audio Thread [Taki taki - DJ Snake ft. Selena Gomez]
[23-12-11] [THREAD STARTED]: Taki taki - DJ Snake ft. Selena Gomez Progress Label Thread
[23-12-11] [THREAD STARTED]: AudioPlayer Play Audio Thread [Taki taki - DJ Snake ft. Selena Gomez]
[23-12-12] [THREAD STARTED]: Timeflies Tuesday - Burnin It Down Progress Label Thread
[23-12-12] [THREAD STARTED]: AudioPlayer Play Audio Thread [Timeflies Tuesday - Burnin It Down]
[23-12-15] [OBJECT CREATION]: Objects created since last delta (5000ms): 38
[23-12-16] [THREAD STARTED]: Timeflies tuesday - burnin it down Menu Label Animator
[23-12-17] [THREAD STARTED]: Timeflies Tuesday - Burnin It Down_Dreamy Progress Label Thread
[23-12-17] [THREAD STARTED]: AudioPlayer Play Audio Thread [Timeflies Tuesday - Burnin It Down_Dreamy]
[23-12-19] [THREAD STARTED]: Timeflies tuesday - burnin it down_d... menu label animator
[23-12-20] [OBJECT CREATION]: Objects created since last delta (5000ms): 23
[23-12-27] [THREAD STARTED]: Timeflies tuesday - burnin it down_d... Menu Label Animator
[23-12-28] [THREAD STARTED]: Timeflies Tuesday - Burnin It Down Progress Label Thread
[23-12-28] [THREAD STARTED]: AudioPlayer Play Audio Thread [Timeflies Tuesday - Burnin It Down]
[23-12-30] [OBJECT CREATION]: Objects created since last delta (5000ms): 23
[23-12-36] [THREAD STARTED]: Timeflies Tuesday - Burnin It Down_Dreamy Progress Label Thread
[23-12-36] [THREAD STARTED]: AudioPlayer Play Audio Thread [Timeflies Tuesday - Burnin It Down_Dreamy]
[23-12-40] [OBJECT CREATION]: Objects created since last delta (5000ms): 21
[23-12-45] [THREAD STARTED]: Timeflies Tuesday - Burnin It Down Progress Label Thread
[23-12-45] [THREAD STARTED]: AudioPlayer Play Audio Thread [Timeflies Tuesday - Burnin It Down]
[23-12-45] [OBJECT CREATION]: Objects created since last delta (5000ms): 21
[23-12-53] [THREAD STARTED]: [Liminal Cyder [Nathan]] dispose() animation thread
[23-12-53] [UI]: CyderFrame disposed with fastclose: false, Component = ConsoleFrame (inner), hash = 2118255842, bounds
           = (1393, 401, 722, 708), parent frame = Component itself is a CyderFrame, getTitle() = Liminal Cyder [Nathan]
[23-12-53] [EXIT]: [RUNTIME] 1m 5s
[23-12-53] [EOL]: Log completed, exiting Cyder with exit code: 0 [Genesis Controlled Exit], exceptions thrown: no
           exceptions thrown
