[20-55-14] [ENTRY]: [Nathan]
[20-55-15] [SYSTEM_IO]: Suggestions pared in IOUtil's static block
[20-55-15] [SYSTEM_IO]: Exit conditions pared in IOUtil's static block
[20-55-15] [SYSTEM_IO]: DebugHashes pared in IOUtil's static block
[20-55-15] [DEBUG]: Method annotated with @Widget is not named showGUI(); name: Birthday2021
[20-55-15] [DEBUG]: Method annotated with @Widget is not named showGUI(); name: FathersDay2021
[20-55-15] [DEBUG]: Method annotated with @Widget is not named showGUI(); name: Christmas2021
[20-55-15] [DEBUG]: Method annotated with @Widget is not named showGUI(); name: Christmas2020
[20-55-15] [LOGIN]: [AUTOCYPHER ATTEMPT]
[20-55-15] [JAVA ARGS]: [LOCATION] [La casa de Nathan]
[20-55-16] [LOGIN]: [[AUTOCYPHER PASS]: e5a50641-21d1-3654-b738-c0e4b2dc61b1]
[20-55-16] [SYSTEM_IO]: Userdata requested: RandomBackground
[20-55-16] [SYSTEM_IO]: Userdata requested: FullScreen
[20-55-16] [SYSTEM_IO]: Userdata requested: fullscreen
[20-55-16] [SYSTEM_IO]: Userdata requested: FullScreen [2x]
[20-55-16] [SYSTEM_IO]: Userdata requested: OutputBorder
[20-55-16] [SYSTEM_IO]: Userdata requested: FullScreen
[20-55-16] [SYSTEM_IO]: Userdata requested: InputBorder
[20-55-16] [SYSTEM_IO]: Userdata requested: OutputFill
[20-55-16] [SYSTEM_IO]: Userdata requested: InputFill
[20-55-16] [THREAD STARTED]: High Ping Checker
[20-55-16] [THREAD STARTED]: Hourly Chime Checker
[20-55-16] [THREAD STARTED]: Console Clock Updater
[20-55-16] [THREAD STARTED]: Cyder Busy Checker
[20-55-16] [THREAD STARTED]: ConsoleFrame Data Saver
[20-55-16] [ACTION]: Console loaded in 2858ms
[20-55-16] [SYSTEM_IO]: Userdata requested: DebugWindows
[20-55-16] [ENTRY]: [TESTING MODE]
[20-55-16] [SYSTEM_IO]: Userdata requested: laststart
[20-55-16] [ACTION]: CyderFrame disposed with fastclose: true, CyderFrame: Component name = [cyder.ui.CyderFrame], bounds = [(980, 396, 600, 600)], hash = [238429208], parentFrame = [Object itself is the top level frame], associated text = [No getText() method found], tooltip text = [No getTooltipText() method found], title = [Cyder Splash]
[20-55-17] [ACTION]: [Insomnia Cyder [Nathan]] [NOTIFICATION] Console loaded in 2858ms
[20-55-17] [SYSTEM_IO]: Userdata requested: persistentnotifications
[20-55-17] [ACTION]: Component name = [cyder.ui.Notification], bounds = [(339, 29, 315, 67)], hash = [-827684500], parentFrame = [Insomnia Cyder [Nathan]], associated text = [No getText() method found], tooltip text = [No getTooltipText() method found], title = [No getTitle() method found]
[20-55-20] [CLIENT]: logout
[20-55-20] [SYSTEM_IO]: Userdata requested: filterchat
[20-55-20] [LOGOUT]: [Nathan]
[20-55-20] [ACTION]: CyderFrame disposed with fastclose: false, CyderFrame: Component name = [cyder.ui.ConsoleFrame], bounds = [(907, 317, 996, 655)], hash = [2069500590], parentFrame = [Object itself is the top level frame], associated text = [No getText() method found], tooltip text = [No getTooltipText() method found], title = [Insomnia Cyder [Nathan]]
[20-55-20] [ACTION]: CyderFrame disposed with fastclose: true, CyderFrame: Component name = [cyder.ui.CyderFrame], bounds = [(980, 396, 600, 600)], hash = [238429208], parentFrame = [Object itself is the top level frame], associated text = [No getText() method found], tooltip text = [No getTooltipText() method found], title = [Cyder Splash]
[20-55-20] [SYSTEM_IO]: Userdata requested: closeanimation
[20-55-20] [ACTION]: CyderFrame disposed with fastclose: true, CyderFrame: Component name = [cyder.ui.ConsoleFrame], bounds = [(907, 317, 996, 655)], hash = [2069500590], parentFrame = [Object itself is the top level frame], associated text = [No getText() method found], tooltip text = [No getTooltipText() method found], title = [Insomnia Cyder [Nathan]]
[20-55-20] [HANDLE]: GENERAL COMMAND HANDLED
[20-55-20] [HANDLE]: PRIMARY HANDLE
[20-55-21] [CLIENT_IO]: [LOGIN FRAME] Nathan@CypherLenovo:~$ login
[20-55-21] [CLIENT_IO]: [LOGIN FRAME] Username: nathan
[20-55-22] [LOGIN]: [[STD LOGIN]: e5a50641-21d1-3654-b738-c0e4b2dc61b1]
[20-55-23] [SYSTEM_IO]: Userdata requested: RandomBackground
[20-55-23] [SYSTEM_IO]: Userdata requested: FullScreen
[20-55-23] [SYSTEM_IO]: Userdata requested: fullscreen
[20-55-23] [SYSTEM_IO]: Userdata requested: FullScreen [2x]
[20-55-23] [SYSTEM_IO]: Userdata requested: OutputBorder
[20-55-23] [SYSTEM_IO]: Userdata requested: FullScreen
[20-55-23] [SYSTEM_IO]: Userdata requested: InputBorder
[20-55-23] [SYSTEM_IO]: Userdata requested: OutputFill
[20-55-23] [SYSTEM_IO]: Userdata requested: InputFill
[20-55-23] [THREAD STARTED]: High Ping Checker
[20-55-23] [THREAD STARTED]: Hourly Chime Checker
[20-55-23] [THREAD STARTED]: Console Clock Updater
[20-55-23] [THREAD STARTED]: Cyder Busy Checker
[20-55-23] [THREAD STARTED]: ConsoleFrame Data Saver
[20-55-23] [ACTION]: CyderFrame disposed with fastclose: true, CyderFrame: Component name = [cyder.ui.ConsoleFrame], bounds = [(907, -643, 996, 655)], hash = [2069500590], parentFrame = [Object itself is the top level frame], associated text = [No getText() method found], tooltip text = [No getTooltipText() method found], title = [Insomnia Cyder [Nathan]]
[20-55-23] [ACTION]: CyderFrame disposed with fastclose: true, CyderFrame: Component name = [cyder.ui.CyderFrame], bounds = [(1105, 444, 600, 400)], hash = [926445114], parentFrame = [Object itself is the top level frame], associated text = [No getText() method found], tooltip text = [No getTooltipText() method found], title = [Cyder Login [Insomnia Build]]
[20-55-23] [ACTION]: Console loaded in 2858ms
[20-55-23] [ACTION]: CyderFrame disposed with fastclose: true, CyderFrame: Component name = [cyder.ui.CyderFrame], bounds = [(1105, 444, 600, 400)], hash = [926445114], parentFrame = [Object itself is the top level frame], associated text = [No getText() method found], tooltip text = [No getTooltipText() method found], title = [Cyder Login [Insomnia Build]]
[20-55-23] [SYSTEM_IO]: Userdata requested: DebugWindows
[20-55-23] [ENTRY]: [TESTING MODE]
[20-55-23] [SYSTEM_IO]: Userdata requested: laststart
[20-55-29] [CLIENT]: logout
[20-55-29] [SYSTEM_IO]: Userdata requested: filterchat
[20-55-29] [LOGOUT]: [Nathan]
[20-55-29] [ACTION]: CyderFrame disposed with fastclose: false, CyderFrame: Component name = [cyder.ui.ConsoleFrame], bounds = [(1428, 386, 600, 655)], hash = [1052087974], parentFrame = [Object itself is the top level frame], associated text = [No getText() method found], tooltip text = [No getTooltipText() method found], title = [Insomnia Cyder [Nathan]]
[20-55-29] [ACTION]: CyderFrame disposed with fastclose: true, CyderFrame: Component name = [cyder.ui.CyderFrame], bounds = [(980, 396, 600, 600)], hash = [238429208], parentFrame = [Object itself is the top level frame], associated text = [No getText() method found], tooltip text = [No getTooltipText() method found], title = [Cyder Splash]
[20-55-29] [ACTION]: CyderFrame disposed with fastclose: true, CyderFrame: Component name = [cyder.ui.ConsoleFrame], bounds = [(907, -643, 996, 655)], hash = [2069500590], parentFrame = [Object itself is the top level frame], associated text = [No getText() method found], tooltip text = [No getTooltipText() method found], title = [Insomnia Cyder [Nathan]]
[20-55-29] [ACTION]: CyderFrame disposed with fastclose: true, CyderFrame: Component name = [cyder.ui.CyderFrame], bounds = [(1105, 444, 600, 400)], hash = [926445114], parentFrame = [Object itself is the top level frame], associated text = [No getText() method found], tooltip text = [No getTooltipText() method found], title = [Cyder Login [Insomnia Build]]
[20-55-29] [SYSTEM_IO]: Userdata requested: closeanimation
[20-55-29] [ACTION]: CyderFrame disposed with fastclose: true, CyderFrame: Component name = [cyder.ui.ConsoleFrame], bounds = [(1428, 386, 600, 655)], hash = [1052087974], parentFrame = [Object itself is the top level frame], associated text = [No getText() method found], tooltip text = [No getTooltipText() method found], title = [Insomnia Cyder [Nathan]]
[20-55-29] [ACTION]: CyderFrame disposed with fastclose: true, CyderFrame: Component name = [cyder.ui.CyderFrame], bounds = [(1105, 444, 600, 400)], hash = [926445114], parentFrame = [Object itself is the top level frame], associated text = [No getText() method found], tooltip text = [No getTooltipText() method found], title = [Cyder Login [Insomnia Build]]
[20-55-29] [HANDLE]: GENERAL COMMAND HANDLED
[20-55-29] [HANDLE]: PRIMARY HANDLE
[20-55-30] [CLIENT_IO]: [LOGIN FRAME] Nathan@CypherLenovo:~$ login
[20-55-30] [CLIENT_IO]: [LOGIN FRAME] Username: nathan
[20-55-34] [LOGIN]: [[STD LOGIN]: e5a50641-21d1-3654-b738-c0e4b2dc61b1]
[20-55-34] [SYSTEM_IO]: Userdata requested: RandomBackground
[20-55-34] [SYSTEM_IO]: Userdata requested: FullScreen
[20-55-35] [SYSTEM_IO]: Userdata requested: fullscreen
[20-55-35] [SYSTEM_IO]: Userdata requested: FullScreen [2x]
[20-55-35] [SYSTEM_IO]: Userdata requested: OutputBorder
[20-55-35] [SYSTEM_IO]: Userdata requested: FullScreen
[20-55-35] [SYSTEM_IO]: Userdata requested: InputBorder
[20-55-35] [SYSTEM_IO]: Userdata requested: OutputFill
[20-55-35] [SYSTEM_IO]: Userdata requested: InputFill
[20-55-35] [THREAD STARTED]: High Ping Checker
[20-55-35] [THREAD STARTED]: Hourly Chime Checker
[20-55-35] [THREAD STARTED]: Console Clock Updater
[20-55-35] [THREAD STARTED]: Cyder Busy Checker
[20-55-35] [THREAD STARTED]: ConsoleFrame Data Saver
[20-55-35] [ACTION]: CyderFrame disposed with fastclose: true, CyderFrame: Component name = [cyder.ui.ConsoleFrame], bounds = [(1428, -649, 600, 655)], hash = [1052087974], parentFrame = [Object itself is the top level frame], associated text = [No getText() method found], tooltip text = [No getTooltipText() method found], title = [Insomnia Cyder [Nathan]]
[20-55-35] [ACTION]: CyderFrame disposed with fastclose: true, CyderFrame: Component name = [cyder.ui.CyderFrame], bounds = [(1428, 513, 600, 400)], hash = [9797878], parentFrame = [Object itself is the top level frame], associated text = [No getText() method found], tooltip text = [No getTooltipText() method found], title = [Cyder Login [Insomnia Build]]
[20-55-35] [ACTION]: Console loaded in 2858ms
[20-55-35] [ACTION]: CyderFrame disposed with fastclose: true, CyderFrame: Component name = [cyder.ui.CyderFrame], bounds = [(1428, 513, 600, 400)], hash = [9797878], parentFrame = [Object itself is the top level frame], associated text = [No getText() method found], tooltip text = [No getTooltipText() method found], title = [Cyder Login [Insomnia Build]]
[20-55-35] [SYSTEM_IO]: Userdata requested: DebugWindows
[20-55-35] [ENTRY]: [TESTING MODE]
[20-55-35] [SYSTEM_IO]: Userdata requested: laststart
[20-56-13] [CLIENT]: audio
[20-56-13] [SYSTEM_IO]: Userdata requested: filterchat
[20-56-13] [ACTION]: Similar command to "audio" found with tol of 0.6666667, command = "arduino"
[20-56-13] [CONSOLE_OUT]: [STRING] Unknown command
[20-56-15] [CLIENT]: music
[20-56-15] [SYSTEM_IO]: Userdata requested: filterchat
[20-56-15] [WIDGET OPENED]: AUDIO PLAYER
[20-56-15] [CONSOLE_OUT]: [STRING] Opening widget: cyder.handlers.external.AudioPlayer
[20-56-15] [HANDLE]: PRIMARY HANDLE
[20-56-15] [ACTION]: [AUDIO PLAYER] Twillzzz - Lord Please.mp3
[20-56-23] [ACTION]: Component name = [cyder.ui.CyderLabel], bounds = [(55, 190, 385, 25)], hash = [1170119972], parentFrame = [Twillzzz - Lord Please], associated text = [<html><div style='text-align: center;'>5s played, 3m 37s total</html>], tooltip text = [No getTooltipText() method found], title = [No getTitle() method found]
[20-56-24] [ACTION]: [AUDIO PLAYER] Twillzzz - Lord Please.mp3
[20-56-27] [CLIENT]: audiolength
[20-56-27] [SYSTEM_IO]: Userdata requested: filterchat
[20-56-27] [PREFERENCE REFRESH INVOKED]: key = audiolength
[20-56-27] [HANDLE]: CONSOLE PREFERENCE TOGGLE HANDLED
[20-56-27] [HANDLE]: FINAL HANDLE
[20-56-27] [CONSOLE_OUT]: [STRING] Show Audio Total Length set to false
[20-56-41] [CLIENT]: logout
[20-56-41] [SYSTEM_IO]: Userdata requested: filterchat
[20-56-41] [LOGOUT]: [Nathan]
[20-56-41] [ACTION]: CyderFrame disposed with fastclose: false, CyderFrame: Component name = [cyder.ui.ConsoleFrame], bounds = [(413, 320, 996, 655)], hash = [458478166], parentFrame = [Object itself is the top level frame], associated text = [No getText() method found], tooltip text = [No getTooltipText() method found], title = [Insomnia Cyder [Nathan]]
[20-56-41] [SYSTEM_IO]: Userdata requested: closeanimation
[20-56-41] [ACTION]: CyderFrame disposed with fastclose: true, CyderFrame: Component name = [cyder.ui.CyderFrame], bounds = [(980, 396, 600, 600)], hash = [238429208], parentFrame = [Object itself is the top level frame], associated text = [No getText() method found], tooltip text = [No getTooltipText() method found], title = [Cyder Splash]
[20-56-41] [ACTION]: CyderFrame disposed with fastclose: true, CyderFrame: Component name = [cyder.ui.CyderFrame], bounds = [(1428, 513, 600, 400)], hash = [9797878], parentFrame = [Object itself is the top level frame], associated text = [No getText() method found], tooltip text = [No getTooltipText() method found], title = [Cyder Login [Insomnia Build]]
[20-56-41] [ACTION]: CyderFrame disposed with fastclose: true, CyderFrame: Component name = [cyder.ui.ConsoleFrame], bounds = [(413, 320, 996, 655)], hash = [458478166], parentFrame = [Object itself is the top level frame], associated text = [No getText() method found], tooltip text = [No getTooltipText() method found], title = [Insomnia Cyder [Nathan]]
[20-56-41] [ACTION]: CyderFrame disposed with fastclose: true, CyderFrame: Component name = [cyder.ui.CyderFrame], bounds = [(1406, 490, 500, 225)], hash = [771081823], parentFrame = [Object itself is the top level frame], associated text = [No getText() method found], tooltip text = [No getTooltipText() method found], title = [Twillzzz - Lord Please]
[20-56-41] [ACTION]: CyderFrame disposed with fastclose: true, CyderFrame: Component name = [cyder.ui.CyderFrame], bounds = [(1428, 513, 600, 400)], hash = [9797878], parentFrame = [Object itself is the top level frame], associated text = [No getText() method found], tooltip text = [No getTooltipText() method found], title = [Cyder Login [Insomnia Build]]
[20-56-41] [HANDLE]: GENERAL COMMAND HANDLED
[20-56-41] [HANDLE]: PRIMARY HANDLE
[20-56-42] [CLIENT_IO]: [LOGIN FRAME] Nathan@CypherLenovo:~$ login
[20-56-43] [CLIENT_IO]: [LOGIN FRAME] Username: nathan
[20-56-44] [LOGIN]: [[STD LOGIN]: e5a50641-21d1-3654-b738-c0e4b2dc61b1]
[20-56-44] [SYSTEM_IO]: Userdata requested: RandomBackground
[20-56-44] [SYSTEM_IO]: Userdata requested: FullScreen
[20-56-44] [SYSTEM_IO]: Userdata requested: fullscreen
[20-56-44] [SYSTEM_IO]: Userdata requested: FullScreen [2x]
[20-56-44] [SYSTEM_IO]: Userdata requested: OutputBorder
[20-56-44] [SYSTEM_IO]: Userdata requested: FullScreen
[20-56-44] [SYSTEM_IO]: Userdata requested: InputBorder
[20-56-44] [SYSTEM_IO]: Userdata requested: OutputFill
[20-56-44] [SYSTEM_IO]: Userdata requested: InputFill
[20-56-44] [THREAD STARTED]: High Ping Checker
[20-56-44] [THREAD STARTED]: Hourly Chime Checker
[20-56-44] [THREAD STARTED]: Console Clock Updater
[20-56-44] [THREAD STARTED]: Cyder Busy Checker
[20-56-44] [THREAD STARTED]: ConsoleFrame Data Saver
[20-56-44] [ACTION]: CyderFrame disposed with fastclose: true, CyderFrame: Component name = [cyder.ui.CyderFrame], bounds = [(1428, 513, 600, 400)], hash = [9797878], parentFrame = [Object itself is the top level frame], associated text = [No getText() method found], tooltip text = [No getTooltipText() method found], title = [Cyder Login [Insomnia Build]]
[20-56-44] [ACTION]: CyderFrame disposed with fastclose: true, CyderFrame: Component name = [cyder.ui.ConsoleFrame], bounds = [(413, -655, 996, 655)], hash = [458478166], parentFrame = [Object itself is the top level frame], associated text = [No getText() method found], tooltip text = [No getTooltipText() method found], title = [Insomnia Cyder [Nathan]]
[20-56-44] [ACTION]: CyderFrame disposed with fastclose: true, CyderFrame: Component name = [cyder.ui.CyderFrame], bounds = [(1406, 490, 500, 225)], hash = [771081823], parentFrame = [Object itself is the top level frame], associated text = [No getText() method found], tooltip text = [No getTooltipText() method found], title = [Flash Player]
[20-56-44] [ACTION]: CyderFrame disposed with fastclose: true, CyderFrame: Component name = [cyder.ui.CyderFrame], bounds = [(611, 447, 600, 400)], hash = [1528490581], parentFrame = [Object itself is the top level frame], associated text = [No getText() method found], tooltip text = [No getTooltipText() method found], title = [Cyder Login [Insomnia Build]]
[20-56-44] [ACTION]: Console loaded in 2858ms
[20-56-44] [ACTION]: CyderFrame disposed with fastclose: true, CyderFrame: Component name = [cyder.ui.CyderFrame], bounds = [(611, 447, 600, 400)], hash = [1528490581], parentFrame = [Object itself is the top level frame], associated text = [No getText() method found], tooltip text = [No getTooltipText() method found], title = [Cyder Login [Insomnia Build]]
[20-56-44] [SYSTEM_IO]: Userdata requested: DebugWindows
[20-56-44] [ENTRY]: [TESTING MODE]
[20-56-44] [SYSTEM_IO]: Userdata requested: laststart
[20-56-46] [CLIENT]: mp3
[20-56-46] [SYSTEM_IO]: Userdata requested: filterchat
[20-56-46] [WIDGET OPENED]: AUDIO PLAYER
[20-56-46] [HANDLE]: PRIMARY HANDLE
[20-56-46] [ACTION]: [AUDIO PLAYER] Twillzzz - Lord Please.mp3
[20-56-46] [CONSOLE_OUT]: [STRING] Opening widget: cyder.handlers.external.AudioPlayer
[20-56-54] [CLIENT]: audiolength
[20-56-54] [SYSTEM_IO]: Userdata requested: filterchat
[20-56-54] [PREFERENCE REFRESH INVOKED]: key = audiolength
[20-56-54] [HANDLE]: CONSOLE PREFERENCE TOGGLE HANDLED
[20-56-54] [HANDLE]: FINAL HANDLE
[20-56-54] [CONSOLE_OUT]: [STRING] Show Audio Total Length set to true
[20-57-06] [SYSTEM_IO]: Userdata requested: minimizeonclose
[20-57-06] [ACTION]: CyderFrame disposed with fastclose: false, CyderFrame: Component name = [cyder.ui.ConsoleFrame], bounds = [(413, 320, 996, 655)], hash = [629890328], parentFrame = [Object itself is the top level frame], associated text = [No getText() method found], tooltip text = [No getTooltipText() method found], title = [Insomnia Cyder [Nathan]]
[20-57-06] [SYSTEM_IO]: Userdata requested: closeanimation
[20-57-06] [EXIT]: [RUNTIME] 1m 52s
[20-57-06] [EOL]: Log completed, exiting Cyder with exit code: 25 [Genesis Controlled Exit], exceptions thrown: 0
