[21-14-24] [ENTRY]: [Nathan]
[21-14-25] [SYSTEM_IO]: Suggestions pared in IOUtil's static block
[21-14-25] [SYSTEM_IO]: Exit conditions pared in IOUtil's static block
[21-14-25] [SYSTEM_IO]: DebugHashes pared in IOUtil's static block
[21-14-26] [DEBUG]: Method annotated with @Widget is not named showGUI(); name: FathersDay2021
[21-14-26] [DEBUG]: Method annotated with @Widget is not named showGUI(); name: Christmas2021
[21-14-26] [DEBUG]: Method annotated with @Widget is not named showGUI(); name: Christmas2020
[21-14-26] [DEBUG]: Method annotated with @Widget is not named showGUI(); name: Birthday2021
[21-14-26] [LOGIN]: [AUTOCYPHER ATTEMPT]
[21-14-26] [JAVA ARGS]: [LOCATION] [La casa de Nathan]
[21-14-26] [LOGIN]: [[AUTOCYPHER PASS]: e5a50641-21d1-3654-b738-c0e4b2dc61b1]
[21-14-26] [SYSTEM_IO]: Userdata requested: RandomBackground
[21-14-26] [SYSTEM_IO]: Userdata requested: FullScreen
[21-14-26] [SYSTEM_IO]: Userdata requested: fullscreen
[21-14-26] [SYSTEM_IO]: Userdata requested: FullScreen [2x]
[21-14-26] [SYSTEM_IO]: Userdata requested: OutputBorder
[21-14-26] [SYSTEM_IO]: Userdata requested: FullScreen
[21-14-26] [SYSTEM_IO]: Userdata requested: InputBorder
[21-14-26] [SYSTEM_IO]: Userdata requested: OutputFill
[21-14-26] [SYSTEM_IO]: Userdata requested: InputFill
[21-14-26] [THREAD STARTED]: High Ping Checker
[21-14-26] [THREAD STARTED]: Hourly Chime Checker
[21-14-26] [THREAD STARTED]: Console Clock Updater
[21-14-26] [THREAD STARTED]: Cyder Busy Checker
[21-14-26] [THREAD STARTED]: ConsoleFrame Data Saver
[21-14-27] [ACTION]: Console loaded in 2581ms
[21-14-27] [SYSTEM_IO]: Userdata requested: DebugWindows
[21-14-27] [ENTRY]: [TESTING MODE]
[21-14-27] [SYSTEM_IO]: Userdata requested: laststart
[21-14-27] [ACTION]: CyderFrame disposed with fastclose: true, CyderFrame: Component name = [cyder.ui.CyderFrame], bounds = [(980, 396, 600, 600)], hash = [1897472346], parentFrame = [Object itself is the top level frame], associated text = [No getText() method found], tooltip text = [No getTooltipText() method found], title = [Cyder Splash]
[21-14-27] [ACTION]: [Insomnia Cyder [Nathan]] [NOTIFICATION] Console loaded in 2581ms
[21-14-27] [SYSTEM_IO]: Userdata requested: persistentnotifications
[21-14-38] [ACTION]: Component name = [cyder.ui.DragLabel], bounds = [(2, 2, 992, 28)], hash = [1751702574], parentFrame = [], associated text = [No getText() method found], tooltip text = [No getTooltipText() method found], title = [No getTitle() method found]
[21-14-38] [ACTION]: CyderFrame disposed with fastclose: false, CyderFrame: Component name = [cyder.ui.CyderFrame], bounds = [(116, 118, 996, 1310)], hash = [1546296582], parentFrame = [Object itself is the top level frame], associated text = [No getText() method found], tooltip text = [No getTooltipText() method found], title = [No getTitle() method found]
[21-14-38] [SYSTEM_IO]: Userdata requested: closeanimation
[21-14-46] [ACTION]: Component name = [cyder.ui.DragLabel], bounds = [(2, 2, 1231, 28)], hash = [1598523203], parentFrame = [], associated text = [No getText() method found], tooltip text = [No getTooltipText() method found], title = [No getTitle() method found]
[21-14-46] [ACTION]: CyderFrame disposed with fastclose: false, CyderFrame: Component name = [cyder.ui.CyderFrame], bounds = [(378, 147, 1235, 1276)], hash = [299460432], parentFrame = [Object itself is the top level frame], associated text = [No getText() method found], tooltip text = [No getTooltipText() method found], title = [No getTitle() method found]
[21-14-46] [SYSTEM_IO]: Userdata requested: closeanimation
[21-14-47] [SYSTEM_IO]: Userdata requested: minimizeonclose
[21-14-47] [ACTION]: CyderFrame disposed with fastclose: false, CyderFrame: Component name = [cyder.ui.ConsoleFrame], bounds = [(1050, 224, 1235, 638)], hash = [1677568775], parentFrame = [Object itself is the top level frame], associated text = [No getText() method found], tooltip text = [No getTooltipText() method found], title = [Insomnia Cyder [Nathan]]
[21-14-47] [SYSTEM_IO]: Userdata requested: closeanimation
[21-14-47] [EXIT]: [RUNTIME] 23s
[21-14-47] [EOL]: Log completed, exiting Cyder with exit code: 25 [Genesis Controlled Exit], exceptions thrown: 0
