[21-42-12] [ENTRY]: [Nathan]
[21-42-13] [SYSTEM_IO]: Suggestions pared in IOUtil's static block
[21-42-13] [SYSTEM_IO]: Exit conditions pared in IOUtil's static block
[21-42-13] [SYSTEM_IO]: DebugHashes pared in IOUtil's static block
[21-42-14] [DEBUG]: Method annotated with @Widget is not named showGUI(); name: Birthday2021
[21-42-14] [DEBUG]: Method annotated with @Widget is not named showGUI(); name: Christmas2021
[21-42-14] [DEBUG]: Method annotated with @Widget is not named showGUI(); name: FathersDay2021
[21-42-14] [DEBUG]: Method annotated with @Widget is not named showGUI(); name: Christmas2020
[21-42-14] [LOGIN]: [AUTOCYPHER ATTEMPT]
[21-42-14] [JAVA ARGS]: [LOCATION] [La casa de Nathan]
[21-42-14] [LOGIN]: [[AUTOCYPHER PASS]: e5a50641-21d1-3654-b738-c0e4b2dc61b1]
[21-42-14] [SYSTEM_IO]: Userdata requested: RandomBackground
[21-42-14] [SYSTEM_IO]: Userdata requested: FullScreen
[21-42-14] [SYSTEM_IO]: Userdata requested: fullscreen
[21-42-15] [SYSTEM_IO]: Userdata requested: FullScreen [2x]
[21-42-15] [SYSTEM_IO]: Userdata requested: OutputBorder
[21-42-15] [SYSTEM_IO]: Userdata requested: FullScreen
[21-42-15] [SYSTEM_IO]: Userdata requested: InputBorder
[21-42-15] [SYSTEM_IO]: Userdata requested: OutputFill
[21-42-15] [SYSTEM_IO]: Userdata requested: InputFill
[21-42-15] [THREAD STARTED]: High Ping Checker
[21-42-15] [THREAD STARTED]: Hourly Chime Checker
[21-42-15] [THREAD STARTED]: Console Clock Updater
[21-42-15] [THREAD STARTED]: Cyder Busy Checker
[21-42-15] [THREAD STARTED]: ConsoleFrame Data Saver
[21-42-15] [EXCEPTION]:
Exception origin: cyder.ui.ConsoleFrame.lambda$startExecutors$19(ConsoleFrame.java:1277)
From line: 1277
Trace: java.lang.NullPointerException
at cyder.ui.ConsoleFrame.lambda$startExecutors$19(ConsoleFrame.java:1277)
at java.base/java.lang.Thread.run(Thread.java:844)
[21-42-15] [SYSTEM_IO]: Userdata requested: SilenceErrors
[21-42-15] [ACTION]: Console loaded in 2502ms
[21-42-15] [ACTION]: CyderFrame disposed with fastclose: true, CyderFrame: Component name = [cyder.ui.CyderFrame], bounds = [(980, 396, 600, 600)], hash = [973381810], parentFrame = [Object itself is the top level frame], associated text = [No getText() method found], tooltip text = [No getTooltipText() method found], title = [Cyder Splash]
[21-42-15] [SYSTEM_IO]: Userdata requested: DebugWindows
[21-42-15] [ENTRY]: [TESTING MODE]
[21-42-15] [SYSTEM_IO]: Userdata requested: laststart
[21-42-15] [ACTION]: [Insomnia Cyder [Nathan]] [NOTIFICATION] Console loaded in 2502ms
[21-42-15] [SYSTEM_IO]: Userdata requested: persistentnotifications
[21-42-16] [SYSTEM_IO]: Userdata requested: Background
[21-42-22] [ACTION]: Component name = [cyder.ui.DragLabel], bounds = [(2, 2, 1231, 28)], hash = [832395452], parentFrame = [], associated text = [No getText() method found], tooltip text = [No getTooltipText() method found], title = [No getTitle() method found]
[21-42-22] [ACTION]: CyderFrame disposed with fastclose: false, CyderFrame: Component name = [cyder.ui.CyderFrame], bounds = [(529, 356, 1235, 1276)], hash = [754677130], parentFrame = [Object itself is the top level frame], associated text = [No getText() method found], tooltip text = [No getTooltipText() method found], title = [No getTitle() method found]
[21-42-22] [SYSTEM_IO]: Userdata requested: closeanimation
[21-42-22] [SYSTEM_IO]: Userdata requested: Background
[21-42-24] [SYSTEM_IO]: Userdata requested: minimizeonclose
[21-42-24] [ACTION]: CyderFrame disposed with fastclose: false, CyderFrame: Component name = [cyder.ui.ConsoleFrame], bounds = [(155, 268, 1235, 638)], hash = [1677568775], parentFrame = [Object itself is the top level frame], associated text = [No getText() method found], tooltip text = [No getTooltipText() method found], title = [Insomnia Cyder [Nathan]]
[21-42-24] [SYSTEM_IO]: Userdata requested: closeanimation
[21-42-24] [EXIT]: [RUNTIME] 12s
[21-42-24] [EOL]: Log completed, exiting Cyder with exit code: 25 [Genesis Controlled Exit], exceptions thrown: 1
