[21-52-34] [ENTRY]: [Nathan]
[21-52-36] [SYSTEM_IO]: Suggestions pared in IOUtil's static block
[21-52-36] [SYSTEM_IO]: Exit conditions pared in IOUtil's static block
[21-52-36] [SYSTEM_IO]: DebugHashes pared in IOUtil's static block
[21-52-37] [DEBUG]: Method annotated with @Widget is not named showGUI(); name: FathersDay2021
[21-52-37] [DEBUG]: Method annotated with @Widget is not named showGUI(); name: Christmas2021
[21-52-37] [DEBUG]: Method annotated with @Widget is not named showGUI(); name: Birthday2021
[21-52-37] [DEBUG]: Method annotated with @Widget is not named showGUI(); name: Christmas2020
[21-52-37] [LOGIN]: [AUTOCYPHER ATTEMPT]
[21-52-37] [JAVA ARGS]: [LOCATION] [La casa de Nathan]
[21-52-38] [LOGIN]: [[AUTOCYPHER PASS]: e5a50641-21d1-3654-b738-c0e4b2dc61b1]
[21-52-38] [SYSTEM_IO]: Userdata requested: RandomBackground
[21-52-38] [SYSTEM_IO]: Userdata requested: FullScreen
[21-52-38] [SYSTEM_IO]: Userdata requested: fullscreen
[21-52-38] [SYSTEM_IO]: Userdata requested: FullScreen [2x]
[21-52-38] [SYSTEM_IO]: Userdata requested: OutputBorder
[21-52-38] [SYSTEM_IO]: Userdata requested: FullScreen
[21-52-38] [SYSTEM_IO]: Userdata requested: InputBorder
[21-52-38] [SYSTEM_IO]: Userdata requested: OutputFill
[21-52-38] [SYSTEM_IO]: Userdata requested: InputFill
[21-52-38] [THREAD STARTED]: High Ping Checker
[21-52-38] [THREAD STARTED]: Hourly Chime Checker
[21-52-38] [THREAD STARTED]: Console Clock Updater
[21-52-38] [THREAD STARTED]: Cyder Busy Checker
[21-52-38] [THREAD STARTED]: ConsoleFrame Data Saver
[21-52-38] [ACTION]: Console loaded in 4680ms
[21-52-38] [ACTION]: CyderFrame disposed with fastclose: true, CyderFrame: Component name = [cyder.ui.CyderFrame], bounds = [(980, 396, 600, 600)], hash = [1795051448], parentFrame = [Object itself is the top level frame], associated text = [No getText() method found], tooltip text = [No getTooltipText() method found], title = [Cyder Splash]
[21-52-38] [SYSTEM_IO]: Userdata requested: DebugWindows
[21-52-38] [ENTRY]: [TESTING MODE]
[21-52-38] [SYSTEM_IO]: Userdata requested: laststart
[21-52-38] [ACTION]: [Insomnia Cyder [Nathan]] [NOTIFICATION] Console loaded in 4680ms
[21-52-38] [SYSTEM_IO]: Userdata requested: persistentnotifications
[21-52-56] [SYSTEM_IO]: Userdata requested: Background [2x]
[21-52-56] [SYSTEM_IO]: Userdata requested: minimizeonclose
[21-52-56] [ACTION]: CyderFrame disposed with fastclose: false, CyderFrame: Component name = [cyder.ui.ConsoleFrame], bounds = [(358, 414, 1235, 638)], hash = [2069500590], parentFrame = [Object itself is the top level frame], associated text = [No getText() method found], tooltip text = [No getTooltipText() method found], title = [Insomnia Cyder [Nathan]]
[21-52-56] [SYSTEM_IO]: Userdata requested: closeanimation
[21-52-56] [EXIT]: [RUNTIME] 22s
[21-52-56] [EOL]: Log completed, exiting Cyder with exit code: 25 [Genesis Controlled Exit], exceptions thrown: 0
