[22-13-37] [ENTRY]: [Nathan]
[22-13-38] [SYSTEM_IO]: Suggestions pared in IOUtil's static block
[22-13-38] [SYSTEM_IO]: Exit conditions pared in IOUtil's static block
[22-13-38] [SYSTEM_IO]: DebugHashes pared in IOUtil's static block
[22-13-39] [DEBUG]: Method annotated with @Widget is not named showGUI(); name: Christmas2021
[22-13-39] [DEBUG]: Method annotated with @Widget is not named showGUI(); name: Birthday2021
[22-13-39] [DEBUG]: Method annotated with @Widget is not named showGUI(); name: Christmas2020
[22-13-39] [DEBUG]: Method annotated with @Widget is not named showGUI(); name: FathersDay2021
[22-13-39] [LOGIN]: [AUTOCYPHER ATTEMPT]
[22-13-39] [JAVA ARGS]: [LOCATION] [La casa de Nathan]
[22-13-39] [LOGIN]: [[AUTOCYPHER PASS]: e5a50641-21d1-3654-b738-c0e4b2dc61b1]
[22-13-40] [SYSTEM_IO]: Userdata requested: RandomBackground
[22-13-40] [SYSTEM_IO]: Userdata requested: FullScreen
[22-13-40] [SYSTEM_IO]: Userdata requested: fullscreen
[22-13-40] [SYSTEM_IO]: Userdata requested: FullScreen [2x]
[22-13-40] [SYSTEM_IO]: Userdata requested: OutputBorder
[22-13-40] [SYSTEM_IO]: Userdata requested: FullScreen
[22-13-40] [SYSTEM_IO]: Userdata requested: InputBorder
[22-13-40] [SYSTEM_IO]: Userdata requested: OutputFill
[22-13-40] [SYSTEM_IO]: Userdata requested: InputFill
[22-13-40] [THREAD STARTED]: High Ping Checker
[22-13-40] [THREAD STARTED]: Hourly Chime Checker
[22-13-40] [THREAD STARTED]: Console Clock Updater
[22-13-40] [THREAD STARTED]: Cyder Busy Checker
[22-13-40] [THREAD STARTED]: ConsoleFrame Data Saver
[22-13-40] [ACTION]: Console loaded in 3488ms
[22-13-40] [SYSTEM_IO]: Userdata requested: DebugWindows
[22-13-40] [ENTRY]: [TESTING MODE]
[22-13-40] [SYSTEM_IO]: Userdata requested: laststart
[22-13-40] [ACTION]: CyderFrame disposed with fastclose: true, CyderFrame: Component name = [cyder.ui.CyderFrame], bounds = [(980, 396, 600, 600)], hash = [1442359641], parentFrame = [Object itself is the top level frame], associated text = [No getText() method found], tooltip text = [No getTooltipText() method found], title = [Cyder Splash]
[22-13-40] [ACTION]: [Insomnia Cyder [Nathan]] [NOTIFICATION] Console loaded in 3488ms
[22-13-40] [SYSTEM_IO]: Userdata requested: persistentnotifications
[22-13-43] [CLIENT]: dance
[22-13-43] [SYSTEM_IO]: Userdata requested: filterchat
[22-13-45] [HANDLE]: CYDERFRAME MOVEMENT COMMAND HANDLED
[22-13-45] [HANDLE]: PRIMARY HANDLE
[22-13-46] [CLIENT]: calc
[22-13-46] [SYSTEM_IO]: Userdata requested: filterchat
[22-13-46] [WIDGET OPENED]: CALCULATOR
[22-13-46] [HANDLE]: PRIMARY HANDLE
[22-13-46] [CONSOLE_OUT]: [STRING] Opening widget: cyder.widgets.CalculatorWidget
[22-13-49] [CLIENT]: calc
[22-13-49] [SYSTEM_IO]: Userdata requested: filterchat
[22-13-49] [WIDGET OPENED]: CALCULATOR
[22-13-49] [CONSOLE_OUT]: [STRING] Opening widget: cyder.widgets.CalculatorWidget
[22-13-49] [HANDLE]: PRIMARY HANDLE
[22-13-52] [CLIENT]: dance
[22-13-52] [SYSTEM_IO]: Userdata requested: filterchat
[22-13-58] [HANDLE]: CYDERFRAME MOVEMENT COMMAND HANDLED
[22-13-58] [HANDLE]: PRIMARY HANDLE
[22-14-05] [SYSTEM_IO]: Userdata requested: minimizeonclose
[22-14-05] [ACTION]: CyderFrame disposed with fastclose: false, CyderFrame: Component name = [cyder.ui.ConsoleFrame], bounds = [(875, 337, 996, 655)], hash = [1532139270], parentFrame = [Object itself is the top level frame], associated text = [No getText() method found], tooltip text = [No getTooltipText() method found], title = [Insomnia Cyder [Nathan]]
[22-14-05] [SYSTEM_IO]: Userdata requested: closeanimation
[22-14-05] [EXIT]: [RUNTIME] 28s
[22-14-05] [EOL]: Log completed, exiting Cyder with exit code: 25 [Genesis Controlled Exit], exceptions thrown: 0
