[23-37-58] [ENTRY]: [Nathan]
[23-37-59] [SYSTEM_IO]: Suggestions pared in IOUtil's static block
[23-37-59] [SYSTEM_IO]: Exit conditions pared in IOUtil's static block
[23-37-59] [SYSTEM_IO]: DebugHashes pared in IOUtil's static block
[23-38-00] [DEBUG]: Method annotated with @Widget is not named showGUI(); name: Birthday2021
[23-38-00] [DEBUG]: Method annotated with @Widget is not named showGUI(); name: Christmas2020
[23-38-00] [DEBUG]: Method annotated with @Widget is not named showGUI(); name: Christmas2021
[23-38-00] [DEBUG]: Method annotated with @Widget is not named showGUI(); name: FathersDay2021
[23-38-00] [LOGIN]: [AUTOCYPHER ATTEMPT]
[23-38-00] [JAVA ARGS]: [LOCATION] [La casa de Nathan]
[23-38-00] [LOGIN]: [[AUTOCYPHER PASS]: e5a50641-21d1-3654-b738-c0e4b2dc61b1]
[23-38-01] [SYSTEM_IO]: Userdata requested: RandomBackground
[23-38-01] [SYSTEM_IO]: Userdata requested: FullScreen
[23-38-01] [SYSTEM_IO]: Userdata requested: fullscreen
[23-38-01] [SYSTEM_IO]: Userdata requested: FullScreen [2x]
[23-38-01] [SYSTEM_IO]: Userdata requested: OutputBorder
[23-38-01] [SYSTEM_IO]: Userdata requested: FullScreen
[23-38-01] [SYSTEM_IO]: Userdata requested: InputBorder
[23-38-01] [SYSTEM_IO]: Userdata requested: OutputFill
[23-38-01] [SYSTEM_IO]: Userdata requested: InputFill
[23-38-01] [THREAD STARTED]: High Ping Checker
[23-38-01] [THREAD STARTED]: Hourly Chime Checker
[23-38-01] [THREAD STARTED]: Console Clock Updater
[23-38-01] [THREAD STARTED]: Cyder Busy Checker
[23-38-01] [THREAD STARTED]: ConsoleFrame Data Saver
[23-38-01] [ACTION]: Console loaded in 3804ms
[23-38-01] [ACTION]: CyderFrame disposed with fastclose: true, CyderFrame: Component name = [cyder.ui.CyderFrame], bounds = [(980, 396, 600, 600)], hash = [477540448], parentFrame = [Object itself is the top level frame], associated text = [No getText() method found], tooltip text = [No getTooltipText() method found], title = [Cyder Splash]
[23-38-01] [SYSTEM_IO]: Userdata requested: DebugWindows
[23-38-01] [ENTRY]: [TESTING MODE]
[23-38-01] [SYSTEM_IO]: Userdata requested: laststart
[23-38-01] [ACTION]: [Insomnia Cyder [Nathan]] [NOTIFICATION] Console loaded in 3804ms
[23-38-01] [SYSTEM_IO]: Userdata requested: persistentnotifications
[23-38-12] [CLIENT]: usb
[23-38-12] [SYSTEM_IO]: Userdata requested: filterchat
[23-38-12] [THREAD STARTED]: USB Device Finder
[23-38-12] [HANDLE]: GENERAL COMMAND HANDLED
[23-38-12] [HANDLE]: PRIMARY HANDLE
[23-38-13] [CLIENT]: lol
[23-38-13] [SYSTEM_IO]: Userdata requested: filterchat
[23-38-13] [HANDLE]: GENERAL PRINT COMMAND HANDLED
[23-38-13] [CONSOLE_OUT]: [STRING] My memes are better.
[23-38-13] [HANDLE]: PRIMARY HANDLE
[23-38-18] [CONSOLE_OUT]: [STRING] Connected devices:
[23-38-18] [CONSOLE_OUT]: [STRING] ----------------------------------------
[23-38-18] [CONSOLE_OUT]: [STRING] USB Root Hub (USB 3.0)
[23-38-18] [CONSOLE_OUT]: [STRING] ----------------------------------------
[23-38-18] [CONSOLE_OUT]: [STRING] Generic SuperSpeed USB Hub
[23-38-18] [CONSOLE_OUT]: [STRING] ----------------------------------------
[23-38-18] [CONSOLE_OUT]: [STRING] Generic USB Hub
[23-38-18] [CONSOLE_OUT]: [STRING] ----------------------------------------
[23-38-18] [CONSOLE_OUT]: [STRING] USB C Video Adaptor
[23-38-18] [CONSOLE_OUT]: [STRING] ----------------------------------------
[23-38-18] [CONSOLE_OUT]: [STRING] USB Root Hub (USB 3.0)
[23-38-18] [CONSOLE_OUT]: [STRING] ----------------------------------------
[23-38-18] [CONSOLE_OUT]: [STRING] Generic USB Hub
[23-38-18] [CONSOLE_OUT]: [STRING] ----------------------------------------
[23-38-18] [CONSOLE_OUT]: [STRING] USB Composite Device
[23-38-18] [CONSOLE_OUT]: [STRING] ----------------------------------------
[23-38-18] [CONSOLE_OUT]: [STRING] USB Input Device
[23-38-18] [CONSOLE_OUT]: [STRING] ----------------------------------------
[23-38-18] [CONSOLE_OUT]: [STRING] HID Keyboard Device
[23-38-18] [CONSOLE_OUT]: [STRING] ----------------------------------------
[23-38-18] [CONSOLE_OUT]: [STRING] USB Input Device
[23-38-18] [CONSOLE_OUT]: [STRING] ----------------------------------------
[23-38-18] [CONSOLE_OUT]: [STRING] HID Keyboard Device
[23-38-18] [CONSOLE_OUT]: [STRING] ----------------------------------------
[23-38-18] [CONSOLE_OUT]: [STRING] HID-compliant consumer control device
[23-38-18] [CONSOLE_OUT]: [STRING] ----------------------------------------
[23-38-18] [CONSOLE_OUT]: [STRING] HID-compliant vendor-defined device
[23-38-18] [CONSOLE_OUT]: [STRING] ----------------------------------------
[23-38-18] [CONSOLE_OUT]: [STRING] HID-compliant vendor-defined device
[23-38-18] [CONSOLE_OUT]: [STRING] ----------------------------------------
[23-38-18] [CONSOLE_OUT]: [STRING] USB Composite Device
[23-38-18] [CONSOLE_OUT]: [STRING] ----------------------------------------
[23-38-18] [CONSOLE_OUT]: [STRING] USB Input Device
[23-38-18] [CONSOLE_OUT]: [STRING] ----------------------------------------
[23-38-18] [CONSOLE_OUT]: [STRING] HID-compliant mouse
[23-38-18] [CONSOLE_OUT]: [STRING] ----------------------------------------
[23-38-18] [CONSOLE_OUT]: [STRING] USB Input Device
[23-38-18] [CONSOLE_OUT]: [STRING] ----------------------------------------
[23-38-18] [CONSOLE_OUT]: [STRING] HID-compliant vendor-defined device
[23-38-18] [CONSOLE_OUT]: [STRING] ----------------------------------------
[23-38-18] [CONSOLE_OUT]: [STRING] USB Input Device
[23-38-18] [CONSOLE_OUT]: [STRING] ----------------------------------------
[23-38-18] [CONSOLE_OUT]: [STRING] HID-compliant vendor-defined device
[23-38-18] [CONSOLE_OUT]: [STRING] ----------------------------------------
[23-38-18] [CONSOLE_OUT]: [STRING] USB Composite Device
[23-38-18] [CONSOLE_OUT]: [STRING] ----------------------------------------
[23-38-18] [CONSOLE_OUT]: [STRING] Integrated IR Camera
[23-38-18] [CONSOLE_OUT]: [STRING] ----------------------------------------
[23-38-18] [CONSOLE_OUT]: [STRING] Intel(R) Wireless Bluetooth(R)
[23-38-18] [CONSOLE_OUT]: [STRING] ----------------------------------------
[23-38-18] [CONSOLE_OUT]: [STRING] USB Composite Device
[23-38-18] [CONSOLE_OUT]: [STRING] ----------------------------------------
[23-38-18] [CONSOLE_OUT]: [STRING] Integrated Camera
[23-38-18] [CONSOLE_OUT]: [STRING] ----------------------------------------
[23-38-18] [CONSOLE_OUT]: [STRING] Synaptics WBDI - SGX
[23-38-18] [CONSOLE_OUT]: [STRING] ----------------------------------------
[23-38-18] [CONSOLE_OUT]: [STRING] Realtek USB 3.0 Card Reader
[23-38-18] [CONSOLE_OUT]: [STRING] ----------------------------------------
[23-38-20] [SYSTEM_IO]: Userdata requested: Background
[23-38-25] [SYSTEM_IO]: Userdata requested: minimizeonclose
[23-38-25] [ACTION]: CyderFrame disposed with fastclose: false, CyderFrame: Component name = [cyder.ui.ConsoleFrame], bounds = [(1407, 229, 996, 655)], hash = [594858858], parentFrame = [Object itself is the top level frame], associated text = [No getText() method found], tooltip text = [No getTooltipText() method found], title = [Insomnia Cyder [Nathan]]
[23-38-25] [SYSTEM_IO]: Userdata requested: closeanimation
[23-38-25] [EXIT]: [RUNTIME] 27s
[23-38-25] [EOL]: Log completed, exiting Cyder with exit code: 25 [Genesis Controlled Exit], exceptions thrown: 0
