[20-23-30] [ENTRY]: [Nathan]
[20-23-30] [SYSTEM_IO]: System data pared in IOUtil's static block
[20-23-32] [LOGIN]: [AUTOCYPHER ATTEMPT]
[20-23-32] [JAVA ARGS]: [LOCATION] [La casa de Nathan]
[20-23-32] [LOGIN]: [AUTOCYPHER PASS, e5a50641-21d1-3654-b738-c0e4b2dc61b1]
[20-23-32] [SYSTEM_IO]: Userdata requested: Name
[20-23-33] [SYSTEM_IO]: Userdata requested: RandomBackground
[20-23-33] [SYSTEM_IO]: Userdata requested: FullScreen
[20-23-33] [SYSTEM_IO]: Userdata requested: Name
[20-23-33] [SYSTEM_IO]: Userdata requested: Foreground
[20-23-33] [SYSTEM_IO]: Userdata requested: Foreground
[20-23-33] [SYSTEM_IO]: Userdata requested: FullScreen
[20-23-33] [SYSTEM_IO]: Userdata requested: FullScreen
[20-23-33] [SYSTEM_IO]: Userdata requested: Foreground
[20-23-33] [SYSTEM_IO]: Userdata requested: Font
[20-23-33] [SYSTEM_IO]: Userdata requested: OutputBorder
[20-23-33] [SYSTEM_IO]: Userdata requested: FullScreen
[20-23-33] [SYSTEM_IO]: Userdata requested: InputBorder
[20-23-33] [SYSTEM_IO]: Userdata requested: Foreground
[20-23-33] [SYSTEM_IO]: Userdata requested: Foreground
[20-23-33] [SYSTEM_IO]: Userdata requested: Foreground
[20-23-33] [SYSTEM_IO]: Userdata requested: Font
[20-23-33] [SYSTEM_IO]: Userdata requested: OutputFill
[20-23-33] [SYSTEM_IO]: Userdata requested: InputFill
[20-23-33] [SYSTEM_IO]: Userdata requested: consolepinned
[20-23-33] [SYSTEM_IO]: Userdata requested: consolepinned
[20-23-33] [ACTION]: CyderFrame disposed with fastclose: true, CyderFrame: Component name = [cyder.ui.CyderFrame], bounds = [(1503, 214, 600, 600)], hash = [486575687], parentFrame = [Object itself is the top level frame], associated text = [No getText() method found], tooltip text = [No getTooltipText() method found], title = [Cyder Splash]
[20-23-33] [ACTION]: Console loaded in 3658ms
[20-23-33] [SYSTEM_IO]: Userdata requested: windowlocx
[20-23-33] [SYSTEM_IO]: Userdata requested: windowlocy
[20-23-33] [SYSTEM_IO]: Userdata requested: DebugWindows
[20-23-33] [ENTRY]: [TESTING MODE]
[20-23-33] [SYSTEM_IO]: Userdata requested: laststart
[20-23-33] [SYSTEM_IO]: Userdata requested: IntroMusic
[20-23-33] [ACTION]: [Stellar Cyder [Nathan]] [NOTIFICATION] Console loaded in 3658ms
[20-23-34] [SYSTEM_IO]: Userdata requested: persistentnotifications
[20-23-45] [SYSTEM_IO]: Userdata requested: Name
[20-23-45] [ACTION]: [Path] [NOTIFICATION] Sorry, Nathan, but you're not allowed to rename the background you are currently using
[20-23-45] [SYSTEM_IO]: Userdata requested: persistentnotifications
[20-23-48] [ACTION]: Component name = [cyder.ui.DragLabel], bounds = [(2, 2, 603, 28)], hash = [1675822770], parentFrame = [Path], associated text = [No getText() method found], tooltip text = [No getTooltipText() method found], title = [No getTitle() method found]
[20-23-48] [ACTION]: CyderFrame disposed with fastclose: false, CyderFrame: Component name = [cyder.ui.CyderFrame], bounds = [(1157, 338, 607, 800)], hash = [824618691], parentFrame = [Object itself is the top level frame], associated text = [No getText() method found], tooltip text = [No getTooltipText() method found], title = [Path]
[20-23-48] [SYSTEM_IO]: Userdata requested: closeanimation
[20-23-49] [ACTION]: Component name = [cyder.ui.DragLabel], bounds = [(2, 2, 896, 28)], hash = [1820945039], parentFrame = [Edit User], associated text = [No getText() method found], tooltip text = [No getTooltipText() method found], title = [No getTitle() method found]
[20-23-49] [ACTION]: CyderFrame disposed with fastclose: false, CyderFrame: Component name = [cyder.ui.CyderFrame], bounds = [(1011, 448, 900, 580)], hash = [1434554555], parentFrame = [Object itself is the top level frame], associated text = [No getText() method found], tooltip text = [No getTooltipText() method found], title = [Edit User]
[20-23-49] [SYSTEM_IO]: Userdata requested: OutputBorder
[20-23-49] [SYSTEM_IO]: Userdata requested: InputBorder
[20-23-49] [SYSTEM_IO]: Userdata requested: FullScreen
[20-23-49] [SYSTEM_IO]: Userdata requested: FullScreen
[20-23-49] [SYSTEM_IO]: Userdata requested: ClockOnConsole
[20-23-49] [SYSTEM_IO]: Userdata requested: OutputFill
[20-23-49] [SYSTEM_IO]: Userdata requested: InputFill
[20-23-49] [SYSTEM_IO]: Userdata requested: closeanimation
[20-23-51] [SYSTEM_IO]: Userdata requested: Name
[20-23-51] [LOGOUT]: [Nathan]
[20-23-51] [ACTION]: CyderFrame disposed with fastclose: false, CyderFrame: Component name = [cyder.ui.ConsoleFrame], bounds = [(1061, 212, 800, 1053)], hash = [2032169857], parentFrame = [Object itself is the top level frame], associated text = [No getText() method found], tooltip text = [No getTooltipText() method found], title = [Stellar Cyder [Nathan]]
[20-23-51] [ACTION]: CyderFrame disposed with fastclose: false, CyderFrame: Component name = [cyder.ui.CyderFrame], bounds = [(1503, 214, 600, 600)], hash = [486575687], parentFrame = [Object itself is the top level frame], associated text = [No getText() method found], tooltip text = [No getTooltipText() method found], title = [Cyder Splash]
[20-23-51] [SYSTEM_IO]: Userdata requested: closeanimation
[20-23-51] [ACTION]: CyderFrame disposed with fastclose: false, CyderFrame: Component name = [cyder.ui.ConsoleFrame], bounds = [(1061, 212, 800, 1053)], hash = [2032169857], parentFrame = [Object itself is the top level frame], associated text = [No getText() method found], tooltip text = [No getTooltipText() method found], title = [Stellar Cyder [Nathan]]
[20-23-51] [ACTION]: CyderFrame disposed with fastclose: false, CyderFrame: Component name = [cyder.ui.CyderFrame], bounds = [(1011, -572, 900, 580)], hash = [1434554555], parentFrame = [Object itself is the top level frame], associated text = [No getText() method found], tooltip text = [No getTooltipText() method found], title = [Edit User]
[20-23-51] [SYSTEM_IO]: Userdata requested: closeanimation
[20-23-51] [ACTION]: CyderFrame disposed with fastclose: false, CyderFrame: Component name = [cyder.ui.CyderFrame], bounds = [(1157, -787, 607, 800)], hash = [824618691], parentFrame = [Object itself is the top level frame], associated text = [No getText() method found], tooltip text = [No getTooltipText() method found], title = [Path]
[20-23-51] [SYSTEM_IO]: Userdata requested: OutputBorder
[20-23-51] [SYSTEM_IO]: Userdata requested: InputBorder
[20-23-51] [SYSTEM_IO]: Userdata requested: FullScreen
[20-23-51] [SYSTEM_IO]: Userdata requested: FullScreen
[20-23-51] [SYSTEM_IO]: Userdata requested: ClockOnConsole
[20-23-51] [SYSTEM_IO]: Userdata requested: OutputFill
[20-23-51] [SYSTEM_IO]: Userdata requested: InputFill
[20-23-52] [ACTION]: CyderFrame disposed with fastclose: true, CyderFrame: Component name = [cyder.ui.CyderFrame], bounds = [(1503, 214, 600, 600)], hash = [486575687], parentFrame = [Object itself is the top level frame], associated text = [No getText() method found], tooltip text = [No getTooltipText() method found], title = [Cyder Splash]
[20-23-54] [ACTION]: Component name = [cyder.ui.DragLabel], bounds = [(2, 2, 596, 28)], hash = [953570385], parentFrame = [Cyder Login [Stellar Build]], associated text = [No getText() method found], tooltip text = [No getTooltipText() method found], title = [No getTitle() method found]
[20-23-54] [ACTION]: CyderFrame disposed with fastclose: false, CyderFrame: Component name = [cyder.handlers.internal.LoginHandler], bounds = [(980, 496, 600, 400)], hash = [1319127712], parentFrame = [Object itself is the top level frame], associated text = [No getText() method found], tooltip text = [No getTooltipText() method found], title = [Cyder Login [Stellar Build]]
[20-23-54] [SYSTEM_IO]: Userdata requested: closeanimation
[20-23-54] [EXIT]: [RUNTIME] 24s
[20-23-54] [EOL]: Log completed, exiting Cyder with exit code: 25 [Genesis Controlled Exit], exceptions thrown: 0
