[21-26-14] [ENTRY]: [Nathan]
[21-26-14] [SYSTEM_IO]: System data pared in IOUtil's static block
[21-26-16] [JAVA ARGS]: [LOCATION] [La casa de Nathan]
[21-26-16] [LOGIN]: [AUTOCYPHER ATTEMPT]
[21-26-16] [LOGIN]: [AUTOCYPHER PASS, e5a50641-21d1-3654-b738-c0e4b2dc61b1]
[21-26-17] [SYSTEM_IO]: Userdata requested: Name
[21-26-17] [SYSTEM_IO]: Userdata requested: RandomBackground
[21-26-17] [SYSTEM_IO]: Userdata requested: FullScreen
[21-26-18] [SYSTEM_IO]: Userdata requested: Name
[21-26-18] [SYSTEM_IO]: Userdata requested: Foreground
[21-26-18] [SYSTEM_IO]: Userdata requested: Foreground
[21-26-18] [SYSTEM_IO]: Userdata requested: FullScreen
[21-26-18] [SYSTEM_IO]: Userdata requested: FullScreen
[21-26-18] [SYSTEM_IO]: Userdata requested: Foreground
[21-26-18] [SYSTEM_IO]: Userdata requested: Font
[21-26-18] [SYSTEM_IO]: Userdata requested: OutputBorder
[21-26-18] [SYSTEM_IO]: Userdata requested: FullScreen
[21-26-18] [SYSTEM_IO]: Userdata requested: InputBorder
[21-26-18] [SYSTEM_IO]: Userdata requested: Foreground
[21-26-18] [SYSTEM_IO]: Userdata requested: Foreground
[21-26-18] [SYSTEM_IO]: Userdata requested: Foreground
[21-26-18] [SYSTEM_IO]: Userdata requested: Font
[21-26-18] [SYSTEM_IO]: Userdata requested: OutputFill
[21-26-18] [SYSTEM_IO]: Userdata requested: InputFill
[21-26-18] [SYSTEM_IO]: Userdata requested: consolepinned
[21-26-18] [SYSTEM_IO]: Userdata requested: consolepinned
[21-26-19] [ACTION]: CyderFrame disposed with fastclose: true, CyderFrame: Component name = [cyder.ui.CyderFrame], bounds = [(980, 396, 600, 600)], hash = [39201740], parentFrame = [Object itself is the top level frame], associated text = [No getText() method found], tooltip text = [No getTooltipText() method found], title = [Cyder Splash]
[21-26-19] [ACTION]: Console loaded in 4966ms
[21-26-19] [SYSTEM_IO]: Userdata requested: windowlocx
[21-26-19] [SYSTEM_IO]: Userdata requested: windowlocy
[21-26-19] [SYSTEM_IO]: Userdata requested: DebugWindows
[21-26-19] [ENTRY]: [TESTING MODE]
[21-26-19] [SYSTEM_IO]: Userdata requested: laststart
[21-26-19] [SYSTEM_IO]: Userdata requested: IntroMusic
[21-26-19] [ACTION]: [Stellar Cyder [Nathan]] [NOTIFICATION] Console loaded in 4966ms
[21-26-19] [SYSTEM_IO]: Userdata requested: persistentnotifications
[21-26-33] [SYSTEM_IO]: Userdata requested: minimizeonclose
[21-26-33] [SYSTEM_IO]: Userdata requested: Name
[21-26-33] [LOGOUT]: [Nathan]
[21-26-33] [ACTION]: CyderFrame disposed with fastclose: false, CyderFrame: Component name = [cyder.ui.ConsoleFrame], bounds = [(1633, 187, 746, 950)], hash = [1825719826], parentFrame = [Object itself is the top level frame], associated text = [No getText() method found], tooltip text = [No getTooltipText() method found], title = [Stellar Cyder [Nathan]]
[21-26-33] [SYSTEM_IO]: Userdata requested: closeanimation
[21-26-33] [SYSTEM_IO]: Userdata requested: Background
[21-26-34] [EXIT]: [RUNTIME] 20s
[21-26-34] [EOL]: Log completed, exiting Cyder with exit code: 25 [Genesis Controlled Exit], exceptions thrown: 0
