[22-01-35] [ENTRY]: [Nathan]
[22-01-35] [SYSTEM_IO]: System data pared in IOUtil's static block
[22-01-37] [LOGIN]: [AUTOCYPHER ATTEMPT]
[22-01-37] [JAVA ARGS]: [LOCATION] [La casa de Nathan]
[22-01-38] [LOGIN]: [AUTOCYPHER PASS, e5a50641-21d1-3654-b738-c0e4b2dc61b1]
[22-01-38] [SYSTEM_IO]: Userdata requested: Name
[22-01-38] [SYSTEM_IO]: Userdata requested: RandomBackground
[22-01-38] [SYSTEM_IO]: Userdata requested: FullScreen
[22-01-39] [SYSTEM_IO]: Userdata requested: Name
[22-01-39] [SYSTEM_IO]: Userdata requested: Foreground
[22-01-39] [SYSTEM_IO]: Userdata requested: Foreground
[22-01-39] [SYSTEM_IO]: Userdata requested: FullScreen
[22-01-39] [SYSTEM_IO]: Userdata requested: FullScreen
[22-01-39] [SYSTEM_IO]: Userdata requested: Foreground
[22-01-39] [SYSTEM_IO]: Userdata requested: Font
[22-01-39] [SYSTEM_IO]: Userdata requested: OutputBorder
[22-01-39] [SYSTEM_IO]: Userdata requested: FullScreen
[22-01-39] [SYSTEM_IO]: Userdata requested: InputBorder
[22-01-39] [SYSTEM_IO]: Userdata requested: Foreground
[22-01-39] [SYSTEM_IO]: Userdata requested: Foreground
[22-01-39] [SYSTEM_IO]: Userdata requested: Foreground
[22-01-39] [SYSTEM_IO]: Userdata requested: Font
[22-01-39] [SYSTEM_IO]: Userdata requested: OutputFill
[22-01-39] [SYSTEM_IO]: Userdata requested: InputFill
[22-01-39] [SYSTEM_IO]: Userdata requested: consolepinned
[22-01-39] [SYSTEM_IO]: Userdata requested: consolepinned
[22-01-40] [ACTION]: CyderFrame disposed with fastclose: true, CyderFrame: Component name = [cyder.ui.CyderFrame], bounds = [(980, 396, 600, 600)], hash = [1154490278], parentFrame = [Object itself is the top level frame], associated text = [No getText() method found], tooltip text = [No getTooltipText() method found], title = [Cyder Splash]
[22-01-40] [ACTION]: Console loaded in 5215ms
[22-01-40] [SYSTEM_IO]: Userdata requested: windowlocx
[22-01-40] [SYSTEM_IO]: Userdata requested: windowlocy
[22-01-40] [SYSTEM_IO]: Userdata requested: DebugWindows
[22-01-40] [ENTRY]: [TESTING MODE]
[22-01-40] [ACTION]: [Stellar Cyder [Nathan]] [NOTIFICATION] Console loaded in 5215ms
[22-01-40] [SYSTEM_IO]: Userdata requested: laststart
[22-01-40] [SYSTEM_IO]: Userdata requested: IntroMusic
[22-01-40] [SYSTEM_IO]: Userdata requested: persistentnotifications
[22-02-30] [SYSTEM_IO]: Userdata requested: minimizeonclose
[22-02-30] [SYSTEM_IO]: Userdata requested: Name
[22-02-30] [LOGOUT]: [Nathan]
[22-02-30] [ACTION]: CyderFrame disposed with fastclose: false, CyderFrame: Component name = [cyder.ui.ConsoleFrame], bounds = [(673, 269, 746, 950)], hash = [1237912220], parentFrame = [Object itself is the top level frame], associated text = [No getText() method found], tooltip text = [No getTooltipText() method found], title = [Stellar Cyder [Nathan]]
[22-02-30] [SYSTEM_IO]: Userdata requested: closeanimation
[22-02-30] [SYSTEM_IO]: Userdata requested: Background
[22-02-31] [EXIT]: [RUNTIME] 56s
[22-02-31] [EOL]: Log completed, exiting Cyder with exit code: 25 [Genesis Controlled Exit], exceptions thrown: 0
