[22-23-56] [ENTRY]: [Nathan]
[22-23-56] [SYSTEM_IO]: System data pared in IOUtil's static block
[22-23-58] [JAVA ARGS]: [LOCATION] [La casa de Nathan]
[22-23-59] [LOGIN]: [AUTOCYPHER ATTEMPT]
[22-24-01] [LOGIN]: [AUTOCYPHER PASS, e5a50641-21d1-3654-b738-c0e4b2dc61b1]
[22-24-01] [SYSTEM_IO]: Userdata requested: Name
[22-24-02] [SYSTEM_IO]: Userdata requested: RandomBackground
[22-24-02] [SYSTEM_IO]: Userdata requested: FullScreen
[22-24-02] [SYSTEM_IO]: Userdata requested: Name
[22-24-02] [SYSTEM_IO]: Userdata requested: Foreground
[22-24-02] [SYSTEM_IO]: Userdata requested: Foreground
[22-24-02] [SYSTEM_IO]: Userdata requested: FullScreen
[22-24-02] [SYSTEM_IO]: Userdata requested: FullScreen
[22-24-02] [SYSTEM_IO]: Userdata requested: Foreground
[22-24-02] [SYSTEM_IO]: Userdata requested: Font
[22-24-02] [SYSTEM_IO]: Userdata requested: OutputBorder
[22-24-02] [SYSTEM_IO]: Userdata requested: FullScreen
[22-24-02] [SYSTEM_IO]: Userdata requested: InputBorder
[22-24-02] [SYSTEM_IO]: Userdata requested: Foreground
[22-24-02] [SYSTEM_IO]: Userdata requested: Foreground
[22-24-02] [SYSTEM_IO]: Userdata requested: Foreground
[22-24-02] [SYSTEM_IO]: Userdata requested: Font
[22-24-02] [SYSTEM_IO]: Userdata requested: OutputFill
[22-24-02] [SYSTEM_IO]: Userdata requested: InputFill
[22-24-02] [SYSTEM_IO]: Userdata requested: consolepinned
[22-24-02] [SYSTEM_IO]: Userdata requested: consolepinned
[22-24-02] [ACTION]: CyderFrame disposed with fastclose: true, CyderFrame: Component name = [cyder.ui.CyderFrame], bounds = [(980, 396, 600, 600)], hash = [556359542], parentFrame = [Object itself is the top level frame], associated text = [No getText() method found], tooltip text = [No getTooltipText() method found], title = [Cyder Splash]
[22-24-02] [ACTION]: Console loaded in 6115ms
[22-24-02] [SYSTEM_IO]: Userdata requested: windowlocx
[22-24-02] [SYSTEM_IO]: Userdata requested: windowlocy
[22-24-02] [SYSTEM_IO]: Userdata requested: DebugWindows
[22-24-02] [ENTRY]: [TESTING MODE]
[22-24-02] [SYSTEM_IO]: Userdata requested: laststart
[22-24-02] [SYSTEM_IO]: Userdata requested: IntroMusic
[22-24-02] [ACTION]: [Stellar Cyder [Nathan]] [NOTIFICATION] Console loaded in 6115ms
[22-24-03] [SYSTEM_IO]: Userdata requested: persistentnotifications
[22-24-12] [ACTION]: Component name = [cyder.ui.DragLabel], bounds = [(2, 2, 396, 28)], hash = [177832120], parentFrame = [Suggestion], associated text = [No getText() method found], tooltip text = [No getTooltipText() method found], title = [No getTitle() method found]
[22-24-12] [ACTION]: CyderFrame disposed with fastclose: false, CyderFrame: Component name = [cyder.ui.CyderFrame], bounds = [(1320, 383, 400, 170)], hash = [136694384], parentFrame = [Object itself is the top level frame], associated text = [No getText() method found], tooltip text = [No getTooltipText() method found], title = [Suggestion]
[22-24-12] [ACTION]: CyderFrame disposed with fastclose: false, CyderFrame: Component name = [cyder.ui.CyderFrame], bounds = [(1320, 383, 400, 170)], hash = [136694384], parentFrame = [Object itself is the top level frame], associated text = [No getText() method found], tooltip text = [No getTooltipText() method found], title = [Suggestion]
[22-24-12] [ACTION]: Component name = [cyder.ui.CyderButton], bounds = [(40, 100, 320, 40)], hash = [1691100121], parentFrame = [Suggestion], associated text = [Submit], tooltip text = [No getTooltipText() method found], title = [No getTitle() method found]
[22-24-12] [SYSTEM_IO]: Userdata requested: closeanimation
[22-24-12] [SYSTEM_IO]: Userdata requested: closeanimation
[22-24-18] [SYSTEM_IO]: Userdata requested: minimizeonclose
[22-24-18] [SYSTEM_IO]: Userdata requested: Name
[22-24-18] [LOGOUT]: [Nathan]
[22-24-18] [ACTION]: CyderFrame disposed with fastclose: false, CyderFrame: Component name = [cyder.ui.ConsoleFrame], bounds = [(1305, 218, 1200, 675)], hash = [1485089044], parentFrame = [Object itself is the top level frame], associated text = [No getText() method found], tooltip text = [No getTooltipText() method found], title = [Stellar Cyder [Nathan]]
[22-24-18] [SYSTEM_IO]: Userdata requested: closeanimation
[22-24-18] [SYSTEM_IO]: Userdata requested: Background
[22-24-18] [EXIT]: [RUNTIME] 22s
[22-24-18] [EOL]: Log completed, exiting Cyder with exit code: 25 [Genesis Controlled Exit], exceptions thrown: 0
