[22-30-25] [ENTRY]: [Nathan]
[22-30-25] [SYSTEM_IO]: System data pared in IOUtil's static block
[22-30-27] [LOGIN]: [AUTOCYPHER ATTEMPT]
[22-30-27] [JAVA ARGS]: [LOCATION] [La casa de Nathan]
[22-30-27] [LOGIN]: [AUTOCYPHER PASS, e5a50641-21d1-3654-b738-c0e4b2dc61b1]
[22-30-27] [SYSTEM_IO]: Userdata requested: Name
[22-30-27] [SYSTEM_IO]: Userdata requested: RandomBackground
[22-30-27] [SYSTEM_IO]: Userdata requested: FullScreen
[22-30-28] [SYSTEM_IO]: Userdata requested: Name
[22-30-28] [SYSTEM_IO]: Userdata requested: Foreground
[22-30-28] [SYSTEM_IO]: Userdata requested: Foreground
[22-30-28] [SYSTEM_IO]: Userdata requested: FullScreen
[22-30-28] [SYSTEM_IO]: Userdata requested: FullScreen
[22-30-28] [SYSTEM_IO]: Userdata requested: Foreground
[22-30-28] [SYSTEM_IO]: Userdata requested: Font
[22-30-28] [SYSTEM_IO]: Userdata requested: OutputBorder
[22-30-28] [SYSTEM_IO]: Userdata requested: FullScreen
[22-30-28] [SYSTEM_IO]: Userdata requested: InputBorder
[22-30-28] [SYSTEM_IO]: Userdata requested: Foreground
[22-30-28] [SYSTEM_IO]: Userdata requested: Foreground
[22-30-28] [SYSTEM_IO]: Userdata requested: Foreground
[22-30-28] [SYSTEM_IO]: Userdata requested: Font
[22-30-28] [SYSTEM_IO]: Userdata requested: OutputFill
[22-30-28] [SYSTEM_IO]: Userdata requested: InputFill
[22-30-28] [SYSTEM_IO]: Userdata requested: consolepinned
[22-30-28] [SYSTEM_IO]: Userdata requested: consolepinned
[22-30-28] [ACTION]: CyderFrame disposed with fastclose: true, CyderFrame: Component name = [cyder.ui.CyderFrame], bounds = [(980, 396, 600, 600)], hash = [600180329], parentFrame = [Object itself is the top level frame], associated text = [No getText() method found], tooltip text = [No getTooltipText() method found], title = [Cyder Splash]
[22-30-28] [ACTION]: Console loaded in 2793ms
[22-30-28] [SYSTEM_IO]: Userdata requested: windowlocx
[22-30-28] [SYSTEM_IO]: Userdata requested: windowlocy
[22-30-28] [SYSTEM_IO]: Userdata requested: DebugWindows
[22-30-28] [ENTRY]: [TESTING MODE]
[22-30-28] [SYSTEM_IO]: Userdata requested: laststart
[22-30-28] [SYSTEM_IO]: Userdata requested: IntroMusic
[22-30-28] [ACTION]: [Stellar Cyder [Nathan]] [NOTIFICATION] Console loaded in 2793ms
[22-30-28] [SYSTEM_IO]: Userdata requested: persistentnotifications
[22-30-31] [SYSTEM_IO]: Userdata requested: minimizeonclose
[22-30-31] [SYSTEM_IO]: Userdata requested: Name
[22-30-31] [LOGOUT]: [Nathan]
[22-30-31] [ACTION]: CyderFrame disposed with fastclose: false, CyderFrame: Component name = [cyder.ui.ConsoleFrame], bounds = [(1305, 218, 1200, 675)], hash = [959629210], parentFrame = [Object itself is the top level frame], associated text = [No getText() method found], tooltip text = [No getTooltipText() method found], title = [Stellar Cyder [Nathan]]
[22-30-31] [SYSTEM_IO]: Userdata requested: Background
[22-30-31] [SYSTEM_IO]: Userdata requested: closeanimation
[22-30-32] [EXIT]: [RUNTIME] 6s
[22-30-32] [EOL]: Log completed, exiting Cyder with exit code: 25 [Genesis Controlled Exit], exceptions thrown: 0
