[17-30-26] [ENTRY]: [Nathan]
[17-30-27] [THREAD STARTED]: Singular Cyder Instance Ensurer
[17-30-27] [THREAD STARTED]: Splash Loader
[17-30-28] [THREAD STARTED]: Splash Animation
[17-30-28] [DEBUG]: Method annotated with @Widget is not named showGUI(); name: Birthday2021
[17-30-28] [DEBUG]: Method annotated with @Widget is not named showGUI(); name: Christmas2021
[17-30-28] [DEBUG]: Method annotated with @Widget is not named showGUI(); name: FathersDay2021
[17-30-28] [DEBUG]: Method annotated with @Widget is not named showGUI(); name: Christmas2020
[17-30-28] [THREAD STARTED]: Cyder Start Secondary Subroutines
[17-30-28] [LOGIN]: [AUTOCYPHER ATTEMPT]
[17-30-28] [JAVA ARGS]: [LOCATION] [La casa de Nathan]
[17-30-28] [ACTION]: Requested deletion of: C:\Users\Nathan\Documents\IntelliJava\Cyder\dynamic\tmp
[17-30-28] [ACTION]: [DELETION FAILED] C:\Users\Nathan\Documents\IntelliJava\Cyder\dynamic\tmp
[17-30-29] [LOGIN]: [[AUTOCYPHER PASS]: e5a50641-21d1-3654-b738-c0e4b2dc61b1]
[17-30-29] [SYSTEM_IO]: Userdata requested: RandomBackground
[17-30-29] [SYSTEM_IO]: Userdata requested: FullScreen
[17-30-29] [SYSTEM_IO]: Userdata requested: fullscreen
[17-30-29] [SYSTEM_IO]: Userdata requested: FullScreen [2x]
[17-30-29] [THREAD STARTED]: Console Printing Animation
[17-30-29] [SYSTEM_IO]: Userdata requested: OutputBorder
[17-30-29] [SYSTEM_IO]: Userdata requested: FullScreen
[17-30-29] [SYSTEM_IO]: Userdata requested: InputBorder
[17-30-29] [THREAD STARTED]: Console Input Caret Position Updater
[17-30-29] [SYSTEM_IO]: Userdata requested: OutputFill
[17-30-29] [SYSTEM_IO]: Userdata requested: InputFill
[17-30-29] [THREAD STARTED]: High Ping Checker
[17-30-29] [THREAD STARTED]: Hourly Chime Checker
[17-30-29] [THREAD STARTED]: Console Clock Updater
[17-30-29] [THREAD STARTED]: Cyder Busy Checker
[17-30-29] [THREAD STARTED]: ConsoleFrame Data Saver
[17-30-30] [ACTION]: Console loaded in 3358ms
[17-30-30] [THREAD STARTED]: Component name = [cyder.ui.ConsoleFrame], bounds = [(1541, 130, 996, 655)], hash = [1431556341], parentFrame = [Object itself is the top level frame], associated text = [No getText() method found], tooltip text = [No getTooltipText() method found], title = [Insomnia Cyder [Nathan]] notification queue checker
[17-30-30] [ACTION]: CyderFrame disposed with fastclose: true, CyderFrame: Component name = [cyder.ui.CyderFrame], bounds = [(980, 396, 600, 600)], hash = [1228800977], parentFrame = [Object itself is the top level frame], associated text = [No getText() method found], tooltip text = [No getTooltipText() method found], title = [Cyder Splash]
[17-30-30] [THREAD STARTED]: Cyder Splash CyderFrame dispose thread
[17-30-30] [SYSTEM_IO]: Userdata requested: DebugWindows
[17-30-30] [ENTRY]: [TESTING MODE]
[17-30-30] [SYSTEM_IO]: Userdata requested: laststart
[17-30-30] [ACTION]: [Insomnia Cyder [Nathan]] [NOTIFICATION] Console loaded in 3358ms
[17-30-30] [THREAD STARTED]: notification appear animation
[17-30-30] [SYSTEM_IO]: Userdata requested: persistentnotifications
[17-30-30] [THREAD STARTED]: Notificaiton vanish animater -760131842
[17-30-34] [CLIENT]: testerjester
[17-30-34] [SYSTEM_IO]: Userdata requested: filterchat
[17-30-34] [THREAD STARTED]: YouTube Download Progress Updater
[17-30-34] [HANDLE]: GENERAL COMMAND HANDLED
[17-30-34] [HANDLE]: PRIMARY HANDLE
[17-30-34] [CONSOLE_OUT]: [JCOMPONENT] Component name = [cyder.ui.CyderProgressBar], bounds = [(0, 0, 400, 40)], hash = [1090556197], parentFrame = [No associated frame], associated text = [No getText() method found], tooltip text = [No getTooltipText() method found], title = [No getTitle() method found]
[17-30-34] [CONSOLE_OUT]: [STRING]
[17-30-37] [CONSOLE_OUT]: [STRING] Download size: 6.60MiB
[17-32-14] [SYSTEM_IO]: Created temperatory file: 17-32-14.stacktrace
[17-32-14] [EXCEPTION]:
Exception origin: cyder.handlers.internal.InputHandler.lambda$generalCommandCheck$12(InputHandler.java:1368)
From line: 1368
Trace: java.lang.NullPointerException
at cyder.handlers.internal.InputHandler.lambda$generalCommandCheck$12(InputHandler.java:1368)
at java.base/java.lang.Thread.run(Thread.java:844)
[17-32-14] [SYSTEM_IO]: Userdata requested: SilenceErrors
[17-33-31] [EOL]: Log completed, Cyder crashed unexpectedly: exit code: -9 External Stop, exceptions thrown: 1
