[22-18-29] [ENTRY]: [Nathan]
[22-18-29] [THREAD STARTED]: Singular Cyder Instance Ensurer
[22-18-30] [THREAD STARTED]: Splash Loader
[22-18-30] [THREAD STARTED]: Splash Animation
[22-18-31] [DEBUG]: Method annotated with @Widget is not named showGUI(); name: Christmas2020
[22-18-31] [DEBUG]: Method annotated with @Widget is not named showGUI(); name: Birthday2021
[22-18-31] [DEBUG]: Method annotated with @Widget is not named showGUI(); name: FathersDay2021
[22-18-31] [DEBUG]: Method annotated with @Widget is not named showGUI(); name: Christmas2021
[22-18-31] [THREAD STARTED]: Cyder Start Secondary Subroutines
[22-18-31] [LOGIN]: [AUTOCYPHER ATTEMPT]
[22-18-31] [JAVA ARGS]: [LOCATION] [La casa de Nathan]
[22-18-31] [ACTION]: Requested deletion of: C:\Users\Nathan\Documents\IntelliJava\Cyder\dynamic\tmp
[22-18-31] [ACTION]: [DELETION FAILED] C:\Users\Nathan\Documents\IntelliJava\Cyder\dynamic\tmp
[22-18-31] [LOGIN]: [[AUTOCYPHER PASS]: e5a50641-21d1-3654-b738-c0e4b2dc61b1]
[22-18-31] [SYSTEM_IO]: Userdata requested: RandomBackground
[22-18-31] [SYSTEM_IO]: Userdata requested: FullScreen
[22-18-31] [SYSTEM_IO]: Userdata requested: fullscreen
[22-18-31] [SYSTEM_IO]: Userdata requested: FullScreen [2x]
[22-18-31] [THREAD STARTED]: Console Printing Animation
[22-18-31] [SYSTEM_IO]: Userdata requested: OutputBorder
[22-18-31] [SYSTEM_IO]: Userdata requested: FullScreen
[22-18-31] [SYSTEM_IO]: Userdata requested: InputBorder
[22-18-31] [THREAD STARTED]: Console Input Caret Position Updater
[22-18-31] [SYSTEM_IO]: Userdata requested: OutputFill
[22-18-31] [SYSTEM_IO]: Userdata requested: InputFill
[22-18-31] [THREAD STARTED]: High Ping Checker
[22-18-31] [THREAD STARTED]: Hourly Chime Checker
[22-18-31] [THREAD STARTED]: Console Clock Updater
[22-18-31] [THREAD STARTED]: Cyder Busy Checker
[22-18-31] [THREAD STARTED]: ConsoleFrame Data Saver
[22-18-32] [ACTION]: Console loaded in 2751ms
[22-18-32] [THREAD STARTED]: Component name = [cyder.ui.ConsoleFrame], bounds = [(1393, 130, 996, 655)], hash = [937277082], parentFrame = [Object itself is the top level frame], associated text = [No getText() method found], tooltip text = [No getTooltipText() method found], title = [Insomnia Cyder [Nathan]] notification queue checker
[22-18-32] [ACTION]: CyderFrame disposed with fastclose: true, CyderFrame: Component name = [cyder.ui.CyderFrame], bounds = [(980, 396, 600, 600)], hash = [1137612180], parentFrame = [Object itself is the top level frame], associated text = [No getText() method found], tooltip text = [No getTooltipText() method found], title = [Cyder Splash]
[22-18-32] [THREAD STARTED]: Cyder Splash CyderFrame dispose thread
[22-18-32] [SYSTEM_IO]: Userdata requested: DebugWindows
[22-18-32] [ENTRY]: [TESTING MODE]
[22-18-32] [SYSTEM_IO]: Userdata requested: laststart
[22-18-32] [ACTION]: [Insomnia Cyder [Nathan]] [NOTIFICATION] Console loaded in 2751ms
[22-18-32] [THREAD STARTED]: notification appear animation
[22-18-32] [SYSTEM_IO]: Userdata requested: persistentnotifications
[22-18-32] [THREAD STARTED]: Notificaiton vanish animater -170906351
[22-18-35] [CLIENT]: testerjester
[22-18-35] [SYSTEM_IO]: Userdata requested: filterchat
[22-18-35] [THREAD STARTED]: YouTube Download Progress Updater
[22-18-35] [HANDLE]: GENERAL COMMAND HANDLED
[22-18-35] [HANDLE]: PRIMARY HANDLE
[22-18-36] [CONSOLE_OUT]: [JCOMPONENT] Component name = [cyder.ui.CyderProgressBar], bounds = [(0, 0, 400, 40)], hash = [910414823], parentFrame = [No associated frame], associated text = [No getText() method found], tooltip text = [No getTooltipText() method found], title = [No getTitle() method found]
[22-18-36] [CONSOLE_OUT]: [STRING]
[22-18-38] [CONSOLE_OUT]: [STRING] Download size: 1.31MiB
[22-19-04] [CONSOLE_OUT]: [STRING] Downloading complete: saved as Funk Bros intro  panthurr - i love u..mp3
[22-20-27] [EOL]: Log completed, Cyder crashed unexpectedly: exit code: -9 External Stop, exceptions thrown: 0
