[22-22-23] [ENTRY]: [Nathan]
[22-22-23] [THREAD STARTED]: Singular Cyder Instance Ensurer
[22-22-24] [THREAD STARTED]: Splash Loader
[22-22-24] [THREAD STARTED]: Splash Animation
[22-22-25] [DEBUG]: Method annotated with @Widget is not named showGUI(); name: Birthday2021
[22-22-25] [DEBUG]: Method annotated with @Widget is not named showGUI(); name: FathersDay2021
[22-22-25] [DEBUG]: Method annotated with @Widget is not named showGUI(); name: Christmas2021
[22-22-25] [DEBUG]: Method annotated with @Widget is not named showGUI(); name: Christmas2020
[22-22-25] [THREAD STARTED]: Cyder Start Secondary Subroutines
[22-22-25] [LOGIN]: [AUTOCYPHER ATTEMPT]
[22-22-25] [JAVA ARGS]: [LOCATION] [La casa de Nathan]
[22-22-25] [ACTION]: Requested deletion of: C:\Users\Nathan\Documents\IntelliJava\Cyder\dynamic\tmp
[22-22-25] [ACTION]: [DELETION FAILED] C:\Users\Nathan\Documents\IntelliJava\Cyder\dynamic\tmp
[22-22-25] [LOGIN]: [[AUTOCYPHER PASS]: e5a50641-21d1-3654-b738-c0e4b2dc61b1]
[22-22-25] [SYSTEM_IO]: Userdata requested: RandomBackground
[22-22-25] [SYSTEM_IO]: Userdata requested: FullScreen
[22-22-25] [SYSTEM_IO]: Userdata requested: fullscreen
[22-22-25] [SYSTEM_IO]: Userdata requested: FullScreen [2x]
[22-22-25] [THREAD STARTED]: Console Printing Animation
[22-22-25] [SYSTEM_IO]: Userdata requested: OutputBorder
[22-22-25] [SYSTEM_IO]: Userdata requested: FullScreen
[22-22-25] [SYSTEM_IO]: Userdata requested: InputBorder
[22-22-25] [THREAD STARTED]: Console Input Caret Position Updater
[22-22-25] [SYSTEM_IO]: Userdata requested: OutputFill
[22-22-25] [SYSTEM_IO]: Userdata requested: InputFill
[22-22-25] [THREAD STARTED]: High Ping Checker
[22-22-25] [THREAD STARTED]: Hourly Chime Checker
[22-22-25] [THREAD STARTED]: Console Clock Updater
[22-22-25] [THREAD STARTED]: Cyder Busy Checker
[22-22-25] [THREAD STARTED]: ConsoleFrame Data Saver
[22-22-26] [ACTION]: Console loaded in 2868ms
[22-22-26] [THREAD STARTED]: Component name = [cyder.ui.ConsoleFrame], bounds = [(1697, 130, 745, 655)], hash = [1930837320], parentFrame = [Object itself is the top level frame], associated text = [No getText() method found], tooltip text = [No getTooltipText() method found], title = [Insomnia Cyder [Nathan]] notification queue checker
[22-22-26] [ACTION]: CyderFrame disposed with fastclose: true, CyderFrame: Component name = [cyder.ui.CyderFrame], bounds = [(980, 396, 600, 600)], hash = [1133956281], parentFrame = [Object itself is the top level frame], associated text = [No getText() method found], tooltip text = [No getTooltipText() method found], title = [Cyder Splash]
[22-22-26] [THREAD STARTED]: Cyder Splash CyderFrame dispose thread
[22-22-26] [SYSTEM_IO]: Userdata requested: DebugWindows
[22-22-26] [ENTRY]: [TESTING MODE]
[22-22-26] [SYSTEM_IO]: Userdata requested: laststart
[22-22-26] [ACTION]: [Insomnia Cyder [Nathan]] [NOTIFICATION] Console loaded in 2868ms
[22-22-26] [THREAD STARTED]: notification appear animation
[22-22-26] [SYSTEM_IO]: Userdata requested: persistentnotifications
[22-22-26] [THREAD STARTED]: Notificaiton vanish animater 1315549149
[22-22-28] [CLIENT]: testerjester
[22-22-28] [SYSTEM_IO]: Userdata requested: filterchat
[22-22-28] [THREAD STARTED]: YouTube Download Progress Updater
[22-22-28] [HANDLE]: GENERAL COMMAND HANDLED
[22-22-28] [HANDLE]: PRIMARY HANDLE
[22-22-28] [CONSOLE_OUT]: [JCOMPONENT] Component name = [cyder.ui.CyderProgressBar], bounds = [(0, 0, 400, 40)], hash = [1767975700], parentFrame = [No associated frame], associated text = [No getText() method found], tooltip text = [No getTooltipText() method found], title = [No getTitle() method found]
[22-22-28] [CONSOLE_OUT]: [STRING]
[22-22-31] [CONSOLE_OUT]: [STRING] Download size: 1.31MiB
[22-27-21] [EOL]: Log completed, Cyder crashed unexpectedly: exit code: -9 External Stop, exceptions thrown: 0
