[22-58-36] [ENTRY]: [Nathan]
[22-58-36] [THREAD STARTED]: Singular Cyder Instance Ensurer
[22-58-37] [THREAD STARTED]: Splash Loader
[22-58-37] [THREAD STARTED]: Splash Animation
[22-58-38] [DEBUG]: Method annotated with @Widget is not named showGUI(); name: FathersDay2021
[22-58-38] [DEBUG]: Method annotated with @Widget is not named showGUI(); name: Christmas2020
[22-58-38] [DEBUG]: Method annotated with @Widget is not named showGUI(); name: Birthday2021
[22-58-38] [DEBUG]: Method annotated with @Widget is not named showGUI(); name: Christmas2021
[22-58-38] [THREAD STARTED]: Cyder Start Secondary Subroutines
[22-58-38] [LOGIN]: [AUTOCYPHER ATTEMPT]
[22-58-38] [JAVA ARGS]: [LOCATION] [La casa de Nathan]
[22-58-38] [ACTION]: Requested deletion of: C:\Users\Nathan\Documents\IntelliJava\Cyder\dynamic\tmp
[22-58-38] [ACTION]: [DELETION FAILED] C:\Users\Nathan\Documents\IntelliJava\Cyder\dynamic\tmp
[22-58-38] [LOGIN]: [[AUTOCYPHER PASS]: e5a50641-21d1-3654-b738-c0e4b2dc61b1]
[22-58-38] [SYSTEM_IO]: Userdata requested: RandomBackground
[22-58-38] [SYSTEM_IO]: Userdata requested: FullScreen
[22-58-38] [SYSTEM_IO]: Userdata requested: fullscreen
[22-58-38] [SYSTEM_IO]: Userdata requested: FullScreen [2x]
[22-58-38] [THREAD STARTED]: Console Printing Animation
[22-58-38] [SYSTEM_IO]: Userdata requested: OutputBorder
[22-58-38] [SYSTEM_IO]: Userdata requested: FullScreen
[22-58-38] [SYSTEM_IO]: Userdata requested: InputBorder
[22-58-38] [THREAD STARTED]: Console Input Caret Position Updater
[22-58-38] [SYSTEM_IO]: Userdata requested: OutputFill
[22-58-38] [SYSTEM_IO]: Userdata requested: InputFill
[22-58-38] [THREAD STARTED]: High Ping Checker
[22-58-38] [THREAD STARTED]: Hourly Chime Checker
[22-58-38] [THREAD STARTED]: Console Clock Updater
[22-58-38] [THREAD STARTED]: Cyder Busy Checker
[22-58-38] [THREAD STARTED]: ConsoleFrame Data Saver
[22-58-38] [ACTION]: Console loaded in 2478ms
[22-58-38] [THREAD STARTED]: Component name = [cyder.ui.ConsoleFrame], bounds = [(603, 217, 745, 655)], hash = [234740890], parentFrame = [Object itself is the top level frame], associated text = [No getText() method found], tooltip text = [No getTooltipText() method found], title = [Insomnia Cyder [Nathan]] notification queue checker
[22-58-38] [SYSTEM_IO]: Userdata requested: DebugWindows
[22-58-38] [ENTRY]: [TESTING MODE]
[22-58-38] [ACTION]: CyderFrame disposed with fastclose: true, CyderFrame: Component name = [cyder.ui.CyderFrame], bounds = [(980, 396, 600, 600)], hash = [417158031], parentFrame = [Object itself is the top level frame], associated text = [No getText() method found], tooltip text = [No getTooltipText() method found], title = [Cyder Splash]
[22-58-38] [SYSTEM_IO]: Userdata requested: laststart
[22-58-38] [THREAD STARTED]: Cyder Splash CyderFrame dispose thread
[22-58-39] [ACTION]: [Insomnia Cyder [Nathan]] [NOTIFICATION] Console loaded in 2478ms
[22-58-39] [THREAD STARTED]: notification appear animation
[22-58-39] [SYSTEM_IO]: Userdata requested: persistentnotifications
[22-58-39] [THREAD STARTED]: Notificaiton vanish animater 928167072
[22-58-44] [CLIENT]: testerjester
[22-58-44] [SYSTEM_IO]: Userdata requested: filterchat
[22-58-45] [THREAD STARTED]: YouTube-dl Waiter Thread
[22-58-45] [HANDLE]: GENERAL COMMAND HANDLED
[22-58-45] [HANDLE]: PRIMARY HANDLE
[22-58-45] [CONSOLE_OUT]: [JCOMPONENT] Component name = [cyder.ui.CyderProgressBar], bounds = [(0, 0, 400, 40)], hash = [1433999073], parentFrame = [No associated frame], associated text = [No getText() method found], tooltip text = [No getTooltipText() method found], title = [No getTitle() method found]
[22-58-45] [CONSOLE_OUT]: [STRING]
[22-58-47] [CONSOLE_OUT]: [STRING] Download size: 1.31MiB
[22-58-48] [CONSOLE_OUT]: [STRING] Download complete: saved as Funk Bros intro panthurr - i love u..mp3 and added to mp3 queue
[22-58-48] [WIDGET OPENED]: AUDIO PLAYER
[22-58-48] [THREAD STARTED]: Flash Player Audio Thread[Funk Bros intro panthurr - i love u.]
[22-58-49] [THREAD STARTED]: Flash Player scrolling title thread[Funk Bros intro panthurr - i love u.]
[22-58-49] [THREAD STARTED]: Flash Player Progress Thread[Funk Bros intro panthurr - i love u.]
[22-58-49] [ACTION]: [AUDIO PLAYER] Funk Bros intro panthurr - i love u..mp3
[22-58-49] [SYSTEM_IO]: Created temperatory file: 22-58-49.stacktrace
[22-58-49] [EXCEPTION]:
Exception origin: cyder.handlers.external.AudioPlayer.audioFileDuration(AudioPlayer.java:1491)
From line: 1491
Trace: java.lang.NullPointerException
at cyder.handlers.external.AudioPlayer.audioFileDuration(AudioPlayer.java:1491)
at cyder.handlers.external.AudioPlayer$AudioLocation.lambda$new$0(AudioPlayer.java:1261)
at java.base/java.lang.Thread.run(Thread.java:844)
[22-58-49] [THREAD STARTED]: Flash Player Audio Thread[Juice WRLD -  Lean Wit Me]
[22-58-49] [SYSTEM_IO]: Userdata requested: SilenceErrors
[22-58-49] [THREAD STARTED]: Flash Player Progress Thread[Juice WRLD -  Lean Wit Me]
[22-58-49] [ACTION]: [AUDIO PLAYER] Juice WRLD -  Lean Wit Me.mp3
[22-58-53] [THREAD STARTED]: Flash Player Audio Thread[Twillzzz - Lord Please]
[22-58-53] [THREAD STARTED]: Flash Player Progress Thread[Twillzzz - Lord Please]
[22-58-53] [ACTION]: [AUDIO PLAYER] Twillzzz - Lord Please.mp3
[22-58-54] [THREAD STARTED]: Flash Player Audio Thread[Eric Reprid - June Blues]
[22-58-54] [THREAD STARTED]: Flash Player Progress Thread[Eric Reprid - June Blues]
[22-58-54] [ACTION]: [AUDIO PLAYER] Eric Reprid - June Blues.mp3
[22-58-54] [THREAD STARTED]: Flash Player Audio Thread[Eric Reprid - Lukewarm (feat. alexa)]
[22-58-54] [THREAD STARTED]: Flash Player scrolling title thread[Eric Reprid - Lukewarm (feat. alexa)]
[22-58-54] [THREAD STARTED]: Flash Player Progress Thread[Eric Reprid - Lukewarm (feat. alexa)]
[22-58-54] [ACTION]: [AUDIO PLAYER] Eric Reprid - Lukewarm (feat. alexa).mp3
[22-58-55] [THREAD STARTED]: Flash Player Audio Thread[Funk Bros intro panthurr - i love u.]
[22-58-55] [THREAD STARTED]: Flash Player scrolling title thread[Funk Bros intro panthurr - i love u.]
[22-58-55] [THREAD STARTED]: Flash Player Progress Thread[Funk Bros intro panthurr - i love u.]
[22-58-55] [ACTION]: [AUDIO PLAYER] Funk Bros intro panthurr - i love u..mp3
[22-58-55] [SYSTEM_IO]: Created temperatory file: 22-58-55.stacktrace
[22-58-55] [EXCEPTION]:
Exception origin: cyder.handlers.external.AudioPlayer.audioFileDuration(AudioPlayer.java:1491)
From line: 1491
Trace: java.lang.NullPointerException
at cyder.handlers.external.AudioPlayer.audioFileDuration(AudioPlayer.java:1491)
at cyder.handlers.external.AudioPlayer$AudioLocation.lambda$new$0(AudioPlayer.java:1261)
at java.base/java.lang.Thread.run(Thread.java:844)
[22-58-55] [SYSTEM_IO]: Userdata requested: SilenceErrors
[22-58-55] [THREAD STARTED]: Flash Player Audio Thread[Juice WRLD -  Lean Wit Me]
[22-58-55] [THREAD STARTED]: Flash Player Progress Thread[Juice WRLD -  Lean Wit Me]
[22-58-55] [ACTION]: [AUDIO PLAYER] Juice WRLD -  Lean Wit Me.mp3
[22-58-58] [SYSTEM_IO]: Userdata requested: minimizeonclose
[22-58-58] [ACTION]: CyderFrame disposed with fastclose: false, CyderFrame: Component name = [cyder.ui.ConsoleFrame], bounds = [(937, 762, 745, 655)], hash = [234740890], parentFrame = [Object itself is the top level frame], associated text = [No getText() method found], tooltip text = [No getTooltipText() method found], title = [Insomnia Cyder [Nathan]]
[22-58-58] [THREAD STARTED]: Insomnia Cyder [Nathan] CyderFrame dispose thread
[22-58-58] [SYSTEM_IO]: Userdata requested: closeanimation
[22-58-58] [EXIT]: [RUNTIME] 22s
[22-58-58] [EOL]: Log completed, exiting Cyder with exit code: 0 [Genesis Controlled Exit], exceptions thrown: 2
