          _____                _____                    _____                    _____                    _____
         /\    \              |\    \                  /\    \                  /\    \                  /\    \
        /::\    \             |:\____\                /::\    \                /::\    \                /::\    \
       /::::\    \            |::|   |               /::::\    \              /::::\    \              /::::\    \
      /::::::\    \           |::|   |              /::::::\    \            /::::::\    \            /::::::\    \
     /:::/\:::\    \          |::|   |             /:::/\:::\    \          /:::/\:::\    \          /:::/\:::\    \
    /:::/  \:::\    \         |::|   |            /:::/  \:::\    \        /:::/__\:::\    \        /:::/__\:::\    \
   /:::/    \:::\    \        |::|   |           /:::/    \:::\    \      /::::\   \:::\    \      /::::\   \:::\    \
  /:::/    / \:::\    \       |::|___|______    /:::/    / \:::\    \    /::::::\   \:::\    \    /::::::\   \:::\    \
 /:::/    /   \:::\    \      /::::::::\    \  /:::/    /   \:::\ ___\  /:::/\:::\   \:::\    \  /:::/\:::\   \:::\____\
/:::/____/     \:::\____\    /::::::::::\____\/:::/____/     \:::|    |/:::/__\:::\   \:::\____\/:::/  \:::\   \:::|    |
\:::\    \      \::/    /   /:::/~~~~/~~      \:::\    \     /:::|____|\:::\   \:::\   \::/    /\::/   |::::\  /:::|____|
 \:::\    \      \/____/   /:::/    /          \:::\    \   /:::/    /  \:::\   \:::\   \/____/  \/____|:::::\/:::/    /
  \:::\    \              /:::/    /            \:::\    \ /:::/    /    \:::\   \:::\    \            |:::::::::/    /
   \:::\    \            /:::/    /              \:::\    /:::/    /      \:::\   \:::\____\           |::|\::::/    /
    \:::\    \           \::/    /                \:::\  /:::/    /        \:::\   \::/    /           |::| \::/____/
     \:::\    \           \/____/                  \:::\/:::/    /          \:::\   \/____/            |::|  ~|
      \:::\    \                                    \::::::/    /            \:::\    \                |::|   |
       \:::\____\                                    \::::/    /              \:::\____\               \::|   |
        \::/    /                                     \::/____/                \::/    /                \:|   |
         \/____/                                       ~~                       \/____/                  \|___|


[20-50-43.173] [ENTRY]: Nathan
[20-50-43.113] [DEBUG]: Loaded 131 static resources
[20-50-43.133] [DEBUG]: Loaded 16 static folders
[20-50-43.146] [DEBUG]: Found prop file: props\propkeys.ini
[20-50-43.146] [DEBUG]: Found prop file: props\props.ini
[20-50-43.157] [PROP LOADED]: [key = map_quest_api_key]
[20-50-43.157] [PROP LOADED]: [key = youtube_api_3_key]
[20-50-43.157] [PROP LOADED]: [key = ip_key]
[20-50-43.157] [PROP LOADED]: [key = weather_key]
[20-50-43.157] [PROP LOADED]: [key = debug_hash_name, value = Nathan]
[20-50-43.157] [PROP LOADED]: [key = debug_hash_password, value = 571b100a3b69f7b09828c0b61d325b15e52c512c14fdcf6d248f7c
               a733d0a7f6]
[20-50-43.160] [PROP LOADED]: [key = default_weather_location, value = Austin,Tx,USA]
[20-50-43.160] [PROP LOADED]: [key = ignore_data, value = typinganimation,showseconds,roundedwindows,windowcolor
               ,audiolength,capsmode,typingsound,showbusyicon,clockonconsole,consoleclockformat]
[20-50-43.160] [PROP LOADED]: [key = font_metric, value = 1]
[20-50-43.160] [PROP LOADED]: [key = max_font_size, value = 50]
[20-50-43.160] [PROP LOADED]: [key = min_font_size, value = 25]
[20-50-43.160] [PROP LOADED]: [key = released, value = false]
[20-50-43.160] [PROP LOADED]: [key = version, value = Liminal]
[20-50-43.161] [PROP LOADED]: [key = release_date, value = 22.7.4]
[20-50-43.161] [PROP LOADED]: [key = components_relocatable, value = false]
[20-50-43.161] [PROP LOADED]: [key = testing_mode, value = true]
[20-50-43.161] [PROP LOADED]: [key = autocypher, value = true]
[20-50-43.161] [PROP LOADED]: [key = dispose_splash, value = true]
[20-50-43.161] [PROP LOADED]: [key = wipe_logs_on_start, value = false]
[20-50-43.161] [PROP LOADED]: [key = activate_watchdog, value = false]
[20-50-43.162] [PROP LOADED]: [key = ffmpeg_audio_output_format, value = mp3]
[20-50-43.162] [PROP LOADED]: [key = printing_animation_char_timeout, value = 8]
[20-50-43.162] [PROP LOADED]: [key = printing_animation_line_timeout, value = 100]
[20-50-43.162] [PROP LOADED]: [key = ui_scale, value = 1]
[20-50-43.162] [PROP LOADED]: [key = auto_trigger_similar_commands, value = true]
[20-50-43.162] [PROP LOADED]: [key = auto_trigger_similar_command_tolerance, value = 0.95]
[20-50-43.162] [PROP LOADED]: [key = latency_ip, value = 172.217.4.78]
[20-50-43.162] [PROP LOADED]: [key = latency_port, value = 80]
[20-50-43.162] [PROP LOADED]: [key = latency_name, value = Google]
[20-50-43.163] [PROP LOADED]: [key = props_reloadable, value = false]
[20-50-43.170] [DEBUG]: Jar mode set as: FALSE
[20-50-43.232] [THREAD STARTED]: Object Creation Logger
[20-50-43.559] [DEBUG]: Watchdog skipped
[20-50-43.563] [LOADING MESSAGE]: Registering fonts
[20-50-43.911] [FONT LOADED]: agency-fb
[20-50-43.913] [FONT LOADED]: arial-black
[20-50-43.914] [FONT LOADED]: beyno
[20-50-43.916] [FONT LOADED]: condiment-regular
[20-50-43.917] [FONT LOADED]: prompt-bold
[20-50-43.919] [FONT LOADED]: segoe-ui-black
[20-50-43.920] [FONT LOADED]: tahoma
[20-50-43.920] [LOADING MESSAGE]: Ensuring singular instance
[20-50-43.925] [THREAD STARTED]: Singular Cyder Instance Ensurer
[20-50-43.927] [DEBUG]: Starting instance socket on port 5150
[20-50-44.437] [LOADING MESSAGE]: Ensuring OS is supported
[20-50-44.439] [LOADING MESSAGE]: Creating dynamics
[20-50-44.440] [SYSTEM IO]: Requested deletion of: C:\Users\Nathan\Documents\IntelliJava\Cyder\dynamic\tmp
[20-50-44.454] [LOADING MESSAGE]: Validating users
[20-50-44.567] [USER GET]: key = name, value = Nathan
[20-50-44.568] [USER GET]: key = foreground, value = f0f0f0
[20-50-44.568] [USER GET]: key = Font, value = Agency FB
[20-50-44.569] [USER GET]: key = background, value = 0f0f0f
[20-50-44.569] [USER GET]: key = outputborder, value = 0
[20-50-44.570] [USER GET]: key = filterchat, value = 0
[20-50-44.570] [USER GET]: key = pass, value = 1b0a051deaadc2e793bfe185cd81a74b9c56f75bd713f28507d1abd99332a28
[20-50-44.570] [USER GET]: key = intromusic, value = 0
[20-50-44.571] [USER GET]: key = debugwindows, value = 0
[20-50-44.571] [USER GET]: key = outputfill, value = 0
[20-50-44.572] [USER GET]: key = inputfill, value = 0
[20-50-44.573] [USER GET]: key = hourlychimes, value = 1
[20-50-44.573] [USER GET]: key = minimizeonclose, value = 0
[20-50-44.574] [USER GET]: key = laststart, value = 1662082772151
[20-50-44.575] [USER GET]: key = fontsize, value = 27
[20-50-44.575] [USER GET]: key = inputborder, value = 0
[20-50-44.576] [USER GET]: key = silenceerrors, value = 1
[20-50-44.576] [USER GET]: key = fullscreen, value = 0
[20-50-44.577] [USER GET]: key = doanimations, value = 1
[20-50-44.578] [USER GET]: key = wrapshell, value = 1
[20-50-44.579] [USER GET]: key = darkmode, value = 0
[20-50-44.579] [USER GET]: key = compacttextmode, value = 0
[20-50-44.580] [USER GET]: key = youtubeuuid, value = aaaaaaaaaiI
[20-50-44.580] [USER GET]: key = loggedin, value = 1
[20-50-44.581] [USER GET]: key = randombackground, value = 0
[20-50-44.582] [USER GET]: key = persistentnotifications, value = 0
[20-50-44.582] [USER GET]: key = mappedexecutable, value = []
[20-50-44.607] [USER GET]: key = screenstat, value = ScreenStat{consoleX=1249, consoleY=361, consoleWidth=976,
               consoleHeight=685, monitor=0, consoleOnTop=false, consoleDirection=RIGHT}
[20-50-44.610] [USER GET]: key = mappedexecutable, value = []
[20-50-44.611] [USER GET]: key = screenstat, value = ScreenStat{consoleX=1249, consoleY=361, consoleWidth=976,
               consoleHeight=685, monitor=0, consoleOnTop=false, consoleDirection=RIGHT}
[20-50-44.624] [USER GET]: key = name, value = Nathan
[20-50-44.625] [LOADING MESSAGE]: Cleaning users
[20-50-44.631] [LOADING MESSAGE]: Validating props
[20-50-44.788] [LOADING MESSAGE]: Validating Widgets
[20-50-45.045] [LOADING MESSAGE]: Validating Tests
[20-50-45.048] [LOADING MESSAGE]: Validating Vanilla annotations
[20-50-45.057] [LOADING MESSAGE]: Validating Handles
[20-50-45.071] [THREAD STARTED]: Splash Loader
[20-50-45.072] [THREAD STARTED]: Sufficient Subroutine Executor
[20-50-45.075] [LOADING MESSAGE]: Logging JVM args
[20-50-45.077] [THREAD STARTED]: JVM Args Logger
[20-50-45.081] [DEBUG]: Set latency ip as 172.217.4.78
[20-50-45.082] [DEBUG]: Set latency port as 80
[20-50-45.083] [DEBUG]: Set latency host name as Google
[20-50-45.087] [LOADING MESSAGE]: Checking for an AutoCypher
[20-50-45.087] [LOGIN]: AutoCypher Attempt
[20-50-45.088] [LOADING MESSAGE]: Auto Cyphering
[20-50-45.092] [USER GET]: key = name, value = Nathan [2x]
[20-50-45.133] [USER GET]: key = pass, value = 1b0a051deaadc2e793bfe185cd81a74b9c56f75bd713f28507d1abd99332a28
[20-50-45.271] [USER GET]: key = darkmode, value = 0 [2x]
[20-50-45.320] [THREAD STARTED]: Splash Animation
[20-50-45.529] [UNIQUE OBJECT CREATED]: Console singleton constructed
[20-50-45.531] [USER GET]: key = name, value = Nathan
[20-50-45.723] [DEBUG]: Cyder Entry = AutoCypher
[20-50-45.724] [THREAD STARTED]: High Ping Checker
[20-50-45.769] [DEBUG]: Latency of Google found to be 42ms
[20-50-45.853] [USER GET]: key = name, value = Nathan
[20-50-45.854] [USER GET]: key = randombackground, value = 0
[20-50-46.001] [USER GET]: key = fullscreen, value = 0 [3x]
[20-50-46.001] [USER GET]: key = name, value = Nathan
[20-50-46.072] [USER GET]: key = foreground, value = f0f0f0 [3x]
[20-50-46.073] [USER GET]: key = Font, value = Agency FB
[20-50-46.074] [USER GET]: key = fontsize, value = 27
[20-50-46.092] [USER GET]: key = outputborder, value = 0
[20-50-46.093] [USER GET]: key = outputfill, value = 0
[20-50-46.116] [USER GET]: key = inputborder, value = 0
[20-50-46.119] [USER GET]: key = foreground, value = f0f0f0 [3x]
[20-50-46.120] [USER GET]: key = Font, value = Agency FB
[20-50-46.121] [USER GET]: key = fontsize, value = 27
[20-50-46.122] [USER GET]: key = inputfill, value = 0
[20-50-46.205] [THREAD STARTED]: Hourly Chime Checker
[20-50-46.207] [THREAD STARTED]: Console Clock Updater
[20-50-46.209] [THREAD STARTED]: Cyder Busy Checker
[20-50-46.214] [THREAD STARTED]: [Cyder Splash] dispose() animation thread
[20-50-46.215] [USER GET]: key = fullscreen, value = 0
[20-50-46.215] [USER GET]: key = screenstat, value = ScreenStat{consoleX=1249, consoleY=361, consoleWidth=976,
               consoleHeight=685, monitor=0, consoleOnTop=false, consoleDirection=RIGHT}
[20-50-46.220] [UI]: CyderFrame disposed with fastclose=true, getTitle=Cyder Splash
[20-50-46.253] [OBJECT CREATION]: Objects created since last delta (5000ms): 106
[20-50-46.390] [THREAD STARTED]: Console Printing Animation
[20-50-46.394] [THREAD STARTED]: Fixed Rate Scheduler, task=[Debug], rate=PT5S
[20-50-46.396] [CONSOLE OUT]: [STRING]: Console loaded in 3s 406ms
[20-50-46.399] [THREAD STARTED]: Debug
[20-50-46.434] [USER GET]: key = debugwindows, value = 0
[20-50-46.435] [CONSOLE LOADED]: [Nathan] [TESTING MODE]
[20-50-46.436] [THREAD STARTED]: Manual Tests Thread
[20-50-46.436] [USER GET]: key = laststart, value = 1662082772151
[20-50-46.437] [USER GET]: key = intromusic, value = 0
[20-50-47.692] [THREAD STARTED]: Splash Loading Label Updater
[20-50-49.655] [USER GET]: key = background, value = 0f0f0f
[20-50-49.941] [USER GET]: key = outputborder, value = 0
[20-50-51.262] [OBJECT CREATION]: Objects created since last delta (5000ms): 2
[20-50-51.403] [THREAD STARTED]: Debug
[20-50-52.901] [USER GET]: key = minimizeonclose, value = 0
[20-50-52.901] [USER GET]: key = screenstat, value = ScreenStat{consoleX=1249, consoleY=361, consoleWidth=976,
               consoleHeight=685, monitor=0, consoleOnTop=false, consoleDirection=RIGHT}
[20-50-52.907] [USER GET]: key = fullscreen, value = 0
[20-50-52.907] [THREAD STARTED]: [Liminal Cyder [Nathan]] dispose() animation thread
[20-50-52.908] [UI]: CyderFrame disposed with fastclose=false, getTitle=Liminal Cyder [Nathan]
[20-50-52.908] [USER GET]: key = doanimations, value = 1
[20-50-53.190] [EXIT]: [RUNTIME] 10s 120ms
[20-50-53.191] [EOL]: Log completed, exiting Cyder with exit code: 0 [Genesis Controlled Exit], no exceptions thrown,
               total objects created: 108
