[18-50-12] [ENTRY]: [Nathan]
[18-50-12] [SYSTEM_IO]: System data pared in IOUtil's static block
[18-50-14] [LOGIN]: [AUTOCYPHER ATTEMPT]
[18-50-14] [JAVA ARGS]: [LOCATION] [La casa de Nathan]
[18-50-15] [LOGIN]: [AUTOCYPHER PASS, e5a50641-21d1-3654-b738-c0e4b2dc61b1]
[18-50-15] [SYSTEM_IO]: Userdata requested: Name
[18-50-16] [SYSTEM_IO]: Userdata requested: RandomBackground
[18-50-16] [SYSTEM_IO]: Userdata requested: FullScreen
[18-50-16] [SYSTEM_IO]: Userdata requested: Name
[18-50-16] [SYSTEM_IO]: Userdata requested: Foreground
[18-50-16] [SYSTEM_IO]: Userdata requested: Foreground
[18-50-16] [SYSTEM_IO]: Userdata requested: FullScreen
[18-50-16] [SYSTEM_IO]: Userdata requested: FullScreen
[18-50-16] [SYSTEM_IO]: Userdata requested: Foreground
[18-50-16] [SYSTEM_IO]: Userdata requested: Font
[18-50-16] [SYSTEM_IO]: Userdata requested: OutputBorder
[18-50-16] [SYSTEM_IO]: Userdata requested: FullScreen
[18-50-16] [SYSTEM_IO]: Userdata requested: InputBorder
[18-50-16] [SYSTEM_IO]: Userdata requested: Foreground
[18-50-16] [SYSTEM_IO]: Userdata requested: Foreground
[18-50-16] [SYSTEM_IO]: Userdata requested: Foreground
[18-50-16] [SYSTEM_IO]: Userdata requested: Font
[18-50-16] [SYSTEM_IO]: Userdata requested: OutputFill
[18-50-16] [SYSTEM_IO]: Userdata requested: InputFill
[18-50-16] [ACTION]: CyderFrame disposed with fastclose: true, CyderFrame: Component name = [cyder.ui.CyderFrame], bounds = [(1392, 292, 600, 600)], hash = [926105276], parentFrame = [Object itself is the top level frame], associated text = [No getText() method found], tooltip text = [No getTooltipText() method found], title = [Cyder Splash]
[18-50-16] [ACTION]: Console loaded in 4396ms
[18-50-16] [SYSTEM_IO]: Userdata requested: DebugWindows
[18-50-16] [ENTRY]: [TESTING MODE]
[18-50-16] [SYSTEM_IO]: Userdata requested: laststart
[18-50-16] [SYSTEM_IO]: Userdata requested: IntroMusic
[18-50-17] [ACTION]: [Stellar Cyder [Nathan]] [NOTIFICATION] Console loaded in 4396ms
[18-50-17] [SYSTEM_IO]: Userdata requested: persistentnotifications
[EXTERNAL STOP] Cyder was force closed by an external entity such as an IDE stop or the OS' Task Manager
