[22-00-42] [ENTRY]: [Nathan]
[22-00-42] [SYSTEM_IO]: System data pared in IOUtil's static block
[22-00-43] [LOGIN]: [AUTOCYPHER ATTEMPT]
[22-00-43] [JAVA ARGS]: [LOCATION] [La casa de Nathan]
[22-00-43] [LOGIN]: [AUTOCYPHER PASS, e5a50641-21d1-3654-b738-c0e4b2dc61b1]
[22-00-44] [EXCEPTION]: 
Width (0) and height (0) must be > 0
Thrown from:
java.desktop/java.awt.image.SampleModel.<init>(SampleModel.java:126)
StackTrace:
java.lang.IllegalArgumentException: Width (0) and height (0) must be > 0
	at java.desktop/java.awt.image.SampleModel.<init>(SampleModel.java:126)
	at java.desktop/java.awt.image.ComponentSampleModel.<init>(ComponentSampleModel.java:140)
	at java.desktop/java.awt.image.PixelInterleavedSampleModel.<init>(PixelInterleavedSampleModel.java:87)
	at java.desktop/java.awt.image.Raster.createInterleavedRaster(Raster.java:642)
	at java.desktop/java.awt.image.Raster.createInterleavedRaster(Raster.java:278)
	at java.desktop/java.awt.image.BufferedImage.<init>(BufferedImage.java:376)
	at cyder.utilities.ImageUtil.resizeImage(ImageUtil.java:278)
	at cyder.ui.ConsoleFrame.resizeBackgrounds(ConsoleFrame.java:1727)
	at cyder.ui.ConsoleFrame.start(ConsoleFrame.java:116)
	at cyder.handlers.internal.LoginHandler.recognize(LoginHandler.java:428)
	at cyder.handlers.internal.LoginHandler.autoCypher(LoginHandler.java:475)
	at cyder.handlers.internal.LoginHandler.beginLogin(LoginHandler.java:361)
	at cyder.genesis.Cyder.main(Cyder.java:79)
[22-00-44] [SYSTEM_IO]: Userdata requested: Name
[EXTERNAL STOP] Cyder was force closed by an external entity such as an IDE stop or the OS' Task Manager
