          _____                _____                    _____                    _____                    _____
         /\    \              |\    \                  /\    \                  /\    \                  /\    \
        /::\    \             |:\____\                /::\    \                /::\    \                /::\    \
       /::::\    \            |::|   |               /::::\    \              /::::\    \              /::::\    \
      /::::::\    \           |::|   |              /::::::\    \            /::::::\    \            /::::::\    \
     /:::/\:::\    \          |::|   |             /:::/\:::\    \          /:::/\:::\    \          /:::/\:::\    \
    /:::/  \:::\    \         |::|   |            /:::/  \:::\    \        /:::/__\:::\    \        /:::/__\:::\    \
   /:::/    \:::\    \        |::|   |           /:::/    \:::\    \      /::::\   \:::\    \      /::::\   \:::\    \
  /:::/    / \:::\    \       |::|___|______    /:::/    / \:::\    \    /::::::\   \:::\    \    /::::::\   \:::\    \
 /:::/    /   \:::\    \      /::::::::\    \  /:::/    /   \:::\ ___\  /:::/\:::\   \:::\    \  /:::/\:::\   \:::\____\
/:::/____/     \:::\____\    /::::::::::\____\/:::/____/     \:::|    |/:::/__\:::\   \:::\____\/:::/  \:::\   \:::|    |
\:::\    \      \::/    /   /:::/~~~~/~~      \:::\    \     /:::|____|\:::\   \:::\   \::/    /\::/   |::::\  /:::|____|
 \:::\    \      \/____/   /:::/    /          \:::\    \   /:::/    /  \:::\   \:::\   \/____/  \/____|:::::\/:::/    /
  \:::\    \              /:::/    /            \:::\    \ /:::/    /    \:::\   \:::\    \            |:::::::::/    /
   \:::\    \            /:::/    /              \:::\    /:::/    /      \:::\   \:::\____\           |::|\::::/    /
    \:::\    \           \::/    /                \:::\  /:::/    /        \:::\   \::/    /           |::| \::/____/
     \:::\    \           \/____/                  \:::\/:::/    /          \:::\   \/____/            |::|  ~|
      \:::\    \                                    \::::::/    /            \:::\    \                |::|   |
       \:::\____\                                    \::::/    /              \:::\____\               \::|   |
        \::/    /                                     \::/____/                \::/    /                \:|   |
         \/____/                                       ~~                       \/____/                  \|___|


[14-33-27.620] [ENTRY]: Nathan
[14-33-27.561] [DEBUG]: Loaded 131 static resources
[14-33-27.585] [DEBUG]: Loaded 16 static folders
[14-33-27.599] [DEBUG]: Found prop file: props\propkeys.ini
[14-33-27.599] [DEBUG]: Found prop file: props\props.ini
[14-33-27.611] [PROP LOADED]: [key = map_quest_api_key]
[14-33-27.611] [PROP LOADED]: [key = youtube_api_3_key]
[14-33-27.611] [PROP LOADED]: [key = ip_key]
[14-33-27.611] [PROP LOADED]: [key = weather_key]
[14-33-27.611] [PROP LOADED]: [key = debug_hash_name, value = Nathan]
[14-33-27.611] [PROP LOADED]: [key = debug_hash_password, value = 571b100a3b69f7b09828c0b61d325b15e52c512c14fdcf6d248f7c
               a733d0a7f6]
[14-33-27.612] [PROP LOADED]: [key = default_weather_location, value = Austin,Tx,USA]
[14-33-27.612] [PROP LOADED]: [key = ignore_data, value = typinganimation,showseconds,roundedwindows,windowcolor
               ,audiolength,capsmode,typingsound,showbusyicon,clockonconsole,consoleclockformat]
[14-33-27.613] [PROP LOADED]: [key = font_metric, value = 1]
[14-33-27.613] [PROP LOADED]: [key = max_font_size, value = 50]
[14-33-27.613] [PROP LOADED]: [key = min_font_size, value = 25]
[14-33-27.613] [PROP LOADED]: [key = released, value = false]
[14-33-27.613] [PROP LOADED]: [key = version, value = Liminal]
[14-33-27.613] [PROP LOADED]: [key = release_date, value = 22.7.4]
[14-33-27.613] [PROP LOADED]: [key = components_relocatable, value = false]
[14-33-27.613] [PROP LOADED]: [key = testing_mode, value = true]
[14-33-27.613] [PROP LOADED]: [key = autocypher, value = true]
[14-33-27.613] [PROP LOADED]: [key = dispose_splash, value = true]
[14-33-27.613] [PROP LOADED]: [key = wipe_logs_on_start, value = false]
[14-33-27.613] [PROP LOADED]: [key = activate_watchdog, value = false]
[14-33-27.613] [PROP LOADED]: [key = ffmpeg_audio_output_format, value = mp3]
[14-33-27.613] [PROP LOADED]: [key = printing_animation_char_timeout, value = 8]
[14-33-27.614] [PROP LOADED]: [key = printing_animation_line_timeout, value = 100]
[14-33-27.614] [PROP LOADED]: [key = ui_scale, value = 1]
[14-33-27.614] [PROP LOADED]: [key = auto_trigger_similar_commands, value = true]
[14-33-27.614] [PROP LOADED]: [key = auto_trigger_similar_command_tolerance, value = 0.95]
[14-33-27.614] [PROP LOADED]: [key = latency_ip, value = 172.217.4.78]
[14-33-27.614] [PROP LOADED]: [key = latency_port, value = 80]
[14-33-27.614] [PROP LOADED]: [key = latency_name, value = Google]
[14-33-27.614] [PROP LOADED]: [key = props_reloadable, value = false]
[14-33-27.618] [DEBUG]: Jar mode set as: FALSE
[14-33-27.676] [THREAD STARTED]: Object Creation Logger
[14-33-27.959] [DEBUG]: Watchdog skipped
[14-33-27.964] [LOADING MESSAGE]: Registering fonts
[14-33-28.367] [FONT LOADED]: agency-fb
[14-33-28.368] [FONT LOADED]: arial-black
[14-33-28.370] [FONT LOADED]: beyno
[14-33-28.371] [FONT LOADED]: condiment-regular
[14-33-28.373] [FONT LOADED]: prompt-bold
[14-33-28.374] [FONT LOADED]: segoe-ui-black
[14-33-28.375] [FONT LOADED]: tahoma
[14-33-28.376] [LOADING MESSAGE]: Ensuring singular instance
[14-33-28.377] [THREAD STARTED]: Singular Cyder Instance Ensurer
[14-33-28.379] [DEBUG]: Starting instance socket on port 5150
[14-33-28.882] [LOADING MESSAGE]: Ensuring OS is supported
[14-33-28.884] [LOADING MESSAGE]: Creating dynamics
[14-33-28.886] [SYSTEM IO]: Requested deletion of: C:\Users\Nathan\Documents\IntelliJava\Cyder\dynamic\tmp
[14-33-28.940] [LOADING MESSAGE]: Validating users
[14-33-29.141] [USER GET]: key = name, value = Nathan
[14-33-29.142] [USER GET]: key = foreground, value = f0f0f0
[14-33-29.143] [USER GET]: key = Font, value = Agency FB
[14-33-29.144] [USER GET]: key = background, value = 0f0f0f
[14-33-29.160] [USER GET]: key = screenstat, value = ScreenStat{consoleX=264, consoleY=61, consoleWidth=978, consoleHeight=662,
               monitor=0, consoleOnTop=true, consoleDirection=RIGHT}
[14-33-29.183] [USER GET]: key = mappedexecutable, value = []
[14-33-29.183] [USER GET]: key = loggedin, value = 1
[14-33-29.184] [USER GET]: key = intromusic, value = 0
[14-33-29.185] [USER GET]: key = debugwindows, value = 0
[14-33-29.185] [USER GET]: key = pass, value = 1b0a051deaadc2e793bfe185cd81a74b9c56f75bd713f28507d1abd99332a28
[14-33-29.186] [USER GET]: key = fontsize, value = 27
[14-33-29.187] [USER GET]: key = youtubeuuid, value = aaaaaaaaaiI
[14-33-29.188] [USER GET]: key = doanimations, value = 1
[14-33-29.189] [USER GET]: key = filterchat, value = 1
[14-33-29.190] [USER GET]: key = fullscreen, value = 0
[14-33-29.191] [USER GET]: key = darkmode, value = 0
[14-33-29.192] [USER GET]: key = wrapshell, value = 0
[14-33-29.192] [USER GET]: key = outputborder, value = 0
[14-33-29.193] [USER GET]: key = compacttextmode, value = 0
[14-33-29.194] [USER GET]: key = inputborder, value = 0
[14-33-29.195] [USER GET]: key = silenceerrors, value = 1
[14-33-29.195] [USER GET]: key = hourlychimes, value = 1
[14-33-29.197] [USER GET]: key = outputfill, value = 0
[14-33-29.197] [USER GET]: key = laststart, value = 1661628792057
[14-33-29.198] [USER GET]: key = minimizeonclose, value = 0
[14-33-29.198] [USER GET]: key = inputfill, value = 0
[14-33-29.199] [USER GET]: key = randombackground, value = 0
[14-33-29.200] [USER GET]: key = persistentnotifications, value = 0
[14-33-29.203] [USER GET]: key = mappedexecutable, value = []
[14-33-29.203] [USER GET]: key = screenstat, value = ScreenStat{consoleX=264, consoleY=61, consoleWidth=978, consoleHeight=662,
               monitor=0, consoleOnTop=true, consoleDirection=RIGHT}
[14-33-29.215] [USER GET]: key = name, value = Nathan
[14-33-29.215] [LOADING MESSAGE]: Cleaning users
[14-33-29.217] [LOADING MESSAGE]: Validating props
[14-33-29.372] [LOADING MESSAGE]: Validating Widgets
[14-33-29.811] [LOADING MESSAGE]: Validating Tests
[14-33-29.821] [LOADING MESSAGE]: Validating Vanilla annotations
[14-33-29.856] [LOADING MESSAGE]: Validating Handles
[14-33-29.888] [THREAD STARTED]: Splash Loader
[14-33-29.894] [THREAD STARTED]: Sufficient Subroutine Executor
[14-33-29.897] [LOADING MESSAGE]: Logging JVM args
[14-33-29.902] [THREAD STARTED]: JVM Args Logger
[14-33-29.923] [DEBUG]: Set latency ip as 172.217.4.78
[14-33-29.926] [DEBUG]: Set latency port as 80
[14-33-29.929] [DEBUG]: Set latency host name as Google
[14-33-29.943] [LOADING MESSAGE]: Checking for an AutoCypher
[14-33-29.943] [LOGIN]: AutoCypher Attempt
[14-33-29.948] [LOADING MESSAGE]: Auto Cyphering
[14-33-29.959] [USER GET]: key = name, value = Nathan [2x]
[14-33-30.109] [USER GET]: key = pass, value = 1b0a051deaadc2e793bfe185cd81a74b9c56f75bd713f28507d1abd99332a28
[14-33-30.264] [USER GET]: key = darkmode, value = 0 [2x]
[14-33-30.499] [UNIQUE OBJECT CREATED]: Console singleton constructed
[14-33-30.501] [USER GET]: key = name, value = Nathan
[14-33-30.519] [THREAD STARTED]: Splash Animation
[14-33-30.605] [EXCEPTION]:
               Exception origin: cyder.ui.CyderFrame.setVisible(CyderFrame.java:2715)
               From line: 2715
               Trace: java.lang.NullPointerException: Cannot invoke "cyder.ui.CyderDragLabel.refreshAlwaysOnTopBasedOnPinState()" because the return value of "cyder.ui.CyderFrame.getTopDragLabel()" is null
               at cyder.ui.CyderFrame.setVisible(CyderFrame.java:2715)
               at cyder.ui.CyderFrame.finalizeAndShow(CyderFrame.java:3582)
               at cyder.genesis.CyderSplash.lambda$showSplash$4(CyderSplash.java:348)
               at java.base/java.lang.Thread.run(Thread.java:833)
[14-33-30.689] [OBJECT CREATION]: Objects created since last delta (5000ms): 84
[14-33-30.733] [DEBUG]: Cyder Entry = AutoCypher
[14-33-30.735] [THREAD STARTED]: High Ping Checker
[14-33-30.806] [DEBUG]: Latency of Google found to be 64ms
[14-33-30.950] [USER GET]: key = darkmode, value = 0
[14-33-31.077] [DEBUG]: CyderFrame "No title found" was attempted to be set to invalid height: 78
[14-33-31.138] [UI]: [INFORMATION PANE] text = "Resizing the background image "Fabled.jpeg"", relativeTo = null
[14-33-31.258] [USER GET]: key = name, value = Nathan
[14-33-31.259] [USER GET]: key = randombackground, value = 0
[14-33-31.381] [USER GET]: key = fullscreen, value = 0 [3x]
[14-33-31.381] [USER GET]: key = name, value = Nathan
[14-33-31.461] [USER GET]: key = foreground, value = f0f0f0 [3x]
[14-33-31.462] [USER GET]: key = Font, value = Agency FB
[14-33-31.463] [USER GET]: key = fontsize, value = 27
[14-33-31.481] [USER GET]: key = outputborder, value = 0
[14-33-31.481] [USER GET]: key = outputfill, value = 0
[14-33-31.506] [USER GET]: key = inputborder, value = 0
[14-33-31.509] [USER GET]: key = foreground, value = f0f0f0 [3x]
[14-33-31.510] [USER GET]: key = Font, value = Agency FB
[14-33-31.511] [USER GET]: key = fontsize, value = 27
[14-33-31.512] [USER GET]: key = inputfill, value = 0
[14-33-31.616] [THREAD STARTED]: Hourly Chime Checker
[14-33-31.620] [THREAD STARTED]: Console Clock Updater
[14-33-31.627] [THREAD STARTED]: Cyder Busy Checker
[14-33-31.632] [THREAD STARTED]: [Cyder Splash] dispose() animation thread
[14-33-31.634] [USER GET]: key = fullscreen, value = 0
[14-33-31.635] [USER GET]: key = screenstat, value = ScreenStat{consoleX=264, consoleY=61, consoleWidth=978, consoleHeight=662,
               monitor=0, consoleOnTop=true, consoleDirection=RIGHT}
[14-33-31.637] [EXCEPTION]:
               Exception origin: java.base/jdk.internal.util.Preconditions.outOfBounds(Preconditions.java:64)
               From line: 64
               Trace: java.lang.IndexOutOfBoundsException: Index 0 out of bounds for length 0
               at java.base/jdk.internal.util.Preconditions.outOfBounds(Preconditions.java:64)
               at java.base/jdk.internal.util.Preconditions.outOfBoundsCheckIndex(Preconditions.java:70)
               at java.base/jdk.internal.util.Preconditions.checkIndex(Preconditions.java:266)
               at java.base/java.util.Objects.checkIndex(Objects.java:359)
               at java.base/java.util.ArrayList.get(ArrayList.java:427)
               at cyder.utils.NetworkUtil.getIspAndNetworkDetails(NetworkUtil.java:437)
               at cyder.utils.IOUtil.lambda$logArgs$0(IOUtil.java:142)
               at java.base/java.lang.Thread.run(Thread.java:833)
[14-33-31.639] [USER GET]: key = silenceerrors, value = 1
[14-33-31.641] [UI]: CyderFrame disposed with fastclose=true, getTitle=Cyder Splash
[14-33-31.857] [THREAD STARTED]: Console Printing Animation
[14-33-31.868] [CONSOLE OUT]: [STRING]: Console loaded in 4s 443ms
[14-33-31.913] [USER GET]: key = debugwindows, value = 0
[14-33-31.915] [CONSOLE LOADED]: [Nathan] [TESTING MODE]
[14-33-31.915] [THREAD STARTED]: Manual Tests Thread
[14-33-31.916] [USER GET]: key = laststart, value = 1661628792057
[14-33-31.917] [USER GET]: key = intromusic, value = 0
[14-33-32.824] [THREAD STARTED]: Splash Loading Label Updater
[14-33-35.709] [OBJECT CREATION]: Objects created since last delta (5000ms): 49
[14-33-38.510] [UI]: Component = CyderDragLabel, hash = -914560960, bounds = (2, 2, 355, 28), parent frame = System
               Action
[14-33-38.512] [THREAD STARTED]: [System Action] dispose() animation thread
[14-33-38.513] [UI]: CyderFrame disposed with fastclose=false, getTitle=System Action
[14-33-38.514] [USER GET]: key = doanimations, value = 1
[14-34-03.321] [USER GET]: key = minimizeonclose, value = 0
[14-34-03.322] [USER GET]: key = screenstat, value = ScreenStat{consoleX=264, consoleY=61, consoleWidth=978, consoleHeight=662,
               monitor=0, consoleOnTop=true, consoleDirection=RIGHT}
[14-34-03.332] [USER GET]: key = fullscreen, value = 0
[14-34-03.334] [THREAD STARTED]: [Liminal Cyder [Nathan]] dispose() animation thread
[14-34-03.335] [UI]: CyderFrame disposed with fastclose=false, getTitle=Liminal Cyder [Nathan]
[14-34-03.336] [USER GET]: key = doanimations, value = 1
[14-34-03.748] [EXIT]: [RUNTIME] 36s 234ms
[14-34-03.751] [EOL]: Log completed, exiting Cyder with exit code: 0 [Genesis Controlled Exit], exceptions thrown:
               2, total objects created: 133
