          _____                _____                    _____                    _____                    _____
         /\    \              |\    \                  /\    \                  /\    \                  /\    \
        /::\    \             |:\____\                /::\    \                /::\    \                /::\    \
       /::::\    \            |::|   |               /::::\    \              /::::\    \              /::::\    \
      /::::::\    \           |::|   |              /::::::\    \            /::::::\    \            /::::::\    \
     /:::/\:::\    \          |::|   |             /:::/\:::\    \          /:::/\:::\    \          /:::/\:::\    \
    /:::/  \:::\    \         |::|   |            /:::/  \:::\    \        /:::/__\:::\    \        /:::/__\:::\    \
   /:::/    \:::\    \        |::|   |           /:::/    \:::\    \      /::::\   \:::\    \      /::::\   \:::\    \
  /:::/    / \:::\    \       |::|___|______    /:::/    / \:::\    \    /::::::\   \:::\    \    /::::::\   \:::\    \
 /:::/    /   \:::\    \      /::::::::\    \  /:::/    /   \:::\ ___\  /:::/\:::\   \:::\    \  /:::/\:::\   \:::\____\
/:::/____/     \:::\____\    /::::::::::\____\/:::/____/     \:::|    |/:::/__\:::\   \:::\____\/:::/  \:::\   \:::|    |
\:::\    \      \::/    /   /:::/~~~~/~~      \:::\    \     /:::|____|\:::\   \:::\   \::/    /\::/   |::::\  /:::|____|
 \:::\    \      \/____/   /:::/    /          \:::\    \   /:::/    /  \:::\   \:::\   \/____/  \/____|:::::\/:::/    /
  \:::\    \              /:::/    /            \:::\    \ /:::/    /    \:::\   \:::\    \            |:::::::::/    /
   \:::\    \            /:::/    /              \:::\    /:::/    /      \:::\   \:::\____\           |::|\::::/    /
    \:::\    \           \::/    /                \:::\  /:::/    /        \:::\   \::/    /           |::| \::/____/
     \:::\    \           \/____/                  \:::\/:::/    /          \:::\   \/____/            |::|  ~|
      \:::\    \                                    \::::::/    /            \:::\    \                |::|   |
       \:::\____\                                    \::::/    /              \:::\____\               \::|   |
        \::/    /                                     \::/____/                \::/    /                \:|   |
         \/____/                                       ~~                       \/____/                  \|___|


[14-40-23.851] [ENTRY]: Nathan
[14-40-23.783] [DEBUG]: Loaded 131 static resources
[14-40-23.808] [DEBUG]: Loaded 16 static folders
[14-40-23.824] [DEBUG]: Found prop file: props\propkeys.ini
[14-40-23.824] [DEBUG]: Found prop file: props\props.ini
[14-40-23.840] [PROP LOADED]: [key = map_quest_api_key]
[14-40-23.840] [PROP LOADED]: [key = youtube_api_3_key]
[14-40-23.840] [PROP LOADED]: [key = ip_key]
[14-40-23.840] [PROP LOADED]: [key = weather_key]
[14-40-23.840] [PROP LOADED]: [key = debug_hash_name, value = Nathan]
[14-40-23.840] [PROP LOADED]: [key = debug_hash_password, value = 571b100a3b69f7b09828c0b61d325b15e52c512c14fdcf6d248f7c
               a733d0a7f6]
[14-40-23.841] [PROP LOADED]: [key = default_weather_location, value = Austin,Tx,USA]
[14-40-23.841] [PROP LOADED]: [key = ignore_data, value = typinganimation,showseconds,roundedwindows,windowcolor
               ,audiolength,capsmode,typingsound,showbusyicon,clockonconsole,consoleclockformat]
[14-40-23.841] [PROP LOADED]: [key = font_metric, value = 1]
[14-40-23.841] [PROP LOADED]: [key = max_font_size, value = 50]
[14-40-23.841] [PROP LOADED]: [key = min_font_size, value = 25]
[14-40-23.841] [PROP LOADED]: [key = released, value = false]
[14-40-23.841] [PROP LOADED]: [key = version, value = Liminal]
[14-40-23.841] [PROP LOADED]: [key = release_date, value = 22.7.4]
[14-40-23.841] [PROP LOADED]: [key = components_relocatable, value = false]
[14-40-23.841] [PROP LOADED]: [key = testing_mode, value = true]
[14-40-23.841] [PROP LOADED]: [key = autocypher, value = true]
[14-40-23.841] [PROP LOADED]: [key = dispose_splash, value = true]
[14-40-23.841] [PROP LOADED]: [key = wipe_logs_on_start, value = false]
[14-40-23.841] [PROP LOADED]: [key = activate_watchdog, value = false]
[14-40-23.843] [PROP LOADED]: [key = ffmpeg_audio_output_format, value = mp3]
[14-40-23.843] [PROP LOADED]: [key = printing_animation_char_timeout, value = 8]
[14-40-23.843] [PROP LOADED]: [key = printing_animation_line_timeout, value = 100]
[14-40-23.843] [PROP LOADED]: [key = ui_scale, value = 1]
[14-40-23.843] [PROP LOADED]: [key = auto_trigger_similar_commands, value = true]
[14-40-23.843] [PROP LOADED]: [key = auto_trigger_similar_command_tolerance, value = 0.95]
[14-40-23.843] [PROP LOADED]: [key = latency_ip, value = 172.217.4.78]
[14-40-23.843] [PROP LOADED]: [key = latency_port, value = 80]
[14-40-23.843] [PROP LOADED]: [key = latency_name, value = Google]
[14-40-23.843] [PROP LOADED]: [key = props_reloadable, value = false]
[14-40-23.849] [DEBUG]: Jar mode set as: FALSE
[14-40-23.913] [THREAD STARTED]: Object Creation Logger
[14-40-24.397] [DEBUG]: Watchdog skipped
[14-40-24.405] [LOADING MESSAGE]: Registering fonts
[14-40-24.811] [FONT LOADED]: agency-fb
[14-40-24.813] [FONT LOADED]: arial-black
[14-40-24.815] [FONT LOADED]: beyno
[14-40-24.817] [FONT LOADED]: condiment-regular
[14-40-24.818] [FONT LOADED]: prompt-bold
[14-40-24.821] [FONT LOADED]: segoe-ui-black
[14-40-24.822] [FONT LOADED]: tahoma
[14-40-24.823] [LOADING MESSAGE]: Ensuring singular instance
[14-40-24.826] [THREAD STARTED]: Singular Cyder Instance Ensurer
[14-40-24.828] [DEBUG]: Starting instance socket on port 5150
[14-40-25.340] [LOADING MESSAGE]: Ensuring OS is supported
[14-40-25.343] [LOADING MESSAGE]: Creating dynamics
[14-40-25.346] [SYSTEM IO]: Requested deletion of: C:\Users\Nathan\Documents\IntelliJava\Cyder\dynamic\tmp
[14-40-25.394] [LOADING MESSAGE]: Validating users
[14-40-25.695] [USER GET]: key = name, value = Nathan
[14-40-25.696] [USER GET]: key = minimizeonclose, value = 0
[14-40-25.697] [USER GET]: key = compacttextmode, value = 0
[14-40-25.697] [USER GET]: key = filterchat, value = 1
[14-40-25.699] [USER GET]: key = doanimations, value = 1
[14-40-25.699] [USER GET]: key = inputfill, value = 0
[14-40-25.700] [USER GET]: key = laststart, value = 1661629164539
[14-40-25.701] [USER GET]: key = youtubeuuid, value = aaaaaaaaaiI
[14-40-25.702] [USER GET]: key = outputfill, value = 0
[14-40-25.703] [USER GET]: key = wrapshell, value = 0
[14-40-25.705] [USER GET]: key = darkmode, value = 0
[14-40-25.727] [USER GET]: key = screenstat, value = ScreenStat{consoleX=290, consoleY=48, consoleWidth=978, consoleHeight=662,
               monitor=0, consoleOnTop=true, consoleDirection=RIGHT}
[14-40-25.764] [USER GET]: key = mappedexecutable, value = []
[14-40-25.766] [USER GET]: key = loggedin, value = 1
[14-40-25.767] [USER GET]: key = randombackground, value = 0
[14-40-25.768] [USER GET]: key = persistentnotifications, value = 0
[14-40-25.768] [USER GET]: key = pass, value = 1b0a051deaadc2e793bfe185cd81a74b9c56f75bd713f28507d1abd99332a28
[14-40-25.769] [USER GET]: key = fontsize, value = 27
[14-40-25.770] [USER GET]: key = inputborder, value = 0
[14-40-25.771] [USER GET]: key = hourlychimes, value = 1
[14-40-25.772] [USER GET]: key = intromusic, value = 0
[14-40-25.773] [USER GET]: key = silenceerrors, value = 1
[14-40-25.774] [USER GET]: key = outputborder, value = 0
[14-40-25.775] [USER GET]: key = debugwindows, value = 0
[14-40-25.776] [USER GET]: key = fullscreen, value = 0
[14-40-25.777] [USER GET]: key = foreground, value = f0f0f0
[14-40-25.778] [USER GET]: key = Font, value = Agency FB
[14-40-25.779] [USER GET]: key = background, value = 0f0f0f
[14-40-25.782] [USER GET]: key = mappedexecutable, value = []
[14-40-25.783] [USER GET]: key = screenstat, value = ScreenStat{consoleX=290, consoleY=48, consoleWidth=978, consoleHeight=662,
               monitor=0, consoleOnTop=true, consoleDirection=RIGHT}
[14-40-25.801] [USER GET]: key = name, value = Nathan
[14-40-25.802] [LOADING MESSAGE]: Cleaning users
[14-40-25.807] [LOADING MESSAGE]: Validating props
[14-40-26.095] [LOADING MESSAGE]: Validating Widgets
[14-40-26.558] [LOADING MESSAGE]: Validating Tests
[14-40-26.564] [LOADING MESSAGE]: Validating Vanilla annotations
[14-40-26.585] [LOADING MESSAGE]: Validating Handles
[14-40-26.605] [THREAD STARTED]: Splash Loader
[14-40-26.606] [THREAD STARTED]: Sufficient Subroutine Executor
[14-40-26.608] [LOADING MESSAGE]: Logging JVM args
[14-40-26.612] [THREAD STARTED]: JVM Args Logger
[14-40-26.625] [DEBUG]: Set latency ip as 172.217.4.78
[14-40-26.627] [DEBUG]: Set latency port as 80
[14-40-26.629] [DEBUG]: Set latency host name as Google
[14-40-26.633] [LOADING MESSAGE]: Checking for an AutoCypher
[14-40-26.634] [LOGIN]: AutoCypher Attempt
[14-40-26.635] [LOADING MESSAGE]: Auto Cyphering
[14-40-26.640] [USER GET]: key = name, value = Nathan [2x]
[14-40-26.698] [USER GET]: key = pass, value = 1b0a051deaadc2e793bfe185cd81a74b9c56f75bd713f28507d1abd99332a28
[14-40-26.878] [USER GET]: key = darkmode, value = 0 [2x]
[14-40-26.920] [OBJECT CREATION]: Objects created since last delta (5000ms): 60
[14-40-27.173] [UNIQUE OBJECT CREATED]: Console singleton constructed
[14-40-27.176] [USER GET]: key = name, value = Nathan
[14-40-27.191] [THREAD STARTED]: Splash Animation
[14-40-27.307] [EXCEPTION]:
               Exception origin: cyder.ui.CyderFrame.setVisible(CyderFrame.java:2715)
               From line: 2715
               Trace: java.lang.NullPointerException: Cannot invoke "cyder.ui.CyderDragLabel.refreshAlwaysOnTopBasedOnPinState()" because the return value of "cyder.ui.CyderFrame.getTopDragLabel()" is null
               at cyder.ui.CyderFrame.setVisible(CyderFrame.java:2715)
               at cyder.ui.CyderFrame.finalizeAndShow(CyderFrame.java:3582)
               at cyder.genesis.CyderSplash.lambda$showSplash$4(CyderSplash.java:348)
               at java.base/java.lang.Thread.run(Thread.java:833)
[14-40-27.417] [DEBUG]: Cyder Entry = AutoCypher
[14-40-27.419] [THREAD STARTED]: High Ping Checker
[14-40-27.483] [DEBUG]: Latency of Google found to be 61ms
[14-40-27.640] [USER GET]: key = darkmode, value = 0
[14-40-27.765] [DEBUG]: CyderFrame "No title found" was attempted to be set to invalid height: 78
[14-40-27.827] [UI]: [INFORMATION PANE] text = "Resizing the background image "Fabled.jpeg"", relativeTo = null
[14-40-27.949] [USER GET]: key = name, value = Nathan
[14-40-27.951] [USER GET]: key = randombackground, value = 0
[14-40-28.149] [USER GET]: key = fullscreen, value = 0 [3x]
[14-40-28.149] [USER GET]: key = name, value = Nathan
[14-40-28.226] [USER GET]: key = foreground, value = f0f0f0 [3x]
[14-40-28.229] [USER GET]: key = Font, value = Agency FB
[14-40-28.229] [USER GET]: key = fontsize, value = 27
[14-40-28.257] [USER GET]: key = outputborder, value = 0
[14-40-28.258] [USER GET]: key = outputfill, value = 0
[14-40-28.283] [USER GET]: key = inputborder, value = 0
[14-40-28.287] [USER GET]: key = foreground, value = f0f0f0 [3x]
[14-40-28.288] [USER GET]: key = Font, value = Agency FB
[14-40-28.288] [EXCEPTION]:
               Exception origin: java.base/jdk.internal.util.Preconditions.outOfBounds(Preconditions.java:64)
               From line: 64
               Trace: java.lang.IndexOutOfBoundsException: Index 0 out of bounds for length 0
               at java.base/jdk.internal.util.Preconditions.outOfBounds(Preconditions.java:64)
               at java.base/jdk.internal.util.Preconditions.outOfBoundsCheckIndex(Preconditions.java:70)
               at java.base/jdk.internal.util.Preconditions.checkIndex(Preconditions.java:266)
               at java.base/java.util.Objects.checkIndex(Objects.java:359)
               at java.base/java.util.ArrayList.get(ArrayList.java:427)
               at cyder.utils.NetworkUtil.getIspAndNetworkDetails(NetworkUtil.java:439)
               at cyder.utils.IOUtil.lambda$logArgs$0(IOUtil.java:142)
               at java.base/java.lang.Thread.run(Thread.java:833)
[14-40-28.289] [USER GET]: key = fontsize, value = 27
[14-40-28.289] [USER GET]: key = silenceerrors, value = 1
[14-40-28.291] [USER GET]: key = inputfill, value = 0
[14-40-28.385] [THREAD STARTED]: Hourly Chime Checker
[14-40-28.387] [THREAD STARTED]: Console Clock Updater
[14-40-28.390] [THREAD STARTED]: Cyder Busy Checker
[14-40-28.395] [THREAD STARTED]: [Cyder Splash] dispose() animation thread
[14-40-28.396] [USER GET]: key = fullscreen, value = 0
[14-40-30.423] [USER GET]: key = screenstat, value = ScreenStat{consoleX=290, consoleY=48, consoleWidth=978, consoleHeight=662,
               monitor=0, consoleOnTop=true, consoleDirection=RIGHT}
[14-40-41.409] [OBJECT CREATION]: Objects created since last delta (5000ms): 71
[14-40-42.169] [UI]: CyderFrame disposed with fastclose=true, getTitle=Cyder Splash
[14-41-16.679] [OBJECT CREATION]: Objects created since last delta (5000ms): 1
[14-41-17.002] [THREAD STARTED]: Console Printing Animation
[14-41-17.008] [CONSOLE OUT]: [STRING]: Console loaded in 53s 425ms
[14-41-17.122] [USER GET]: key = debugwindows, value = 0
[14-41-17.124] [CONSOLE LOADED]: [Nathan] [TESTING MODE]
[14-41-17.125] [THREAD STARTED]: Manual Tests Thread
[14-41-17.127] [USER GET]: key = laststart, value = 1661629164539
[14-41-17.128] [USER GET]: key = intromusic, value = 0
[14-41-17.139] [THREAD STARTED]: Splash Loading Label Updater
[14-41-21.689] [OBJECT CREATION]: Objects created since last delta (5000ms): 1
[14-41-22.043] [UI]: Component = CyderDragLabel, hash = 684453615, bounds = (2, 2, 355, 28), parent frame = System
               Action, getText() = <html><div style='text-align: center;'>I miss you</html>, getTitle() = Liminal Cyder [Nathan]
[14-41-22.045] [THREAD STARTED]: [System Action] dispose() animation thread
[14-41-22.048] [UI]: CyderFrame disposed with fastclose=false, getTitle=System Action
[14-41-22.049] [USER GET]: key = doanimations, value = 1
[14-41-23.097] [THREAD STARTED]: Liminal Cyder [Nathan] Opacity Decrement Animator
[14-41-23.578] [USER GET]: key = screenstat, value = ScreenStat{consoleX=290, consoleY=48, consoleWidth=978, consoleHeight=662,
               monitor=0, consoleOnTop=true, consoleDirection=RIGHT}
[14-41-23.618] [SYSTEM IO]: [JSON WRITE] [Levenshtein = 16] User was written to file: 7d7ebb00-81fe-329f-8a78-62f463d0b7
               da\Userdata.json
[14-41-23.632] [USER GET]: key = name, value = Nathan
[14-41-23.634] [USER GET]: key = minimizeonclose, value = 0
[14-41-23.635] [USER GET]: key = compacttextmode, value = 0
[14-41-23.635] [USER GET]: key = filterchat, value = 1
[14-41-23.636] [USER GET]: key = doanimations, value = 1
[14-41-23.637] [USER GET]: key = inputfill, value = 0
[14-41-23.638] [USER GET]: key = laststart, value = 1661629277128
[14-41-23.639] [USER GET]: key = youtubeuuid, value = aaaaaaaaaiI
[14-41-23.640] [USER GET]: key = outputfill, value = 0
[14-41-23.641] [USER GET]: key = wrapshell, value = 0
[14-41-23.643] [USER GET]: key = darkmode, value = 0
[14-41-23.644] [USER GET]: key = screenstat, value = ScreenStat{consoleX=107, consoleY=80, consoleWidth=978, consoleHeight=662,
               monitor=0, consoleOnTop=false, consoleDirection=RIGHT}
[14-41-23.645] [USER GET]: key = mappedexecutable, value = []
[14-41-23.646] [USER GET]: key = loggedin, value = 1
[14-41-23.647] [USER GET]: key = randombackground, value = 0
[14-41-23.648] [USER GET]: key = persistentnotifications, value = 0
[14-41-23.649] [USER GET]: key = pass, value = 1b0a051deaadc2e793bfe185cd81a74b9c56f75bd713f28507d1abd99332a28
[14-41-23.650] [USER GET]: key = fontsize, value = 27
[14-41-23.650] [USER GET]: key = inputborder, value = 0
[14-41-23.651] [USER GET]: key = hourlychimes, value = 1
[14-41-23.652] [USER GET]: key = intromusic, value = 0
[14-41-23.653] [USER GET]: key = silenceerrors, value = 1
[14-41-23.654] [USER GET]: key = outputborder, value = 0
[14-41-23.656] [USER GET]: key = debugwindows, value = 0
[14-41-23.656] [USER GET]: key = fullscreen, value = 0
[14-41-23.657] [USER GET]: key = foreground, value = f0f0f0
[14-41-23.657] [USER GET]: key = Font, value = Agency FB
[14-41-23.658] [USER GET]: key = background, value = 0f0f0f
[14-41-23.659] [USER GET]: key = mappedexecutable, value = []
[14-41-23.660] [USER GET]: key = screenstat, value = ScreenStat{consoleX=107, consoleY=80, consoleWidth=978, consoleHeight=662,
               monitor=0, consoleOnTop=false, consoleDirection=RIGHT}
[14-41-23.673] [SYSTEM IO]: Requested deletion of: C:\Users\Nathan\Documents\IntelliJava\Cyder\dynamic\backup\7d7ebb00
               -81fe-329f-8a78-62f463d0b7da_1661629179382.json
[14-41-23.676] [THREAD STARTED]: Liminal Cyder [Nathan] Opacity Increment Animator
[14-41-26.700] [OBJECT CREATION]: Objects created since last delta (5000ms): 3
[14-43-00.052] [DEBUG]: Latency of Google found to be 62ms
[14-43-03.592] [USER GET]: key = minimizeonclose, value = 0
[14-43-03.593] [USER GET]: key = screenstat, value = ScreenStat{consoleX=107, consoleY=80, consoleWidth=978, consoleHeight=662,
               monitor=0, consoleOnTop=false, consoleDirection=RIGHT}
[14-43-03.610] [USER GET]: key = fullscreen, value = 0
[14-43-03.610] [THREAD STARTED]: [Liminal Cyder [Nathan]] dispose() animation thread
[14-43-03.612] [UI]: CyderFrame disposed with fastclose=false, getTitle=Liminal Cyder [Nathan]
[14-43-03.613] [USER GET]: key = doanimations, value = 1
[14-43-03.981] [EXIT]: [RUNTIME] 2m 40s 257ms
[14-43-03.982] [EOL]: Log completed, exiting Cyder with exit code: 0 [Genesis Controlled Exit], exceptions thrown:
               2, total objects created: 136
