[21-24-55] [ENTRY]: [Nathan]
[21-24-55] [SYSTEM_IO]: System data pared in IOUtil's static block
[21-24-55] [SYSTEM_IO]: Suggestions pared in IOUtil's static block
[21-24-55] [SYSTEM_IO]: Exit conditions pared in IOUtil's static block
[21-24-55] [SYSTEM_IO]: DebugHashes pared in IOUtil's static block
[21-24-56] [LOGIN]: [AUTOCYPHER ATTEMPT]
[21-24-56] [JAVA ARGS]: [LOCATION] [La casa de Nathan]
[21-24-57] [LOGIN]: [[AUTOCYPHER PASS]: e5a50641-21d1-3654-b738-c0e4b2dc61b1]
[21-24-57] [SYSTEM_IO]: Userdata requested: RandomBackground
[21-24-57] [SYSTEM_IO]: Userdata requested: FullScreen
[21-24-57] [SYSTEM_IO]: Userdata requested: fullscreen
[21-24-57] [SYSTEM_IO]: Userdata requested: FullScreen [2x]
[21-24-57] [SYSTEM_IO]: Userdata requested: OutputBorder
[21-24-57] [SYSTEM_IO]: Userdata requested: FullScreen
[21-24-57] [SYSTEM_IO]: Userdata requested: InputBorder
[21-24-57] [SYSTEM_IO]: Userdata requested: OutputFill
[21-24-57] [SYSTEM_IO]: Userdata requested: InputFill
[21-24-57] [ACTION]: CyderFrame disposed with fastclose: true, CyderFrame: Component name = [cyder.ui.CyderFrame], bounds = [(980, 396, 600, 600)], hash = [661018710], parentFrame = [Object itself is the top level frame], associated text = [No getText() method found], tooltip text = [No getTooltipText() method found], title = [Cyder Splash]
[21-24-57] [ACTION]: Console loaded in 2757ms
[21-24-57] [SYSTEM_IO]: Userdata requested: DebugWindows
[21-24-57] [ENTRY]: [TESTING MODE]
[21-24-57] [SYSTEM_IO]: Userdata requested: laststart
[21-24-58] [ACTION]: [Stellar Cyder [Nathan]] [NOTIFICATION] Console loaded in 2757ms
[21-24-58] [SYSTEM_IO]: Userdata requested: persistentnotifications
[21-25-06] [SYSTEM_IO]: Userdata requested: minimizeonclose
[21-25-06] [ACTION]: CyderFrame disposed with fastclose: false, CyderFrame: Component name = [cyder.ui.ConsoleFrame], bounds = [(689, 358, 996, 655)], hash = [754177595], parentFrame = [Object itself is the top level frame], associated text = [No getText() method found], tooltip text = [No getTooltipText() method found], title = [Stellar Cyder [Nathan]]
[21-25-06] [SYSTEM_IO]: Userdata requested: closeanimation
[21-25-06] [EXIT]: [RUNTIME] 11s
[21-25-06] [EOL]: Log completed, exiting Cyder with exit code: 25 [Genesis Controlled Exit], exceptions thrown: 0
