[21-37-08] [ENTRY]: [Nathan]
[21-37-08] [SYSTEM_IO]: System data pared in IOUtil's static block
[21-37-08] [SYSTEM_IO]: Suggestions pared in IOUtil's static block
[21-37-08] [SYSTEM_IO]: Exit conditions pared in IOUtil's static block
[21-37-08] [SYSTEM_IO]: DebugHashes pared in IOUtil's static block
[21-37-10] [LOGIN]: [AUTOCYPHER ATTEMPT]
[21-37-10] [JAVA ARGS]: [LOCATION] [La casa de Nathan]
[21-37-10] [LOGIN]: [[AUTOCYPHER PASS]: e5a50641-21d1-3654-b738-c0e4b2dc61b1]
[21-37-10] [SYSTEM_IO]: Userdata requested: RandomBackground
[21-37-10] [SYSTEM_IO]: Userdata requested: FullScreen
[21-37-11] [SYSTEM_IO]: Userdata requested: fullscreen
[21-37-11] [SYSTEM_IO]: Userdata requested: FullScreen [2x]
[21-37-11] [SYSTEM_IO]: Userdata requested: OutputBorder
[21-37-11] [SYSTEM_IO]: Userdata requested: FullScreen
[21-37-11] [SYSTEM_IO]: Userdata requested: InputBorder
[21-37-11] [SYSTEM_IO]: Userdata requested: OutputFill
[21-37-11] [SYSTEM_IO]: Userdata requested: InputFill
[21-37-11] [ACTION]: CyderFrame disposed with fastclose: true, CyderFrame: Component name = [cyder.ui.CyderFrame], bounds = [(980, 396, 600, 600)], hash = [498910525], parentFrame = [Object itself is the top level frame], associated text = [No getText() method found], tooltip text = [No getTooltipText() method found], title = [Cyder Splash]
[21-37-11] [ACTION]: Console loaded in 2846ms
[21-37-11] [SYSTEM_IO]: Userdata requested: DebugWindows
[21-37-11] [ENTRY]: [TESTING MODE]
[21-37-11] [SYSTEM_IO]: Userdata requested: laststart
[21-37-11] [ACTION]: [Stellar Cyder [Nathan]] [NOTIFICATION] Console loaded in 2846ms
[21-37-11] [SYSTEM_IO]: Userdata requested: persistentnotifications
[21-37-23] [CLIENT]: opacity
[21-37-23] [SYSTEM_IO]: Userdata requested: filterchat
[21-37-23] [HANDLE]: GENERAL COMMAND HANDLED
[21-37-23] [HANDLE]: PRIMARY HANDLE
[21-37-23] [CONSOLE_OUT]: [STRING] Note: this is reset on drag events
[21-37-23] [CONSOLE_OUT]: [JCOMPONENT] javax.swing.JSlider[,0,0,300x50,invalid,alignmentX=0.0,alignmentY=0.0,border=,flags=16777504,maximumSize=,minimumSize=,preferredSize=,isInverted=false,majorTickSpacing=0,minorTickSpacing=0,orientation=HORIZONTAL,paintLabels=false,paintTicks=false,paintTrack=true,snapToTicks=false,snapToValue=true]
[21-37-24] [CONSOLE_OUT]: [STRING]
[21-37-24] [CONSOLE_OUT]: [STRING] Escaped
[21-37-50] [EOL]: Log completed, Cyder crashed unexpectedly: exit code: -200 [External Stop], exceptions thrown: 0
