[19-10-18] [ENTRY]: [Nathan]
[19-10-20] [DEBUG]: Method annotated with @Widget is not named showGUI(); name: Christmas2021
[19-10-20] [DEBUG]: Method annotated with @Widget is not named showGUI(); name: FathersDay2021
[19-10-20] [DEBUG]: Method annotated with @Widget is not named showGUI(); name: Birthday2021
[19-10-20] [DEBUG]: Method annotated with @Widget is not named showGUI(); name: Christmas2020
[19-10-20] [LOGIN]: [AUTOCYPHER ATTEMPT]
[19-10-20] [JAVA ARGS]: [LOCATION] [La casa de Nathan]
[19-10-20] [ACTION]: Requested deletion of: C:\Users\Nathan\Documents\IntelliJava\Cyder\dynamic\tmp
[19-10-20] [ACTION]: [DELETION FAILED] C:\Users\Nathan\Documents\IntelliJava\Cyder\dynamic\tmp
[19-10-20] [LOGIN]: [[AUTOCYPHER PASS]: e5a50641-21d1-3654-b738-c0e4b2dc61b1]
[19-10-21] [SYSTEM_IO]: Userdata requested: RandomBackground
[19-10-21] [SYSTEM_IO]: Userdata requested: FullScreen
[19-10-21] [SYSTEM_IO]: Userdata requested: fullscreen
[19-10-21] [SYSTEM_IO]: Userdata requested: FullScreen
[19-10-21] [SYSTEM_IO]: Userdata requested: FullScreen
[19-10-21] [THREAD STARTED]: Console Printing Animation
[19-10-21] [SYSTEM_IO]: Userdata requested: OutputBorder
[19-10-21] [SYSTEM_IO]: Userdata requested: FullScreen
[19-10-21] [SYSTEM_IO]: Userdata requested: InputBorder
[19-10-21] [THREAD STARTED]: Console Input Caret Position Updater
[19-10-21] [SYSTEM_IO]: Userdata requested: OutputFill
[19-10-21] [SYSTEM_IO]: Userdata requested: InputFill
[19-10-21] [THREAD STARTED]: High Ping Checker
[19-10-21] [THREAD STARTED]: Hourly Chime Checker
[19-10-21] [THREAD STARTED]: Console Clock Updater
[19-10-21] [THREAD STARTED]: Cyder Busy Checker
[19-10-21] [THREAD STARTED]: ConsoleFrame Data Saver
[19-10-21] [ACTION]: Console loaded in 3061ms
[19-10-21] [ACTION]: CyderFrame disposed with fastclose: true, CyderFrame: Component name = [cyder.ui.CyderFrame], bounds = [(980, 396, 600, 600)], hash = [306391698], parentFrame = [Object itself is the top level frame], associated text = [No getText() method found], tooltip text = [No getTooltipText() method found], title = [Cyder Splash]
[19-10-21] [SYSTEM_IO]: Userdata requested: DebugWindows
[19-10-21] [ENTRY]: [TESTING MODE]
[19-10-21] [SYSTEM_IO]: Userdata requested: laststart
[19-10-21] [ACTION]: [Insomnia Cyder [Nathan]] [NOTIFICATION] Console loaded in 3061ms
[19-10-21] [SYSTEM_IO]: Userdata requested: persistentnotifications
[19-10-26] [SYSTEM_IO]: Userdata requested: Background
[19-10-30] [SYSTEM_IO]: Userdata requested: Background
[19-10-32] [THREAD STARTED]: Suggestion Getter Waiter Thread
[19-10-32] [CONSOLE_OUT]: [STRING] Manual tests:
[19-10-33] [CONSOLE_OUT]: [STRING] queueTest
[19-10-33] [CONSOLE_OUT]: [STRING] comboBoxTest
[19-10-34] [CONSOLE_OUT]: [STRING] switchTest
[19-10-34] [THREAD STARTED]: Suggestion Getter Waiter Thread
[19-10-34] [CONSOLE_OUT]: [STRING] rippleLabelTest
[19-10-34] [CONSOLE_OUT]: [STRING] checkboxGroupTest
[19-10-35] [CONSOLE_OUT]: [STRING] cyderGridTest
[19-10-35] [CONSOLE_OUT]: [STRING] checkboxTest
[19-10-36] [CONSOLE_OUT]: [STRING] progressBarTest
[19-10-36] [CONSOLE_OUT]: [STRING] stackTest
[19-10-36] [CONSOLE_OUT]: [STRING] cyderSliderTest
[19-10-37] [CONSOLE_OUT]: [STRING] informTest
[19-10-37] [SYSTEM_IO]: Userdata requested: Background
[19-10-37] [CONSOLE_OUT]: [STRING] iconLabelSlidingTest
[19-10-38] [CONSOLE_OUT]: [STRING] dragLabelButtonTest
[19-10-38] [CONSOLE_OUT]: [STRING] frameTitleLengthTest
[19-10-38] [CONSOLE_OUT]: [STRING] cyderGridLayoutTest
[19-10-38] [CONSOLE_OUT]: [STRING] buttonAndTitlePosTest
[19-10-38] [CONSOLE_OUT]: [STRING] askewTest
[19-10-38] [CONSOLE_OUT]: [STRING] notificationTest
[19-10-38] [CONSOLE_OUT]: [STRING] flowLayoutTest
[19-10-38] [CONSOLE_OUT]: [STRING] popupTest
[19-10-38] [CONSOLE_OUT]: [STRING] launchTests
[19-10-38] [CONSOLE_OUT]: [STRING] Unit Tests:
[19-10-38] [CONSOLE_OUT]: [STRING] testFileSignature
[19-10-38] [CONSOLE_OUT]: [STRING] testIsComment
[19-10-38] [CONSOLE_OUT]: [STRING] testInsertBreaks
[19-10-38] [CONSOLE_OUT]: [STRING] testPhoneNumberPattern
[19-10-38] [CONSOLE_OUT]: [STRING] testPluralConversion
[19-10-38] [CONSOLE_OUT]: [STRING] testWindBearingDirection
[19-10-38] [CONSOLE_OUT]: [STRING] testIPv4RegexMatcher
[19-10-38] [CONSOLE_OUT]: [JCOMPONENT] Component name = [cyder.ui.CyderButton], bounds = [(0, 0, 0, 0)], hash = [1981723352], parentFrame = [No associated frame], associated text = [Make a Suggestion], tooltip text = [No getTooltipText() method found], title = [No getTitle() method found]
[19-10-38] [CONSOLE_OUT]: [STRING]
[19-10-38] [CONSOLE_OUT]: [STRING] Manual tests:
[19-10-38] [CONSOLE_OUT]: [STRING] queueTest
[19-10-38] [CONSOLE_OUT]: [STRING] comboBoxTest
[19-10-38] [CONSOLE_OUT]: [STRING] switchTest
[19-10-38] [CONSOLE_OUT]: [STRING] rippleLabelTest
[19-10-38] [CONSOLE_OUT]: [STRING] checkboxGroupTest
[19-10-38] [CONSOLE_OUT]: [STRING] cyderGridTest
[19-10-38] [CONSOLE_OUT]: [STRING] checkboxTest
[19-10-38] [CONSOLE_OUT]: [STRING] progressBarTest
[19-10-38] [CONSOLE_OUT]: [STRING] stackTest
[19-10-38] [CONSOLE_OUT]: [STRING] cyderSliderTest
[19-10-38] [CONSOLE_OUT]: [STRING] informTest
[19-10-38] [CONSOLE_OUT]: [STRING] iconLabelSlidingTest
[19-10-38] [CONSOLE_OUT]: [STRING] dragLabelButtonTest
[19-10-38] [CONSOLE_OUT]: [STRING] frameTitleLengthTest
[19-10-38] [CONSOLE_OUT]: [STRING] cyderGridLayoutTest
[19-10-38] [CONSOLE_OUT]: [STRING] buttonAndTitlePosTest
[19-10-38] [CONSOLE_OUT]: [STRING] askewTest
[19-10-38] [CONSOLE_OUT]: [STRING] notificationTest
[19-10-38] [CONSOLE_OUT]: [STRING] flowLayoutTest
[19-10-38] [CONSOLE_OUT]: [STRING] popupTest
[19-10-38] [CONSOLE_OUT]: [STRING] launchTests
[19-10-38] [CONSOLE_OUT]: [STRING] Unit Tests:
[19-10-38] [CONSOLE_OUT]: [STRING] testFileSignature
[19-10-38] [CONSOLE_OUT]: [STRING] testIsComment
[19-10-38] [CONSOLE_OUT]: [STRING] testInsertBreaks
[19-10-38] [CONSOLE_OUT]: [STRING] testPhoneNumberPattern
[19-10-38] [CONSOLE_OUT]: [STRING] testPluralConversion
[19-10-38] [CONSOLE_OUT]: [STRING] testWindBearingDirection
[19-10-38] [CONSOLE_OUT]: [STRING] testIPv4RegexMatcher
[19-10-38] [CONSOLE_OUT]: [JCOMPONENT] Component name = [cyder.ui.CyderButton], bounds = [(0, 0, 0, 0)], hash = [1147678459], parentFrame = [No associated frame], associated text = [Make a Suggestion], tooltip text = [No getTooltipText() method found], title = [No getTitle() method found]
[19-10-38] [CONSOLE_OUT]: [STRING]
[19-10-38] [CONSOLE_OUT]: [STRING] Escaped
[19-10-41] [SYSTEM_IO]: Userdata requested: minimizeonclose
[19-10-41] [ACTION]: CyderFrame disposed with fastclose: false, CyderFrame: Component name = [cyder.ui.ConsoleFrame], bounds = [(427, 287, 996, 655)], hash = [1852661033], parentFrame = [Object itself is the top level frame], associated text = [No getText() method found], tooltip text = [No getTooltipText() method found], title = [Insomnia Cyder [Nathan]]
[19-10-41] [SYSTEM_IO]: Userdata requested: closeanimation
[19-10-42] [EXIT]: [RUNTIME] 23s
[19-10-42] [EOL]: Log completed, exiting Cyder with exit code: 0 [Genesis Controlled Exit], exceptions thrown: 0
[19-10-42] [ACTION]: Requested deletion of: C:\Users\Nathan\Documents\IntelliJava\Cyder\dynamic\tmp
[19-10-42] [ACTION]: [DELETION FAILED] C:\Users\Nathan\Documents\IntelliJava\Cyder\dynamic\tmp
