[12-39-23] [ENTRY]: [Nathan]
[12-39-23] [SYSTEM_IO]: System data pared in IOUtil's static block
[12-39-23] [SYSTEM_IO]: Suggestions pared in IOUtil's static block
[12-39-23] [SYSTEM_IO]: Exit conditions pared in IOUtil's static block
[12-39-23] [SYSTEM_IO]: DebugHashes pared in IOUtil's static block
[12-39-25] [LOGIN]: [AUTOCYPHER ATTEMPT]
[12-39-25] [JAVA ARGS]: [LOCATION] [La casa de Nathan]
[12-39-25] [LOGIN]: [AUTOCYPHER PASS, e5a50641-21d1-3654-b738-c0e4b2dc61b1]
[12-39-25] [SYSTEM_IO]: Userdata requested: Name
[12-39-25] [SYSTEM_IO]: Userdata requested: RandomBackground
[12-39-25] [SYSTEM_IO]: Userdata requested: FullScreen
[12-39-25] [SYSTEM_IO]: Userdata requested: Name
[12-39-25] [SYSTEM_IO]: Userdata requested: Foreground [2x]
[12-39-25] [SYSTEM_IO]: Userdata requested: FullScreen [2x]
[12-39-25] [SYSTEM_IO]: Userdata requested: Foreground
[12-39-25] [SYSTEM_IO]: Userdata requested: Font
[12-39-25] [SYSTEM_IO]: Userdata requested: OutputBorder
[12-39-25] [SYSTEM_IO]: Userdata requested: FullScreen
[12-39-25] [SYSTEM_IO]: Userdata requested: InputBorder
[12-39-25] [SYSTEM_IO]: Userdata requested: Foreground [3x]
[12-39-25] [SYSTEM_IO]: Userdata requested: Font
[12-39-26] [SYSTEM_IO]: Userdata requested: OutputFill
[12-39-26] [SYSTEM_IO]: Userdata requested: InputFill
[12-39-26] [ACTION]: CyderFrame disposed with fastclose: true, CyderFrame: Component name = [cyder.ui.CyderFrame], bounds = [(980, 396, 600, 600)], hash = [1356219805], parentFrame = [Object itself is the top level frame], associated text = [No getText() method found], tooltip text = [No getTooltipText() method found], title = [Cyder Splash]
[12-39-26] [ACTION]: Console loaded in 2783ms
[12-39-26] [SYSTEM_IO]: Userdata requested: DebugWindows
[12-39-26] [ENTRY]: [TESTING MODE]
[12-39-26] [SYSTEM_IO]: Userdata requested: laststart
[12-39-26] [ACTION]: [Stellar Cyder [Nathan]] [NOTIFICATION] Console loaded in 2783ms
[12-39-26] [SYSTEM_IO]: Userdata requested: persistentnotifications
[12-39-46] [CLIENT]: test
[12-39-46] [SYSTEM_IO]: Userdata requested: filterchat
[12-39-46] [HANDLE]: GENERAL COMMAND HANDLED
[12-39-46] [HANDLE]: PRIMARY HANDLE
[12-40-46] [EOL]: Log completed, Cyder crashed unexpectedly: exit code: -200 [External Stop], exceptions thrown: 0
