[16-45-05] [ENTRY]: [Nathan]
[16-45-05] [SYSTEM_IO]: System data pared in IOUtil's static block
[16-45-05] [SYSTEM_IO]: Suggestions pared in IOUtil's static block
[16-45-05] [SYSTEM_IO]: Exit conditions pared in IOUtil's static block
[16-45-05] [SYSTEM_IO]: DebugHashes pared in IOUtil's static block
[16-45-06] [LOGIN]: [AUTOCYPHER ATTEMPT]
[16-45-06] [JAVA ARGS]: [LOCATION] [La casa de Nathan]
[16-45-07] [LOGIN]: [AUTOCYPHER PASS, e5a50641-21d1-3654-b738-c0e4b2dc61b1]
[16-45-07] [SYSTEM_IO]: Userdata requested: Name
[16-45-07] [SYSTEM_IO]: Userdata requested: RandomBackground
[16-45-07] [SYSTEM_IO]: Userdata requested: FullScreen
[16-45-07] [SYSTEM_IO]: Userdata requested: Name
[16-45-07] [SYSTEM_IO]: Userdata requested: Foreground [2x]
[16-45-07] [SYSTEM_IO]: Userdata requested: FullScreen [2x]
[16-45-07] [SYSTEM_IO]: Userdata requested: Foreground
[16-45-07] [SYSTEM_IO]: Userdata requested: Font
[16-45-07] [SYSTEM_IO]: Userdata requested: OutputBorder
[16-45-07] [SYSTEM_IO]: Userdata requested: FullScreen
[16-45-07] [SYSTEM_IO]: Userdata requested: InputBorder
[16-45-07] [SYSTEM_IO]: Userdata requested: Foreground [3x]
[16-45-07] [SYSTEM_IO]: Userdata requested: Font
[16-45-07] [SYSTEM_IO]: Userdata requested: OutputFill
[16-45-07] [SYSTEM_IO]: Userdata requested: InputFill
[16-45-07] [ACTION]: CyderFrame disposed with fastclose: true, CyderFrame: Component name = [cyder.ui.CyderFrame], bounds = [(980, 396, 600, 600)], hash = [1495882078], parentFrame = [Object itself is the top level frame], associated text = [No getText() method found], tooltip text = [No getTooltipText() method found], title = [Cyder Splash]
[16-45-07] [ACTION]: Console loaded in 2844ms
[16-45-07] [SYSTEM_IO]: Userdata requested: DebugWindows
[16-45-07] [ENTRY]: [TESTING MODE]
[16-45-07] [SYSTEM_IO]: Userdata requested: laststart
[16-45-08] [ACTION]: [Stellar Cyder [Nathan]] [NOTIFICATION] Console loaded in 2844ms
[16-45-08] [SYSTEM_IO]: Userdata requested: persistentnotifications
[16-45-11] [SYSTEM_IO]: Userdata requested: minimizeonclose
[16-45-11] [SYSTEM_IO]: Userdata requested: Name
[16-45-11] [LOGOUT]: [Nathan]
[16-45-11] [ACTION]: CyderFrame disposed with fastclose: false, CyderFrame: Component name = [cyder.ui.ConsoleFrame], bounds = [(0, 732, 743, 708)], hash = [1173346575], parentFrame = [Object itself is the top level frame], associated text = [No getText() method found], tooltip text = [No getTooltipText() method found], title = [Stellar Cyder [Nathan]]
[16-45-11] [SYSTEM_IO]: Userdata requested: closeanimation
[16-45-11] [EXIT]: [RUNTIME] 6s
[16-45-11] [EOL]: Log completed, exiting Cyder with exit code: 25 [Genesis Controlled Exit], exceptions thrown: 0
