[17-33-01] [ENTRY]: [Nathan]
[17-33-01] [SYSTEM_IO]: System data pared in IOUtil's static block
[17-33-01] [SYSTEM_IO]: Suggestions pared in IOUtil's static block
[17-33-01] [SYSTEM_IO]: Exit conditions pared in IOUtil's static block
[17-33-01] [SYSTEM_IO]: DebugHashes pared in IOUtil's static block
[17-33-03] [JAVA ARGS]: [LOCATION] [La casa de Nathan]
[17-33-03] [LOGIN]: [AUTOCYPHER ATTEMPT]
[17-33-03] [LOGIN]: [AUTOCYPHER PASS, e5a50641-21d1-3654-b738-c0e4b2dc61b1]
[17-33-03] [SYSTEM_IO]: Userdata requested: Name
[17-33-03] [SYSTEM_IO]: Userdata requested: RandomBackground
[17-33-03] [SYSTEM_IO]: Userdata requested: FullScreen
[17-33-03] [SYSTEM_IO]: Userdata requested: Name
[17-33-03] [SYSTEM_IO]: Userdata requested: Foreground [2x]
[17-33-03] [SYSTEM_IO]: Userdata requested: FullScreen [2x]
[17-33-03] [SYSTEM_IO]: Userdata requested: Foreground
[17-33-03] [SYSTEM_IO]: Userdata requested: Font
[17-33-03] [SYSTEM_IO]: Userdata requested: OutputBorder
[17-33-03] [SYSTEM_IO]: Userdata requested: FullScreen
[17-33-04] [SYSTEM_IO]: Userdata requested: InputBorder
[17-33-04] [SYSTEM_IO]: Userdata requested: Foreground [3x]
[17-33-04] [SYSTEM_IO]: Userdata requested: Font
[17-33-04] [SYSTEM_IO]: Userdata requested: OutputFill
[17-33-04] [SYSTEM_IO]: Userdata requested: InputFill
[17-33-04] [ACTION]: CyderFrame disposed with fastclose: true, CyderFrame: Component name = [cyder.ui.CyderFrame], bounds = [(980, 396, 600, 600)], hash = [1784781253], parentFrame = [Object itself is the top level frame], associated text = [No getText() method found], tooltip text = [No getTooltipText() method found], title = [Cyder Splash]
[17-33-04] [ACTION]: Console loaded in 2984ms
[17-33-04] [SYSTEM_IO]: Userdata requested: DebugWindows
[17-33-04] [ENTRY]: [TESTING MODE]
[17-33-04] [SYSTEM_IO]: Userdata requested: laststart
[17-33-04] [ACTION]: [Stellar Cyder [Nathan]] [NOTIFICATION] Console loaded in 2984ms
[17-33-04] [SYSTEM_IO]: Userdata requested: persistentnotifications
[17-35-06] [EOL]: Log completed, Cyder crashed unexpectedly: exit code: -200 [External Stop], exceptions thrown: 0
