[17-35-18] [ENTRY]: [Nathan]
[17-35-18] [SYSTEM_IO]: System data pared in IOUtil's static block
[17-35-18] [SYSTEM_IO]: Suggestions pared in IOUtil's static block
[17-35-18] [SYSTEM_IO]: Exit conditions pared in IOUtil's static block
[17-35-18] [SYSTEM_IO]: DebugHashes pared in IOUtil's static block
[17-35-20] [LOGIN]: [AUTOCYPHER ATTEMPT]
[17-35-20] [JAVA ARGS]: [LOCATION] [La casa de Nathan]
[17-35-20] [LOGIN]: [AUTOCYPHER PASS, e5a50641-21d1-3654-b738-c0e4b2dc61b1]
[17-35-20] [SYSTEM_IO]: Userdata requested: Name
[17-35-20] [SYSTEM_IO]: Userdata requested: RandomBackground
[17-35-20] [SYSTEM_IO]: Userdata requested: FullScreen
[17-35-20] [SYSTEM_IO]: Userdata requested: Name
[17-35-20] [SYSTEM_IO]: Userdata requested: Foreground [2x]
[17-35-20] [SYSTEM_IO]: Userdata requested: FullScreen [2x]
[17-35-20] [SYSTEM_IO]: Userdata requested: Foreground
[17-35-20] [SYSTEM_IO]: Userdata requested: Font
[17-35-20] [SYSTEM_IO]: Userdata requested: OutputBorder
[17-35-20] [SYSTEM_IO]: Userdata requested: FullScreen
[17-35-20] [SYSTEM_IO]: Userdata requested: InputBorder
[17-35-20] [SYSTEM_IO]: Userdata requested: Foreground [3x]
[17-35-20] [SYSTEM_IO]: Userdata requested: Font
[17-35-20] [SYSTEM_IO]: Userdata requested: OutputFill
[17-35-20] [SYSTEM_IO]: Userdata requested: InputFill
[17-35-20] [ACTION]: CyderFrame disposed with fastclose: true, CyderFrame: Component name = [cyder.ui.CyderFrame], bounds = [(980, 396, 600, 600)], hash = [231941287], parentFrame = [Object itself is the top level frame], associated text = [No getText() method found], tooltip text = [No getTooltipText() method found], title = [Cyder Splash]
[17-35-21] [ACTION]: Console loaded in 3078ms
[17-35-21] [SYSTEM_IO]: Userdata requested: DebugWindows
[17-35-21] [ENTRY]: [TESTING MODE]
[17-35-21] [SYSTEM_IO]: Userdata requested: laststart
[17-35-21] [ACTION]: [Stellar Cyder [Nathan]] [NOTIFICATION] Console loaded in 3078ms
[17-35-21] [SYSTEM_IO]: Userdata requested: persistentnotifications
[17-35-39] [CLIENT]: quit
[17-35-39] [SYSTEM_IO]: Userdata requested: filterchat
[17-35-39] [SYSTEM_IO]: Userdata requested: minimizeonclose
[17-35-39] [SYSTEM_IO]: Userdata requested: Name
[17-35-39] [LOGOUT]: [Nathan]
[17-35-39] [ACTION]: CyderFrame disposed with fastclose: false, CyderFrame: Component name = [cyder.ui.ConsoleFrame], bounds = [(2008, -20, 743, 708)], hash = [37981645], parentFrame = [Object itself is the top level frame], associated text = [No getText() method found], tooltip text = [No getTooltipText() method found], title = [Stellar Cyder [Nathan]]
[17-35-39] [HANDLE]: GENERAL COMMAND HANDLED
[17-35-39] [HANDLE]: PRIMARY HANDLE
[17-35-39] [SYSTEM_IO]: Userdata requested: closeanimation
[17-35-39] [EXIT]: [RUNTIME] 21s
[17-35-39] [EOL]: Log completed, exiting Cyder with exit code: 25 [Genesis Controlled Exit], exceptions thrown: 0
