[18-02-44] [ENTRY]: [Nathan]
[18-02-44] [SYSTEM_IO]: System data pared in IOUtil's static block
[18-02-44] [SYSTEM_IO]: Suggestions pared in IOUtil's static block
[18-02-44] [SYSTEM_IO]: Exit conditions pared in IOUtil's static block
[18-02-44] [SYSTEM_IO]: DebugHashes pared in IOUtil's static block
[18-02-45] [JAVA ARGS]: [LOCATION] [La casa de Nathan]
[18-02-45] [LOGIN]: [AUTOCYPHER ATTEMPT]
[18-02-46] [LOGIN]: [AUTOCYPHER PASS, e5a50641-21d1-3654-b738-c0e4b2dc61b1]
[18-02-46] [SYSTEM_IO]: Userdata requested: Name
[18-02-46] [SYSTEM_IO]: Userdata requested: RandomBackground
[18-02-46] [SYSTEM_IO]: Userdata requested: FullScreen
[18-02-46] [SYSTEM_IO]: Userdata requested: Name
[18-02-46] [SYSTEM_IO]: Userdata requested: Foreground [2x]
[18-02-46] [SYSTEM_IO]: Userdata requested: FullScreen [2x]
[18-02-46] [SYSTEM_IO]: Userdata requested: Foreground
[18-02-46] [SYSTEM_IO]: Userdata requested: Font
[18-02-46] [SYSTEM_IO]: Userdata requested: OutputBorder
[18-02-46] [SYSTEM_IO]: Userdata requested: FullScreen
[18-02-46] [SYSTEM_IO]: Userdata requested: InputBorder
[18-02-46] [SYSTEM_IO]: Userdata requested: Foreground [3x]
[18-02-46] [SYSTEM_IO]: Userdata requested: Font
[18-02-46] [SYSTEM_IO]: Userdata requested: OutputFill
[18-02-46] [SYSTEM_IO]: Userdata requested: InputFill
[18-02-46] [ACTION]: CyderFrame disposed with fastclose: true, CyderFrame: Component name = [cyder.ui.CyderFrame], bounds = [(980, 396, 600, 600)], hash = [812296971], parentFrame = [Object itself is the top level frame], associated text = [No getText() method found], tooltip text = [No getTooltipText() method found], title = [Cyder Splash]
[18-02-46] [ACTION]: Console loaded in 3402ms
[18-02-46] [SYSTEM_IO]: Userdata requested: DebugWindows
[18-02-46] [ENTRY]: [TESTING MODE]
[18-02-46] [SYSTEM_IO]: Userdata requested: laststart
[18-02-47] [ACTION]: [Stellar Cyder [Nathan]] [NOTIFICATION] Console loaded in 3402ms
[18-02-47] [SYSTEM_IO]: Userdata requested: persistentnotifications
[18-02-50] [CLIENT]: logout
[18-02-50] [SYSTEM_IO]: Userdata requested: filterchat
[18-03-21] [EXCEPTION]:
Exception origin: cyder.ui.ConsoleFrame.saveConsoleFramePosition(ConsoleFrame.java:3223)
From line: 3223
Trace: java.lang.NullPointerException
at cyder.ui.ConsoleFrame.saveConsoleFramePosition(ConsoleFrame.java:3223)
at cyder.ui.ConsoleFrame.closeConsoleFrame(ConsoleFrame.java:3176)
at cyder.ui.ConsoleFrame.logout(ConsoleFrame.java:3233)
at cyder.handlers.internal.InputHandler.generalCommandCheck(InputHandler.java:870)
at cyder.handlers.internal.InputHandler.handle(InputHandler.java:221)
at cyder.ui.ConsoleFrame.lambda$launch$2(ConsoleFrame.java:624)
at java.desktop/javax.swing.JTextField.fireActionPerformed(JTextField.java:508)
at java.desktop/javax.swing.JTextField.postActionEvent(JTextField.java:723)
at java.desktop/javax.swing.JTextField$NotifyAction.actionPerformed(JTextField.java:839)
at java.desktop/javax.swing.SwingUtilities.notifyAction(SwingUtilities.java:1805)
at java.desktop/javax.swing.JComponent.processKeyBinding(JComponent.java:2901)
at java.desktop/javax.swing.JComponent.processKeyBindings(JComponent.java:2949)
at java.desktop/javax.swing.JComponent.processKeyEvent(JComponent.java:2863)
at java.desktop/java.awt.Component.processEvent(Component.java:6355)
at java.desktop/java.awt.Container.processEvent(Container.java:2259)
at java.desktop/java.awt.Component.dispatchEventImpl(Component.java:4961)
at java.desktop/java.awt.Container.dispatchEventImpl(Container.java:2317)
at java.desktop/java.awt.Component.dispatchEvent(Component.java:4793)
at java.desktop/java.awt.KeyboardFocusManager.redispatchEvent(KeyboardFocusManager.java:1955)
at java.desktop/java.awt.DefaultKeyboardFocusManager.dispatchKeyEvent(DefaultKeyboardFocusManager.java:827)
at java.desktop/java.awt.DefaultKeyboardFocusManager.preDispatchKeyEvent(DefaultKeyboardFocusManager.java:1096)
at java.desktop/java.awt.DefaultKeyboardFocusManager.typeAheadAssertions(DefaultKeyboardFocusManager.java:966)
at java.desktop/java.awt.DefaultKeyboardFocusManager.dispatchEvent(DefaultKeyboardFocusManager.java:792)
at java.desktop/java.awt.Component.dispatchEventImpl(Component.java:4842)
at java.desktop/java.awt.Container.dispatchEventImpl(Container.java:2317)
at java.desktop/java.awt.Window.dispatchEventImpl(Window.java:2758)
at java.desktop/java.awt.Component.dispatchEvent(Component.java:4793)
at java.desktop/java.awt.EventQueue.dispatchEventImpl(EventQueue.java:766)
at java.desktop/java.awt.EventQueue.access$500(EventQueue.java:97)
at java.desktop/java.awt.EventQueue$3.run(EventQueue.java:717)
at java.desktop/java.awt.EventQueue$3.run(EventQueue.java:711)
at java.base/java.security.AccessController.doPrivileged(Native Method)
at java.base/java.security.ProtectionDomain$JavaSecurityAccessImpl.doIntersectionPrivilege(ProtectionDomain.java:89)
at java.base/java.security.ProtectionDomain$JavaSecurityAccessImpl.doIntersectionPrivilege(ProtectionDomain.java:99)
at java.desktop/java.awt.EventQueue$4.run(EventQueue.java:739)
at java.desktop/java.awt.EventQueue$4.run(EventQueue.java:737)
at java.base/java.security.AccessController.doPrivileged(Native Method)
at java.base/java.security.ProtectionDomain$JavaSecurityAccessImpl.doIntersectionPrivilege(ProtectionDomain.java:89)
at java.desktop/java.awt.EventQueue.dispatchEvent(EventQueue.java:736)
at java.desktop/java.awt.EventDispatchThread.pumpOneEventForFilters(EventDispatchThread.java:199)
at java.desktop/java.awt.EventDispatchThread.pumpEventsForFilter(EventDispatchThread.java:124)
at java.desktop/java.awt.EventDispatchThread.pumpEventsForHierarchy(EventDispatchThread.java:113)
at java.desktop/java.awt.EventDispatchThread.pumpEvents(EventDispatchThread.java:109)
at java.desktop/java.awt.EventDispatchThread.pumpEvents(EventDispatchThread.java:101)
at java.desktop/java.awt.EventDispatchThread.run(EventDispatchThread.java:90)
[18-03-21] [SYSTEM_IO]: Userdata requested: SilenceErrors
[18-03-21] [DEBUG]:
Exception origin: cyder.ui.ConsoleFrame.saveConsoleFramePosition(ConsoleFrame.java:3223)
From line: 3223
Trace: java.lang.NullPointerException
at cyder.ui.ConsoleFrame.saveConsoleFramePosition(ConsoleFrame.java:3223)
at cyder.ui.ConsoleFrame.closeConsoleFrame(ConsoleFrame.java:3176)
at cyder.ui.ConsoleFrame.logout(ConsoleFrame.java:3233)
at cyder.handlers.internal.InputHandler.generalCommandCheck(InputHandler.java:870)
at cyder.handlers.internal.InputHandler.handle(InputHandler.java:221)
at cyder.ui.ConsoleFrame.lambda$launch$2(ConsoleFrame.java:624)
at java.desktop/javax.swing.JTextField.fireActionPerformed(JTextField.java:508)
at java.desktop/javax.swing.JTextField.postActionEvent(JTextField.java:723)
at java.desktop/javax.swing.JTextField$NotifyAction.actionPerformed(JTextField.java:839)
at java.desktop/javax.swing.SwingUtilities.notifyAction(SwingUtilities.java:1805)
at java.desktop/javax.swing.JComponent.processKeyBinding(JComponent.java:2901)
at java.desktop/javax.swing.JComponent.processKeyBindings(JComponent.java:2949)
at java.desktop/javax.swing.JComponent.processKeyEvent(JComponent.java:2863)
at java.desktop/java.awt.Component.processEvent(Component.java:6355)
at java.desktop/java.awt.Container.processEvent(Container.java:2259)
at java.desktop/java.awt.Component.dispatchEventImpl(Component.java:4961)
at java.desktop/java.awt.Container.dispatchEventImpl(Container.java:2317)
at java.desktop/java.awt.Component.dispatchEvent(Component.java:4793)
at java.desktop/java.awt.KeyboardFocusManager.redispatchEvent(KeyboardFocusManager.java:1955)
at java.desktop/java.awt.DefaultKeyboardFocusManager.dispatchKeyEvent(DefaultKeyboardFocusManager.java:827)
at java.desktop/java.awt.DefaultKeyboardFocusManager.preDispatchKeyEvent(DefaultKeyboardFocusManager.java:1096)
at java.desktop/java.awt.DefaultKeyboardFocusManager.typeAheadAssertions(DefaultKeyboardFocusManager.java:966)
at java.desktop/java.awt.DefaultKeyboardFocusManager.dispatchEvent(DefaultKeyboardFocusManager.java:792)
at java.desktop/java.awt.Component.dispatchEventImpl(Component.java:4842)
at java.desktop/java.awt.Container.dispatchEventImpl(Container.java:2317)
at java.desktop/java.awt.Window.dispatchEventImpl(Window.java:2758)
at java.desktop/java.awt.Component.dispatchEvent(Component.java:4793)
at java.desktop/java.awt.EventQueue.dispatchEventImpl(EventQueue.java:766)
at java.desktop/java.awt.EventQueue.access$500(EventQueue.java:97)
at java.desktop/java.awt.EventQueue$3.run(EventQueue.java:717)
at java.desktop/java.awt.EventQueue$3.run(EventQueue.java:711)
at java.base/java.security.AccessController.doPrivileged(Native Method)
at java.base/java.security.ProtectionDomain$JavaSecurityAccessImpl.doIntersectionPrivilege(ProtectionDomain.java:89)
at java.base/java.security.ProtectionDomain$JavaSecurityAccessImpl.doIntersectionPrivilege(ProtectionDomain.java:99)
at java.desktop/java.awt.EventQueue$4.run(EventQueue.java:739)
at java.desktop/java.awt.EventQueue$4.run(EventQueue.java:737)
at java.base/java.security.AccessController.doPrivileged(Native Method)
at java.base/java.security.ProtectionDomain$JavaSecurityAccessImpl.doIntersectionPrivilege(ProtectionDomain.java:89)
at java.desktop/java.awt.EventQueue.dispatchEvent(EventQueue.java:736)
at java.desktop/java.awt.EventDispatchThread.pumpOneEventForFilters(EventDispatchThread.java:199)
at java.desktop/java.awt.EventDispatchThread.pumpEventsForFilter(EventDispatchThread.java:124)
at java.desktop/java.awt.EventDispatchThread.pumpEventsForHierarchy(EventDispatchThread.java:113)
at java.desktop/java.awt.EventDispatchThread.pumpEvents(EventDispatchThread.java:109)
at java.desktop/java.awt.EventDispatchThread.pumpEvents(EventDispatchThread.java:101)
at java.desktop/java.awt.EventDispatchThread.run(EventDispatchThread.java:90)
[18-07-39] [EOL]: Log completed, Cyder crashed unexpectedly: exit code: -200 [External Stop], exceptions thrown: 1
