[18-01-04] [ENTRY]: [Nathan]
[18-01-04] [SYSTEM_IO]: System data pared in IOUtil's static block
[18-01-04] [SYSTEM_IO]: Suggestions pared in IOUtil's static block
[18-01-04] [SYSTEM_IO]: Exit conditions pared in IOUtil's static block
[18-01-04] [SYSTEM_IO]: DebugHashes pared in IOUtil's static block
[18-01-05] [LOGIN]: [AUTOCYPHER ATTEMPT]
[18-01-05] [JAVA ARGS]: [LOCATION] [La casa de Nathan]
[18-01-06] [LOGIN]: [AUTOCYPHER PASS, e5a50641-21d1-3654-b738-c0e4b2dc61b1]
[18-01-06] [SYSTEM_IO]: Userdata requested: Name
[18-01-06] [SYSTEM_IO]: Userdata requested: RandomBackground
[18-01-06] [SYSTEM_IO]: Userdata requested: FullScreen
[18-01-06] [SYSTEM_IO]: Userdata requested: Name
[18-01-06] [SYSTEM_IO]: Userdata requested: Foreground [2x]
[18-01-06] [SYSTEM_IO]: Userdata requested: FullScreen [2x]
[18-01-06] [SYSTEM_IO]: Userdata requested: Foreground
[18-01-06] [SYSTEM_IO]: Userdata requested: Font
[18-01-06] [SYSTEM_IO]: Userdata requested: OutputBorder
[18-01-06] [SYSTEM_IO]: Userdata requested: FullScreen
[18-01-06] [SYSTEM_IO]: Userdata requested: InputBorder
[18-01-06] [SYSTEM_IO]: Userdata requested: Foreground [3x]
[18-01-06] [SYSTEM_IO]: Userdata requested: Font
[18-01-06] [SYSTEM_IO]: Userdata requested: OutputFill
[18-01-06] [SYSTEM_IO]: Userdata requested: InputFill
[18-01-06] [ACTION]: CyderFrame disposed with fastclose: true, CyderFrame: Component name = [cyder.ui.CyderFrame], bounds = [(980, 396, 600, 600)], hash = [198291929], parentFrame = [Object itself is the top level frame], associated text = [No getText() method found], tooltip text = [No getTooltipText() method found], title = [Cyder Splash]
[18-01-06] [ACTION]: Console loaded in 2869ms
[18-01-06] [SYSTEM_IO]: Userdata requested: DebugWindows
[18-01-06] [ENTRY]: [TESTING MODE]
[18-01-06] [SYSTEM_IO]: Userdata requested: laststart
[18-01-07] [ACTION]: [Stellar Cyder [Nathan]] [NOTIFICATION] Console loaded in 2869ms
[18-01-07] [SYSTEM_IO]: Userdata requested: persistentnotifications
[18-01-11] [CLIENT]: logout
[18-01-11] [SYSTEM_IO]: Userdata requested: filterchat
[18-01-11] [SYSTEM_IO]: Userdata requested: Name
[18-01-11] [LOGOUT]: [Nathan]
[18-01-11] [ACTION]: CyderFrame disposed with fastclose: false, CyderFrame: Component name = [cyder.ui.ConsoleFrame], bounds = [(-2895, 615, 743, 708)], hash = [1885922916], parentFrame = [Object itself is the top level frame], associated text = [No getText() method found], tooltip text = [No getTooltipText() method found], title = [Stellar Cyder [Nathan]]
[18-01-11] [ACTION]: CyderFrame disposed with fastclose: false, CyderFrame: Component name = [cyder.ui.CyderFrame], bounds = [(980, 396, 600, 600)], hash = [198291929], parentFrame = [Object itself is the top level frame], associated text = [No getText() method found], tooltip text = [No getTooltipText() method found], title = [Cyder Splash]
[18-01-11] [ACTION]: CyderFrame disposed with fastclose: false, CyderFrame: Component name = [cyder.ui.ConsoleFrame], bounds = [(-2895, 615, 743, 708)], hash = [1885922916], parentFrame = [Object itself is the top level frame], associated text = [No getText() method found], tooltip text = [No getTooltipText() method found], title = [Stellar Cyder [Nathan]]
[18-01-11] [SYSTEM_IO]: Userdata requested: closeanimation [2x]
[18-01-12] [ACTION]: CyderFrame disposed with fastclose: true, CyderFrame: Component name = [cyder.ui.CyderFrame], bounds = [(980, 396, 600, 600)], hash = [198291929], parentFrame = [Object itself is the top level frame], associated text = [No getText() method found], tooltip text = [No getTooltipText() method found], title = [Cyder Splash]
[18-01-12] [HANDLE]: GENERAL COMMAND HANDLED
[18-01-12] [HANDLE]: PRIMARY HANDLE
[18-01-12] [CLIENT_IO]: [LOGIN FRAME] Nathan@CypherLenovo:~$ login
[18-01-13] [CLIENT_IO]: [LOGIN FRAME] Username: nathan
[18-01-14] [LOGIN]: [STD LOGIN, e5a50641-21d1-3654-b738-c0e4b2dc61b1]
[18-01-14] [SYSTEM_IO]: Userdata requested: Name
[18-01-14] [SYSTEM_IO]: Userdata requested: RandomBackground
[18-01-14] [SYSTEM_IO]: Userdata requested: FullScreen
[18-01-14] [SYSTEM_IO]: Userdata requested: Name
[18-01-14] [SYSTEM_IO]: Userdata requested: Foreground [2x]
[18-01-14] [SYSTEM_IO]: Userdata requested: FullScreen [2x]
[18-01-14] [SYSTEM_IO]: Userdata requested: Foreground
[18-01-14] [SYSTEM_IO]: Userdata requested: Font
[18-01-14] [SYSTEM_IO]: Userdata requested: OutputBorder
[18-01-14] [SYSTEM_IO]: Userdata requested: FullScreen
[18-01-14] [SYSTEM_IO]: Userdata requested: InputBorder
[18-01-14] [SYSTEM_IO]: Userdata requested: Foreground [3x]
[18-01-14] [SYSTEM_IO]: Userdata requested: Font
[18-01-14] [SYSTEM_IO]: Userdata requested: OutputFill
[18-01-14] [SYSTEM_IO]: Userdata requested: InputFill
[18-01-14] [ACTION]: CyderFrame disposed with fastclose: true, CyderFrame: Component name = [cyder.ui.CyderFrame], bounds = [(980, 396, 600, 600)], hash = [198291929], parentFrame = [Object itself is the top level frame], associated text = [No getText() method found], tooltip text = [No getTooltipText() method found], title = [Cyder Splash]
[18-01-14] [ACTION]: CyderFrame disposed with fastclose: true, CyderFrame: Component name = [cyder.ui.ConsoleFrame], bounds = [(-2895, -705, 743, 708)], hash = [1885922916], parentFrame = [Object itself is the top level frame], associated text = [No getText() method found], tooltip text = [No getTooltipText() method found], title = [Stellar Cyder [Nathan]]
[18-01-14] [ACTION]: CyderFrame disposed with fastclose: true, CyderFrame: Component name = [cyder.ui.CyderFrame], bounds = [(980, 496, 600, 400)], hash = [745663522], parentFrame = [Object itself is the top level frame], associated text = [No getText() method found], tooltip text = [No getTooltipText() method found], title = [Cyder Login [Stellar Build]]
[18-01-14] [ACTION]: Console loaded in 2869ms
[18-01-14] [ACTION]: CyderFrame disposed with fastclose: true, CyderFrame: Component name = [cyder.ui.CyderFrame], bounds = [(980, 496, 600, 400)], hash = [745663522], parentFrame = [Object itself is the top level frame], associated text = [No getText() method found], tooltip text = [No getTooltipText() method found], title = [Cyder Login [Stellar Build]]
[18-01-14] [ACTION]: [Stellar Cyder [Nathan]] [NOTIFICATION] Console loaded in 2869ms
[18-01-14] [SYSTEM_IO]: Userdata requested: DebugWindows
[18-01-14] [ENTRY]: [TESTING MODE]
[18-01-14] [SYSTEM_IO]: Userdata requested: laststart
[18-01-14] [SYSTEM_IO]: Userdata requested: persistentnotifications
[18-01-16] [CLIENT]: logout
[18-01-16] [SYSTEM_IO]: Userdata requested: filterchat
[18-01-16] [SYSTEM_IO]: Userdata requested: Name
[18-01-16] [LOGOUT]: [Nathan]
[18-01-16] [ACTION]: CyderFrame disposed with fastclose: false, CyderFrame: Component name = [cyder.ui.ConsoleFrame], bounds = [(-2560, 615, 743, 708)], hash = [1198818331], parentFrame = [Object itself is the top level frame], associated text = [No getText() method found], tooltip text = [No getTooltipText() method found], title = [Stellar Cyder [Nathan]]
[18-01-16] [ACTION]: CyderFrame disposed with fastclose: false, CyderFrame: Component name = [cyder.ui.CyderFrame], bounds = [(980, 396, 600, 600)], hash = [198291929], parentFrame = [Object itself is the top level frame], associated text = [No getText() method found], tooltip text = [No getTooltipText() method found], title = [Cyder Splash]
[18-01-16] [ACTION]: CyderFrame disposed with fastclose: false, CyderFrame: Component name = [cyder.ui.ConsoleFrame], bounds = [(-2895, -705, 743, 708)], hash = [1885922916], parentFrame = [Object itself is the top level frame], associated text = [No getText() method found], tooltip text = [No getTooltipText() method found], title = [Stellar Cyder [Nathan]]
[18-01-16] [ACTION]: CyderFrame disposed with fastclose: false, CyderFrame: Component name = [cyder.ui.CyderFrame], bounds = [(980, 496, 600, 400)], hash = [745663522], parentFrame = [Object itself is the top level frame], associated text = [No getText() method found], tooltip text = [No getTooltipText() method found], title = [Cyder Login [Stellar Build]]
[18-01-16] [SYSTEM_IO]: Userdata requested: closeanimation
[18-01-16] [ACTION]: CyderFrame disposed with fastclose: false, CyderFrame: Component name = [cyder.ui.ConsoleFrame], bounds = [(-2560, 615, 743, 708)], hash = [1198818331], parentFrame = [Object itself is the top level frame], associated text = [No getText() method found], tooltip text = [No getTooltipText() method found], title = [Stellar Cyder [Nathan]]
[18-01-16] [ACTION]: CyderFrame disposed with fastclose: true, CyderFrame: Component name = [cyder.ui.CyderFrame], bounds = [(980, 496, 600, 400)], hash = [745663522], parentFrame = [Object itself is the top level frame], associated text = [No getText() method found], tooltip text = [No getTooltipText() method found], title = [Cyder Login [Stellar Build]]
[18-01-16] [SYSTEM_IO]: Userdata requested: closeanimation
[18-01-16] [ACTION]: CyderFrame disposed with fastclose: true, CyderFrame: Component name = [cyder.ui.CyderFrame], bounds = [(980, 396, 600, 600)], hash = [198291929], parentFrame = [Object itself is the top level frame], associated text = [No getText() method found], tooltip text = [No getTooltipText() method found], title = [Cyder Splash]
[18-01-16] [HANDLE]: GENERAL COMMAND HANDLED
[18-01-16] [HANDLE]: PRIMARY HANDLE
[18-01-17] [CLIENT_IO]: [LOGIN FRAME] Nathan@CypherLenovo:~$ ogin
[18-01-18] [CLIENT_IO]: [LOGIN FRAME] Nathan@CypherLenovo:~$ l
[18-01-19] [CLIENT_IO]: [LOGIN FRAME] Nathan@CypherLenovo:~$ login
[18-01-20] [CLIENT_IO]: [LOGIN FRAME] Username: nathan
[18-01-20] [LOGIN]: [STD LOGIN, e5a50641-21d1-3654-b738-c0e4b2dc61b1]
[18-01-20] [SYSTEM_IO]: Userdata requested: Name
[18-01-20] [SYSTEM_IO]: Userdata requested: RandomBackground
[18-01-20] [SYSTEM_IO]: Userdata requested: FullScreen
[18-01-20] [SYSTEM_IO]: Userdata requested: Name
[18-01-20] [SYSTEM_IO]: Userdata requested: Foreground [2x]
[18-01-20] [SYSTEM_IO]: Userdata requested: FullScreen [2x]
[18-01-20] [SYSTEM_IO]: Userdata requested: Foreground
[18-01-20] [SYSTEM_IO]: Userdata requested: Font
[18-01-20] [SYSTEM_IO]: Userdata requested: OutputBorder
[18-01-20] [SYSTEM_IO]: Userdata requested: FullScreen
[18-01-20] [SYSTEM_IO]: Userdata requested: InputBorder
[18-01-20] [SYSTEM_IO]: Userdata requested: Foreground [3x]
[18-01-20] [SYSTEM_IO]: Userdata requested: Font
[18-01-20] [SYSTEM_IO]: Userdata requested: OutputFill
[18-01-20] [SYSTEM_IO]: Userdata requested: InputFill
[18-01-20] [ACTION]: CyderFrame disposed with fastclose: true, CyderFrame: Component name = [cyder.ui.CyderFrame], bounds = [(980, 396, 600, 600)], hash = [198291929], parentFrame = [Object itself is the top level frame], associated text = [No getText() method found], tooltip text = [No getTooltipText() method found], title = [Cyder Splash]
[18-01-20] [ACTION]: CyderFrame disposed with fastclose: true, CyderFrame: Component name = [cyder.ui.ConsoleFrame], bounds = [(-2895, -705, 743, 708)], hash = [1885922916], parentFrame = [Object itself is the top level frame], associated text = [No getText() method found], tooltip text = [No getTooltipText() method found], title = [Stellar Cyder [Nathan]]
[18-01-20] [ACTION]: CyderFrame disposed with fastclose: true, CyderFrame: Component name = [cyder.ui.CyderFrame], bounds = [(980, 496, 600, 400)], hash = [745663522], parentFrame = [Object itself is the top level frame], associated text = [No getText() method found], tooltip text = [No getTooltipText() method found], title = [Cyder Login [Stellar Build]]
[18-01-20] [ACTION]: CyderFrame disposed with fastclose: true, CyderFrame: Component name = [cyder.ui.ConsoleFrame], bounds = [(-2560, -705, 743, 708)], hash = [1198818331], parentFrame = [Object itself is the top level frame], associated text = [No getText() method found], tooltip text = [No getTooltipText() method found], title = [Stellar Cyder [Nathan]]
[18-01-20] [ACTION]: CyderFrame disposed with fastclose: true, CyderFrame: Component name = [cyder.ui.CyderFrame], bounds = [(980, 496, 600, 400)], hash = [426599957], parentFrame = [Object itself is the top level frame], associated text = [No getText() method found], tooltip text = [No getTooltipText() method found], title = [Cyder Login [Stellar Build]]
[18-01-21] [ACTION]: Console loaded in 2869ms
[18-01-21] [ACTION]: CyderFrame disposed with fastclose: true, CyderFrame: Component name = [cyder.ui.CyderFrame], bounds = [(980, 496, 600, 400)], hash = [426599957], parentFrame = [Object itself is the top level frame], associated text = [No getText() method found], tooltip text = [No getTooltipText() method found], title = [Cyder Login [Stellar Build]]
[18-01-21] [ACTION]: [Stellar Cyder [Nathan]] [NOTIFICATION] Console loaded in 2869ms
[18-01-21] [SYSTEM_IO]: Userdata requested: DebugWindows
[18-01-21] [ENTRY]: [TESTING MODE]
[18-01-21] [SYSTEM_IO]: Userdata requested: laststart
[18-01-21] [SYSTEM_IO]: Userdata requested: persistentnotifications
[18-01-24] [CLIENT]: logout
[18-01-24] [SYSTEM_IO]: Userdata requested: filterchat
[18-01-24] [SYSTEM_IO]: Userdata requested: Name
[18-01-24] [LOGOUT]: [Nathan]
[18-01-24] [ACTION]: CyderFrame disposed with fastclose: false, CyderFrame: Component name = [cyder.ui.ConsoleFrame], bounds = [(-2658, 1029, 743, 708)], hash = [1719948321], parentFrame = [Object itself is the top level frame], associated text = [No getText() method found], tooltip text = [No getTooltipText() method found], title = [Stellar Cyder [Nathan]]
[18-01-24] [ACTION]: CyderFrame disposed with fastclose: false, CyderFrame: Component name = [cyder.ui.CyderFrame], bounds = [(980, 396, 600, 600)], hash = [198291929], parentFrame = [Object itself is the top level frame], associated text = [No getText() method found], tooltip text = [No getTooltipText() method found], title = [Cyder Splash]
[18-01-24] [ACTION]: CyderFrame disposed with fastclose: false, CyderFrame: Component name = [cyder.ui.ConsoleFrame], bounds = [(-2895, -705, 743, 708)], hash = [1885922916], parentFrame = [Object itself is the top level frame], associated text = [No getText() method found], tooltip text = [No getTooltipText() method found], title = [Stellar Cyder [Nathan]]
[18-01-24] [SYSTEM_IO]: Userdata requested: closeanimation
[18-01-24] [ACTION]: CyderFrame disposed with fastclose: false, CyderFrame: Component name = [cyder.ui.CyderFrame], bounds = [(980, 496, 600, 400)], hash = [745663522], parentFrame = [Object itself is the top level frame], associated text = [No getText() method found], tooltip text = [No getTooltipText() method found], title = [Cyder Login [Stellar Build]]
[18-01-24] [ACTION]: CyderFrame disposed with fastclose: false, CyderFrame: Component name = [cyder.ui.ConsoleFrame], bounds = [(-2560, -705, 743, 708)], hash = [1198818331], parentFrame = [Object itself is the top level frame], associated text = [No getText() method found], tooltip text = [No getTooltipText() method found], title = [Stellar Cyder [Nathan]]
[18-01-24] [ACTION]: CyderFrame disposed with fastclose: false, CyderFrame: Component name = [cyder.ui.CyderFrame], bounds = [(980, 496, 600, 400)], hash = [426599957], parentFrame = [Object itself is the top level frame], associated text = [No getText() method found], tooltip text = [No getTooltipText() method found], title = [Cyder Login [Stellar Build]]
[18-01-24] [ACTION]: CyderFrame disposed with fastclose: false, CyderFrame: Component name = [cyder.ui.ConsoleFrame], bounds = [(-2658, 1029, 743, 708)], hash = [1719948321], parentFrame = [Object itself is the top level frame], associated text = [No getText() method found], tooltip text = [No getTooltipText() method found], title = [Stellar Cyder [Nathan]]
[18-01-24] [ACTION]: CyderFrame disposed with fastclose: true, CyderFrame: Component name = [cyder.ui.CyderFrame], bounds = [(980, 496, 600, 400)], hash = [426599957], parentFrame = [Object itself is the top level frame], associated text = [No getText() method found], tooltip text = [No getTooltipText() method found], title = [Cyder Login [Stellar Build]]
[18-01-24] [SYSTEM_IO]: Userdata requested: closeanimation
[18-01-24] [ACTION]: CyderFrame disposed with fastclose: true, CyderFrame: Component name = [cyder.ui.CyderFrame], bounds = [(980, 396, 600, 600)], hash = [198291929], parentFrame = [Object itself is the top level frame], associated text = [No getText() method found], tooltip text = [No getTooltipText() method found], title = [Cyder Splash]
[18-01-24] [HANDLE]: GENERAL COMMAND HANDLED
[18-01-24] [HANDLE]: PRIMARY HANDLE
[18-01-24] [CLIENT_IO]: [LOGIN FRAME] Nathan@CypherLenovo:~$ ogin
[18-01-25] [CLIENT_IO]: [LOGIN FRAME] Nathan@CypherLenovo:~$ nathan
[18-01-26] [CLIENT_IO]: [LOGIN FRAME] Nathan@CypherLenovo:~$ login
[18-01-27] [CLIENT_IO]: [LOGIN FRAME] Username: nathan
[18-01-28] [LOGIN]: [STD LOGIN, e5a50641-21d1-3654-b738-c0e4b2dc61b1]
[18-01-28] [SYSTEM_IO]: Userdata requested: Name
[18-01-28] [SYSTEM_IO]: Userdata requested: RandomBackground
[18-01-28] [SYSTEM_IO]: Userdata requested: FullScreen
[18-01-28] [SYSTEM_IO]: Userdata requested: Name
[18-01-28] [SYSTEM_IO]: Userdata requested: Foreground [2x]
[18-01-28] [SYSTEM_IO]: Userdata requested: FullScreen [2x]
[18-01-28] [SYSTEM_IO]: Userdata requested: Foreground
[18-01-28] [SYSTEM_IO]: Userdata requested: Font
[18-01-28] [SYSTEM_IO]: Userdata requested: OutputBorder
[18-01-28] [SYSTEM_IO]: Userdata requested: FullScreen
[18-01-28] [SYSTEM_IO]: Userdata requested: InputBorder
[18-01-28] [SYSTEM_IO]: Userdata requested: Foreground [3x]
[18-01-28] [SYSTEM_IO]: Userdata requested: Font
[18-01-28] [SYSTEM_IO]: Userdata requested: OutputFill
[18-01-28] [SYSTEM_IO]: Userdata requested: InputFill
[18-01-28] [ACTION]: CyderFrame disposed with fastclose: true, CyderFrame: Component name = [cyder.ui.CyderFrame], bounds = [(980, 396, 600, 600)], hash = [198291929], parentFrame = [Object itself is the top level frame], associated text = [No getText() method found], tooltip text = [No getTooltipText() method found], title = [Cyder Splash]
[18-01-28] [ACTION]: CyderFrame disposed with fastclose: true, CyderFrame: Component name = [cyder.ui.ConsoleFrame], bounds = [(-2895, -705, 743, 708)], hash = [1885922916], parentFrame = [Object itself is the top level frame], associated text = [No getText() method found], tooltip text = [No getTooltipText() method found], title = [Stellar Cyder [Nathan]]
[18-01-28] [ACTION]: CyderFrame disposed with fastclose: true, CyderFrame: Component name = [cyder.ui.CyderFrame], bounds = [(980, 496, 600, 400)], hash = [745663522], parentFrame = [Object itself is the top level frame], associated text = [No getText() method found], tooltip text = [No getTooltipText() method found], title = [Cyder Login [Stellar Build]]
[18-01-28] [ACTION]: CyderFrame disposed with fastclose: true, CyderFrame: Component name = [cyder.ui.ConsoleFrame], bounds = [(-2560, -705, 743, 708)], hash = [1198818331], parentFrame = [Object itself is the top level frame], associated text = [No getText() method found], tooltip text = [No getTooltipText() method found], title = [Stellar Cyder [Nathan]]
[18-01-28] [ACTION]: CyderFrame disposed with fastclose: true, CyderFrame: Component name = [cyder.ui.CyderFrame], bounds = [(980, 496, 600, 400)], hash = [426599957], parentFrame = [Object itself is the top level frame], associated text = [No getText() method found], tooltip text = [No getTooltipText() method found], title = [Cyder Login [Stellar Build]]
[18-01-28] [ACTION]: CyderFrame disposed with fastclose: true, CyderFrame: Component name = [cyder.ui.ConsoleFrame], bounds = [(-2658, -696, 743, 708)], hash = [1719948321], parentFrame = [Object itself is the top level frame], associated text = [No getText() method found], tooltip text = [No getTooltipText() method found], title = [Stellar Cyder [Nathan]]
[18-01-28] [ACTION]: CyderFrame disposed with fastclose: true, CyderFrame: Component name = [cyder.ui.CyderFrame], bounds = [(980, 496, 600, 400)], hash = [2012936101], parentFrame = [Object itself is the top level frame], associated text = [No getText() method found], tooltip text = [No getTooltipText() method found], title = [Cyder Login [Stellar Build]]
[18-01-28] [ACTION]: Console loaded in 2869ms
[18-01-28] [ACTION]: CyderFrame disposed with fastclose: true, CyderFrame: Component name = [cyder.ui.CyderFrame], bounds = [(980, 496, 600, 400)], hash = [2012936101], parentFrame = [Object itself is the top level frame], associated text = [No getText() method found], tooltip text = [No getTooltipText() method found], title = [Cyder Login [Stellar Build]]
[18-01-28] [ACTION]: [Stellar Cyder [Nathan]] [NOTIFICATION] Console loaded in 2869ms
[18-01-28] [SYSTEM_IO]: Userdata requested: DebugWindows
[18-01-28] [ENTRY]: [TESTING MODE]
[18-01-28] [SYSTEM_IO]: Userdata requested: laststart
[18-01-29] [SYSTEM_IO]: Userdata requested: persistentnotifications
[18-01-33] [SYSTEM_IO]: Userdata requested: minimizeonclose
[18-01-33] [SYSTEM_IO]: Userdata requested: Name
[18-01-33] [LOGOUT]: [Nathan]
[18-01-33] [ACTION]: CyderFrame disposed with fastclose: false, CyderFrame: Component name = [cyder.ui.ConsoleFrame], bounds = [(-2560, 0, 743, 708)], hash = [2021946915], parentFrame = [Object itself is the top level frame], associated text = [No getText() method found], tooltip text = [No getTooltipText() method found], title = [Stellar Cyder [Nathan]]
[18-01-33] [SYSTEM_IO]: Userdata requested: closeanimation
[18-01-34] [EXIT]: [RUNTIME] 30s
[18-01-34] [EOL]: Log completed, exiting Cyder with exit code: 25 [Genesis Controlled Exit], exceptions thrown: 0
