[18-17-26] [ENTRY]: [Nathan]
[18-17-26] [SYSTEM_IO]: System data pared in IOUtil's static block
[18-17-26] [SYSTEM_IO]: Suggestions pared in IOUtil's static block
[18-17-26] [SYSTEM_IO]: Exit conditions pared in IOUtil's static block
[18-17-26] [SYSTEM_IO]: DebugHashes pared in IOUtil's static block
[18-17-27] [LOGIN]: [AUTOCYPHER ATTEMPT]
[18-17-27] [JAVA ARGS]: [LOCATION] [La casa de Nathan]
[18-17-28] [LOGIN]: [AUTOCYPHER PASS, e5a50641-21d1-3654-b738-c0e4b2dc61b1]
[18-17-28] [SYSTEM_IO]: Userdata requested: Name
[18-17-28] [SYSTEM_IO]: Userdata requested: RandomBackground
[18-17-28] [SYSTEM_IO]: Userdata requested: FullScreen
[18-17-28] [SYSTEM_IO]: Userdata requested: Name
[18-17-28] [SYSTEM_IO]: Userdata requested: Foreground
[18-17-28] [SYSTEM_IO]: Userdata requested: Foreground
[18-17-28] [SYSTEM_IO]: Userdata requested: FullScreen
[18-17-28] [SYSTEM_IO]: Userdata requested: FullScreen
[18-17-28] [SYSTEM_IO]: Userdata requested: Foreground
[18-17-28] [SYSTEM_IO]: Userdata requested: Font
[18-17-28] [SYSTEM_IO]: Userdata requested: OutputBorder
[18-17-28] [SYSTEM_IO]: Userdata requested: FullScreen
[18-17-28] [SYSTEM_IO]: Userdata requested: InputBorder
[18-17-28] [SYSTEM_IO]: Userdata requested: Foreground
[18-17-28] [SYSTEM_IO]: Userdata requested: Foreground
[18-17-28] [SYSTEM_IO]: Userdata requested: Foreground
[18-17-28] [SYSTEM_IO]: Userdata requested: Font
[18-17-28] [SYSTEM_IO]: Userdata requested: OutputFill
[18-17-28] [SYSTEM_IO]: Userdata requested: InputFill
[18-17-28] [ACTION]: CyderFrame disposed with fastclose: true, CyderFrame: Component name = [cyder.ui.CyderFrame], bounds = [(980, 396, 600, 600)], hash = [857375940], parentFrame = [Object itself is the top level frame], associated text = [No getText() method found], tooltip text = [No getTooltipText() method found], title = [Cyder Splash]
[18-17-28] [ACTION]: Console loaded in 2975ms
[18-17-28] [SYSTEM_IO]: Userdata requested: DebugWindows
[18-17-28] [ENTRY]: [TESTING MODE]
[18-17-28] [SYSTEM_IO]: Userdata requested: laststart
[18-17-28] [ACTION]: [Stellar Cyder [Nathan]] [NOTIFICATION] Console loaded in 2975ms
[18-17-29] [SYSTEM_IO]: Userdata requested: persistentnotifications
[18-17-33] [CLIENT]: logout
[18-17-33] [SYSTEM_IO]: Userdata requested: filterchat
[18-17-33] [SYSTEM_IO]: Userdata requested: Name
[18-17-33] [LOGOUT]: [Nathan]
[18-17-33] [ACTION]: CyderFrame disposed with fastclose: false, CyderFrame: Component name = [cyder.ui.ConsoleFrame], bounds = [(-177, 523, 743, 708)], hash = [1345900725], parentFrame = [Object itself is the top level frame], associated text = [No getText() method found], tooltip text = [No getTooltipText() method found], title = [Stellar Cyder [Nathan]]
[18-17-33] [ACTION]: CyderFrame disposed with fastclose: false, CyderFrame: Component name = [cyder.ui.CyderFrame], bounds = [(980, 396, 600, 600)], hash = [857375940], parentFrame = [Object itself is the top level frame], associated text = [No getText() method found], tooltip text = [No getTooltipText() method found], title = [Cyder Splash]
[18-17-33] [ACTION]: CyderFrame disposed with fastclose: false, CyderFrame: Component name = [cyder.ui.ConsoleFrame], bounds = [(-177, 523, 743, 708)], hash = [1345900725], parentFrame = [Object itself is the top level frame], associated text = [No getText() method found], tooltip text = [No getTooltipText() method found], title = [Stellar Cyder [Nathan]]
[18-17-33] [SYSTEM_IO]: Userdata requested: closeanimation
[18-17-33] [SYSTEM_IO]: Userdata requested: closeanimation
[18-17-34] [ACTION]: CyderFrame disposed with fastclose: true, CyderFrame: Component name = [cyder.ui.CyderFrame], bounds = [(980, 396, 600, 600)], hash = [857375940], parentFrame = [Object itself is the top level frame], associated text = [No getText() method found], tooltip text = [No getTooltipText() method found], title = [Cyder Splash]
[18-17-34] [HANDLE]: GENERAL COMMAND HANDLED
[18-17-34] [HANDLE]: PRIMARY HANDLE
[18-17-34] [CLIENT_IO]: [LOGIN FRAME] Nathan@CypherLenovo:~$ login
[18-17-35] [CLIENT_IO]: [LOGIN FRAME] Username: nathan
[18-17-36] [LOGIN]: [STD LOGIN, e5a50641-21d1-3654-b738-c0e4b2dc61b1]
[18-17-36] [SYSTEM_IO]: Userdata requested: Name
[18-17-36] [SYSTEM_IO]: Userdata requested: RandomBackground
[18-17-36] [SYSTEM_IO]: Userdata requested: FullScreen
[18-17-36] [SYSTEM_IO]: Userdata requested: Name
[18-17-36] [SYSTEM_IO]: Userdata requested: Foreground
[18-17-36] [SYSTEM_IO]: Userdata requested: Foreground
[18-17-36] [SYSTEM_IO]: Userdata requested: FullScreen
[18-17-36] [SYSTEM_IO]: Userdata requested: FullScreen
[18-17-36] [SYSTEM_IO]: Userdata requested: Foreground
[18-17-36] [SYSTEM_IO]: Userdata requested: Font
[18-17-36] [SYSTEM_IO]: Userdata requested: OutputBorder
[18-17-36] [SYSTEM_IO]: Userdata requested: FullScreen
[18-17-36] [SYSTEM_IO]: Userdata requested: InputBorder
[18-17-36] [SYSTEM_IO]: Userdata requested: Foreground
[18-17-36] [SYSTEM_IO]: Userdata requested: Foreground
[18-17-36] [SYSTEM_IO]: Userdata requested: Foreground
[18-17-36] [SYSTEM_IO]: Userdata requested: Font
[18-17-36] [SYSTEM_IO]: Userdata requested: OutputFill
[18-17-36] [SYSTEM_IO]: Userdata requested: InputFill
[18-17-36] [ACTION]: CyderFrame disposed with fastclose: true, CyderFrame: Component name = [cyder.ui.CyderFrame], bounds = [(980, 396, 600, 600)], hash = [857375940], parentFrame = [Object itself is the top level frame], associated text = [No getText() method found], tooltip text = [No getTooltipText() method found], title = [Cyder Splash]
[18-17-36] [ACTION]: CyderFrame disposed with fastclose: true, CyderFrame: Component name = [cyder.ui.ConsoleFrame], bounds = [(-177, -707, 743, 708)], hash = [1345900725], parentFrame = [Object itself is the top level frame], associated text = [No getText() method found], tooltip text = [No getTooltipText() method found], title = [Stellar Cyder [Nathan]]
[18-17-36] [ACTION]: CyderFrame disposed with fastclose: true, CyderFrame: Component name = [cyder.ui.CyderFrame], bounds = [(980, 496, 600, 400)], hash = [1176177627], parentFrame = [Object itself is the top level frame], associated text = [No getText() method found], tooltip text = [No getTooltipText() method found], title = [Cyder Login [Stellar Build]]
[18-17-36] [ACTION]: Console loaded in 2975ms
[18-17-36] [ACTION]: CyderFrame disposed with fastclose: true, CyderFrame: Component name = [cyder.ui.CyderFrame], bounds = [(980, 496, 600, 400)], hash = [1176177627], parentFrame = [Object itself is the top level frame], associated text = [No getText() method found], tooltip text = [No getTooltipText() method found], title = [Cyder Login [Stellar Build]]
[18-17-36] [ACTION]: [Stellar Cyder [Nathan]] [NOTIFICATION] Console loaded in 2975ms
[18-17-36] [SYSTEM_IO]: Userdata requested: DebugWindows
[18-17-36] [ENTRY]: [TESTING MODE]
[18-17-36] [SYSTEM_IO]: Userdata requested: laststart
[18-17-36] [SYSTEM_IO]: Userdata requested: persistentnotifications
[18-17-37] [CLIENT]: login
[18-17-37] [SYSTEM_IO]: Userdata requested: filterchat
[18-17-37] [ACTION]: CyderFrame disposed with fastclose: true, CyderFrame: Component name = [cyder.ui.CyderFrame], bounds = [(980, 496, 600, 400)], hash = [1176177627], parentFrame = [Object itself is the top level frame], associated text = [No getText() method found], tooltip text = [No getTooltipText() method found], title = [Cyder Login [Stellar Build]]
[18-17-37] [ACTION]: CyderFrame disposed with fastclose: true, CyderFrame: Component name = [cyder.ui.CyderFrame], bounds = [(980, 396, 600, 600)], hash = [857375940], parentFrame = [Object itself is the top level frame], associated text = [No getText() method found], tooltip text = [No getTooltipText() method found], title = [Cyder Splash]
[18-17-37] [HANDLE]: PRIMARY HANDLE
[18-17-37] [CONSOLE_OUT]: [STRING] Opening widget: cyder.handlers.internal.LoginHandler
[18-17-38] [CLIENT_IO]: [LOGIN FRAME] Nathan@CypherLenovo:~$ nathan
[18-17-39] [CLIENT_IO]: [LOGIN FRAME] Nathan@CypherLenovo:~$ 13201320
[18-17-40] [CLIENT_IO]: [LOGIN FRAME] Nathan@CypherLenovo:~$ login
[18-17-40] [CLIENT_IO]: [LOGIN FRAME] Username: nathan
[18-17-41] [LOGIN]: [STD LOGIN, e5a50641-21d1-3654-b738-c0e4b2dc61b1]
[18-17-41] [SYSTEM_IO]: Userdata requested: Name
[18-17-41] [LOGOUT]: [Nathan]
[18-17-41] [ACTION]: CyderFrame disposed with fastclose: false, CyderFrame: Component name = [cyder.ui.ConsoleFrame], bounds = [(0, 523, 743, 708)], hash = [515769913], parentFrame = [Object itself is the top level frame], associated text = [No getText() method found], tooltip text = [No getTooltipText() method found], title = [Stellar Cyder [Nathan]]
[18-17-41] [SYSTEM_IO]: Userdata requested: closeanimation
[18-17-41] [SYSTEM_IO]: Userdata requested: Name
[18-17-41] [SYSTEM_IO]: Userdata requested: RandomBackground
[18-17-41] [SYSTEM_IO]: Userdata requested: FullScreen
[18-17-41] [SYSTEM_IO]: Userdata requested: Name
[18-17-41] [SYSTEM_IO]: Userdata requested: Foreground
[18-17-41] [SYSTEM_IO]: Userdata requested: Foreground
[18-17-41] [SYSTEM_IO]: Userdata requested: FullScreen
[18-17-41] [SYSTEM_IO]: Userdata requested: FullScreen
[18-17-41] [SYSTEM_IO]: Userdata requested: Foreground
[18-17-41] [SYSTEM_IO]: Userdata requested: Font
[18-17-41] [SYSTEM_IO]: Userdata requested: OutputBorder
[18-17-41] [SYSTEM_IO]: Userdata requested: FullScreen
[18-17-41] [SYSTEM_IO]: Userdata requested: InputBorder
[18-17-41] [SYSTEM_IO]: Userdata requested: Foreground
[18-17-41] [SYSTEM_IO]: Userdata requested: Foreground
[18-17-41] [SYSTEM_IO]: Userdata requested: Foreground
[18-17-41] [SYSTEM_IO]: Userdata requested: Font
[18-17-41] [SYSTEM_IO]: Userdata requested: OutputFill
[18-17-41] [SYSTEM_IO]: Userdata requested: InputFill
[18-17-41] [ACTION]: CyderFrame disposed with fastclose: true, CyderFrame: Component name = [cyder.ui.CyderFrame], bounds = [(980, 396, 600, 600)], hash = [857375940], parentFrame = [Object itself is the top level frame], associated text = [No getText() method found], tooltip text = [No getTooltipText() method found], title = [Cyder Splash]
[18-17-41] [ACTION]: CyderFrame disposed with fastclose: true, CyderFrame: Component name = [cyder.ui.ConsoleFrame], bounds = [(-177, -707, 743, 708)], hash = [1345900725], parentFrame = [Object itself is the top level frame], associated text = [No getText() method found], tooltip text = [No getTooltipText() method found], title = [Stellar Cyder [Nathan]]
[18-17-41] [ACTION]: CyderFrame disposed with fastclose: true, CyderFrame: Component name = [cyder.ui.CyderFrame], bounds = [(980, 496, 600, 400)], hash = [1176177627], parentFrame = [Object itself is the top level frame], associated text = [No getText() method found], tooltip text = [No getTooltipText() method found], title = [Cyder Login [Stellar Build]]
[18-17-41] [ACTION]: CyderFrame disposed with fastclose: true, CyderFrame: Component name = [cyder.ui.ConsoleFrame], bounds = [(0, -707, 743, 708)], hash = [515769913], parentFrame = [Object itself is the top level frame], associated text = [No getText() method found], tooltip text = [No getTooltipText() method found], title = [Stellar Cyder [Nathan]]
[18-17-41] [ACTION]: CyderFrame disposed with fastclose: true, CyderFrame: Component name = [cyder.ui.CyderFrame], bounds = [(71, 677, 600, 400)], hash = [1140453459], parentFrame = [Object itself is the top level frame], associated text = [No getText() method found], tooltip text = [No getTooltipText() method found], title = [Cyder Login [Stellar Build]]
[18-17-42] [ACTION]: Console loaded in 2975ms
[18-17-42] [ACTION]: CyderFrame disposed with fastclose: true, CyderFrame: Component name = [cyder.ui.CyderFrame], bounds = [(71, 677, 600, 400)], hash = [1140453459], parentFrame = [Object itself is the top level frame], associated text = [No getText() method found], tooltip text = [No getTooltipText() method found], title = [Cyder Login [Stellar Build]]
[18-17-42] [ACTION]: [Stellar Cyder [Nathan]] [NOTIFICATION] Console loaded in 2975ms
[18-17-42] [SYSTEM_IO]: Userdata requested: DebugWindows
[18-17-42] [ENTRY]: [TESTING MODE]
[18-17-42] [SYSTEM_IO]: Userdata requested: laststart
[18-17-42] [SYSTEM_IO]: Userdata requested: persistentnotifications
[18-17-43] [CLIENT]: logout
[18-17-43] [SYSTEM_IO]: Userdata requested: filterchat
[18-17-43] [SYSTEM_IO]: Userdata requested: Name
[18-17-43] [LOGOUT]: [Nathan]
[18-17-43] [ACTION]: CyderFrame disposed with fastclose: false, CyderFrame: Component name = [cyder.ui.ConsoleFrame], bounds = [(0, 523, 743, 708)], hash = [1704464705], parentFrame = [Object itself is the top level frame], associated text = [No getText() method found], tooltip text = [No getTooltipText() method found], title = [Stellar Cyder [Nathan]]
[18-17-43] [ACTION]: CyderFrame disposed with fastclose: false, CyderFrame: Component name = [cyder.ui.CyderFrame], bounds = [(980, 396, 600, 600)], hash = [857375940], parentFrame = [Object itself is the top level frame], associated text = [No getText() method found], tooltip text = [No getTooltipText() method found], title = [Cyder Splash]
[18-17-43] [ACTION]: CyderFrame disposed with fastclose: false, CyderFrame: Component name = [cyder.ui.ConsoleFrame], bounds = [(-177, -707, 743, 708)], hash = [1345900725], parentFrame = [Object itself is the top level frame], associated text = [No getText() method found], tooltip text = [No getTooltipText() method found], title = [Stellar Cyder [Nathan]]
[18-17-43] [SYSTEM_IO]: Userdata requested: closeanimation
[18-17-43] [ACTION]: CyderFrame disposed with fastclose: false, CyderFrame: Component name = [cyder.ui.CyderFrame], bounds = [(980, 496, 600, 400)], hash = [1176177627], parentFrame = [Object itself is the top level frame], associated text = [No getText() method found], tooltip text = [No getTooltipText() method found], title = [Cyder Login [Stellar Build]]
[18-17-43] [ACTION]: CyderFrame disposed with fastclose: false, CyderFrame: Component name = [cyder.ui.ConsoleFrame], bounds = [(0, -707, 743, 708)], hash = [515769913], parentFrame = [Object itself is the top level frame], associated text = [No getText() method found], tooltip text = [No getTooltipText() method found], title = [Stellar Cyder [Nathan]]
[18-17-43] [ACTION]: CyderFrame disposed with fastclose: false, CyderFrame: Component name = [cyder.ui.CyderFrame], bounds = [(71, 677, 600, 400)], hash = [1140453459], parentFrame = [Object itself is the top level frame], associated text = [No getText() method found], tooltip text = [No getTooltipText() method found], title = [Cyder Login [Stellar Build]]
[18-17-43] [ACTION]: CyderFrame disposed with fastclose: false, CyderFrame: Component name = [cyder.ui.ConsoleFrame], bounds = [(0, 523, 743, 708)], hash = [1704464705], parentFrame = [Object itself is the top level frame], associated text = [No getText() method found], tooltip text = [No getTooltipText() method found], title = [Stellar Cyder [Nathan]]
[18-17-43] [ACTION]: CyderFrame disposed with fastclose: true, CyderFrame: Component name = [cyder.ui.CyderFrame], bounds = [(71, 677, 600, 400)], hash = [1140453459], parentFrame = [Object itself is the top level frame], associated text = [No getText() method found], tooltip text = [No getTooltipText() method found], title = [Cyder Login [Stellar Build]]
[18-17-43] [SYSTEM_IO]: Userdata requested: closeanimation
[18-17-43] [ACTION]: CyderFrame disposed with fastclose: true, CyderFrame: Component name = [cyder.ui.CyderFrame], bounds = [(980, 396, 600, 600)], hash = [857375940], parentFrame = [Object itself is the top level frame], associated text = [No getText() method found], tooltip text = [No getTooltipText() method found], title = [Cyder Splash]
[18-17-43] [HANDLE]: GENERAL COMMAND HANDLED
[18-17-43] [HANDLE]: PRIMARY HANDLE
[18-17-44] [CLIENT_IO]: [LOGIN FRAME] Nathan@CypherLenovo:~$ login
[18-17-44] [CLIENT_IO]: [LOGIN FRAME] Username: nathan
[18-17-45] [LOGIN]: [STD LOGIN, e5a50641-21d1-3654-b738-c0e4b2dc61b1]
[18-17-45] [SYSTEM_IO]: Userdata requested: Name
[18-17-45] [SYSTEM_IO]: Userdata requested: RandomBackground
[18-17-45] [SYSTEM_IO]: Userdata requested: FullScreen
[18-17-45] [SYSTEM_IO]: Userdata requested: Name
[18-17-45] [SYSTEM_IO]: Userdata requested: Foreground
[18-17-45] [SYSTEM_IO]: Userdata requested: Foreground
[18-17-45] [SYSTEM_IO]: Userdata requested: FullScreen
[18-17-45] [SYSTEM_IO]: Userdata requested: FullScreen
[18-17-45] [SYSTEM_IO]: Userdata requested: Foreground
[18-17-45] [SYSTEM_IO]: Userdata requested: Font
[18-17-45] [SYSTEM_IO]: Userdata requested: OutputBorder
[18-17-45] [SYSTEM_IO]: Userdata requested: FullScreen
[18-17-45] [SYSTEM_IO]: Userdata requested: InputBorder
[18-17-45] [SYSTEM_IO]: Userdata requested: Foreground
[18-17-45] [SYSTEM_IO]: Userdata requested: Foreground
[18-17-45] [SYSTEM_IO]: Userdata requested: Foreground
[18-17-45] [SYSTEM_IO]: Userdata requested: Font
[18-17-45] [SYSTEM_IO]: Userdata requested: OutputFill
[18-17-45] [SYSTEM_IO]: Userdata requested: InputFill
[18-17-45] [ACTION]: CyderFrame disposed with fastclose: true, CyderFrame: Component name = [cyder.ui.CyderFrame], bounds = [(980, 396, 600, 600)], hash = [857375940], parentFrame = [Object itself is the top level frame], associated text = [No getText() method found], tooltip text = [No getTooltipText() method found], title = [Cyder Splash]
[18-17-45] [ACTION]: CyderFrame disposed with fastclose: true, CyderFrame: Component name = [cyder.ui.ConsoleFrame], bounds = [(-177, -707, 743, 708)], hash = [1345900725], parentFrame = [Object itself is the top level frame], associated text = [No getText() method found], tooltip text = [No getTooltipText() method found], title = [Stellar Cyder [Nathan]]
[18-17-45] [ACTION]: CyderFrame disposed with fastclose: true, CyderFrame: Component name = [cyder.ui.CyderFrame], bounds = [(980, 496, 600, 400)], hash = [1176177627], parentFrame = [Object itself is the top level frame], associated text = [No getText() method found], tooltip text = [No getTooltipText() method found], title = [Cyder Login [Stellar Build]]
[18-17-45] [ACTION]: CyderFrame disposed with fastclose: true, CyderFrame: Component name = [cyder.ui.ConsoleFrame], bounds = [(0, -707, 743, 708)], hash = [515769913], parentFrame = [Object itself is the top level frame], associated text = [No getText() method found], tooltip text = [No getTooltipText() method found], title = [Stellar Cyder [Nathan]]
[18-17-45] [ACTION]: CyderFrame disposed with fastclose: true, CyderFrame: Component name = [cyder.ui.CyderFrame], bounds = [(71, 677, 600, 400)], hash = [1140453459], parentFrame = [Object itself is the top level frame], associated text = [No getText() method found], tooltip text = [No getTooltipText() method found], title = [Cyder Login [Stellar Build]]
[18-17-45] [ACTION]: CyderFrame disposed with fastclose: true, CyderFrame: Component name = [cyder.ui.ConsoleFrame], bounds = [(0, -707, 743, 708)], hash = [1704464705], parentFrame = [Object itself is the top level frame], associated text = [No getText() method found], tooltip text = [No getTooltipText() method found], title = [Stellar Cyder [Nathan]]
[18-17-45] [ACTION]: CyderFrame disposed with fastclose: true, CyderFrame: Component name = [cyder.ui.CyderFrame], bounds = [(980, 496, 600, 400)], hash = [1128728626], parentFrame = [Object itself is the top level frame], associated text = [No getText() method found], tooltip text = [No getTooltipText() method found], title = [Cyder Login [Stellar Build]]
[18-17-45] [ACTION]: Console loaded in 2975ms
[18-17-45] [ACTION]: CyderFrame disposed with fastclose: true, CyderFrame: Component name = [cyder.ui.CyderFrame], bounds = [(980, 496, 600, 400)], hash = [1128728626], parentFrame = [Object itself is the top level frame], associated text = [No getText() method found], tooltip text = [No getTooltipText() method found], title = [Cyder Login [Stellar Build]]
[18-17-45] [ACTION]: [Stellar Cyder [Nathan]] [NOTIFICATION] Console loaded in 2975ms
[18-17-45] [SYSTEM_IO]: Userdata requested: DebugWindows
[18-17-45] [ENTRY]: [TESTING MODE]
[18-17-45] [SYSTEM_IO]: Userdata requested: laststart
[18-17-45] [SYSTEM_IO]: Userdata requested: persistentnotifications
[18-17-48] [CLIENT]: logout
[18-17-48] [SYSTEM_IO]: Userdata requested: filterchat
[18-17-48] [SYSTEM_IO]: Userdata requested: Name
[18-17-48] [LOGOUT]: [Nathan]
[18-17-48] [ACTION]: CyderFrame disposed with fastclose: false, CyderFrame: Component name = [cyder.ui.ConsoleFrame], bounds = [(0, 523, 743, 708)], hash = [2147207898], parentFrame = [Object itself is the top level frame], associated text = [No getText() method found], tooltip text = [No getTooltipText() method found], title = [Stellar Cyder [Nathan]]
[18-17-48] [ACTION]: CyderFrame disposed with fastclose: false, CyderFrame: Component name = [cyder.ui.CyderFrame], bounds = [(980, 396, 600, 600)], hash = [857375940], parentFrame = [Object itself is the top level frame], associated text = [No getText() method found], tooltip text = [No getTooltipText() method found], title = [Cyder Splash]
[18-17-48] [ACTION]: CyderFrame disposed with fastclose: false, CyderFrame: Component name = [cyder.ui.ConsoleFrame], bounds = [(-177, -707, 743, 708)], hash = [1345900725], parentFrame = [Object itself is the top level frame], associated text = [No getText() method found], tooltip text = [No getTooltipText() method found], title = [Stellar Cyder [Nathan]]
[18-17-48] [SYSTEM_IO]: Userdata requested: closeanimation
[18-17-48] [ACTION]: CyderFrame disposed with fastclose: false, CyderFrame: Component name = [cyder.ui.CyderFrame], bounds = [(980, 496, 600, 400)], hash = [1176177627], parentFrame = [Object itself is the top level frame], associated text = [No getText() method found], tooltip text = [No getTooltipText() method found], title = [Cyder Login [Stellar Build]]
[18-17-48] [ACTION]: CyderFrame disposed with fastclose: false, CyderFrame: Component name = [cyder.ui.ConsoleFrame], bounds = [(0, -707, 743, 708)], hash = [515769913], parentFrame = [Object itself is the top level frame], associated text = [No getText() method found], tooltip text = [No getTooltipText() method found], title = [Stellar Cyder [Nathan]]
[18-17-48] [ACTION]: CyderFrame disposed with fastclose: false, CyderFrame: Component name = [cyder.ui.CyderFrame], bounds = [(71, 677, 600, 400)], hash = [1140453459], parentFrame = [Object itself is the top level frame], associated text = [No getText() method found], tooltip text = [No getTooltipText() method found], title = [Cyder Login [Stellar Build]]
[18-17-48] [ACTION]: CyderFrame disposed with fastclose: false, CyderFrame: Component name = [cyder.ui.ConsoleFrame], bounds = [(0, -707, 743, 708)], hash = [1704464705], parentFrame = [Object itself is the top level frame], associated text = [No getText() method found], tooltip text = [No getTooltipText() method found], title = [Stellar Cyder [Nathan]]
[18-17-48] [ACTION]: CyderFrame disposed with fastclose: false, CyderFrame: Component name = [cyder.ui.CyderFrame], bounds = [(980, 496, 600, 400)], hash = [1128728626], parentFrame = [Object itself is the top level frame], associated text = [No getText() method found], tooltip text = [No getTooltipText() method found], title = [Cyder Login [Stellar Build]]
[18-17-48] [ACTION]: CyderFrame disposed with fastclose: false, CyderFrame: Component name = [cyder.ui.ConsoleFrame], bounds = [(0, 523, 743, 708)], hash = [2147207898], parentFrame = [Object itself is the top level frame], associated text = [No getText() method found], tooltip text = [No getTooltipText() method found], title = [Stellar Cyder [Nathan]]
[18-17-48] [ACTION]: CyderFrame disposed with fastclose: true, CyderFrame: Component name = [cyder.ui.CyderFrame], bounds = [(980, 496, 600, 400)], hash = [1128728626], parentFrame = [Object itself is the top level frame], associated text = [No getText() method found], tooltip text = [No getTooltipText() method found], title = [Cyder Login [Stellar Build]]
[18-17-48] [SYSTEM_IO]: Userdata requested: closeanimation
[18-17-48] [ACTION]: CyderFrame disposed with fastclose: true, CyderFrame: Component name = [cyder.ui.CyderFrame], bounds = [(980, 396, 600, 600)], hash = [857375940], parentFrame = [Object itself is the top level frame], associated text = [No getText() method found], tooltip text = [No getTooltipText() method found], title = [Cyder Splash]
[18-17-48] [HANDLE]: GENERAL COMMAND HANDLED
[18-17-48] [HANDLE]: PRIMARY HANDLE
[18-17-49] [CLIENT_IO]: [LOGIN FRAME] Nathan@CypherLenovo:~$ ogin
[18-17-50] [CLIENT_IO]: [LOGIN FRAME] Nathan@CypherLenovo:~$ login
[18-17-50] [CLIENT_IO]: [LOGIN FRAME] Username: nathan
[18-17-51] [LOGIN]: [STD LOGIN, e5a50641-21d1-3654-b738-c0e4b2dc61b1]
[18-17-51] [SYSTEM_IO]: Userdata requested: Name
[18-17-51] [SYSTEM_IO]: Userdata requested: RandomBackground
[18-17-51] [SYSTEM_IO]: Userdata requested: FullScreen
[18-17-51] [SYSTEM_IO]: Userdata requested: Name
[18-17-51] [SYSTEM_IO]: Userdata requested: Foreground
[18-17-51] [SYSTEM_IO]: Userdata requested: Foreground
[18-17-51] [SYSTEM_IO]: Userdata requested: FullScreen
[18-17-51] [SYSTEM_IO]: Userdata requested: FullScreen
[18-17-51] [SYSTEM_IO]: Userdata requested: Foreground
[18-17-51] [SYSTEM_IO]: Userdata requested: Font
[18-17-51] [SYSTEM_IO]: Userdata requested: OutputBorder
[18-17-51] [SYSTEM_IO]: Userdata requested: FullScreen
[18-17-51] [SYSTEM_IO]: Userdata requested: InputBorder
[18-17-51] [SYSTEM_IO]: Userdata requested: Foreground
[18-17-51] [SYSTEM_IO]: Userdata requested: Foreground
[18-17-51] [SYSTEM_IO]: Userdata requested: Foreground
[18-17-51] [SYSTEM_IO]: Userdata requested: Font
[18-17-51] [SYSTEM_IO]: Userdata requested: OutputFill
[18-17-51] [SYSTEM_IO]: Userdata requested: InputFill
[18-17-51] [ACTION]: CyderFrame disposed with fastclose: true, CyderFrame: Component name = [cyder.ui.CyderFrame], bounds = [(980, 396, 600, 600)], hash = [857375940], parentFrame = [Object itself is the top level frame], associated text = [No getText() method found], tooltip text = [No getTooltipText() method found], title = [Cyder Splash]
[18-17-51] [ACTION]: CyderFrame disposed with fastclose: true, CyderFrame: Component name = [cyder.ui.ConsoleFrame], bounds = [(-177, -707, 743, 708)], hash = [1345900725], parentFrame = [Object itself is the top level frame], associated text = [No getText() method found], tooltip text = [No getTooltipText() method found], title = [Stellar Cyder [Nathan]]
[18-17-51] [ACTION]: CyderFrame disposed with fastclose: true, CyderFrame: Component name = [cyder.ui.CyderFrame], bounds = [(980, 496, 600, 400)], hash = [1176177627], parentFrame = [Object itself is the top level frame], associated text = [No getText() method found], tooltip text = [No getTooltipText() method found], title = [Cyder Login [Stellar Build]]
[18-17-51] [ACTION]: CyderFrame disposed with fastclose: true, CyderFrame: Component name = [cyder.ui.ConsoleFrame], bounds = [(0, -707, 743, 708)], hash = [515769913], parentFrame = [Object itself is the top level frame], associated text = [No getText() method found], tooltip text = [No getTooltipText() method found], title = [Stellar Cyder [Nathan]]
[18-17-51] [ACTION]: CyderFrame disposed with fastclose: true, CyderFrame: Component name = [cyder.ui.CyderFrame], bounds = [(71, 677, 600, 400)], hash = [1140453459], parentFrame = [Object itself is the top level frame], associated text = [No getText() method found], tooltip text = [No getTooltipText() method found], title = [Cyder Login [Stellar Build]]
[18-17-51] [ACTION]: CyderFrame disposed with fastclose: true, CyderFrame: Component name = [cyder.ui.ConsoleFrame], bounds = [(0, -707, 743, 708)], hash = [1704464705], parentFrame = [Object itself is the top level frame], associated text = [No getText() method found], tooltip text = [No getTooltipText() method found], title = [Stellar Cyder [Nathan]]
[18-17-51] [ACTION]: CyderFrame disposed with fastclose: true, CyderFrame: Component name = [cyder.ui.CyderFrame], bounds = [(980, 496, 600, 400)], hash = [1128728626], parentFrame = [Object itself is the top level frame], associated text = [No getText() method found], tooltip text = [No getTooltipText() method found], title = [Cyder Login [Stellar Build]]
[18-17-51] [ACTION]: CyderFrame disposed with fastclose: true, CyderFrame: Component name = [cyder.ui.ConsoleFrame], bounds = [(0, -707, 743, 708)], hash = [2147207898], parentFrame = [Object itself is the top level frame], associated text = [No getText() method found], tooltip text = [No getTooltipText() method found], title = [Stellar Cyder [Nathan]]
[18-17-51] [ACTION]: CyderFrame disposed with fastclose: true, CyderFrame: Component name = [cyder.ui.CyderFrame], bounds = [(980, 496, 600, 400)], hash = [493830345], parentFrame = [Object itself is the top level frame], associated text = [No getText() method found], tooltip text = [No getTooltipText() method found], title = [Cyder Login [Stellar Build]]
[18-17-51] [ACTION]: Console loaded in 2975ms
[18-17-51] [ACTION]: CyderFrame disposed with fastclose: true, CyderFrame: Component name = [cyder.ui.CyderFrame], bounds = [(980, 496, 600, 400)], hash = [493830345], parentFrame = [Object itself is the top level frame], associated text = [No getText() method found], tooltip text = [No getTooltipText() method found], title = [Cyder Login [Stellar Build]]
[18-17-51] [ACTION]: [Stellar Cyder [Nathan]] [NOTIFICATION] Console loaded in 2975ms
[18-17-51] [SYSTEM_IO]: Userdata requested: DebugWindows
[18-17-51] [ENTRY]: [TESTING MODE]
[18-17-51] [SYSTEM_IO]: Userdata requested: laststart
[18-17-51] [SYSTEM_IO]: Userdata requested: persistentnotifications
[18-17-53] [CLIENT]: logout
[18-17-53] [SYSTEM_IO]: Userdata requested: filterchat
[18-17-53] [SYSTEM_IO]: Userdata requested: Name
[18-17-53] [LOGOUT]: [Nathan]
[18-17-53] [ACTION]: CyderFrame disposed with fastclose: false, CyderFrame: Component name = [cyder.ui.ConsoleFrame], bounds = [(-153, 803, 743, 708)], hash = [1250126532], parentFrame = [Object itself is the top level frame], associated text = [No getText() method found], tooltip text = [No getTooltipText() method found], title = [Stellar Cyder [Nathan]]
[18-17-53] [ACTION]: CyderFrame disposed with fastclose: false, CyderFrame: Component name = [cyder.ui.CyderFrame], bounds = [(980, 396, 600, 600)], hash = [857375940], parentFrame = [Object itself is the top level frame], associated text = [No getText() method found], tooltip text = [No getTooltipText() method found], title = [Cyder Splash]
[18-17-53] [ACTION]: CyderFrame disposed with fastclose: false, CyderFrame: Component name = [cyder.ui.ConsoleFrame], bounds = [(-177, -707, 743, 708)], hash = [1345900725], parentFrame = [Object itself is the top level frame], associated text = [No getText() method found], tooltip text = [No getTooltipText() method found], title = [Stellar Cyder [Nathan]]
[18-17-53] [ACTION]: CyderFrame disposed with fastclose: false, CyderFrame: Component name = [cyder.ui.CyderFrame], bounds = [(980, 496, 600, 400)], hash = [1176177627], parentFrame = [Object itself is the top level frame], associated text = [No getText() method found], tooltip text = [No getTooltipText() method found], title = [Cyder Login [Stellar Build]]
[18-17-53] [SYSTEM_IO]: Userdata requested: closeanimation
[18-17-53] [ACTION]: CyderFrame disposed with fastclose: false, CyderFrame: Component name = [cyder.ui.ConsoleFrame], bounds = [(0, -707, 743, 708)], hash = [515769913], parentFrame = [Object itself is the top level frame], associated text = [No getText() method found], tooltip text = [No getTooltipText() method found], title = [Stellar Cyder [Nathan]]
[18-17-53] [ACTION]: CyderFrame disposed with fastclose: false, CyderFrame: Component name = [cyder.ui.CyderFrame], bounds = [(71, 677, 600, 400)], hash = [1140453459], parentFrame = [Object itself is the top level frame], associated text = [No getText() method found], tooltip text = [No getTooltipText() method found], title = [Cyder Login [Stellar Build]]
[18-17-53] [ACTION]: CyderFrame disposed with fastclose: false, CyderFrame: Component name = [cyder.ui.ConsoleFrame], bounds = [(0, -707, 743, 708)], hash = [1704464705], parentFrame = [Object itself is the top level frame], associated text = [No getText() method found], tooltip text = [No getTooltipText() method found], title = [Stellar Cyder [Nathan]]
[18-17-53] [ACTION]: CyderFrame disposed with fastclose: false, CyderFrame: Component name = [cyder.ui.CyderFrame], bounds = [(980, 496, 600, 400)], hash = [1128728626], parentFrame = [Object itself is the top level frame], associated text = [No getText() method found], tooltip text = [No getTooltipText() method found], title = [Cyder Login [Stellar Build]]
[18-17-53] [ACTION]: CyderFrame disposed with fastclose: false, CyderFrame: Component name = [cyder.ui.ConsoleFrame], bounds = [(0, -707, 743, 708)], hash = [2147207898], parentFrame = [Object itself is the top level frame], associated text = [No getText() method found], tooltip text = [No getTooltipText() method found], title = [Stellar Cyder [Nathan]]
[18-17-53] [ACTION]: CyderFrame disposed with fastclose: false, CyderFrame: Component name = [cyder.ui.CyderFrame], bounds = [(980, 496, 600, 400)], hash = [493830345], parentFrame = [Object itself is the top level frame], associated text = [No getText() method found], tooltip text = [No getTooltipText() method found], title = [Cyder Login [Stellar Build]]
[18-17-53] [ACTION]: CyderFrame disposed with fastclose: false, CyderFrame: Component name = [cyder.ui.ConsoleFrame], bounds = [(-153, 803, 743, 708)], hash = [1250126532], parentFrame = [Object itself is the top level frame], associated text = [No getText() method found], tooltip text = [No getTooltipText() method found], title = [Stellar Cyder [Nathan]]
[18-17-53] [ACTION]: CyderFrame disposed with fastclose: true, CyderFrame: Component name = [cyder.ui.CyderFrame], bounds = [(980, 496, 600, 400)], hash = [493830345], parentFrame = [Object itself is the top level frame], associated text = [No getText() method found], tooltip text = [No getTooltipText() method found], title = [Cyder Login [Stellar Build]]
[18-17-53] [SYSTEM_IO]: Userdata requested: closeanimation
[18-17-53] [ACTION]: CyderFrame disposed with fastclose: true, CyderFrame: Component name = [cyder.ui.CyderFrame], bounds = [(980, 396, 600, 600)], hash = [857375940], parentFrame = [Object itself is the top level frame], associated text = [No getText() method found], tooltip text = [No getTooltipText() method found], title = [Cyder Splash]
[18-17-53] [HANDLE]: GENERAL COMMAND HANDLED
[18-17-53] [HANDLE]: PRIMARY HANDLE
[18-17-54] [CLIENT_IO]: [LOGIN FRAME] Nathan@CypherLenovo:~$ login
[18-17-55] [CLIENT_IO]: [LOGIN FRAME] Username: nathan
[18-17-55] [LOGIN]: [STD LOGIN, e5a50641-21d1-3654-b738-c0e4b2dc61b1]
[18-17-55] [SYSTEM_IO]: Userdata requested: Name
[18-17-55] [SYSTEM_IO]: Userdata requested: RandomBackground
[18-17-55] [SYSTEM_IO]: Userdata requested: FullScreen
[18-17-55] [SYSTEM_IO]: Userdata requested: Name
[18-17-55] [SYSTEM_IO]: Userdata requested: Foreground
[18-17-55] [SYSTEM_IO]: Userdata requested: Foreground
[18-17-55] [SYSTEM_IO]: Userdata requested: FullScreen
[18-17-55] [SYSTEM_IO]: Userdata requested: FullScreen
[18-17-55] [SYSTEM_IO]: Userdata requested: Foreground
[18-17-55] [SYSTEM_IO]: Userdata requested: Font
[18-17-55] [SYSTEM_IO]: Userdata requested: OutputBorder
[18-17-55] [SYSTEM_IO]: Userdata requested: FullScreen
[18-17-55] [SYSTEM_IO]: Userdata requested: InputBorder
[18-17-55] [SYSTEM_IO]: Userdata requested: Foreground
[18-17-55] [SYSTEM_IO]: Userdata requested: Foreground
[18-17-55] [SYSTEM_IO]: Userdata requested: Foreground
[18-17-55] [SYSTEM_IO]: Userdata requested: Font
[18-17-55] [SYSTEM_IO]: Userdata requested: OutputFill
[18-17-55] [SYSTEM_IO]: Userdata requested: InputFill
[18-17-55] [ACTION]: CyderFrame disposed with fastclose: true, CyderFrame: Component name = [cyder.ui.CyderFrame], bounds = [(980, 396, 600, 600)], hash = [857375940], parentFrame = [Object itself is the top level frame], associated text = [No getText() method found], tooltip text = [No getTooltipText() method found], title = [Cyder Splash]
[18-17-55] [ACTION]: CyderFrame disposed with fastclose: true, CyderFrame: Component name = [cyder.ui.ConsoleFrame], bounds = [(-177, -707, 743, 708)], hash = [1345900725], parentFrame = [Object itself is the top level frame], associated text = [No getText() method found], tooltip text = [No getTooltipText() method found], title = [Stellar Cyder [Nathan]]
[18-17-55] [ACTION]: CyderFrame disposed with fastclose: true, CyderFrame: Component name = [cyder.ui.CyderFrame], bounds = [(980, 496, 600, 400)], hash = [1176177627], parentFrame = [Object itself is the top level frame], associated text = [No getText() method found], tooltip text = [No getTooltipText() method found], title = [Cyder Login [Stellar Build]]
[18-17-55] [ACTION]: CyderFrame disposed with fastclose: true, CyderFrame: Component name = [cyder.ui.ConsoleFrame], bounds = [(0, -707, 743, 708)], hash = [515769913], parentFrame = [Object itself is the top level frame], associated text = [No getText() method found], tooltip text = [No getTooltipText() method found], title = [Stellar Cyder [Nathan]]
[18-17-55] [ACTION]: CyderFrame disposed with fastclose: true, CyderFrame: Component name = [cyder.ui.CyderFrame], bounds = [(71, 677, 600, 400)], hash = [1140453459], parentFrame = [Object itself is the top level frame], associated text = [No getText() method found], tooltip text = [No getTooltipText() method found], title = [Cyder Login [Stellar Build]]
[18-17-55] [ACTION]: CyderFrame disposed with fastclose: true, CyderFrame: Component name = [cyder.ui.ConsoleFrame], bounds = [(0, -707, 743, 708)], hash = [1704464705], parentFrame = [Object itself is the top level frame], associated text = [No getText() method found], tooltip text = [No getTooltipText() method found], title = [Stellar Cyder [Nathan]]
[18-17-55] [ACTION]: CyderFrame disposed with fastclose: true, CyderFrame: Component name = [cyder.ui.CyderFrame], bounds = [(980, 496, 600, 400)], hash = [1128728626], parentFrame = [Object itself is the top level frame], associated text = [No getText() method found], tooltip text = [No getTooltipText() method found], title = [Cyder Login [Stellar Build]]
[18-17-55] [ACTION]: CyderFrame disposed with fastclose: true, CyderFrame: Component name = [cyder.ui.ConsoleFrame], bounds = [(0, -707, 743, 708)], hash = [2147207898], parentFrame = [Object itself is the top level frame], associated text = [No getText() method found], tooltip text = [No getTooltipText() method found], title = [Stellar Cyder [Nathan]]
[18-17-55] [ACTION]: CyderFrame disposed with fastclose: true, CyderFrame: Component name = [cyder.ui.CyderFrame], bounds = [(980, 496, 600, 400)], hash = [493830345], parentFrame = [Object itself is the top level frame], associated text = [No getText() method found], tooltip text = [No getTooltipText() method found], title = [Cyder Login [Stellar Build]]
[18-17-55] [ACTION]: CyderFrame disposed with fastclose: true, CyderFrame: Component name = [cyder.ui.ConsoleFrame], bounds = [(-153, -697, 743, 708)], hash = [1250126532], parentFrame = [Object itself is the top level frame], associated text = [No getText() method found], tooltip text = [No getTooltipText() method found], title = [Stellar Cyder [Nathan]]
[18-17-55] [ACTION]: CyderFrame disposed with fastclose: true, CyderFrame: Component name = [cyder.ui.CyderFrame], bounds = [(980, 496, 600, 400)], hash = [982825572], parentFrame = [Object itself is the top level frame], associated text = [No getText() method found], tooltip text = [No getTooltipText() method found], title = [Cyder Login [Stellar Build]]
[18-17-55] [ACTION]: Console loaded in 2975ms
[18-17-55] [ACTION]: CyderFrame disposed with fastclose: true, CyderFrame: Component name = [cyder.ui.CyderFrame], bounds = [(980, 496, 600, 400)], hash = [982825572], parentFrame = [Object itself is the top level frame], associated text = [No getText() method found], tooltip text = [No getTooltipText() method found], title = [Cyder Login [Stellar Build]]
[18-17-55] [ACTION]: [Stellar Cyder [Nathan]] [NOTIFICATION] Console loaded in 2975ms
[18-17-55] [SYSTEM_IO]: Userdata requested: DebugWindows
[18-17-55] [ENTRY]: [TESTING MODE]
[18-17-55] [SYSTEM_IO]: Userdata requested: laststart
[18-17-56] [SYSTEM_IO]: Userdata requested: persistentnotifications
[18-18-01] [SYSTEM_IO]: Userdata requested: minimizeonclose
[18-18-01] [SYSTEM_IO]: Userdata requested: Name
[18-18-01] [LOGOUT]: [Nathan]
[18-18-01] [ACTION]: CyderFrame disposed with fastclose: false, CyderFrame: Component name = [cyder.ui.ConsoleFrame], bounds = [(399, 382, 743, 708)], hash = [489335264], parentFrame = [Object itself is the top level frame], associated text = [No getText() method found], tooltip text = [No getTooltipText() method found], title = [Stellar Cyder [Nathan]]
[18-18-01] [SYSTEM_IO]: Userdata requested: closeanimation
[18-18-02] [EXIT]: [RUNTIME] 36s
[18-18-02] [EOL]: Log completed, exiting Cyder with exit code: 25 [Genesis Controlled Exit], exceptions thrown: 0
