[19-24-33] [ENTRY]: [Nathan]
[19-24-33] [SYSTEM_IO]: System data pared in IOUtil's static block
[19-24-33] [SYSTEM_IO]: Suggestions pared in IOUtil's static block
[19-24-33] [SYSTEM_IO]: Exit conditions pared in IOUtil's static block
[19-24-33] [SYSTEM_IO]: DebugHashes pared in IOUtil's static block
[19-24-35] [JAVA ARGS]: [LOCATION] [La casa de Nathan]
[19-24-35] [LOGIN]: [AUTOCYPHER ATTEMPT]
[19-24-35] [LOGIN]: [AUTOCYPHER PASS, e5a50641-21d1-3654-b738-c0e4b2dc61b1]
[19-24-35] [SYSTEM_IO]: Userdata requested: Name
[19-24-35] [SYSTEM_IO]: Userdata requested: RandomBackground
[19-24-35] [SYSTEM_IO]: Userdata requested: FullScreen
[19-24-35] [SYSTEM_IO]: Userdata requested: Name
[19-24-35] [SYSTEM_IO]: Userdata requested: Foreground [2x]
[19-24-36] [SYSTEM_IO]: Userdata requested: FullScreen [2x]
[19-24-36] [SYSTEM_IO]: Userdata requested: Foreground
[19-24-36] [SYSTEM_IO]: Userdata requested: Font
[19-24-36] [SYSTEM_IO]: Userdata requested: OutputBorder
[19-24-36] [SYSTEM_IO]: Userdata requested: FullScreen
[19-24-36] [SYSTEM_IO]: Userdata requested: InputBorder
[19-24-36] [SYSTEM_IO]: Userdata requested: Foreground [3x]
[19-24-36] [SYSTEM_IO]: Userdata requested: Font
[19-24-36] [SYSTEM_IO]: Userdata requested: OutputFill
[19-24-36] [SYSTEM_IO]: Userdata requested: InputFill
[19-24-36] [ACTION]: CyderFrame disposed with fastclose: true, CyderFrame: Component name = [cyder.ui.CyderFrame], bounds = [(980, 396, 600, 600)], hash = [966483362], parentFrame = [Object itself is the top level frame], associated text = [No getText() method found], tooltip text = [No getTooltipText() method found], title = [Cyder Splash]
[19-24-36] [ACTION]: Console loaded in 3665ms
[19-24-36] [SYSTEM_IO]: Userdata requested: DebugWindows
[19-24-36] [ENTRY]: [TESTING MODE]
[19-24-36] [SYSTEM_IO]: Userdata requested: laststart
[19-24-39] [SYSTEM_IO]: Userdata requested: minimizeonclose
[19-24-39] [SYSTEM_IO]: Userdata requested: Name
[19-24-39] [LOGOUT]: [Nathan]
[19-24-39] [ACTION]: CyderFrame disposed with fastclose: false, CyderFrame: Component name = [cyder.ui.ConsoleFrame], bounds = [(1320, 634, 743, 708)], hash = [1824837049], parentFrame = [Object itself is the top level frame], associated text = [No getText() method found], tooltip text = [No getTooltipText() method found], title = [Stellar Cyder [Nathan]]
[19-24-39] [SYSTEM_IO]: Userdata requested: closeanimation
[19-24-39] [EXIT]: [RUNTIME] 6s
[19-24-39] [EOL]: Log completed, exiting Cyder with exit code: 25 [Genesis Controlled Exit], exceptions thrown: 0
