[12-48-46] [ENTRY]: [Nathan]
[12-48-47] [THREAD STARTED]: Singular Cyder Instance Ensurer
[12-48-47] [THREAD STARTED]: Splash Loader
[12-48-48] [ACTION]: User e5a50641-21d1-3654-b738-c0e4b2dc61b1 was found to have an outdated userdata file; preference injection was attempted on the following: [youtubeapi3key = ]
[12-48-48] [THREAD STARTED]: Splash Animation
[12-48-48] [DEBUG]: Method annotated with @Widget is not named showGUI(); name: FathersDay2021
[12-48-48] [DEBUG]: Method annotated with @Widget is not named showGUI(); name: Birthday2021
[12-48-48] [DEBUG]: Method annotated with @Widget is not named showGUI(); name: Christmas2020
[12-48-48] [DEBUG]: Method annotated with @Widget is not named showGUI(); name: Christmas2021
[12-48-48] [THREAD STARTED]: Cyder Start Secondary Subroutines
[12-48-48] [LOGIN]: [AUTOCYPHER ATTEMPT]
[12-48-48] [JAVA ARGS]: [LOCATION] [La casa de Nathan]
[12-48-48] [ACTION]: Requested deletion of: C:\Users\Nathan\Documents\IntelliJava\Cyder\dynamic\tmp
[12-48-48] [ACTION]: [DELETION FAILED] C:\Users\Nathan\Documents\IntelliJava\Cyder\dynamic\tmp
[12-48-48] [LOGIN]: [[AUTOCYPHER PASS]: e5a50641-21d1-3654-b738-c0e4b2dc61b1]
[12-48-49] [SYSTEM_IO]: Userdata requested: RandomBackground
[12-48-49] [SYSTEM_IO]: Userdata requested: FullScreen
[12-48-49] [SYSTEM_IO]: Userdata requested: fullscreen
[12-48-49] [SYSTEM_IO]: Userdata requested: FullScreen [2x]
[12-48-49] [THREAD STARTED]: Console Printing Animation
[12-48-49] [SYSTEM_IO]: Userdata requested: OutputBorder
[12-48-49] [SYSTEM_IO]: Userdata requested: FullScreen
[12-48-49] [SYSTEM_IO]: Userdata requested: InputBorder
[12-48-49] [THREAD STARTED]: Console Input Caret Position Updater
[12-48-49] [SYSTEM_IO]: Userdata requested: OutputFill
[12-48-49] [SYSTEM_IO]: Userdata requested: InputFill
[12-48-49] [THREAD STARTED]: High Ping Checker
[12-48-49] [THREAD STARTED]: Hourly Chime Checker
[12-48-49] [THREAD STARTED]: Console Clock Updater
[12-48-49] [THREAD STARTED]: Cyder Busy Checker
[12-48-49] [THREAD STARTED]: ConsoleFrame Data Saver
[12-48-49] [ACTION]: Console loaded in 2796ms
[12-48-49] [SYSTEM_IO]: Userdata requested: DebugWindows
[12-48-49] [ENTRY]: [TESTING MODE]
[12-48-49] [THREAD STARTED]: Component name = [cyder.ui.ConsoleFrame], bounds = [(356, 543, 996, 655)], hash = [782228073], parentFrame = [Object itself is the top level frame], associated text = [No getText() method found], tooltip text = [No getTooltipText() method found], title = [Insomnia Cyder [Nathan]] notification queue checker
[12-48-49] [SYSTEM_IO]: Userdata requested: laststart
[12-48-49] [ACTION]: CyderFrame disposed with fastclose: true, CyderFrame: Component name = [cyder.ui.CyderFrame], bounds = [(980, 396, 600, 600)], hash = [539863484], parentFrame = [Object itself is the top level frame], associated text = [No getText() method found], tooltip text = [No getTooltipText() method found], title = [Cyder Splash]
[12-48-49] [THREAD STARTED]: Cyder Splash CyderFrame dispose thread
[12-48-49] [ACTION]: [Insomnia Cyder [Nathan]] [NOTIFICATION] Console loaded in 2796ms
[12-48-49] [THREAD STARTED]: notification appear animation
[12-48-49] [SYSTEM_IO]: Userdata requested: persistentnotifications
[12-48-49] [THREAD STARTED]: Notificaiton vanish animater -958738669
[12-48-58] [CLIENT]: prefs
[12-48-58] [SYSTEM_IO]: Userdata requested: filterchat
[12-48-58] [WIDGET OPENED]: PREFS
[12-48-58] [HANDLE]: PRIMARY HANDLE
[12-48-58] [CONSOLE_OUT]: [STRING] Opening widget: cyder.user.UserEditor
[12-49-02] [LINK]: [.json] C:\Users\Nathan\Documents\IntelliJava\Cyder\dynamic\users\e5a50641-21d1-3654-b738-c0e4b2dc61b1\Files\Userdata.json
[12-49-06] [SYSTEM_IO]: Userdata requested: ffmpegpath
[12-49-06] [SYSTEM_IO]: Userdata requested: youtubedlpath
[12-49-06] [ACTION]: Component name = [cyder.ui.CyderButton], bounds = [(20, 175, 50, 250)], hash = [1219579064], parentFrame = [Preferences], associated text = [<], tooltip text = [No getTooltipText() method found], title = [No getTitle() method found]
[12-50-10] [EOL]: Log completed, Cyder crashed unexpectedly: exit code: -9 External Stop, exceptions thrown: 0
