[18-45-31] [ENTRY]: [Nathan]
[18-45-31] [THREAD STARTED]: Singular Cyder Instance Ensurer
[18-45-32] [THREAD STARTED]: Splash Loader
[18-45-32] [THREAD STARTED]: Splash Animation
[18-45-33] [DEBUG]: Method annotated with @Widget is not named showGUI(); name: Birthday2021
[18-45-33] [DEBUG]: Method annotated with @Widget is not named showGUI(); name: Christmas2021
[18-45-33] [DEBUG]: Method annotated with @Widget is not named showGUI(); name: Christmas2020
[18-45-33] [DEBUG]: Method annotated with @Widget is not named showGUI(); name: FathersDay2021
[18-45-33] [THREAD STARTED]: Cyder Start Secondary Subroutines
[18-45-33] [LOGIN]: [AUTOCYPHER ATTEMPT]
[18-45-33] [JAVA ARGS]: [LOCATION] [La casa de Nathan]
[18-45-33] [ACTION]: Requested deletion of: C:\Users\Nathan\Documents\IntelliJava\Cyder\dynamic\tmp
[18-45-33] [ACTION]: [DELETION FAILED] C:\Users\Nathan\Documents\IntelliJava\Cyder\dynamic\tmp
[18-45-33] [LOGIN]: [[AUTOCYPHER PASS]: e5a50641-21d1-3654-b738-c0e4b2dc61b1]
[18-45-33] [SYSTEM_IO]: Userdata requested: RandomBackground
[18-45-33] [SYSTEM_IO]: Userdata requested: FullScreen
[18-45-33] [SYSTEM_IO]: Userdata requested: fullscreen
[18-45-33] [SYSTEM_IO]: Userdata requested: FullScreen [2x]
[18-45-33] [THREAD STARTED]: Console Printing Animation
[18-45-33] [SYSTEM_IO]: Userdata requested: OutputBorder
[18-45-33] [SYSTEM_IO]: Userdata requested: FullScreen
[18-45-33] [SYSTEM_IO]: Userdata requested: InputBorder
[18-45-33] [THREAD STARTED]: Console Input Caret Position Updater
[18-45-33] [SYSTEM_IO]: Userdata requested: OutputFill
[18-45-33] [SYSTEM_IO]: Userdata requested: InputFill
[18-45-33] [THREAD STARTED]: High Ping Checker
[18-45-33] [THREAD STARTED]: Hourly Chime Checker
[18-45-33] [THREAD STARTED]: Console Clock Updater
[18-45-33] [THREAD STARTED]: Cyder Busy Checker
[18-45-33] [THREAD STARTED]: ConsoleFrame Data Saver
[18-45-33] [ACTION]: Console loaded in 2618ms
[18-45-33] [SYSTEM_IO]: Userdata requested: DebugWindows
[18-45-33] [ENTRY]: [TESTING MODE]
[18-45-33] [SYSTEM_IO]: Userdata requested: laststart
[18-45-34] [THREAD STARTED]: Component name = [cyder.ui.ConsoleFrame], bounds = [(1416, 385, 996, 655)], hash = [140404585], parentFrame = [Object itself is the top level frame], associated text = [No getText() method found], tooltip text = [No getTooltipText() method found], title = [Insomnia Cyder [Nathan]] notification queue checker
[18-45-34] [ACTION]: CyderFrame disposed with fastclose: true, CyderFrame: Component name = [cyder.ui.CyderFrame], bounds = [(980, 396, 600, 600)], hash = [397499713], parentFrame = [Object itself is the top level frame], associated text = [No getText() method found], tooltip text = [No getTooltipText() method found], title = [Cyder Splash]
[18-45-34] [THREAD STARTED]: Cyder Splash CyderFrame dispose thread
[18-45-34] [ACTION]: [Insomnia Cyder [Nathan]] [NOTIFICATION] Console loaded in 2618ms
[18-45-34] [THREAD STARTED]: notification appear animation
[18-45-34] [SYSTEM_IO]: Userdata requested: persistentnotifications
[18-45-34] [THREAD STARTED]: Notificaiton vanish animater -2121311305
[18-45-42] [CLIENT]: play
[18-45-42] [SYSTEM_IO]: Userdata requested: filterchat
[18-45-43] [THREAD STARTED]: YouTube Audio Extractor
[18-45-43] [HANDLE]: GENERAL COMMAND HANDLED
[18-45-43] [HANDLE]: PRIMARY HANDLE
[18-45-43] [CONSOLE_OUT]: [STRING] Starting download of playlist:
[18-49-06] [EOL]: Log completed, Cyder crashed unexpectedly: exit code: -9 External Stop, exceptions thrown: 0
