[18-57-14] [ENTRY]: [Nathan]
[18-57-14] [THREAD STARTED]: Singular Cyder Instance Ensurer
[18-57-15] [THREAD STARTED]: Splash Loader
[18-57-15] [THREAD STARTED]: Splash Animation
[18-57-15] [DEBUG]: Method annotated with @Widget is not named showGUI(); name: Birthday2021
[18-57-15] [DEBUG]: Method annotated with @Widget is not named showGUI(); name: Christmas2020
[18-57-15] [DEBUG]: Method annotated with @Widget is not named showGUI(); name: FathersDay2021
[18-57-15] [DEBUG]: Method annotated with @Widget is not named showGUI(); name: Christmas2021
[18-57-15] [THREAD STARTED]: Cyder Start Secondary Subroutines
[18-57-15] [LOGIN]: [AUTOCYPHER ATTEMPT]
[18-57-15] [JAVA ARGS]: [LOCATION] [La casa de Nathan]
[18-57-15] [ACTION]: Requested deletion of: C:\Users\Nathan\Documents\IntelliJava\Cyder\dynamic\tmp
[18-57-15] [ACTION]: [DELETION FAILED] C:\Users\Nathan\Documents\IntelliJava\Cyder\dynamic\tmp
[18-57-16] [LOGIN]: [[AUTOCYPHER PASS]: e5a50641-21d1-3654-b738-c0e4b2dc61b1]
[18-57-16] [SYSTEM_IO]: Userdata requested: RandomBackground
[18-57-16] [SYSTEM_IO]: Userdata requested: FullScreen
[18-57-16] [SYSTEM_IO]: Userdata requested: fullscreen
[18-57-16] [SYSTEM_IO]: Userdata requested: FullScreen [2x]
[18-57-16] [THREAD STARTED]: Console Printing Animation
[18-57-16] [SYSTEM_IO]: Userdata requested: OutputBorder
[18-57-16] [SYSTEM_IO]: Userdata requested: FullScreen
[18-57-16] [SYSTEM_IO]: Userdata requested: InputBorder
[18-57-16] [THREAD STARTED]: Console Input Caret Position Updater
[18-57-16] [SYSTEM_IO]: Userdata requested: OutputFill
[18-57-16] [SYSTEM_IO]: Userdata requested: InputFill
[18-57-16] [THREAD STARTED]: High Ping Checker
[18-57-16] [THREAD STARTED]: Hourly Chime Checker
[18-57-16] [THREAD STARTED]: Console Clock Updater
[18-57-16] [THREAD STARTED]: Cyder Busy Checker
[18-57-16] [THREAD STARTED]: ConsoleFrame Data Saver
[18-57-16] [ACTION]: Console loaded in 2601ms
[18-57-16] [THREAD STARTED]: Component name = [cyder.ui.ConsoleFrame], bounds = [(1416, 385, 996, 655)], hash = [140404585], parentFrame = [Object itself is the top level frame], associated text = [No getText() method found], tooltip text = [No getTooltipText() method found], title = [Insomnia Cyder [Nathan]] notification queue checker
[18-57-16] [ACTION]: CyderFrame disposed with fastclose: true, CyderFrame: Component name = [cyder.ui.CyderFrame], bounds = [(980, 396, 600, 600)], hash = [1792565119], parentFrame = [Object itself is the top level frame], associated text = [No getText() method found], tooltip text = [No getTooltipText() method found], title = [Cyder Splash]
[18-57-16] [THREAD STARTED]: Cyder Splash CyderFrame dispose thread
[18-57-16] [SYSTEM_IO]: Userdata requested: DebugWindows
[18-57-16] [ENTRY]: [TESTING MODE]
[18-57-16] [SYSTEM_IO]: Userdata requested: laststart
[18-57-16] [ACTION]: [Insomnia Cyder [Nathan]] [NOTIFICATION] Console loaded in 2601ms
[18-57-16] [THREAD STARTED]: notification appear animation
[18-57-17] [SYSTEM_IO]: Userdata requested: persistentnotifications
[18-57-17] [THREAD STARTED]: Notificaiton vanish animater -1702098650
[18-57-18] [CLIENT]: pla
[18-57-18] [SYSTEM_IO]: Userdata requested: filterchat
[18-57-18] [THREAD STARTED]: Unknown Input Handler
[18-57-18] [THREAD STARTED]: Suggestion Button Flash
[18-57-18] [CONSOLE_OUT]: [STRING] Unknown command
[18-57-19] [CONSOLE_OUT]: [STRING] Escaped
[18-57-19] [ACTION]: Similar command to "pla" found with tol of 0.75, command = "play"
[18-57-20] [CLIENT]: play
[18-57-20] [SYSTEM_IO]: Userdata requested: filterchat
[18-57-21] [THREAD STARTED]: YouTube Audio Extractor
[18-57-21] [HANDLE]: GENERAL COMMAND HANDLED
[18-57-21] [HANDLE]: PRIMARY HANDLE
[18-57-21] [CONSOLE_OUT]: [STRING] Starting download of playlist:
[18-58-08] [EOL]: Log completed, Cyder crashed unexpectedly: exit code: -9 External Stop, exceptions thrown: 0
