[19-45-24] [ENTRY]: [Nathan]
[19-45-25] [THREAD STARTED]: Singular Cyder Instance Ensurer
[19-45-25] [THREAD STARTED]: Splash Loader
[19-45-26] [THREAD STARTED]: Splash Animation
[19-45-26] [DEBUG]: Method annotated with @Widget is not named showGUI(); name: Christmas2020
[19-45-26] [DEBUG]: Method annotated with @Widget is not named showGUI(); name: Birthday2021
[19-45-26] [DEBUG]: Method annotated with @Widget is not named showGUI(); name: FathersDay2021
[19-45-26] [DEBUG]: Method annotated with @Widget is not named showGUI(); name: Christmas2021
[19-45-26] [THREAD STARTED]: Cyder Start Secondary Subroutines
[19-45-26] [LOGIN]: [AUTOCYPHER ATTEMPT]
[19-45-26] [JAVA ARGS]: [LOCATION] [La casa de Nathan]
[19-45-26] [ACTION]: Requested deletion of: C:\Users\Nathan\Documents\IntelliJava\Cyder\dynamic\tmp
[19-45-26] [ACTION]: [DELETION FAILED] C:\Users\Nathan\Documents\IntelliJava\Cyder\dynamic\tmp
[19-45-27] [LOGIN]: [[AUTOCYPHER PASS]: e5a50641-21d1-3654-b738-c0e4b2dc61b1]
[19-45-27] [SYSTEM_IO]: Userdata requested: RandomBackground
[19-45-27] [SYSTEM_IO]: Userdata requested: FullScreen
[19-45-27] [SYSTEM_IO]: Userdata requested: fullscreen
[19-45-27] [SYSTEM_IO]: Userdata requested: FullScreen
[19-45-27] [SYSTEM_IO]: Userdata requested: FullScreen
[19-45-27] [THREAD STARTED]: Console Printing Animation
[19-45-27] [SYSTEM_IO]: Userdata requested: OutputBorder
[19-45-27] [SYSTEM_IO]: Userdata requested: FullScreen
[19-45-27] [SYSTEM_IO]: Userdata requested: InputBorder
[19-45-27] [THREAD STARTED]: Console Input Caret Position Updater
[19-45-27] [SYSTEM_IO]: Userdata requested: OutputFill
[19-45-27] [SYSTEM_IO]: Userdata requested: InputFill
[19-45-27] [THREAD STARTED]: High Ping Checker
[19-45-27] [THREAD STARTED]: Hourly Chime Checker
[19-45-27] [THREAD STARTED]: Console Clock Updater
[19-45-27] [THREAD STARTED]: Cyder Busy Checker
[19-45-27] [THREAD STARTED]: ConsoleFrame Data Saver
[19-45-27] [ACTION]: Console loaded in 2814ms
[19-45-27] [SYSTEM_IO]: Userdata requested: DebugWindows
[19-45-27] [ENTRY]: [TESTING MODE]
[19-45-27] [SYSTEM_IO]: Userdata requested: laststart
[19-45-27] [THREAD STARTED]: Component name = [cyder.ui.ConsoleFrame], bounds = [(471, 226, 996, 655)], hash = [140404585], parentFrame = [Object itself is the top level frame], associated text = [No getText() method found], tooltip text = [No getTooltipText() method found], title = [Insomnia Cyder [Nathan]] notification queue checker
[19-45-27] [ACTION]: CyderFrame disposed with fastclose: true, CyderFrame: Component name = [cyder.ui.CyderFrame], bounds = [(980, 396, 600, 600)], hash = [335097025], parentFrame = [Object itself is the top level frame], associated text = [No getText() method found], tooltip text = [No getTooltipText() method found], title = [Cyder Splash]
[19-45-27] [THREAD STARTED]: Cyder Splash CyderFrame dispose thread
[19-45-27] [ACTION]: [Insomnia Cyder [Nathan]] [NOTIFICATION] Console loaded in 2814ms
[19-45-27] [THREAD STARTED]: notification appear animation
[19-45-27] [SYSTEM_IO]: Userdata requested: persistentnotifications
[19-45-27] [THREAD STARTED]: Notificaiton vanish animater 1321331076
[19-45-31] [CLIENT]: testerjester
[19-45-31] [SYSTEM_IO]: Userdata requested: filterchat
[19-45-31] [THREAD STARTED]: YouTube Download Progress Updater
[19-45-31] [HANDLE]: GENERAL COMMAND HANDLED
[19-45-31] [HANDLE]: PRIMARY HANDLE
[19-45-33] [CONSOLE_OUT]: [STRING] [youtube] mDlQ4QYsVhQ: Downloading webpage
[19-45-34] [CONSOLE_OUT]: [STRING] [download] Destination: ChillstepAnima - You Are Truth-mDlQ4QYsVhQ.f137.mp4
[19-45-35] [CONSOLE_OUT]: [STRING]
[19-45-36] [CONSOLE_OUT]: [STRING] [download]   0.0% of 63.81MiB at  7.63KiB/s ETA 02:22:45
[19-45-37] [CONSOLE_OUT]: [STRING] [download]   0.0% of 63.81MiB at 22.89KiB/s ETA 47:34
[19-45-38] [CONSOLE_OUT]: [STRING] [download]   0.0% of 63.81MiB at 53.40KiB/s ETA 20:23
[19-45-39] [CONSOLE_OUT]: [STRING] [download]   0.0% of 63.81MiB at 113.57KiB/s ETA 09:35
[19-45-40] [CONSOLE_OUT]: [STRING] [download]   0.0% of 63.81MiB at 99.16KiB/s ETA 10:58
[19-45-41] [CONSOLE_OUT]: [STRING] [download]   0.1% of 63.81MiB at 88.59KiB/s ETA 12:16
[19-45-42] [CONSOLE_OUT]: [STRING] [download]   0.2% of 63.81MiB at 85.91KiB/s ETA 12:39
[19-45-43] [CONSOLE_OUT]: [STRING] [download]   0.3% of 63.81MiB at 81.70KiB/s ETA 13:17
[19-45-44] [CLIENT]: typinganimation
[19-45-44] [SYSTEM_IO]: Userdata requested: filterchat
[19-45-44] [PREFERENCE REFRESH INVOKED]: key = typinganimation
[19-45-44] [HANDLE]: CONSOLE PREFERENCE TOGGLE HANDLED
[19-45-44] [HANDLE]: FINAL HANDLE
[19-45-44] [CONSOLE_OUT]: [STRING] [download]   0.4% of 63.81MiB at 84.75KiB/s ETA 12:47
[19-45-46] [CONSOLE_OUT]: [STRING] [download]   0.6% of 63.81MiB at 82.11KiB/s ETA 13:11
[19-45-47] [CONSOLE_OUT]: [STRING] [download]   0.7% of 63.81MiB at 80.11KiB/s ETA 13:29
[19-45-47] [CONSOLE_OUT]: [STRING] [download]   0.8% of 63.81MiB at 81.69KiB/s ETA 13:13
[19-45-47] [CONSOLE_OUT]: [STRING] [download]   1.0% of 63.81MiB at 81.13KiB/s ETA 13:17
[19-45-47] [CONSOLE_OUT]: [STRING] [download]   1.1% of 63.81MiB at 80.72KiB/s ETA 13:20
[19-45-47] [CONSOLE_OUT]: [STRING] Typing Animation set to false
[19-45-47] [CONSOLE_OUT]: [STRING] [download]   1.2% of 63.81MiB at 80.67KiB/s ETA 13:20
[19-45-47] [CONSOLE_OUT]: [STRING] [download]   1.3% of 63.81MiB at 81.35KiB/s ETA 13:12
[19-45-47] [CONSOLE_OUT]: [STRING] [download]   1.4% of 63.81MiB at 80.67KiB/s ETA 13:18
[19-45-50] [CONSOLE_OUT]: [STRING] [download]   1.6% of 63.81MiB at 81.85KiB/s ETA 13:05
[19-45-50] [CONSOLE_OUT]: [STRING] [download]   1.7% of 63.81MiB at 81.26KiB/s ETA 13:10
[19-45-50] [CONSOLE_OUT]: [STRING] [download]   1.8% of 63.81MiB at 82.02KiB/s ETA 13:02
[19-45-50] [CONSOLE_OUT]: [STRING] [download]   2.0% of 63.81MiB at 82.05KiB/s ETA 13:00
[19-45-52] [CONSOLE_OUT]: [STRING] [download]   2.1% of 63.81MiB at 82.32KiB/s ETA 12:57
[19-45-53] [CONSOLE_OUT]: [STRING] [download]   2.2% of 63.81MiB at 81.89KiB/s ETA 13:00
[19-45-53] [CONSOLE_OUT]: [STRING] [download]   2.4% of 63.81MiB at 81.26KiB/s ETA 13:05
[19-45-55] [CONSOLE_OUT]: [STRING] [download]   2.5% of 63.81MiB at 81.74KiB/s ETA 12:59
[19-45-56] [CONSOLE_OUT]: [STRING] [download]   2.6% of 63.81MiB at 81.36KiB/s ETA 13:02
[19-45-57] [CONSOLE_OUT]: [STRING] [download]   2.7% of 63.81MiB at 81.44KiB/s ETA 13:00
[19-45-57] [CONSOLE_OUT]: [STRING] [download]   2.8% of 63.81MiB at 81.73KiB/s ETA 12:56
[19-45-59] [CONSOLE_OUT]: [STRING] [download]   3.0% of 63.81MiB at 82.11KiB/s ETA 12:52
[19-46-00] [CONSOLE_OUT]: [STRING] [download]   3.1% of 63.81MiB at 82.06KiB/s ETA 12:51
[19-46-00] [CONSOLE_OUT]: [STRING] [download]   3.2% of 63.81MiB at 82.10KiB/s ETA 12:50
[19-46-02] [CONSOLE_OUT]: [STRING] [download]   3.4% of 63.81MiB at 82.38KiB/s ETA 12:46
[19-46-03] [CONSOLE_OUT]: [STRING] [download]   3.5% of 63.81MiB at 82.21KiB/s ETA 12:46
[19-46-04] [CONSOLE_OUT]: [STRING] [download]   3.6% of 63.81MiB at 82.23KiB/s ETA 12:45
[19-46-05] [CONSOLE_OUT]: [STRING] [download]   3.8% of 63.81MiB at 82.34KiB/s ETA 12:43
[19-46-06] [CONSOLE_OUT]: [STRING] [download]   3.9% of 63.81MiB at 82.55KiB/s ETA 12:40
[19-46-07] [CONSOLE_OUT]: [STRING] [download]   4.0% of 63.81MiB at 81.81KiB/s ETA 12:46
[19-46-08] [CONSOLE_OUT]: [STRING] [download]   4.1% of 63.81MiB at 81.90KiB/s ETA 12:44
[19-46-09] [CONSOLE_OUT]: [STRING] [download]   4.3% of 63.81MiB at 82.10KiB/s ETA 12:42
[19-46-10] [CONSOLE_OUT]: [STRING] [download]   4.4% of 63.81MiB at 81.74KiB/s ETA 12:44
[19-46-11] [CONSOLE_OUT]: [STRING] [download]   4.5% of 63.81MiB at 81.97KiB/s ETA 12:41
[19-46-12] [CONSOLE_OUT]: [STRING] [download]   4.6% of 63.81MiB at 81.79KiB/s ETA 12:41
[19-46-13] [CONSOLE_OUT]: [STRING] [download]   4.8% of 63.81MiB at 81.69KiB/s ETA 12:41
[19-46-14] [CONSOLE_OUT]: [STRING] [download]   4.9% of 63.81MiB at 81.56KiB/s ETA 12:42
[19-46-15] [CONSOLE_OUT]: [STRING] [download]   5.0% of 63.81MiB at 81.84KiB/s ETA 12:38
[19-46-16] [CONSOLE_OUT]: [STRING] [download]   5.1% of 63.81MiB at 81.76KiB/s ETA 12:38
[19-46-17] [CONSOLE_OUT]: [STRING] [download]   5.3% of 63.81MiB at 81.66KiB/s ETA 12:38
[19-46-18] [CONSOLE_OUT]: [STRING] [download]   5.4% of 63.81MiB at 81.15KiB/s ETA 12:41
[19-46-19] [CONSOLE_OUT]: [STRING] [download]   5.5% of 63.81MiB at 81.02KiB/s ETA 12:42
[19-46-20] [CONSOLE_OUT]: [STRING] [download]   5.6% of 63.81MiB at 80.94KiB/s ETA 12:42
[19-46-21] [CONSOLE_OUT]: [STRING] [download]   5.7% of 63.81MiB at 80.87KiB/s ETA 12:41
[19-46-22] [CONSOLE_OUT]: [STRING] [download]   5.8% of 63.81MiB at 80.91KiB/s ETA 12:40
[19-46-23] [CONSOLE_OUT]: [STRING] [download]   6.0% of 63.81MiB at 81.00KiB/s ETA 12:38
[19-46-24] [CONSOLE_OUT]: [STRING] [download]   6.1% of 63.81MiB at 81.17KiB/s ETA 12:35
[19-46-25] [CONSOLE_OUT]: [STRING] [download]   6.2% of 63.81MiB at 81.09KiB/s ETA 12:35
[19-46-26] [CONSOLE_OUT]: [STRING] [download]   6.3% of 63.81MiB at 81.09KiB/s ETA 12:34
[19-46-27] [CONSOLE_OUT]: [STRING] [download]   6.5% of 63.81MiB at 81.08KiB/s ETA 12:33
[19-46-28] [CONSOLE_OUT]: [STRING] [download]   6.6% of 63.81MiB at 81.00KiB/s ETA 12:33
[19-46-29] [CONSOLE_OUT]: [STRING] [download]   6.7% of 63.81MiB at 81.29KiB/s ETA 12:29
[19-46-30] [CONSOLE_OUT]: [STRING] [download]   6.9% of 63.81MiB at 81.11KiB/s ETA 12:30
[19-46-31] [CONSOLE_OUT]: [STRING] [download]   7.0% of 63.81MiB at 80.80KiB/s ETA 12:32
[19-46-32] [CONSOLE_OUT]: [STRING] [download]   7.1% of 63.81MiB at 80.59KiB/s ETA 12:33
[19-46-33] [CONSOLE_OUT]: [STRING] [download]   7.2% of 63.81MiB at 80.70KiB/s ETA 12:31
[19-46-34] [CONSOLE_OUT]: [STRING] [download]   7.3% of 63.81MiB at 80.76KiB/s ETA 12:29
[19-46-35] [CONSOLE_OUT]: [STRING] [download]   7.4% of 63.81MiB at 80.71KiB/s ETA 12:29
[19-46-36] [CONSOLE_OUT]: [STRING] [download]   7.6% of 63.81MiB at 80.74KiB/s ETA 12:28
[19-46-37] [CONSOLE_OUT]: [STRING] [download]   7.7% of 63.81MiB at 80.82KiB/s ETA 12:26
[19-46-37] [SYSTEM_IO]: Userdata requested: Background
[19-46-38] [CONSOLE_OUT]: [STRING] [download]   7.8% of 63.81MiB at 80.94KiB/s ETA 12:24
[19-46-39] [CONSOLE_OUT]: [STRING] [download]   8.0% of 63.81MiB at 80.88KiB/s ETA 12:23
[19-46-40] [CONSOLE_OUT]: [STRING] [download]   8.1% of 63.81MiB at 81.12KiB/s ETA 12:20
[19-46-41] [CONSOLE_OUT]: [STRING] [download]   8.2% of 63.81MiB at 81.00KiB/s ETA 12:20
[19-46-42] [CONSOLE_OUT]: [STRING] Escaped
[19-46-42] [CONSOLE_OUT]: [STRING] [download]   8.3% of 63.81MiB at 81.21KiB/s ETA 12:17
[19-46-43] [CONSOLE_OUT]: [STRING] [download]   8.5% of 63.81MiB at 81.09KiB/s ETA 12:17
[19-46-45] [CONSOLE_OUT]: [STRING] [download]   8.6% of 63.81MiB at 81.33KiB/s ETA 12:14
[19-46-45] [SYSTEM_IO]: Userdata requested: Background
[19-46-45] [CONSOLE_OUT]: [STRING] [download]   8.8% of 63.81MiB at 80.64KiB/s ETA 12:19
[19-46-47] [CONSOLE_OUT]: [STRING] [download]   8.9% of 63.81MiB at 80.80KiB/s ETA 12:17
[19-46-48] [CONSOLE_OUT]: [STRING] [download]   9.0% of 63.81MiB at 80.65KiB/s ETA 12:17
[19-46-49] [CONSOLE_OUT]: [STRING] [download]   9.1% of 63.81MiB at 80.80KiB/s ETA 12:14
[19-46-50] [CONSOLE_OUT]: [STRING] [download]   9.3% of 63.81MiB at 80.86KiB/s ETA 12:13
[19-46-51] [CONSOLE_OUT]: [STRING] [download]   9.4% of 63.81MiB at 80.74KiB/s ETA 12:13
[19-46-52] [CONSOLE_OUT]: [STRING] [download]   9.5% of 63.81MiB at 80.91KiB/s ETA 12:10
[19-46-53] [CONSOLE_OUT]: [STRING] [download]   9.7% of 63.81MiB at 81.02KiB/s ETA 12:08
[19-46-54] [CONSOLE_OUT]: [STRING] [download]   9.8% of 63.81MiB at 80.94KiB/s ETA 12:08
[19-46-55] [CONSOLE_OUT]: [STRING] [download]   9.9% of 63.81MiB at 80.84KiB/s ETA 12:08
[19-46-56] [CONSOLE_OUT]: [STRING] [download]  10.0% of 63.81MiB at 80.71KiB/s ETA 12:08
[19-46-57] [CONSOLE_OUT]: [STRING] [download]  10.1% of 63.81MiB at 80.47KiB/s ETA 12:09
[19-46-58] [CONSOLE_OUT]: [STRING] [download]  10.2% of 63.81MiB at 80.46KiB/s ETA 12:08
[19-46-59] [CONSOLE_OUT]: [STRING] [download]  10.4% of 63.81MiB at 80.47KiB/s ETA 12:07
[19-47-00] [CONSOLE_OUT]: [STRING] [download]  10.5% of 63.81MiB at 80.52KiB/s ETA 12:06
[19-47-01] [CONSOLE_OUT]: [STRING] [download]  10.6% of 63.81MiB at 80.61KiB/s ETA 12:04
[19-47-02] [CONSOLE_OUT]: [STRING] [download]  10.7% of 63.81MiB at 80.74KiB/s ETA 12:02
[19-47-03] [CONSOLE_OUT]: [STRING] [download]  10.9% of 63.81MiB at 80.76KiB/s ETA 12:00
[19-47-04] [CONSOLE_OUT]: [STRING] [download]  11.0% of 63.81MiB at 80.83KiB/s ETA 11:59
[19-47-05] [SYSTEM_IO]: Userdata requested: Background
[19-47-05] [SYSTEM_IO]: Userdata requested: Background
[19-47-05] [CONSOLE_OUT]: [STRING] [download]  11.2% of 63.81MiB at 80.76KiB/s ETA 11:58
[19-47-06] [CONSOLE_OUT]: [STRING] [download]  11.3% of 63.81MiB at 80.72KiB/s ETA 11:58
[19-47-06] [SYSTEM_IO]: Userdata requested: minimizeonclose
[19-47-06] [ACTION]: CyderFrame disposed with fastclose: false, CyderFrame: Component name = [cyder.ui.ConsoleFrame], bounds = [(283, 170, 996, 655)], hash = [140404585], parentFrame = [Object itself is the top level frame], associated text = [No getText() method found], tooltip text = [No getTooltipText() method found], title = [Insomnia Cyder [Nathan]]
[19-47-06] [THREAD STARTED]: Insomnia Cyder [Nathan] CyderFrame dispose thread
[19-47-06] [SYSTEM_IO]: Userdata requested: closeanimation
[19-47-06] [EXIT]: [RUNTIME] 1m 41s
[19-47-06] [EOL]: Log completed, exiting Cyder with exit code: 0 [Genesis Controlled Exit], exceptions thrown: 0
