[17-15-01] [ENTRY]: [Nathan]
[17-15-01] [THREAD STARTED]: Singular Cyder Instance Ensurer
[17-15-02] [THREAD STARTED]: Splash Loader
[17-15-02] [THREAD STARTED]: Splash Animation
[17-15-02] [DEBUG]: Method annotated with @Widget is not named showGUI(); name: Christmas2020
[17-15-02] [DEBUG]: Method annotated with @Widget is not named showGUI(); name: FathersDay2021
[17-15-02] [DEBUG]: Method annotated with @Widget is not named showGUI(); name: Birthday2021
[17-15-02] [DEBUG]: Method annotated with @Widget is not named showGUI(); name: Christmas2021
[17-15-02] [DEBUG]: Method annotated with @ManualTest does not end with test; name: launchTests
[17-15-02] [THREAD STARTED]: Cyder Start Secondary Subroutines
[17-15-02] [LOGIN]: [AUTOCYPHER ATTEMPT]
[17-15-02] [JAVA ARGS]: [LOCATION] [La casa de Nathan]
[17-15-02] [ACTION]: Requested deletion of: C:\Users\Nathan\Documents\IntelliJava\Cyder\dynamic\tmp
[17-15-02] [ACTION]: [DELETION FAILED] C:\Users\Nathan\Documents\IntelliJava\Cyder\dynamic\tmp
[17-15-03] [SYSTEM_IO]: [User Write] User was written to file: 7d7ebb00-81fe-329f-8a78-62f463d0b7da\Userdata.json [4x]
[17-15-03] [LOGIN]: [[AUTOCYPHER PASS]: 7d7ebb00-81fe-329f-8a78-62f463d0b7da]
[17-15-03] [SYSTEM_IO]: [User Write] User was written to file: 7d7ebb00-81fe-329f-8a78-62f463d0b7da\Userdata.json
[17-15-03] [SYSTEM_IO]: Userdata requested: RandomBackground
[17-15-03] [SYSTEM_IO]: Userdata requested: FullScreen
[17-15-03] [SYSTEM_IO]: Userdata requested: fullscreen
[17-15-03] [SYSTEM_IO]: Userdata requested: FullScreen [2x]
[17-15-03] [THREAD STARTED]: Console Printing Animation
[17-15-03] [SYSTEM_IO]: Userdata requested: OutputBorder
[17-15-03] [SYSTEM_IO]: Userdata requested: FullScreen
[17-15-03] [SYSTEM_IO]: Userdata requested: InputBorder
[17-15-03] [THREAD STARTED]: Console Input Caret Position Updater
[17-15-03] [SYSTEM_IO]: Userdata requested: OutputFill
[17-15-03] [SYSTEM_IO]: Userdata requested: InputFill
[17-15-03] [THREAD STARTED]: High Ping Checker
[17-15-03] [THREAD STARTED]: Hourly Chime Checker
[17-15-03] [THREAD STARTED]: Console Clock Updater
[17-15-03] [THREAD STARTED]: Cyder Busy Checker
[17-15-03] [THREAD STARTED]: ConsoleFrame Data Saver
[17-15-03] [ACTION]: Console loaded in 2515ms
[17-15-03] [THREAD STARTED]: Component name = [cyder.ui.ConsoleFrame], bounds = [(1547, 340, 842, 638)], hash = [1390301622], parentFrame = [Object itself is the top level frame], associated text = [No getText() method found], tooltip text = [No getTooltipText() method found], title = [Insomnia Cyder [Nathan]] notification queue checker
[17-15-03] [ACTION]: CyderFrame disposed with fastclose: true, CyderFrame: Component name = [cyder.ui.CyderFrame], bounds = [(980, 396, 600, 600)], hash = [1509013370], parentFrame = [Object itself is the top level frame], associated text = [No getText() method found], tooltip text = [No getTooltipText() method found], title = [Cyder Splash]
[17-15-03] [SYSTEM_IO]: Userdata requested: DebugWindows
[17-15-03] [ENTRY]: [TESTING MODE]
[17-15-03] [THREAD STARTED]: Cyder Splash CyderFrame dispose thread
[17-15-04] [ACTION]: [Insomnia Cyder [Nathan]] [NOTIFICATION] Console loaded in 2515ms
[17-15-04] [THREAD STARTED]: notification appear animation
[17-15-04] [SYSTEM_IO]: Userdata requested: laststart
[17-15-04] [SYSTEM_IO]: [User Write] User was written to file: 7d7ebb00-81fe-329f-8a78-62f463d0b7da\Userdata.json
[17-15-04] [SYSTEM_IO]: Userdata requested: persistentnotifications
[17-15-04] [THREAD STARTED]: Notificaiton vanish animater 943546734
[17-15-26] [SYSTEM_IO]: [User Write] User was written to file: 7d7ebb00-81fe-329f-8a78-62f463d0b7da\Userdata.json [6x]
[17-15-28] [ACTION]: Component name = [cyder.ui.CyderButton], bounds = [(320, 100, 30, 35)], hash = [863921483], parentFrame = [Controls], associated text = [<], tooltip text = [No getTooltipText() method found], title = [No getTitle() method found]
[17-15-29] [SYSTEM_IO]: [User Write] User was written to file: 7d7ebb00-81fe-329f-8a78-62f463d0b7da\Userdata.json
[17-15-32] [ACTION]: Component name = [cyder.ui.CyderButton], bounds = [(320, 100, 30, 35)], hash = [863921483], parentFrame = [Controls], associated text = [<], tooltip text = [No getTooltipText() method found], title = [No getTitle() method found]
[17-15-37] [SYSTEM_IO]: [User Write] User was written to file: 7d7ebb00-81fe-329f-8a78-62f463d0b7da\Userdata.json [2x]
[17-15-40] [ACTION]: Component name = [cyder.ui.CyderButton], bounds = [(320, 100, 30, 35)], hash = [863921483], parentFrame = [Controls], associated text = [<], tooltip text = [No getTooltipText() method found], title = [No getTitle() method found]
[17-15-56] [SYSTEM_IO]: [User Write] User was written to file: 7d7ebb00-81fe-329f-8a78-62f463d0b7da\Userdata.json [5x]
[17-15-58] [ACTION]: Component name = [cyder.ui.DragLabel], bounds = [(2, 2, 796, 28)], hash = [-14299213], parentFrame = [Paint], associated text = [No getText() method found], tooltip text = [No getTooltipText() method found], title = [No getTitle() method found]
[17-15-58] [ACTION]: CyderFrame disposed with fastclose: false, CyderFrame: Component name = [cyder.ui.CyderFrame], bounds = [(1568, 244, 800, 830)], hash = [615745704], parentFrame = [Object itself is the top level frame], associated text = [No getText() method found], tooltip text = [No getTooltipText() method found], title = [Paint]
[17-15-58] [THREAD STARTED]: Paint CyderFrame dispose thread
[17-15-58] [SYSTEM_IO]: Userdata requested: closeanimation
[17-15-58] [ACTION]: CyderFrame disposed with fastclose: true, CyderFrame: Component name = [cyder.ui.CyderFrame], bounds = [(776, 573, 600, 150)], hash = [2070634005], parentFrame = [Object itself is the top level frame], associated text = [No getText() method found], tooltip text = [No getTooltipText() method found], title = [Controls]
[17-15-58] [THREAD STARTED]: Controls CyderFrame dispose thread
[17-17-57] [SYSTEM_IO]: [User Write] User was written to file: 7d7ebb00-81fe-329f-8a78-62f463d0b7da\Userdata.json [32x]
[17-18-19] [EOL]: Log completed, Cyder crashed unexpectedly: exit code: -9 External Stop, exceptions thrown: 0
