[17-36-01] [ENTRY]: [Nathan]
[17-36-02] [THREAD STARTED]: Singular Cyder Instance Ensurer
[17-36-02] [THREAD STARTED]: Splash Loader
[17-36-03] [THREAD STARTED]: Splash Animation
[17-36-03] [DEBUG]: Method annotated with @Widget is not named showGUI(); name: FathersDay2021
[17-36-03] [DEBUG]: Method annotated with @Widget is not named showGUI(); name: Birthday2021
[17-36-03] [DEBUG]: Method annotated with @Widget is not named showGUI(); name: Christmas2021
[17-36-03] [DEBUG]: Method annotated with @Widget is not named showGUI(); name: Christmas2020
[17-36-03] [DEBUG]: Method annotated with @ManualTest does not end with test; name: launchTests
[17-36-03] [THREAD STARTED]: Cyder Start Secondary Subroutines
[17-36-03] [LOGIN]: [AUTOCYPHER ATTEMPT]
[17-36-03] [JAVA ARGS]: [LOCATION] [La casa de Nathan]
[17-36-03] [ACTION]: Requested deletion of: C:\Users\Nathan\Documents\IntelliJava\Cyder\dynamic\tmp
[17-36-03] [ACTION]: [DELETION FAILED] C:\Users\Nathan\Documents\IntelliJava\Cyder\dynamic\tmp
[17-36-03] [SYSTEM_IO]: [User Write] User was written to file: 7d7ebb00-81fe-329f-8a78-62f463d0b7da\Userdata.json [4x]
[17-36-04] [LOGIN]: [[AUTOCYPHER PASS]: 7d7ebb00-81fe-329f-8a78-62f463d0b7da]
[17-36-04] [SYSTEM_IO]: [User Write] User was written to file: 7d7ebb00-81fe-329f-8a78-62f463d0b7da\Userdata.json
[17-36-04] [SYSTEM_IO]: Userdata requested: RandomBackground
[17-36-04] [SYSTEM_IO]: Userdata requested: FullScreen
[17-36-04] [SYSTEM_IO]: Userdata requested: fullscreen
[17-36-04] [SYSTEM_IO]: Userdata requested: FullScreen [2x]
[17-36-04] [THREAD STARTED]: Console Printing Animation
[17-36-04] [SYSTEM_IO]: Userdata requested: OutputBorder
[17-36-04] [SYSTEM_IO]: Userdata requested: FullScreen
[17-36-04] [SYSTEM_IO]: Userdata requested: InputBorder
[17-36-04] [THREAD STARTED]: Console Input Caret Position Updater
[17-36-04] [SYSTEM_IO]: Userdata requested: OutputFill
[17-36-04] [SYSTEM_IO]: Userdata requested: InputFill
[17-36-04] [THREAD STARTED]: High Ping Checker
[17-36-04] [THREAD STARTED]: Hourly Chime Checker
[17-36-04] [THREAD STARTED]: Console Clock Updater
[17-36-04] [THREAD STARTED]: Cyder Busy Checker
[17-36-04] [THREAD STARTED]: ConsoleFrame Data Saver
[17-36-04] [ACTION]: Console loaded in 3244ms
[17-36-04] [THREAD STARTED]: Component name = [cyder.ui.ConsoleFrame], bounds = [(1547, 340, 842, 638)], hash = [1463022229], parentFrame = [Object itself is the top level frame], associated text = [No getText() method found], tooltip text = [No getTooltipText() method found], title = [Insomnia Cyder [Nathan]] notification queue checker
[17-36-04] [ACTION]: CyderFrame disposed with fastclose: true, CyderFrame: Component name = [cyder.ui.CyderFrame], bounds = [(980, 396, 600, 600)], hash = [1625559319], parentFrame = [Object itself is the top level frame], associated text = [No getText() method found], tooltip text = [No getTooltipText() method found], title = [Cyder Splash]
[17-36-04] [THREAD STARTED]: Cyder Splash CyderFrame dispose thread
[17-36-04] [SYSTEM_IO]: Userdata requested: DebugWindows
[17-36-04] [ENTRY]: [TESTING MODE]
[17-36-05] [ACTION]: [Insomnia Cyder [Nathan]] [NOTIFICATION] Console loaded in 3244ms
[17-36-05] [THREAD STARTED]: notification appear animation
[17-36-05] [SYSTEM_IO]: Userdata requested: persistentnotifications
[17-36-05] [THREAD STARTED]: Notificaiton vanish animater 491222635
[17-36-05] [SYSTEM_IO]: Userdata requested: laststart
[17-36-11] [SYSTEM_IO]: [User Write] User was written to file: 7d7ebb00-81fe-329f-8a78-62f463d0b7da\Userdata.json [3x]
[17-36-15] [SYSTEM_IO]: Userdata requested: minimizeonclose
[17-36-15] [SYSTEM_IO]: [User Write] User was written to file: 7d7ebb00-81fe-329f-8a78-62f463d0b7da\Userdata.json
[17-36-15] [ACTION]: CyderFrame disposed with fastclose: false, CyderFrame: Component name = [cyder.ui.ConsoleFrame], bounds = [(1547, 340, 842, 638)], hash = [1463022229], parentFrame = [Object itself is the top level frame], associated text = [No getText() method found], tooltip text = [No getTooltipText() method found], title = [Insomnia Cyder [Nathan]]
[17-36-15] [THREAD STARTED]: Insomnia Cyder [Nathan] CyderFrame dispose thread
[17-36-15] [SYSTEM_IO]: Userdata requested: closeanimation
[17-36-15] [EXIT]: [RUNTIME] 13s
[17-36-15] [EOL]: Log completed, exiting Cyder with exit code: 0 [Genesis Controlled Exit], exceptions thrown: 0
