[19-44-03] [ENTRY]: [Nathan]
[19-44-03] [THREAD STARTED]: Singular Cyder Instance Ensurer
[19-44-04] [THREAD STARTED]: Splash Loader
[19-44-04] [THREAD STARTED]: Splash Animation
[19-44-04] [DEBUG]: Method annotated with @Widget is not named showGUI(); name: Christmas2020
[19-44-04] [DEBUG]: Method annotated with @Widget is not named showGUI(); name: FathersDay2021
[19-44-04] [DEBUG]: Method annotated with @Widget is not named showGUI(); name: Birthday2021
[19-44-04] [DEBUG]: Method annotated with @Widget is not named showGUI(); name: Christmas2021
[19-44-04] [DEBUG]: Method annotated with @ManualTest does not end with test; name: launchTests
[19-44-04] [THREAD STARTED]: Cyder Start Secondary Subroutines
[19-44-04] [LOGIN]: [AUTOCYPHER ATTEMPT]
[19-44-04] [JAVA ARGS]: [LOCATION] [La casa de Nathan]
[19-44-04] [ACTION]: Requested deletion of: C:\Users\Nathan\Documents\IntelliJava\Cyder\dynamic\tmp
[19-44-04] [ACTION]: [DELETION FAILED] C:\Users\Nathan\Documents\IntelliJava\Cyder\dynamic\tmp
[19-44-04] [SYSTEM_IO]: [User Write] User was written to file: 7d7ebb00-81fe-329f-8a78-62f463d0b7da\Userdata.json [4x]
[19-44-05] [LOGIN]: [[AUTOCYPHER PASS]: 7d7ebb00-81fe-329f-8a78-62f463d0b7da]
[19-44-05] [SYSTEM_IO]: [User Write] User was written to file: 7d7ebb00-81fe-329f-8a78-62f463d0b7da\Userdata.json
[19-44-05] [SYSTEM_IO]: Userdata requested: RandomBackground
[19-44-05] [SYSTEM_IO]: Userdata requested: FullScreen
[19-44-05] [SYSTEM_IO]: Userdata requested: fullscreen
[19-44-05] [SYSTEM_IO]: Userdata requested: FullScreen [2x]
[19-44-05] [THREAD STARTED]: Console Printing Animation
[19-44-05] [SYSTEM_IO]: Userdata requested: OutputBorder
[19-44-05] [SYSTEM_IO]: Userdata requested: FullScreen
[19-44-05] [SYSTEM_IO]: Userdata requested: InputBorder
[19-44-05] [THREAD STARTED]: Console Input Caret Position Updater
[19-44-05] [SYSTEM_IO]: Userdata requested: OutputFill
[19-44-05] [SYSTEM_IO]: Userdata requested: InputFill
[19-44-05] [THREAD STARTED]: High Ping Checker
[19-44-05] [THREAD STARTED]: Hourly Chime Checker
[19-44-05] [THREAD STARTED]: Console Clock Updater
[19-44-05] [THREAD STARTED]: Cyder Busy Checker
[19-44-05] [THREAD STARTED]: ConsoleFrame Data Saver
[19-44-06] [ACTION]: Console loaded in 3256ms
[19-44-06] [SYSTEM_IO]: Userdata requested: DebugWindows
[19-44-06] [ENTRY]: [TESTING MODE]
[19-44-06] [THREAD STARTED]: Component name = [cyder.ui.ConsoleFrame], bounds = [(1547, 340, 842, 638)], hash = [1768882706], parentFrame = [Object itself is the top level frame], associated text = [No getText() method found], tooltip text = [No getTooltipText() method found], title = [Insomnia Cyder [Nathan]] notification queue checker
[19-44-06] [ACTION]: CyderFrame disposed with fastclose: true, CyderFrame: Component name = [cyder.ui.CyderFrame], bounds = [(980, 396, 600, 600)], hash = [237151253], parentFrame = [Object itself is the top level frame], associated text = [No getText() method found], tooltip text = [No getTooltipText() method found], title = [Cyder Splash]
[19-44-06] [THREAD STARTED]: Cyder Splash CyderFrame dispose thread
[19-44-06] [SYSTEM_IO]: Userdata requested: laststart
[19-44-06] [SYSTEM_IO]: [User Write] User was written to file: 7d7ebb00-81fe-329f-8a78-62f463d0b7da\Userdata.json
[19-44-06] [ACTION]: [Insomnia Cyder [Nathan]] [NOTIFICATION] Console loaded in 3256ms
[19-44-06] [THREAD STARTED]: notification appear animation
[19-44-06] [SYSTEM_IO]: Userdata requested: persistentnotifications
[19-44-06] [THREAD STARTED]: Notificaiton vanish animater -1701094358
[19-44-08] [SYSTEM_IO]: [User Write] User was written to file: 7d7ebb00-81fe-329f-8a78-62f463d0b7da\Userdata.json
[19-44-11] [ACTION]: Component name = [cyder.ui.CyderButton], bounds = [(410, 90, 45, 45)], hash = [546674950], parentFrame = [Controls], associated text = [<html><b>?</b></html>], tooltip text = [No getTooltipText() method found], title = [No getTitle() method found]
[19-44-23] [SYSTEM_IO]: [User Write] User was written to file: 7d7ebb00-81fe-329f-8a78-62f463d0b7da\Userdata.json [4x]
[19-45-29] [EOL]: Log completed, Cyder crashed unexpectedly: exit code: -9 External Stop, exceptions thrown: 0
