[19-50-54] [ENTRY]: [Nathan]
[19-50-54] [THREAD STARTED]: Singular Cyder Instance Ensurer
[19-50-55] [THREAD STARTED]: Splash Loader
[19-50-55] [THREAD STARTED]: Splash Animation
[19-50-56] [DEBUG]: Method annotated with @Widget is not named showGUI(); name: Christmas2021
[19-50-56] [DEBUG]: Method annotated with @Widget is not named showGUI(); name: Birthday2021
[19-50-56] [DEBUG]: Method annotated with @Widget is not named showGUI(); name: Christmas2020
[19-50-56] [DEBUG]: Method annotated with @Widget is not named showGUI(); name: FathersDay2021
[19-50-56] [DEBUG]: Method annotated with @ManualTest does not end with test; name: launchTests
[19-50-56] [THREAD STARTED]: Cyder Start Secondary Subroutines
[19-50-56] [LOGIN]: [AUTOCYPHER ATTEMPT]
[19-50-56] [JAVA ARGS]: [LOCATION] [La casa de Nathan]
[19-50-56] [ACTION]: Requested deletion of: C:\Users\Nathan\Documents\IntelliJava\Cyder\dynamic\tmp
[19-50-56] [ACTION]: [DELETION FAILED] C:\Users\Nathan\Documents\IntelliJava\Cyder\dynamic\tmp
[19-50-56] [SYSTEM_IO]: [User Write] User was written to file: 7d7ebb00-81fe-329f-8a78-62f463d0b7da\Userdata.json [4x]
[19-50-57] [LOGIN]: [[AUTOCYPHER PASS]: 7d7ebb00-81fe-329f-8a78-62f463d0b7da]
[19-50-57] [SYSTEM_IO]: [User Write] User was written to file: 7d7ebb00-81fe-329f-8a78-62f463d0b7da\Userdata.json
[19-50-57] [SYSTEM_IO]: Userdata requested: RandomBackground
[19-50-57] [SYSTEM_IO]: Userdata requested: FullScreen
[19-50-57] [SYSTEM_IO]: Userdata requested: fullscreen
[19-50-57] [SYSTEM_IO]: Userdata requested: FullScreen [2x]
[19-50-57] [THREAD STARTED]: Console Printing Animation
[19-50-57] [SYSTEM_IO]: Userdata requested: OutputBorder
[19-50-57] [SYSTEM_IO]: Userdata requested: FullScreen
[19-50-57] [SYSTEM_IO]: Userdata requested: InputBorder
[19-50-57] [THREAD STARTED]: Console Input Caret Position Updater
[19-50-57] [SYSTEM_IO]: Userdata requested: OutputFill
[19-50-57] [SYSTEM_IO]: Userdata requested: InputFill
[19-50-57] [THREAD STARTED]: High Ping Checker
[19-50-57] [THREAD STARTED]: Hourly Chime Checker
[19-50-57] [THREAD STARTED]: Console Clock Updater
[19-50-57] [THREAD STARTED]: Cyder Busy Checker
[19-50-57] [THREAD STARTED]: ConsoleFrame Data Saver
[19-50-57] [ACTION]: Console loaded in 3898ms
[19-50-57] [THREAD STARTED]: Component name = [cyder.ui.ConsoleFrame], bounds = [(656, 401, 842, 638)], hash = [1768882706], parentFrame = [Object itself is the top level frame], associated text = [No getText() method found], tooltip text = [No getTooltipText() method found], title = [Insomnia Cyder [Nathan]] notification queue checker
[19-50-57] [ACTION]: CyderFrame disposed with fastclose: true, CyderFrame: Component name = [cyder.ui.CyderFrame], bounds = [(980, 396, 600, 600)], hash = [757823454], parentFrame = [Object itself is the top level frame], associated text = [No getText() method found], tooltip text = [No getTooltipText() method found], title = [Cyder Splash]
[19-50-57] [THREAD STARTED]: Cyder Splash CyderFrame dispose thread
[19-50-58] [SYSTEM_IO]: Userdata requested: DebugWindows
[19-50-58] [ENTRY]: [TESTING MODE]
[19-50-58] [ACTION]: [Insomnia Cyder [Nathan]] [NOTIFICATION] Console loaded in 3898ms
[19-50-58] [THREAD STARTED]: notification appear animation
[19-50-58] [SYSTEM_IO]: Userdata requested: persistentnotifications
[19-50-58] [THREAD STARTED]: Notificaiton vanish animater -1936340000
[19-50-58] [SYSTEM_IO]: Userdata requested: laststart
[19-50-58] [SYSTEM_IO]: [User Write] User was written to file: 7d7ebb00-81fe-329f-8a78-62f463d0b7da\Userdata.json
[19-51-00] [ACTION]: Component name = [cyder.ui.CyderButton], bounds = [(410, 90, 45, 45)], hash = [1179983597], parentFrame = [Controls], associated text = [<html><b>?</b></html>], tooltip text = [No getTooltipText() method found], title = [No getTitle() method found]
[19-52-52] [SYSTEM_IO]: [User Write] User was written to file: 7d7ebb00-81fe-329f-8a78-62f463d0b7da\Userdata.json [30x]
[19-53-14] [EOL]: Log completed, Cyder crashed unexpectedly: exit code: -9 External Stop, exceptions thrown: 0
