          _____                _____                    _____                    _____                    _____
         /\    \              |\    \                  /\    \                  /\    \                  /\    \
        /::\    \             |:\____\                /::\    \                /::\    \                /::\    \
       /::::\    \            |::|   |               /::::\    \              /::::\    \              /::::\    \
      /::::::\    \           |::|   |              /::::::\    \            /::::::\    \            /::::::\    \
     /:::/\:::\    \          |::|   |             /:::/\:::\    \          /:::/\:::\    \          /:::/\:::\    \
    /:::/  \:::\    \         |::|   |            /:::/  \:::\    \        /:::/__\:::\    \        /:::/__\:::\    \
   /:::/    \:::\    \        |::|   |           /:::/    \:::\    \      /::::\   \:::\    \      /::::\   \:::\    \
  /:::/    / \:::\    \       |::|___|______    /:::/    / \:::\    \    /::::::\   \:::\    \    /::::::\   \:::\    \
 /:::/    /   \:::\    \      /::::::::\    \  /:::/    /   \:::\ ___\  /:::/\:::\   \:::\    \  /:::/\:::\   \:::\____\
/:::/____/     \:::\____\    /::::::::::\____\/:::/____/     \:::|    |/:::/__\:::\   \:::\____\/:::/  \:::\   \:::|    |
\:::\    \      \::/    /   /:::/~~~~/~~      \:::\    \     /:::|____|\:::\   \:::\   \::/    /\::/   |::::\  /:::|____|
 \:::\    \      \/____/   /:::/    /          \:::\    \   /:::/    /  \:::\   \:::\   \/____/  \/____|:::::\/:::/    /
  \:::\    \              /:::/    /            \:::\    \ /:::/    /    \:::\   \:::\    \            |:::::::::/    /
   \:::\    \            /:::/    /              \:::\    /:::/    /      \:::\   \:::\____\           |::|\::::/    /
    \:::\    \           \::/    /                \:::\  /:::/    /        \:::\   \::/    /           |::| \::/____/
     \:::\    \           \/____/                  \:::\/:::/    /          \:::\   \/____/            |::|  ~|
      \:::\    \                                    \::::::/    /            \:::\    \                |::|   |
       \:::\____\                                    \::::/    /              \:::\____\               \::|   |
        \::/    /                                     \::/____/                \::/    /                \:|   |
         \/____/                                       ~~                       \/____/                  \|___|


[19-33-27] [ENTRY]: Nathan
[19-33-27] [PROP LOADED]: [key = map_quest_api_key]
[19-33-27] [PROP LOADED]: [key = youtube_api_3_key]
[19-33-27] [PROP LOADED]: [key = ip_key]
[19-33-27] [PROP LOADED]: [key = weather_key]
[19-33-27] [PROP LOADED]: [key = debug_hash_name]
[19-33-27] [PROP LOADED]: [key = debug_hash_password]
[19-33-27] [PROP LOADED]: [key = default_weather_location, value = Austin,Tx,USA]
[19-33-27] [PROP LOADED]: [key = ignore_data, value = typinganimation,showseconds,roundedwindows,windowcolor,audiolength
           ,capsmode,typingsound,showbusyicon]
[19-33-27] [PROP LOADED]: [key = font_metric, value = 1]
[19-33-27] [PROP LOADED]: [key = released, value = false]
[19-33-27] [PROP LOADED]: [key = fast_test, value = false]
[19-33-27] [PROP LOADED]: [key = version, value = Liminal]
[19-33-27] [PROP LOADED]: [key = release_date, value = 22.6.2]
[19-33-27] [PROP LOADED]: [key = components_relocatable, value = false]
[19-33-27] [PROP LOADED]: [key = testing_mode, value = true]
[19-33-27] [PROP LOADED]: [key = autocypher, value = true]
[19-33-27] [PROP LOADED]: [key = dispose_splash, value = true]
[19-33-27] [PROP LOADED]: [key = wipe_logs_on_start, value = false]
[19-33-27] [PROP LOADED]: [key = activate_watchdog, value = false]
[19-33-27] [PROP LOADED]: [key = ffmpeg_audio_output_format, value = mp3]
[19-33-27] [PROP LOADED]: [key = printing_animation_char_timeout, value = 8]
[19-33-27] [PROP LOADED]: [key = printing_animation_line_timeout, value = 100]
[19-33-27] [PROP LOADED]: [key = ui_scale, value = 1.0]
[19-33-27] [THREAD STARTED]: Object Creation Logger
[19-33-27] [DEBUG]: Watchdog skipped
[19-33-27] [THREAD STARTED]: Singular Cyder Instance Ensurer
[19-33-28] [FONT LOADED]: agency-fb
[19-33-28] [FONT LOADED]: arial-black
[19-33-28] [FONT LOADED]: beyno
[19-33-28] [FONT LOADED]: condiment-regular
[19-33-28] [FONT LOADED]: prompt-bold
[19-33-28] [FONT LOADED]: segoe-ui-black
[19-33-28] [FONT LOADED]: tahoma
[19-33-28] [THREAD STARTED]: Splash Loader
[19-33-28] [SYSTEM IO]: Requested deletion of: C:\Users\Nathan\Documents\IntelliJava\Cyder\dynamic\tmp
[19-33-29] [THREAD STARTED]: Splash Animation
[19-33-29] [UNIQUE OBJECT CREATED]: ConsoleFrame singleton constructed
[19-33-30] [OBJECT CREATION]: Objects created since last delta (5000ms): 57
[19-33-30] [THREAD STARTED]: Secondary Subroutines Runner
[19-33-30] [LOGIN]: AUTOCYPHER ATTEMPT
[19-33-30] [THREAD STARTED]: JVM Args Logger
[19-33-31] [DEBUG]: Cyder Entry = AutoCypher
[19-33-32] [THREAD STARTED]: High Ping Checker
[19-33-32] [THREAD STARTED]: Splash Loading Label Updater
[19-33-32] [THREAD STARTED]: Harmonic Rectangle Animator
[19-33-32] [THREAD STARTED]: Harmonic Rectangle Animator
[19-33-32] [THREAD STARTED]: Console Printing Animation
[19-33-32] [THREAD STARTED]: Harmonic Rectangle Animator
[19-33-32] [THREAD STARTED]: Hourly Chime Checker
[19-33-32] [THREAD STARTED]: Console Clock Updater
[19-33-32] [THREAD STARTED]: Cyder Busy Checker
[19-33-32] [THREAD STARTED]: ConsoleFrame Stat Saver
[19-33-32] [THREAD STARTED]: Harmonic Rectangle Animator
[19-33-32] [THREAD STARTED]: Harmonic Rectangle Animator
[19-33-32] [THREAD STARTED]: Harmonic Rectangle Animator
[19-33-32] [THREAD STARTED]: [Cyder Splash] dispose() animation thread
[19-33-32] [UI]: CyderFrame disposed with fastclose: true, Component = CyderFrame, hash = 1292571036, bounds = (980,
           396, 600, 600), parent frame = Component itself is a CyderFrame, getTitle() = Cyder Splash
[19-33-32] [CONSOLE OUT]: [STRING]: Console loaded in 5965ms
[19-33-32] [BACKEND CRUD]: [PUT] Put of JVM args failed
[19-33-32] [CONSOLE LOADED]: [Nathan] [TESTING MODE]
[19-33-32] [THREAD STARTED]: Manual Tests Thread
[19-33-32] [EXCEPTION]:
           Exception origin: cyder.layouts.CyderLayout.add(CyderLayout.java:22)
           From line: 22
           Trace: cyder.exceptions.IllegalMethodException: Unsupported
           at cyder.layouts.CyderLayout.add(CyderLayout.java:22)
           at cyder.test.ManualTests.lambda$launchTests$2(ManualTests.java:55)
           at java.base/java.lang.Thread.run(Thread.java:833)
[19-33-33] [DEBUG]: Attempted to log a new or empty line
[19-33-35] [OBJECT CREATION]: Objects created since last delta (5000ms): 62
[19-33-35] [SYSTEM IO]: [JSON WRITE] [Levenshtein = 8] User was written to file: 7d7ebb00-81fe-329f-8a78-62f463d0b7da
           \Userdata.json
[19-33-35] [SYSTEM IO]: Requested deletion of: C:\Users\Nathan\Documents\IntelliJava\Cyder\dynamic\backup\7d7ebb00-81fe-
           329f-8a78-62f463d0b7da_1654041509397.json
[19-33-40] [OBJECT CREATION]: Objects created since last delta (5000ms): 1
[19-34-03] [EOL]: Log completed, Cyder crashed unexpectedly: exit code: -9 External Stop, exceptions thrown: 1