          _____                _____                    _____                    _____                    _____
         /\    \              |\    \                  /\    \                  /\    \                  /\    \
        /::\    \             |:\____\                /::\    \                /::\    \                /::\    \
       /::::\    \            |::|   |               /::::\    \              /::::\    \              /::::\    \
      /::::::\    \           |::|   |              /::::::\    \            /::::::\    \            /::::::\    \
     /:::/\:::\    \          |::|   |             /:::/\:::\    \          /:::/\:::\    \          /:::/\:::\    \
    /:::/  \:::\    \         |::|   |            /:::/  \:::\    \        /:::/__\:::\    \        /:::/__\:::\    \
   /:::/    \:::\    \        |::|   |           /:::/    \:::\    \      /::::\   \:::\    \      /::::\   \:::\    \
  /:::/    / \:::\    \       |::|___|______    /:::/    / \:::\    \    /::::::\   \:::\    \    /::::::\   \:::\    \
 /:::/    /   \:::\    \      /::::::::\    \  /:::/    /   \:::\ ___\  /:::/\:::\   \:::\    \  /:::/\:::\   \:::\____\
/:::/____/     \:::\____\    /::::::::::\____\/:::/____/     \:::|    |/:::/__\:::\   \:::\____\/:::/  \:::\   \:::|    |
\:::\    \      \::/    /   /:::/~~~~/~~      \:::\    \     /:::|____|\:::\   \:::\   \::/    /\::/   |::::\  /:::|____|
 \:::\    \      \/____/   /:::/    /          \:::\    \   /:::/    /  \:::\   \:::\   \/____/  \/____|:::::\/:::/    /
  \:::\    \              /:::/    /            \:::\    \ /:::/    /    \:::\   \:::\    \            |:::::::::/    /
   \:::\    \            /:::/    /              \:::\    /:::/    /      \:::\   \:::\____\           |::|\::::/    /
    \:::\    \           \::/    /                \:::\  /:::/    /        \:::\   \::/    /           |::| \::/____/
     \:::\    \           \/____/                  \:::\/:::/    /          \:::\   \/____/            |::|  ~|
      \:::\    \                                    \::::::/    /            \:::\    \                |::|   |
       \:::\____\                                    \::::/    /              \:::\____\               \::|   |
        \::/    /                                     \::/____/                \::/    /                \:|   |
         \/____/                                       ~~                       \/____/                  \|___|


[21-59-45] [ENTRY]: Nathan
[21-59-45] [PROP LOADED]: [key = map_quest_api_key]
[21-59-45] [PROP LOADED]: [key = youtube_api_3_key]
[21-59-45] [PROP LOADED]: [key = ip_key]
[21-59-45] [PROP LOADED]: [key = weather_key]
[21-59-45] [PROP LOADED]: [key = debug_hash_name]
[21-59-45] [PROP LOADED]: [key = debug_hash_password]
[21-59-45] [PROP LOADED]: [key = default_weather_location, value = Austin,Tx,USA]
[21-59-45] [PROP LOADED]: [key = ignore_data, value = typinganimation,showseconds,roundedwindows,windowcolor,audiolength
           ,capsmode,typingsound,showbusyicon]
[21-59-45] [PROP LOADED]: [key = font_metric, value = 1]
[21-59-45] [PROP LOADED]: [key = released, value = false]
[21-59-45] [PROP LOADED]: [key = fast_test, value = false]
[21-59-45] [PROP LOADED]: [key = version, value = Liminal]
[21-59-45] [PROP LOADED]: [key = release_date, value = 22.6.2]
[21-59-45] [PROP LOADED]: [key = components_relocatable, value = false]
[21-59-45] [PROP LOADED]: [key = testing_mode, value = true]
[21-59-45] [PROP LOADED]: [key = autocypher, value = true]
[21-59-45] [PROP LOADED]: [key = dispose_splash, value = true]
[21-59-45] [PROP LOADED]: [key = wipe_logs_on_start, value = true]
[21-59-45] [PROP LOADED]: [key = activate_watchdog, value = false]
[21-59-45] [PROP LOADED]: [key = ffmpeg_audio_output_format, value = mp3]
[21-59-45] [PROP LOADED]: [key = printing_animation_char_timeout, value = 8]
[21-59-45] [PROP LOADED]: [key = printing_animation_line_timeout, value = 100]
[21-59-45] [PROP LOADED]: [key = ui_scale, value = 0.25]
[21-59-45] [THREAD STARTED]: Object Creation Logger
[21-59-45] [DEBUG]: Watchdog skipped
[21-59-45] [THREAD STARTED]: Singular Cyder Instance Ensurer
[21-59-46] [FONT LOADED]: agency-fb
[21-59-46] [FONT LOADED]: arial-black
[21-59-46] [FONT LOADED]: beyno
[21-59-46] [FONT LOADED]: condiment-regular
[21-59-46] [FONT LOADED]: prompt-bold
[21-59-46] [FONT LOADED]: segoe-ui-black
[21-59-46] [FONT LOADED]: tahoma
[21-59-46] [THREAD STARTED]: Splash Loader
[21-59-46] [SYSTEM IO]: Requested deletion of: C:\Users\Nathan\Documents\IntelliJava\Cyder\dynamic\tmp
[21-59-46] [THREAD STARTED]: Splash Animation
[21-59-46] [UNIQUE OBJECT CREATED]: ConsoleFrame singleton constructed
[21-59-47] [THREAD STARTED]: Secondary Subroutines Runner
[21-59-47] [LOGIN]: AUTOCYPHER ATTEMPT
[21-59-47] [THREAD STARTED]: JVM Args Logger
[21-59-47] [DEBUG]: Cyder Entry = AutoCypher
[21-59-48] [OBJECT CREATION]: Objects created since last delta (5000ms): 96
[21-59-48] [THREAD STARTED]: Console Printing Animation
[21-59-48] [THREAD STARTED]: Hourly Chime Checker
[21-59-48] [THREAD STARTED]: Console Clock Updater
[21-59-48] [THREAD STARTED]: Cyder Busy Checker
[21-59-48] [THREAD STARTED]: ConsoleFrame Stat Saver
[21-59-48] [THREAD STARTED]: [Cyder Splash] dispose() animation thread
[21-59-48] [THREAD STARTED]: [Cyder Splash] dispose() animation thread
[21-59-48] [UI]: CyderFrame disposed with fastclose: true, Component = CyderFrame, hash = 213434790, bounds = (980, 396,
           600, 600), parent frame = Component itself is a CyderFrame, getTitle() = Cyder Splash
[21-59-48] [THREAD STARTED]: High Ping Checker
[21-59-48] [CONSOLE OUT]: [STRING]: Console loaded in 3686ms
[21-59-48] [CONSOLE LOADED]: [Nathan] [TESTING MODE]
[21-59-48] [THREAD STARTED]: Manual Tests Thread
[21-59-48] [BACKEND CRUD]: [PUT] Put of JVM args failed
[21-59-48] [THREAD STARTED]: Splash Loading Label Updater
[21-59-49] [DEBUG]: Attempted to log a new or empty line
[21-59-49] [CLIENT]: mp3
[21-59-49] [THREAD STARTED]: Timeflies Tuesday - Burnin It Down Progress Label Thread
[21-59-49] [THREAD STARTED]: Audio Progress Label Animator
[21-59-49] [CONSOLE OUT]: [STRING]: Opening widget: AudioPlayer
[21-59-50] [THREAD STARTED]: [Timeflies tuesday - burnin it down] finalizeAndShow()
[21-59-50] [WIDGET]: AudioPlayer, trigger = mp3
[21-59-50] [DEBUG]: Attempted to log a new or empty line
[21-59-51] [SYSTEM IO]: [JSON WRITE] [Levenshtein = 6] User was written to file: 7d7ebb00-81fe-329f-8a78-62f463d0b7da
           \Userdata.json
[21-59-51] [SYSTEM IO]: Requested deletion of: C:\Users\Nathan\Documents\IntelliJava\Cyder\dynamic\backup\7d7ebb00-81fe-
           329f-8a78-62f463d0b7da_1655002579885.json
[21-59-53] [OBJECT CREATION]: Objects created since last delta (5000ms): 38
[22-00-00] [AUDIO]: [SYSTEM AUDIO] static/audio/chime.mp3
[22-00-00] [THREAD STARTED]: System Audio Player
