          _____                _____                    _____                    _____                    _____
         /\    \              |\    \                  /\    \                  /\    \                  /\    \
        /::\    \             |:\____\                /::\    \                /::\    \                /::\    \
       /::::\    \            |::|   |               /::::\    \              /::::\    \              /::::\    \
      /::::::\    \           |::|   |              /::::::\    \            /::::::\    \            /::::::\    \
     /:::/\:::\    \          |::|   |             /:::/\:::\    \          /:::/\:::\    \          /:::/\:::\    \
    /:::/  \:::\    \         |::|   |            /:::/  \:::\    \        /:::/__\:::\    \        /:::/__\:::\    \
   /:::/    \:::\    \        |::|   |           /:::/    \:::\    \      /::::\   \:::\    \      /::::\   \:::\    \
  /:::/    / \:::\    \       |::|___|______    /:::/    / \:::\    \    /::::::\   \:::\    \    /::::::\   \:::\    \
 /:::/    /   \:::\    \      /::::::::\    \  /:::/    /   \:::\ ___\  /:::/\:::\   \:::\    \  /:::/\:::\   \:::\____\
/:::/____/     \:::\____\    /::::::::::\____\/:::/____/     \:::|    |/:::/__\:::\   \:::\____\/:::/  \:::\   \:::|    |
\:::\    \      \::/    /   /:::/~~~~/~~      \:::\    \     /:::|____|\:::\   \:::\   \::/    /\::/   |::::\  /:::|____|
 \:::\    \      \/____/   /:::/    /          \:::\    \   /:::/    /  \:::\   \:::\   \/____/  \/____|:::::\/:::/    /
  \:::\    \              /:::/    /            \:::\    \ /:::/    /    \:::\   \:::\    \            |:::::::::/    /
   \:::\    \            /:::/    /              \:::\    /:::/    /      \:::\   \:::\____\           |::|\::::/    /
    \:::\    \           \::/    /                \:::\  /:::/    /        \:::\   \::/    /           |::| \::/____/
     \:::\    \           \/____/                  \:::\/:::/    /          \:::\   \/____/            |::|  ~|
      \:::\    \                                    \::::::/    /            \:::\    \                |::|   |
       \:::\____\                                    \::::/    /              \:::\____\               \::|   |
        \::/    /                                     \::/____/                \::/    /                \:|   |
         \/____/                                       ~~                       \/____/                  \|___|


[23-27-35] [ENTRY]: Nathan
[23-27-35] [PROP LOADED]: [key = map_quest_api_key]
[23-27-35] [PROP LOADED]: [key = youtube_api_3_key]
[23-27-35] [PROP LOADED]: [key = ip_key]
[23-27-35] [PROP LOADED]: [key = weather_key]
[23-27-35] [PROP LOADED]: [key = debug_hash_name]
[23-27-35] [PROP LOADED]: [key = debug_hash_password]
[23-27-35] [PROP LOADED]: [key = default_weather_location, value = Austin,Tx,USA]
[23-27-35] [PROP LOADED]: [key = ignore_data, value = typinganimation,showseconds,roundedwindows,windowcolor,audiolength
           ,capsmode,typingsound,showbusyicon]
[23-27-35] [PROP LOADED]: [key = font_metric, value = 1]
[23-27-35] [PROP LOADED]: [key = released, value = false]
[23-27-35] [PROP LOADED]: [key = fast_test, value = false]
[23-27-35] [PROP LOADED]: [key = version, value = Liminal]
[23-27-35] [PROP LOADED]: [key = release_date, value = 22.6.2]
[23-27-35] [PROP LOADED]: [key = components_relocatable, value = false]
[23-27-35] [PROP LOADED]: [key = testing_mode, value = true]
[23-27-35] [PROP LOADED]: [key = autocypher, value = true]
[23-27-35] [PROP LOADED]: [key = dispose_splash, value = true]
[23-27-35] [PROP LOADED]: [key = wipe_logs_on_start, value = true]
[23-27-35] [PROP LOADED]: [key = activate_watchdog, value = false]
[23-27-35] [PROP LOADED]: [key = ffmpeg_audio_output_format, value = mp3]
[23-27-35] [PROP LOADED]: [key = printing_animation_char_timeout, value = 8]
[23-27-35] [PROP LOADED]: [key = printing_animation_line_timeout, value = 100]
[23-27-35] [PROP LOADED]: [key = ui_scale, value = 0.25]
[23-27-35] [THREAD STARTED]: Object Creation Logger
[23-27-35] [DEBUG]: Watchdog skipped
[23-27-35] [THREAD STARTED]: Singular Cyder Instance Ensurer
[23-27-36] [FONT LOADED]: agency-fb
[23-27-36] [FONT LOADED]: arial-black
[23-27-36] [FONT LOADED]: beyno
[23-27-36] [FONT LOADED]: condiment-regular
[23-27-36] [FONT LOADED]: prompt-bold
[23-27-36] [FONT LOADED]: segoe-ui-black
[23-27-36] [FONT LOADED]: tahoma
[23-27-36] [THREAD STARTED]: Splash Loader
[23-27-36] [SYSTEM IO]: Requested deletion of: C:\Users\Nathan\Documents\IntelliJava\Cyder\dynamic\tmp
[23-27-36] [THREAD STARTED]: Splash Animation
[23-27-37] [UNIQUE OBJECT CREATED]: ConsoleFrame singleton constructed
[23-27-37] [THREAD STARTED]: Secondary Subroutines Runner
[23-27-37] [LOGIN]: AUTOCYPHER ATTEMPT
[23-27-37] [THREAD STARTED]: JVM Args Logger
[23-27-37] [DEBUG]: Cyder Entry = AutoCypher
[23-27-38] [OBJECT CREATION]: Objects created since last delta (5000ms): 75
[23-27-38] [THREAD STARTED]: Console Printing Animation
[23-27-38] [THREAD STARTED]: Hourly Chime Checker
[23-27-38] [THREAD STARTED]: Console Clock Updater
[23-27-38] [THREAD STARTED]: Cyder Busy Checker
[23-27-38] [THREAD STARTED]: ConsoleFrame Stat Saver
[23-27-38] [THREAD STARTED]: [Cyder Splash] dispose() animation thread
[23-27-38] [THREAD STARTED]: [Cyder Splash] dispose() animation thread
[23-27-38] [UI]: CyderFrame disposed with fastclose: true, Component = CyderFrame, hash = 1316900832, bounds = (980,
           396, 600, 600), parent frame = Component itself is a CyderFrame, getTitle() = Cyder Splash
[23-27-38] [THREAD STARTED]: High Ping Checker
[23-27-39] [CONSOLE OUT]: [STRING]: Console loaded in 4271ms
[23-27-39] [CONSOLE LOADED]: [Nathan] [TESTING MODE]
[23-27-39] [THREAD STARTED]: Manual Tests Thread
[23-27-39] [BACKEND CRUD]: [PUT] Put of JVM args failed
[23-27-39] [THREAD STARTED]: Splash Loading Label Updater
[23-27-39] [DEBUG]: Attempted to log a new or empty line
[23-27-41] [SYSTEM IO]: [JSON WRITE] [Levenshtein = 6] User was written to file: 7d7ebb00-81fe-329f-8a78-62f463d0b7da
           \Userdata.json
[23-27-41] [SYSTEM IO]: Requested deletion of: C:\Users\Nathan\Documents\IntelliJava\Cyder\dynamic\backup\7d7ebb00-81fe-
           329f-8a78-62f463d0b7da_1655008037144.json
[23-27-43] [OBJECT CREATION]: Objects created since last delta (5000ms): 42
[23-27-52] [CLIENT]: mp3
[23-27-52] [THREAD STARTED]: Timeflies - Glad You Came Progress Label Thread
[23-27-52] [THREAD STARTED]: Audio Progress Label Animator
[23-27-52] [CONSOLE OUT]: [STRING]: Opening widget: AudioPlayer
[23-27-52] [THREAD STARTED]: [Timeflies - glad you came] finalizeAndShow()
[23-27-52] [WIDGET]: AudioPlayer, trigger = mp3
[23-27-52] [DEBUG]: Attempted to log a new or empty line
[23-27-53] [OBJECT CREATION]: Objects created since last delta (5000ms): 18
[23-27-54] [THREAD STARTED]: AudioPlayer Play Audio Thread [Timeflies - Glad You Came]
[23-27-59] [THREAD STARTED]: AudioPlayer Play Audio Thread [Timeflies - Glad You Came]
[23-28-01] [THREAD STARTED]: Timeflies - glad you came Opacity Decrement Animator
[23-28-01] [THREAD STARTED]: Timeflies - glad you came Opacity Increment Animator
[23-28-02] [THREAD STARTED]: Liminal Cyder [Nathan] Opacity Decrement Animator
[23-28-02] [THREAD STARTED]: Liminal Cyder [Nathan] Opacity Increment Animator
[23-28-02] [SYSTEM IO]: [JSON WRITE] [Levenshtein = 6] User was written to file: 7d7ebb00-81fe-329f-8a78-62f463d0b7da
           \Userdata.json
[23-28-02] [SYSTEM IO]: Requested deletion of: C:\Users\Nathan\Documents\IntelliJava\Cyder\dynamic\backup\7d7ebb00-81fe-
           329f-8a78-62f463d0b7da_1655008061781.json
[23-28-03] [OBJECT CREATION]: Objects created since last delta (5000ms): 3
[23-28-05] [CLIENT]: audiolength
[23-28-05] [SYSTEM IO]: [JSON WRITE] [Levenshtein = 1] User was written to file: 7d7ebb00-81fe-329f-8a78-62f463d0b7da
           \Userdata.json
[23-28-05] [SYSTEM IO]: Requested deletion of: C:\Users\Nathan\Documents\IntelliJava\Cyder\dynamic\backup\7d7ebb00-81fe-
           329f-8a78-62f463d0b7da_1655008082597.json
[23-28-05] [PREFERENCE REFRESH]: key = audiolength
[23-28-05] [CONSOLE OUT]: [STRING]: Show Audio Total Length set to false
[23-28-05] [DEBUG]: Attempted to log a new or empty line
[23-28-08] [OBJECT CREATION]: Objects created since last delta (5000ms): 3
[23-28-12] [CLIENT]: audiolength
[23-28-12] [SYSTEM IO]: [JSON WRITE] [Levenshtein = 1] User was written to file: 7d7ebb00-81fe-329f-8a78-62f463d0b7da
           \Userdata.json
[23-28-12] [SYSTEM IO]: Requested deletion of: C:\Users\Nathan\Documents\IntelliJava\Cyder\dynamic\backup\7d7ebb00-81fe-
           329f-8a78-62f463d0b7da_1655008085417.json
[23-28-12] [PREFERENCE REFRESH]: key = audiolength
[23-28-12] [CONSOLE OUT]: [STRING]: Show Audio Total Length set to true
[23-28-12] [DEBUG]: Attempted to log a new or empty line
[23-28-13] [OBJECT CREATION]: Objects created since last delta (5000ms): 3
[23-28-14] [THREAD STARTED]: [Liminal Cyder [Nathan]] dispose() animation thread
[23-28-14] [UI]: CyderFrame disposed with fastclose: false, Component = ConsoleFrame (inner), hash = 170052458, bounds =
           (1365, 465, 640, 676), parent frame = Component itself is a CyderFrame, getTitle() = Liminal Cyder [Nathan]
[23-28-14] [EXIT]: [RUNTIME] 39s
[23-28-14] [EOL]: Log completed, exiting Cyder with exit code: 0 [Genesis Controlled Exit], exceptions thrown: no
           exceptions thrown
