          _____                _____                    _____                    _____                    _____
         /\    \              |\    \                  /\    \                  /\    \                  /\    \
        /::\    \             |:\____\                /::\    \                /::\    \                /::\    \
       /::::\    \            |::|   |               /::::\    \              /::::\    \              /::::\    \
      /::::::\    \           |::|   |              /::::::\    \            /::::::\    \            /::::::\    \
     /:::/\:::\    \          |::|   |             /:::/\:::\    \          /:::/\:::\    \          /:::/\:::\    \
    /:::/  \:::\    \         |::|   |            /:::/  \:::\    \        /:::/__\:::\    \        /:::/__\:::\    \
   /:::/    \:::\    \        |::|   |           /:::/    \:::\    \      /::::\   \:::\    \      /::::\   \:::\    \
  /:::/    / \:::\    \       |::|___|______    /:::/    / \:::\    \    /::::::\   \:::\    \    /::::::\   \:::\    \
 /:::/    /   \:::\    \      /::::::::\    \  /:::/    /   \:::\ ___\  /:::/\:::\   \:::\    \  /:::/\:::\   \:::\____\
/:::/____/     \:::\____\    /::::::::::\____\/:::/____/     \:::|    |/:::/__\:::\   \:::\____\/:::/  \:::\   \:::|    |
\:::\    \      \::/    /   /:::/~~~~/~~      \:::\    \     /:::|____|\:::\   \:::\   \::/    /\::/   |::::\  /:::|____|
 \:::\    \      \/____/   /:::/    /          \:::\    \   /:::/    /  \:::\   \:::\   \/____/  \/____|:::::\/:::/    /
  \:::\    \              /:::/    /            \:::\    \ /:::/    /    \:::\   \:::\    \            |:::::::::/    /
   \:::\    \            /:::/    /              \:::\    /:::/    /      \:::\   \:::\____\           |::|\::::/    /
    \:::\    \           \::/    /                \:::\  /:::/    /        \:::\   \::/    /           |::| \::/____/
     \:::\    \           \/____/                  \:::\/:::/    /          \:::\   \/____/            |::|  ~|
      \:::\    \                                    \::::::/    /            \:::\    \                |::|   |
       \:::\____\                                    \::::/    /              \:::\____\               \::|   |
        \::/    /                                     \::/____/                \::/    /                \:|   |
         \/____/                                       ~~                       \/____/                  \|___|


[19-40-05] [ENTRY]: Nathan
[19-40-05] [PROP LOADED]: [key = map_quest_api_key]
[19-40-05] [PROP LOADED]: [key = youtube_api_3_key]
[19-40-05] [PROP LOADED]: [key = ip_key]
[19-40-05] [PROP LOADED]: [key = weather_key]
[19-40-05] [PROP LOADED]: [key = debug_hash_name]
[19-40-05] [PROP LOADED]: [key = debug_hash_password]
[19-40-05] [PROP LOADED]: [key = default_weather_location, value = Austin,Tx,USA]
[19-40-05] [PROP LOADED]: [key = ignore_data, value = typinganimation,showseconds,roundedwindows,windowcolor,audiolength
           ,capsmode,typingsound,showbusyicon]
[19-40-05] [PROP LOADED]: [key = font_metric, value = 1]
[19-40-05] [PROP LOADED]: [key = released, value = false]
[19-40-05] [PROP LOADED]: [key = fast_test, value = false]
[19-40-05] [PROP LOADED]: [key = version, value = Liminal]
[19-40-05] [PROP LOADED]: [key = release_date, value = 22.6.2]
[19-40-05] [PROP LOADED]: [key = components_relocatable, value = false]
[19-40-05] [PROP LOADED]: [key = testing_mode, value = true]
[19-40-05] [PROP LOADED]: [key = autocypher, value = true]
[19-40-05] [PROP LOADED]: [key = dispose_splash, value = true]
[19-40-05] [PROP LOADED]: [key = wipe_logs_on_start, value = true]
[19-40-05] [PROP LOADED]: [key = activate_watchdog, value = false]
[19-40-05] [PROP LOADED]: [key = ffmpeg_audio_output_format, value = mp3]
[19-40-05] [PROP LOADED]: [key = printing_animation_char_timeout, value = 8]
[19-40-05] [PROP LOADED]: [key = printing_animation_line_timeout, value = 100]
[19-40-05] [PROP LOADED]: [key = ui_scale, value = 0.25]
[19-40-05] [THREAD STARTED]: Object Creation Logger
[19-40-06] [DEBUG]: Watchdog skipped
[19-40-06] [THREAD STARTED]: Singular Cyder Instance Ensurer
[19-40-06] [FONT LOADED]: agency-fb
[19-40-06] [FONT LOADED]: arial-black
[19-40-06] [FONT LOADED]: beyno
[19-40-06] [FONT LOADED]: condiment-regular
[19-40-06] [FONT LOADED]: prompt-bold
[19-40-06] [FONT LOADED]: segoe-ui-black
[19-40-06] [FONT LOADED]: tahoma
[19-40-06] [THREAD STARTED]: Splash Loader
[19-40-06] [SYSTEM IO]: Requested deletion of: C:\Users\Nathan\Documents\IntelliJava\Cyder\dynamic\tmp
[19-40-07] [THREAD STARTED]: Splash Animation
[19-40-07] [UNIQUE OBJECT CREATED]: ConsoleFrame singleton constructed
[19-40-07] [THREAD STARTED]: Secondary Subroutines Runner
[19-40-07] [LOGIN]: AUTOCYPHER ATTEMPT
[19-40-07] [THREAD STARTED]: JVM Args Logger
[19-40-08] [DEBUG]: Cyder Entry = AutoCypher
[19-40-08] [THREAD STARTED]: Console Printing Animation
[19-40-08] [THREAD STARTED]: Hourly Chime Checker
[19-40-08] [THREAD STARTED]: Console Clock Updater
[19-40-08] [THREAD STARTED]: Cyder Busy Checker
[19-40-08] [THREAD STARTED]: ConsoleFrame Stat Saver
[19-40-08] [THREAD STARTED]: [Cyder Splash] dispose() animation thread
[19-40-08] [THREAD STARTED]: [Cyder Splash] dispose() animation thread
[19-40-08] [UI]: CyderFrame disposed with fastclose: true, Component = CyderFrame, hash = 1994415286, bounds = (980,
           396, 600, 600), parent frame = Component itself is a CyderFrame, getTitle() = Cyder Splash
[19-40-08] [THREAD STARTED]: High Ping Checker
[19-40-08] [OBJECT CREATION]: Objects created since last delta (5000ms): 113
[19-40-09] [CONSOLE LOADED]: [Nathan] [TESTING MODE]
[19-40-09] [THREAD STARTED]: Manual Tests Thread
[19-40-09] [CONSOLE OUT]: [STRING]: Console loaded in 3341ms
[19-40-09] [BACKEND CRUD]: [PUT] Put of JVM args failed
[19-40-09] [DEBUG]: Attempted to log a new or empty line
[19-40-09] [THREAD STARTED]: Splash Loading Label Updater
[19-40-10] [CLIENT]: mp3
[19-40-10] [THREAD STARTED]: Timeflies Tuesday - Burnin It Down Progress Label Thread
[19-40-10] [THREAD STARTED]: Audio Progress Label Animator
[19-40-10] [CONSOLE OUT]: [STRING]: Opening widget: AudioPlayer
[19-40-10] [THREAD STARTED]: [Timeflies tuesday - burnin it down] finalizeAndShow()
[19-40-10] [WIDGET]: AudioPlayer, trigger = mp3
[19-40-10] [DEBUG]: Attempted to log a new or empty line
[19-40-11] [SYSTEM IO]: [JSON WRITE] [Levenshtein = 5] User was written to file: 7d7ebb00-81fe-329f-8a78-62f463d0b7da
           \Userdata.json
[19-40-11] [SYSTEM IO]: Requested deletion of: C:\Users\Nathan\Documents\IntelliJava\Cyder\dynamic\backup\7d7ebb00-81fe-
           329f-8a78-62f463d0b7da_1655080763574.json
[19-40-12] [THREAD STARTED]: AudioPlayer Play Audio Thread [Timeflies Tuesday - Burnin It Down]
[19-40-13] [OBJECT CREATION]: Objects created since last delta (5000ms): 22
[19-40-15] [THREAD STARTED]: AudioPlayer Play Audio Thread [Timeflies Tuesday - Burnin It Down]
[19-40-15] [THREAD STARTED]: Timeflies Tuesday - Burnin It Down_Dreamy Progress Label Thread
[19-40-15] [THREAD STARTED]: AudioPlayer Play Audio Thread [Timeflies Tuesday - Burnin It Down_Dreamy]
[19-40-18] [OBJECT CREATION]: Objects created since last delta (5000ms): 3
[19-40-19] [THREAD STARTED]: Timeflies - Glad You Came Progress Label Thread
[19-40-19] [THREAD STARTED]: AudioPlayer Play Audio Thread [Timeflies - Glad You Came]
[19-40-22] [THREAD STARTED]: AudioPlayer Play Audio Thread [Timeflies - Glad You Came]
[19-40-23] [OBJECT CREATION]: Objects created since last delta (5000ms): 3
[19-40-24] [THREAD STARTED]: AudioPlayer Play Audio Thread [Timeflies - Glad You Came]
[19-40-25] [THREAD STARTED]: AudioPlayer Play Audio Thread [Timeflies - Glad You Came]
[19-40-29] [THREAD STARTED]: AudioPlayer Play Audio Thread [Timeflies - Glad You Came]
[19-40-30] [THREAD STARTED]: AudioPlayer Play Audio Thread [Timeflies - Glad You Came]
[19-40-31] [THREAD STARTED]: AudioPlayer Play Audio Thread [Timeflies - Glad You Came]
[19-40-33] [THREAD STARTED]: AudioPlayer Play Audio Thread [Timeflies - Glad You Came]
[19-40-35] [THREAD STARTED]: AudioPlayer Play Audio Thread [Timeflies - Glad You Came]
[19-40-36] [THREAD STARTED]: AudioPlayer Play Audio Thread [Timeflies - Glad You Came]
[19-40-36] [THREAD STARTED]: AudioPlayer Play Audio Thread [Timeflies - Glad You Came]
[19-40-37] [THREAD STARTED]: AudioPlayer Play Audio Thread [Timeflies - Glad You Came]
[19-40-38] [THREAD STARTED]: AudioPlayer Play Audio Thread [Timeflies - Glad You Came]
[19-40-38] [THREAD STARTED]: AudioPlayer Play Audio Thread [Timeflies - Glad You Came]
[19-40-39] [THREAD STARTED]: AudioPlayer Play Audio Thread [Timeflies - Glad You Came]
[19-40-40] [THREAD STARTED]: AudioPlayer Play Audio Thread [Timeflies - Glad You Came]
[19-40-41] [THREAD STARTED]: AudioPlayer Play Audio Thread [Timeflies - Glad You Came]
[19-40-41] [THREAD STARTED]: AudioPlayer Play Audio Thread [Timeflies - Glad You Came]
[19-40-42] [THREAD STARTED]: AudioPlayer Play Audio Thread [Timeflies - Glad You Came]
[19-40-43] [THREAD STARTED]: AudioPlayer Play Audio Thread [Timeflies - Glad You Came]
[19-40-44] [THREAD STARTED]: AudioPlayer Play Audio Thread [Timeflies - Glad You Came]
[19-40-44] [THREAD STARTED]: AudioPlayer Play Audio Thread [Timeflies - Glad You Came]
[19-40-46] [THREAD STARTED]: AudioPlayer Play Audio Thread [Timeflies - Glad You Came]
[19-40-48] [THREAD STARTED]: AudioPlayer Play Audio Thread [Timeflies - Glad You Came]
[19-40-50] [THREAD STARTED]: [Liminal Cyder [Nathan]] dispose() animation thread
[19-40-50] [UI]: CyderFrame disposed with fastclose: false, Component = ConsoleFrame (inner), hash = 1686934746, bounds
           = (1545, 252, 640, 676), parent frame = Component itself is a CyderFrame, getTitle() = Liminal Cyder [Nathan]
[19-40-50] [EXIT]: [RUNTIME] 44s
[19-40-50] [EOL]: Log completed, exiting Cyder with exit code: 0 [Genesis Controlled Exit], exceptions thrown: no
           exceptions thrown
